2023-02-20 00:25:27 INFO:	***** Start a BUSCO v5.3.2 analysis, current time: 02/20/2023 00:25:27 *****
2023-02-20 00:25:27 INFO:	Configuring BUSCO with local environment
2023-02-20 00:25:27 INFO:	Mode is genome
2023-02-20 00:25:27 INFO:	'Force' option selected; overwriting previous results directory
2023-02-20 00:25:27 INFO:	Downloading information on latest versions of BUSCO data...
2023-02-20 00:25:28 INFO:	Input file is /data2/PEG/hoaxaca/REAA/Pseudomonas/out/spades/trim_130clip.spades_def/contigs.fasta
2023-02-20 00:25:28 INFO:	Running BUSCO using lineage dataset pseudomonadales_odb10 (prokaryota, 2020-03-06)
2023-02-20 00:25:28 INFO:	***** Run Prodigal on input to predict and extract genes *****
2023-02-20 00:25:28 INFO:	Running Prodigal with genetic code 11 in single mode
2023-02-20 00:25:28 INFO:	Running 1 job(s) on prodigal, starting at 02/20/2023 00:25:28
2023-02-20 00:25:46 INFO:	[prodigal]	1 of 1 task(s) completed
2023-02-20 00:25:47 INFO:	Genetic code 11 selected as optimal
2023-02-20 00:25:47 INFO:	***** Run HMMER on gene sequences *****
2023-02-20 00:25:47 INFO:	Running 782 job(s) on hmmsearch, starting at 02/20/2023 00:25:47
2023-02-20 00:25:56 INFO:	[hmmsearch]	79 of 782 task(s) completed
2023-02-20 00:26:05 INFO:	[hmmsearch]	157 of 782 task(s) completed
2023-02-20 00:26:13 INFO:	[hmmsearch]	235 of 782 task(s) completed
2023-02-20 00:26:21 INFO:	[hmmsearch]	313 of 782 task(s) completed
2023-02-20 00:26:28 INFO:	[hmmsearch]	392 of 782 task(s) completed
2023-02-20 00:26:35 INFO:	[hmmsearch]	470 of 782 task(s) completed
2023-02-20 00:26:41 INFO:	[hmmsearch]	548 of 782 task(s) completed
2023-02-20 00:26:46 INFO:	[hmmsearch]	626 of 782 task(s) completed
2023-02-20 00:26:51 INFO:	[hmmsearch]	704 of 782 task(s) completed
2023-02-20 00:26:58 INFO:	[hmmsearch]	782 of 782 task(s) completed
2023-02-20 00:26:58 INFO:	Results:	C:99.6%[S:99.6%,D:0.0%],F:0.3%,M:0.1%,n:782	   

2023-02-20 00:27:00 INFO:	

	--------------------------------------------------
	|Results from dataset pseudomonadales_odb10       |
	--------------------------------------------------
	|C:99.6%[S:99.6%,D:0.0%],F:0.3%,M:0.1%,n:782      |
	|779	Complete BUSCOs (C)                       |
	|779	Complete and single-copy BUSCOs (S)       |
	|0	Complete and duplicated BUSCOs (D)        |
	|2	Fragmented BUSCOs (F)                     |
	|1	Missing BUSCOs (M)                        |
	|782	Total BUSCO groups searched               |
	--------------------------------------------------
2023-02-20 00:27:00 INFO:	BUSCO analysis done. Total running time: 92 seconds
2023-02-20 00:27:00 INFO:	Results written in /data2/PEG/hoaxaca/REAA/Pseudomonas/bin/../out/busco/trim_130clip.spades_def
2023-02-20 00:27:00 INFO:	For assistance with interpreting the results, please consult the userguide: https://busco.ezlab.org/busco_userguide.html

2023-02-20 00:27:00 INFO:	Visit this page https://gitlab.com/ezlab/busco#how-to-cite-busco to see how to cite BUSCO
2023-02-20 00:27:00 INFO:	***** Start a BUSCO v5.3.2 analysis, current time: 02/20/2023 00:27:00 *****
2023-02-20 00:27:00 INFO:	Configuring BUSCO with local environment
2023-02-20 00:27:00 INFO:	Mode is genome
2023-02-20 00:27:00 INFO:	'Force' option selected; overwriting previous results directory
2023-02-20 00:27:00 INFO:	Downloading information on latest versions of BUSCO data...
2023-02-20 00:27:01 INFO:	Input file is /data2/PEG/hoaxaca/REAA/Pseudomonas/out/spades/trim_130clip.spades_kmer/contigs.fasta
2023-02-20 00:27:02 INFO:	Running BUSCO using lineage dataset pseudomonadales_odb10 (prokaryota, 2020-03-06)
2023-02-20 00:27:02 INFO:	***** Run Prodigal on input to predict and extract genes *****
2023-02-20 00:27:02 INFO:	Running Prodigal with genetic code 11 in single mode
2023-02-20 00:27:02 INFO:	Running 1 job(s) on prodigal, starting at 02/20/2023 00:27:02
2023-02-20 00:27:14 INFO:	[prodigal]	1 of 1 task(s) completed
2023-02-20 00:27:14 INFO:	Genetic code 11 selected as optimal
2023-02-20 00:27:14 INFO:	***** Run HMMER on gene sequences *****
2023-02-20 00:27:14 INFO:	Running 782 job(s) on hmmsearch, starting at 02/20/2023 00:27:14
2023-02-20 00:27:24 INFO:	[hmmsearch]	79 of 782 task(s) completed
2023-02-20 00:27:32 INFO:	[hmmsearch]	157 of 782 task(s) completed
2023-02-20 00:27:41 INFO:	[hmmsearch]	235 of 782 task(s) completed
2023-02-20 00:27:48 INFO:	[hmmsearch]	313 of 782 task(s) completed
2023-02-20 00:27:55 INFO:	[hmmsearch]	392 of 782 task(s) completed
2023-02-20 00:28:02 INFO:	[hmmsearch]	470 of 782 task(s) completed
2023-02-20 00:28:07 INFO:	[hmmsearch]	548 of 782 task(s) completed
2023-02-20 00:28:12 INFO:	[hmmsearch]	626 of 782 task(s) completed
2023-02-20 00:28:18 INFO:	[hmmsearch]	704 of 782 task(s) completed
2023-02-20 00:28:24 INFO:	[hmmsearch]	782 of 782 task(s) completed
2023-02-20 00:28:24 INFO:	Results:	C:98.7%[S:98.7%,D:0.0%],F:1.2%,M:0.1%,n:782	   

2023-02-20 00:28:26 INFO:	

	--------------------------------------------------
	|Results from dataset pseudomonadales_odb10       |
	--------------------------------------------------
	|C:98.7%[S:98.7%,D:0.0%],F:1.2%,M:0.1%,n:782      |
	|772	Complete BUSCOs (C)                       |
	|772	Complete and single-copy BUSCOs (S)       |
	|0	Complete and duplicated BUSCOs (D)        |
	|9	Fragmented BUSCOs (F)                     |
	|1	Missing BUSCOs (M)                        |
	|782	Total BUSCO groups searched               |
	--------------------------------------------------
2023-02-20 00:28:26 INFO:	BUSCO analysis done. Total running time: 84 seconds
2023-02-20 00:28:26 INFO:	Results written in /data2/PEG/hoaxaca/REAA/Pseudomonas/bin/../out/busco/trim_130clip.spades_kmer
2023-02-20 00:28:26 INFO:	For assistance with interpreting the results, please consult the userguide: https://busco.ezlab.org/busco_userguide.html

2023-02-20 00:28:26 INFO:	Visit this page https://gitlab.com/ezlab/busco#how-to-cite-busco to see how to cite BUSCO
2023-02-20 00:28:27 INFO:	***** Start a BUSCO v5.3.2 analysis, current time: 02/20/2023 00:28:27 *****
2023-02-20 00:28:27 INFO:	Configuring BUSCO with local environment
2023-02-20 00:28:27 INFO:	Mode is genome
2023-02-20 00:28:27 INFO:	'Force' option selected; overwriting previous results directory
2023-02-20 00:28:27 INFO:	Downloading information on latest versions of BUSCO data...
2023-02-20 00:28:28 INFO:	Input file is /data2/PEG/hoaxaca/REAA/Pseudomonas/out/spades/trim_130.spades_def/contigs.fasta
2023-02-20 00:28:28 INFO:	Running BUSCO using lineage dataset pseudomonadales_odb10 (prokaryota, 2020-03-06)
2023-02-20 00:28:28 INFO:	***** Run Prodigal on input to predict and extract genes *****
2023-02-20 00:28:28 INFO:	Running Prodigal with genetic code 11 in single mode
2023-02-20 00:28:28 INFO:	Running 1 job(s) on prodigal, starting at 02/20/2023 00:28:28
2023-02-20 00:28:43 INFO:	[prodigal]	1 of 1 task(s) completed
2023-02-20 00:28:44 INFO:	Genetic code 11 selected as optimal
2023-02-20 00:28:44 INFO:	***** Run HMMER on gene sequences *****
2023-02-20 00:28:44 INFO:	Running 782 job(s) on hmmsearch, starting at 02/20/2023 00:28:44
2023-02-20 00:28:53 INFO:	[hmmsearch]	79 of 782 task(s) completed
2023-02-20 00:29:02 INFO:	[hmmsearch]	157 of 782 task(s) completed
2023-02-20 00:29:11 INFO:	[hmmsearch]	235 of 782 task(s) completed
2023-02-20 00:29:18 INFO:	[hmmsearch]	313 of 782 task(s) completed
2023-02-20 00:29:25 INFO:	[hmmsearch]	392 of 782 task(s) completed
2023-02-20 00:29:31 INFO:	[hmmsearch]	470 of 782 task(s) completed
2023-02-20 00:29:37 INFO:	[hmmsearch]	548 of 782 task(s) completed
2023-02-20 00:29:42 INFO:	[hmmsearch]	626 of 782 task(s) completed
2023-02-20 00:29:48 INFO:	[hmmsearch]	704 of 782 task(s) completed
2023-02-20 00:29:54 INFO:	[hmmsearch]	782 of 782 task(s) completed
2023-02-20 00:29:55 INFO:	Results:	C:99.9%[S:99.9%,D:0.0%],F:0.1%,M:0.0%,n:782	   

2023-02-20 00:29:56 INFO:	

	--------------------------------------------------
	|Results from dataset pseudomonadales_odb10       |
	--------------------------------------------------
	|C:99.9%[S:99.9%,D:0.0%],F:0.1%,M:0.0%,n:782      |
	|781	Complete BUSCOs (C)                       |
	|781	Complete and single-copy BUSCOs (S)       |
	|0	Complete and duplicated BUSCOs (D)        |
	|1	Fragmented BUSCOs (F)                     |
	|0	Missing BUSCOs (M)                        |
	|782	Total BUSCO groups searched               |
	--------------------------------------------------
2023-02-20 00:29:56 INFO:	BUSCO analysis done. Total running time: 88 seconds
2023-02-20 00:29:56 INFO:	Results written in /data2/PEG/hoaxaca/REAA/Pseudomonas/bin/../out/busco/trim_130.spades_def
2023-02-20 00:29:56 INFO:	For assistance with interpreting the results, please consult the userguide: https://busco.ezlab.org/busco_userguide.html

2023-02-20 00:29:56 INFO:	Visit this page https://gitlab.com/ezlab/busco#how-to-cite-busco to see how to cite BUSCO
2023-02-20 00:29:57 INFO:	***** Start a BUSCO v5.3.2 analysis, current time: 02/20/2023 00:29:57 *****
2023-02-20 00:29:57 INFO:	Configuring BUSCO with local environment
2023-02-20 00:29:57 INFO:	Mode is genome
2023-02-20 00:29:57 INFO:	'Force' option selected; overwriting previous results directory
2023-02-20 00:29:57 INFO:	Downloading information on latest versions of BUSCO data...
2023-02-20 00:29:58 INFO:	Input file is /data2/PEG/hoaxaca/REAA/Pseudomonas/out/spades/trim_130.spades_kmer/contigs.fasta
2023-02-20 00:29:58 INFO:	Running BUSCO using lineage dataset pseudomonadales_odb10 (prokaryota, 2020-03-06)
2023-02-20 00:29:58 INFO:	***** Run Prodigal on input to predict and extract genes *****
2023-02-20 00:29:58 INFO:	Running Prodigal with genetic code 11 in single mode
2023-02-20 00:29:58 INFO:	Running 1 job(s) on prodigal, starting at 02/20/2023 00:29:58
2023-02-20 00:30:11 INFO:	[prodigal]	1 of 1 task(s) completed
2023-02-20 00:30:12 INFO:	Genetic code 11 selected as optimal
2023-02-20 00:30:12 INFO:	***** Run HMMER on gene sequences *****
2023-02-20 00:30:12 INFO:	Running 782 job(s) on hmmsearch, starting at 02/20/2023 00:30:12
2023-02-20 00:30:21 INFO:	[hmmsearch]	79 of 782 task(s) completed
2023-02-20 00:30:30 INFO:	[hmmsearch]	157 of 782 task(s) completed
2023-02-20 00:30:38 INFO:	[hmmsearch]	235 of 782 task(s) completed
2023-02-20 00:30:45 INFO:	[hmmsearch]	313 of 782 task(s) completed
2023-02-20 00:30:52 INFO:	[hmmsearch]	392 of 782 task(s) completed
2023-02-20 00:30:59 INFO:	[hmmsearch]	470 of 782 task(s) completed
2023-02-20 00:31:04 INFO:	[hmmsearch]	548 of 782 task(s) completed
2023-02-20 00:31:09 INFO:	[hmmsearch]	626 of 782 task(s) completed
2023-02-20 00:31:15 INFO:	[hmmsearch]	704 of 782 task(s) completed
2023-02-20 00:31:21 INFO:	[hmmsearch]	782 of 782 task(s) completed
2023-02-20 00:31:22 INFO:	Results:	C:99.6%[S:99.6%,D:0.0%],F:0.3%,M:0.1%,n:782	   

2023-02-20 00:31:23 INFO:	

	--------------------------------------------------
	|Results from dataset pseudomonadales_odb10       |
	--------------------------------------------------
	|C:99.6%[S:99.6%,D:0.0%],F:0.3%,M:0.1%,n:782      |
	|779	Complete BUSCOs (C)                       |
	|779	Complete and single-copy BUSCOs (S)       |
	|0	Complete and duplicated BUSCOs (D)        |
	|2	Fragmented BUSCOs (F)                     |
	|1	Missing BUSCOs (M)                        |
	|782	Total BUSCO groups searched               |
	--------------------------------------------------
2023-02-20 00:31:23 INFO:	BUSCO analysis done. Total running time: 85 seconds
2023-02-20 00:31:23 INFO:	Results written in /data2/PEG/hoaxaca/REAA/Pseudomonas/bin/../out/busco/trim_130.spades_kmer
2023-02-20 00:31:23 INFO:	For assistance with interpreting the results, please consult the userguide: https://busco.ezlab.org/busco_userguide.html

2023-02-20 00:31:23 INFO:	Visit this page https://gitlab.com/ezlab/busco#how-to-cite-busco to see how to cite BUSCO
2023-02-20 00:31:24 INFO:	***** Start a BUSCO v5.3.2 analysis, current time: 02/20/2023 00:31:24 *****
2023-02-20 00:31:24 INFO:	Configuring BUSCO with local environment
2023-02-20 00:31:24 INFO:	Mode is genome
2023-02-20 00:31:24 INFO:	'Force' option selected; overwriting previous results directory
2023-02-20 00:31:24 INFO:	Downloading information on latest versions of BUSCO data...
2023-02-20 00:31:25 INFO:	Input file is /data2/PEG/hoaxaca/REAA/Pseudomonas/out/spades/trim_75clip.spades_def/contigs.fasta
2023-02-20 00:31:25 INFO:	Running BUSCO using lineage dataset pseudomonadales_odb10 (prokaryota, 2020-03-06)
2023-02-20 00:31:25 INFO:	***** Run Prodigal on input to predict and extract genes *****
2023-02-20 00:31:25 INFO:	Running Prodigal with genetic code 11 in single mode
2023-02-20 00:31:25 INFO:	Running 1 job(s) on prodigal, starting at 02/20/2023 00:31:25
2023-02-20 00:31:43 INFO:	[prodigal]	1 of 1 task(s) completed
2023-02-20 00:31:43 INFO:	Genetic code 11 selected as optimal
2023-02-20 00:31:43 INFO:	***** Run HMMER on gene sequences *****
2023-02-20 00:31:43 INFO:	Running 782 job(s) on hmmsearch, starting at 02/20/2023 00:31:43
2023-02-20 00:31:53 INFO:	[hmmsearch]	79 of 782 task(s) completed
2023-02-20 00:32:02 INFO:	[hmmsearch]	157 of 782 task(s) completed
2023-02-20 00:32:10 INFO:	[hmmsearch]	235 of 782 task(s) completed
2023-02-20 00:32:18 INFO:	[hmmsearch]	313 of 782 task(s) completed
2023-02-20 00:32:25 INFO:	[hmmsearch]	392 of 782 task(s) completed
2023-02-20 00:32:31 INFO:	[hmmsearch]	470 of 782 task(s) completed
2023-02-20 00:32:37 INFO:	[hmmsearch]	548 of 782 task(s) completed
2023-02-20 00:32:42 INFO:	[hmmsearch]	626 of 782 task(s) completed
2023-02-20 00:32:47 INFO:	[hmmsearch]	704 of 782 task(s) completed
2023-02-20 00:32:54 INFO:	[hmmsearch]	782 of 782 task(s) completed
2023-02-20 00:32:54 INFO:	Results:	C:99.7%[S:99.7%,D:0.0%],F:0.3%,M:0.0%,n:782	   

2023-02-20 00:32:56 INFO:	

	--------------------------------------------------
	|Results from dataset pseudomonadales_odb10       |
	--------------------------------------------------
	|C:99.7%[S:99.7%,D:0.0%],F:0.3%,M:0.0%,n:782      |
	|780	Complete BUSCOs (C)                       |
	|780	Complete and single-copy BUSCOs (S)       |
	|0	Complete and duplicated BUSCOs (D)        |
	|2	Fragmented BUSCOs (F)                     |
	|0	Missing BUSCOs (M)                        |
	|782	Total BUSCO groups searched               |
	--------------------------------------------------
2023-02-20 00:32:56 INFO:	BUSCO analysis done. Total running time: 91 seconds
2023-02-20 00:32:56 INFO:	Results written in /data2/PEG/hoaxaca/REAA/Pseudomonas/bin/../out/busco/trim_75clip.spades_def
2023-02-20 00:32:56 INFO:	For assistance with interpreting the results, please consult the userguide: https://busco.ezlab.org/busco_userguide.html

2023-02-20 00:32:56 INFO:	Visit this page https://gitlab.com/ezlab/busco#how-to-cite-busco to see how to cite BUSCO
2023-02-20 00:32:57 INFO:	***** Start a BUSCO v5.3.2 analysis, current time: 02/20/2023 00:32:57 *****
2023-02-20 00:32:57 INFO:	Configuring BUSCO with local environment
2023-02-20 00:32:57 INFO:	Mode is genome
2023-02-20 00:32:57 INFO:	'Force' option selected; overwriting previous results directory
2023-02-20 00:32:57 INFO:	Downloading information on latest versions of BUSCO data...
2023-02-20 00:32:58 INFO:	Input file is /data2/PEG/hoaxaca/REAA/Pseudomonas/out/spades/trim_75clip.spades_kmer/contigs.fasta
2023-02-20 00:32:58 INFO:	Running BUSCO using lineage dataset pseudomonadales_odb10 (prokaryota, 2020-03-06)
2023-02-20 00:32:58 INFO:	***** Run Prodigal on input to predict and extract genes *****
2023-02-20 00:32:58 INFO:	Running Prodigal with genetic code 11 in single mode
2023-02-20 00:32:58 INFO:	Running 1 job(s) on prodigal, starting at 02/20/2023 00:32:58
2023-02-20 00:33:11 INFO:	[prodigal]	1 of 1 task(s) completed
2023-02-20 00:33:11 INFO:	Genetic code 11 selected as optimal
2023-02-20 00:33:11 INFO:	***** Run HMMER on gene sequences *****
2023-02-20 00:33:11 INFO:	Running 782 job(s) on hmmsearch, starting at 02/20/2023 00:33:11
2023-02-20 00:33:20 INFO:	[hmmsearch]	79 of 782 task(s) completed
2023-02-20 00:33:29 INFO:	[hmmsearch]	157 of 782 task(s) completed
2023-02-20 00:33:37 INFO:	[hmmsearch]	235 of 782 task(s) completed
2023-02-20 00:33:45 INFO:	[hmmsearch]	313 of 782 task(s) completed
2023-02-20 00:33:52 INFO:	[hmmsearch]	392 of 782 task(s) completed
2023-02-20 00:33:58 INFO:	[hmmsearch]	470 of 782 task(s) completed
2023-02-20 00:34:04 INFO:	[hmmsearch]	548 of 782 task(s) completed
2023-02-20 00:34:09 INFO:	[hmmsearch]	626 of 782 task(s) completed
2023-02-20 00:34:15 INFO:	[hmmsearch]	704 of 782 task(s) completed
2023-02-20 00:34:21 INFO:	[hmmsearch]	782 of 782 task(s) completed
2023-02-20 00:34:21 INFO:	Results:	C:99.7%[S:99.7%,D:0.0%],F:0.3%,M:0.0%,n:782	   

2023-02-20 00:34:23 INFO:	

	--------------------------------------------------
	|Results from dataset pseudomonadales_odb10       |
	--------------------------------------------------
	|C:99.7%[S:99.7%,D:0.0%],F:0.3%,M:0.0%,n:782      |
	|780	Complete BUSCOs (C)                       |
	|780	Complete and single-copy BUSCOs (S)       |
	|0	Complete and duplicated BUSCOs (D)        |
	|2	Fragmented BUSCOs (F)                     |
	|0	Missing BUSCOs (M)                        |
	|782	Total BUSCO groups searched               |
	--------------------------------------------------
2023-02-20 00:34:23 INFO:	BUSCO analysis done. Total running time: 85 seconds
2023-02-20 00:34:23 INFO:	Results written in /data2/PEG/hoaxaca/REAA/Pseudomonas/bin/../out/busco/trim_75clip.spades_kmer
2023-02-20 00:34:23 INFO:	For assistance with interpreting the results, please consult the userguide: https://busco.ezlab.org/busco_userguide.html

2023-02-20 00:34:23 INFO:	Visit this page https://gitlab.com/ezlab/busco#how-to-cite-busco to see how to cite BUSCO
2023-02-20 00:34:24 INFO:	***** Start a BUSCO v5.3.2 analysis, current time: 02/20/2023 00:34:24 *****
2023-02-20 00:34:24 INFO:	Configuring BUSCO with local environment
2023-02-20 00:34:24 INFO:	Mode is genome
2023-02-20 00:34:24 INFO:	'Force' option selected; overwriting previous results directory
2023-02-20 00:34:24 INFO:	Downloading information on latest versions of BUSCO data...
2023-02-20 00:34:25 INFO:	Input file is /data2/PEG/hoaxaca/REAA/Pseudomonas/out/spades/trim_75.spades_def/contigs.fasta
2023-02-20 00:34:25 INFO:	Running BUSCO using lineage dataset pseudomonadales_odb10 (prokaryota, 2020-03-06)
2023-02-20 00:34:25 INFO:	***** Run Prodigal on input to predict and extract genes *****
2023-02-20 00:34:25 INFO:	Running Prodigal with genetic code 11 in single mode
2023-02-20 00:34:25 INFO:	Running 1 job(s) on prodigal, starting at 02/20/2023 00:34:25
2023-02-20 00:34:40 INFO:	[prodigal]	1 of 1 task(s) completed
2023-02-20 00:34:40 INFO:	Genetic code 11 selected as optimal
2023-02-20 00:34:40 INFO:	***** Run HMMER on gene sequences *****
2023-02-20 00:34:40 INFO:	Running 782 job(s) on hmmsearch, starting at 02/20/2023 00:34:40
2023-02-20 00:34:50 INFO:	[hmmsearch]	79 of 782 task(s) completed
2023-02-20 00:34:59 INFO:	[hmmsearch]	157 of 782 task(s) completed
2023-02-20 00:35:07 INFO:	[hmmsearch]	235 of 782 task(s) completed
2023-02-20 00:35:15 INFO:	[hmmsearch]	313 of 782 task(s) completed
2023-02-20 00:35:22 INFO:	[hmmsearch]	392 of 782 task(s) completed
2023-02-20 00:35:28 INFO:	[hmmsearch]	470 of 782 task(s) completed
2023-02-20 00:35:34 INFO:	[hmmsearch]	548 of 782 task(s) completed
2023-02-20 00:35:39 INFO:	[hmmsearch]	626 of 782 task(s) completed
2023-02-20 00:35:44 INFO:	[hmmsearch]	704 of 782 task(s) completed
2023-02-20 00:35:51 INFO:	[hmmsearch]	782 of 782 task(s) completed
2023-02-20 00:35:51 INFO:	Results:	C:99.7%[S:99.7%,D:0.0%],F:0.3%,M:0.0%,n:782	   

2023-02-20 00:35:52 INFO:	

	--------------------------------------------------
	|Results from dataset pseudomonadales_odb10       |
	--------------------------------------------------
	|C:99.7%[S:99.7%,D:0.0%],F:0.3%,M:0.0%,n:782      |
	|780	Complete BUSCOs (C)                       |
	|780	Complete and single-copy BUSCOs (S)       |
	|0	Complete and duplicated BUSCOs (D)        |
	|2	Fragmented BUSCOs (F)                     |
	|0	Missing BUSCOs (M)                        |
	|782	Total BUSCO groups searched               |
	--------------------------------------------------
2023-02-20 00:35:52 INFO:	BUSCO analysis done. Total running time: 88 seconds
2023-02-20 00:35:52 INFO:	Results written in /data2/PEG/hoaxaca/REAA/Pseudomonas/bin/../out/busco/trim_75.spades_def
2023-02-20 00:35:52 INFO:	For assistance with interpreting the results, please consult the userguide: https://busco.ezlab.org/busco_userguide.html

2023-02-20 00:35:52 INFO:	Visit this page https://gitlab.com/ezlab/busco#how-to-cite-busco to see how to cite BUSCO
2023-02-20 00:35:53 INFO:	***** Start a BUSCO v5.3.2 analysis, current time: 02/20/2023 00:35:53 *****
2023-02-20 00:35:53 INFO:	Configuring BUSCO with local environment
2023-02-20 00:35:53 INFO:	Mode is genome
2023-02-20 00:35:53 INFO:	'Force' option selected; overwriting previous results directory
2023-02-20 00:35:53 INFO:	Downloading information on latest versions of BUSCO data...
2023-02-20 00:35:55 INFO:	Input file is /data2/PEG/hoaxaca/REAA/Pseudomonas/out/spades/trim_75.spades_kmer/contigs.fasta
2023-02-20 00:35:55 INFO:	Running BUSCO using lineage dataset pseudomonadales_odb10 (prokaryota, 2020-03-06)
2023-02-20 00:35:55 INFO:	***** Run Prodigal on input to predict and extract genes *****
2023-02-20 00:35:55 INFO:	Running Prodigal with genetic code 11 in single mode
2023-02-20 00:35:55 INFO:	Running 1 job(s) on prodigal, starting at 02/20/2023 00:35:55
2023-02-20 00:36:10 INFO:	[prodigal]	1 of 1 task(s) completed
2023-02-20 00:36:11 INFO:	Genetic code 11 selected as optimal
2023-02-20 00:36:11 INFO:	***** Run HMMER on gene sequences *****
2023-02-20 00:36:11 INFO:	Running 782 job(s) on hmmsearch, starting at 02/20/2023 00:36:11
2023-02-20 00:36:20 INFO:	[hmmsearch]	79 of 782 task(s) completed
2023-02-20 00:36:29 INFO:	[hmmsearch]	157 of 782 task(s) completed
2023-02-20 00:36:37 INFO:	[hmmsearch]	235 of 782 task(s) completed
2023-02-20 00:36:44 INFO:	[hmmsearch]	313 of 782 task(s) completed
2023-02-20 00:36:51 INFO:	[hmmsearch]	392 of 782 task(s) completed
2023-02-20 00:36:58 INFO:	[hmmsearch]	470 of 782 task(s) completed
2023-02-20 00:37:03 INFO:	[hmmsearch]	548 of 782 task(s) completed
2023-02-20 00:37:08 INFO:	[hmmsearch]	626 of 782 task(s) completed
2023-02-20 00:37:14 INFO:	[hmmsearch]	704 of 782 task(s) completed
2023-02-20 00:37:20 INFO:	[hmmsearch]	782 of 782 task(s) completed
2023-02-20 00:37:21 INFO:	Results:	C:99.7%[S:99.7%,D:0.0%],F:0.3%,M:0.0%,n:782	   

2023-02-20 00:37:22 INFO:	

	--------------------------------------------------
	|Results from dataset pseudomonadales_odb10       |
	--------------------------------------------------
	|C:99.7%[S:99.7%,D:0.0%],F:0.3%,M:0.0%,n:782      |
	|780	Complete BUSCOs (C)                       |
	|780	Complete and single-copy BUSCOs (S)       |
	|0	Complete and duplicated BUSCOs (D)        |
	|2	Fragmented BUSCOs (F)                     |
	|0	Missing BUSCOs (M)                        |
	|782	Total BUSCO groups searched               |
	--------------------------------------------------
2023-02-20 00:37:22 INFO:	BUSCO analysis done. Total running time: 87 seconds
2023-02-20 00:37:22 INFO:	Results written in /data2/PEG/hoaxaca/REAA/Pseudomonas/bin/../out/busco/trim_75.spades_kmer
2023-02-20 00:37:22 INFO:	For assistance with interpreting the results, please consult the userguide: https://busco.ezlab.org/busco_userguide.html

2023-02-20 00:37:22 INFO:	Visit this page https://gitlab.com/ezlab/busco#how-to-cite-busco to see how to cite BUSCO
2023-02-20 00:37:23 INFO:	***** Start a BUSCO v5.3.2 analysis, current time: 02/20/2023 00:37:23 *****
2023-02-20 00:37:23 INFO:	Configuring BUSCO with local environment
2023-02-20 00:37:23 INFO:	Mode is genome
2023-02-20 00:37:23 INFO:	'Force' option selected; overwriting previous results directory
2023-02-20 00:37:23 INFO:	Downloading information on latest versions of BUSCO data...
2023-02-20 00:37:24 INFO:	Input file is /data2/PEG/hoaxaca/REAA/Pseudomonas/out/spades/trim_def.spades_def/contigs.fasta
2023-02-20 00:37:24 INFO:	Running BUSCO using lineage dataset pseudomonadales_odb10 (prokaryota, 2020-03-06)
2023-02-20 00:37:24 INFO:	***** Run Prodigal on input to predict and extract genes *****
2023-02-20 00:37:24 INFO:	Running Prodigal with genetic code 11 in single mode
2023-02-20 00:37:24 INFO:	Running 1 job(s) on prodigal, starting at 02/20/2023 00:37:24
2023-02-20 00:37:41 INFO:	[prodigal]	1 of 1 task(s) completed
2023-02-20 00:37:41 INFO:	Genetic code 11 selected as optimal
2023-02-20 00:37:41 INFO:	***** Run HMMER on gene sequences *****
2023-02-20 00:37:41 INFO:	Running 782 job(s) on hmmsearch, starting at 02/20/2023 00:37:41
2023-02-20 00:37:50 INFO:	[hmmsearch]	79 of 782 task(s) completed
2023-02-20 00:37:59 INFO:	[hmmsearch]	157 of 782 task(s) completed
2023-02-20 00:38:08 INFO:	[hmmsearch]	235 of 782 task(s) completed
2023-02-20 00:38:15 INFO:	[hmmsearch]	313 of 782 task(s) completed
2023-02-20 00:38:22 INFO:	[hmmsearch]	392 of 782 task(s) completed
2023-02-20 00:38:29 INFO:	[hmmsearch]	470 of 782 task(s) completed
2023-02-20 00:38:35 INFO:	[hmmsearch]	548 of 782 task(s) completed
2023-02-20 00:38:40 INFO:	[hmmsearch]	626 of 782 task(s) completed
2023-02-20 00:38:45 INFO:	[hmmsearch]	704 of 782 task(s) completed
2023-02-20 00:38:52 INFO:	[hmmsearch]	782 of 782 task(s) completed
2023-02-20 00:38:52 INFO:	Results:	C:99.9%[S:99.9%,D:0.0%],F:0.1%,M:0.0%,n:782	   

2023-02-20 00:38:53 INFO:	

	--------------------------------------------------
	|Results from dataset pseudomonadales_odb10       |
	--------------------------------------------------
	|C:99.9%[S:99.9%,D:0.0%],F:0.1%,M:0.0%,n:782      |
	|781	Complete BUSCOs (C)                       |
	|781	Complete and single-copy BUSCOs (S)       |
	|0	Complete and duplicated BUSCOs (D)        |
	|1	Fragmented BUSCOs (F)                     |
	|0	Missing BUSCOs (M)                        |
	|782	Total BUSCO groups searched               |
	--------------------------------------------------
2023-02-20 00:38:53 INFO:	BUSCO analysis done. Total running time: 90 seconds
2023-02-20 00:38:53 INFO:	Results written in /data2/PEG/hoaxaca/REAA/Pseudomonas/bin/../out/busco/trim_def.spades_def
2023-02-20 00:38:53 INFO:	For assistance with interpreting the results, please consult the userguide: https://busco.ezlab.org/busco_userguide.html

2023-02-20 00:38:53 INFO:	Visit this page https://gitlab.com/ezlab/busco#how-to-cite-busco to see how to cite BUSCO
2023-02-20 00:38:54 INFO:	***** Start a BUSCO v5.3.2 analysis, current time: 02/20/2023 00:38:54 *****
2023-02-20 00:38:54 INFO:	Configuring BUSCO with local environment
2023-02-20 00:38:54 INFO:	Mode is genome
2023-02-20 00:38:54 INFO:	'Force' option selected; overwriting previous results directory
2023-02-20 00:38:54 INFO:	Downloading information on latest versions of BUSCO data...
2023-02-20 00:38:55 INFO:	Input file is /data2/PEG/hoaxaca/REAA/Pseudomonas/out/spades/trim_def.spades_kmer/contigs.fasta
2023-02-20 00:38:55 INFO:	Running BUSCO using lineage dataset pseudomonadales_odb10 (prokaryota, 2020-03-06)
2023-02-20 00:38:55 INFO:	***** Run Prodigal on input to predict and extract genes *****
2023-02-20 00:38:55 INFO:	Running Prodigal with genetic code 11 in single mode
2023-02-20 00:38:55 INFO:	Running 1 job(s) on prodigal, starting at 02/20/2023 00:38:55
2023-02-20 00:39:08 INFO:	[prodigal]	1 of 1 task(s) completed
2023-02-20 00:39:08 INFO:	Genetic code 11 selected as optimal
2023-02-20 00:39:08 INFO:	***** Run HMMER on gene sequences *****
2023-02-20 00:39:08 INFO:	Running 782 job(s) on hmmsearch, starting at 02/20/2023 00:39:08
2023-02-20 00:39:18 INFO:	[hmmsearch]	79 of 782 task(s) completed
2023-02-20 00:39:27 INFO:	[hmmsearch]	157 of 782 task(s) completed
2023-02-20 00:39:35 INFO:	[hmmsearch]	235 of 782 task(s) completed
2023-02-20 00:39:42 INFO:	[hmmsearch]	313 of 782 task(s) completed
2023-02-20 00:39:49 INFO:	[hmmsearch]	392 of 782 task(s) completed
2023-02-20 00:39:55 INFO:	[hmmsearch]	470 of 782 task(s) completed
2023-02-20 00:40:01 INFO:	[hmmsearch]	548 of 782 task(s) completed
2023-02-20 00:40:06 INFO:	[hmmsearch]	626 of 782 task(s) completed
2023-02-20 00:40:11 INFO:	[hmmsearch]	704 of 782 task(s) completed
2023-02-20 00:40:18 INFO:	[hmmsearch]	782 of 782 task(s) completed
2023-02-20 00:40:18 INFO:	Results:	C:99.6%[S:99.6%,D:0.0%],F:0.4%,M:0.0%,n:782	   

2023-02-20 00:40:20 INFO:	

	--------------------------------------------------
	|Results from dataset pseudomonadales_odb10       |
	--------------------------------------------------
	|C:99.6%[S:99.6%,D:0.0%],F:0.4%,M:0.0%,n:782      |
	|779	Complete BUSCOs (C)                       |
	|779	Complete and single-copy BUSCOs (S)       |
	|0	Complete and duplicated BUSCOs (D)        |
	|3	Fragmented BUSCOs (F)                     |
	|0	Missing BUSCOs (M)                        |
	|782	Total BUSCO groups searched               |
	--------------------------------------------------
2023-02-20 00:40:20 INFO:	BUSCO analysis done. Total running time: 84 seconds
2023-02-20 00:40:20 INFO:	Results written in /data2/PEG/hoaxaca/REAA/Pseudomonas/bin/../out/busco/trim_def.spades_kmer
2023-02-20 00:40:20 INFO:	For assistance with interpreting the results, please consult the userguide: https://busco.ezlab.org/busco_userguide.html

2023-02-20 00:40:20 INFO:	Visit this page https://gitlab.com/ezlab/busco#how-to-cite-busco to see how to cite BUSCO
