Multicore support not enabled. Proceeding with single-core trimming.
Path to Cutadapt set as: 'cutadapt' (default)
Cutadapt seems to be working fine (tested command 'cutadapt --version')
Cutadapt version: 2.5
single-core operation.
No quality encoding type selected. Assuming that the data provided uses Sanger encoded Phred scores (default)

Output directory ../clean/def/ doesn't exist, creating it for you...

Output will be written into the directory: /data2/PEG/hoaxaca/REAA/Pseudomonas/data/clean/def/
Writing report to '/data2/PEG/hoaxaca/REAA/Pseudomonas/data/clean/def/Rosario_S4_L001_R1_001.fastq_trimming_report.txt'

SUMMARISING RUN PARAMETERS
==========================
Input filename: Rosario_S4_L001_R1_001.fastq
Trimming mode: paired-end
Trim Galore version: 0.6.7
Cutadapt version: 2.5
Number of cores used for trimming: 1
Quality Phred score cutoff: 20
Quality encoding type selected: ASCII+33
Adapter sequence: 'AGATCGGAAGAGC' (Illumina TruSeq, Sanger iPCR; user defined)
Maximum trimming error rate: 0.1 (default)
Minimum required adapter overlap (stringency): 1 bp
Minimum required sequence length for both reads before a sequence pair gets removed: 20 bp
Running FastQC on the data once trimming has completed

Cutadapt seems to be fairly up-to-date (version 2.5). Setting -j 1
Writing final adapter and quality trimmed output to Rosario_S4_L001_R1_001_trimmed.fq


  >>> Now performing quality (cutoff '-q 20') and adapter trimming in a single pass for the adapter sequence: 'AGATCGGAAGAGC' from file Rosario_S4_L001_R1_001.fastq <<< 
This is cutadapt 2.5 with Python 3.7.8
Command line parameters: -j 1 -e 0.1 -q 20 -O 1 -a AGATCGGAAGAGC Rosario_S4_L001_R1_001.fastq
Processing reads on 1 core in single-end mode ...
Finished in 17.55 s (8 us/read; 7.32 M reads/minute).

=== Summary ===

Total reads processed:               2,141,717
Reads with adapters:                   619,682 (28.9%)
Reads written (passing filters):     2,141,717 (100.0%)

Total basepairs processed:   308,793,881 bp
Quality-trimmed:               1,575,708 bp (0.5%)
Total written (filtered):    306,348,500 bp (99.2%)

=== Adapter 1 ===

Sequence: AGATCGGAAGAGC; Type: regular 3'; Length: 13; Trimmed: 619682 times.

No. of allowed errors:
0-9 bp: 0; 10-13 bp: 1

Bases preceding removed adapters:
  A: 29.1%
  C: 37.2%
  G: 22.6%
  T: 11.2%
  none/other: 0.0%

Overview of removed sequences
length	count	expect	max.err	error counts
1	437123	535429.2	0	437123
2	154646	133857.3	0	154646
3	18254	33464.3	0	18254
4	6594	8366.1	0	6594
5	1475	2091.5	0	1475
6	825	522.9	0	825
7	266	130.7	0	266
8	7	32.7	0	7
9	68	8.2	0	3 65
10	50	2.0	1	1 49
11	34	0.5	1	0 34
12	6	0.1	1	0 6
15	1	0.0	1	0 1
16	3	0.0	1	0 3
17	2	0.0	1	0 2
18	2	0.0	1	0 2
21	1	0.0	1	0 1
22	3	0.0	1	0 3
23	3	0.0	1	0 3
24	1	0.0	1	0 1
25	4	0.0	1	0 4
26	1	0.0	1	0 1
27	1	0.0	1	0 1
28	2	0.0	1	0 2
29	3	0.0	1	0 3
30	1	0.0	1	0 1
31	6	0.0	1	0 6
32	6	0.0	1	0 6
33	3	0.0	1	0 3
34	5	0.0	1	0 5
35	4	0.0	1	0 4
36	2	0.0	1	0 2
37	2	0.0	1	0 2
38	1	0.0	1	0 1
39	1	0.0	1	0 1
40	4	0.0	1	0 4
41	3	0.0	1	0 3
42	3	0.0	1	0 3
43	2	0.0	1	0 2
44	1	0.0	1	0 1
45	5	0.0	1	0 5
46	2	0.0	1	0 2
47	1	0.0	1	0 1
48	1	0.0	1	0 1
49	13	0.0	1	0 13
50	3	0.0	1	0 3
51	5	0.0	1	0 5
52	2	0.0	1	0 2
55	3	0.0	1	0 3
56	1	0.0	1	0 1
57	4	0.0	1	0 4
58	5	0.0	1	0 5
59	2	0.0	1	0 2
60	2	0.0	1	0 2
61	3	0.0	1	0 3
63	1	0.0	1	0 1
64	2	0.0	1	0 2
65	8	0.0	1	0 8
66	2	0.0	1	0 2
67	3	0.0	1	0 3
68	2	0.0	1	0 2
69	1	0.0	1	0 1
70	1	0.0	1	0 1
72	6	0.0	1	0 6
73	3	0.0	1	0 3
75	4	0.0	1	0 4
76	4	0.0	1	0 4
77	2	0.0	1	0 2
78	2	0.0	1	0 2
79	6	0.0	1	0 6
80	6	0.0	1	0 6
81	3	0.0	1	0 3
82	3	0.0	1	0 3
84	2	0.0	1	0 2
85	4	0.0	1	0 4
86	5	0.0	1	0 5
87	1	0.0	1	0 1
88	2	0.0	1	0 2
89	1	0.0	1	0 1
90	10	0.0	1	0 10
91	2	0.0	1	0 2
92	1	0.0	1	0 1
93	1	0.0	1	0 1
94	2	0.0	1	0 2
95	1	0.0	1	0 1
96	1	0.0	1	0 1
97	1	0.0	1	0 1
98	2	0.0	1	0 2
99	6	0.0	1	0 6
100	2	0.0	1	0 2
101	3	0.0	1	0 3
102	1	0.0	1	0 1
104	5	0.0	1	0 5
105	6	0.0	1	0 6
106	1	0.0	1	0 1
107	3	0.0	1	0 3
108	3	0.0	1	0 3
110	4	0.0	1	0 4
111	1	0.0	1	0 1
112	2	0.0	1	0 2
113	2	0.0	1	0 2
114	2	0.0	1	0 2
115	5	0.0	1	0 5
116	18	0.0	1	0 18
117	1	0.0	1	0 1
120	1	0.0	1	0 1
122	7	0.0	1	0 7
124	3	0.0	1	0 3
125	3	0.0	1	0 3
126	3	0.0	1	0 3
127	4	0.0	1	0 4
128	2	0.0	1	0 2
130	1	0.0	1	0 1
131	3	0.0	1	0 3
134	2	0.0	1	0 2
136	1	0.0	1	0 1
137	4	0.0	1	0 4
139	6	0.0	1	0 6
140	3	0.0	1	0 3
141	1	0.0	1	0 1
142	2	0.0	1	0 2
143	1	0.0	1	0 1
144	1	0.0	1	0 1
146	1	0.0	1	0 1
149	2	0.0	1	0 2

RUN STATISTICS FOR INPUT FILE: Rosario_S4_L001_R1_001.fastq
=============================================
2141717 sequences processed in total
The length threshold of paired-end sequences gets evaluated later on (in the validation step)

Writing report to '/data2/PEG/hoaxaca/REAA/Pseudomonas/data/clean/def/Rosario_S4_L001_R2_001.fastq_trimming_report.txt'

SUMMARISING RUN PARAMETERS
==========================
Input filename: Rosario_S4_L001_R2_001.fastq
Trimming mode: paired-end
Trim Galore version: 0.6.7
Cutadapt version: 2.5
Number of cores used for trimming: 1
Quality Phred score cutoff: 20
Quality encoding type selected: ASCII+33
Adapter sequence: 'AGATCGGAAGAGC' (Illumina TruSeq, Sanger iPCR; user defined)
Maximum trimming error rate: 0.1 (default)
Minimum required adapter overlap (stringency): 1 bp
Minimum required sequence length for both reads before a sequence pair gets removed: 20 bp
Running FastQC on the data once trimming has completed

Cutadapt seems to be fairly up-to-date (version 2.5). Setting -j -j 1
Writing final adapter and quality trimmed output to Rosario_S4_L001_R2_001_trimmed.fq


  >>> Now performing quality (cutoff '-q 20') and adapter trimming in a single pass for the adapter sequence: 'AGATCGGAAGAGC' from file Rosario_S4_L001_R2_001.fastq <<< 
This is cutadapt 2.5 with Python 3.7.8
Command line parameters: -j 1 -e 0.1 -q 20 -O 1 -a AGATCGGAAGAGC Rosario_S4_L001_R2_001.fastq
Processing reads on 1 core in single-end mode ...
Finished in 16.94 s (8 us/read; 7.58 M reads/minute).

=== Summary ===

Total reads processed:               2,141,717
Reads with adapters:                   573,350 (26.8%)
Reads written (passing filters):     2,141,717 (100.0%)

Total basepairs processed:   309,038,427 bp
Quality-trimmed:               3,834,365 bp (1.2%)
Total written (filtered):    304,388,736 bp (98.5%)

=== Adapter 1 ===

Sequence: AGATCGGAAGAGC; Type: regular 3'; Length: 13; Trimmed: 573350 times.

No. of allowed errors:
0-9 bp: 0; 10-13 bp: 1

Bases preceding removed adapters:
  A: 31.1%
  C: 35.8%
  G: 21.6%
  T: 11.5%
  none/other: 0.0%

Overview of removed sequences
length	count	expect	max.err	error counts
1	397550	535429.2	0	397550
2	150305	133857.3	0	150305
3	16306	33464.3	0	16306
4	6005	8366.1	0	6005
5	1574	2091.5	0	1574
6	796	522.9	0	796
7	300	130.7	0	300
8	7	32.7	0	7
9	61	8.2	0	7 54
10	53	2.0	1	3 50
11	27	0.5	1	0 27
12	4	0.1	1	0 4
13	1	0.0	1	0 1
15	3	0.0	1	0 3
16	1	0.0	1	0 1
18	3	0.0	1	0 3
20	1	0.0	1	0 1
21	3	0.0	1	0 3
22	9	0.0	1	0 9
23	2	0.0	1	0 2
25	4	0.0	1	0 4
26	4	0.0	1	0 4
27	7	0.0	1	0 7
28	3	0.0	1	0 3
30	1	0.0	1	0 1
31	7	0.0	1	0 7
32	4	0.0	1	0 4
33	3	0.0	1	0 3
34	2	0.0	1	0 2
35	7	0.0	1	0 7
37	6	0.0	1	0 6
38	4	0.0	1	0 4
39	1	0.0	1	0 1
40	8	0.0	1	0 8
41	4	0.0	1	0 4
42	2	0.0	1	0 2
44	5	0.0	1	0 5
45	5	0.0	1	0 5
46	3	0.0	1	0 3
49	11	0.0	1	0 11
50	5	0.0	1	0 5
51	1	0.0	1	0 1
52	8	0.0	1	0 8
54	2	0.0	1	0 2
55	3	0.0	1	0 3
56	2	0.0	1	0 2
57	5	0.0	1	0 5
58	3	0.0	1	0 3
59	2	0.0	1	0 2
60	2	0.0	1	0 2
61	2	0.0	1	0 2
62	3	0.0	1	0 3
63	1	0.0	1	0 1
64	1	0.0	1	0 1
65	3	0.0	1	0 3
66	1	0.0	1	0 1
67	5	0.0	1	0 5
68	1	0.0	1	0 1
69	1	0.0	1	0 1
70	2	0.0	1	0 2
72	2	0.0	1	0 2
73	5	0.0	1	0 5
74	1	0.0	1	0 1
75	5	0.0	1	0 5
76	2	0.0	1	0 2
77	2	0.0	1	0 2
78	2	0.0	1	0 2
79	2	0.0	1	0 2
80	2	0.0	1	0 2
81	2	0.0	1	0 2
82	3	0.0	1	0 3
83	1	0.0	1	0 1
85	6	0.0	1	0 6
86	3	0.0	1	0 3
87	2	0.0	1	0 2
88	4	0.0	1	0 4
89	1	0.0	1	0 1
90	9	0.0	1	0 9
91	2	0.0	1	0 2
92	2	0.0	1	0 2
93	7	0.0	1	0 7
94	2	0.0	1	0 2
97	3	0.0	1	0 3
98	1	0.0	1	0 1
99	1	0.0	1	0 1
101	5	0.0	1	0 5
102	3	0.0	1	0 3
104	5	0.0	1	0 5
105	4	0.0	1	0 4
106	2	0.0	1	0 2
107	4	0.0	1	0 4
108	1	0.0	1	0 1
109	2	0.0	1	0 2
110	3	0.0	1	0 3
111	2	0.0	1	0 2
112	4	0.0	1	0 4
113	4	0.0	1	0 4
114	3	0.0	1	0 3
115	3	0.0	1	0 3
116	12	0.0	1	0 12
117	2	0.0	1	0 2
119	4	0.0	1	0 4
121	5	0.0	1	0 5
122	2	0.0	1	0 2
124	3	0.0	1	0 3
125	2	0.0	1	0 2
126	5	0.0	1	0 5
128	5	0.0	1	0 5
129	2	0.0	1	0 2
132	1	0.0	1	0 1
133	5	0.0	1	0 5
134	2	0.0	1	0 2
135	2	0.0	1	0 2
136	2	0.0	1	0 2
137	2	0.0	1	0 2
138	2	0.0	1	0 2
139	8	0.0	1	0 8
140	2	0.0	1	0 2
141	1	0.0	1	0 1
142	2	0.0	1	0 2
145	4	0.0	1	0 4
147	1	0.0	1	0 1
149	1	0.0	1	0 1
151	1	0.0	1	0 1

RUN STATISTICS FOR INPUT FILE: Rosario_S4_L001_R2_001.fastq
=============================================
2141717 sequences processed in total
The length threshold of paired-end sequences gets evaluated later on (in the validation step)

Validate paired-end files Rosario_S4_L001_R1_001_trimmed.fq and Rosario_S4_L001_R2_001_trimmed.fq
file_1: Rosario_S4_L001_R1_001_trimmed.fq, file_2: Rosario_S4_L001_R2_001_trimmed.fq


>>>>> Now validing the length of the 2 paired-end infiles: Rosario_S4_L001_R1_001_trimmed.fq and Rosario_S4_L001_R2_001_trimmed.fq <<<<<
Writing validated paired-end Read 1 reads to Rosario_S4_L001_R1_001_val_1.fq
Writing validated paired-end Read 2 reads to Rosario_S4_L001_R2_001_val_2.fq

Total number of sequences analysed: 2141717

Number of sequence pairs removed because at least one read was shorter than the length cutoff (20 bp): 4014 (0.19%)


  >>> Now running FastQC on the validated data Rosario_S4_L001_R1_001_val_1.fq<<<

Started analysis of Rosario_S4_L001_R1_001_val_1.fq
Approx 5% complete for Rosario_S4_L001_R1_001_val_1.fq
Approx 10% complete for Rosario_S4_L001_R1_001_val_1.fq
Approx 15% complete for Rosario_S4_L001_R1_001_val_1.fq
Approx 20% complete for Rosario_S4_L001_R1_001_val_1.fq
Approx 25% complete for Rosario_S4_L001_R1_001_val_1.fq
Approx 30% complete for Rosario_S4_L001_R1_001_val_1.fq
Approx 35% complete for Rosario_S4_L001_R1_001_val_1.fq
Approx 40% complete for Rosario_S4_L001_R1_001_val_1.fq
Approx 45% complete for Rosario_S4_L001_R1_001_val_1.fq
Approx 50% complete for Rosario_S4_L001_R1_001_val_1.fq
Approx 55% complete for Rosario_S4_L001_R1_001_val_1.fq
Approx 60% complete for Rosario_S4_L001_R1_001_val_1.fq
Approx 65% complete for Rosario_S4_L001_R1_001_val_1.fq
Approx 70% complete for Rosario_S4_L001_R1_001_val_1.fq
Approx 75% complete for Rosario_S4_L001_R1_001_val_1.fq
Approx 80% complete for Rosario_S4_L001_R1_001_val_1.fq
Approx 85% complete for Rosario_S4_L001_R1_001_val_1.fq
Approx 90% complete for Rosario_S4_L001_R1_001_val_1.fq
Approx 95% complete for Rosario_S4_L001_R1_001_val_1.fq

  >>> Now running FastQC on the validated data Rosario_S4_L001_R2_001_val_2.fq<<<

Started analysis of Rosario_S4_L001_R2_001_val_2.fq
Approx 5% complete for Rosario_S4_L001_R2_001_val_2.fq
Approx 10% complete for Rosario_S4_L001_R2_001_val_2.fq
Approx 15% complete for Rosario_S4_L001_R2_001_val_2.fq
Approx 20% complete for Rosario_S4_L001_R2_001_val_2.fq
Approx 25% complete for Rosario_S4_L001_R2_001_val_2.fq
Approx 30% complete for Rosario_S4_L001_R2_001_val_2.fq
Approx 35% complete for Rosario_S4_L001_R2_001_val_2.fq
Approx 40% complete for Rosario_S4_L001_R2_001_val_2.fq
Approx 45% complete for Rosario_S4_L001_R2_001_val_2.fq
Approx 50% complete for Rosario_S4_L001_R2_001_val_2.fq
Approx 55% complete for Rosario_S4_L001_R2_001_val_2.fq
Approx 60% complete for Rosario_S4_L001_R2_001_val_2.fq
Approx 65% complete for Rosario_S4_L001_R2_001_val_2.fq
Approx 70% complete for Rosario_S4_L001_R2_001_val_2.fq
Approx 75% complete for Rosario_S4_L001_R2_001_val_2.fq
Approx 80% complete for Rosario_S4_L001_R2_001_val_2.fq
Approx 85% complete for Rosario_S4_L001_R2_001_val_2.fq
Approx 90% complete for Rosario_S4_L001_R2_001_val_2.fq
Approx 95% complete for Rosario_S4_L001_R2_001_val_2.fq
Deleting both intermediate output files Rosario_S4_L001_R1_001_trimmed.fq and Rosario_S4_L001_R2_001_trimmed.fq

====================================================================================================

Multicore support not enabled. Proceeding with single-core trimming.
Path to Cutadapt set as: 'cutadapt' (default)
Cutadapt seems to be working fine (tested command 'cutadapt --version')
Cutadapt version: 2.5
single-core operation.
No quality encoding type selected. Assuming that the data provided uses Sanger encoded Phred scores (default)

Output directory ../clean/no_clip/ doesn't exist, creating it for you...

Output will be written into the directory: /data2/PEG/hoaxaca/REAA/Pseudomonas/data/clean/no_clip/
Writing report to '/data2/PEG/hoaxaca/REAA/Pseudomonas/data/clean/no_clip/Rosario_S4_L001_R1_001.fastq_trimming_report.txt'

SUMMARISING RUN PARAMETERS
==========================
Input filename: Rosario_S4_L001_R1_001.fastq
Trimming mode: paired-end
Trim Galore version: 0.6.7
Cutadapt version: 2.5
Number of cores used for trimming: 1
Quality Phred score cutoff: 20
Quality encoding type selected: ASCII+33
Adapter sequence: 'AGATCGGAAGAGC' (Illumina TruSeq, Sanger iPCR; user defined)
Maximum trimming error rate: 0.1 (default)
Minimum required adapter overlap (stringency): 1 bp
Minimum required sequence length for both reads before a sequence pair gets removed: 130 bp
Running FastQC on the data once trimming has completed

Cutadapt seems to be fairly up-to-date (version 2.5). Setting -j 1
Writing final adapter and quality trimmed output to Rosario_S4_L001_R1_001_trimmed.fq


  >>> Now performing quality (cutoff '-q 20') and adapter trimming in a single pass for the adapter sequence: 'AGATCGGAAGAGC' from file Rosario_S4_L001_R1_001.fastq <<< 
This is cutadapt 2.5 with Python 3.7.8
Command line parameters: -j 1 -e 0.1 -q 20 -O 1 -a AGATCGGAAGAGC Rosario_S4_L001_R1_001.fastq
Processing reads on 1 core in single-end mode ...
Finished in 16.42 s (8 us/read; 7.82 M reads/minute).

=== Summary ===

Total reads processed:               2,141,717
Reads with adapters:                   619,682 (28.9%)
Reads written (passing filters):     2,141,717 (100.0%)

Total basepairs processed:   308,793,881 bp
Quality-trimmed:               1,575,708 bp (0.5%)
Total written (filtered):    306,348,500 bp (99.2%)

=== Adapter 1 ===

Sequence: AGATCGGAAGAGC; Type: regular 3'; Length: 13; Trimmed: 619682 times.

No. of allowed errors:
0-9 bp: 0; 10-13 bp: 1

Bases preceding removed adapters:
  A: 29.1%
  C: 37.2%
  G: 22.6%
  T: 11.2%
  none/other: 0.0%

Overview of removed sequences
length	count	expect	max.err	error counts
1	437123	535429.2	0	437123
2	154646	133857.3	0	154646
3	18254	33464.3	0	18254
4	6594	8366.1	0	6594
5	1475	2091.5	0	1475
6	825	522.9	0	825
7	266	130.7	0	266
8	7	32.7	0	7
9	68	8.2	0	3 65
10	50	2.0	1	1 49
11	34	0.5	1	0 34
12	6	0.1	1	0 6
15	1	0.0	1	0 1
16	3	0.0	1	0 3
17	2	0.0	1	0 2
18	2	0.0	1	0 2
21	1	0.0	1	0 1
22	3	0.0	1	0 3
23	3	0.0	1	0 3
24	1	0.0	1	0 1
25	4	0.0	1	0 4
26	1	0.0	1	0 1
27	1	0.0	1	0 1
28	2	0.0	1	0 2
29	3	0.0	1	0 3
30	1	0.0	1	0 1
31	6	0.0	1	0 6
32	6	0.0	1	0 6
33	3	0.0	1	0 3
34	5	0.0	1	0 5
35	4	0.0	1	0 4
36	2	0.0	1	0 2
37	2	0.0	1	0 2
38	1	0.0	1	0 1
39	1	0.0	1	0 1
40	4	0.0	1	0 4
41	3	0.0	1	0 3
42	3	0.0	1	0 3
43	2	0.0	1	0 2
44	1	0.0	1	0 1
45	5	0.0	1	0 5
46	2	0.0	1	0 2
47	1	0.0	1	0 1
48	1	0.0	1	0 1
49	13	0.0	1	0 13
50	3	0.0	1	0 3
51	5	0.0	1	0 5
52	2	0.0	1	0 2
55	3	0.0	1	0 3
56	1	0.0	1	0 1
57	4	0.0	1	0 4
58	5	0.0	1	0 5
59	2	0.0	1	0 2
60	2	0.0	1	0 2
61	3	0.0	1	0 3
63	1	0.0	1	0 1
64	2	0.0	1	0 2
65	8	0.0	1	0 8
66	2	0.0	1	0 2
67	3	0.0	1	0 3
68	2	0.0	1	0 2
69	1	0.0	1	0 1
70	1	0.0	1	0 1
72	6	0.0	1	0 6
73	3	0.0	1	0 3
75	4	0.0	1	0 4
76	4	0.0	1	0 4
77	2	0.0	1	0 2
78	2	0.0	1	0 2
79	6	0.0	1	0 6
80	6	0.0	1	0 6
81	3	0.0	1	0 3
82	3	0.0	1	0 3
84	2	0.0	1	0 2
85	4	0.0	1	0 4
86	5	0.0	1	0 5
87	1	0.0	1	0 1
88	2	0.0	1	0 2
89	1	0.0	1	0 1
90	10	0.0	1	0 10
91	2	0.0	1	0 2
92	1	0.0	1	0 1
93	1	0.0	1	0 1
94	2	0.0	1	0 2
95	1	0.0	1	0 1
96	1	0.0	1	0 1
97	1	0.0	1	0 1
98	2	0.0	1	0 2
99	6	0.0	1	0 6
100	2	0.0	1	0 2
101	3	0.0	1	0 3
102	1	0.0	1	0 1
104	5	0.0	1	0 5
105	6	0.0	1	0 6
106	1	0.0	1	0 1
107	3	0.0	1	0 3
108	3	0.0	1	0 3
110	4	0.0	1	0 4
111	1	0.0	1	0 1
112	2	0.0	1	0 2
113	2	0.0	1	0 2
114	2	0.0	1	0 2
115	5	0.0	1	0 5
116	18	0.0	1	0 18
117	1	0.0	1	0 1
120	1	0.0	1	0 1
122	7	0.0	1	0 7
124	3	0.0	1	0 3
125	3	0.0	1	0 3
126	3	0.0	1	0 3
127	4	0.0	1	0 4
128	2	0.0	1	0 2
130	1	0.0	1	0 1
131	3	0.0	1	0 3
134	2	0.0	1	0 2
136	1	0.0	1	0 1
137	4	0.0	1	0 4
139	6	0.0	1	0 6
140	3	0.0	1	0 3
141	1	0.0	1	0 1
142	2	0.0	1	0 2
143	1	0.0	1	0 1
144	1	0.0	1	0 1
146	1	0.0	1	0 1
149	2	0.0	1	0 2

RUN STATISTICS FOR INPUT FILE: Rosario_S4_L001_R1_001.fastq
=============================================
2141717 sequences processed in total
The length threshold of paired-end sequences gets evaluated later on (in the validation step)

Writing report to '/data2/PEG/hoaxaca/REAA/Pseudomonas/data/clean/no_clip/Rosario_S4_L001_R2_001.fastq_trimming_report.txt'

SUMMARISING RUN PARAMETERS
==========================
Input filename: Rosario_S4_L001_R2_001.fastq
Trimming mode: paired-end
Trim Galore version: 0.6.7
Cutadapt version: 2.5
Number of cores used for trimming: 1
Quality Phred score cutoff: 20
Quality encoding type selected: ASCII+33
Adapter sequence: 'AGATCGGAAGAGC' (Illumina TruSeq, Sanger iPCR; user defined)
Maximum trimming error rate: 0.1 (default)
Minimum required adapter overlap (stringency): 1 bp
Minimum required sequence length for both reads before a sequence pair gets removed: 130 bp
Running FastQC on the data once trimming has completed

Cutadapt seems to be fairly up-to-date (version 2.5). Setting -j -j 1
Writing final adapter and quality trimmed output to Rosario_S4_L001_R2_001_trimmed.fq


  >>> Now performing quality (cutoff '-q 20') and adapter trimming in a single pass for the adapter sequence: 'AGATCGGAAGAGC' from file Rosario_S4_L001_R2_001.fastq <<< 
This is cutadapt 2.5 with Python 3.7.8
Command line parameters: -j 1 -e 0.1 -q 20 -O 1 -a AGATCGGAAGAGC Rosario_S4_L001_R2_001.fastq
Processing reads on 1 core in single-end mode ...
Finished in 15.98 s (7 us/read; 8.04 M reads/minute).

=== Summary ===

Total reads processed:               2,141,717
Reads with adapters:                   573,350 (26.8%)
Reads written (passing filters):     2,141,717 (100.0%)

Total basepairs processed:   309,038,427 bp
Quality-trimmed:               3,834,365 bp (1.2%)
Total written (filtered):    304,388,736 bp (98.5%)

=== Adapter 1 ===

Sequence: AGATCGGAAGAGC; Type: regular 3'; Length: 13; Trimmed: 573350 times.

No. of allowed errors:
0-9 bp: 0; 10-13 bp: 1

Bases preceding removed adapters:
  A: 31.1%
  C: 35.8%
  G: 21.6%
  T: 11.5%
  none/other: 0.0%

Overview of removed sequences
length	count	expect	max.err	error counts
1	397550	535429.2	0	397550
2	150305	133857.3	0	150305
3	16306	33464.3	0	16306
4	6005	8366.1	0	6005
5	1574	2091.5	0	1574
6	796	522.9	0	796
7	300	130.7	0	300
8	7	32.7	0	7
9	61	8.2	0	7 54
10	53	2.0	1	3 50
11	27	0.5	1	0 27
12	4	0.1	1	0 4
13	1	0.0	1	0 1
15	3	0.0	1	0 3
16	1	0.0	1	0 1
18	3	0.0	1	0 3
20	1	0.0	1	0 1
21	3	0.0	1	0 3
22	9	0.0	1	0 9
23	2	0.0	1	0 2
25	4	0.0	1	0 4
26	4	0.0	1	0 4
27	7	0.0	1	0 7
28	3	0.0	1	0 3
30	1	0.0	1	0 1
31	7	0.0	1	0 7
32	4	0.0	1	0 4
33	3	0.0	1	0 3
34	2	0.0	1	0 2
35	7	0.0	1	0 7
37	6	0.0	1	0 6
38	4	0.0	1	0 4
39	1	0.0	1	0 1
40	8	0.0	1	0 8
41	4	0.0	1	0 4
42	2	0.0	1	0 2
44	5	0.0	1	0 5
45	5	0.0	1	0 5
46	3	0.0	1	0 3
49	11	0.0	1	0 11
50	5	0.0	1	0 5
51	1	0.0	1	0 1
52	8	0.0	1	0 8
54	2	0.0	1	0 2
55	3	0.0	1	0 3
56	2	0.0	1	0 2
57	5	0.0	1	0 5
58	3	0.0	1	0 3
59	2	0.0	1	0 2
60	2	0.0	1	0 2
61	2	0.0	1	0 2
62	3	0.0	1	0 3
63	1	0.0	1	0 1
64	1	0.0	1	0 1
65	3	0.0	1	0 3
66	1	0.0	1	0 1
67	5	0.0	1	0 5
68	1	0.0	1	0 1
69	1	0.0	1	0 1
70	2	0.0	1	0 2
72	2	0.0	1	0 2
73	5	0.0	1	0 5
74	1	0.0	1	0 1
75	5	0.0	1	0 5
76	2	0.0	1	0 2
77	2	0.0	1	0 2
78	2	0.0	1	0 2
79	2	0.0	1	0 2
80	2	0.0	1	0 2
81	2	0.0	1	0 2
82	3	0.0	1	0 3
83	1	0.0	1	0 1
85	6	0.0	1	0 6
86	3	0.0	1	0 3
87	2	0.0	1	0 2
88	4	0.0	1	0 4
89	1	0.0	1	0 1
90	9	0.0	1	0 9
91	2	0.0	1	0 2
92	2	0.0	1	0 2
93	7	0.0	1	0 7
94	2	0.0	1	0 2
97	3	0.0	1	0 3
98	1	0.0	1	0 1
99	1	0.0	1	0 1
101	5	0.0	1	0 5
102	3	0.0	1	0 3
104	5	0.0	1	0 5
105	4	0.0	1	0 4
106	2	0.0	1	0 2
107	4	0.0	1	0 4
108	1	0.0	1	0 1
109	2	0.0	1	0 2
110	3	0.0	1	0 3
111	2	0.0	1	0 2
112	4	0.0	1	0 4
113	4	0.0	1	0 4
114	3	0.0	1	0 3
115	3	0.0	1	0 3
116	12	0.0	1	0 12
117	2	0.0	1	0 2
119	4	0.0	1	0 4
121	5	0.0	1	0 5
122	2	0.0	1	0 2
124	3	0.0	1	0 3
125	2	0.0	1	0 2
126	5	0.0	1	0 5
128	5	0.0	1	0 5
129	2	0.0	1	0 2
132	1	0.0	1	0 1
133	5	0.0	1	0 5
134	2	0.0	1	0 2
135	2	0.0	1	0 2
136	2	0.0	1	0 2
137	2	0.0	1	0 2
138	2	0.0	1	0 2
139	8	0.0	1	0 8
140	2	0.0	1	0 2
141	1	0.0	1	0 1
142	2	0.0	1	0 2
145	4	0.0	1	0 4
147	1	0.0	1	0 1
149	1	0.0	1	0 1
151	1	0.0	1	0 1

RUN STATISTICS FOR INPUT FILE: Rosario_S4_L001_R2_001.fastq
=============================================
2141717 sequences processed in total
The length threshold of paired-end sequences gets evaluated later on (in the validation step)

Validate paired-end files Rosario_S4_L001_R1_001_trimmed.fq and Rosario_S4_L001_R2_001_trimmed.fq
file_1: Rosario_S4_L001_R1_001_trimmed.fq, file_2: Rosario_S4_L001_R2_001_trimmed.fq


>>>>> Now validing the length of the 2 paired-end infiles: Rosario_S4_L001_R1_001_trimmed.fq and Rosario_S4_L001_R2_001_trimmed.fq <<<<<
Writing validated paired-end Read 1 reads to Rosario_S4_L001_R1_001_val_1.fq
Writing validated paired-end Read 2 reads to Rosario_S4_L001_R2_001_val_2.fq

Total number of sequences analysed: 2141717

Number of sequence pairs removed because at least one read was shorter than the length cutoff (130 bp): 307878 (14.38%)


  >>> Now running FastQC on the validated data Rosario_S4_L001_R1_001_val_1.fq<<<

Started analysis of Rosario_S4_L001_R1_001_val_1.fq
Approx 5% complete for Rosario_S4_L001_R1_001_val_1.fq
Approx 10% complete for Rosario_S4_L001_R1_001_val_1.fq
Approx 15% complete for Rosario_S4_L001_R1_001_val_1.fq
Approx 20% complete for Rosario_S4_L001_R1_001_val_1.fq
Approx 25% complete for Rosario_S4_L001_R1_001_val_1.fq
Approx 30% complete for Rosario_S4_L001_R1_001_val_1.fq
Approx 35% complete for Rosario_S4_L001_R1_001_val_1.fq
Approx 40% complete for Rosario_S4_L001_R1_001_val_1.fq
Approx 45% complete for Rosario_S4_L001_R1_001_val_1.fq
Approx 50% complete for Rosario_S4_L001_R1_001_val_1.fq
Approx 55% complete for Rosario_S4_L001_R1_001_val_1.fq
Approx 60% complete for Rosario_S4_L001_R1_001_val_1.fq
Approx 65% complete for Rosario_S4_L001_R1_001_val_1.fq
Approx 70% complete for Rosario_S4_L001_R1_001_val_1.fq
Approx 75% complete for Rosario_S4_L001_R1_001_val_1.fq
Approx 80% complete for Rosario_S4_L001_R1_001_val_1.fq
Approx 85% complete for Rosario_S4_L001_R1_001_val_1.fq
Approx 90% complete for Rosario_S4_L001_R1_001_val_1.fq
Approx 95% complete for Rosario_S4_L001_R1_001_val_1.fq

  >>> Now running FastQC on the validated data Rosario_S4_L001_R2_001_val_2.fq<<<

Started analysis of Rosario_S4_L001_R2_001_val_2.fq
Approx 5% complete for Rosario_S4_L001_R2_001_val_2.fq
Approx 10% complete for Rosario_S4_L001_R2_001_val_2.fq
Approx 15% complete for Rosario_S4_L001_R2_001_val_2.fq
Approx 20% complete for Rosario_S4_L001_R2_001_val_2.fq
Approx 25% complete for Rosario_S4_L001_R2_001_val_2.fq
Approx 30% complete for Rosario_S4_L001_R2_001_val_2.fq
Approx 35% complete for Rosario_S4_L001_R2_001_val_2.fq
Approx 40% complete for Rosario_S4_L001_R2_001_val_2.fq
Approx 45% complete for Rosario_S4_L001_R2_001_val_2.fq
Approx 50% complete for Rosario_S4_L001_R2_001_val_2.fq
Approx 55% complete for Rosario_S4_L001_R2_001_val_2.fq
Approx 60% complete for Rosario_S4_L001_R2_001_val_2.fq
Approx 65% complete for Rosario_S4_L001_R2_001_val_2.fq
Approx 70% complete for Rosario_S4_L001_R2_001_val_2.fq
Approx 75% complete for Rosario_S4_L001_R2_001_val_2.fq
Approx 80% complete for Rosario_S4_L001_R2_001_val_2.fq
Approx 85% complete for Rosario_S4_L001_R2_001_val_2.fq
Approx 90% complete for Rosario_S4_L001_R2_001_val_2.fq
Approx 95% complete for Rosario_S4_L001_R2_001_val_2.fq
Deleting both intermediate output files Rosario_S4_L001_R1_001_trimmed.fq and Rosario_S4_L001_R2_001_trimmed.fq

====================================================================================================

Multicore support not enabled. Proceeding with single-core trimming.
Path to Cutadapt set as: 'cutadapt' (default)
Cutadapt seems to be working fine (tested command 'cutadapt --version')
Cutadapt version: 2.5
single-core operation.
No quality encoding type selected. Assuming that the data provided uses Sanger encoded Phred scores (default)

Output directory ../clean/clip/ doesn't exist, creating it for you...

Output will be written into the directory: /data2/PEG/hoaxaca/REAA/Pseudomonas/data/clean/clip/
Writing report to '/data2/PEG/hoaxaca/REAA/Pseudomonas/data/clean/clip/Rosario_S4_L001_R1_001.fastq_trimming_report.txt'

SUMMARISING RUN PARAMETERS
==========================
Input filename: Rosario_S4_L001_R1_001.fastq
Trimming mode: paired-end
Trim Galore version: 0.6.7
Cutadapt version: 2.5
Number of cores used for trimming: 1
Quality Phred score cutoff: 20
Quality encoding type selected: ASCII+33
Adapter sequence: 'AGATCGGAAGAGC' (Illumina TruSeq, Sanger iPCR; user defined)
Maximum trimming error rate: 0.1 (default)
Minimum required adapter overlap (stringency): 1 bp
Minimum required sequence length for both reads before a sequence pair gets removed: 130 bp
All Read 1 sequences will be trimmed by 15 bp from their 5' end to avoid poor qualities or biases
All Read 2 sequences will be trimmed by 15 bp from their 5' end to avoid poor qualities or biases (e.g. M-bias for BS-Seq applications)
All Read 1 sequences will be trimmed by 2 bp from their 3' end to avoid poor qualities or biases
All Read 2 sequences will be trimmed by 2 bp from their 3' end to avoid poor qualities or biases
Running FastQC on the data once trimming has completed

Cutadapt seems to be fairly up-to-date (version 2.5). Setting -j 1
Writing final adapter and quality trimmed output to Rosario_S4_L001_R1_001_trimmed.fq


  >>> Now performing quality (cutoff '-q 20') and adapter trimming in a single pass for the adapter sequence: 'AGATCGGAAGAGC' from file Rosario_S4_L001_R1_001.fastq <<< 
This is cutadapt 2.5 with Python 3.7.8
Command line parameters: -j 1 -e 0.1 -q 20 -O 1 -a AGATCGGAAGAGC Rosario_S4_L001_R1_001.fastq
Processing reads on 1 core in single-end mode ...
Finished in 16.61 s (8 us/read; 7.74 M reads/minute).

=== Summary ===

Total reads processed:               2,141,717
Reads with adapters:                   619,682 (28.9%)
Reads written (passing filters):     2,141,717 (100.0%)

Total basepairs processed:   308,793,881 bp
Quality-trimmed:               1,575,708 bp (0.5%)
Total written (filtered):    306,348,500 bp (99.2%)

=== Adapter 1 ===

Sequence: AGATCGGAAGAGC; Type: regular 3'; Length: 13; Trimmed: 619682 times.

No. of allowed errors:
0-9 bp: 0; 10-13 bp: 1

Bases preceding removed adapters:
  A: 29.1%
  C: 37.2%
  G: 22.6%
  T: 11.2%
  none/other: 0.0%

Overview of removed sequences
length	count	expect	max.err	error counts
1	437123	535429.2	0	437123
2	154646	133857.3	0	154646
3	18254	33464.3	0	18254
4	6594	8366.1	0	6594
5	1475	2091.5	0	1475
6	825	522.9	0	825
7	266	130.7	0	266
8	7	32.7	0	7
9	68	8.2	0	3 65
10	50	2.0	1	1 49
11	34	0.5	1	0 34
12	6	0.1	1	0 6
15	1	0.0	1	0 1
16	3	0.0	1	0 3
17	2	0.0	1	0 2
18	2	0.0	1	0 2
21	1	0.0	1	0 1
22	3	0.0	1	0 3
23	3	0.0	1	0 3
24	1	0.0	1	0 1
25	4	0.0	1	0 4
26	1	0.0	1	0 1
27	1	0.0	1	0 1
28	2	0.0	1	0 2
29	3	0.0	1	0 3
30	1	0.0	1	0 1
31	6	0.0	1	0 6
32	6	0.0	1	0 6
33	3	0.0	1	0 3
34	5	0.0	1	0 5
35	4	0.0	1	0 4
36	2	0.0	1	0 2
37	2	0.0	1	0 2
38	1	0.0	1	0 1
39	1	0.0	1	0 1
40	4	0.0	1	0 4
41	3	0.0	1	0 3
42	3	0.0	1	0 3
43	2	0.0	1	0 2
44	1	0.0	1	0 1
45	5	0.0	1	0 5
46	2	0.0	1	0 2
47	1	0.0	1	0 1
48	1	0.0	1	0 1
49	13	0.0	1	0 13
50	3	0.0	1	0 3
51	5	0.0	1	0 5
52	2	0.0	1	0 2
55	3	0.0	1	0 3
56	1	0.0	1	0 1
57	4	0.0	1	0 4
58	5	0.0	1	0 5
59	2	0.0	1	0 2
60	2	0.0	1	0 2
61	3	0.0	1	0 3
63	1	0.0	1	0 1
64	2	0.0	1	0 2
65	8	0.0	1	0 8
66	2	0.0	1	0 2
67	3	0.0	1	0 3
68	2	0.0	1	0 2
69	1	0.0	1	0 1
70	1	0.0	1	0 1
72	6	0.0	1	0 6
73	3	0.0	1	0 3
75	4	0.0	1	0 4
76	4	0.0	1	0 4
77	2	0.0	1	0 2
78	2	0.0	1	0 2
79	6	0.0	1	0 6
80	6	0.0	1	0 6
81	3	0.0	1	0 3
82	3	0.0	1	0 3
84	2	0.0	1	0 2
85	4	0.0	1	0 4
86	5	0.0	1	0 5
87	1	0.0	1	0 1
88	2	0.0	1	0 2
89	1	0.0	1	0 1
90	10	0.0	1	0 10
91	2	0.0	1	0 2
92	1	0.0	1	0 1
93	1	0.0	1	0 1
94	2	0.0	1	0 2
95	1	0.0	1	0 1
96	1	0.0	1	0 1
97	1	0.0	1	0 1
98	2	0.0	1	0 2
99	6	0.0	1	0 6
100	2	0.0	1	0 2
101	3	0.0	1	0 3
102	1	0.0	1	0 1
104	5	0.0	1	0 5
105	6	0.0	1	0 6
106	1	0.0	1	0 1
107	3	0.0	1	0 3
108	3	0.0	1	0 3
110	4	0.0	1	0 4
111	1	0.0	1	0 1
112	2	0.0	1	0 2
113	2	0.0	1	0 2
114	2	0.0	1	0 2
115	5	0.0	1	0 5
116	18	0.0	1	0 18
117	1	0.0	1	0 1
120	1	0.0	1	0 1
122	7	0.0	1	0 7
124	3	0.0	1	0 3
125	3	0.0	1	0 3
126	3	0.0	1	0 3
127	4	0.0	1	0 4
128	2	0.0	1	0 2
130	1	0.0	1	0 1
131	3	0.0	1	0 3
134	2	0.0	1	0 2
136	1	0.0	1	0 1
137	4	0.0	1	0 4
139	6	0.0	1	0 6
140	3	0.0	1	0 3
141	1	0.0	1	0 1
142	2	0.0	1	0 2
143	1	0.0	1	0 1
144	1	0.0	1	0 1
146	1	0.0	1	0 1
149	2	0.0	1	0 2

RUN STATISTICS FOR INPUT FILE: Rosario_S4_L001_R1_001.fastq
=============================================
2141717 sequences processed in total
The length threshold of paired-end sequences gets evaluated later on (in the validation step)

Writing report to '/data2/PEG/hoaxaca/REAA/Pseudomonas/data/clean/clip/Rosario_S4_L001_R2_001.fastq_trimming_report.txt'

SUMMARISING RUN PARAMETERS
==========================
Input filename: Rosario_S4_L001_R2_001.fastq
Trimming mode: paired-end
Trim Galore version: 0.6.7
Cutadapt version: 2.5
Number of cores used for trimming: 1
Quality Phred score cutoff: 20
Quality encoding type selected: ASCII+33
Adapter sequence: 'AGATCGGAAGAGC' (Illumina TruSeq, Sanger iPCR; user defined)
Maximum trimming error rate: 0.1 (default)
Minimum required adapter overlap (stringency): 1 bp
Minimum required sequence length for both reads before a sequence pair gets removed: 130 bp
All Read 1 sequences will be trimmed by 15 bp from their 5' end to avoid poor qualities or biases
All Read 2 sequences will be trimmed by 15 bp from their 5' end to avoid poor qualities or biases (e.g. M-bias for BS-Seq applications)
All Read 1 sequences will be trimmed by 2 bp from their 3' end to avoid poor qualities or biases
All Read 2 sequences will be trimmed by 2 bp from their 3' end to avoid poor qualities or biases
Running FastQC on the data once trimming has completed

Cutadapt seems to be fairly up-to-date (version 2.5). Setting -j -j 1
Writing final adapter and quality trimmed output to Rosario_S4_L001_R2_001_trimmed.fq


  >>> Now performing quality (cutoff '-q 20') and adapter trimming in a single pass for the adapter sequence: 'AGATCGGAAGAGC' from file Rosario_S4_L001_R2_001.fastq <<< 
This is cutadapt 2.5 with Python 3.7.8
Command line parameters: -j 1 -e 0.1 -q 20 -O 1 -a AGATCGGAAGAGC Rosario_S4_L001_R2_001.fastq
Processing reads on 1 core in single-end mode ...
Finished in 15.88 s (7 us/read; 8.09 M reads/minute).

=== Summary ===

Total reads processed:               2,141,717
Reads with adapters:                   573,350 (26.8%)
Reads written (passing filters):     2,141,717 (100.0%)

Total basepairs processed:   309,038,427 bp
Quality-trimmed:               3,834,365 bp (1.2%)
Total written (filtered):    304,388,736 bp (98.5%)

=== Adapter 1 ===

Sequence: AGATCGGAAGAGC; Type: regular 3'; Length: 13; Trimmed: 573350 times.

No. of allowed errors:
0-9 bp: 0; 10-13 bp: 1

Bases preceding removed adapters:
  A: 31.1%
  C: 35.8%
  G: 21.6%
  T: 11.5%
  none/other: 0.0%

Overview of removed sequences
length	count	expect	max.err	error counts
1	397550	535429.2	0	397550
2	150305	133857.3	0	150305
3	16306	33464.3	0	16306
4	6005	8366.1	0	6005
5	1574	2091.5	0	1574
6	796	522.9	0	796
7	300	130.7	0	300
8	7	32.7	0	7
9	61	8.2	0	7 54
10	53	2.0	1	3 50
11	27	0.5	1	0 27
12	4	0.1	1	0 4
13	1	0.0	1	0 1
15	3	0.0	1	0 3
16	1	0.0	1	0 1
18	3	0.0	1	0 3
20	1	0.0	1	0 1
21	3	0.0	1	0 3
22	9	0.0	1	0 9
23	2	0.0	1	0 2
25	4	0.0	1	0 4
26	4	0.0	1	0 4
27	7	0.0	1	0 7
28	3	0.0	1	0 3
30	1	0.0	1	0 1
31	7	0.0	1	0 7
32	4	0.0	1	0 4
33	3	0.0	1	0 3
34	2	0.0	1	0 2
35	7	0.0	1	0 7
37	6	0.0	1	0 6
38	4	0.0	1	0 4
39	1	0.0	1	0 1
40	8	0.0	1	0 8
41	4	0.0	1	0 4
42	2	0.0	1	0 2
44	5	0.0	1	0 5
45	5	0.0	1	0 5
46	3	0.0	1	0 3
49	11	0.0	1	0 11
50	5	0.0	1	0 5
51	1	0.0	1	0 1
52	8	0.0	1	0 8
54	2	0.0	1	0 2
55	3	0.0	1	0 3
56	2	0.0	1	0 2
57	5	0.0	1	0 5
58	3	0.0	1	0 3
59	2	0.0	1	0 2
60	2	0.0	1	0 2
61	2	0.0	1	0 2
62	3	0.0	1	0 3
63	1	0.0	1	0 1
64	1	0.0	1	0 1
65	3	0.0	1	0 3
66	1	0.0	1	0 1
67	5	0.0	1	0 5
68	1	0.0	1	0 1
69	1	0.0	1	0 1
70	2	0.0	1	0 2
72	2	0.0	1	0 2
73	5	0.0	1	0 5
74	1	0.0	1	0 1
75	5	0.0	1	0 5
76	2	0.0	1	0 2
77	2	0.0	1	0 2
78	2	0.0	1	0 2
79	2	0.0	1	0 2
80	2	0.0	1	0 2
81	2	0.0	1	0 2
82	3	0.0	1	0 3
83	1	0.0	1	0 1
85	6	0.0	1	0 6
86	3	0.0	1	0 3
87	2	0.0	1	0 2
88	4	0.0	1	0 4
89	1	0.0	1	0 1
90	9	0.0	1	0 9
91	2	0.0	1	0 2
92	2	0.0	1	0 2
93	7	0.0	1	0 7
94	2	0.0	1	0 2
97	3	0.0	1	0 3
98	1	0.0	1	0 1
99	1	0.0	1	0 1
101	5	0.0	1	0 5
102	3	0.0	1	0 3
104	5	0.0	1	0 5
105	4	0.0	1	0 4
106	2	0.0	1	0 2
107	4	0.0	1	0 4
108	1	0.0	1	0 1
109	2	0.0	1	0 2
110	3	0.0	1	0 3
111	2	0.0	1	0 2
112	4	0.0	1	0 4
113	4	0.0	1	0 4
114	3	0.0	1	0 3
115	3	0.0	1	0 3
116	12	0.0	1	0 12
117	2	0.0	1	0 2
119	4	0.0	1	0 4
121	5	0.0	1	0 5
122	2	0.0	1	0 2
124	3	0.0	1	0 3
125	2	0.0	1	0 2
126	5	0.0	1	0 5
128	5	0.0	1	0 5
129	2	0.0	1	0 2
132	1	0.0	1	0 1
133	5	0.0	1	0 5
134	2	0.0	1	0 2
135	2	0.0	1	0 2
136	2	0.0	1	0 2
137	2	0.0	1	0 2
138	2	0.0	1	0 2
139	8	0.0	1	0 8
140	2	0.0	1	0 2
141	1	0.0	1	0 1
142	2	0.0	1	0 2
145	4	0.0	1	0 4
147	1	0.0	1	0 1
149	1	0.0	1	0 1
151	1	0.0	1	0 1

RUN STATISTICS FOR INPUT FILE: Rosario_S4_L001_R2_001.fastq
=============================================
2141717 sequences processed in total
The length threshold of paired-end sequences gets evaluated later on (in the validation step)

Validate paired-end files Rosario_S4_L001_R1_001_trimmed.fq and Rosario_S4_L001_R2_001_trimmed.fq
file_1: Rosario_S4_L001_R1_001_trimmed.fq, file_2: Rosario_S4_L001_R2_001_trimmed.fq


>>>>> Now validing the length of the 2 paired-end infiles: Rosario_S4_L001_R1_001_trimmed.fq and Rosario_S4_L001_R2_001_trimmed.fq <<<<<
Writing validated paired-end Read 1 reads to Rosario_S4_L001_R1_001_val_1.fq
Writing validated paired-end Read 2 reads to Rosario_S4_L001_R2_001_val_2.fq

Total number of sequences analysed: 2141717

Number of sequence pairs removed because at least one read was shorter than the length cutoff (130 bp): 512854 (23.95%)


  >>> Now running FastQC on the validated data Rosario_S4_L001_R1_001_val_1.fq<<<

Started analysis of Rosario_S4_L001_R1_001_val_1.fq
Approx 5% complete for Rosario_S4_L001_R1_001_val_1.fq
Approx 10% complete for Rosario_S4_L001_R1_001_val_1.fq
Approx 15% complete for Rosario_S4_L001_R1_001_val_1.fq
Approx 20% complete for Rosario_S4_L001_R1_001_val_1.fq
Approx 25% complete for Rosario_S4_L001_R1_001_val_1.fq
Approx 30% complete for Rosario_S4_L001_R1_001_val_1.fq
Approx 35% complete for Rosario_S4_L001_R1_001_val_1.fq
Approx 40% complete for Rosario_S4_L001_R1_001_val_1.fq
Approx 45% complete for Rosario_S4_L001_R1_001_val_1.fq
Approx 50% complete for Rosario_S4_L001_R1_001_val_1.fq
Approx 55% complete for Rosario_S4_L001_R1_001_val_1.fq
Approx 60% complete for Rosario_S4_L001_R1_001_val_1.fq
Approx 65% complete for Rosario_S4_L001_R1_001_val_1.fq
Approx 70% complete for Rosario_S4_L001_R1_001_val_1.fq
Approx 75% complete for Rosario_S4_L001_R1_001_val_1.fq
Approx 80% complete for Rosario_S4_L001_R1_001_val_1.fq
Approx 85% complete for Rosario_S4_L001_R1_001_val_1.fq
Approx 90% complete for Rosario_S4_L001_R1_001_val_1.fq
Approx 95% complete for Rosario_S4_L001_R1_001_val_1.fq

  >>> Now running FastQC on the validated data Rosario_S4_L001_R2_001_val_2.fq<<<

Started analysis of Rosario_S4_L001_R2_001_val_2.fq
Approx 5% complete for Rosario_S4_L001_R2_001_val_2.fq
Approx 10% complete for Rosario_S4_L001_R2_001_val_2.fq
Approx 15% complete for Rosario_S4_L001_R2_001_val_2.fq
Approx 20% complete for Rosario_S4_L001_R2_001_val_2.fq
Approx 25% complete for Rosario_S4_L001_R2_001_val_2.fq
Approx 30% complete for Rosario_S4_L001_R2_001_val_2.fq
Approx 35% complete for Rosario_S4_L001_R2_001_val_2.fq
Approx 40% complete for Rosario_S4_L001_R2_001_val_2.fq
Approx 45% complete for Rosario_S4_L001_R2_001_val_2.fq
Approx 50% complete for Rosario_S4_L001_R2_001_val_2.fq
Approx 55% complete for Rosario_S4_L001_R2_001_val_2.fq
Approx 60% complete for Rosario_S4_L001_R2_001_val_2.fq
Approx 65% complete for Rosario_S4_L001_R2_001_val_2.fq
Approx 70% complete for Rosario_S4_L001_R2_001_val_2.fq
Approx 75% complete for Rosario_S4_L001_R2_001_val_2.fq
Approx 80% complete for Rosario_S4_L001_R2_001_val_2.fq
Approx 85% complete for Rosario_S4_L001_R2_001_val_2.fq
Approx 90% complete for Rosario_S4_L001_R2_001_val_2.fq
Approx 95% complete for Rosario_S4_L001_R2_001_val_2.fq
Deleting both intermediate output files Rosario_S4_L001_R1_001_trimmed.fq and Rosario_S4_L001_R2_001_trimmed.fq

====================================================================================================

Multicore support not enabled. Proceeding with single-core trimming.
Path to Cutadapt set as: 'cutadapt' (default)
Cutadapt seems to be working fine (tested command 'cutadapt --version')
Cutadapt version: 2.5
single-core operation.
No quality encoding type selected. Assuming that the data provided uses Sanger encoded Phred scores (default)

Output directory ../clean/def/ doesn't exist, creating it for you...

Output will be written into the directory: /data2/PEG/hoaxaca/REAA/Pseudomonas/data/clean/def/
Writing report to '/data2/PEG/hoaxaca/REAA/Pseudomonas/data/clean/def/Rosario_S4_L001_R1_001.fastq_trimming_report.txt'

SUMMARISING RUN PARAMETERS
==========================
Input filename: Rosario_S4_L001_R1_001.fastq
Trimming mode: paired-end
Trim Galore version: 0.6.7
Cutadapt version: 2.5
Number of cores used for trimming: 1
Quality Phred score cutoff: 20
Quality encoding type selected: ASCII+33
Adapter sequence: 'AGATCGGAAGAGC' (Illumina TruSeq, Sanger iPCR; user defined)
Maximum trimming error rate: 0.1 (default)
Minimum required adapter overlap (stringency): 1 bp
Minimum required sequence length for both reads before a sequence pair gets removed: 20 bp
Running FastQC on the data once trimming has completed

Cutadapt seems to be fairly up-to-date (version 2.5). Setting -j 1
Writing final adapter and quality trimmed output to Rosario_S4_L001_R1_001_trimmed.fq


  >>> Now performing quality (cutoff '-q 20') and adapter trimming in a single pass for the adapter sequence: 'AGATCGGAAGAGC' from file Rosario_S4_L001_R1_001.fastq <<< 
This is cutadapt 2.5 with Python 3.7.8
Command line parameters: -j 1 -e 0.1 -q 20 -O 1 -a AGATCGGAAGAGC Rosario_S4_L001_R1_001.fastq
Processing reads on 1 core in single-end mode ...
Finished in 16.10 s (8 us/read; 7.98 M reads/minute).

=== Summary ===

Total reads processed:               2,141,717
Reads with adapters:                   619,682 (28.9%)
Reads written (passing filters):     2,141,717 (100.0%)

Total basepairs processed:   308,793,881 bp
Quality-trimmed:               1,575,708 bp (0.5%)
Total written (filtered):    306,348,500 bp (99.2%)

=== Adapter 1 ===

Sequence: AGATCGGAAGAGC; Type: regular 3'; Length: 13; Trimmed: 619682 times.

No. of allowed errors:
0-9 bp: 0; 10-13 bp: 1

Bases preceding removed adapters:
  A: 29.1%
  C: 37.2%
  G: 22.6%
  T: 11.2%
  none/other: 0.0%

Overview of removed sequences
length	count	expect	max.err	error counts
1	437123	535429.2	0	437123
2	154646	133857.3	0	154646
3	18254	33464.3	0	18254
4	6594	8366.1	0	6594
5	1475	2091.5	0	1475
6	825	522.9	0	825
7	266	130.7	0	266
8	7	32.7	0	7
9	68	8.2	0	3 65
10	50	2.0	1	1 49
11	34	0.5	1	0 34
12	6	0.1	1	0 6
15	1	0.0	1	0 1
16	3	0.0	1	0 3
17	2	0.0	1	0 2
18	2	0.0	1	0 2
21	1	0.0	1	0 1
22	3	0.0	1	0 3
23	3	0.0	1	0 3
24	1	0.0	1	0 1
25	4	0.0	1	0 4
26	1	0.0	1	0 1
27	1	0.0	1	0 1
28	2	0.0	1	0 2
29	3	0.0	1	0 3
30	1	0.0	1	0 1
31	6	0.0	1	0 6
32	6	0.0	1	0 6
33	3	0.0	1	0 3
34	5	0.0	1	0 5
35	4	0.0	1	0 4
36	2	0.0	1	0 2
37	2	0.0	1	0 2
38	1	0.0	1	0 1
39	1	0.0	1	0 1
40	4	0.0	1	0 4
41	3	0.0	1	0 3
42	3	0.0	1	0 3
43	2	0.0	1	0 2
44	1	0.0	1	0 1
45	5	0.0	1	0 5
46	2	0.0	1	0 2
47	1	0.0	1	0 1
48	1	0.0	1	0 1
49	13	0.0	1	0 13
50	3	0.0	1	0 3
51	5	0.0	1	0 5
52	2	0.0	1	0 2
55	3	0.0	1	0 3
56	1	0.0	1	0 1
57	4	0.0	1	0 4
58	5	0.0	1	0 5
59	2	0.0	1	0 2
60	2	0.0	1	0 2
61	3	0.0	1	0 3
63	1	0.0	1	0 1
64	2	0.0	1	0 2
65	8	0.0	1	0 8
66	2	0.0	1	0 2
67	3	0.0	1	0 3
68	2	0.0	1	0 2
69	1	0.0	1	0 1
70	1	0.0	1	0 1
72	6	0.0	1	0 6
73	3	0.0	1	0 3
75	4	0.0	1	0 4
76	4	0.0	1	0 4
77	2	0.0	1	0 2
78	2	0.0	1	0 2
79	6	0.0	1	0 6
80	6	0.0	1	0 6
81	3	0.0	1	0 3
82	3	0.0	1	0 3
84	2	0.0	1	0 2
85	4	0.0	1	0 4
86	5	0.0	1	0 5
87	1	0.0	1	0 1
88	2	0.0	1	0 2
89	1	0.0	1	0 1
90	10	0.0	1	0 10
91	2	0.0	1	0 2
92	1	0.0	1	0 1
93	1	0.0	1	0 1
94	2	0.0	1	0 2
95	1	0.0	1	0 1
96	1	0.0	1	0 1
97	1	0.0	1	0 1
98	2	0.0	1	0 2
99	6	0.0	1	0 6
100	2	0.0	1	0 2
101	3	0.0	1	0 3
102	1	0.0	1	0 1
104	5	0.0	1	0 5
105	6	0.0	1	0 6
106	1	0.0	1	0 1
107	3	0.0	1	0 3
108	3	0.0	1	0 3
110	4	0.0	1	0 4
111	1	0.0	1	0 1
112	2	0.0	1	0 2
113	2	0.0	1	0 2
114	2	0.0	1	0 2
115	5	0.0	1	0 5
116	18	0.0	1	0 18
117	1	0.0	1	0 1
120	1	0.0	1	0 1
122	7	0.0	1	0 7
124	3	0.0	1	0 3
125	3	0.0	1	0 3
126	3	0.0	1	0 3
127	4	0.0	1	0 4
128	2	0.0	1	0 2
130	1	0.0	1	0 1
131	3	0.0	1	0 3
134	2	0.0	1	0 2
136	1	0.0	1	0 1
137	4	0.0	1	0 4
139	6	0.0	1	0 6
140	3	0.0	1	0 3
141	1	0.0	1	0 1
142	2	0.0	1	0 2
143	1	0.0	1	0 1
144	1	0.0	1	0 1
146	1	0.0	1	0 1
149	2	0.0	1	0 2

RUN STATISTICS FOR INPUT FILE: Rosario_S4_L001_R1_001.fastq
=============================================
2141717 sequences processed in total
The length threshold of paired-end sequences gets evaluated later on (in the validation step)

Writing report to '/data2/PEG/hoaxaca/REAA/Pseudomonas/data/clean/def/Rosario_S4_L001_R2_001.fastq_trimming_report.txt'

SUMMARISING RUN PARAMETERS
==========================
Input filename: Rosario_S4_L001_R2_001.fastq
Trimming mode: paired-end
Trim Galore version: 0.6.7
Cutadapt version: 2.5
Number of cores used for trimming: 1
Quality Phred score cutoff: 20
Quality encoding type selected: ASCII+33
Adapter sequence: 'AGATCGGAAGAGC' (Illumina TruSeq, Sanger iPCR; user defined)
Maximum trimming error rate: 0.1 (default)
Minimum required adapter overlap (stringency): 1 bp
Minimum required sequence length for both reads before a sequence pair gets removed: 20 bp
Running FastQC on the data once trimming has completed

Cutadapt seems to be fairly up-to-date (version 2.5). Setting -j -j 1
Writing final adapter and quality trimmed output to Rosario_S4_L001_R2_001_trimmed.fq


  >>> Now performing quality (cutoff '-q 20') and adapter trimming in a single pass for the adapter sequence: 'AGATCGGAAGAGC' from file Rosario_S4_L001_R2_001.fastq <<< 
This is cutadapt 2.5 with Python 3.7.8
Command line parameters: -j 1 -e 0.1 -q 20 -O 1 -a AGATCGGAAGAGC Rosario_S4_L001_R2_001.fastq
Processing reads on 1 core in single-end mode ...
Finished in 16.11 s (8 us/read; 7.97 M reads/minute).

=== Summary ===

Total reads processed:               2,141,717
Reads with adapters:                   573,350 (26.8%)
Reads written (passing filters):     2,141,717 (100.0%)

Total basepairs processed:   309,038,427 bp
Quality-trimmed:               3,834,365 bp (1.2%)
Total written (filtered):    304,388,736 bp (98.5%)

=== Adapter 1 ===

Sequence: AGATCGGAAGAGC; Type: regular 3'; Length: 13; Trimmed: 573350 times.

No. of allowed errors:
0-9 bp: 0; 10-13 bp: 1

Bases preceding removed adapters:
  A: 31.1%
  C: 35.8%
  G: 21.6%
  T: 11.5%
  none/other: 0.0%

Overview of removed sequences
length	count	expect	max.err	error counts
1	397550	535429.2	0	397550
2	150305	133857.3	0	150305
3	16306	33464.3	0	16306
4	6005	8366.1	0	6005
5	1574	2091.5	0	1574
6	796	522.9	0	796
7	300	130.7	0	300
8	7	32.7	0	7
9	61	8.2	0	7 54
10	53	2.0	1	3 50
11	27	0.5	1	0 27
12	4	0.1	1	0 4
13	1	0.0	1	0 1
15	3	0.0	1	0 3
16	1	0.0	1	0 1
18	3	0.0	1	0 3
20	1	0.0	1	0 1
21	3	0.0	1	0 3
22	9	0.0	1	0 9
23	2	0.0	1	0 2
25	4	0.0	1	0 4
26	4	0.0	1	0 4
27	7	0.0	1	0 7
28	3	0.0	1	0 3
30	1	0.0	1	0 1
31	7	0.0	1	0 7
32	4	0.0	1	0 4
33	3	0.0	1	0 3
34	2	0.0	1	0 2
35	7	0.0	1	0 7
37	6	0.0	1	0 6
38	4	0.0	1	0 4
39	1	0.0	1	0 1
40	8	0.0	1	0 8
41	4	0.0	1	0 4
42	2	0.0	1	0 2
44	5	0.0	1	0 5
45	5	0.0	1	0 5
46	3	0.0	1	0 3
49	11	0.0	1	0 11
50	5	0.0	1	0 5
51	1	0.0	1	0 1
52	8	0.0	1	0 8
54	2	0.0	1	0 2
55	3	0.0	1	0 3
56	2	0.0	1	0 2
57	5	0.0	1	0 5
58	3	0.0	1	0 3
59	2	0.0	1	0 2
60	2	0.0	1	0 2
61	2	0.0	1	0 2
62	3	0.0	1	0 3
63	1	0.0	1	0 1
64	1	0.0	1	0 1
65	3	0.0	1	0 3
66	1	0.0	1	0 1
67	5	0.0	1	0 5
68	1	0.0	1	0 1
69	1	0.0	1	0 1
70	2	0.0	1	0 2
72	2	0.0	1	0 2
73	5	0.0	1	0 5
74	1	0.0	1	0 1
75	5	0.0	1	0 5
76	2	0.0	1	0 2
77	2	0.0	1	0 2
78	2	0.0	1	0 2
79	2	0.0	1	0 2
80	2	0.0	1	0 2
81	2	0.0	1	0 2
82	3	0.0	1	0 3
83	1	0.0	1	0 1
85	6	0.0	1	0 6
86	3	0.0	1	0 3
87	2	0.0	1	0 2
88	4	0.0	1	0 4
89	1	0.0	1	0 1
90	9	0.0	1	0 9
91	2	0.0	1	0 2
92	2	0.0	1	0 2
93	7	0.0	1	0 7
94	2	0.0	1	0 2
97	3	0.0	1	0 3
98	1	0.0	1	0 1
99	1	0.0	1	0 1
101	5	0.0	1	0 5
102	3	0.0	1	0 3
104	5	0.0	1	0 5
105	4	0.0	1	0 4
106	2	0.0	1	0 2
107	4	0.0	1	0 4
108	1	0.0	1	0 1
109	2	0.0	1	0 2
110	3	0.0	1	0 3
111	2	0.0	1	0 2
112	4	0.0	1	0 4
113	4	0.0	1	0 4
114	3	0.0	1	0 3
115	3	0.0	1	0 3
116	12	0.0	1	0 12
117	2	0.0	1	0 2
119	4	0.0	1	0 4
121	5	0.0	1	0 5
122	2	0.0	1	0 2
124	3	0.0	1	0 3
125	2	0.0	1	0 2
126	5	0.0	1	0 5
128	5	0.0	1	0 5
129	2	0.0	1	0 2
132	1	0.0	1	0 1
133	5	0.0	1	0 5
134	2	0.0	1	0 2
135	2	0.0	1	0 2
136	2	0.0	1	0 2
137	2	0.0	1	0 2
138	2	0.0	1	0 2
139	8	0.0	1	0 8
140	2	0.0	1	0 2
141	1	0.0	1	0 1
142	2	0.0	1	0 2
145	4	0.0	1	0 4
147	1	0.0	1	0 1
149	1	0.0	1	0 1
151	1	0.0	1	0 1

RUN STATISTICS FOR INPUT FILE: Rosario_S4_L001_R2_001.fastq
=============================================
2141717 sequences processed in total
The length threshold of paired-end sequences gets evaluated later on (in the validation step)

Validate paired-end files Rosario_S4_L001_R1_001_trimmed.fq and Rosario_S4_L001_R2_001_trimmed.fq
file_1: Rosario_S4_L001_R1_001_trimmed.fq, file_2: Rosario_S4_L001_R2_001_trimmed.fq


>>>>> Now validing the length of the 2 paired-end infiles: Rosario_S4_L001_R1_001_trimmed.fq and Rosario_S4_L001_R2_001_trimmed.fq <<<<<
Writing validated paired-end Read 1 reads to Rosario_S4_L001_R1_001_val_1.fq
Writing validated paired-end Read 2 reads to Rosario_S4_L001_R2_001_val_2.fq

Total number of sequences analysed: 2141717

Number of sequence pairs removed because at least one read was shorter than the length cutoff (20 bp): 4014 (0.19%)


  >>> Now running FastQC on the validated data Rosario_S4_L001_R1_001_val_1.fq<<<

Started analysis of Rosario_S4_L001_R1_001_val_1.fq
Approx 5% complete for Rosario_S4_L001_R1_001_val_1.fq
Approx 10% complete for Rosario_S4_L001_R1_001_val_1.fq
Approx 15% complete for Rosario_S4_L001_R1_001_val_1.fq
Approx 20% complete for Rosario_S4_L001_R1_001_val_1.fq
Approx 25% complete for Rosario_S4_L001_R1_001_val_1.fq
Approx 30% complete for Rosario_S4_L001_R1_001_val_1.fq
Approx 35% complete for Rosario_S4_L001_R1_001_val_1.fq
Approx 40% complete for Rosario_S4_L001_R1_001_val_1.fq
Approx 45% complete for Rosario_S4_L001_R1_001_val_1.fq
Approx 50% complete for Rosario_S4_L001_R1_001_val_1.fq
Approx 55% complete for Rosario_S4_L001_R1_001_val_1.fq
Approx 60% complete for Rosario_S4_L001_R1_001_val_1.fq
Approx 65% complete for Rosario_S4_L001_R1_001_val_1.fq
Approx 70% complete for Rosario_S4_L001_R1_001_val_1.fq
Approx 75% complete for Rosario_S4_L001_R1_001_val_1.fq
Approx 80% complete for Rosario_S4_L001_R1_001_val_1.fq
Approx 85% complete for Rosario_S4_L001_R1_001_val_1.fq
Approx 90% complete for Rosario_S4_L001_R1_001_val_1.fq
Approx 95% complete for Rosario_S4_L001_R1_001_val_1.fq

  >>> Now running FastQC on the validated data Rosario_S4_L001_R2_001_val_2.fq<<<

Started analysis of Rosario_S4_L001_R2_001_val_2.fq
Approx 5% complete for Rosario_S4_L001_R2_001_val_2.fq
Approx 10% complete for Rosario_S4_L001_R2_001_val_2.fq
Approx 15% complete for Rosario_S4_L001_R2_001_val_2.fq
Approx 20% complete for Rosario_S4_L001_R2_001_val_2.fq
Approx 25% complete for Rosario_S4_L001_R2_001_val_2.fq
Approx 30% complete for Rosario_S4_L001_R2_001_val_2.fq
Approx 35% complete for Rosario_S4_L001_R2_001_val_2.fq
Approx 40% complete for Rosario_S4_L001_R2_001_val_2.fq
Approx 45% complete for Rosario_S4_L001_R2_001_val_2.fq
Approx 50% complete for Rosario_S4_L001_R2_001_val_2.fq
Approx 55% complete for Rosario_S4_L001_R2_001_val_2.fq
Approx 60% complete for Rosario_S4_L001_R2_001_val_2.fq
Approx 65% complete for Rosario_S4_L001_R2_001_val_2.fq
Approx 70% complete for Rosario_S4_L001_R2_001_val_2.fq
Approx 75% complete for Rosario_S4_L001_R2_001_val_2.fq
Approx 80% complete for Rosario_S4_L001_R2_001_val_2.fq
Approx 85% complete for Rosario_S4_L001_R2_001_val_2.fq
Approx 90% complete for Rosario_S4_L001_R2_001_val_2.fq
Approx 95% complete for Rosario_S4_L001_R2_001_val_2.fq
Deleting both intermediate output files Rosario_S4_L001_R1_001_trimmed.fq and Rosario_S4_L001_R2_001_trimmed.fq

====================================================================================================

Multicore support not enabled. Proceeding with single-core trimming.
Path to Cutadapt set as: 'cutadapt' (default)
Cutadapt seems to be working fine (tested command 'cutadapt --version')
Cutadapt version: 2.5
single-core operation.
No quality encoding type selected. Assuming that the data provided uses Sanger encoded Phred scores (default)

Output directory ../clean/75/ doesn't exist, creating it for you...

Output will be written into the directory: /data2/PEG/hoaxaca/REAA/Pseudomonas/data/clean/75/
Writing report to '/data2/PEG/hoaxaca/REAA/Pseudomonas/data/clean/75/Rosario_S4_L001_R1_001.fastq_trimming_report.txt'

SUMMARISING RUN PARAMETERS
==========================
Input filename: Rosario_S4_L001_R1_001.fastq
Trimming mode: paired-end
Trim Galore version: 0.6.7
Cutadapt version: 2.5
Number of cores used for trimming: 1
Quality Phred score cutoff: 20
Quality encoding type selected: ASCII+33
Adapter sequence: 'AGATCGGAAGAGC' (Illumina TruSeq, Sanger iPCR; user defined)
Maximum trimming error rate: 0.1 (default)
Minimum required adapter overlap (stringency): 1 bp
Minimum required sequence length for both reads before a sequence pair gets removed: 75 bp
Running FastQC on the data once trimming has completed

Cutadapt seems to be fairly up-to-date (version 2.5). Setting -j 1
Writing final adapter and quality trimmed output to Rosario_S4_L001_R1_001_trimmed.fq


  >>> Now performing quality (cutoff '-q 20') and adapter trimming in a single pass for the adapter sequence: 'AGATCGGAAGAGC' from file Rosario_S4_L001_R1_001.fastq <<< 
This is cutadapt 2.5 with Python 3.7.8
Command line parameters: -j 1 -e 0.1 -q 20 -O 1 -a AGATCGGAAGAGC Rosario_S4_L001_R1_001.fastq
Processing reads on 1 core in single-end mode ...
Finished in 16.59 s (8 us/read; 7.75 M reads/minute).

=== Summary ===

Total reads processed:               2,141,717
Reads with adapters:                   619,682 (28.9%)
Reads written (passing filters):     2,141,717 (100.0%)

Total basepairs processed:   308,793,881 bp
Quality-trimmed:               1,575,708 bp (0.5%)
Total written (filtered):    306,348,500 bp (99.2%)

=== Adapter 1 ===

Sequence: AGATCGGAAGAGC; Type: regular 3'; Length: 13; Trimmed: 619682 times.

No. of allowed errors:
0-9 bp: 0; 10-13 bp: 1

Bases preceding removed adapters:
  A: 29.1%
  C: 37.2%
  G: 22.6%
  T: 11.2%
  none/other: 0.0%

Overview of removed sequences
length	count	expect	max.err	error counts
1	437123	535429.2	0	437123
2	154646	133857.3	0	154646
3	18254	33464.3	0	18254
4	6594	8366.1	0	6594
5	1475	2091.5	0	1475
6	825	522.9	0	825
7	266	130.7	0	266
8	7	32.7	0	7
9	68	8.2	0	3 65
10	50	2.0	1	1 49
11	34	0.5	1	0 34
12	6	0.1	1	0 6
15	1	0.0	1	0 1
16	3	0.0	1	0 3
17	2	0.0	1	0 2
18	2	0.0	1	0 2
21	1	0.0	1	0 1
22	3	0.0	1	0 3
23	3	0.0	1	0 3
24	1	0.0	1	0 1
25	4	0.0	1	0 4
26	1	0.0	1	0 1
27	1	0.0	1	0 1
28	2	0.0	1	0 2
29	3	0.0	1	0 3
30	1	0.0	1	0 1
31	6	0.0	1	0 6
32	6	0.0	1	0 6
33	3	0.0	1	0 3
34	5	0.0	1	0 5
35	4	0.0	1	0 4
36	2	0.0	1	0 2
37	2	0.0	1	0 2
38	1	0.0	1	0 1
39	1	0.0	1	0 1
40	4	0.0	1	0 4
41	3	0.0	1	0 3
42	3	0.0	1	0 3
43	2	0.0	1	0 2
44	1	0.0	1	0 1
45	5	0.0	1	0 5
46	2	0.0	1	0 2
47	1	0.0	1	0 1
48	1	0.0	1	0 1
49	13	0.0	1	0 13
50	3	0.0	1	0 3
51	5	0.0	1	0 5
52	2	0.0	1	0 2
55	3	0.0	1	0 3
56	1	0.0	1	0 1
57	4	0.0	1	0 4
58	5	0.0	1	0 5
59	2	0.0	1	0 2
60	2	0.0	1	0 2
61	3	0.0	1	0 3
63	1	0.0	1	0 1
64	2	0.0	1	0 2
65	8	0.0	1	0 8
66	2	0.0	1	0 2
67	3	0.0	1	0 3
68	2	0.0	1	0 2
69	1	0.0	1	0 1
70	1	0.0	1	0 1
72	6	0.0	1	0 6
73	3	0.0	1	0 3
75	4	0.0	1	0 4
76	4	0.0	1	0 4
77	2	0.0	1	0 2
78	2	0.0	1	0 2
79	6	0.0	1	0 6
80	6	0.0	1	0 6
81	3	0.0	1	0 3
82	3	0.0	1	0 3
84	2	0.0	1	0 2
85	4	0.0	1	0 4
86	5	0.0	1	0 5
87	1	0.0	1	0 1
88	2	0.0	1	0 2
89	1	0.0	1	0 1
90	10	0.0	1	0 10
91	2	0.0	1	0 2
92	1	0.0	1	0 1
93	1	0.0	1	0 1
94	2	0.0	1	0 2
95	1	0.0	1	0 1
96	1	0.0	1	0 1
97	1	0.0	1	0 1
98	2	0.0	1	0 2
99	6	0.0	1	0 6
100	2	0.0	1	0 2
101	3	0.0	1	0 3
102	1	0.0	1	0 1
104	5	0.0	1	0 5
105	6	0.0	1	0 6
106	1	0.0	1	0 1
107	3	0.0	1	0 3
108	3	0.0	1	0 3
110	4	0.0	1	0 4
111	1	0.0	1	0 1
112	2	0.0	1	0 2
113	2	0.0	1	0 2
114	2	0.0	1	0 2
115	5	0.0	1	0 5
116	18	0.0	1	0 18
117	1	0.0	1	0 1
120	1	0.0	1	0 1
122	7	0.0	1	0 7
124	3	0.0	1	0 3
125	3	0.0	1	0 3
126	3	0.0	1	0 3
127	4	0.0	1	0 4
128	2	0.0	1	0 2
130	1	0.0	1	0 1
131	3	0.0	1	0 3
134	2	0.0	1	0 2
136	1	0.0	1	0 1
137	4	0.0	1	0 4
139	6	0.0	1	0 6
140	3	0.0	1	0 3
141	1	0.0	1	0 1
142	2	0.0	1	0 2
143	1	0.0	1	0 1
144	1	0.0	1	0 1
146	1	0.0	1	0 1
149	2	0.0	1	0 2

RUN STATISTICS FOR INPUT FILE: Rosario_S4_L001_R1_001.fastq
=============================================
2141717 sequences processed in total
The length threshold of paired-end sequences gets evaluated later on (in the validation step)

Writing report to '/data2/PEG/hoaxaca/REAA/Pseudomonas/data/clean/75/Rosario_S4_L001_R2_001.fastq_trimming_report.txt'

SUMMARISING RUN PARAMETERS
==========================
Input filename: Rosario_S4_L001_R2_001.fastq
Trimming mode: paired-end
Trim Galore version: 0.6.7
Cutadapt version: 2.5
Number of cores used for trimming: 1
Quality Phred score cutoff: 20
Quality encoding type selected: ASCII+33
Adapter sequence: 'AGATCGGAAGAGC' (Illumina TruSeq, Sanger iPCR; user defined)
Maximum trimming error rate: 0.1 (default)
Minimum required adapter overlap (stringency): 1 bp
Minimum required sequence length for both reads before a sequence pair gets removed: 75 bp
Running FastQC on the data once trimming has completed

Cutadapt seems to be fairly up-to-date (version 2.5). Setting -j -j 1
Writing final adapter and quality trimmed output to Rosario_S4_L001_R2_001_trimmed.fq


  >>> Now performing quality (cutoff '-q 20') and adapter trimming in a single pass for the adapter sequence: 'AGATCGGAAGAGC' from file Rosario_S4_L001_R2_001.fastq <<< 
This is cutadapt 2.5 with Python 3.7.8
Command line parameters: -j 1 -e 0.1 -q 20 -O 1 -a AGATCGGAAGAGC Rosario_S4_L001_R2_001.fastq
Processing reads on 1 core in single-end mode ...
Finished in 16.29 s (8 us/read; 7.89 M reads/minute).

=== Summary ===

Total reads processed:               2,141,717
Reads with adapters:                   573,350 (26.8%)
Reads written (passing filters):     2,141,717 (100.0%)

Total basepairs processed:   309,038,427 bp
Quality-trimmed:               3,834,365 bp (1.2%)
Total written (filtered):    304,388,736 bp (98.5%)

=== Adapter 1 ===

Sequence: AGATCGGAAGAGC; Type: regular 3'; Length: 13; Trimmed: 573350 times.

No. of allowed errors:
0-9 bp: 0; 10-13 bp: 1

Bases preceding removed adapters:
  A: 31.1%
  C: 35.8%
  G: 21.6%
  T: 11.5%
  none/other: 0.0%

Overview of removed sequences
length	count	expect	max.err	error counts
1	397550	535429.2	0	397550
2	150305	133857.3	0	150305
3	16306	33464.3	0	16306
4	6005	8366.1	0	6005
5	1574	2091.5	0	1574
6	796	522.9	0	796
7	300	130.7	0	300
8	7	32.7	0	7
9	61	8.2	0	7 54
10	53	2.0	1	3 50
11	27	0.5	1	0 27
12	4	0.1	1	0 4
13	1	0.0	1	0 1
15	3	0.0	1	0 3
16	1	0.0	1	0 1
18	3	0.0	1	0 3
20	1	0.0	1	0 1
21	3	0.0	1	0 3
22	9	0.0	1	0 9
23	2	0.0	1	0 2
25	4	0.0	1	0 4
26	4	0.0	1	0 4
27	7	0.0	1	0 7
28	3	0.0	1	0 3
30	1	0.0	1	0 1
31	7	0.0	1	0 7
32	4	0.0	1	0 4
33	3	0.0	1	0 3
34	2	0.0	1	0 2
35	7	0.0	1	0 7
37	6	0.0	1	0 6
38	4	0.0	1	0 4
39	1	0.0	1	0 1
40	8	0.0	1	0 8
41	4	0.0	1	0 4
42	2	0.0	1	0 2
44	5	0.0	1	0 5
45	5	0.0	1	0 5
46	3	0.0	1	0 3
49	11	0.0	1	0 11
50	5	0.0	1	0 5
51	1	0.0	1	0 1
52	8	0.0	1	0 8
54	2	0.0	1	0 2
55	3	0.0	1	0 3
56	2	0.0	1	0 2
57	5	0.0	1	0 5
58	3	0.0	1	0 3
59	2	0.0	1	0 2
60	2	0.0	1	0 2
61	2	0.0	1	0 2
62	3	0.0	1	0 3
63	1	0.0	1	0 1
64	1	0.0	1	0 1
65	3	0.0	1	0 3
66	1	0.0	1	0 1
67	5	0.0	1	0 5
68	1	0.0	1	0 1
69	1	0.0	1	0 1
70	2	0.0	1	0 2
72	2	0.0	1	0 2
73	5	0.0	1	0 5
74	1	0.0	1	0 1
75	5	0.0	1	0 5
76	2	0.0	1	0 2
77	2	0.0	1	0 2
78	2	0.0	1	0 2
79	2	0.0	1	0 2
80	2	0.0	1	0 2
81	2	0.0	1	0 2
82	3	0.0	1	0 3
83	1	0.0	1	0 1
85	6	0.0	1	0 6
86	3	0.0	1	0 3
87	2	0.0	1	0 2
88	4	0.0	1	0 4
89	1	0.0	1	0 1
90	9	0.0	1	0 9
91	2	0.0	1	0 2
92	2	0.0	1	0 2
93	7	0.0	1	0 7
94	2	0.0	1	0 2
97	3	0.0	1	0 3
98	1	0.0	1	0 1
99	1	0.0	1	0 1
101	5	0.0	1	0 5
102	3	0.0	1	0 3
104	5	0.0	1	0 5
105	4	0.0	1	0 4
106	2	0.0	1	0 2
107	4	0.0	1	0 4
108	1	0.0	1	0 1
109	2	0.0	1	0 2
110	3	0.0	1	0 3
111	2	0.0	1	0 2
112	4	0.0	1	0 4
113	4	0.0	1	0 4
114	3	0.0	1	0 3
115	3	0.0	1	0 3
116	12	0.0	1	0 12
117	2	0.0	1	0 2
119	4	0.0	1	0 4
121	5	0.0	1	0 5
122	2	0.0	1	0 2
124	3	0.0	1	0 3
125	2	0.0	1	0 2
126	5	0.0	1	0 5
128	5	0.0	1	0 5
129	2	0.0	1	0 2
132	1	0.0	1	0 1
133	5	0.0	1	0 5
134	2	0.0	1	0 2
135	2	0.0	1	0 2
136	2	0.0	1	0 2
137	2	0.0	1	0 2
138	2	0.0	1	0 2
139	8	0.0	1	0 8
140	2	0.0	1	0 2
141	1	0.0	1	0 1
142	2	0.0	1	0 2
145	4	0.0	1	0 4
147	1	0.0	1	0 1
149	1	0.0	1	0 1
151	1	0.0	1	0 1

RUN STATISTICS FOR INPUT FILE: Rosario_S4_L001_R2_001.fastq
=============================================
2141717 sequences processed in total
The length threshold of paired-end sequences gets evaluated later on (in the validation step)

Validate paired-end files Rosario_S4_L001_R1_001_trimmed.fq and Rosario_S4_L001_R2_001_trimmed.fq
file_1: Rosario_S4_L001_R1_001_trimmed.fq, file_2: Rosario_S4_L001_R2_001_trimmed.fq


>>>>> Now validing the length of the 2 paired-end infiles: Rosario_S4_L001_R1_001_trimmed.fq and Rosario_S4_L001_R2_001_trimmed.fq <<<<<
Writing validated paired-end Read 1 reads to Rosario_S4_L001_R1_001_val_1.fq
Writing validated paired-end Read 2 reads to Rosario_S4_L001_R2_001_val_2.fq

Total number of sequences analysed: 2141717

Number of sequence pairs removed because at least one read was shorter than the length cutoff (75 bp): 57274 (2.67%)


  >>> Now running FastQC on the validated data Rosario_S4_L001_R1_001_val_1.fq<<<

Started analysis of Rosario_S4_L001_R1_001_val_1.fq
Approx 5% complete for Rosario_S4_L001_R1_001_val_1.fq
Approx 10% complete for Rosario_S4_L001_R1_001_val_1.fq
Approx 15% complete for Rosario_S4_L001_R1_001_val_1.fq
Approx 20% complete for Rosario_S4_L001_R1_001_val_1.fq
Approx 25% complete for Rosario_S4_L001_R1_001_val_1.fq
Approx 30% complete for Rosario_S4_L001_R1_001_val_1.fq
Approx 35% complete for Rosario_S4_L001_R1_001_val_1.fq
Approx 40% complete for Rosario_S4_L001_R1_001_val_1.fq
Approx 45% complete for Rosario_S4_L001_R1_001_val_1.fq
Approx 50% complete for Rosario_S4_L001_R1_001_val_1.fq
Approx 55% complete for Rosario_S4_L001_R1_001_val_1.fq
Approx 60% complete for Rosario_S4_L001_R1_001_val_1.fq
Approx 65% complete for Rosario_S4_L001_R1_001_val_1.fq
Approx 70% complete for Rosario_S4_L001_R1_001_val_1.fq
Approx 75% complete for Rosario_S4_L001_R1_001_val_1.fq
Approx 80% complete for Rosario_S4_L001_R1_001_val_1.fq
Approx 85% complete for Rosario_S4_L001_R1_001_val_1.fq
Approx 90% complete for Rosario_S4_L001_R1_001_val_1.fq
Approx 95% complete for Rosario_S4_L001_R1_001_val_1.fq

  >>> Now running FastQC on the validated data Rosario_S4_L001_R2_001_val_2.fq<<<

Started analysis of Rosario_S4_L001_R2_001_val_2.fq
Approx 5% complete for Rosario_S4_L001_R2_001_val_2.fq
Approx 10% complete for Rosario_S4_L001_R2_001_val_2.fq
Approx 15% complete for Rosario_S4_L001_R2_001_val_2.fq
Approx 20% complete for Rosario_S4_L001_R2_001_val_2.fq
Approx 25% complete for Rosario_S4_L001_R2_001_val_2.fq
Approx 30% complete for Rosario_S4_L001_R2_001_val_2.fq
Approx 35% complete for Rosario_S4_L001_R2_001_val_2.fq
Approx 40% complete for Rosario_S4_L001_R2_001_val_2.fq
Approx 45% complete for Rosario_S4_L001_R2_001_val_2.fq
Approx 50% complete for Rosario_S4_L001_R2_001_val_2.fq
Approx 55% complete for Rosario_S4_L001_R2_001_val_2.fq
Approx 60% complete for Rosario_S4_L001_R2_001_val_2.fq
Approx 65% complete for Rosario_S4_L001_R2_001_val_2.fq
Approx 70% complete for Rosario_S4_L001_R2_001_val_2.fq
Approx 75% complete for Rosario_S4_L001_R2_001_val_2.fq
Approx 80% complete for Rosario_S4_L001_R2_001_val_2.fq
Approx 85% complete for Rosario_S4_L001_R2_001_val_2.fq
Approx 90% complete for Rosario_S4_L001_R2_001_val_2.fq
Approx 95% complete for Rosario_S4_L001_R2_001_val_2.fq
Deleting both intermediate output files Rosario_S4_L001_R1_001_trimmed.fq and Rosario_S4_L001_R2_001_trimmed.fq

====================================================================================================

Multicore support not enabled. Proceeding with single-core trimming.
Path to Cutadapt set as: 'cutadapt' (default)
Cutadapt seems to be working fine (tested command 'cutadapt --version')
Cutadapt version: 2.5
single-core operation.
No quality encoding type selected. Assuming that the data provided uses Sanger encoded Phred scores (default)

Output directory ../clean/130/ doesn't exist, creating it for you...

Output will be written into the directory: /data2/PEG/hoaxaca/REAA/Pseudomonas/data/clean/130/
Writing report to '/data2/PEG/hoaxaca/REAA/Pseudomonas/data/clean/130/Rosario_S4_L001_R1_001.fastq_trimming_report.txt'

SUMMARISING RUN PARAMETERS
==========================
Input filename: Rosario_S4_L001_R1_001.fastq
Trimming mode: paired-end
Trim Galore version: 0.6.7
Cutadapt version: 2.5
Number of cores used for trimming: 1
Quality Phred score cutoff: 20
Quality encoding type selected: ASCII+33
Adapter sequence: 'AGATCGGAAGAGC' (Illumina TruSeq, Sanger iPCR; user defined)
Maximum trimming error rate: 0.1 (default)
Minimum required adapter overlap (stringency): 1 bp
Minimum required sequence length for both reads before a sequence pair gets removed: 130 bp
Running FastQC on the data once trimming has completed

Cutadapt seems to be fairly up-to-date (version 2.5). Setting -j 1
Writing final adapter and quality trimmed output to Rosario_S4_L001_R1_001_trimmed.fq


  >>> Now performing quality (cutoff '-q 20') and adapter trimming in a single pass for the adapter sequence: 'AGATCGGAAGAGC' from file Rosario_S4_L001_R1_001.fastq <<< 
This is cutadapt 2.5 with Python 3.7.8
Command line parameters: -j 1 -e 0.1 -q 20 -O 1 -a AGATCGGAAGAGC Rosario_S4_L001_R1_001.fastq
Processing reads on 1 core in single-end mode ...
Finished in 16.65 s (8 us/read; 7.72 M reads/minute).

=== Summary ===

Total reads processed:               2,141,717
Reads with adapters:                   619,682 (28.9%)
Reads written (passing filters):     2,141,717 (100.0%)

Total basepairs processed:   308,793,881 bp
Quality-trimmed:               1,575,708 bp (0.5%)
Total written (filtered):    306,348,500 bp (99.2%)

=== Adapter 1 ===

Sequence: AGATCGGAAGAGC; Type: regular 3'; Length: 13; Trimmed: 619682 times.

No. of allowed errors:
0-9 bp: 0; 10-13 bp: 1

Bases preceding removed adapters:
  A: 29.1%
  C: 37.2%
  G: 22.6%
  T: 11.2%
  none/other: 0.0%

Overview of removed sequences
length	count	expect	max.err	error counts
1	437123	535429.2	0	437123
2	154646	133857.3	0	154646
3	18254	33464.3	0	18254
4	6594	8366.1	0	6594
5	1475	2091.5	0	1475
6	825	522.9	0	825
7	266	130.7	0	266
8	7	32.7	0	7
9	68	8.2	0	3 65
10	50	2.0	1	1 49
11	34	0.5	1	0 34
12	6	0.1	1	0 6
15	1	0.0	1	0 1
16	3	0.0	1	0 3
17	2	0.0	1	0 2
18	2	0.0	1	0 2
21	1	0.0	1	0 1
22	3	0.0	1	0 3
23	3	0.0	1	0 3
24	1	0.0	1	0 1
25	4	0.0	1	0 4
26	1	0.0	1	0 1
27	1	0.0	1	0 1
28	2	0.0	1	0 2
29	3	0.0	1	0 3
30	1	0.0	1	0 1
31	6	0.0	1	0 6
32	6	0.0	1	0 6
33	3	0.0	1	0 3
34	5	0.0	1	0 5
35	4	0.0	1	0 4
36	2	0.0	1	0 2
37	2	0.0	1	0 2
38	1	0.0	1	0 1
39	1	0.0	1	0 1
40	4	0.0	1	0 4
41	3	0.0	1	0 3
42	3	0.0	1	0 3
43	2	0.0	1	0 2
44	1	0.0	1	0 1
45	5	0.0	1	0 5
46	2	0.0	1	0 2
47	1	0.0	1	0 1
48	1	0.0	1	0 1
49	13	0.0	1	0 13
50	3	0.0	1	0 3
51	5	0.0	1	0 5
52	2	0.0	1	0 2
55	3	0.0	1	0 3
56	1	0.0	1	0 1
57	4	0.0	1	0 4
58	5	0.0	1	0 5
59	2	0.0	1	0 2
60	2	0.0	1	0 2
61	3	0.0	1	0 3
63	1	0.0	1	0 1
64	2	0.0	1	0 2
65	8	0.0	1	0 8
66	2	0.0	1	0 2
67	3	0.0	1	0 3
68	2	0.0	1	0 2
69	1	0.0	1	0 1
70	1	0.0	1	0 1
72	6	0.0	1	0 6
73	3	0.0	1	0 3
75	4	0.0	1	0 4
76	4	0.0	1	0 4
77	2	0.0	1	0 2
78	2	0.0	1	0 2
79	6	0.0	1	0 6
80	6	0.0	1	0 6
81	3	0.0	1	0 3
82	3	0.0	1	0 3
84	2	0.0	1	0 2
85	4	0.0	1	0 4
86	5	0.0	1	0 5
87	1	0.0	1	0 1
88	2	0.0	1	0 2
89	1	0.0	1	0 1
90	10	0.0	1	0 10
91	2	0.0	1	0 2
92	1	0.0	1	0 1
93	1	0.0	1	0 1
94	2	0.0	1	0 2
95	1	0.0	1	0 1
96	1	0.0	1	0 1
97	1	0.0	1	0 1
98	2	0.0	1	0 2
99	6	0.0	1	0 6
100	2	0.0	1	0 2
101	3	0.0	1	0 3
102	1	0.0	1	0 1
104	5	0.0	1	0 5
105	6	0.0	1	0 6
106	1	0.0	1	0 1
107	3	0.0	1	0 3
108	3	0.0	1	0 3
110	4	0.0	1	0 4
111	1	0.0	1	0 1
112	2	0.0	1	0 2
113	2	0.0	1	0 2
114	2	0.0	1	0 2
115	5	0.0	1	0 5
116	18	0.0	1	0 18
117	1	0.0	1	0 1
120	1	0.0	1	0 1
122	7	0.0	1	0 7
124	3	0.0	1	0 3
125	3	0.0	1	0 3
126	3	0.0	1	0 3
127	4	0.0	1	0 4
128	2	0.0	1	0 2
130	1	0.0	1	0 1
131	3	0.0	1	0 3
134	2	0.0	1	0 2
136	1	0.0	1	0 1
137	4	0.0	1	0 4
139	6	0.0	1	0 6
140	3	0.0	1	0 3
141	1	0.0	1	0 1
142	2	0.0	1	0 2
143	1	0.0	1	0 1
144	1	0.0	1	0 1
146	1	0.0	1	0 1
149	2	0.0	1	0 2

RUN STATISTICS FOR INPUT FILE: Rosario_S4_L001_R1_001.fastq
=============================================
2141717 sequences processed in total
The length threshold of paired-end sequences gets evaluated later on (in the validation step)

Writing report to '/data2/PEG/hoaxaca/REAA/Pseudomonas/data/clean/130/Rosario_S4_L001_R2_001.fastq_trimming_report.txt'

SUMMARISING RUN PARAMETERS
==========================
Input filename: Rosario_S4_L001_R2_001.fastq
Trimming mode: paired-end
Trim Galore version: 0.6.7
Cutadapt version: 2.5
Number of cores used for trimming: 1
Quality Phred score cutoff: 20
Quality encoding type selected: ASCII+33
Adapter sequence: 'AGATCGGAAGAGC' (Illumina TruSeq, Sanger iPCR; user defined)
Maximum trimming error rate: 0.1 (default)
Minimum required adapter overlap (stringency): 1 bp
Minimum required sequence length for both reads before a sequence pair gets removed: 130 bp
Running FastQC on the data once trimming has completed

Cutadapt seems to be fairly up-to-date (version 2.5). Setting -j -j 1
Writing final adapter and quality trimmed output to Rosario_S4_L001_R2_001_trimmed.fq


  >>> Now performing quality (cutoff '-q 20') and adapter trimming in a single pass for the adapter sequence: 'AGATCGGAAGAGC' from file Rosario_S4_L001_R2_001.fastq <<< 
This is cutadapt 2.5 with Python 3.7.8
Command line parameters: -j 1 -e 0.1 -q 20 -O 1 -a AGATCGGAAGAGC Rosario_S4_L001_R2_001.fastq
Processing reads on 1 core in single-end mode ...
Finished in 15.97 s (7 us/read; 8.05 M reads/minute).

=== Summary ===

Total reads processed:               2,141,717
Reads with adapters:                   573,350 (26.8%)
Reads written (passing filters):     2,141,717 (100.0%)

Total basepairs processed:   309,038,427 bp
Quality-trimmed:               3,834,365 bp (1.2%)
Total written (filtered):    304,388,736 bp (98.5%)

=== Adapter 1 ===

Sequence: AGATCGGAAGAGC; Type: regular 3'; Length: 13; Trimmed: 573350 times.

No. of allowed errors:
0-9 bp: 0; 10-13 bp: 1

Bases preceding removed adapters:
  A: 31.1%
  C: 35.8%
  G: 21.6%
  T: 11.5%
  none/other: 0.0%

Overview of removed sequences
length	count	expect	max.err	error counts
1	397550	535429.2	0	397550
2	150305	133857.3	0	150305
3	16306	33464.3	0	16306
4	6005	8366.1	0	6005
5	1574	2091.5	0	1574
6	796	522.9	0	796
7	300	130.7	0	300
8	7	32.7	0	7
9	61	8.2	0	7 54
10	53	2.0	1	3 50
11	27	0.5	1	0 27
12	4	0.1	1	0 4
13	1	0.0	1	0 1
15	3	0.0	1	0 3
16	1	0.0	1	0 1
18	3	0.0	1	0 3
20	1	0.0	1	0 1
21	3	0.0	1	0 3
22	9	0.0	1	0 9
23	2	0.0	1	0 2
25	4	0.0	1	0 4
26	4	0.0	1	0 4
27	7	0.0	1	0 7
28	3	0.0	1	0 3
30	1	0.0	1	0 1
31	7	0.0	1	0 7
32	4	0.0	1	0 4
33	3	0.0	1	0 3
34	2	0.0	1	0 2
35	7	0.0	1	0 7
37	6	0.0	1	0 6
38	4	0.0	1	0 4
39	1	0.0	1	0 1
40	8	0.0	1	0 8
41	4	0.0	1	0 4
42	2	0.0	1	0 2
44	5	0.0	1	0 5
45	5	0.0	1	0 5
46	3	0.0	1	0 3
49	11	0.0	1	0 11
50	5	0.0	1	0 5
51	1	0.0	1	0 1
52	8	0.0	1	0 8
54	2	0.0	1	0 2
55	3	0.0	1	0 3
56	2	0.0	1	0 2
57	5	0.0	1	0 5
58	3	0.0	1	0 3
59	2	0.0	1	0 2
60	2	0.0	1	0 2
61	2	0.0	1	0 2
62	3	0.0	1	0 3
63	1	0.0	1	0 1
64	1	0.0	1	0 1
65	3	0.0	1	0 3
66	1	0.0	1	0 1
67	5	0.0	1	0 5
68	1	0.0	1	0 1
69	1	0.0	1	0 1
70	2	0.0	1	0 2
72	2	0.0	1	0 2
73	5	0.0	1	0 5
74	1	0.0	1	0 1
75	5	0.0	1	0 5
76	2	0.0	1	0 2
77	2	0.0	1	0 2
78	2	0.0	1	0 2
79	2	0.0	1	0 2
80	2	0.0	1	0 2
81	2	0.0	1	0 2
82	3	0.0	1	0 3
83	1	0.0	1	0 1
85	6	0.0	1	0 6
86	3	0.0	1	0 3
87	2	0.0	1	0 2
88	4	0.0	1	0 4
89	1	0.0	1	0 1
90	9	0.0	1	0 9
91	2	0.0	1	0 2
92	2	0.0	1	0 2
93	7	0.0	1	0 7
94	2	0.0	1	0 2
97	3	0.0	1	0 3
98	1	0.0	1	0 1
99	1	0.0	1	0 1
101	5	0.0	1	0 5
102	3	0.0	1	0 3
104	5	0.0	1	0 5
105	4	0.0	1	0 4
106	2	0.0	1	0 2
107	4	0.0	1	0 4
108	1	0.0	1	0 1
109	2	0.0	1	0 2
110	3	0.0	1	0 3
111	2	0.0	1	0 2
112	4	0.0	1	0 4
113	4	0.0	1	0 4
114	3	0.0	1	0 3
115	3	0.0	1	0 3
116	12	0.0	1	0 12
117	2	0.0	1	0 2
119	4	0.0	1	0 4
121	5	0.0	1	0 5
122	2	0.0	1	0 2
124	3	0.0	1	0 3
125	2	0.0	1	0 2
126	5	0.0	1	0 5
128	5	0.0	1	0 5
129	2	0.0	1	0 2
132	1	0.0	1	0 1
133	5	0.0	1	0 5
134	2	0.0	1	0 2
135	2	0.0	1	0 2
136	2	0.0	1	0 2
137	2	0.0	1	0 2
138	2	0.0	1	0 2
139	8	0.0	1	0 8
140	2	0.0	1	0 2
141	1	0.0	1	0 1
142	2	0.0	1	0 2
145	4	0.0	1	0 4
147	1	0.0	1	0 1
149	1	0.0	1	0 1
151	1	0.0	1	0 1

RUN STATISTICS FOR INPUT FILE: Rosario_S4_L001_R2_001.fastq
=============================================
2141717 sequences processed in total
The length threshold of paired-end sequences gets evaluated later on (in the validation step)

Validate paired-end files Rosario_S4_L001_R1_001_trimmed.fq and Rosario_S4_L001_R2_001_trimmed.fq
file_1: Rosario_S4_L001_R1_001_trimmed.fq, file_2: Rosario_S4_L001_R2_001_trimmed.fq


>>>>> Now validing the length of the 2 paired-end infiles: Rosario_S4_L001_R1_001_trimmed.fq and Rosario_S4_L001_R2_001_trimmed.fq <<<<<
Writing validated paired-end Read 1 reads to Rosario_S4_L001_R1_001_val_1.fq
Writing validated paired-end Read 2 reads to Rosario_S4_L001_R2_001_val_2.fq

Total number of sequences analysed: 2141717

Number of sequence pairs removed because at least one read was shorter than the length cutoff (130 bp): 307878 (14.38%)


  >>> Now running FastQC on the validated data Rosario_S4_L001_R1_001_val_1.fq<<<

Started analysis of Rosario_S4_L001_R1_001_val_1.fq
Approx 5% complete for Rosario_S4_L001_R1_001_val_1.fq
Approx 10% complete for Rosario_S4_L001_R1_001_val_1.fq
Approx 15% complete for Rosario_S4_L001_R1_001_val_1.fq
Approx 20% complete for Rosario_S4_L001_R1_001_val_1.fq
Approx 25% complete for Rosario_S4_L001_R1_001_val_1.fq
Approx 30% complete for Rosario_S4_L001_R1_001_val_1.fq
Approx 35% complete for Rosario_S4_L001_R1_001_val_1.fq
Approx 40% complete for Rosario_S4_L001_R1_001_val_1.fq
Approx 45% complete for Rosario_S4_L001_R1_001_val_1.fq
Approx 50% complete for Rosario_S4_L001_R1_001_val_1.fq
Approx 55% complete for Rosario_S4_L001_R1_001_val_1.fq
Approx 60% complete for Rosario_S4_L001_R1_001_val_1.fq
Approx 65% complete for Rosario_S4_L001_R1_001_val_1.fq
Approx 70% complete for Rosario_S4_L001_R1_001_val_1.fq
Approx 75% complete for Rosario_S4_L001_R1_001_val_1.fq
Approx 80% complete for Rosario_S4_L001_R1_001_val_1.fq
Approx 85% complete for Rosario_S4_L001_R1_001_val_1.fq
Approx 90% complete for Rosario_S4_L001_R1_001_val_1.fq
Approx 95% complete for Rosario_S4_L001_R1_001_val_1.fq

  >>> Now running FastQC on the validated data Rosario_S4_L001_R2_001_val_2.fq<<<

Started analysis of Rosario_S4_L001_R2_001_val_2.fq
Approx 5% complete for Rosario_S4_L001_R2_001_val_2.fq
Approx 10% complete for Rosario_S4_L001_R2_001_val_2.fq
Approx 15% complete for Rosario_S4_L001_R2_001_val_2.fq
Approx 20% complete for Rosario_S4_L001_R2_001_val_2.fq
Approx 25% complete for Rosario_S4_L001_R2_001_val_2.fq
Approx 30% complete for Rosario_S4_L001_R2_001_val_2.fq
Approx 35% complete for Rosario_S4_L001_R2_001_val_2.fq
Approx 40% complete for Rosario_S4_L001_R2_001_val_2.fq
Approx 45% complete for Rosario_S4_L001_R2_001_val_2.fq
Approx 50% complete for Rosario_S4_L001_R2_001_val_2.fq
Approx 55% complete for Rosario_S4_L001_R2_001_val_2.fq
Approx 60% complete for Rosario_S4_L001_R2_001_val_2.fq
Approx 65% complete for Rosario_S4_L001_R2_001_val_2.fq
Approx 70% complete for Rosario_S4_L001_R2_001_val_2.fq
Approx 75% complete for Rosario_S4_L001_R2_001_val_2.fq
Approx 80% complete for Rosario_S4_L001_R2_001_val_2.fq
Approx 85% complete for Rosario_S4_L001_R2_001_val_2.fq
Approx 90% complete for Rosario_S4_L001_R2_001_val_2.fq
Approx 95% complete for Rosario_S4_L001_R2_001_val_2.fq
Deleting both intermediate output files Rosario_S4_L001_R1_001_trimmed.fq and Rosario_S4_L001_R2_001_trimmed.fq

====================================================================================================

Multicore support not enabled. Proceeding with single-core trimming.
Path to Cutadapt set as: 'cutadapt' (default)
Cutadapt seems to be working fine (tested command 'cutadapt --version')
Cutadapt version: 2.5
single-core operation.
No quality encoding type selected. Assuming that the data provided uses Sanger encoded Phred scores (default)

Output directory ../clean/75clip/ doesn't exist, creating it for you...

Output will be written into the directory: /data2/PEG/hoaxaca/REAA/Pseudomonas/data/clean/75clip/
Writing report to '/data2/PEG/hoaxaca/REAA/Pseudomonas/data/clean/75clip/Rosario_S4_L001_R1_001.fastq_trimming_report.txt'

SUMMARISING RUN PARAMETERS
==========================
Input filename: Rosario_S4_L001_R1_001.fastq
Trimming mode: paired-end
Trim Galore version: 0.6.7
Cutadapt version: 2.5
Number of cores used for trimming: 1
Quality Phred score cutoff: 20
Quality encoding type selected: ASCII+33
Adapter sequence: 'AGATCGGAAGAGC' (Illumina TruSeq, Sanger iPCR; user defined)
Maximum trimming error rate: 0.1 (default)
Minimum required adapter overlap (stringency): 1 bp
Minimum required sequence length for both reads before a sequence pair gets removed: 75 bp
All Read 1 sequences will be trimmed by 15 bp from their 5' end to avoid poor qualities or biases
All Read 2 sequences will be trimmed by 15 bp from their 5' end to avoid poor qualities or biases (e.g. M-bias for BS-Seq applications)
All Read 1 sequences will be trimmed by 2 bp from their 3' end to avoid poor qualities or biases
All Read 2 sequences will be trimmed by 2 bp from their 3' end to avoid poor qualities or biases
Running FastQC on the data once trimming has completed

Cutadapt seems to be fairly up-to-date (version 2.5). Setting -j 1
Writing final adapter and quality trimmed output to Rosario_S4_L001_R1_001_trimmed.fq


  >>> Now performing quality (cutoff '-q 20') and adapter trimming in a single pass for the adapter sequence: 'AGATCGGAAGAGC' from file Rosario_S4_L001_R1_001.fastq <<< 
This is cutadapt 2.5 with Python 3.7.8
Command line parameters: -j 1 -e 0.1 -q 20 -O 1 -a AGATCGGAAGAGC Rosario_S4_L001_R1_001.fastq
Processing reads on 1 core in single-end mode ...
Finished in 16.62 s (8 us/read; 7.73 M reads/minute).

=== Summary ===

Total reads processed:               2,141,717
Reads with adapters:                   619,682 (28.9%)
Reads written (passing filters):     2,141,717 (100.0%)

Total basepairs processed:   308,793,881 bp
Quality-trimmed:               1,575,708 bp (0.5%)
Total written (filtered):    306,348,500 bp (99.2%)

=== Adapter 1 ===

Sequence: AGATCGGAAGAGC; Type: regular 3'; Length: 13; Trimmed: 619682 times.

No. of allowed errors:
0-9 bp: 0; 10-13 bp: 1

Bases preceding removed adapters:
  A: 29.1%
  C: 37.2%
  G: 22.6%
  T: 11.2%
  none/other: 0.0%

Overview of removed sequences
length	count	expect	max.err	error counts
1	437123	535429.2	0	437123
2	154646	133857.3	0	154646
3	18254	33464.3	0	18254
4	6594	8366.1	0	6594
5	1475	2091.5	0	1475
6	825	522.9	0	825
7	266	130.7	0	266
8	7	32.7	0	7
9	68	8.2	0	3 65
10	50	2.0	1	1 49
11	34	0.5	1	0 34
12	6	0.1	1	0 6
15	1	0.0	1	0 1
16	3	0.0	1	0 3
17	2	0.0	1	0 2
18	2	0.0	1	0 2
21	1	0.0	1	0 1
22	3	0.0	1	0 3
23	3	0.0	1	0 3
24	1	0.0	1	0 1
25	4	0.0	1	0 4
26	1	0.0	1	0 1
27	1	0.0	1	0 1
28	2	0.0	1	0 2
29	3	0.0	1	0 3
30	1	0.0	1	0 1
31	6	0.0	1	0 6
32	6	0.0	1	0 6
33	3	0.0	1	0 3
34	5	0.0	1	0 5
35	4	0.0	1	0 4
36	2	0.0	1	0 2
37	2	0.0	1	0 2
38	1	0.0	1	0 1
39	1	0.0	1	0 1
40	4	0.0	1	0 4
41	3	0.0	1	0 3
42	3	0.0	1	0 3
43	2	0.0	1	0 2
44	1	0.0	1	0 1
45	5	0.0	1	0 5
46	2	0.0	1	0 2
47	1	0.0	1	0 1
48	1	0.0	1	0 1
49	13	0.0	1	0 13
50	3	0.0	1	0 3
51	5	0.0	1	0 5
52	2	0.0	1	0 2
55	3	0.0	1	0 3
56	1	0.0	1	0 1
57	4	0.0	1	0 4
58	5	0.0	1	0 5
59	2	0.0	1	0 2
60	2	0.0	1	0 2
61	3	0.0	1	0 3
63	1	0.0	1	0 1
64	2	0.0	1	0 2
65	8	0.0	1	0 8
66	2	0.0	1	0 2
67	3	0.0	1	0 3
68	2	0.0	1	0 2
69	1	0.0	1	0 1
70	1	0.0	1	0 1
72	6	0.0	1	0 6
73	3	0.0	1	0 3
75	4	0.0	1	0 4
76	4	0.0	1	0 4
77	2	0.0	1	0 2
78	2	0.0	1	0 2
79	6	0.0	1	0 6
80	6	0.0	1	0 6
81	3	0.0	1	0 3
82	3	0.0	1	0 3
84	2	0.0	1	0 2
85	4	0.0	1	0 4
86	5	0.0	1	0 5
87	1	0.0	1	0 1
88	2	0.0	1	0 2
89	1	0.0	1	0 1
90	10	0.0	1	0 10
91	2	0.0	1	0 2
92	1	0.0	1	0 1
93	1	0.0	1	0 1
94	2	0.0	1	0 2
95	1	0.0	1	0 1
96	1	0.0	1	0 1
97	1	0.0	1	0 1
98	2	0.0	1	0 2
99	6	0.0	1	0 6
100	2	0.0	1	0 2
101	3	0.0	1	0 3
102	1	0.0	1	0 1
104	5	0.0	1	0 5
105	6	0.0	1	0 6
106	1	0.0	1	0 1
107	3	0.0	1	0 3
108	3	0.0	1	0 3
110	4	0.0	1	0 4
111	1	0.0	1	0 1
112	2	0.0	1	0 2
113	2	0.0	1	0 2
114	2	0.0	1	0 2
115	5	0.0	1	0 5
116	18	0.0	1	0 18
117	1	0.0	1	0 1
120	1	0.0	1	0 1
122	7	0.0	1	0 7
124	3	0.0	1	0 3
125	3	0.0	1	0 3
126	3	0.0	1	0 3
127	4	0.0	1	0 4
128	2	0.0	1	0 2
130	1	0.0	1	0 1
131	3	0.0	1	0 3
134	2	0.0	1	0 2
136	1	0.0	1	0 1
137	4	0.0	1	0 4
139	6	0.0	1	0 6
140	3	0.0	1	0 3
141	1	0.0	1	0 1
142	2	0.0	1	0 2
143	1	0.0	1	0 1
144	1	0.0	1	0 1
146	1	0.0	1	0 1
149	2	0.0	1	0 2

RUN STATISTICS FOR INPUT FILE: Rosario_S4_L001_R1_001.fastq
=============================================
2141717 sequences processed in total
The length threshold of paired-end sequences gets evaluated later on (in the validation step)

Writing report to '/data2/PEG/hoaxaca/REAA/Pseudomonas/data/clean/75clip/Rosario_S4_L001_R2_001.fastq_trimming_report.txt'

SUMMARISING RUN PARAMETERS
==========================
Input filename: Rosario_S4_L001_R2_001.fastq
Trimming mode: paired-end
Trim Galore version: 0.6.7
Cutadapt version: 2.5
Number of cores used for trimming: 1
Quality Phred score cutoff: 20
Quality encoding type selected: ASCII+33
Adapter sequence: 'AGATCGGAAGAGC' (Illumina TruSeq, Sanger iPCR; user defined)
Maximum trimming error rate: 0.1 (default)
Minimum required adapter overlap (stringency): 1 bp
Minimum required sequence length for both reads before a sequence pair gets removed: 75 bp
All Read 1 sequences will be trimmed by 15 bp from their 5' end to avoid poor qualities or biases
All Read 2 sequences will be trimmed by 15 bp from their 5' end to avoid poor qualities or biases (e.g. M-bias for BS-Seq applications)
All Read 1 sequences will be trimmed by 2 bp from their 3' end to avoid poor qualities or biases
All Read 2 sequences will be trimmed by 2 bp from their 3' end to avoid poor qualities or biases
Running FastQC on the data once trimming has completed

Cutadapt seems to be fairly up-to-date (version 2.5). Setting -j -j 1
Writing final adapter and quality trimmed output to Rosario_S4_L001_R2_001_trimmed.fq


  >>> Now performing quality (cutoff '-q 20') and adapter trimming in a single pass for the adapter sequence: 'AGATCGGAAGAGC' from file Rosario_S4_L001_R2_001.fastq <<< 
This is cutadapt 2.5 with Python 3.7.8
Command line parameters: -j 1 -e 0.1 -q 20 -O 1 -a AGATCGGAAGAGC Rosario_S4_L001_R2_001.fastq
Processing reads on 1 core in single-end mode ...
Finished in 16.06 s (8 us/read; 8.00 M reads/minute).

=== Summary ===

Total reads processed:               2,141,717
Reads with adapters:                   573,350 (26.8%)
Reads written (passing filters):     2,141,717 (100.0%)

Total basepairs processed:   309,038,427 bp
Quality-trimmed:               3,834,365 bp (1.2%)
Total written (filtered):    304,388,736 bp (98.5%)

=== Adapter 1 ===

Sequence: AGATCGGAAGAGC; Type: regular 3'; Length: 13; Trimmed: 573350 times.

No. of allowed errors:
0-9 bp: 0; 10-13 bp: 1

Bases preceding removed adapters:
  A: 31.1%
  C: 35.8%
  G: 21.6%
  T: 11.5%
  none/other: 0.0%

Overview of removed sequences
length	count	expect	max.err	error counts
1	397550	535429.2	0	397550
2	150305	133857.3	0	150305
3	16306	33464.3	0	16306
4	6005	8366.1	0	6005
5	1574	2091.5	0	1574
6	796	522.9	0	796
7	300	130.7	0	300
8	7	32.7	0	7
9	61	8.2	0	7 54
10	53	2.0	1	3 50
11	27	0.5	1	0 27
12	4	0.1	1	0 4
13	1	0.0	1	0 1
15	3	0.0	1	0 3
16	1	0.0	1	0 1
18	3	0.0	1	0 3
20	1	0.0	1	0 1
21	3	0.0	1	0 3
22	9	0.0	1	0 9
23	2	0.0	1	0 2
25	4	0.0	1	0 4
26	4	0.0	1	0 4
27	7	0.0	1	0 7
28	3	0.0	1	0 3
30	1	0.0	1	0 1
31	7	0.0	1	0 7
32	4	0.0	1	0 4
33	3	0.0	1	0 3
34	2	0.0	1	0 2
35	7	0.0	1	0 7
37	6	0.0	1	0 6
38	4	0.0	1	0 4
39	1	0.0	1	0 1
40	8	0.0	1	0 8
41	4	0.0	1	0 4
42	2	0.0	1	0 2
44	5	0.0	1	0 5
45	5	0.0	1	0 5
46	3	0.0	1	0 3
49	11	0.0	1	0 11
50	5	0.0	1	0 5
51	1	0.0	1	0 1
52	8	0.0	1	0 8
54	2	0.0	1	0 2
55	3	0.0	1	0 3
56	2	0.0	1	0 2
57	5	0.0	1	0 5
58	3	0.0	1	0 3
59	2	0.0	1	0 2
60	2	0.0	1	0 2
61	2	0.0	1	0 2
62	3	0.0	1	0 3
63	1	0.0	1	0 1
64	1	0.0	1	0 1
65	3	0.0	1	0 3
66	1	0.0	1	0 1
67	5	0.0	1	0 5
68	1	0.0	1	0 1
69	1	0.0	1	0 1
70	2	0.0	1	0 2
72	2	0.0	1	0 2
73	5	0.0	1	0 5
74	1	0.0	1	0 1
75	5	0.0	1	0 5
76	2	0.0	1	0 2
77	2	0.0	1	0 2
78	2	0.0	1	0 2
79	2	0.0	1	0 2
80	2	0.0	1	0 2
81	2	0.0	1	0 2
82	3	0.0	1	0 3
83	1	0.0	1	0 1
85	6	0.0	1	0 6
86	3	0.0	1	0 3
87	2	0.0	1	0 2
88	4	0.0	1	0 4
89	1	0.0	1	0 1
90	9	0.0	1	0 9
91	2	0.0	1	0 2
92	2	0.0	1	0 2
93	7	0.0	1	0 7
94	2	0.0	1	0 2
97	3	0.0	1	0 3
98	1	0.0	1	0 1
99	1	0.0	1	0 1
101	5	0.0	1	0 5
102	3	0.0	1	0 3
104	5	0.0	1	0 5
105	4	0.0	1	0 4
106	2	0.0	1	0 2
107	4	0.0	1	0 4
108	1	0.0	1	0 1
109	2	0.0	1	0 2
110	3	0.0	1	0 3
111	2	0.0	1	0 2
112	4	0.0	1	0 4
113	4	0.0	1	0 4
114	3	0.0	1	0 3
115	3	0.0	1	0 3
116	12	0.0	1	0 12
117	2	0.0	1	0 2
119	4	0.0	1	0 4
121	5	0.0	1	0 5
122	2	0.0	1	0 2
124	3	0.0	1	0 3
125	2	0.0	1	0 2
126	5	0.0	1	0 5
128	5	0.0	1	0 5
129	2	0.0	1	0 2
132	1	0.0	1	0 1
133	5	0.0	1	0 5
134	2	0.0	1	0 2
135	2	0.0	1	0 2
136	2	0.0	1	0 2
137	2	0.0	1	0 2
138	2	0.0	1	0 2
139	8	0.0	1	0 8
140	2	0.0	1	0 2
141	1	0.0	1	0 1
142	2	0.0	1	0 2
145	4	0.0	1	0 4
147	1	0.0	1	0 1
149	1	0.0	1	0 1
151	1	0.0	1	0 1

RUN STATISTICS FOR INPUT FILE: Rosario_S4_L001_R2_001.fastq
=============================================
2141717 sequences processed in total
The length threshold of paired-end sequences gets evaluated later on (in the validation step)

Validate paired-end files Rosario_S4_L001_R1_001_trimmed.fq and Rosario_S4_L001_R2_001_trimmed.fq
file_1: Rosario_S4_L001_R1_001_trimmed.fq, file_2: Rosario_S4_L001_R2_001_trimmed.fq


>>>>> Now validing the length of the 2 paired-end infiles: Rosario_S4_L001_R1_001_trimmed.fq and Rosario_S4_L001_R2_001_trimmed.fq <<<<<
Writing validated paired-end Read 1 reads to Rosario_S4_L001_R1_001_val_1.fq
Writing validated paired-end Read 2 reads to Rosario_S4_L001_R2_001_val_2.fq

Total number of sequences analysed: 2141717

Number of sequence pairs removed because at least one read was shorter than the length cutoff (75 bp): 103421 (4.83%)


  >>> Now running FastQC on the validated data Rosario_S4_L001_R1_001_val_1.fq<<<

Started analysis of Rosario_S4_L001_R1_001_val_1.fq
Approx 5% complete for Rosario_S4_L001_R1_001_val_1.fq
Approx 10% complete for Rosario_S4_L001_R1_001_val_1.fq
Approx 15% complete for Rosario_S4_L001_R1_001_val_1.fq
Approx 20% complete for Rosario_S4_L001_R1_001_val_1.fq
Approx 25% complete for Rosario_S4_L001_R1_001_val_1.fq
Approx 30% complete for Rosario_S4_L001_R1_001_val_1.fq
Approx 35% complete for Rosario_S4_L001_R1_001_val_1.fq
Approx 40% complete for Rosario_S4_L001_R1_001_val_1.fq
Approx 45% complete for Rosario_S4_L001_R1_001_val_1.fq
Approx 50% complete for Rosario_S4_L001_R1_001_val_1.fq
Approx 55% complete for Rosario_S4_L001_R1_001_val_1.fq
Approx 60% complete for Rosario_S4_L001_R1_001_val_1.fq
Approx 65% complete for Rosario_S4_L001_R1_001_val_1.fq
Approx 70% complete for Rosario_S4_L001_R1_001_val_1.fq
Approx 75% complete for Rosario_S4_L001_R1_001_val_1.fq
Approx 80% complete for Rosario_S4_L001_R1_001_val_1.fq
Approx 85% complete for Rosario_S4_L001_R1_001_val_1.fq
Approx 90% complete for Rosario_S4_L001_R1_001_val_1.fq
Approx 95% complete for Rosario_S4_L001_R1_001_val_1.fq

  >>> Now running FastQC on the validated data Rosario_S4_L001_R2_001_val_2.fq<<<

Started analysis of Rosario_S4_L001_R2_001_val_2.fq
Approx 5% complete for Rosario_S4_L001_R2_001_val_2.fq
Approx 10% complete for Rosario_S4_L001_R2_001_val_2.fq
Approx 15% complete for Rosario_S4_L001_R2_001_val_2.fq
Approx 20% complete for Rosario_S4_L001_R2_001_val_2.fq
Approx 25% complete for Rosario_S4_L001_R2_001_val_2.fq
Approx 30% complete for Rosario_S4_L001_R2_001_val_2.fq
Approx 35% complete for Rosario_S4_L001_R2_001_val_2.fq
Approx 40% complete for Rosario_S4_L001_R2_001_val_2.fq
Approx 45% complete for Rosario_S4_L001_R2_001_val_2.fq
Approx 50% complete for Rosario_S4_L001_R2_001_val_2.fq
Approx 55% complete for Rosario_S4_L001_R2_001_val_2.fq
Approx 60% complete for Rosario_S4_L001_R2_001_val_2.fq
Approx 65% complete for Rosario_S4_L001_R2_001_val_2.fq
Approx 70% complete for Rosario_S4_L001_R2_001_val_2.fq
Approx 75% complete for Rosario_S4_L001_R2_001_val_2.fq
Approx 80% complete for Rosario_S4_L001_R2_001_val_2.fq
Approx 85% complete for Rosario_S4_L001_R2_001_val_2.fq
Approx 90% complete for Rosario_S4_L001_R2_001_val_2.fq
Approx 95% complete for Rosario_S4_L001_R2_001_val_2.fq
Deleting both intermediate output files Rosario_S4_L001_R1_001_trimmed.fq and Rosario_S4_L001_R2_001_trimmed.fq

====================================================================================================

Multicore support not enabled. Proceeding with single-core trimming.
Path to Cutadapt set as: 'cutadapt' (default)
Cutadapt seems to be working fine (tested command 'cutadapt --version')
Cutadapt version: 2.5
single-core operation.
No quality encoding type selected. Assuming that the data provided uses Sanger encoded Phred scores (default)

Output directory ../clean/130clip/ doesn't exist, creating it for you...

Output will be written into the directory: /data2/PEG/hoaxaca/REAA/Pseudomonas/data/clean/130clip/
Writing report to '/data2/PEG/hoaxaca/REAA/Pseudomonas/data/clean/130clip/Rosario_S4_L001_R1_001.fastq_trimming_report.txt'

SUMMARISING RUN PARAMETERS
==========================
Input filename: Rosario_S4_L001_R1_001.fastq
Trimming mode: paired-end
Trim Galore version: 0.6.7
Cutadapt version: 2.5
Number of cores used for trimming: 1
Quality Phred score cutoff: 20
Quality encoding type selected: ASCII+33
Adapter sequence: 'AGATCGGAAGAGC' (Illumina TruSeq, Sanger iPCR; user defined)
Maximum trimming error rate: 0.1 (default)
Minimum required adapter overlap (stringency): 1 bp
Minimum required sequence length for both reads before a sequence pair gets removed: 130 bp
All Read 1 sequences will be trimmed by 15 bp from their 5' end to avoid poor qualities or biases
All Read 2 sequences will be trimmed by 15 bp from their 5' end to avoid poor qualities or biases (e.g. M-bias for BS-Seq applications)
All Read 1 sequences will be trimmed by 2 bp from their 3' end to avoid poor qualities or biases
All Read 2 sequences will be trimmed by 2 bp from their 3' end to avoid poor qualities or biases
Running FastQC on the data once trimming has completed

Cutadapt seems to be fairly up-to-date (version 2.5). Setting -j 1
Writing final adapter and quality trimmed output to Rosario_S4_L001_R1_001_trimmed.fq


  >>> Now performing quality (cutoff '-q 20') and adapter trimming in a single pass for the adapter sequence: 'AGATCGGAAGAGC' from file Rosario_S4_L001_R1_001.fastq <<< 
This is cutadapt 2.5 with Python 3.7.8
Command line parameters: -j 1 -e 0.1 -q 20 -O 1 -a AGATCGGAAGAGC Rosario_S4_L001_R1_001.fastq
Processing reads on 1 core in single-end mode ...
Finished in 16.31 s (8 us/read; 7.88 M reads/minute).

=== Summary ===

Total reads processed:               2,141,717
Reads with adapters:                   619,682 (28.9%)
Reads written (passing filters):     2,141,717 (100.0%)

Total basepairs processed:   308,793,881 bp
Quality-trimmed:               1,575,708 bp (0.5%)
Total written (filtered):    306,348,500 bp (99.2%)

=== Adapter 1 ===

Sequence: AGATCGGAAGAGC; Type: regular 3'; Length: 13; Trimmed: 619682 times.

No. of allowed errors:
0-9 bp: 0; 10-13 bp: 1

Bases preceding removed adapters:
  A: 29.1%
  C: 37.2%
  G: 22.6%
  T: 11.2%
  none/other: 0.0%

Overview of removed sequences
length	count	expect	max.err	error counts
1	437123	535429.2	0	437123
2	154646	133857.3	0	154646
3	18254	33464.3	0	18254
4	6594	8366.1	0	6594
5	1475	2091.5	0	1475
6	825	522.9	0	825
7	266	130.7	0	266
8	7	32.7	0	7
9	68	8.2	0	3 65
10	50	2.0	1	1 49
11	34	0.5	1	0 34
12	6	0.1	1	0 6
15	1	0.0	1	0 1
16	3	0.0	1	0 3
17	2	0.0	1	0 2
18	2	0.0	1	0 2
21	1	0.0	1	0 1
22	3	0.0	1	0 3
23	3	0.0	1	0 3
24	1	0.0	1	0 1
25	4	0.0	1	0 4
26	1	0.0	1	0 1
27	1	0.0	1	0 1
28	2	0.0	1	0 2
29	3	0.0	1	0 3
30	1	0.0	1	0 1
31	6	0.0	1	0 6
32	6	0.0	1	0 6
33	3	0.0	1	0 3
34	5	0.0	1	0 5
35	4	0.0	1	0 4
36	2	0.0	1	0 2
37	2	0.0	1	0 2
38	1	0.0	1	0 1
39	1	0.0	1	0 1
40	4	0.0	1	0 4
41	3	0.0	1	0 3
42	3	0.0	1	0 3
43	2	0.0	1	0 2
44	1	0.0	1	0 1
45	5	0.0	1	0 5
46	2	0.0	1	0 2
47	1	0.0	1	0 1
48	1	0.0	1	0 1
49	13	0.0	1	0 13
50	3	0.0	1	0 3
51	5	0.0	1	0 5
52	2	0.0	1	0 2
55	3	0.0	1	0 3
56	1	0.0	1	0 1
57	4	0.0	1	0 4
58	5	0.0	1	0 5
59	2	0.0	1	0 2
60	2	0.0	1	0 2
61	3	0.0	1	0 3
63	1	0.0	1	0 1
64	2	0.0	1	0 2
65	8	0.0	1	0 8
66	2	0.0	1	0 2
67	3	0.0	1	0 3
68	2	0.0	1	0 2
69	1	0.0	1	0 1
70	1	0.0	1	0 1
72	6	0.0	1	0 6
73	3	0.0	1	0 3
75	4	0.0	1	0 4
76	4	0.0	1	0 4
77	2	0.0	1	0 2
78	2	0.0	1	0 2
79	6	0.0	1	0 6
80	6	0.0	1	0 6
81	3	0.0	1	0 3
82	3	0.0	1	0 3
84	2	0.0	1	0 2
85	4	0.0	1	0 4
86	5	0.0	1	0 5
87	1	0.0	1	0 1
88	2	0.0	1	0 2
89	1	0.0	1	0 1
90	10	0.0	1	0 10
91	2	0.0	1	0 2
92	1	0.0	1	0 1
93	1	0.0	1	0 1
94	2	0.0	1	0 2
95	1	0.0	1	0 1
96	1	0.0	1	0 1
97	1	0.0	1	0 1
98	2	0.0	1	0 2
99	6	0.0	1	0 6
100	2	0.0	1	0 2
101	3	0.0	1	0 3
102	1	0.0	1	0 1
104	5	0.0	1	0 5
105	6	0.0	1	0 6
106	1	0.0	1	0 1
107	3	0.0	1	0 3
108	3	0.0	1	0 3
110	4	0.0	1	0 4
111	1	0.0	1	0 1
112	2	0.0	1	0 2
113	2	0.0	1	0 2
114	2	0.0	1	0 2
115	5	0.0	1	0 5
116	18	0.0	1	0 18
117	1	0.0	1	0 1
120	1	0.0	1	0 1
122	7	0.0	1	0 7
124	3	0.0	1	0 3
125	3	0.0	1	0 3
126	3	0.0	1	0 3
127	4	0.0	1	0 4
128	2	0.0	1	0 2
130	1	0.0	1	0 1
131	3	0.0	1	0 3
134	2	0.0	1	0 2
136	1	0.0	1	0 1
137	4	0.0	1	0 4
139	6	0.0	1	0 6
140	3	0.0	1	0 3
141	1	0.0	1	0 1
142	2	0.0	1	0 2
143	1	0.0	1	0 1
144	1	0.0	1	0 1
146	1	0.0	1	0 1
149	2	0.0	1	0 2

RUN STATISTICS FOR INPUT FILE: Rosario_S4_L001_R1_001.fastq
=============================================
2141717 sequences processed in total
The length threshold of paired-end sequences gets evaluated later on (in the validation step)

Writing report to '/data2/PEG/hoaxaca/REAA/Pseudomonas/data/clean/130clip/Rosario_S4_L001_R2_001.fastq_trimming_report.txt'

SUMMARISING RUN PARAMETERS
==========================
Input filename: Rosario_S4_L001_R2_001.fastq
Trimming mode: paired-end
Trim Galore version: 0.6.7
Cutadapt version: 2.5
Number of cores used for trimming: 1
Quality Phred score cutoff: 20
Quality encoding type selected: ASCII+33
Adapter sequence: 'AGATCGGAAGAGC' (Illumina TruSeq, Sanger iPCR; user defined)
Maximum trimming error rate: 0.1 (default)
Minimum required adapter overlap (stringency): 1 bp
Minimum required sequence length for both reads before a sequence pair gets removed: 130 bp
All Read 1 sequences will be trimmed by 15 bp from their 5' end to avoid poor qualities or biases
All Read 2 sequences will be trimmed by 15 bp from their 5' end to avoid poor qualities or biases (e.g. M-bias for BS-Seq applications)
All Read 1 sequences will be trimmed by 2 bp from their 3' end to avoid poor qualities or biases
All Read 2 sequences will be trimmed by 2 bp from their 3' end to avoid poor qualities or biases
Running FastQC on the data once trimming has completed

Cutadapt seems to be fairly up-to-date (version 2.5). Setting -j -j 1
Writing final adapter and quality trimmed output to Rosario_S4_L001_R2_001_trimmed.fq


  >>> Now performing quality (cutoff '-q 20') and adapter trimming in a single pass for the adapter sequence: 'AGATCGGAAGAGC' from file Rosario_S4_L001_R2_001.fastq <<< 
This is cutadapt 2.5 with Python 3.7.8
Command line parameters: -j 1 -e 0.1 -q 20 -O 1 -a AGATCGGAAGAGC Rosario_S4_L001_R2_001.fastq
Processing reads on 1 core in single-end mode ...
Finished in 16.73 s (8 us/read; 7.68 M reads/minute).

=== Summary ===

Total reads processed:               2,141,717
Reads with adapters:                   573,350 (26.8%)
Reads written (passing filters):     2,141,717 (100.0%)

Total basepairs processed:   309,038,427 bp
Quality-trimmed:               3,834,365 bp (1.2%)
Total written (filtered):    304,388,736 bp (98.5%)

=== Adapter 1 ===

Sequence: AGATCGGAAGAGC; Type: regular 3'; Length: 13; Trimmed: 573350 times.

No. of allowed errors:
0-9 bp: 0; 10-13 bp: 1

Bases preceding removed adapters:
  A: 31.1%
  C: 35.8%
  G: 21.6%
  T: 11.5%
  none/other: 0.0%

Overview of removed sequences
length	count	expect	max.err	error counts
1	397550	535429.2	0	397550
2	150305	133857.3	0	150305
3	16306	33464.3	0	16306
4	6005	8366.1	0	6005
5	1574	2091.5	0	1574
6	796	522.9	0	796
7	300	130.7	0	300
8	7	32.7	0	7
9	61	8.2	0	7 54
10	53	2.0	1	3 50
11	27	0.5	1	0 27
12	4	0.1	1	0 4
13	1	0.0	1	0 1
15	3	0.0	1	0 3
16	1	0.0	1	0 1
18	3	0.0	1	0 3
20	1	0.0	1	0 1
21	3	0.0	1	0 3
22	9	0.0	1	0 9
23	2	0.0	1	0 2
25	4	0.0	1	0 4
26	4	0.0	1	0 4
27	7	0.0	1	0 7
28	3	0.0	1	0 3
30	1	0.0	1	0 1
31	7	0.0	1	0 7
32	4	0.0	1	0 4
33	3	0.0	1	0 3
34	2	0.0	1	0 2
35	7	0.0	1	0 7
37	6	0.0	1	0 6
38	4	0.0	1	0 4
39	1	0.0	1	0 1
40	8	0.0	1	0 8
41	4	0.0	1	0 4
42	2	0.0	1	0 2
44	5	0.0	1	0 5
45	5	0.0	1	0 5
46	3	0.0	1	0 3
49	11	0.0	1	0 11
50	5	0.0	1	0 5
51	1	0.0	1	0 1
52	8	0.0	1	0 8
54	2	0.0	1	0 2
55	3	0.0	1	0 3
56	2	0.0	1	0 2
57	5	0.0	1	0 5
58	3	0.0	1	0 3
59	2	0.0	1	0 2
60	2	0.0	1	0 2
61	2	0.0	1	0 2
62	3	0.0	1	0 3
63	1	0.0	1	0 1
64	1	0.0	1	0 1
65	3	0.0	1	0 3
66	1	0.0	1	0 1
67	5	0.0	1	0 5
68	1	0.0	1	0 1
69	1	0.0	1	0 1
70	2	0.0	1	0 2
72	2	0.0	1	0 2
73	5	0.0	1	0 5
74	1	0.0	1	0 1
75	5	0.0	1	0 5
76	2	0.0	1	0 2
77	2	0.0	1	0 2
78	2	0.0	1	0 2
79	2	0.0	1	0 2
80	2	0.0	1	0 2
81	2	0.0	1	0 2
82	3	0.0	1	0 3
83	1	0.0	1	0 1
85	6	0.0	1	0 6
86	3	0.0	1	0 3
87	2	0.0	1	0 2
88	4	0.0	1	0 4
89	1	0.0	1	0 1
90	9	0.0	1	0 9
91	2	0.0	1	0 2
92	2	0.0	1	0 2
93	7	0.0	1	0 7
94	2	0.0	1	0 2
97	3	0.0	1	0 3
98	1	0.0	1	0 1
99	1	0.0	1	0 1
101	5	0.0	1	0 5
102	3	0.0	1	0 3
104	5	0.0	1	0 5
105	4	0.0	1	0 4
106	2	0.0	1	0 2
107	4	0.0	1	0 4
108	1	0.0	1	0 1
109	2	0.0	1	0 2
110	3	0.0	1	0 3
111	2	0.0	1	0 2
112	4	0.0	1	0 4
113	4	0.0	1	0 4
114	3	0.0	1	0 3
115	3	0.0	1	0 3
116	12	0.0	1	0 12
117	2	0.0	1	0 2
119	4	0.0	1	0 4
121	5	0.0	1	0 5
122	2	0.0	1	0 2
124	3	0.0	1	0 3
125	2	0.0	1	0 2
126	5	0.0	1	0 5
128	5	0.0	1	0 5
129	2	0.0	1	0 2
132	1	0.0	1	0 1
133	5	0.0	1	0 5
134	2	0.0	1	0 2
135	2	0.0	1	0 2
136	2	0.0	1	0 2
137	2	0.0	1	0 2
138	2	0.0	1	0 2
139	8	0.0	1	0 8
140	2	0.0	1	0 2
141	1	0.0	1	0 1
142	2	0.0	1	0 2
145	4	0.0	1	0 4
147	1	0.0	1	0 1
149	1	0.0	1	0 1
151	1	0.0	1	0 1

RUN STATISTICS FOR INPUT FILE: Rosario_S4_L001_R2_001.fastq
=============================================
2141717 sequences processed in total
The length threshold of paired-end sequences gets evaluated later on (in the validation step)

Validate paired-end files Rosario_S4_L001_R1_001_trimmed.fq and Rosario_S4_L001_R2_001_trimmed.fq
file_1: Rosario_S4_L001_R1_001_trimmed.fq, file_2: Rosario_S4_L001_R2_001_trimmed.fq


>>>>> Now validing the length of the 2 paired-end infiles: Rosario_S4_L001_R1_001_trimmed.fq and Rosario_S4_L001_R2_001_trimmed.fq <<<<<
Writing validated paired-end Read 1 reads to Rosario_S4_L001_R1_001_val_1.fq
Writing validated paired-end Read 2 reads to Rosario_S4_L001_R2_001_val_2.fq

Total number of sequences analysed: 2141717

Number of sequence pairs removed because at least one read was shorter than the length cutoff (130 bp): 512854 (23.95%)


  >>> Now running FastQC on the validated data Rosario_S4_L001_R1_001_val_1.fq<<<

Started analysis of Rosario_S4_L001_R1_001_val_1.fq
Approx 5% complete for Rosario_S4_L001_R1_001_val_1.fq
Approx 10% complete for Rosario_S4_L001_R1_001_val_1.fq
Approx 15% complete for Rosario_S4_L001_R1_001_val_1.fq
Approx 20% complete for Rosario_S4_L001_R1_001_val_1.fq
Approx 25% complete for Rosario_S4_L001_R1_001_val_1.fq
Approx 30% complete for Rosario_S4_L001_R1_001_val_1.fq
Approx 35% complete for Rosario_S4_L001_R1_001_val_1.fq
Approx 40% complete for Rosario_S4_L001_R1_001_val_1.fq
Approx 45% complete for Rosario_S4_L001_R1_001_val_1.fq
Approx 50% complete for Rosario_S4_L001_R1_001_val_1.fq
Approx 55% complete for Rosario_S4_L001_R1_001_val_1.fq
Approx 60% complete for Rosario_S4_L001_R1_001_val_1.fq
Approx 65% complete for Rosario_S4_L001_R1_001_val_1.fq
Approx 70% complete for Rosario_S4_L001_R1_001_val_1.fq
Approx 75% complete for Rosario_S4_L001_R1_001_val_1.fq
Approx 80% complete for Rosario_S4_L001_R1_001_val_1.fq
Approx 85% complete for Rosario_S4_L001_R1_001_val_1.fq
Approx 90% complete for Rosario_S4_L001_R1_001_val_1.fq
Approx 95% complete for Rosario_S4_L001_R1_001_val_1.fq

  >>> Now running FastQC on the validated data Rosario_S4_L001_R2_001_val_2.fq<<<

Started analysis of Rosario_S4_L001_R2_001_val_2.fq
Approx 5% complete for Rosario_S4_L001_R2_001_val_2.fq
Approx 10% complete for Rosario_S4_L001_R2_001_val_2.fq
Approx 15% complete for Rosario_S4_L001_R2_001_val_2.fq
Approx 20% complete for Rosario_S4_L001_R2_001_val_2.fq
Approx 25% complete for Rosario_S4_L001_R2_001_val_2.fq
Approx 30% complete for Rosario_S4_L001_R2_001_val_2.fq
Approx 35% complete for Rosario_S4_L001_R2_001_val_2.fq
Approx 40% complete for Rosario_S4_L001_R2_001_val_2.fq
Approx 45% complete for Rosario_S4_L001_R2_001_val_2.fq
Approx 50% complete for Rosario_S4_L001_R2_001_val_2.fq
Approx 55% complete for Rosario_S4_L001_R2_001_val_2.fq
Approx 60% complete for Rosario_S4_L001_R2_001_val_2.fq
Approx 65% complete for Rosario_S4_L001_R2_001_val_2.fq
Approx 70% complete for Rosario_S4_L001_R2_001_val_2.fq
Approx 75% complete for Rosario_S4_L001_R2_001_val_2.fq
Approx 80% complete for Rosario_S4_L001_R2_001_val_2.fq
Approx 85% complete for Rosario_S4_L001_R2_001_val_2.fq
Approx 90% complete for Rosario_S4_L001_R2_001_val_2.fq
Approx 95% complete for Rosario_S4_L001_R2_001_val_2.fq
Deleting both intermediate output files Rosario_S4_L001_R1_001_trimmed.fq and Rosario_S4_L001_R2_001_trimmed.fq

====================================================================================================

