#                                                                                              --- full sequence --- -------------- this domain -------------   hmm coord   ali coord   env coord
# target name                          accession   tlen query name           accession   qlen   E-value  score  bias   #  of  c-Evalue  i-Evalue  score  bias  from    to  from    to  from    to  acc description of target
#                  ------------------- ---------- ----- -------------------- ---------- ----- --------- ------ ----- --- --- --------- --------- ------ ----- ----- ----- ----- ----- ----- ----- ---- ---------------------
NODE_4_length_186787_cov_37.321139_46  -            460 10984at72274         -            409  3.5e-251  831.6   1.2   1   1  4.1e-254  4.4e-251  831.2   1.2     1   409     1   459     1   459 0.94 # 49826 # 51205 # -1 # ID=4_46;partial=00;start_type=ATG;rbs_motif=GGAG/GAGG;rbs_spacer=5-10bp;gc_cont=0.572
NODE_7_length_160420_cov_35.917657_5   -            453 10984at72274         -            409   4.3e-37  126.5   0.2   1   1   1.7e-39   1.8e-36  124.4   0.2    80   335   139   400    79   428 0.88 # 3047 # 4405 # -1 # ID=7_5;partial=00;start_type=ATG;rbs_motif=GGA/GAG/AGG;rbs_spacer=5-10bp;gc_cont=0.658
NODE_12_length_124139_cov_36.699728_53 -            449 10984at72274         -            409     2e-36  124.3   0.1   1   2     0.077        83    0.4   0.0    62    82    96   116    69   123 0.80 # 58355 # 59701 # 1 # ID=12_53;partial=00;start_type=ATG;rbs_motif=GGA/GAG/AGG;rbs_spacer=5-10bp;gc_cont=0.657
NODE_12_length_124139_cov_36.699728_53 -            449 10984at72274         -            409     2e-36  124.3   0.1   2   2   1.2e-38   1.3e-35  121.6   0.0    91   334   150   396   135   427 0.89 # 58355 # 59701 # 1 # ID=12_53;partial=00;start_type=ATG;rbs_motif=GGA/GAG/AGG;rbs_spacer=5-10bp;gc_cont=0.657
NODE_48_length_55226_cov_36.664353_42  -            441 10984at72274         -            409   9.4e-36  122.1   0.3   1   2      0.13   1.3e+02   -0.3   0.0    61    82    94   115    67   126 0.77 # 40420 # 41742 # 1 # ID=48_42;partial=00;start_type=ATG;rbs_motif=GGAG/GAGG;rbs_spacer=5-10bp;gc_cont=0.652
NODE_48_length_55226_cov_36.664353_42  -            441 10984at72274         -            409   9.4e-36  122.1   0.3   2   2   3.8e-38   4.1e-35  120.0   0.0    93   360   148   420   135   423 0.87 # 40420 # 41742 # 1 # ID=48_42;partial=00;start_type=ATG;rbs_motif=GGAG/GAGG;rbs_spacer=5-10bp;gc_cont=0.652
NODE_4_length_186787_cov_37.321139_48  -            515 10984at72274         -            409   1.5e-18   65.4   2.4   1   1   1.2e-20   1.3e-17   62.4   2.3    44   360    79   434    59   445 0.74 # 52144 # 53688 # -1 # ID=4_48;partial=00;start_type=ATG;rbs_motif=GGA/GAG/AGG;rbs_spacer=11-12bp;gc_cont=0.572
NODE_45_length_58289_cov_36.775784_33  -            420 10984at72274         -            409   2.4e-09   35.1   0.0   1   1   3.2e-12   3.4e-09   34.6   0.0    97   302   160   367   147   401 0.84 # 33008 # 34267 # -1 # ID=45_33;partial=00;start_type=ATG;rbs_motif=None;rbs_spacer=None;gc_cont=0.571
#
# Program:         hmmsearch
# Version:         3.1b2 (February 2015)
# Pipeline mode:   SEARCH
# Query file:      /data2/PEG/hoaxaca/REAA/Pseudomonas/bin/busco_downloads/lineages/pseudomonadales_odb10/hmms/10984at72274.hmm
# Target file:     /data2/PEG/hoaxaca/REAA/Pseudomonas/bin/../out/busco/trim_130clip.spades_def/prodigal_output/predicted_genes/predicted.faa
# Option settings: hmmsearch --domtblout /data2/PEG/hoaxaca/REAA/Pseudomonas/bin/../out/busco/trim_130clip.spades_def/run_pseudomonadales_odb10/hmmer_output/10984at72274.out --cpu 1 /data2/PEG/hoaxaca/REAA/Pseudomonas/bin/busco_downloads/lineages/pseudomonadales_odb10/hmms/10984at72274.hmm /data2/PEG/hoaxaca/REAA/Pseudomonas/bin/../out/busco/trim_130clip.spades_def/prodigal_output/predicted_genes/predicted.faa 
# Current dir:     /data2/PEG/hoaxaca/REAA/Pseudomonas/bin
# Date:            Mon Feb 20 00:25:50 2023
# [ok]
