#                                                                                               --- full sequence --- -------------- this domain -------------   hmm coord   ali coord   env coord
# target name                           accession   tlen query name           accession   qlen   E-value  score  bias   #  of  c-Evalue  i-Evalue  score  bias  from    to  from    to  from    to  acc description of target
#                   ------------------- ---------- ----- -------------------- ---------- ----- --------- ------ ----- --- --- --------- --------- ------ ----- ----- ----- ----- ----- ----- ----- ---- ---------------------
NODE_7_length_160420_cov_35.917657_145  -            539 11534at72274         -            422  1.3e-165  550.0   7.1   1   2  1.7e-114  1.5e-112  375.2   2.8     1   319     2   399     2   408 0.86 # 139929 # 141545 # -1 # ID=7_145;partial=00;start_type=GTG;rbs_motif=None;rbs_spacer=None;gc_cont=0.640
NODE_7_length_160420_cov_35.917657_145  -            539 11534at72274         -            422  1.3e-165  550.0   7.1   2   2     1e-52   8.6e-51  171.7   0.1   321   422   420   533   411   533 0.94 # 139929 # 141545 # -1 # ID=7_145;partial=00;start_type=GTG;rbs_motif=None;rbs_spacer=None;gc_cont=0.640
NODE_61_length_41705_cov_34.737431_30   -            426 11534at72274         -            422   2.1e-69  233.0   2.4   1   1   4.2e-70   3.6e-68  229.0   2.4   170   419   135   422    72   425 0.82 # 36132 # 37409 # -1 # ID=61_30;partial=00;start_type=ATG;rbs_motif=GGAGG;rbs_spacer=5-10bp;gc_cont=0.633
NODE_66_length_35873_cov_35.571612_21   -            432 11534at72274         -            422   1.6e-68  230.1   0.4   1   1   1.8e-68   1.5e-66  223.6   0.4    91   418    40   428    21   431 0.69 # 25652 # 26947 # 1 # ID=66_21;partial=00;start_type=ATG;rbs_motif=GGA/GAG/AGG;rbs_spacer=5-10bp;gc_cont=0.644
NODE_39_length_65238_cov_38.202860_9    -            432 11534at72274         -            422   3.5e-40  136.8   0.0   1   1   1.3e-41   1.1e-39  135.2   0.0   155   415   129   422    73   427 0.75 # 7653 # 8948 # 1 # ID=39_9;partial=00;start_type=ATG;rbs_motif=GGAG/GAGG;rbs_spacer=5-10bp;gc_cont=0.632
NODE_58_length_48388_cov_34.781702_17   -            464 11534at72274         -            422   6.8e-38  129.2   1.8   1   1   1.2e-39   1.1e-37  128.6   1.8   162   408   180   447   160   460 0.73 # 18485 # 19876 # 1 # ID=58_17;partial=00;start_type=GTG;rbs_motif=None;rbs_spacer=None;gc_cont=0.601
NODE_48_length_55226_cov_36.664353_7    -            346 11534at72274         -            422   1.5e-37  128.1   0.9   1   1   1.9e-39   1.6e-37  128.0   0.0   174   419    72   343    64   345 0.81 # 6143 # 7180 # -1 # ID=48_7;partial=00;start_type=ATG;rbs_motif=GGA/GAG/AGG;rbs_spacer=5-10bp;gc_cont=0.648
NODE_44_length_58866_cov_36.168540_15   -            438 11534at72274         -            422   3.4e-37  127.0   0.1   1   1   8.6e-39   7.4e-37  125.8   0.1   174   407   153   415   131   427 0.77 # 12490 # 13803 # -1 # ID=44_15;partial=00;start_type=ATG;rbs_motif=None;rbs_spacer=None;gc_cont=0.618
NODE_5_length_184381_cov_37.893162_44   -            440 11534at72274         -            422   4.8e-35  119.9   0.0   1   1   8.7e-37   7.4e-35  119.2   0.0   171   419   163   438   152   439 0.78 # 45889 # 47208 # 1 # ID=5_44;partial=00;start_type=ATG;rbs_motif=None;rbs_spacer=None;gc_cont=0.627
NODE_92_length_15524_cov_33.668369_1    -            435 11534at72274         -            422   2.8e-34  117.3   0.2   1   1   6.8e-36   5.8e-34  116.3   0.2   156   406   148   420   129   428 0.71 # 108 # 1412 # -1 # ID=92_1;partial=00;start_type=ATG;rbs_motif=GGA/GAG/AGG;rbs_spacer=5-10bp;gc_cont=0.635
NODE_68_length_31509_cov_35.822312_16   -            448 11534at72274         -            422   8.6e-34  115.7   0.4   1   2      0.97        83    0.5   0.0     1    30     2    32     2    50 0.89 # 18770 # 20113 # -1 # ID=68_16;partial=00;start_type=GTG;rbs_motif=GGAG/GAGG;rbs_spacer=5-10bp;gc_cont=0.656
NODE_68_length_31509_cov_35.822312_16   -            448 11534at72274         -            422   8.6e-34  115.7   0.4   2   2   1.3e-34   1.1e-32  112.1   0.2   162   407   143   426   118   439 0.69 # 18770 # 20113 # -1 # ID=68_16;partial=00;start_type=GTG;rbs_motif=GGAG/GAGG;rbs_spacer=5-10bp;gc_cont=0.656
NODE_25_length_92834_cov_37.159357_70   -            490 11534at72274         -            422   3.7e-33  113.6   0.0   1   1   3.4e-34   2.9e-32  110.7   0.0   164   413   208   478   190   487 0.77 # 77946 # 79415 # -1 # ID=25_70;partial=00;start_type=ATG;rbs_motif=None;rbs_spacer=None;gc_cont=0.632
NODE_7_length_160420_cov_35.917657_124  -            457 11534at72274         -            422   4.7e-33  113.3   1.0   1   1     9e-34   7.7e-32  109.3   1.0   177   403   179   439   157   448 0.74 # 119961 # 121331 # -1 # ID=7_124;partial=00;start_type=ATG;rbs_motif=GGA/GAG/AGG;rbs_spacer=5-10bp;gc_cont=0.631
NODE_12_length_124139_cov_36.699728_24  -            468 11534at72274         -            422   1.5e-30  105.0   0.6   1   1   1.2e-31   9.9e-30  102.4   0.6   117   406   114   446    97   461 0.76 # 27837 # 29240 # -1 # ID=12_24;partial=00;start_type=ATG;rbs_motif=GGAGG;rbs_spacer=5-10bp;gc_cont=0.632
NODE_6_length_179149_cov_37.409656_92   -            466 11534at72274         -            422   1.5e-28   98.5   0.2   1   2   8.2e-15     7e-13   46.8   0.1   174   286   168   290   119   324 0.75 # 96951 # 98348 # 1 # ID=6_92;partial=00;start_type=ATG;rbs_motif=GGAG/GAGG;rbs_spacer=5-10bp;gc_cont=0.635
NODE_6_length_179149_cov_37.409656_92   -            466 11534at72274         -            422   1.5e-28   98.5   0.2   2   2     1e-15   8.6e-14   49.8   0.0   306   416   335   454   327   460 0.78 # 96951 # 98348 # 1 # ID=6_92;partial=00;start_type=ATG;rbs_motif=GGAG/GAGG;rbs_spacer=5-10bp;gc_cont=0.635
NODE_4_length_186787_cov_37.321139_149  -            596 11534at72274         -            422   2.7e-27   94.3   9.6   1   2   1.3e-05    0.0011   16.6   2.2    13   272    16   281     9   288 0.64 # 155097 # 156884 # -1 # ID=4_149;partial=00;start_type=ATG;rbs_motif=GGA/GAG/AGG;rbs_spacer=5-10bp;gc_cont=0.606
NODE_4_length_186787_cov_37.321139_149  -            596 11534at72274         -            422   2.7e-27   94.3   9.6   2   2   6.1e-23   5.2e-21   73.6   0.9   240   419   376   594   367   595 0.72 # 155097 # 156884 # -1 # ID=4_149;partial=00;start_type=ATG;rbs_motif=GGA/GAG/AGG;rbs_spacer=5-10bp;gc_cont=0.606
NODE_40_length_63809_cov_36.202701_23   -            471 11534at72274         -            422   3.6e-25   87.3   2.4   1   1   4.2e-27   3.6e-25   87.3   2.4   166   408   170   452   156   464 0.74 # 23157 # 24569 # -1 # ID=40_23;partial=00;start_type=ATG;rbs_motif=None;rbs_spacer=None;gc_cont=0.640
NODE_7_length_160420_cov_35.917657_126  -            918 11534at72274         -            422   3.6e-24   84.0   3.9   1   3   4.6e-07   3.9e-05   21.3   0.2   166   237   173   243   162   264 0.76 # 122252 # 125005 # 1 # ID=7_126;partial=00;start_type=GTG;rbs_motif=AGGAG;rbs_spacer=5-10bp;gc_cont=0.634
NODE_7_length_160420_cov_35.917657_126  -            918 11534at72274         -            422   3.6e-24   84.0   3.9   2   3     9e-05    0.0077   13.8   0.0   239   305   284   357   274   370 0.75 # 122252 # 125005 # 1 # ID=7_126;partial=00;start_type=GTG;rbs_motif=AGGAG;rbs_spacer=5-10bp;gc_cont=0.634
NODE_7_length_160420_cov_35.917657_126  -            918 11534at72274         -            422   3.6e-24   84.0   3.9   3   3   1.9e-14   1.7e-12   45.6   0.5   298   411   372   501   363   513 0.80 # 122252 # 125005 # 1 # ID=7_126;partial=00;start_type=GTG;rbs_motif=AGGAG;rbs_spacer=5-10bp;gc_cont=0.634
NODE_11_length_135406_cov_37.346085_101 -            455 11534at72274         -            422   8.4e-23   79.5   0.9   1   1   4.3e-24   3.7e-22   77.4   0.9   156   413   147   446   133   454 0.70 # 102073 # 103437 # 1 # ID=11_101;partial=00;start_type=GTG;rbs_motif=GGAG/GAGG;rbs_spacer=5-10bp;gc_cont=0.617
NODE_1_length_234130_cov_36.227372_90   -            451 11534at72274         -            422   1.7e-22   78.6   0.9   1   1   8.6e-24   7.4e-22   76.4   0.9   166   407   153   436   128   448 0.73 # 111119 # 112471 # -1 # ID=1_90;partial=00;start_type=ATG;rbs_motif=AGGAG/GGAGG;rbs_spacer=11-12bp;gc_cont=0.620
NODE_22_length_94792_cov_34.952996_61   -            462 11534at72274         -            422     4e-22   77.3   0.4   1   1   4.7e-22     4e-20   70.7   0.4   163   408   167   448   129   454 0.71 # 56978 # 58363 # -1 # ID=22_61;partial=00;start_type=ATG;rbs_motif=GGA/GAG/AGG;rbs_spacer=5-10bp;gc_cont=0.652
NODE_39_length_65238_cov_38.202860_4    -            427 11534at72274         -            422   8.5e-22   76.2   0.3   1   1   3.6e-23   3.1e-21   74.4   0.3   215   414   187   416   126   420 0.76 # 1988 # 3268 # -1 # ID=39_4;partial=00;start_type=ATG;rbs_motif=GGAG/GAGG;rbs_spacer=5-10bp;gc_cont=0.625
NODE_115_length_8465_cov_38.448633_2    -            593 11534at72274         -            422   7.2e-21   73.2   0.2   1   1   9.4e-22     8e-20   69.7   0.2   165   415   278   572   250   579 0.73 # 1501 # 3279 # -1 # ID=115_2;partial=00;start_type=ATG;rbs_motif=None;rbs_spacer=None;gc_cont=0.613
NODE_47_length_57495_cov_38.265634_37   -            439 11534at72274         -            422   4.9e-20   70.4   3.8   1   2     5e-07   4.2e-05   21.2   2.5   143   283   129   276   117   292 0.75 # 34302 # 35618 # 1 # ID=47_37;partial=00;start_type=ATG;rbs_motif=None;rbs_spacer=None;gc_cont=0.606
NODE_47_length_57495_cov_38.265634_37   -            439 11534at72274         -            422   4.9e-20   70.4   3.8   2   2   3.7e-15   3.2e-13   48.0   0.0   331   420   340   436   330   438 0.80 # 34302 # 35618 # 1 # ID=47_37;partial=00;start_type=ATG;rbs_motif=None;rbs_spacer=None;gc_cont=0.606
NODE_41_length_63635_cov_34.565304_42   -           1157 11534at72274         -            422     1e-19   69.4   2.1   1   1   7.6e-21   6.5e-19   66.7   2.1   194   406   751  1001   741  1017 0.75 # 49478 # 52948 # 1 # ID=41_42;partial=00;start_type=ATG;rbs_motif=GGAG/GAGG;rbs_spacer=5-10bp;gc_cont=0.632
NODE_20_length_101354_cov_35.986416_42  -            441 11534at72274         -            422   2.8e-19   67.9   0.7   1   1   1.7e-20   1.4e-18   65.6   0.7   232   408   198   415   193   429 0.72 # 48774 # 50096 # 1 # ID=20_42;partial=00;start_type=GTG;rbs_motif=AGGA/GGAG/GAGG;rbs_spacer=11-12bp;gc_cont=0.616
NODE_5_length_184381_cov_37.893162_66   -            466 11534at72274         -            422   3.4e-18   64.3   6.6   1   2     0.015       1.3    6.4   0.0   163   231     4    76     1    80 0.76 # 66534 # 67931 # 1 # ID=5_66;partial=00;start_type=ATG;rbs_motif=GGA/GAG/AGG;rbs_spacer=5-10bp;gc_cont=0.627
NODE_5_length_184381_cov_37.893162_66   -            466 11534at72274         -            422   3.4e-18   64.3   6.6   2   2   8.3e-17   7.1e-15   53.4   4.8   174   412   171   445   158   451 0.67 # 66534 # 67931 # 1 # ID=5_66;partial=00;start_type=ATG;rbs_motif=GGA/GAG/AGG;rbs_spacer=5-10bp;gc_cont=0.627
NODE_111_length_9225_cov_38.127154_6    -            634 11534at72274         -            422   7.7e-18   63.2   7.4   1   3       3.5     3e+02   -1.4   0.0   171   197    21    47    11    70 0.81 # 5175 # 7076 # 1 # ID=111_6;partial=00;start_type=ATG;rbs_motif=AGGAG;rbs_spacer=5-10bp;gc_cont=0.612
NODE_111_length_9225_cov_38.127154_6    -            634 11534at72274         -            422   7.7e-18   63.2   7.4   2   3   4.1e-08   3.5e-06   24.8   2.9   170   326   172   358   149   364 0.66 # 5175 # 7076 # 1 # ID=111_6;partial=00;start_type=ATG;rbs_motif=AGGAG;rbs_spacer=5-10bp;gc_cont=0.612
NODE_111_length_9225_cov_38.127154_6    -            634 11534at72274         -            422   7.7e-18   63.2   7.4   3   3   7.5e-11   6.4e-09   33.8   0.0   320   415   374   485   370   492 0.77 # 5175 # 7076 # 1 # ID=111_6;partial=00;start_type=ATG;rbs_motif=AGGAG;rbs_spacer=5-10bp;gc_cont=0.612
NODE_97_length_13726_cov_35.443932_8    -            452 11534at72274         -            422   1.5e-16   58.9   2.5   1   2   1.5e-06   0.00013   19.6   0.6   232   345   183   326   161   341 0.65 # 5908 # 7263 # -1 # ID=97_8;partial=00;start_type=ATG;rbs_motif=GGA/GAG/AGG;rbs_spacer=5-10bp;gc_cont=0.616
NODE_97_length_13726_cov_35.443932_8    -            452 11534at72274         -            422   1.5e-16   58.9   2.5   2   2   1.1e-11   9.3e-10   36.5   0.0   353   418   368   435   356   440 0.89 # 5908 # 7263 # -1 # ID=97_8;partial=00;start_type=ATG;rbs_motif=GGA/GAG/AGG;rbs_spacer=5-10bp;gc_cont=0.616
NODE_40_length_63809_cov_36.202701_11   -            451 11534at72274         -            422   2.9e-16   58.0   2.8   1   2       7.8   6.6e+02   -2.5   0.1     2    28    11    37    10    47 0.84 # 12159 # 13511 # -1 # ID=40_11;partial=00;start_type=ATG;rbs_motif=GGA/GAG/AGG;rbs_spacer=5-10bp;gc_cont=0.629
NODE_40_length_63809_cov_36.202701_11   -            451 11534at72274         -            422   2.9e-16   58.0   2.8   2   2   3.4e-18   2.9e-16   58.0   2.8   175   408   163   433   150   441 0.71 # 12159 # 13511 # -1 # ID=40_11;partial=00;start_type=ATG;rbs_motif=GGA/GAG/AGG;rbs_spacer=5-10bp;gc_cont=0.629
NODE_28_length_83551_cov_36.087908_4    -            492 11534at72274         -            422   3.1e-16   57.9   0.9   1   2   3.7e-10   3.1e-08   31.5   0.1   168   266   182   290   155   362 0.74 # 3447 # 4922 # 1 # ID=28_4;partial=00;start_type=ATG;rbs_motif=GGA/GAG/AGG;rbs_spacer=5-10bp;gc_cont=0.622
NODE_28_length_83551_cov_36.087908_4    -            492 11534at72274         -            422   3.1e-16   57.9   0.9   2   2   3.3e-08   2.8e-06   25.1   0.1   320   406   374   469   369   481 0.76 # 3447 # 4922 # 1 # ID=28_4;partial=00;start_type=ATG;rbs_motif=GGA/GAG/AGG;rbs_spacer=5-10bp;gc_cont=0.622
NODE_7_length_160420_cov_35.917657_141  -            449 11534at72274         -            422   4.1e-16   57.5   0.5   1   1   2.9e-17   2.5e-15   54.9   0.0   139   419   134   446   116   448 0.76 # 136589 # 137935 # -1 # ID=7_141;partial=00;start_type=TTG;rbs_motif=GGA/GAG/AGG;rbs_spacer=5-10bp;gc_cont=0.624
NODE_31_length_78538_cov_36.659850_70   -            450 11534at72274         -            422     8e-15   53.2   4.6   1   2       2.5   2.1e+02   -0.8   0.1     2    29    11    38    10    61 0.80 # 73421 # 74770 # -1 # ID=31_70;partial=00;start_type=ATG;rbs_motif=GGA/GAG/AGG;rbs_spacer=5-10bp;gc_cont=0.650
NODE_31_length_78538_cov_36.659850_70   -            450 11534at72274         -            422     8e-15   53.2   4.6   2   2   1.5e-16   1.3e-14   52.6   1.7   167   409   154   434   121   447 0.69 # 73421 # 74770 # -1 # ID=31_70;partial=00;start_type=ATG;rbs_motif=GGA/GAG/AGG;rbs_spacer=5-10bp;gc_cont=0.650
NODE_61_length_41705_cov_34.737431_6    -            402 11534at72274         -            422   1.8e-14   52.1  10.4   1   1   2.2e-15   1.9e-13   48.7  10.4   224   415   153   387   128   394 0.68 # 5976 # 7181 # -1 # ID=61_6;partial=00;start_type=ATG;rbs_motif=GGA/GAG/AGG;rbs_spacer=5-10bp;gc_cont=0.606
NODE_76_length_24952_cov_36.822790_4    -            884 11534at72274         -            422   1.1e-13   49.4   0.1   1   1   1.2e-14   1.1e-12   46.2   0.1   240   419   661   873   644   876 0.71 # 5327 # 7978 # 1 # ID=76_4;partial=00;start_type=ATG;rbs_motif=AGGA;rbs_spacer=5-10bp;gc_cont=0.663
NODE_61_length_41705_cov_34.737431_9    -           1166 11534at72274         -            422     2e-13   48.6  12.3   1   1   2.8e-15   2.4e-13   48.4   4.1   214   417   468   715   444   720 0.69 # 8587 # 12084 # -1 # ID=61_9;partial=00;start_type=ATG;rbs_motif=GGA/GAG/AGG;rbs_spacer=5-10bp;gc_cont=0.602
NODE_26_length_88680_cov_35.325709_75   -           1211 11534at72274         -            422   3.3e-13   47.9   0.7   1   1   2.9e-13   2.5e-11   41.7   0.7   242   411   719   936   681   945 0.71 # 72452 # 76084 # 1 # ID=26_75;partial=00;start_type=ATG;rbs_motif=GGA/GAG/AGG;rbs_spacer=5-10bp;gc_cont=0.594
NODE_89_length_17124_cov_37.847091_7    -           1129 11534at72274         -            422   2.3e-12   45.2   1.5   1   1     4e-12   3.4e-10   38.0   0.6   244   415   682   891   673   894 0.67 # 5333 # 8719 # 1 # ID=89_7;partial=00;start_type=GTG;rbs_motif=GGAG/GAGG;rbs_spacer=5-10bp;gc_cont=0.634
NODE_26_length_88680_cov_35.325709_78   -            775 11534at72274         -            422   5.5e-12   43.9   3.4   1   2       4.5   3.8e+02   -1.7   0.2   177   238   175   237   156   283 0.58 # 77652 # 79976 # 1 # ID=26_78;partial=00;start_type=GTG;rbs_motif=AGGA;rbs_spacer=5-10bp;gc_cont=0.615
NODE_26_length_88680_cov_35.325709_78   -            775 11534at72274         -            422   5.5e-12   43.9   3.4   2   2   2.8e-12   2.4e-10   38.5   2.6   232   413   282   503   218   512 0.65 # 77652 # 79976 # 1 # ID=26_78;partial=00;start_type=GTG;rbs_motif=AGGA;rbs_spacer=5-10bp;gc_cont=0.615
NODE_5_length_184381_cov_37.893162_45   -            743 11534at72274         -            422   6.3e-12   43.7   0.4   1   1   2.6e-12   2.2e-10   38.6   0.4   229   408   504   727   491   740 0.70 # 47567 # 49795 # -1 # ID=5_45;partial=00;start_type=ATG;rbs_motif=AGGAG;rbs_spacer=5-10bp;gc_cont=0.613
NODE_14_length_119663_cov_36.815405_85  -           1198 11534at72274         -            422   7.4e-12   43.5   0.7   1   1     9e-13   7.7e-11   40.1   0.7   242   407   708   918   691   925 0.73 # 107368 # 110961 # -1 # ID=14_85;partial=00;start_type=ATG;rbs_motif=None;rbs_spacer=None;gc_cont=0.617
NODE_4_length_186787_cov_37.321139_69   -            764 11534at72274         -            422   1.5e-11   42.4   2.3   1   2       7.6   6.5e+02   -2.5   0.0   333   362   153   180   142   182 0.67 # 75650 # 77941 # 1 # ID=4_69;partial=00;start_type=GTG;rbs_motif=GGA/GAG/AGG;rbs_spacer=5-10bp;gc_cont=0.611
NODE_4_length_186787_cov_37.321139_69   -            764 11534at72274         -            422   1.5e-11   42.4   2.3   2   2   1.6e-12   1.3e-10   39.3   0.9   233   419   541   759   537   762 0.63 # 75650 # 77941 # 1 # ID=4_69;partial=00;start_type=GTG;rbs_motif=GGA/GAG/AGG;rbs_spacer=5-10bp;gc_cont=0.611
NODE_64_length_37962_cov_35.904846_4    -            806 11534at72274         -            422   1.8e-11   42.2   3.8   1   1   4.3e-12   3.7e-10   37.9   2.4   243   408   320   529   298   537 0.69 # 5308 # 7725 # 1 # ID=64_4;partial=00;start_type=ATG;rbs_motif=GGA/GAG/AGG;rbs_spacer=5-10bp;gc_cont=0.588
NODE_5_length_184381_cov_37.893162_148  -           1194 11534at72274         -            422   1.9e-11   42.1   0.8   1   1   8.7e-12   7.4e-10   36.9   0.8   324   406   822   921   705   930 0.71 # 157108 # 160689 # 1 # ID=5_148;partial=00;start_type=GTG;rbs_motif=AGGA;rbs_spacer=5-10bp;gc_cont=0.620
NODE_54_length_52356_cov_36.253838_38   -            732 11534at72274         -            422     7e-11   40.3   5.3   1   2      0.16        14    3.1   0.2    54    96   295   338   277   365 0.79 # 43437 # 45632 # 1 # ID=54_38;partial=00;start_type=ATG;rbs_motif=GGAG/GAGG;rbs_spacer=5-10bp;gc_cont=0.635
NODE_54_length_52356_cov_36.253838_38   -            732 11534at72274         -            422     7e-11   40.3   5.3   2   2   1.9e-11   1.6e-09   35.8   1.0   229   403   493   712   481   723 0.73 # 43437 # 45632 # 1 # ID=54_38;partial=00;start_type=ATG;rbs_motif=GGAG/GAGG;rbs_spacer=5-10bp;gc_cont=0.635
NODE_1_length_234130_cov_36.227372_174  -            884 11534at72274         -            422   7.8e-11   40.1   0.2   1   1   1.3e-11   1.1e-09   36.3   0.2   242   415   654   867   627   875 0.69 # 201090 # 203741 # 1 # ID=1_174;partial=00;start_type=ATG;rbs_motif=AGGA/GGAG/GAGG;rbs_spacer=11-12bp;gc_cont=0.653
NODE_38_length_67201_cov_36.012689_48   -            937 11534at72274         -            422   3.7e-10   37.9   1.2   1   2       6.2   5.3e+02   -2.2   0.1     5    42    24    60    23    91 0.74 # 40258 # 43068 # 1 # ID=38_48;partial=00;start_type=ATG;rbs_motif=None;rbs_spacer=None;gc_cont=0.603
NODE_38_length_67201_cov_36.012689_48   -            937 11534at72274         -            422   3.7e-10   37.9   1.2   2   2   8.5e-11   7.2e-09   33.6   0.2   245   420   465   684   456   686 0.69 # 40258 # 43068 # 1 # ID=38_48;partial=00;start_type=ATG;rbs_motif=None;rbs_spacer=None;gc_cont=0.603
NODE_23_length_94293_cov_37.233197_3    -            480 11534at72274         -            422   5.2e-10   37.4   0.5   1   1   8.6e-11   7.3e-09   33.6   0.5   177   406   190   460   152   467 0.61 # 1555 # 2994 # -1 # ID=23_3;partial=00;start_type=ATG;rbs_motif=None;rbs_spacer=None;gc_cont=0.632
NODE_21_length_96859_cov_35.716489_34   -            791 11534at72274         -            422   5.4e-10   37.3   8.8   1   3      0.38        32    1.8   0.1     3    35   361   394   359   399 0.88 # 32838 # 35210 # -1 # ID=21_34;partial=00;start_type=ATG;rbs_motif=3Base/5BMM;rbs_spacer=13-15bp;gc_cont=0.612
NODE_21_length_96859_cov_35.716489_34   -            791 11534at72274         -            422   5.4e-10   37.3   8.8   2   3   0.00034     0.029   11.9   0.1   228   301   407   487   400   511 0.82 # 32838 # 35210 # -1 # ID=21_34;partial=00;start_type=ATG;rbs_motif=3Base/5BMM;rbs_spacer=13-15bp;gc_cont=0.612
NODE_21_length_96859_cov_35.716489_34   -            791 11534at72274         -            422   5.4e-10   37.3   8.8   3   3   5.5e-09   4.7e-07   27.7   0.1   345   415   567   638   532   644 0.85 # 32838 # 35210 # -1 # ID=21_34;partial=00;start_type=ATG;rbs_motif=3Base/5BMM;rbs_spacer=13-15bp;gc_cont=0.612
NODE_33_length_70545_cov_36.883601_43   -            457 11534at72274         -            422   7.8e-10   36.8   4.2   1   1   1.7e-11   1.4e-09   35.9   3.7   319   405   202   300    51   316 0.82 # 67529 # 68899 # 1 # ID=33_43;partial=00;start_type=ATG;rbs_motif=GGAG/GAGG;rbs_spacer=5-10bp;gc_cont=0.656
NODE_13_length_120342_cov_37.874908_57  -            392 11534at72274         -            422     1e-09   36.4   1.6   1   1   1.2e-10     1e-08   33.1   1.6   190   420   125   388   121   390 0.67 # 47436 # 48611 # 1 # ID=13_57;partial=00;start_type=ATG;rbs_motif=GGA/GAG/AGG;rbs_spacer=5-10bp;gc_cont=0.616
NODE_25_length_92834_cov_37.159357_38   -            679 11534at72274         -            422   2.1e-09   35.4   0.0   1   2   1.9e-05    0.0017   16.0   0.0   167   235   166   235    97   249 0.79 # 40557 # 42593 # 1 # ID=25_38;partial=00;start_type=ATG;rbs_motif=None;rbs_spacer=None;gc_cont=0.610
NODE_25_length_92834_cov_37.159357_38   -            679 11534at72274         -            422   2.1e-09   35.4   0.0   2   2   1.1e-05   0.00093   16.8   0.0   351   419   594   662   591   664 0.76 # 40557 # 42593 # 1 # ID=25_38;partial=00;start_type=ATG;rbs_motif=None;rbs_spacer=None;gc_cont=0.610
NODE_83_length_19738_cov_33.554895_5    -            440 11534at72274         -            422   4.8e-09   34.2   0.8   1   2   7.4e-06   0.00064   17.3   0.5   171   295   157   286   132   311 0.71 # 4294 # 5613 # 1 # ID=83_5;partial=00;start_type=ATG;rbs_motif=GGAG/GAGG;rbs_spacer=5-10bp;gc_cont=0.646
NODE_83_length_19738_cov_33.554895_5    -            440 11534at72274         -            422   4.8e-09   34.2   0.8   2   2   3.3e-05    0.0028   15.2   0.0   330   406   340   424   314   436 0.81 # 4294 # 5613 # 1 # ID=83_5;partial=00;start_type=ATG;rbs_motif=GGAG/GAGG;rbs_spacer=5-10bp;gc_cont=0.646
NODE_9_length_140286_cov_37.185344_71   -            362 11534at72274         -            422   5.6e-09   34.0   0.7   1   2   2.4e-05     0.002   15.7   0.6   239   327   132   227   107   271 0.76 # 82473 # 83558 # 1 # ID=9_71;partial=00;start_type=ATG;rbs_motif=GGAG/GAGG;rbs_spacer=5-10bp;gc_cont=0.617
NODE_9_length_140286_cov_37.185344_71   -            362 11534at72274         -            422   5.6e-09   34.0   0.7   2   2     2e-05    0.0017   15.9   0.0   348   406   286   341   267   354 0.83 # 82473 # 83558 # 1 # ID=9_71;partial=00;start_type=ATG;rbs_motif=GGAG/GAGG;rbs_spacer=5-10bp;gc_cont=0.617
NODE_6_length_179149_cov_37.409656_17   -           1206 11534at72274         -            422   6.8e-09   33.7   0.4   1   1     8e-10   6.8e-08   30.4   0.4   243   405   712   921   699   929 0.67 # 18575 # 22192 # -1 # ID=6_17;partial=00;start_type=TTG;rbs_motif=GGA/GAG/AGG;rbs_spacer=5-10bp;gc_cont=0.617
NODE_38_length_67201_cov_36.012689_50   -           1063 11534at72274         -            422   7.8e-09   33.5   0.2   1   1   4.2e-09   3.6e-07   28.0   0.2   243   413   490   703   434   709 0.68 # 44333 # 47521 # 1 # ID=38_50;partial=00;start_type=ATG;rbs_motif=GGA/GAG/AGG;rbs_spacer=5-10bp;gc_cont=0.627
NODE_31_length_78538_cov_36.659850_56   -            376 11534at72274         -            422   1.8e-08   32.3   0.0   1   1   6.2e-10   5.3e-08   30.8   0.0   217   420   123   373    87   375 0.71 # 60593 # 61720 # -1 # ID=31_56;partial=00;start_type=ATG;rbs_motif=AGGA;rbs_spacer=5-10bp;gc_cont=0.528
NODE_8_length_148139_cov_37.122890_19   -            376 11534at72274         -            422   1.7e-07   29.1   0.0   1   1     1e-08   8.5e-07   26.8   0.0   216   420   122   373    82   375 0.67 # 11983 # 13110 # -1 # ID=8_19;partial=00;start_type=ATG;rbs_motif=AGGA;rbs_spacer=5-10bp;gc_cont=0.519
NODE_1_length_234130_cov_36.227372_181  -            494 11534at72274         -            422   5.2e-07   27.5   3.0   1   3   6.1e-09   5.2e-07   27.5   3.0   143   239   117   217   110   296 0.78 # 208276 # 209757 # -1 # ID=1_181;partial=00;start_type=ATG;rbs_motif=GGA/GAG/AGG;rbs_spacer=5-10bp;gc_cont=0.632
NODE_1_length_234130_cov_36.227372_181  -            494 11534at72274         -            422   5.2e-07   27.5   3.0   2   3       1.3   1.1e+02    0.0   0.4   199   243   234   277   217   334 0.43 # 208276 # 209757 # -1 # ID=1_181;partial=00;start_type=ATG;rbs_motif=GGA/GAG/AGG;rbs_spacer=5-10bp;gc_cont=0.632
NODE_1_length_234130_cov_36.227372_181  -            494 11534at72274         -            422   5.2e-07   27.5   3.0   3   3      0.39        33    1.8   0.2   191   239   336   385   323   396 0.81 # 208276 # 209757 # -1 # ID=1_181;partial=00;start_type=ATG;rbs_motif=GGA/GAG/AGG;rbs_spacer=5-10bp;gc_cont=0.632
NODE_3_length_201605_cov_36.105884_68   -            925 11534at72274         -            422   5.9e-07   27.3   0.3   1   2   4.5e-07   3.8e-05   21.4   0.1   236   326   395   492   384   543 0.85 # 69094 # 71868 # 1 # ID=3_68;partial=00;start_type=GTG;rbs_motif=GGA/GAG/AGG;rbs_spacer=5-10bp;gc_cont=0.624
NODE_3_length_201605_cov_36.105884_68   -            925 11534at72274         -            422   5.9e-07   27.3   0.3   2   2      0.16        13    3.1   0.0   376   420   581   623   551   625 0.92 # 69094 # 71868 # 1 # ID=3_68;partial=00;start_type=GTG;rbs_motif=GGA/GAG/AGG;rbs_spacer=5-10bp;gc_cont=0.624
NODE_3_length_201605_cov_36.105884_43   -            911 11534at72274         -            422   7.2e-07   27.0   5.4   1   2     0.039       3.3    5.1   1.6    42   168   679   806   656   815 0.63 # 40328 # 43060 # 1 # ID=3_43;partial=00;start_type=TTG;rbs_motif=GGA/GAG/AGG;rbs_spacer=5-10bp;gc_cont=0.641
NODE_3_length_201605_cov_36.105884_43   -            911 11534at72274         -            422   7.2e-07   27.0   5.4   2   2     1e-07   8.5e-06   23.5   0.3   339   416   830   901   795   907 0.77 # 40328 # 43060 # 1 # ID=3_43;partial=00;start_type=TTG;rbs_motif=GGA/GAG/AGG;rbs_spacer=5-10bp;gc_cont=0.641
NODE_32_length_72191_cov_37.283631_41   -            659 11534at72274         -            422   8.2e-07   26.9   0.9   1   2     4e-08   3.4e-06   24.8   0.0   166   243   309   387   281   394 0.69 # 40353 # 42329 # 1 # ID=32_41;partial=00;start_type=ATG;rbs_motif=AGGAG;rbs_spacer=5-10bp;gc_cont=0.630
NODE_32_length_72191_cov_37.283631_41   -            659 11534at72274         -            422   8.2e-07   26.9   0.9   2   2       1.9   1.6e+02   -0.5   0.4   191   248   502   561   445   564 0.82 # 40353 # 42329 # 1 # ID=32_41;partial=00;start_type=ATG;rbs_motif=AGGAG;rbs_spacer=5-10bp;gc_cont=0.630
NODE_10_length_139104_cov_45.561191_90  -            985 11534at72274         -            422   1.2e-06   26.3   0.0   1   1   2.7e-08   2.3e-06   25.4   0.0   318   408   860   959   826   976 0.78 # 116396 # 119350 # -1 # ID=10_90;partial=00;start_type=ATG;rbs_motif=GGA/GAG/AGG;rbs_spacer=5-10bp;gc_cont=0.610
NODE_15_length_115769_cov_35.940923_87  -            392 11534at72274         -            422   1.5e-06   25.9   0.1   1   1     1e-07   8.5e-06   23.5   0.1   315   414   274   383   146   390 0.58 # 82157 # 83332 # -1 # ID=15_87;partial=00;start_type=ATG;rbs_motif=GGA/GAG/AGG;rbs_spacer=5-10bp;gc_cont=0.639
NODE_42_length_60100_cov_37.170039_10   -            469 11534at72274         -            422   1.7e-06   25.8   0.3   1   2       2.4   2.1e+02   -0.8   0.2   129   157   187   215   123   275 0.50 # 15550 # 16956 # 1 # ID=42_10;partial=00;start_type=ATG;rbs_motif=GGA/GAG/AGG;rbs_spacer=5-10bp;gc_cont=0.588
NODE_42_length_60100_cov_37.170039_10   -            469 11534at72274         -            422   1.7e-06   25.8   0.3   2   2   6.8e-08   5.8e-06   24.1   0.0   272   419   298   460   289   463 0.72 # 15550 # 16956 # 1 # ID=42_10;partial=00;start_type=ATG;rbs_motif=GGA/GAG/AGG;rbs_spacer=5-10bp;gc_cont=0.588
NODE_5_length_184381_cov_37.893162_30   -            797 11534at72274         -            422   1.8e-06   25.8   0.0   1   1   4.3e-08   3.7e-06   24.7   0.0   146   233   271   363   256   380 0.77 # 29732 # 32122 # 1 # ID=5_30;partial=00;start_type=ATG;rbs_motif=GGAG/GAGG;rbs_spacer=5-10bp;gc_cont=0.627
NODE_78_length_24273_cov_41.237633_5    -            627 11534at72274         -            422   1.9e-05   22.4   0.2   1   3   2.2e-07   1.9e-05   22.4   0.2   170   247   277   358   266   393 0.85 # 5739 # 7619 # 1 # ID=78_5;partial=00;start_type=ATG;rbs_motif=AGxAG;rbs_spacer=5-10bp;gc_cont=0.593
NODE_78_length_24273_cov_41.237633_5    -            627 11534at72274         -            422   1.9e-05   22.4   0.2   2   3       2.1   1.8e+02   -0.7   0.1   192   239   470   518   459   530 0.80 # 5739 # 7619 # 1 # ID=78_5;partial=00;start_type=ATG;rbs_motif=AGxAG;rbs_spacer=5-10bp;gc_cont=0.593
NODE_78_length_24273_cov_41.237633_5    -            627 11534at72274         -            422   1.9e-05   22.4   0.2   3   3      0.53        45    1.3   0.5    60   119   560   623   527   626 0.63 # 5739 # 7619 # 1 # ID=78_5;partial=00;start_type=ATG;rbs_motif=AGxAG;rbs_spacer=5-10bp;gc_cont=0.593
NODE_7_length_160420_cov_35.917657_11   -            405 11534at72274         -            422   0.00012   19.7   0.6   1   1   5.1e-06   0.00044   17.9   0.6   238   419   185   395   166   397 0.68 # 9823 # 11037 # -1 # ID=7_11;partial=00;start_type=ATG;rbs_motif=GGA/GAG/AGG;rbs_spacer=5-10bp;gc_cont=0.640
NODE_62_length_38743_cov_40.098144_4    -            634 11534at72274         -            422   0.00016   19.3   0.4   1   1   1.6e-05    0.0014   16.2   0.4   242   420   412   624   322   626 0.67 # 1809 # 3710 # -1 # ID=62_4;partial=00;start_type=ATG;rbs_motif=GGA/GAG/AGG;rbs_spacer=5-10bp;gc_cont=0.637
NODE_2_length_205536_cov_36.855734_207  -            545 11534at72274         -            422   0.00023   18.8   0.2   1   2   2.7e-06   0.00023   18.8   0.2   171   239   196   268   184   283 0.75 # 197898 # 199532 # -1 # ID=2_207;partial=00;start_type=ATG;rbs_motif=GGAG/GAGG;rbs_spacer=5-10bp;gc_cont=0.621
NODE_2_length_205536_cov_36.855734_207  -            545 11534at72274         -            422   0.00023   18.8   0.2   2   2       4.7     4e+02   -1.8   0.2   191   238   387   435   303   450 0.68 # 197898 # 199532 # -1 # ID=2_207;partial=00;start_type=ATG;rbs_motif=GGAG/GAGG;rbs_spacer=5-10bp;gc_cont=0.621
NODE_25_length_92834_cov_37.159357_62   -            589 11534at72274         -            422   0.00077   17.0   1.0   1   2       2.7   2.3e+02   -1.0   0.4   240   290   364   413   330   428 0.77 # 69476 # 71242 # 1 # ID=25_62;partial=00;start_type=ATG;rbs_motif=None;rbs_spacer=None;gc_cont=0.647
NODE_25_length_92834_cov_37.159357_62   -            589 11534at72274         -            422   0.00077   17.0   1.0   2   2   2.4e-05    0.0021   15.6   0.0   342   415   506   574   443   581 0.68 # 69476 # 71242 # 1 # ID=25_62;partial=00;start_type=ATG;rbs_motif=None;rbs_spacer=None;gc_cont=0.647
NODE_109_length_9445_cov_35.259851_10   -            375 11534at72274         -            422   0.00097   16.7   1.9   1   2       0.7        60    1.0   0.1   240   259   152   171   126   182 0.85 # 8256 # 9380 # 1 # ID=109_10;partial=00;start_type=ATG;rbs_motif=GGA/GAG/AGG;rbs_spacer=5-10bp;gc_cont=0.586
NODE_109_length_9445_cov_35.259851_10   -            375 11534at72274         -            422   0.00097   16.7   1.9   2   2   5.3e-05    0.0045   14.5   0.3   343   407   297   358   290   371 0.78 # 8256 # 9380 # 1 # ID=109_10;partial=00;start_type=ATG;rbs_motif=GGA/GAG/AGG;rbs_spacer=5-10bp;gc_cont=0.586
NODE_25_length_92834_cov_37.159357_5    -            674 11534at72274         -            422     0.016   12.8   0.1   1   2       1.6   1.4e+02   -0.3   0.0   266   300   334   368   275   392 0.68 # 4632 # 6653 # 1 # ID=25_5;partial=00;start_type=ATG;rbs_motif=None;rbs_spacer=None;gc_cont=0.622
NODE_25_length_92834_cov_37.159357_5    -            674 11534at72274         -            422     0.016   12.8   0.1   2   2    0.0011      0.09   10.2   0.0   351   415   457   519   446   526 0.75 # 4632 # 6653 # 1 # ID=25_5;partial=00;start_type=ATG;rbs_motif=None;rbs_spacer=None;gc_cont=0.622
NODE_72_length_29256_cov_32.680148_3    -            375 11534at72274         -            422     0.031   11.8   0.0   1   1   0.00057     0.049   11.1   0.0   350   415   304   367   265   374 0.81 # 5036 # 6160 # 1 # ID=72_3;partial=00;start_type=ATG;rbs_motif=AGGAG/GGAGG;rbs_spacer=11-12bp;gc_cont=0.578
NODE_98_length_13531_cov_35.744138_6    -            399 11534at72274         -            422     0.046   11.2   0.0   1   1   0.00078     0.067   10.7   0.0   189   243   340   396   324   398 0.86 # 10207 # 11403 # -1 # ID=98_6;partial=00;start_type=GTG;rbs_motif=GGA/GAG/AGG;rbs_spacer=5-10bp;gc_cont=0.651
NODE_53_length_52376_cov_35.193498_17   -            198 11534at72274         -            422     0.055   10.9   0.4   1   1   0.00082      0.07   10.6   0.4   152   191   143   182   106   194 0.88 # 20647 # 21240 # -1 # ID=53_17;partial=00;start_type=ATG;rbs_motif=GGAGG;rbs_spacer=5-10bp;gc_cont=0.653
#
# Program:         hmmsearch
# Version:         3.1b2 (February 2015)
# Pipeline mode:   SEARCH
# Query file:      /data2/PEG/hoaxaca/REAA/Pseudomonas/bin/busco_downloads/lineages/pseudomonadales_odb10/hmms/11534at72274.hmm
# Target file:     /data2/PEG/hoaxaca/REAA/Pseudomonas/bin/../out/busco/trim_130clip.spades_def/prodigal_output/predicted_genes/predicted.faa
# Option settings: hmmsearch --domtblout /data2/PEG/hoaxaca/REAA/Pseudomonas/bin/../out/busco/trim_130clip.spades_def/run_pseudomonadales_odb10/hmmer_output/11534at72274.out --cpu 1 /data2/PEG/hoaxaca/REAA/Pseudomonas/bin/busco_downloads/lineages/pseudomonadales_odb10/hmms/11534at72274.hmm /data2/PEG/hoaxaca/REAA/Pseudomonas/bin/../out/busco/trim_130clip.spades_def/prodigal_output/predicted_genes/predicted.faa 
# Current dir:     /data2/PEG/hoaxaca/REAA/Pseudomonas/bin
# Date:            Mon Feb 20 00:25:51 2023
# [ok]
