#                                                                                              --- full sequence --- -------------- this domain -------------   hmm coord   ali coord   env coord
# target name                          accession   tlen query name           accession   qlen   E-value  score  bias   #  of  c-Evalue  i-Evalue  score  bias  from    to  from    to  from    to  acc description of target
#                  ------------------- ---------- ----- -------------------- ---------- ----- --------- ------ ----- --- --- --------- --------- ------ ----- ----- ----- ----- ----- ----- ----- ---- ---------------------
NODE_21_length_96859_cov_35.716489_37  -            428 11748at72274         -            371  6.5e-201  665.3   4.9   1   1  1.9e-203    1e-200  664.7   4.9     2   371     6   426     5   426 0.91 # 36961 # 38244 # 1 # ID=21_37;partial=00;start_type=ATG;rbs_motif=GGA/GAG/AGG;rbs_spacer=5-10bp;gc_cont=0.645
NODE_5_length_184381_cov_37.893162_35  -            417 11748at72274         -            371     1e-37  128.3   0.4   1   1     1e-39   5.3e-37  125.9   0.4    30   285    22   301    15   321 0.77 # 37021 # 38271 # -1 # ID=5_35;partial=00;start_type=ATG;rbs_motif=GGA/GAG/AGG;rbs_spacer=5-10bp;gc_cont=0.616
NODE_43_length_59975_cov_35.864236_28  -            426 11748at72274         -            371   6.2e-32  109.3   4.5   1   1   1.9e-34   9.9e-32  108.6   4.5    25   299    24   325    13   358 0.76 # 30625 # 31902 # -1 # ID=43_28;partial=00;start_type=ATG;rbs_motif=GGAG/GAGG;rbs_spacer=5-10bp;gc_cont=0.623
NODE_14_length_119663_cov_36.815405_44 -            467 11748at72274         -            371   1.7e-28   98.0   0.1   1   1   5.4e-31   2.9e-28   97.2   0.1    26   282    57   337    49   369 0.80 # 49439 # 50839 # -1 # ID=14_44;partial=00;start_type=ATG;rbs_motif=GGA/GAG/AGG;rbs_spacer=5-10bp;gc_cont=0.581
NODE_73_length_28807_cov_35.897468_12  -            407 11748at72274         -            371     1e-24   85.5   0.4   1   1   2.8e-27   1.5e-24   85.0   0.4    23   301    25   313    14   349 0.73 # 13588 # 14808 # -1 # ID=73_12;partial=00;start_type=ATG;rbs_motif=AGGAG;rbs_spacer=5-10bp;gc_cont=0.631
NODE_83_length_19738_cov_33.554895_7   -            467 11748at72274         -            371   2.6e-23   80.9   0.0   1   2   1.6e-13   8.6e-11   39.7   0.0    29   139    52   176    35   190 0.77 # 6660 # 8060 # 1 # ID=83_7;partial=00;start_type=ATG;rbs_motif=GGAG/GAGG;rbs_spacer=5-10bp;gc_cont=0.643
NODE_83_length_19738_cov_33.554895_7   -            467 11748at72274         -            371   2.6e-23   80.9   0.0   2   2   2.6e-13   1.4e-10   39.0   0.0   178   285   234   342   213   356 0.86 # 6660 # 8060 # 1 # ID=83_7;partial=00;start_type=ATG;rbs_motif=GGAG/GAGG;rbs_spacer=5-10bp;gc_cont=0.643
NODE_1_length_234130_cov_36.227372_117 -            390 11748at72274         -            371   2.6e-22   77.6   0.0   1   1   6.4e-25   3.4e-22   77.2   0.0    31   285    22   288    13   309 0.77 # 135990 # 137159 # 1 # ID=1_117;partial=00;start_type=ATG;rbs_motif=GGAG/GAGG;rbs_spacer=5-10bp;gc_cont=0.635
NODE_3_length_201605_cov_36.105884_2   -            450 11748at72274         -            371   8.2e-22   76.0   0.3   1   2     2e-06     0.001   16.4   0.0    27   114    38   135    33   166 0.74 # 1989 # 3338 # -1 # ID=3_2;partial=00;start_type=ATG;rbs_motif=GGAG/GAGG;rbs_spacer=5-10bp;gc_cont=0.599
NODE_3_length_201605_cov_36.105884_2   -            450 11748at72274         -            371   8.2e-22   76.0   0.3   2   2   6.5e-19   3.4e-16   57.5   0.1   174   304   218   360   186   375 0.77 # 1989 # 3338 # -1 # ID=3_2;partial=00;start_type=ATG;rbs_motif=GGAG/GAGG;rbs_spacer=5-10bp;gc_cont=0.599
NODE_16_length_109736_cov_37.510809_28 -            427 11748at72274         -            371   1.5e-21   75.1   0.1   1   1   4.4e-24   2.3e-21   74.5   0.1    29   285    48   311    36   377 0.77 # 32899 # 34179 # 1 # ID=16_28;partial=00;start_type=ATG;rbs_motif=GGA/GAG/AGG;rbs_spacer=5-10bp;gc_cont=0.616
NODE_2_length_205536_cov_36.855734_16  -            421 11748at72274         -            371     2e-18   64.9   0.0   1   1   3.8e-20     2e-17   61.5   0.0    27   249    15   267    10   299 0.80 # 15903 # 17165 # -1 # ID=2_16;partial=00;start_type=ATG;rbs_motif=GGA/GAG/AGG;rbs_spacer=5-10bp;gc_cont=0.621
NODE_30_length_78626_cov_35.854641_4   -            469 11748at72274         -            371   3.8e-16   57.3   0.0   1   2   5.2e-05     0.028   11.7   0.0    32    65    39    73    32   168 0.74 # 1809 # 3215 # 1 # ID=30_4;partial=00;start_type=ATG;rbs_motif=AGGAG;rbs_spacer=5-10bp;gc_cont=0.619
NODE_30_length_78626_cov_35.854641_4   -            469 11748at72274         -            371   3.8e-16   57.3   0.0   2   2   1.1e-14   5.9e-12   43.5   0.0   163   287   201   336   186   363 0.78 # 1809 # 3215 # 1 # ID=30_4;partial=00;start_type=ATG;rbs_motif=AGGAG;rbs_spacer=5-10bp;gc_cont=0.619
NODE_115_length_8465_cov_38.448633_5   -            465 11748at72274         -            371   8.8e-12   43.0   0.1   1   2     0.009       4.8    4.3   0.0    29   129    40   153    32   160 0.61 # 5283 # 6677 # -1 # ID=115_5;partial=00;start_type=ATG;rbs_motif=AGGA/GGAG/GAGG;rbs_spacer=11-12bp;gc_cont=0.594
NODE_115_length_8465_cov_38.448633_5   -            465 11748at72274         -            371   8.8e-12   43.0   0.1   2   2   2.6e-12   1.4e-09   35.7   0.0   171   285   220   339   191   356 0.83 # 5283 # 6677 # -1 # ID=115_5;partial=00;start_type=ATG;rbs_motif=AGGA/GGAG/GAGG;rbs_spacer=11-12bp;gc_cont=0.594
#
# Program:         hmmsearch
# Version:         3.1b2 (February 2015)
# Pipeline mode:   SEARCH
# Query file:      /data2/PEG/hoaxaca/REAA/Pseudomonas/bin/busco_downloads/lineages/pseudomonadales_odb10/hmms/11748at72274.hmm
# Target file:     /data2/PEG/hoaxaca/REAA/Pseudomonas/bin/../out/busco/trim_130clip.spades_def/prodigal_output/predicted_genes/predicted.faa
# Option settings: hmmsearch --domtblout /data2/PEG/hoaxaca/REAA/Pseudomonas/bin/../out/busco/trim_130clip.spades_def/run_pseudomonadales_odb10/hmmer_output/11748at72274.out --cpu 1 /data2/PEG/hoaxaca/REAA/Pseudomonas/bin/busco_downloads/lineages/pseudomonadales_odb10/hmms/11748at72274.hmm /data2/PEG/hoaxaca/REAA/Pseudomonas/bin/../out/busco/trim_130clip.spades_def/prodigal_output/predicted_genes/predicted.faa 
# Current dir:     /data2/PEG/hoaxaca/REAA/Pseudomonas/bin
# Date:            Mon Feb 20 00:25:51 2023
# [ok]
