#                                                                                              --- full sequence --- -------------- this domain -------------   hmm coord   ali coord   env coord
# target name                          accession   tlen query name           accession   qlen   E-value  score  bias   #  of  c-Evalue  i-Evalue  score  bias  from    to  from    to  from    to  acc description of target
#                  ------------------- ---------- ----- -------------------- ---------- ----- --------- ------ ----- --- --- --------- --------- ------ ----- ----- ----- ----- ----- ----- ----- ---- ---------------------
NODE_10_length_139104_cov_45.561191_61 -            379 16462at72274         -            329  5.2e-198  655.0   2.5   1   2   1.1e-85     1e-82  276.1   0.2     1   151     3   162     3   179 0.95 # 79290 # 80426 # 1 # ID=10_61;partial=00;start_type=TTG;rbs_motif=GGAGG;rbs_spacer=5-10bp;gc_cont=0.600
NODE_10_length_139104_cov_45.561191_61 -            379 16462at72274         -            329  5.2e-198  655.0   2.5   2   2  4.2e-117  3.8e-114  379.4   0.2   150   329   191   372   178   372 0.97 # 79290 # 80426 # 1 # ID=10_61;partial=00;start_type=TTG;rbs_motif=GGAGG;rbs_spacer=5-10bp;gc_cont=0.600
NODE_16_length_109736_cov_37.510809_81 -            198 16462at72274         -            329     1e-16   59.1   0.0   1   1   1.4e-19   1.3e-16   58.9   0.0   161   314    12   177     4   191 0.78 # 94902 # 95495 # 1 # ID=16_81;partial=00;start_type=ATG;rbs_motif=AGGA/GGAG/GAGG;rbs_spacer=11-12bp;gc_cont=0.609
NODE_63_length_38646_cov_36.491099_29  -            198 16462at72274         -            329   9.7e-16   55.9   0.0   1   1   1.2e-18   1.1e-15   55.7   0.0   184   328    38   188     2   189 0.80 # 31889 # 32482 # 1 # ID=63_29;partial=00;start_type=ATG;rbs_motif=AGGAG;rbs_spacer=5-10bp;gc_cont=0.534
NODE_5_length_184381_cov_37.893162_110 -            526 16462at72274         -            329   2.9e-05   21.5   0.0   1   1   7.1e-08   6.5e-05   20.4   0.0   151   241     8    99     2   109 0.86 # 110899 # 112476 # 1 # ID=5_110;partial=00;start_type=ATG;rbs_motif=GGA/GAG/AGG;rbs_spacer=5-10bp;gc_cont=0.617
NODE_7_length_160420_cov_35.917657_54  -            266 16462at72274         -            329   3.9e-05   21.1   0.0   1   1   9.1e-08   8.3e-05   20.0   0.0   223   312   116   210    78   216 0.65 # 53404 # 54201 # -1 # ID=7_54;partial=00;start_type=TTG;rbs_motif=GGAG/GAGG;rbs_spacer=5-10bp;gc_cont=0.575
NODE_37_length_68897_cov_36.672220_39  -            544 16462at72274         -            329   0.00042   17.7   0.0   1   2   0.00061      0.56    7.4   0.0   208   236   358   386   337   416 0.78 # 47451 # 49082 # 1 # ID=37_39;partial=00;start_type=ATG;rbs_motif=GGA/GAG/AGG;rbs_spacer=5-10bp;gc_cont=0.605
NODE_37_length_68897_cov_36.672220_39  -            544 16462at72274         -            329   0.00042   17.7   0.0   2   2   0.00048      0.44    7.8   0.0   262   328   461   532   453   533 0.77 # 47451 # 49082 # 1 # ID=37_39;partial=00;start_type=ATG;rbs_motif=GGA/GAG/AGG;rbs_spacer=5-10bp;gc_cont=0.605
NODE_2_length_205536_cov_36.855734_24  -            638 16462at72274         -            329    0.0019   15.5   0.0   1   1   3.5e-06    0.0032   14.8   0.0   193   244   477   533   447   597 0.82 # 23375 # 25288 # 1 # ID=2_24;partial=00;start_type=ATG;rbs_motif=GGAG/GAGG;rbs_spacer=5-10bp;gc_cont=0.627
#
# Program:         hmmsearch
# Version:         3.1b2 (February 2015)
# Pipeline mode:   SEARCH
# Query file:      /data2/PEG/hoaxaca/REAA/Pseudomonas/bin/busco_downloads/lineages/pseudomonadales_odb10/hmms/16462at72274.hmm
# Target file:     /data2/PEG/hoaxaca/REAA/Pseudomonas/bin/../out/busco/trim_130clip.spades_def/prodigal_output/predicted_genes/predicted.faa
# Option settings: hmmsearch --domtblout /data2/PEG/hoaxaca/REAA/Pseudomonas/bin/../out/busco/trim_130clip.spades_def/run_pseudomonadales_odb10/hmmer_output/16462at72274.out --cpu 1 /data2/PEG/hoaxaca/REAA/Pseudomonas/bin/busco_downloads/lineages/pseudomonadales_odb10/hmms/16462at72274.hmm /data2/PEG/hoaxaca/REAA/Pseudomonas/bin/../out/busco/trim_130clip.spades_def/prodigal_output/predicted_genes/predicted.faa 
# Current dir:     /data2/PEG/hoaxaca/REAA/Pseudomonas/bin
# Date:            Mon Feb 20 00:25:57 2023
# [ok]
