#                                                                                             --- full sequence --- -------------- this domain -------------   hmm coord   ali coord   env coord
# target name                         accession   tlen query name           accession   qlen   E-value  score  bias   #  of  c-Evalue  i-Evalue  score  bias  from    to  from    to  from    to  acc description of target
#                 ------------------- ---------- ----- -------------------- ---------- ----- --------- ------ ----- --- --- --------- --------- ------ ----- ----- ----- ----- ----- ----- ----- ---- ---------------------
NODE_50_length_54564_cov_36.982462_17 -            463 16555at72274         -            398  8.5e-215  711.6   0.0   1   1  7.9e-218  1.3e-214  711.0   0.0     3   398    14   459     2   459 0.91 # 21248 # 22636 # 1 # ID=50_17;partial=00;start_type=GTG;rbs_motif=AGGA;rbs_spacer=5-10bp;gc_cont=0.608
NODE_29_length_79453_cov_37.397932_37 -            944 16555at72274         -            398   4.7e-08   30.9   0.0   1   2     0.017        27    2.0   0.0    25    53    64    92    60    96 0.94 # 33502 # 36333 # -1 # ID=29_37;partial=00;start_type=ATG;rbs_motif=GGA/GAG/AGG;rbs_spacer=5-10bp;gc_cont=0.609
NODE_29_length_79453_cov_37.397932_37 -            944 16555at72274         -            398   4.7e-08   30.9   0.0   2   2   7.1e-10   1.1e-06   26.3   0.0   225   303   590   668   532   685 0.81 # 33502 # 36333 # -1 # ID=29_37;partial=00;start_type=ATG;rbs_motif=GGA/GAG/AGG;rbs_spacer=5-10bp;gc_cont=0.609
NODE_62_length_38743_cov_40.098144_32 -            684 16555at72274         -            398     6e-07   27.2   0.0   1   2   0.00054      0.86    7.0   0.0    25    83    20    81    13    90 0.89 # 30851 # 32902 # -1 # ID=62_32;partial=00;start_type=ATG;rbs_motif=AGxAG;rbs_spacer=5-10bp;gc_cont=0.607
NODE_62_length_38743_cov_40.098144_32 -            684 16555at72274         -            398     6e-07   27.2   0.0   2   2   2.5e-07    0.0004   17.9   0.0   234   273   322   361   306   380 0.88 # 30851 # 32902 # -1 # ID=62_32;partial=00;start_type=ATG;rbs_motif=AGxAG;rbs_spacer=5-10bp;gc_cont=0.607
NODE_21_length_96859_cov_35.716489_47 -            869 16555at72274         -            398      0.02   12.3   0.0   1   2     0.046        73    0.6   0.0    25    50    48    73    26    75 0.75 # 46443 # 49049 # 1 # ID=21_47;partial=00;start_type=ATG;rbs_motif=None;rbs_spacer=None;gc_cont=0.613
NODE_21_length_96859_cov_35.716489_47 -            869 16555at72274         -            398      0.02   12.3   0.0   2   2   0.00011      0.18    9.2   0.0   241   299   625   684   608   754 0.82 # 46443 # 49049 # 1 # ID=21_47;partial=00;start_type=ATG;rbs_motif=None;rbs_spacer=None;gc_cont=0.613
#
# Program:         hmmsearch
# Version:         3.1b2 (February 2015)
# Pipeline mode:   SEARCH
# Query file:      /data2/PEG/hoaxaca/REAA/Pseudomonas/bin/busco_downloads/lineages/pseudomonadales_odb10/hmms/16555at72274.hmm
# Target file:     /data2/PEG/hoaxaca/REAA/Pseudomonas/bin/../out/busco/trim_130clip.spades_def/prodigal_output/predicted_genes/predicted.faa
# Option settings: hmmsearch --domtblout /data2/PEG/hoaxaca/REAA/Pseudomonas/bin/../out/busco/trim_130clip.spades_def/run_pseudomonadales_odb10/hmmer_output/16555at72274.out --cpu 1 /data2/PEG/hoaxaca/REAA/Pseudomonas/bin/busco_downloads/lineages/pseudomonadales_odb10/hmms/16555at72274.hmm /data2/PEG/hoaxaca/REAA/Pseudomonas/bin/../out/busco/trim_130clip.spades_def/prodigal_output/predicted_genes/predicted.faa 
# Current dir:     /data2/PEG/hoaxaca/REAA/Pseudomonas/bin
# Date:            Mon Feb 20 00:25:57 2023
# [ok]
