#                                                                                              --- full sequence --- -------------- this domain -------------   hmm coord   ali coord   env coord
# target name                          accession   tlen query name           accession   qlen   E-value  score  bias   #  of  c-Evalue  i-Evalue  score  bias  from    to  from    to  from    to  acc description of target
#                  ------------------- ---------- ----- -------------------- ---------- ----- --------- ------ ----- --- --- --------- --------- ------ ----- ----- ----- ----- ----- ----- ----- ---- ---------------------
NODE_111_length_9225_cov_38.127154_8   -            407 18149at72274         -            357  2.4e-190  630.3   6.2   1   1  2.4e-193  3.1e-190  630.0   6.2     1   357     1   403     1   403 0.94 # 7852 # 9072 # 1 # ID=111_8;partial=00;start_type=ATG;rbs_motif=GGA/GAG/AGG;rbs_spacer=5-10bp;gc_cont=0.600
NODE_7_length_160420_cov_35.917657_101 -            415 18149at72274         -            357   2.2e-81  271.9   4.7   1   1   1.6e-83     2e-80  268.7   4.7     2   357     4   412     3   412 0.82 # 97857 # 99101 # -1 # ID=7_101;partial=00;start_type=GTG;rbs_motif=AGGAG;rbs_spacer=5-10bp;gc_cont=0.619
NODE_17_length_107317_cov_36.927915_77 -            409 18149at72274         -            357   6.8e-70  234.1   0.1   1   1   7.8e-73     1e-69  233.5   0.1     1   357     1   407     1   407 0.84 # 95122 # 96348 # 1 # ID=17_77;partial=00;start_type=ATG;rbs_motif=GGAGG;rbs_spacer=5-10bp;gc_cont=0.645
NODE_52_length_53283_cov_36.250338_5   -            423 18149at72274         -            357   5.8e-67  224.5   2.9   1   2     0.016        20    2.3   0.0     2    29     3    30     2    41 0.78 # 2568 # 3836 # -1 # ID=52_5;partial=00;start_type=ATG;rbs_motif=GGAG/GAGG;rbs_spacer=5-10bp;gc_cont=0.637
NODE_52_length_53283_cov_36.250338_5   -            423 18149at72274         -            357   5.8e-67  224.5   2.9   2   2   4.7e-69     6e-66  221.1   1.8    44   357    71   421    61   421 0.87 # 2568 # 3836 # -1 # ID=52_5;partial=00;start_type=ATG;rbs_motif=GGAG/GAGG;rbs_spacer=5-10bp;gc_cont=0.637
NODE_17_length_107317_cov_36.927915_74 -            389 18149at72274         -            357   1.9e-25   87.9   0.1   1   2      0.16   2.1e+02   -1.0   0.0     8    29     7    28     3    42 0.84 # 92773 # 93939 # 1 # ID=17_74;partial=00;start_type=ATG;rbs_motif=GGAG/GAGG;rbs_spacer=5-10bp;gc_cont=0.649
NODE_17_length_107317_cov_36.927915_74 -            389 18149at72274         -            357   1.9e-25   87.9   0.1   2   2   1.2e-27   1.5e-24   85.0   0.1    76   354    92   384    69   386 0.78 # 92773 # 93939 # 1 # ID=17_74;partial=00;start_type=ATG;rbs_motif=GGAG/GAGG;rbs_spacer=5-10bp;gc_cont=0.649
#
# Program:         hmmsearch
# Version:         3.1b2 (February 2015)
# Pipeline mode:   SEARCH
# Query file:      /data2/PEG/hoaxaca/REAA/Pseudomonas/bin/busco_downloads/lineages/pseudomonadales_odb10/hmms/18149at72274.hmm
# Target file:     /data2/PEG/hoaxaca/REAA/Pseudomonas/bin/../out/busco/trim_130clip.spades_def/prodigal_output/predicted_genes/predicted.faa
# Option settings: hmmsearch --domtblout /data2/PEG/hoaxaca/REAA/Pseudomonas/bin/../out/busco/trim_130clip.spades_def/run_pseudomonadales_odb10/hmmer_output/18149at72274.out --cpu 1 /data2/PEG/hoaxaca/REAA/Pseudomonas/bin/busco_downloads/lineages/pseudomonadales_odb10/hmms/18149at72274.hmm /data2/PEG/hoaxaca/REAA/Pseudomonas/bin/../out/busco/trim_130clip.spades_def/prodigal_output/predicted_genes/predicted.faa 
# Current dir:     /data2/PEG/hoaxaca/REAA/Pseudomonas/bin
# Date:            Mon Feb 20 00:25:59 2023
# [ok]
