#                                                                                              --- full sequence --- -------------- this domain -------------   hmm coord   ali coord   env coord
# target name                          accession   tlen query name           accession   qlen   E-value  score  bias   #  of  c-Evalue  i-Evalue  score  bias  from    to  from    to  from    to  acc description of target
#                  ------------------- ---------- ----- -------------------- ---------- ----- --------- ------ ----- --- --- --------- --------- ------ ----- ----- ----- ----- ----- ----- ----- ---- ---------------------
NODE_35_length_69566_cov_40.696566_27  -            465 18777at72274         -            384  7.6e-175  579.9  39.7   1   1  3.3e-176  8.5e-174  576.4  39.7     1   383     9   451     9   452 0.91 # 29502 # 30896 # -1 # ID=35_27;partial=00;start_type=ATG;rbs_motif=GGAG/GAGG;rbs_spacer=5-10bp;gc_cont=0.611
NODE_31_length_78538_cov_36.659850_39  -            402 18777at72274         -            384   8.1e-17   59.7  14.2   1   1   3.2e-19   8.1e-17   59.7  14.2    11   172    11   177     1   192 0.86 # 40318 # 41523 # -1 # ID=31_39;partial=00;start_type=ATG;rbs_motif=GGA/GAG/AGG;rbs_spacer=5-10bp;gc_cont=0.624
NODE_53_length_52376_cov_35.193498_45  -            510 18777at72274         -            384   1.3e-12   45.8   5.8   1   1   5.1e-15   1.3e-12   45.8   5.8    13   177    14   187     1   212 0.80 # 48190 # 49719 # 1 # ID=53_45;partial=00;start_type=ATG;rbs_motif=3Base/5BMM;rbs_spacer=13-15bp;gc_cont=0.641
NODE_1_length_234130_cov_36.227372_119 -            398 18777at72274         -            384   4.3e-12   44.1   7.6   1   2   1.7e-14   4.3e-12   44.1   7.6    14   180    13   181     5   214 0.91 # 138279 # 139472 # 1 # ID=1_119;partial=00;start_type=ATG;rbs_motif=GGA/GAG/AGG;rbs_spacer=5-10bp;gc_cont=0.622
NODE_1_length_234130_cov_36.227372_119 -            398 18777at72274         -            384   4.3e-12   44.1   7.6   2   2       1.4   3.6e+02   -1.7   2.6   141   213   287   363   255   377 0.56 # 138279 # 139472 # 1 # ID=1_119;partial=00;start_type=ATG;rbs_motif=GGA/GAG/AGG;rbs_spacer=5-10bp;gc_cont=0.622
NODE_55_length_50388_cov_37.836012_23  -            503 18777at72274         -            384   1.8e-09   35.5  13.6   1   2     7e-12   1.8e-09   35.5  13.6    45   205    58   222    17   256 0.73 # 25460 # 26968 # -1 # ID=55_23;partial=00;start_type=ATG;rbs_motif=AGGA;rbs_spacer=5-10bp;gc_cont=0.657
NODE_55_length_50388_cov_37.836012_23  -            503 18777at72274         -            384   1.8e-09   35.5  13.6   2   2      0.17        43    1.3   8.2    27   183   296   448   281   465 0.71 # 25460 # 26968 # -1 # ID=55_23;partial=00;start_type=ATG;rbs_motif=AGGA;rbs_spacer=5-10bp;gc_cont=0.657
NODE_2_length_205536_cov_36.855734_144 -            409 18777at72274         -            384   2.1e-09   35.3  36.5   1   3   1.3e-11   3.4e-09   34.6  13.7    49   167    50   173    10   191 0.84 # 134241 # 135467 # -1 # ID=2_144;partial=00;start_type=ATG;rbs_motif=AGGAG;rbs_spacer=5-10bp;gc_cont=0.659
NODE_2_length_205536_cov_36.855734_144 -            409 18777at72274         -            384   2.1e-09   35.3  36.5   2   3    0.0011      0.27    8.6  11.9    10   141   212   346   204   373 0.69 # 134241 # 135467 # -1 # ID=2_144;partial=00;start_type=ATG;rbs_motif=AGGAG;rbs_spacer=5-10bp;gc_cont=0.659
NODE_2_length_205536_cov_36.855734_144 -            409 18777at72274         -            384   2.1e-09   35.3  36.5   3   3       1.7   4.3e+02   -1.9   1.8    37   152   366   406   300   408 0.55 # 134241 # 135467 # -1 # ID=2_144;partial=00;start_type=ATG;rbs_motif=AGGAG;rbs_spacer=5-10bp;gc_cont=0.659
NODE_76_length_24952_cov_36.822790_18  -            398 18777at72274         -            384   4.1e-08   31.0   8.6   1   1   1.6e-10   4.1e-08   31.0   8.6    28   168    30   173     9   189 0.79 # 23031 # 24224 # -1 # ID=76_18;partial=00;start_type=ATG;rbs_motif=GGAG/GAGG;rbs_spacer=5-10bp;gc_cont=0.640
NODE_84_length_18774_cov_36.599605_14  -            377 18777at72274         -            384   1.9e-07   28.8  11.9   1   2   7.6e-10   1.9e-07   28.8  11.9    17   170    15   173     4   243 0.87 # 10405 # 11535 # 1 # ID=84_14;partial=00;start_type=ATG;rbs_motif=GGA/GAG/AGG;rbs_spacer=5-10bp;gc_cont=0.645
NODE_84_length_18774_cov_36.599605_14  -            377 18777at72274         -            384   1.9e-07   28.8  11.9   2   2     0.099        25    2.1   0.9   219   276   288   348   271   362 0.73 # 10405 # 11535 # 1 # ID=84_14;partial=00;start_type=ATG;rbs_motif=GGA/GAG/AGG;rbs_spacer=5-10bp;gc_cont=0.645
NODE_23_length_94293_cov_37.233197_51  -            476 18777at72274         -            384   4.1e-07   27.8   9.3   1   2   6.5e-09   1.7e-06   25.7   4.0    46   109    53   116    21   127 0.86 # 56751 # 58178 # 1 # ID=23_51;partial=00;start_type=ATG;rbs_motif=GGA/GAG/AGG;rbs_spacer=5-10bp;gc_cont=0.644
NODE_23_length_94293_cov_37.233197_51  -            476 18777at72274         -            384   4.1e-07   27.8   9.3   2   2     0.033       8.5    3.6   0.3   299   336   137   173   124   185 0.75 # 56751 # 58178 # 1 # ID=23_51;partial=00;start_type=ATG;rbs_motif=GGA/GAG/AGG;rbs_spacer=5-10bp;gc_cont=0.644
NODE_71_length_29834_cov_36.220625_11  -            425 18777at72274         -            384     7e-07   27.0   4.4   1   2   2.7e-09     7e-07   27.0   4.4    56   176    69   190    20   204 0.82 # 11668 # 12942 # -1 # ID=71_11;partial=00;start_type=ATG;rbs_motif=GGA/GAG/AGG;rbs_spacer=5-10bp;gc_cont=0.618
NODE_71_length_29834_cov_36.220625_11  -            425 18777at72274         -            384     7e-07   27.0   4.4   2   2      0.24        62    0.8   3.1   242   318   291   368   272   389 0.62 # 11668 # 12942 # -1 # ID=71_11;partial=00;start_type=ATG;rbs_motif=GGA/GAG/AGG;rbs_spacer=5-10bp;gc_cont=0.618
NODE_30_length_78626_cov_35.854641_78  -            400 18777at72274         -            384   1.1e-06   26.4  24.6   1   1   8.9e-09   2.3e-06   25.3  24.6    25   332    38   369    14   394 0.76 # 70542 # 71741 # 1 # ID=30_78;partial=00;start_type=ATG;rbs_motif=GGA/GAG/AGG;rbs_spacer=5-10bp;gc_cont=0.592
NODE_107_length_10407_cov_32.143644_9  -            455 18777at72274         -            384   7.7e-06   23.5  10.3   1   4     3e-08   7.7e-06   23.5  10.3    34   150    42   156    10   182 0.74 # 7732 # 9096 # 1 # ID=107_9;partial=00;start_type=ATG;rbs_motif=GGA/GAG/AGG;rbs_spacer=5-10bp;gc_cont=0.661
NODE_107_length_10407_cov_32.143644_9  -            455 18777at72274         -            384   7.7e-06   23.5  10.3   2   4       1.2     3e+02   -1.5   1.3    43   100   173   236   162   245 0.57 # 7732 # 9096 # 1 # ID=107_9;partial=00;start_type=ATG;rbs_motif=GGA/GAG/AGG;rbs_spacer=5-10bp;gc_cont=0.661
NODE_107_length_10407_cov_32.143644_9  -            455 18777at72274         -            384   7.7e-06   23.5  10.3   3   4      0.39     1e+02    0.1   7.0    10   101   270   361   264   373 0.78 # 7732 # 9096 # 1 # ID=107_9;partial=00;start_type=ATG;rbs_motif=GGA/GAG/AGG;rbs_spacer=5-10bp;gc_cont=0.661
NODE_107_length_10407_cov_32.143644_9  -            455 18777at72274         -            384   7.7e-06   23.5  10.3   4   4     0.017       4.4    4.6   0.8   289   320   382   413   370   428 0.85 # 7732 # 9096 # 1 # ID=107_9;partial=00;start_type=ATG;rbs_motif=GGA/GAG/AGG;rbs_spacer=5-10bp;gc_cont=0.661
NODE_22_length_94792_cov_34.952996_95  -            396 18777at72274         -            384   4.3e-05   21.1  24.4   1   1   2.6e-07   6.6e-05   20.5  23.9    18   172    16   175     1   353 0.87 # 91271 # 92458 # 1 # ID=22_95;partial=00;start_type=TTG;rbs_motif=AGGA/GGAG/GAGG;rbs_spacer=11-12bp;gc_cont=0.639
NODE_4_length_186787_cov_37.321139_95  -            435 18777at72274         -            384   4.7e-05   21.0   3.7   1   2   5.1e-07   0.00013   19.5   1.7    38   107    52   121    42   135 0.91 # 103276 # 104580 # 1 # ID=4_95;partial=00;start_type=ATG;rbs_motif=GGAG/GAGG;rbs_spacer=5-10bp;gc_cont=0.608
NODE_4_length_186787_cov_37.321139_95  -            435 18777at72274         -            384   4.7e-05   21.0   3.7   2   2   0.00062      0.16    9.3   0.0   293   316   138   161   129   182 0.75 # 103276 # 104580 # 1 # ID=4_95;partial=00;start_type=ATG;rbs_motif=GGAG/GAGG;rbs_spacer=5-10bp;gc_cont=0.608
NODE_3_length_201605_cov_36.105884_18  -            398 18777at72274         -            384   4.9e-05   20.9  17.7   1   1   1.9e-07   4.9e-05   20.9  17.7    10   169     7   171     1   364 0.81 # 16486 # 17679 # -1 # ID=3_18;partial=00;start_type=ATG;rbs_motif=None;rbs_spacer=None;gc_cont=0.647
NODE_74_length_26255_cov_35.093550_6   -            480 18777at72274         -            384     5e-05   20.9   9.2   1   2   1.9e-07     5e-05   20.9   9.2    25   175    39   197    18   203 0.76 # 6671 # 8110 # 1 # ID=74_6;partial=00;start_type=TTG;rbs_motif=None;rbs_spacer=None;gc_cont=0.640
NODE_74_length_26255_cov_35.093550_6   -            480 18777at72274         -            384     5e-05   20.9   9.2   2   2      0.82   2.1e+02   -0.9   4.5    86   150   356   424   306   458 0.63 # 6671 # 8110 # 1 # ID=74_6;partial=00;start_type=TTG;rbs_motif=None;rbs_spacer=None;gc_cont=0.640
NODE_22_length_94792_cov_34.952996_1   -            485 18777at72274         -            384   6.1e-05   20.6  14.2   1   1   2.4e-07   6.1e-05   20.6  14.2    56   161    43   146    13   336 0.68 # 76 # 1530 # -1 # ID=22_1;partial=00;start_type=ATG;rbs_motif=None;rbs_spacer=None;gc_cont=0.623
NODE_51_length_54539_cov_38.731224_34  -            522 18777at72274         -            384   0.00027   18.4  22.2   1   3     3e-05    0.0077   13.7   9.4    55   176    62   188     9   215 0.82 # 31195 # 32760 # -1 # ID=51_34;partial=00;start_type=ATG;rbs_motif=GGA/GAG/AGG;rbs_spacer=5-10bp;gc_cont=0.625
NODE_51_length_54539_cov_38.731224_34  -            522 18777at72274         -            384   0.00027   18.4  22.2   2   3   9.9e-05     0.025   12.0   2.2    10    84   272   348   265   352 0.82 # 31195 # 32760 # -1 # ID=51_34;partial=00;start_type=ATG;rbs_motif=GGA/GAG/AGG;rbs_spacer=5-10bp;gc_cont=0.625
NODE_51_length_54539_cov_38.731224_34  -            522 18777at72274         -            384   0.00027   18.4  22.2   3   3       1.2     3e+02   -1.4   0.0   120   153   475   508   454   511 0.72 # 31195 # 32760 # -1 # ID=51_34;partial=00;start_type=ATG;rbs_motif=GGA/GAG/AGG;rbs_spacer=5-10bp;gc_cont=0.625
NODE_15_length_115769_cov_35.940923_58 -            470 18777at72274         -            384   0.00036   18.0   5.1   1   2   1.4e-06   0.00036   18.0   5.1    62   162    96   203    72   221 0.75 # 55892 # 57301 # -1 # ID=15_58;partial=00;start_type=ATG;rbs_motif=GGA/GAG/AGG;rbs_spacer=5-10bp;gc_cont=0.618
NODE_15_length_115769_cov_35.940923_58 -            470 18777at72274         -            384   0.00036   18.0   5.1   2   2      0.34        86    0.3   1.1    89   269   364   374   318   457 0.57 # 55892 # 57301 # -1 # ID=15_58;partial=00;start_type=ATG;rbs_motif=GGA/GAG/AGG;rbs_spacer=5-10bp;gc_cont=0.618
NODE_56_length_49457_cov_37.056394_17  -            434 18777at72274         -            384     0.001   16.5   3.2   1   3   4.1e-06     0.001   16.5   3.2    62   109    89   136    43   214 0.83 # 15906 # 17207 # 1 # ID=56_17;partial=00;start_type=ATG;rbs_motif=GGAGG;rbs_spacer=5-10bp;gc_cont=0.626
NODE_56_length_49457_cov_37.056394_17  -            434 18777at72274         -            384     0.001   16.5   3.2   2   3         3   7.6e+02   -2.8   2.1    98   164   247   314   238   326 0.65 # 15906 # 17207 # 1 # ID=56_17;partial=00;start_type=ATG;rbs_motif=GGAGG;rbs_spacer=5-10bp;gc_cont=0.626
NODE_56_length_49457_cov_37.056394_17  -            434 18777at72274         -            384     0.001   16.5   3.2   3   3      0.41   1.1e+02    0.0   0.5   278   322   350   395   327   425 0.71 # 15906 # 17207 # 1 # ID=56_17;partial=00;start_type=ATG;rbs_motif=GGAGG;rbs_spacer=5-10bp;gc_cont=0.626
NODE_104_length_10932_cov_35.580675_7  -            142 18777at72274         -            384     0.012   13.0   2.6   1   1     6e-05     0.015   12.7   2.6   260   347    14    95     6   112 0.79 # 6617 # 7042 # 1 # ID=104_7;partial=00;start_type=ATG;rbs_motif=AGGAG/GGAGG;rbs_spacer=11-12bp;gc_cont=0.582
NODE_27_length_84361_cov_36.889332_33  -            393 18777at72274         -            384      0.09   10.2  35.1   1   1    0.0031       0.8    7.0  35.1    29   324    43   363    14   391 0.65 # 41500 # 42678 # -1 # ID=27_33;partial=00;start_type=ATG;rbs_motif=GGAG/GAGG;rbs_spacer=5-10bp;gc_cont=0.640
NODE_6_length_179149_cov_37.409656_67  -            385 18777at72274         -            384     0.098   10.0  26.6   1   1    0.0034      0.88    6.9  26.1    24   170    20   168     9   348 0.87 # 67348 # 68502 # -1 # ID=6_67;partial=00;start_type=ATG;rbs_motif=GGAG/GAGG;rbs_spacer=5-10bp;gc_cont=0.633
NODE_27_length_84361_cov_36.889332_48  -            438 18777at72274         -            384       1.3    6.3  27.9   1   3   7.4e-05     0.019   12.4   2.1    49   106    58   115    50   121 0.86 # 59733 # 61046 # 1 # ID=27_48;partial=00;start_type=ATG;rbs_motif=AGGA/GGAG/GAGG;rbs_spacer=11-12bp;gc_cont=0.639
NODE_27_length_84361_cov_36.889332_48  -            438 18777at72274         -            384       1.3    6.3  27.9   2   3     0.033       8.6    3.6   0.4   293   346   133   186   123   200 0.85 # 59733 # 61046 # 1 # ID=27_48;partial=00;start_type=ATG;rbs_motif=AGGA/GGAG/GAGG;rbs_spacer=11-12bp;gc_cont=0.639
NODE_27_length_84361_cov_36.889332_48  -            438 18777at72274         -            384       1.3    6.3  27.9   3   3      0.49   1.2e+02   -0.2  11.6   258   331   313   395   222   411 0.68 # 59733 # 61046 # 1 # ID=27_48;partial=00;start_type=ATG;rbs_motif=AGGA/GGAG/GAGG;rbs_spacer=11-12bp;gc_cont=0.639
NODE_35_length_69566_cov_40.696566_3   -            401 18777at72274         -            384       2.1    5.6  31.9   1   1   0.00095      0.24    8.7  24.7    23   246    19   257     4   285 0.70 # 2975 # 4177 # 1 # ID=35_3;partial=00;start_type=ATG;rbs_motif=GGAG/GAGG;rbs_spacer=5-10bp;gc_cont=0.640
#
# Program:         hmmsearch
# Version:         3.1b2 (February 2015)
# Pipeline mode:   SEARCH
# Query file:      /data2/PEG/hoaxaca/REAA/Pseudomonas/bin/busco_downloads/lineages/pseudomonadales_odb10/hmms/18777at72274.hmm
# Target file:     /data2/PEG/hoaxaca/REAA/Pseudomonas/bin/../out/busco/trim_130clip.spades_def/prodigal_output/predicted_genes/predicted.faa
# Option settings: hmmsearch --domtblout /data2/PEG/hoaxaca/REAA/Pseudomonas/bin/../out/busco/trim_130clip.spades_def/run_pseudomonadales_odb10/hmmer_output/18777at72274.out --cpu 1 /data2/PEG/hoaxaca/REAA/Pseudomonas/bin/busco_downloads/lineages/pseudomonadales_odb10/hmms/18777at72274.hmm /data2/PEG/hoaxaca/REAA/Pseudomonas/bin/../out/busco/trim_130clip.spades_def/prodigal_output/predicted_genes/predicted.faa 
# Current dir:     /data2/PEG/hoaxaca/REAA/Pseudomonas/bin
# Date:            Mon Feb 20 00:26:00 2023
# [ok]
