#                                                                                              --- full sequence --- -------------- this domain -------------   hmm coord   ali coord   env coord
# target name                          accession   tlen query name           accession   qlen   E-value  score  bias   #  of  c-Evalue  i-Evalue  score  bias  from    to  from    to  from    to  acc description of target
#                  ------------------- ---------- ----- -------------------- ---------- ----- --------- ------ ----- --- --- --------- --------- ------ ----- ----- ----- ----- ----- ----- ----- ---- ---------------------
NODE_1_length_234130_cov_36.227372_18  -           1163 20685at72274         -            884         0 1128.6 101.0   1   4  5.6e-182    6e-179  595.6  34.7     1   426     1   555     1   562 0.88 # 23539 # 27027 # 1 # ID=1_18;partial=00;start_type=GTG;rbs_motif=GGA/GAG/AGG;rbs_spacer=5-10bp;gc_cont=0.620
NODE_1_length_234130_cov_36.227372_18  -           1163 20685at72274         -            884         0 1128.6 101.0   2   4   2.4e-08   2.5e-05   21.1   3.3   429   528   596   698   570   705 0.61 # 23539 # 27027 # 1 # ID=1_18;partial=00;start_type=GTG;rbs_motif=GGA/GAG/AGG;rbs_spacer=5-10bp;gc_cont=0.620
NODE_1_length_234130_cov_36.227372_18  -           1163 20685at72274         -            884         0 1128.6 101.0   3   4   9.3e-23   9.9e-20   68.8  49.6   480   673   688   915   674   925 0.75 # 23539 # 27027 # 1 # ID=1_18;partial=00;start_type=GTG;rbs_motif=GGA/GAG/AGG;rbs_spacer=5-10bp;gc_cont=0.620
NODE_1_length_234130_cov_36.227372_18  -           1163 20685at72274         -            884         0 1128.6 101.0   4   4  1.4e-135  1.5e-132  442.0   1.7   666   884   936  1158   912  1158 0.93 # 23539 # 27027 # 1 # ID=1_18;partial=00;start_type=GTG;rbs_motif=GGA/GAG/AGG;rbs_spacer=5-10bp;gc_cont=0.620
NODE_25_length_92834_cov_37.159357_13  -            260 20685at72274         -            884   4.2e-05   20.4   0.0   1   2   3.5e-05     0.037   10.6   0.0    24    40    38    54    33    60 0.88 # 19053 # 19832 # 1 # ID=25_13;partial=00;start_type=ATG;rbs_motif=GGA/GAG/AGG;rbs_spacer=5-10bp;gc_cont=0.578
NODE_25_length_92834_cov_37.159357_13  -            260 20685at72274         -            884   4.2e-05   20.4   0.0   2   2   0.00026      0.28    7.7   0.0   816   851   178   213   118   225 0.91 # 19053 # 19832 # 1 # ID=25_13;partial=00;start_type=ATG;rbs_motif=GGA/GAG/AGG;rbs_spacer=5-10bp;gc_cont=0.578
NODE_83_length_19738_cov_33.554895_12  -            249 20685at72274         -            884    0.0008   16.1   0.0   1   2   0.00019      0.21    8.1   0.0    24    42    41    59    31    62 0.83 # 10641 # 11387 # -1 # ID=83_12;partial=00;start_type=ATG;rbs_motif=AGGAG;rbs_spacer=5-10bp;gc_cont=0.669
NODE_83_length_19738_cov_33.554895_12  -            249 20685at72274         -            884    0.0008   16.1   0.0   2   2   0.00092      0.98    5.9   0.0   782   851   136   202   133   217 0.77 # 10641 # 11387 # -1 # ID=83_12;partial=00;start_type=ATG;rbs_motif=AGGAG;rbs_spacer=5-10bp;gc_cont=0.669
NODE_20_length_101354_cov_35.986416_14 -            235 20685at72274         -            884    0.0071   13.0   0.0   1   1     1e-05     0.011   12.4   0.0    27    47    33    53    25    58 0.85 # 12987 # 13691 # -1 # ID=20_14;partial=00;start_type=ATG;rbs_motif=None;rbs_spacer=None;gc_cont=0.660
NODE_131_length_3016_cov_35.185073_2   -            377 20685at72274         -            884     0.091    9.3  21.4   1   1   0.00011      0.12    9.0  21.4   501   665    99   226    62   256 0.40 # 1650 # 2780 # -1 # ID=131_2;partial=00;start_type=ATG;rbs_motif=GGAG/GAGG;rbs_spacer=5-10bp;gc_cont=0.645
NODE_108_length_10393_cov_35.139485_4  -            209 20685at72274         -            884      0.14    8.7  23.6   1   1   0.00015      0.16    8.5  23.6   530   658    25   159    14   188 0.48 # 2569 # 3195 # -1 # ID=108_4;partial=00;start_type=ATG;rbs_motif=GGAG/GAGG;rbs_spacer=5-10bp;gc_cont=0.600
#
# Program:         hmmsearch
# Version:         3.1b2 (February 2015)
# Pipeline mode:   SEARCH
# Query file:      /data2/PEG/hoaxaca/REAA/Pseudomonas/bin/busco_downloads/lineages/pseudomonadales_odb10/hmms/20685at72274.hmm
# Target file:     /data2/PEG/hoaxaca/REAA/Pseudomonas/bin/../out/busco/trim_130clip.spades_def/prodigal_output/predicted_genes/predicted.faa
# Option settings: hmmsearch --domtblout /data2/PEG/hoaxaca/REAA/Pseudomonas/bin/../out/busco/trim_130clip.spades_def/run_pseudomonadales_odb10/hmmer_output/20685at72274.out --cpu 1 /data2/PEG/hoaxaca/REAA/Pseudomonas/bin/busco_downloads/lineages/pseudomonadales_odb10/hmms/20685at72274.hmm /data2/PEG/hoaxaca/REAA/Pseudomonas/bin/../out/busco/trim_130clip.spades_def/prodigal_output/predicted_genes/predicted.faa 
# Current dir:     /data2/PEG/hoaxaca/REAA/Pseudomonas/bin
# Date:            Mon Feb 20 00:26:03 2023
# [ok]
