#                                                                                              --- full sequence --- -------------- this domain -------------   hmm coord   ali coord   env coord
# target name                          accession   tlen query name           accession   qlen   E-value  score  bias   #  of  c-Evalue  i-Evalue  score  bias  from    to  from    to  from    to  acc description of target
#                  ------------------- ---------- ----- -------------------- ---------- ----- --------- ------ ----- --- --- --------- --------- ------ ----- ----- ----- ----- ----- ----- ----- ---- ---------------------
NODE_4_length_186787_cov_37.321139_44  -            456 22432at72274         -            375    2e-168  558.8   7.6   1   1  3.1e-171  2.8e-168  558.4   7.6     1   371     1   441     1   445 0.90 # 47873 # 49240 # -1 # ID=4_44;partial=00;start_type=ATG;rbs_motif=3Base/5BMM;rbs_spacer=13-15bp;gc_cont=0.608
NODE_182_length_234_cov_0.865922_1     -             77 22432at72274         -            375   1.3e-17   62.5   0.1   1   1   1.6e-20   1.5e-17   62.3   0.1    76   132     7    75     4    77 0.84 # 3 # 233 # -1 # ID=182_1;partial=11;start_type=Edge;rbs_motif=None;rbs_spacer=None;gc_cont=0.571
NODE_132_length_2972_cov_32.745972_1   -            204 22432at72274         -            375   3.6e-09   34.7   0.2   1   1     8e-11   7.3e-08   30.4   0.2   274   321    95   142    30   199 0.69 # 103 # 714 # -1 # ID=132_1;partial=00;start_type=TTG;rbs_motif=GGAG/GAGG;rbs_spacer=5-10bp;gc_cont=0.595
NODE_37_length_68897_cov_36.672220_43  -            237 22432at72274         -            375      0.04   11.5   0.0   1   1   6.4e-05     0.058   11.0   0.0     6    37    11    42     7    47 0.92 # 51827 # 52537 # 1 # ID=37_43;partial=00;start_type=ATG;rbs_motif=None;rbs_spacer=None;gc_cont=0.654
NODE_16_length_109736_cov_37.510809_67 -            225 22432at72274         -            375     0.049   11.3   0.0   1   1   7.5e-05     0.069   10.8   0.0     5    50     3    53     1    78 0.78 # 77651 # 78325 # 1 # ID=16_67;partial=00;start_type=ATG;rbs_motif=GGAG/GAGG;rbs_spacer=5-10bp;gc_cont=0.631
NODE_4_length_186787_cov_37.321139_18  -            187 22432at72274         -            375     0.079   10.6   3.1   1   2     0.031        29    2.2   0.2   326   363    28    70    20    78 0.62 # 14106 # 14666 # 1 # ID=4_18;partial=00;start_type=ATG;rbs_motif=AGGAG;rbs_spacer=5-10bp;gc_cont=0.611
NODE_4_length_186787_cov_37.321139_18  -            187 22432at72274         -            375     0.079   10.6   3.1   2   2   0.00052      0.48    8.0   0.3   209   246    90   127    79   133 0.84 # 14106 # 14666 # 1 # ID=4_18;partial=00;start_type=ATG;rbs_motif=AGGAG;rbs_spacer=5-10bp;gc_cont=0.611
NODE_4_length_186787_cov_37.321139_109 -            181 22432at72274         -            375      0.14    9.8   2.3   1   1   0.00031      0.28    8.8   0.9   217   264    80   127    77   136 0.91 # 113797 # 114339 # -1 # ID=4_109;partial=00;start_type=GTG;rbs_motif=GGA/GAG/AGG;rbs_spacer=5-10bp;gc_cont=0.621
#
# Program:         hmmsearch
# Version:         3.1b2 (February 2015)
# Pipeline mode:   SEARCH
# Query file:      /data2/PEG/hoaxaca/REAA/Pseudomonas/bin/busco_downloads/lineages/pseudomonadales_odb10/hmms/22432at72274.hmm
# Target file:     /data2/PEG/hoaxaca/REAA/Pseudomonas/bin/../out/busco/trim_130clip.spades_def/prodigal_output/predicted_genes/predicted.faa
# Option settings: hmmsearch --domtblout /data2/PEG/hoaxaca/REAA/Pseudomonas/bin/../out/busco/trim_130clip.spades_def/run_pseudomonadales_odb10/hmmer_output/22432at72274.out --cpu 1 /data2/PEG/hoaxaca/REAA/Pseudomonas/bin/busco_downloads/lineages/pseudomonadales_odb10/hmms/22432at72274.hmm /data2/PEG/hoaxaca/REAA/Pseudomonas/bin/../out/busco/trim_130clip.spades_def/prodigal_output/predicted_genes/predicted.faa 
# Current dir:     /data2/PEG/hoaxaca/REAA/Pseudomonas/bin
# Date:            Mon Feb 20 00:26:06 2023
# [ok]
