#                                                                                               --- full sequence --- -------------- this domain -------------   hmm coord   ali coord   env coord
# target name                           accession   tlen query name           accession   qlen   E-value  score  bias   #  of  c-Evalue  i-Evalue  score  bias  from    to  from    to  from    to  acc description of target
#                   ------------------- ---------- ----- -------------------- ---------- ----- --------- ------ ----- --- --- --------- --------- ------ ----- ----- ----- ----- ----- ----- ----- ---- ---------------------
NODE_9_length_140286_cov_37.185344_71   -            362 23306at72274         -            310  5.9e-150  497.1   1.8   1   1  8.7e-152  7.2e-150  496.8   1.8     1   310     9   356     9   356 0.91 # 82473 # 83558 # 1 # ID=9_71;partial=00;start_type=ATG;rbs_motif=GGAG/GAGG;rbs_spacer=5-10bp;gc_cont=0.617
NODE_115_length_8465_cov_38.448633_2    -            593 23306at72274         -            310   4.8e-34  116.4   0.1   1   1     2e-35   1.6e-33  114.6   0.1   110   309   369   579   342   580 0.73 # 1501 # 3279 # -1 # ID=115_2;partial=00;start_type=ATG;rbs_motif=None;rbs_spacer=None;gc_cont=0.613
NODE_25_length_92834_cov_37.159357_38   -            679 23306at72274         -            310   3.2e-24   84.1   0.1   1   2   6.2e-08   5.1e-06   24.3   0.1     2   145   291   450   290   491 0.74 # 40557 # 42593 # 1 # ID=25_38;partial=00;start_type=ATG;rbs_motif=None;rbs_spacer=None;gc_cont=0.610
NODE_25_length_92834_cov_37.159357_38   -            679 23306at72274         -            310   3.2e-24   84.1   0.1   2   2   6.1e-18   5.1e-16   57.2   0.0   186   308   537   663   534   665 0.88 # 40557 # 42593 # 1 # ID=25_38;partial=00;start_type=ATG;rbs_motif=None;rbs_spacer=None;gc_cont=0.610
NODE_10_length_139104_cov_45.561191_90  -            985 23306at72274         -            310   5.2e-22   76.9   0.1   1   1   4.6e-23   3.9e-21   74.0   0.1     5   301   639   962   635   965 0.62 # 116396 # 119350 # -1 # ID=10_90;partial=00;start_type=ATG;rbs_motif=GGA/GAG/AGG;rbs_spacer=5-10bp;gc_cont=0.610
NODE_42_length_60100_cov_37.170039_10   -            469 23306at72274         -            310     6e-22   76.7   2.7   1   2   0.00014     0.012   13.3   1.1    67   190   166   304   137   337 0.58 # 15550 # 16956 # 1 # ID=42_10;partial=00;start_type=ATG;rbs_motif=GGA/GAG/AGG;rbs_spacer=5-10bp;gc_cont=0.588
NODE_42_length_60100_cov_37.170039_10   -            469 23306at72274         -            310     6e-22   76.7   2.7   2   2   1.3e-19   1.1e-17   62.6   0.0   192   309   347   462   318   463 0.82 # 15550 # 16956 # 1 # ID=42_10;partial=00;start_type=ATG;rbs_motif=GGA/GAG/AGG;rbs_spacer=5-10bp;gc_cont=0.588
NODE_2_length_205536_cov_36.855734_138  -            559 23306at72274         -            310     3e-21   74.3   0.0   1   1   8.4e-23     7e-21   73.2   0.0    72   307   153   416   142   419 0.76 # 127487 # 129163 # -1 # ID=2_138;partial=00;start_type=ATG;rbs_motif=GGA/GAG/AGG;rbs_spacer=5-10bp;gc_cont=0.627
NODE_25_length_92834_cov_37.159357_5    -            674 23306at72274         -            310   3.6e-21   74.1   0.0   1   1   7.8e-23   6.5e-21   73.3   0.0    92   307   283   524   274   527 0.78 # 4632 # 6653 # 1 # ID=25_5;partial=00;start_type=ATG;rbs_motif=None;rbs_spacer=None;gc_cont=0.622
NODE_61_length_41705_cov_34.737431_4    -            557 23306at72274         -            310   5.8e-20   70.1   0.2   1   1   1.4e-21   1.2e-19   69.1   0.2    80   307   155   414   119   416 0.70 # 3831 # 5501 # 1 # ID=61_4;partial=00;start_type=ATG;rbs_motif=AGGA;rbs_spacer=5-10bp;gc_cont=0.607
NODE_3_length_201605_cov_36.105884_43   -            911 23306at72274         -            310   1.4e-19   68.9   0.8   1   1   4.2e-21   3.5e-19   67.6   0.8    95   308   669   906   652   908 0.72 # 40328 # 43060 # 1 # ID=3_43;partial=00;start_type=TTG;rbs_motif=GGA/GAG/AGG;rbs_spacer=5-10bp;gc_cont=0.641
NODE_60_length_46114_cov_39.280597_24   -            846 23306at72274         -            310   5.2e-19   67.0   0.0   1   1   1.7e-20   1.4e-18   65.6   0.0   100   307   464   700   439   703 0.78 # 28154 # 30691 # 1 # ID=60_24;partial=00;start_type=ATG;rbs_motif=GGA/GAG/AGG;rbs_spacer=5-10bp;gc_cont=0.638
NODE_109_length_9445_cov_35.259851_10   -            375 23306at72274         -            310   1.5e-18   65.5   0.2   1   2      0.26        22    2.5   0.0    94   127   137   171   126   187 0.79 # 8256 # 9380 # 1 # ID=109_10;partial=00;start_type=ATG;rbs_motif=GGA/GAG/AGG;rbs_spacer=5-10bp;gc_cont=0.586
NODE_109_length_9445_cov_35.259851_10   -            375 23306at72274         -            310   1.5e-18   65.5   0.2   2   2   6.5e-19   5.4e-17   60.4   0.0   201   308   265   371   247   372 0.86 # 8256 # 9380 # 1 # ID=109_10;partial=00;start_type=ATG;rbs_motif=GGA/GAG/AGG;rbs_spacer=5-10bp;gc_cont=0.586
NODE_4_length_186787_cov_37.321139_149  -            596 23306at72274         -            310   6.4e-18   63.4   0.0   1   2         2   1.7e+02   -0.4   0.0     3    35   263   295   261   318 0.86 # 155097 # 156884 # -1 # ID=4_149;partial=00;start_type=ATG;rbs_motif=GGA/GAG/AGG;rbs_spacer=5-10bp;gc_cont=0.606
NODE_4_length_186787_cov_37.321139_149  -            596 23306at72274         -            310   6.4e-18   63.4   0.0   2   2   1.2e-18   9.9e-17   59.5   0.1   106   308   374   595   360   595 0.79 # 155097 # 156884 # -1 # ID=4_149;partial=00;start_type=ATG;rbs_motif=GGA/GAG/AGG;rbs_spacer=5-10bp;gc_cont=0.606
NODE_38_length_67201_cov_36.012689_48   -            937 23306at72274         -            310   2.3e-17   61.6   0.1   1   1   1.4e-18   1.2e-16   59.2   0.1    99   309   450   685   433   686 0.75 # 40258 # 43068 # 1 # ID=38_48;partial=00;start_type=ATG;rbs_motif=None;rbs_spacer=None;gc_cont=0.603
NODE_7_length_160420_cov_35.917657_11   -            405 23306at72274         -            310   3.8e-17   60.9   0.0   1   1   2.2e-18   1.9e-16   58.6   0.0     2   307    84   395    83   398 0.73 # 9823 # 11037 # -1 # ID=7_11;partial=00;start_type=ATG;rbs_motif=GGA/GAG/AGG;rbs_spacer=5-10bp;gc_cont=0.640
NODE_6_length_179149_cov_37.409656_7    -            570 23306at72274         -            310   9.2e-17   59.6   0.0   1   1   1.8e-18   1.5e-16   58.9   0.0    97   308   186   425   171   427 0.75 # 5910 # 7619 # -1 # ID=6_7;partial=00;start_type=ATG;rbs_motif=GGA/GAG/AGG;rbs_spacer=5-10bp;gc_cont=0.630
NODE_12_length_124139_cov_36.699728_24  -            468 23306at72274         -            310   1.6e-16   58.8   0.0   1   1   4.7e-18   3.9e-16   57.6   0.0   114   309   248   461   239   462 0.74 # 27837 # 29240 # -1 # ID=12_24;partial=00;start_type=ATG;rbs_motif=GGAGG;rbs_spacer=5-10bp;gc_cont=0.632
NODE_14_length_119663_cov_36.815405_53  -            649 23306at72274         -            310   2.3e-16   58.3   0.0   1   1   5.4e-18   4.5e-16   57.4   0.0    93   308   265   502   254   504 0.77 # 64203 # 66149 # -1 # ID=14_53;partial=00;start_type=ATG;rbs_motif=GGA/GAG/AGG;rbs_spacer=5-10bp;gc_cont=0.590
NODE_72_length_29256_cov_32.680148_3    -            375 23306at72274         -            310     3e-16   57.9   0.1   1   1   3.3e-17   2.7e-15   54.8   0.1    95   307   134   372   125   374 0.71 # 5036 # 6160 # 1 # ID=72_3;partial=00;start_type=ATG;rbs_motif=AGGAG/GGAGG;rbs_spacer=11-12bp;gc_cont=0.578
NODE_13_length_120342_cov_37.874908_57  -            392 23306at72274         -            310   6.7e-16   56.8   0.5   1   2   1.5e-06   0.00013   19.7   0.2   101   165   164   228   138   253 0.85 # 47436 # 48611 # 1 # ID=13_57;partial=00;start_type=ATG;rbs_motif=GGA/GAG/AGG;rbs_spacer=5-10bp;gc_cont=0.616
NODE_13_length_120342_cov_37.874908_57  -            392 23306at72274         -            310   6.7e-16   56.8   0.5   2   2   2.8e-11   2.3e-09   35.3   0.0   200   309   280   389   274   390 0.79 # 47436 # 48611 # 1 # ID=13_57;partial=00;start_type=ATG;rbs_motif=GGA/GAG/AGG;rbs_spacer=5-10bp;gc_cont=0.616
NODE_42_length_60100_cov_37.170039_9    -            601 23306at72274         -            310   9.4e-16   56.3   0.6   1   2      0.63        52    1.3   0.5    86   141   310   366   244   409 0.82 # 13745 # 15547 # 1 # ID=42_9;partial=00;start_type=ATG;rbs_motif=GGA/GAG/AGG;rbs_spacer=5-10bp;gc_cont=0.606
NODE_42_length_60100_cov_37.170039_9    -            601 23306at72274         -            310   9.4e-16   56.3   0.6   2   2   1.9e-16   1.6e-14   52.3   0.0   184   309   471   596   465   597 0.86 # 13745 # 15547 # 1 # ID=42_9;partial=00;start_type=ATG;rbs_motif=GGA/GAG/AGG;rbs_spacer=5-10bp;gc_cont=0.606
NODE_20_length_101354_cov_35.986416_42  -            441 23306at72274         -            310   1.3e-15   55.8   0.1   1   2     4e-09   3.3e-07   28.2   0.1     7   164   107   264   102   292 0.78 # 48774 # 50096 # 1 # ID=20_42;partial=00;start_type=GTG;rbs_motif=AGGA/GGAG/GAGG;rbs_spacer=11-12bp;gc_cont=0.616
NODE_20_length_101354_cov_35.986416_42  -            441 23306at72274         -            310   1.3e-15   55.8   0.1   2   2   2.5e-08   2.1e-06   25.6   0.0   240   307   351   426   319   429 0.79 # 48774 # 50096 # 1 # ID=20_42;partial=00;start_type=GTG;rbs_motif=AGGA/GGAG/GAGG;rbs_spacer=11-12bp;gc_cont=0.616
NODE_7_length_160420_cov_35.917657_126  -            918 23306at72274         -            310   1.6e-15   55.5   2.1   1   1   2.8e-16   2.3e-14   51.7   2.1    92   297   270   497   225   512 0.73 # 122252 # 125005 # 1 # ID=7_126;partial=00;start_type=GTG;rbs_motif=AGGAG;rbs_spacer=5-10bp;gc_cont=0.634
NODE_7_length_160420_cov_35.917657_145  -            539 23306at72274         -            310   4.9e-15   53.9   0.0   1   2   1.6e-05    0.0013   16.4   0.0   101   170   302   371   297   406 0.91 # 139929 # 141545 # -1 # ID=7_145;partial=00;start_type=GTG;rbs_motif=None;rbs_spacer=None;gc_cont=0.640
NODE_7_length_160420_cov_35.917657_145  -            539 23306at72274         -            310   4.9e-15   53.9   0.0   2   2   2.9e-11   2.4e-09   35.2   0.0   207   307   430   530   418   533 0.71 # 139929 # 141545 # -1 # ID=7_145;partial=00;start_type=GTG;rbs_motif=None;rbs_spacer=None;gc_cont=0.640
NODE_64_length_37962_cov_35.904846_4    -            806 23306at72274         -            310   2.2e-14   51.8   1.1   1   1   5.1e-16   4.3e-14   50.9   1.1    79   297   293   528   263   541 0.76 # 5308 # 7725 # 1 # ID=64_4;partial=00;start_type=ATG;rbs_motif=GGA/GAG/AGG;rbs_spacer=5-10bp;gc_cont=0.588
NODE_89_length_17124_cov_37.847091_7    -           1129 23306at72274         -            310   7.5e-14   50.1   3.1   1   1   1.9e-14   1.6e-12   45.7   3.1    78   306   648   895   576   899 0.69 # 5333 # 8719 # 1 # ID=89_7;partial=00;start_type=GTG;rbs_motif=GGAG/GAGG;rbs_spacer=5-10bp;gc_cont=0.634
NODE_61_length_41705_cov_34.737431_6    -            402 23306at72274         -            310   7.8e-14   50.0   1.8   1   2   0.00032     0.027   12.1   1.1    93   155   153   217   107   240 0.75 # 5976 # 7181 # -1 # ID=61_6;partial=00;start_type=ATG;rbs_motif=GGA/GAG/AGG;rbs_spacer=5-10bp;gc_cont=0.606
NODE_61_length_41705_cov_34.737431_6    -            402 23306at72274         -            310   7.8e-14   50.0   1.8   2   2   1.5e-11   1.3e-09   36.2   0.0   237   308   316   393   283   395 0.74 # 5976 # 7181 # -1 # ID=61_6;partial=00;start_type=ATG;rbs_motif=GGA/GAG/AGG;rbs_spacer=5-10bp;gc_cont=0.606
NODE_25_length_92834_cov_37.159357_62   -            589 23306at72274         -            310   2.1e-13   48.6   0.1   1   1   1.8e-14   1.5e-12   45.8   0.1    87   308   342   580   336   582 0.72 # 69476 # 71242 # 1 # ID=25_62;partial=00;start_type=ATG;rbs_motif=None;rbs_spacer=None;gc_cont=0.647
NODE_23_length_94293_cov_37.233197_3    -            480 23306at72274         -            310   2.4e-13   48.4   0.8   1   2   5.4e-13   4.5e-11   40.9   0.3   100   169   248   317   238   330 0.88 # 1555 # 2994 # -1 # ID=23_3;partial=00;start_type=ATG;rbs_motif=None;rbs_spacer=None;gc_cont=0.632
NODE_23_length_94293_cov_37.233197_3    -            480 23306at72274         -            310   2.4e-13   48.4   0.8   2   2     0.032       2.6    5.6   0.0   268   294   433   458   419   472 0.77 # 1555 # 2994 # -1 # ID=23_3;partial=00;start_type=ATG;rbs_motif=None;rbs_spacer=None;gc_cont=0.632
NODE_111_length_9225_cov_38.127154_6    -            634 23306at72274         -            310   9.6e-13   46.4   0.5   1   2   4.2e-07   3.5e-05   21.6   0.2    95   171   252   328   241   350 0.80 # 5175 # 7076 # 1 # ID=111_6;partial=00;start_type=ATG;rbs_motif=AGGAG;rbs_spacer=5-10bp;gc_cont=0.612
NODE_111_length_9225_cov_38.127154_6    -            634 23306at72274         -            310   9.6e-13   46.4   0.5   2   2   1.8e-07   1.5e-05   22.8   0.0   197   308   375   491   369   493 0.79 # 5175 # 7076 # 1 # ID=111_6;partial=00;start_type=ATG;rbs_motif=AGGAG;rbs_spacer=5-10bp;gc_cont=0.612
NODE_68_length_31509_cov_35.822312_16   -            448 23306at72274         -            310   1.5e-12   45.8   0.0   1   1   3.4e-14   2.8e-12   44.9   0.0   107   296   227   425   216   441 0.80 # 18770 # 20113 # -1 # ID=68_16;partial=00;start_type=GTG;rbs_motif=GGAG/GAGG;rbs_spacer=5-10bp;gc_cont=0.656
NODE_62_length_38743_cov_40.098144_4    -            634 23306at72274         -            310   1.9e-12   45.4   0.3   1   2       3.8   3.2e+02   -1.3   0.1    63   117   314   368   312   399 0.81 # 1809 # 3710 # -1 # ID=62_4;partial=00;start_type=ATG;rbs_motif=GGA/GAG/AGG;rbs_spacer=5-10bp;gc_cont=0.637
NODE_62_length_38743_cov_40.098144_4    -            634 23306at72274         -            310   1.9e-12   45.4   0.3   2   2   1.3e-13   1.1e-11   43.0   0.1    94   309   396   625   382   626 0.68 # 1809 # 3710 # -1 # ID=62_4;partial=00;start_type=ATG;rbs_motif=GGA/GAG/AGG;rbs_spacer=5-10bp;gc_cont=0.637
NODE_5_length_184381_cov_37.893162_45   -            743 23306at72274         -            310   3.9e-12   44.4   0.3   1   3       3.7   3.1e+02   -1.2   0.0   170   199   130   159   100   164 0.63 # 47567 # 49795 # -1 # ID=5_45;partial=00;start_type=ATG;rbs_motif=AGGAG;rbs_spacer=5-10bp;gc_cont=0.613
NODE_5_length_184381_cov_37.893162_45   -            743 23306at72274         -            310   3.9e-12   44.4   0.3   2   3       7.5   6.2e+02   -2.2   0.1    11    54   298   338   289   349 0.69 # 47567 # 49795 # -1 # ID=5_45;partial=00;start_type=ATG;rbs_motif=AGGAG;rbs_spacer=5-10bp;gc_cont=0.613
NODE_5_length_184381_cov_37.893162_45   -            743 23306at72274         -            310   3.9e-12   44.4   0.3   3   3     4e-13   3.3e-11   41.4   0.0   105   297   515   727   499   740 0.77 # 47567 # 49795 # -1 # ID=5_45;partial=00;start_type=ATG;rbs_motif=AGGAG;rbs_spacer=5-10bp;gc_cont=0.613
NODE_1_length_234130_cov_36.227372_174  -            884 23306at72274         -            310   4.4e-12   44.3   0.1   1   1   4.8e-13     4e-11   41.1   0.1   105   309   649   874   637   875 0.72 # 201090 # 203741 # 1 # ID=1_174;partial=00;start_type=ATG;rbs_motif=AGGA/GGAG/GAGG;rbs_spacer=11-12bp;gc_cont=0.653
NODE_5_length_184381_cov_37.893162_66   -            466 23306at72274         -            310   8.1e-12   43.4   2.8   1   2   1.4e-05    0.0011   16.6   0.7   108   189   239   320   228   338 0.91 # 66534 # 67931 # 1 # ID=5_66;partial=00;start_type=ATG;rbs_motif=GGA/GAG/AGG;rbs_spacer=5-10bp;gc_cont=0.627
NODE_5_length_184381_cov_37.893162_66   -            466 23306at72274         -            310   8.1e-12   43.4   2.8   2   2   1.1e-08   9.3e-07   26.8   0.1   240   294   383   438   348   444 0.88 # 66534 # 67931 # 1 # ID=5_66;partial=00;start_type=ATG;rbs_motif=GGA/GAG/AGG;rbs_spacer=5-10bp;gc_cont=0.627
NODE_31_length_78538_cov_36.659850_56   -            376 23306at72274         -            310   5.5e-11   40.7   0.2   1   1   7.9e-12   6.5e-10   37.1   0.2   107   309   149   374   136   375 0.67 # 60593 # 61720 # -1 # ID=31_56;partial=00;start_type=ATG;rbs_motif=AGGA;rbs_spacer=5-10bp;gc_cont=0.528
NODE_38_length_67201_cov_36.012689_50   -           1063 23306at72274         -            310   9.1e-11   39.9   0.0   1   2   1.9e-05    0.0016   16.1   0.0   106   169   485   548   462   560 0.84 # 44333 # 47521 # 1 # ID=38_50;partial=00;start_type=ATG;rbs_motif=GGA/GAG/AGG;rbs_spacer=5-10bp;gc_cont=0.627
NODE_38_length_67201_cov_36.012689_50   -           1063 23306at72274         -            310   9.1e-11   39.9   0.0   2   2     5e-07   4.1e-05   21.3   0.0   190   297   588   697   575   710 0.79 # 44333 # 47521 # 1 # ID=38_50;partial=00;start_type=ATG;rbs_motif=GGA/GAG/AGG;rbs_spacer=5-10bp;gc_cont=0.627
NODE_1_length_234130_cov_36.227372_90   -            451 23306at72274         -            310   1.1e-10   39.6   0.1   1   2    0.0086      0.71    7.4   0.0   114   168   236   291   227   311 0.78 # 111119 # 112471 # -1 # ID=1_90;partial=00;start_type=ATG;rbs_motif=AGGAG/GGAGG;rbs_spacer=11-12bp;gc_cont=0.620
NODE_1_length_234130_cov_36.227372_90   -            451 23306at72274         -            310   1.1e-10   39.6   0.1   2   2   1.3e-09     1e-07   29.9   0.0   242   307   374   447   363   449 0.84 # 111119 # 112471 # -1 # ID=1_90;partial=00;start_type=ATG;rbs_motif=AGGAG/GGAGG;rbs_spacer=11-12bp;gc_cont=0.620
NODE_40_length_63809_cov_36.202701_23   -            471 23306at72274         -            310   1.3e-10   39.4   0.2   1   1   1.3e-11   1.1e-09   36.4   0.2   114   307   252   462   247   465 0.78 # 23157 # 24569 # -1 # ID=40_23;partial=00;start_type=ATG;rbs_motif=None;rbs_spacer=None;gc_cont=0.640
NODE_39_length_65238_cov_38.202860_9    -            432 23306at72274         -            310   1.4e-10   39.3   0.0   1   1   2.5e-12   2.1e-10   38.7   0.0   100   295   207   413   155   428 0.74 # 7653 # 8948 # 1 # ID=39_9;partial=00;start_type=ATG;rbs_motif=GGAG/GAGG;rbs_spacer=5-10bp;gc_cont=0.632
NODE_28_length_83551_cov_36.087908_4    -            492 23306at72274         -            310   1.9e-10   38.9   0.3   1   1   9.4e-11   7.8e-09   33.6   0.3   100   292   256   465   241   482 0.69 # 3447 # 4922 # 1 # ID=28_4;partial=00;start_type=ATG;rbs_motif=GGA/GAG/AGG;rbs_spacer=5-10bp;gc_cont=0.622
NODE_6_length_179149_cov_37.409656_17   -           1206 23306at72274         -            310     4e-10   37.8   0.1   1   1   8.5e-12     7e-10   37.0   0.1    93   296   695   922   675   936 0.77 # 18575 # 22192 # -1 # ID=6_17;partial=00;start_type=TTG;rbs_motif=GGA/GAG/AGG;rbs_spacer=5-10bp;gc_cont=0.617
NODE_26_length_88680_cov_35.325709_78   -            775 23306at72274         -            310     5e-10   37.5   3.8   1   2       2.2   1.8e+02   -0.5   0.1   176   252    28    99    18   107 0.79 # 77652 # 79976 # 1 # ID=26_78;partial=00;start_type=GTG;rbs_motif=AGGA;rbs_spacer=5-10bp;gc_cont=0.615
NODE_26_length_88680_cov_35.325709_78   -            775 23306at72274         -            310     5e-10   37.5   3.8   2   2   3.2e-11   2.7e-09   35.1   0.6   105   298   289   499   222   512 0.72 # 77652 # 79976 # 1 # ID=26_78;partial=00;start_type=GTG;rbs_motif=AGGA;rbs_spacer=5-10bp;gc_cont=0.615
NODE_14_length_119663_cov_36.815405_85  -           1198 23306at72274         -            310   9.4e-10   36.6   0.6   1   1   2.9e-11   2.4e-09   35.3   0.6   106   296   704   917   683   930 0.74 # 107368 # 110961 # -1 # ID=14_85;partial=00;start_type=ATG;rbs_motif=None;rbs_spacer=None;gc_cont=0.617
NODE_8_length_148139_cov_37.122890_19   -            376 23306at72274         -            310   1.1e-09   36.3   0.1   1   2      0.35        29    2.1   0.0   106   164   148   208   122   216 0.76 # 11983 # 13110 # -1 # ID=8_19;partial=00;start_type=ATG;rbs_motif=AGGA;rbs_spacer=5-10bp;gc_cont=0.519
NODE_8_length_148139_cov_37.122890_19   -            376 23306at72274         -            310   1.1e-09   36.3   0.1   2   2   3.3e-10   2.7e-08   31.8   0.0   200   309   261   374   256   375 0.73 # 11983 # 13110 # -1 # ID=8_19;partial=00;start_type=ATG;rbs_motif=AGGA;rbs_spacer=5-10bp;gc_cont=0.519
NODE_15_length_115769_cov_35.940923_87  -            392 23306at72274         -            310   1.2e-09   36.2   1.8   1   1   4.7e-10   3.9e-08   31.3   1.8    97   307   159   388   129   391 0.70 # 82157 # 83332 # -1 # ID=15_87;partial=00;start_type=ATG;rbs_motif=GGA/GAG/AGG;rbs_spacer=5-10bp;gc_cont=0.639
NODE_22_length_94792_cov_34.952996_61   -            462 23306at72274         -            310   1.9e-09   35.6   0.2   1   2   2.9e-05    0.0024   15.5   0.1   100   178   237   315   218   341 0.82 # 56978 # 58363 # -1 # ID=22_61;partial=00;start_type=ATG;rbs_motif=GGA/GAG/AGG;rbs_spacer=5-10bp;gc_cont=0.652
NODE_22_length_94792_cov_34.952996_61   -            462 23306at72274         -            310   1.9e-09   35.6   0.2   2   2   5.2e-06   0.00043   18.0   0.0   245   294   393   444   383   454 0.85 # 56978 # 58363 # -1 # ID=22_61;partial=00;start_type=ATG;rbs_motif=GGA/GAG/AGG;rbs_spacer=5-10bp;gc_cont=0.652
NODE_7_length_160420_cov_35.917657_124  -            457 23306at72274         -            310   2.4e-09   35.3   0.0   1   1     4e-10   3.3e-08   31.5   0.0   100   298   236   444   230   450 0.70 # 119961 # 121331 # -1 # ID=7_124;partial=00;start_type=ATG;rbs_motif=GGA/GAG/AGG;rbs_spacer=5-10bp;gc_cont=0.631
NODE_9_length_140286_cov_37.185344_119  -            603 23306at72274         -            310   2.7e-09   35.1   0.0   1   1   1.1e-10   9.3e-09   33.3   0.0    94   291   355   568   341   583 0.74 # 128661 # 130469 # 1 # ID=9_119;partial=00;start_type=ATG;rbs_motif=GGA/GAG/AGG;rbs_spacer=11-12bp;gc_cont=0.649
NODE_66_length_35873_cov_35.571612_21   -            432 23306at72274         -            310   4.5e-09   34.4   0.0   1   1   8.2e-11   6.8e-09   33.8   0.0   106   307   211   430   201   431 0.74 # 25652 # 26947 # 1 # ID=66_21;partial=00;start_type=ATG;rbs_motif=GGA/GAG/AGG;rbs_spacer=5-10bp;gc_cont=0.644
NODE_40_length_63809_cov_36.202701_11   -            451 23306at72274         -            310   4.8e-09   34.3   0.1   1   1   1.3e-10   1.1e-08   33.1   0.1    99   288   221   423   213   433 0.68 # 12159 # 13511 # -1 # ID=40_11;partial=00;start_type=ATG;rbs_motif=GGA/GAG/AGG;rbs_spacer=5-10bp;gc_cont=0.629
NODE_26_length_88680_cov_35.325709_75   -           1211 23306at72274         -            310   5.1e-09   34.2   0.8   1   2       7.8   6.5e+02   -2.3   0.0    18    73   601   656   585   661 0.76 # 72452 # 76084 # 1 # ID=26_75;partial=00;start_type=ATG;rbs_motif=GGA/GAG/AGG;rbs_spacer=5-10bp;gc_cont=0.594
NODE_26_length_88680_cov_35.325709_75   -           1211 23306at72274         -            310   5.1e-09   34.2   0.8   2   2   1.7e-10   1.5e-08   32.7   0.4    96   297   706   932   691   945 0.76 # 72452 # 76084 # 1 # ID=26_75;partial=00;start_type=ATG;rbs_motif=GGA/GAG/AGG;rbs_spacer=5-10bp;gc_cont=0.594
NODE_11_length_135406_cov_37.346085_101 -            455 23306at72274         -            310   5.8e-09   34.0   1.2   1   1   3.9e-10   3.3e-08   31.5   1.2   113   307   242   453   227   454 0.70 # 102073 # 103437 # 1 # ID=11_101;partial=00;start_type=GTG;rbs_motif=GGAG/GAGG;rbs_spacer=5-10bp;gc_cont=0.617
NODE_76_length_24952_cov_36.822790_4    -            884 23306at72274         -            310   1.4e-08   32.7   0.1   1   1   1.2e-09   9.7e-08   30.0   0.1   101   307   654   873   637   876 0.74 # 5327 # 7978 # 1 # ID=76_4;partial=00;start_type=ATG;rbs_motif=AGGA;rbs_spacer=5-10bp;gc_cont=0.663
NODE_97_length_13726_cov_35.443932_8    -            452 23306at72274         -            310   1.6e-08   32.6   0.2   1   2     0.021       1.8    6.1   0.1   101   169   184   255   167   273 0.77 # 5908 # 7263 # -1 # ID=97_8;partial=00;start_type=ATG;rbs_motif=GGA/GAG/AGG;rbs_spacer=5-10bp;gc_cont=0.616
NODE_97_length_13726_cov_35.443932_8    -            452 23306at72274         -            310   1.6e-08   32.6   0.2   2   2     8e-08   6.7e-06   23.9   0.0   232   309   354   439   284   440 0.83 # 5908 # 7263 # -1 # ID=97_8;partial=00;start_type=ATG;rbs_motif=GGA/GAG/AGG;rbs_spacer=5-10bp;gc_cont=0.616
NODE_5_length_184381_cov_37.893162_148  -           1194 23306at72274         -            310   1.6e-08   32.5   0.3   1   2      0.56        46    1.5   0.0   107   133   707   733   682   766 0.76 # 157108 # 160689 # 1 # ID=5_148;partial=00;start_type=GTG;rbs_motif=AGGA;rbs_spacer=5-10bp;gc_cont=0.620
NODE_5_length_184381_cov_37.893162_148  -           1194 23306at72274         -            310   1.6e-08   32.5   0.3   2   2   3.2e-09   2.7e-07   28.5   0.0   200   297   822   922   799   936 0.81 # 157108 # 160689 # 1 # ID=5_148;partial=00;start_type=GTG;rbs_motif=AGGA;rbs_spacer=5-10bp;gc_cont=0.620
NODE_44_length_58866_cov_36.168540_15   -            438 23306at72274         -            310   2.9e-08   31.7   0.0   1   2      0.61        51    1.3   0.0   109   135   223   249   205   298 0.72 # 12490 # 13803 # -1 # ID=44_15;partial=00;start_type=ATG;rbs_motif=None;rbs_spacer=None;gc_cont=0.618
NODE_44_length_58866_cov_36.168540_15   -            438 23306at72274         -            310   2.9e-08   31.7   0.0   2   2   4.2e-09   3.5e-07   28.2   0.0   244   296   358   414   325   428 0.87 # 12490 # 13803 # -1 # ID=44_15;partial=00;start_type=ATG;rbs_motif=None;rbs_spacer=None;gc_cont=0.618
NODE_25_length_92834_cov_37.159357_70   -            490 23306at72274         -            310   3.2e-08   31.6   0.1   1   2       6.9   5.7e+02   -2.1   0.0   109   137   286   314   267   347 0.78 # 77946 # 79415 # -1 # ID=25_70;partial=00;start_type=ATG;rbs_motif=None;rbs_spacer=None;gc_cont=0.632
NODE_25_length_92834_cov_37.159357_70   -            490 23306at72274         -            310   3.2e-08   31.6   0.1   2   2     1e-09   8.5e-08   30.2   0.0   245   299   419   475   408   486 0.86 # 77946 # 79415 # -1 # ID=25_70;partial=00;start_type=ATG;rbs_motif=None;rbs_spacer=None;gc_cont=0.632
NODE_5_length_184381_cov_37.893162_44   -            440 23306at72274         -            310   5.7e-08   30.7   0.2   1   2       1.4   1.2e+02    0.1   0.0   216   243   225   252   213   311 0.70 # 45889 # 47208 # 1 # ID=5_44;partial=00;start_type=ATG;rbs_motif=None;rbs_spacer=None;gc_cont=0.627
NODE_5_length_184381_cov_37.893162_44   -            440 23306at72274         -            310   5.7e-08   30.7   0.2   2   2     4e-09   3.3e-07   28.2   0.0   234   295   357   424   340   438 0.82 # 45889 # 47208 # 1 # ID=5_44;partial=00;start_type=ATG;rbs_motif=None;rbs_spacer=None;gc_cont=0.627
NODE_34_length_70130_cov_37.373257_27   -            421 23306at72274         -            310   6.2e-08   30.6   4.2   1   1   2.6e-08   2.2e-06   25.5   4.2    85   299   180   401   166   412 0.72 # 36960 # 38222 # 1 # ID=34_27;partial=00;start_type=ATG;rbs_motif=GGAG/GAGG;rbs_spacer=5-10bp;gc_cont=0.635
NODE_4_length_186787_cov_37.321139_69   -            764 23306at72274         -            310   7.5e-08   30.4   0.0   1   1   1.9e-09   1.6e-07   29.3   0.0   197   308   650   760   623   762 0.72 # 75650 # 77941 # 1 # ID=4_69;partial=00;start_type=GTG;rbs_motif=GGA/GAG/AGG;rbs_spacer=5-10bp;gc_cont=0.611
NODE_61_length_41705_cov_34.737431_9    -           1166 23306at72274         -            310   9.2e-08   30.1   1.0   1   1   6.8e-08   5.7e-06   24.2   0.9   100   307   486   717   417   720 0.68 # 8587 # 12084 # -1 # ID=61_9;partial=00;start_type=ATG;rbs_motif=GGA/GAG/AGG;rbs_spacer=5-10bp;gc_cont=0.602
NODE_58_length_48388_cov_34.781702_17   -            464 23306at72274         -            310     1e-07   29.9   0.2   1   2         3   2.5e+02   -0.9   0.1   117   176   265   293   241   348 0.59 # 18485 # 19876 # 1 # ID=58_17;partial=00;start_type=GTG;rbs_motif=None;rbs_spacer=None;gc_cont=0.601
NODE_58_length_48388_cov_34.781702_17   -            464 23306at72274         -            310     1e-07   29.9   0.2   2   2   4.2e-09   3.5e-07   28.2   0.0   228   298   371   447   357   459 0.76 # 18485 # 19876 # 1 # ID=58_17;partial=00;start_type=GTG;rbs_motif=None;rbs_spacer=None;gc_cont=0.601
NODE_3_length_201605_cov_36.105884_68   -            925 23306at72274         -            310     1e-07   29.9   0.1   1   1   2.8e-08   2.3e-06   25.4   0.1   109   306   400   619   363   625 0.70 # 69094 # 71868 # 1 # ID=3_68;partial=00;start_type=GTG;rbs_motif=GGA/GAG/AGG;rbs_spacer=5-10bp;gc_cont=0.624
NODE_31_length_78538_cov_36.659850_70   -            450 23306at72274         -            310   1.4e-07   29.5   0.0   1   1   4.1e-09   3.4e-07   28.2   0.0   102   290   224   425   214   436 0.67 # 73421 # 74770 # -1 # ID=31_70;partial=00;start_type=ATG;rbs_motif=GGA/GAG/AGG;rbs_spacer=5-10bp;gc_cont=0.650
NODE_39_length_65238_cov_38.202860_4    -            427 23306at72274         -            310     4e-07   28.0   0.1   1   2      0.22        18    2.8   0.1   112   164   216   269   201   278 0.78 # 1988 # 3268 # -1 # ID=39_4;partial=00;start_type=ATG;rbs_motif=GGAG/GAGG;rbs_spacer=5-10bp;gc_cont=0.625
NODE_39_length_65238_cov_38.202860_4    -            427 23306at72274         -            310     4e-07   28.0   0.1   2   2   1.9e-07   1.6e-05   22.7   0.0   247   288   357   401   352   419 0.87 # 1988 # 3268 # -1 # ID=39_4;partial=00;start_type=ATG;rbs_motif=GGAG/GAGG;rbs_spacer=5-10bp;gc_cont=0.625
NODE_54_length_52356_cov_36.253838_38   -            732 23306at72274         -            310   4.8e-07   27.7   0.0   1   1   3.2e-08   2.6e-06   25.3   0.0   197   297   620   716   478   727 0.85 # 43437 # 45632 # 1 # ID=54_38;partial=00;start_type=ATG;rbs_motif=GGAG/GAGG;rbs_spacer=5-10bp;gc_cont=0.635
NODE_6_length_179149_cov_37.409656_92   -            466 23306at72274         -            310   1.1e-06   26.6   0.3   1   2       1.1        89    0.6   0.1   109   156   240   288   214   302 0.62 # 96951 # 98348 # 1 # ID=6_92;partial=00;start_type=ATG;rbs_motif=GGAG/GAGG;rbs_spacer=5-10bp;gc_cont=0.635
NODE_6_length_179149_cov_37.409656_92   -            466 23306at72274         -            310   1.1e-06   26.6   0.3   2   2   1.5e-07   1.2e-05   23.1   0.0   193   300   344   449   334   459 0.73 # 96951 # 98348 # 1 # ID=6_92;partial=00;start_type=ATG;rbs_motif=GGAG/GAGG;rbs_spacer=5-10bp;gc_cont=0.635
NODE_61_length_41705_cov_34.737431_30   -            426 23306at72274         -            310   1.9e-06   25.8   0.0   1   1   1.2e-07     1e-05   23.3   0.0   207   295   323   408   193   421 0.78 # 36132 # 37409 # -1 # ID=61_30;partial=00;start_type=ATG;rbs_motif=GGAGG;rbs_spacer=5-10bp;gc_cont=0.633
NODE_21_length_96859_cov_35.716489_34   -            791 23306at72274         -            310   3.1e-05   21.7   0.0   1   2    0.0026      0.22    9.1   0.0   101   168   412   479   397   499 0.82 # 32838 # 35210 # -1 # ID=21_34;partial=00;start_type=ATG;rbs_motif=3Base/5BMM;rbs_spacer=13-15bp;gc_cont=0.612
NODE_21_length_96859_cov_35.716489_34   -            791 23306at72274         -            310   3.1e-05   21.7   0.0   2   2    0.0017      0.14    9.8   0.0   188   297   518   631   510   644 0.77 # 32838 # 35210 # -1 # ID=21_34;partial=00;start_type=ATG;rbs_motif=3Base/5BMM;rbs_spacer=13-15bp;gc_cont=0.612
NODE_47_length_57495_cov_38.265634_37   -            439 23306at72274         -            310   3.3e-05   21.7   0.3   1   1   1.5e-06   0.00012   19.8   0.3   245   294   369   420   221   434 0.82 # 34302 # 35618 # 1 # ID=47_37;partial=00;start_type=ATG;rbs_motif=None;rbs_spacer=None;gc_cont=0.606
NODE_83_length_19738_cov_33.554895_5    -            440 23306at72274         -            310   5.9e-05   20.8   0.3   1   1   2.8e-06   0.00023   18.9   0.3   103   299   220   427   207   438 0.72 # 4294 # 5613 # 1 # ID=83_5;partial=00;start_type=ATG;rbs_motif=GGAG/GAGG;rbs_spacer=5-10bp;gc_cont=0.646
NODE_48_length_55226_cov_36.664353_7    -            346 23306at72274         -            310   9.4e-05   20.2   0.0   1   2       3.2   2.6e+02   -1.0   0.0   106   127   140   161   122   196 0.69 # 6143 # 7180 # -1 # ID=48_7;partial=00;start_type=ATG;rbs_motif=GGA/GAG/AGG;rbs_spacer=5-10bp;gc_cont=0.648
NODE_48_length_55226_cov_36.664353_7    -            346 23306at72274         -            310   9.4e-05   20.2   0.0   2   2   4.1e-06   0.00034   18.3   0.0   238   295   266   329   241   343 0.77 # 6143 # 7180 # -1 # ID=48_7;partial=00;start_type=ATG;rbs_motif=GGA/GAG/AGG;rbs_spacer=5-10bp;gc_cont=0.648
NODE_92_length_15524_cov_33.668369_1    -            435 23306at72274         -            310   0.00011   20.0   0.0   1   1   2.9e-06   0.00024   18.8   0.0   243   286   361   410   329   422 0.76 # 108 # 1412 # -1 # ID=92_1;partial=00;start_type=ATG;rbs_motif=GGA/GAG/AGG;rbs_spacer=5-10bp;gc_cont=0.635
NODE_33_length_70545_cov_36.883601_43   -            457 23306at72274         -            310   0.00012   19.9   0.8   1   2       2.5   2.1e+02   -0.7   0.7    97   155    88   141    20   162 0.71 # 67529 # 68899 # 1 # ID=33_43;partial=00;start_type=ATG;rbs_motif=GGAG/GAGG;rbs_spacer=5-10bp;gc_cont=0.656
NODE_33_length_70545_cov_36.883601_43   -            457 23306at72274         -            310   0.00012   19.9   0.8   2   2   4.7e-06   0.00039   18.1   0.0   234   307   233   314   203   317 0.73 # 67529 # 68899 # 1 # ID=33_43;partial=00;start_type=ATG;rbs_motif=GGAG/GAGG;rbs_spacer=5-10bp;gc_cont=0.656
NODE_7_length_160420_cov_35.917657_141  -            449 23306at72274         -            310   0.00018   19.2   0.0   1   1   9.1e-06   0.00075   17.2   0.0   106   307   237   446   219   447 0.65 # 136589 # 137935 # -1 # ID=7_141;partial=00;start_type=TTG;rbs_motif=GGA/GAG/AGG;rbs_spacer=5-10bp;gc_cont=0.624
NODE_41_length_63635_cov_34.565304_42   -           1157 23306at72274         -            310    0.0091   13.6   0.0   1   1   0.00022     0.018   12.7   0.0   236   308   935  1015   926  1017 0.72 # 49478 # 52948 # 1 # ID=41_42;partial=00;start_type=ATG;rbs_motif=GGAG/GAGG;rbs_spacer=5-10bp;gc_cont=0.632
NODE_71_length_29834_cov_36.220625_8    -            821 23306at72274         -            310     0.014   13.1   0.0   1   1   0.00026     0.022   12.4   0.0     5    67   252   313   248   318 0.83 # 7232 # 9694 # 1 # ID=71_8;partial=00;start_type=ATG;rbs_motif=GGA/GAG/AGG;rbs_spacer=5-10bp;gc_cont=0.598
#
# Program:         hmmsearch
# Version:         3.1b2 (February 2015)
# Pipeline mode:   SEARCH
# Query file:      /data2/PEG/hoaxaca/REAA/Pseudomonas/bin/busco_downloads/lineages/pseudomonadales_odb10/hmms/23306at72274.hmm
# Target file:     /data2/PEG/hoaxaca/REAA/Pseudomonas/bin/../out/busco/trim_130clip.spades_def/prodigal_output/predicted_genes/predicted.faa
# Option settings: hmmsearch --domtblout /data2/PEG/hoaxaca/REAA/Pseudomonas/bin/../out/busco/trim_130clip.spades_def/run_pseudomonadales_odb10/hmmer_output/23306at72274.out --cpu 1 /data2/PEG/hoaxaca/REAA/Pseudomonas/bin/busco_downloads/lineages/pseudomonadales_odb10/hmms/23306at72274.hmm /data2/PEG/hoaxaca/REAA/Pseudomonas/bin/../out/busco/trim_130clip.spades_def/prodigal_output/predicted_genes/predicted.faa 
# Current dir:     /data2/PEG/hoaxaca/REAA/Pseudomonas/bin
# Date:            Mon Feb 20 00:26:07 2023
# [ok]
