#                                                                                               --- full sequence --- -------------- this domain -------------   hmm coord   ali coord   env coord
# target name                           accession   tlen query name           accession   qlen   E-value  score  bias   #  of  c-Evalue  i-Evalue  score  bias  from    to  from    to  from    to  acc description of target
#                   ------------------- ---------- ----- -------------------- ---------- ----- --------- ------ ----- --- --- --------- --------- ------ ----- ----- ----- ----- ----- ----- ----- ---- ---------------------
NODE_10_length_139104_cov_45.561191_73  -            841 2718at72274          -            704         0 1224.1  39.4   1   1         0         0 1219.4  39.4     1   703     1   839     1   840 0.93 # 93703 # 96225 # 1 # ID=10_73;partial=00;start_type=ATG;rbs_motif=AGGAG;rbs_spacer=5-10bp;gc_cont=0.587
NODE_5_length_184381_cov_37.893162_7    -            600 2718at72274          -            704   1.1e-22   78.6   1.0   1   1   7.6e-25   5.4e-22   76.3   1.0   231   434    11   235     5   243 0.76 # 5927 # 7726 # 1 # ID=5_7;partial=00;start_type=GTG;rbs_motif=GGA/GAG/AGG;rbs_spacer=5-10bp;gc_cont=0.576
NODE_9_length_140286_cov_37.185344_66   -            607 2718at72274          -            704   3.4e-16   57.2   0.7   1   1   2.4e-18   1.7e-15   54.9   0.7   230   359     8   153     4   180 0.76 # 76200 # 78020 # -1 # ID=9_66;partial=00;start_type=GTG;rbs_motif=GGA/GAG/AGG;rbs_spacer=5-10bp;gc_cont=0.567
NODE_35_length_69566_cov_40.696566_58   -            398 2718at72274          -            704     2e-14   51.3   6.1   1   2   6.9e-17   4.9e-14   50.0   1.1   230   375    15   183     2   193 0.71 # 50141 # 51334 # -1 # ID=35_58;partial=00;start_type=GTG;rbs_motif=AGGAG;rbs_spacer=5-10bp;gc_cont=0.545
NODE_35_length_69566_cov_40.696566_58   -            398 2718at72274          -            704     2e-14   51.3   6.1   2   2    0.0097       6.9    3.3   0.3   618   687   218   286   215   296 0.79 # 50141 # 51334 # -1 # ID=35_58;partial=00;start_type=GTG;rbs_motif=AGGAG;rbs_spacer=5-10bp;gc_cont=0.545
NODE_34_length_70130_cov_37.373257_14   -            528 2718at72274          -            704   4.5e-09   33.6   0.0   1   1   1.2e-11   8.3e-09   32.8   0.0   274   351    80   157    64   164 0.93 # 17691 # 19274 # 1 # ID=34_14;partial=00;start_type=ATG;rbs_motif=GGA/GAG/AGG;rbs_spacer=5-10bp;gc_cont=0.602
NODE_35_length_69566_cov_40.696566_59   -            702 2718at72274          -            704   6.2e-09   33.2   0.0   1   2       0.6   4.3e+02   -2.7   0.0   225   246     8    29     3    36 0.81 # 51365 # 53470 # -1 # ID=35_59;partial=00;start_type=ATG;rbs_motif=GGAG/GAGG;rbs_spacer=5-10bp;gc_cont=0.542
NODE_35_length_69566_cov_40.696566_59   -            702 2718at72274          -            704   6.2e-09   33.2   0.0   2   2   3.1e-11   2.2e-08   31.4   0.0   277   348    86   157    58   168 0.93 # 51365 # 53470 # -1 # ID=35_59;partial=00;start_type=ATG;rbs_motif=GGAG/GAGG;rbs_spacer=5-10bp;gc_cont=0.542
NODE_12_length_124139_cov_36.699728_104 -            633 2718at72274          -            704   7.8e-09   32.8   0.8   1   1   3.5e-11   2.5e-08   31.2   0.8   258   343    88   174    81   328 0.89 # 103073 # 104971 # 1 # ID=12_104;partial=00;start_type=ATG;rbs_motif=GGA/GAG/AGG;rbs_spacer=5-10bp;gc_cont=0.622
NODE_5_length_184381_cov_37.893162_10   -            301 2718at72274          -            704   5.8e-07   26.7   1.4   1   2   1.6e-09   1.2e-06   25.7   0.3   222   379     4   168     1   172 0.77 # 9416 # 10318 # 1 # ID=5_10;partial=00;start_type=ATG;rbs_motif=GGAG/GAGG;rbs_spacer=5-10bp;gc_cont=0.589
NODE_5_length_184381_cov_37.893162_10   -            301 2718at72274          -            704   5.8e-07   26.7   1.4   2   2      0.14        98   -0.5   0.0   415   449   225   259   219   267 0.89 # 9416 # 10318 # 1 # ID=5_10;partial=00;start_type=ATG;rbs_motif=GGAG/GAGG;rbs_spacer=5-10bp;gc_cont=0.589
NODE_5_length_184381_cov_37.893162_99   -            490 2718at72274          -            704   6.2e-05   20.0   1.0   1   2     0.017        12    2.5   0.2   228   380     3   157     1   185 0.66 # 94487 # 95956 # 1 # ID=5_99;partial=00;start_type=ATG;rbs_motif=GGAG/GAGG;rbs_spacer=5-10bp;gc_cont=0.591
NODE_5_length_184381_cov_37.893162_99   -            490 2718at72274          -            704   6.2e-05   20.0   1.0   2   2   1.2e-06   0.00082   16.2   0.0   295   381   274   360   197   367 0.86 # 94487 # 95956 # 1 # ID=5_99;partial=00;start_type=ATG;rbs_motif=GGAG/GAGG;rbs_spacer=5-10bp;gc_cont=0.591
#
# Program:         hmmsearch
# Version:         3.1b2 (February 2015)
# Pipeline mode:   SEARCH
# Query file:      /data2/PEG/hoaxaca/REAA/Pseudomonas/bin/busco_downloads/lineages/pseudomonadales_odb10/hmms/2718at72274.hmm
# Target file:     /data2/PEG/hoaxaca/REAA/Pseudomonas/bin/../out/busco/trim_130clip.spades_def/prodigal_output/predicted_genes/predicted.faa
# Option settings: hmmsearch --domtblout /data2/PEG/hoaxaca/REAA/Pseudomonas/bin/../out/busco/trim_130clip.spades_def/run_pseudomonadales_odb10/hmmer_output/2718at72274.out --cpu 1 /data2/PEG/hoaxaca/REAA/Pseudomonas/bin/busco_downloads/lineages/pseudomonadales_odb10/hmms/2718at72274.hmm /data2/PEG/hoaxaca/REAA/Pseudomonas/bin/../out/busco/trim_130clip.spades_def/prodigal_output/predicted_genes/predicted.faa 
# Current dir:     /data2/PEG/hoaxaca/REAA/Pseudomonas/bin
# Date:            Mon Feb 20 00:26:12 2023
# [ok]
