#                                                                                              --- full sequence --- -------------- this domain -------------   hmm coord   ali coord   env coord
# target name                          accession   tlen query name           accession   qlen   E-value  score  bias   #  of  c-Evalue  i-Evalue  score  bias  from    to  from    to  from    to  acc description of target
#                  ------------------- ---------- ----- -------------------- ---------- ----- --------- ------ ----- --- --- --------- --------- ------ ----- ----- ----- ----- ----- ----- ----- ---- ---------------------
NODE_102_length_11079_cov_37.459361_9  -            344 29421at72274         -            300  6.9e-140  463.9   0.0   1   1  1.1e-142  8.1e-140  463.6   0.0     1   298     1   335     1   337 0.91 # 9288 # 10319 # -1 # ID=102_9;partial=00;start_type=ATG;rbs_motif=GGA/GAG/AGG;rbs_spacer=5-10bp;gc_cont=0.643
NODE_5_length_184381_cov_37.893162_99  -            490 29421at72274         -            300   0.00025   18.8   0.0   1   2   0.00058      0.41    8.2   0.0   183   219     5    41     2    78 0.77 # 94487 # 95956 # 1 # ID=5_99;partial=00;start_type=ATG;rbs_motif=GGAG/GAGG;rbs_spacer=5-10bp;gc_cont=0.591
NODE_5_length_184381_cov_37.893162_99  -            490 29421at72274         -            300   0.00025   18.8   0.0   2   2   0.00095      0.67    7.5   0.0   183   246   197   261   190   278 0.67 # 94487 # 95956 # 1 # ID=5_99;partial=00;start_type=ATG;rbs_motif=GGAG/GAGG;rbs_spacer=5-10bp;gc_cont=0.591
NODE_6_length_179149_cov_37.409656_27  -            273 29421at72274         -            300    0.0079   13.9   0.0   1   2    0.0011      0.76    7.4   0.0   179   199    35    55    14    68 0.84 # 29403 # 30221 # -1 # ID=6_27;partial=00;start_type=GTG;rbs_motif=AGGAGG;rbs_spacer=3-4bp;gc_cont=0.623
NODE_6_length_179149_cov_37.409656_27  -            273 29421at72274         -            300    0.0079   13.9   0.0   2   2    0.0091       6.5    4.3   0.0   149   190   176   216   169   222 0.89 # 29403 # 30221 # -1 # ID=6_27;partial=00;start_type=GTG;rbs_motif=AGGAGG;rbs_spacer=3-4bp;gc_cont=0.623
NODE_30_length_78626_cov_35.854641_61  -            224 29421at72274         -            300     0.012   13.3   0.0   1   1   2.5e-05     0.018   12.7   0.0   156   211     3    59     1    74 0.82 # 52396 # 53067 # -1 # ID=30_61;partial=00;start_type=ATG;rbs_motif=GGAG/GAGG;rbs_spacer=5-10bp;gc_cont=0.622
NODE_82_length_20348_cov_35.825999_10  -            546 29421at72274         -            300     0.015   13.0   0.2   1   2      0.03        21    2.6   0.0   179   205    35    61    21    68 0.83 # 9138 # 10775 # -1 # ID=82_10;partial=00;start_type=ATG;rbs_motif=AGGAG;rbs_spacer=5-10bp;gc_cont=0.644
NODE_82_length_20348_cov_35.825999_10  -            546 29421at72274         -            300     0.015   13.0   0.2   2   2    0.0007       0.5    8.0   0.0   170   203   297   331   277   340 0.74 # 9138 # 10775 # -1 # ID=82_10;partial=00;start_type=ATG;rbs_motif=AGGAG;rbs_spacer=5-10bp;gc_cont=0.644
NODE_1_length_234130_cov_36.227372_88  -            233 29421at72274         -            300     0.039   11.6   0.0   1   1   8.4e-05      0.06   11.0   0.0   167   200    27    61     6    70 0.75 # 109002 # 109700 # 1 # ID=1_88;partial=00;start_type=ATG;rbs_motif=GGA/GAG/AGG;rbs_spacer=5-10bp;gc_cont=0.629
NODE_5_length_184381_cov_37.893162_10  -            301 29421at72274         -            300     0.041   11.5   0.2   1   1   0.00013     0.092   10.4   0.1   183   241    12    71     5    92 0.72 # 9416 # 10318 # 1 # ID=5_10;partial=00;start_type=ATG;rbs_motif=GGAG/GAGG;rbs_spacer=5-10bp;gc_cont=0.589
NODE_34_length_70130_cov_37.373257_10  -            386 29421at72274         -            300     0.042   11.5   0.0   1   2   0.00035      0.25    9.0   0.0   172   204    22    58     3    83 0.68 # 13892 # 15049 # -1 # ID=34_10;partial=00;start_type=ATG;rbs_motif=AGGA;rbs_spacer=5-10bp;gc_cont=0.601
NODE_34_length_70130_cov_37.373257_10  -            386 29421at72274         -            300     0.042   11.5   0.0   2   2      0.26   1.9e+02   -0.5   0.0   147   185   176   213   169   217 0.84 # 13892 # 15049 # -1 # ID=34_10;partial=00;start_type=ATG;rbs_motif=AGGA;rbs_spacer=5-10bp;gc_cont=0.601
NODE_2_length_205536_cov_36.855734_184 -            368 29421at72274         -            300     0.053   11.2   0.0   1   1   0.00013     0.093   10.4   0.0   179   200    28    49    10    66 0.83 # 170983 # 172086 # -1 # ID=2_184;partial=00;start_type=ATG;rbs_motif=GGAGG;rbs_spacer=5-10bp;gc_cont=0.615
#
# Program:         hmmsearch
# Version:         3.1b2 (February 2015)
# Pipeline mode:   SEARCH
# Query file:      /data2/PEG/hoaxaca/REAA/Pseudomonas/bin/busco_downloads/lineages/pseudomonadales_odb10/hmms/29421at72274.hmm
# Target file:     /data2/PEG/hoaxaca/REAA/Pseudomonas/bin/../out/busco/trim_130clip.spades_def/prodigal_output/predicted_genes/predicted.faa
# Option settings: hmmsearch --domtblout /data2/PEG/hoaxaca/REAA/Pseudomonas/bin/../out/busco/trim_130clip.spades_def/run_pseudomonadales_odb10/hmmer_output/29421at72274.out --cpu 1 /data2/PEG/hoaxaca/REAA/Pseudomonas/bin/busco_downloads/lineages/pseudomonadales_odb10/hmms/29421at72274.hmm /data2/PEG/hoaxaca/REAA/Pseudomonas/bin/../out/busco/trim_130clip.spades_def/prodigal_output/predicted_genes/predicted.faa 
# Current dir:     /data2/PEG/hoaxaca/REAA/Pseudomonas/bin
# Date:            Mon Feb 20 00:26:14 2023
# [ok]
