#                                                                                              --- full sequence --- -------------- this domain -------------   hmm coord   ali coord   env coord
# target name                          accession   tlen query name           accession   qlen   E-value  score  bias   #  of  c-Evalue  i-Evalue  score  bias  from    to  from    to  from    to  acc description of target
#                  ------------------- ---------- ----- -------------------- ---------- ----- --------- ------ ----- --- --- --------- --------- ------ ----- ----- ----- ----- ----- ----- ----- ---- ---------------------
NODE_57_length_48680_cov_37.367609_37  -            496 30483at72274         -            371  1.6e-199  660.7   0.0   1   1  2.9e-202  1.9e-199  660.5   0.0     2   366    92   480    91   485 0.95 # 37426 # 38913 # 1 # ID=57_37;partial=00;start_type=ATG;rbs_motif=None;rbs_spacer=None;gc_cont=0.616
NODE_23_length_94293_cov_37.233197_84  -            524 30483at72274         -            371   1.8e-97  324.9   0.0   1   1  3.9e-100   2.5e-97  324.4   0.0    18   364    12   373     3   377 0.93 # 92722 # 94293 # 1 # ID=23_84;partial=01;start_type=ATG;rbs_motif=AGGA;rbs_spacer=5-10bp;gc_cont=0.651
NODE_21_length_96859_cov_35.716489_17  -            444 30483at72274         -            371   6.3e-96  319.8   0.3   1   1   1.3e-98   8.5e-96  319.4   0.3    19   366    13   370     4   374 0.93 # 14870 # 16201 # -1 # ID=21_17;partial=00;start_type=ATG;rbs_motif=None;rbs_spacer=None;gc_cont=0.622
NODE_19_length_101432_cov_35.922694_58 -            449 30483at72274         -            371   1.7e-84  282.2   2.7   1   1   3.5e-87   2.3e-84  281.8   2.7    14   369     7   372     2   374 0.92 # 60659 # 62005 # 1 # ID=19_58;partial=00;start_type=GTG;rbs_motif=GGAG/GAGG;rbs_spacer=5-10bp;gc_cont=0.611
NODE_23_length_94293_cov_37.233197_52  -            462 30483at72274         -            371     2e-81  272.1   0.1   1   1   4.3e-84   2.7e-81  271.7   0.1    18   362    20   366     3   374 0.91 # 58261 # 59646 # 1 # ID=23_52;partial=00;start_type=GTG;rbs_motif=GGA/GAG/AGG;rbs_spacer=5-10bp;gc_cont=0.631
NODE_26_length_88680_cov_35.325709_86  -            558 30483at72274         -            371     3e-81  271.5   0.8   1   1   6.7e-84   4.3e-81  271.0   0.8    21   364    20   369     5   375 0.91 # 85683 # 87356 # -1 # ID=26_86;partial=00;start_type=ATG;rbs_motif=GGAG/GAGG;rbs_spacer=5-10bp;gc_cont=0.606
NODE_44_length_58866_cov_36.168540_3   -            646 30483at72274         -            371   1.7e-14   51.9   0.1   1   2      0.89   5.7e+02   -2.5   0.0    31    62    18    49    13    51 0.86 # 1546 # 3483 # -1 # ID=44_3;partial=00;start_type=ATG;rbs_motif=GGAG/GAGG;rbs_spacer=5-10bp;gc_cont=0.592
NODE_44_length_58866_cov_36.168540_3   -            646 30483at72274         -            371   1.7e-14   51.9   0.1   2   2   6.7e-17   4.3e-14   50.6   0.0   142   346   120   332    94   342 0.80 # 1546 # 3483 # -1 # ID=44_3;partial=00;start_type=ATG;rbs_motif=GGAG/GAGG;rbs_spacer=5-10bp;gc_cont=0.592
NODE_72_length_29256_cov_32.680148_1   -           1281 30483at72274         -            371   1.9e-06   25.4   0.1   1   2     0.063        40    1.3   0.0    30    70    68   108    63   154 0.78 # 1 # 3843 # -1 # ID=72_1;partial=10;start_type=ATG;rbs_motif=GGA/GAG/AGG;rbs_spacer=5-10bp;gc_cont=0.654
NODE_72_length_29256_cov_32.680148_1   -           1281 30483at72274         -            371   1.9e-06   25.4   0.1   2   2   4.8e-08   3.1e-05   21.4   0.0   235   333   303   408   290   432 0.80 # 1 # 3843 # -1 # ID=72_1;partial=10;start_type=ATG;rbs_motif=GGA/GAG/AGG;rbs_spacer=5-10bp;gc_cont=0.654
NODE_7_length_160420_cov_35.917657_37  -            709 30483at72274         -            371   0.00014   19.2   0.0   1   2     0.069        44    1.2   0.0    71   187   103   220    73   230 0.72 # 38035 # 40161 # -1 # ID=7_37;partial=00;start_type=ATG;rbs_motif=GGAG/GAGG;rbs_spacer=5-10bp;gc_cont=0.626
NODE_7_length_160420_cov_35.917657_37  -            709 30483at72274         -            371   0.00014   19.2   0.0   2   2     4e-06    0.0025   15.1   0.0   278   337   266   325   258   351 0.85 # 38035 # 40161 # -1 # ID=7_37;partial=00;start_type=ATG;rbs_motif=GGAG/GAGG;rbs_spacer=5-10bp;gc_cont=0.626
NODE_98_length_13531_cov_35.744138_4   -            949 30483at72274         -            371     0.026   11.8   0.0   1   1   7.1e-05     0.046   11.0   0.0   280   339   527   588   476   593 0.75 # 6806 # 9652 # -1 # ID=98_4;partial=00;start_type=ATG;rbs_motif=GGAG/GAGG;rbs_spacer=5-10bp;gc_cont=0.639
#
# Program:         hmmsearch
# Version:         3.1b2 (February 2015)
# Pipeline mode:   SEARCH
# Query file:      /data2/PEG/hoaxaca/REAA/Pseudomonas/bin/busco_downloads/lineages/pseudomonadales_odb10/hmms/30483at72274.hmm
# Target file:     /data2/PEG/hoaxaca/REAA/Pseudomonas/bin/../out/busco/trim_130clip.spades_def/prodigal_output/predicted_genes/predicted.faa
# Option settings: hmmsearch --domtblout /data2/PEG/hoaxaca/REAA/Pseudomonas/bin/../out/busco/trim_130clip.spades_def/run_pseudomonadales_odb10/hmmer_output/30483at72274.out --cpu 1 /data2/PEG/hoaxaca/REAA/Pseudomonas/bin/busco_downloads/lineages/pseudomonadales_odb10/hmms/30483at72274.hmm /data2/PEG/hoaxaca/REAA/Pseudomonas/bin/../out/busco/trim_130clip.spades_def/prodigal_output/predicted_genes/predicted.faa 
# Current dir:     /data2/PEG/hoaxaca/REAA/Pseudomonas/bin
# Date:            Mon Feb 20 00:26:16 2023
# [ok]
