#                                                                                              --- full sequence --- -------------- this domain -------------   hmm coord   ali coord   env coord
# target name                          accession   tlen query name           accession   qlen   E-value  score  bias   #  of  c-Evalue  i-Evalue  score  bias  from    to  from    to  from    to  acc description of target
#                  ------------------- ---------- ----- -------------------- ---------- ----- --------- ------ ----- --- --- --------- --------- ------ ----- ----- ----- ----- ----- ----- ----- ---- ---------------------
NODE_41_length_63635_cov_34.565304_28  -            298 30676at72274         -            272  9.6e-158  522.0   4.2   1   1    1e-160  1.1e-157  521.8   4.2     1   271    10   294    10   295 0.97 # 36136 # 37029 # -1 # ID=41_28;partial=00;start_type=ATG;rbs_motif=GGAG/GAGG;rbs_spacer=5-10bp;gc_cont=0.620
NODE_67_length_33288_cov_35.422201_14  -            290 30676at72274         -            272   6.4e-27   93.0   0.5   1   1   7.1e-30   7.6e-27   92.7   0.5    15   189    26   200    11   263 0.82 # 20501 # 21370 # 1 # ID=67_14;partial=00;start_type=ATG;rbs_motif=AGGAG;rbs_spacer=5-10bp;gc_cont=0.624
NODE_6_length_179149_cov_37.409656_178 -            442 30676at72274         -            272   6.4e-19   66.7   0.5   1   3   8.2e-06    0.0088   13.8   0.0    13    67    75   134    68   138 0.84 # 177633 # 178958 # 1 # ID=6_178;partial=00;start_type=ATG;rbs_motif=GGAG/GAGG;rbs_spacer=5-10bp;gc_cont=0.593
NODE_6_length_179149_cov_37.409656_178 -            442 30676at72274         -            272   6.4e-19   66.7   0.5   2   3   6.4e-17   6.8e-14   50.3   0.3    70   159   160   252   154   263 0.85 # 177633 # 178958 # 1 # ID=6_178;partial=00;start_type=ATG;rbs_motif=GGAG/GAGG;rbs_spacer=5-10bp;gc_cont=0.593
NODE_6_length_179149_cov_37.409656_178 -            442 30676at72274         -            272   6.4e-19   66.7   0.5   3   3      0.62   6.6e+02   -2.2   0.0   153   188   274   309   254   313 0.69 # 177633 # 178958 # 1 # ID=6_178;partial=00;start_type=ATG;rbs_motif=GGAG/GAGG;rbs_spacer=5-10bp;gc_cont=0.593
NODE_69_length_31151_cov_36.732088_27  -            276 30676at72274         -            272   5.4e-13   47.3   0.5   1   1     8e-16   8.6e-13   46.7   0.5    20   228    29   241    20   257 0.84 # 28021 # 28848 # 1 # ID=69_27;partial=00;start_type=ATG;rbs_motif=AGGAG;rbs_spacer=5-10bp;gc_cont=0.641
NODE_2_length_205536_cov_36.855734_158 -            267 30676at72274         -            272   2.9e-09   35.1   0.4   1   1   5.2e-12   5.6e-09   34.1   0.4    19   179    24   181     8   196 0.82 # 145005 # 145805 # -1 # ID=2_158;partial=00;start_type=ATG;rbs_motif=AGGA;rbs_spacer=5-10bp;gc_cont=0.657
NODE_21_length_96859_cov_35.716489_76  -            635 30676at72274         -            272     0.066   10.9   0.0   1   1   9.7e-05       0.1   10.3   0.0    50   100   333   383   327   390 0.84 # 74729 # 76633 # -1 # ID=21_76;partial=00;start_type=ATG;rbs_motif=AGGA/GGAG/GAGG;rbs_spacer=11-12bp;gc_cont=0.633
#
# Program:         hmmsearch
# Version:         3.1b2 (February 2015)
# Pipeline mode:   SEARCH
# Query file:      /data2/PEG/hoaxaca/REAA/Pseudomonas/bin/busco_downloads/lineages/pseudomonadales_odb10/hmms/30676at72274.hmm
# Target file:     /data2/PEG/hoaxaca/REAA/Pseudomonas/bin/../out/busco/trim_130clip.spades_def/prodigal_output/predicted_genes/predicted.faa
# Option settings: hmmsearch --domtblout /data2/PEG/hoaxaca/REAA/Pseudomonas/bin/../out/busco/trim_130clip.spades_def/run_pseudomonadales_odb10/hmmer_output/30676at72274.out --cpu 1 /data2/PEG/hoaxaca/REAA/Pseudomonas/bin/busco_downloads/lineages/pseudomonadales_odb10/hmms/30676at72274.hmm /data2/PEG/hoaxaca/REAA/Pseudomonas/bin/../out/busco/trim_130clip.spades_def/prodigal_output/predicted_genes/predicted.faa 
# Current dir:     /data2/PEG/hoaxaca/REAA/Pseudomonas/bin
# Date:            Mon Feb 20 00:26:16 2023
# [ok]
