#                                                                                              --- full sequence --- -------------- this domain -------------   hmm coord   ali coord   env coord
# target name                          accession   tlen query name           accession   qlen   E-value  score  bias   #  of  c-Evalue  i-Evalue  score  bias  from    to  from    to  from    to  acc description of target
#                  ------------------- ---------- ----- -------------------- ---------- ----- --------- ------ ----- --- --- --------- --------- ------ ----- ----- ----- ----- ----- ----- ----- ---- ---------------------
NODE_32_length_72191_cov_37.283631_2   -            284 32154at72274         -            214   3.2e-70  234.3   0.0   1   1   9.9e-73   6.3e-70  233.3   0.0     1   214     1   281     1   281 0.86 # 364 # 1215 # 1 # ID=32_2;partial=00;start_type=ATG;rbs_motif=GGAG/GAGG;rbs_spacer=5-10bp;gc_cont=0.624
NODE_4_length_186787_cov_37.321139_77  -            458 32154at72274         -            214   7.5e-06   23.9   0.2   1   2   0.00046       0.3    8.9   0.1     4    37     1    35     1    49 0.77 # 84547 # 85920 # -1 # ID=4_77;partial=00;start_type=ATG;rbs_motif=GGAG/GAGG;rbs_spacer=5-10bp;gc_cont=0.616
NODE_4_length_186787_cov_37.321139_77  -            458 32154at72274         -            214   7.5e-06   23.9   0.2   2   2   3.1e-05      0.02   12.7   0.0     4    40   232   268   229   288 0.77 # 84547 # 85920 # -1 # ID=4_77;partial=00;start_type=ATG;rbs_motif=GGAG/GAGG;rbs_spacer=5-10bp;gc_cont=0.616
NODE_19_length_101432_cov_35.922694_10 -            311 32154at72274         -            214   0.00034   18.5   0.0   1   3      0.55   3.5e+02   -1.2   0.0    92   127    62    97    58   102 0.84 # 8172 # 9104 # 1 # ID=19_10;partial=00;start_type=ATG;rbs_motif=GGA/GAG/AGG;rbs_spacer=5-10bp;gc_cont=0.638
NODE_19_length_101432_cov_35.922694_10 -            311 32154at72274         -            214   0.00034   18.5   0.0   2   3      0.29   1.9e+02   -0.3   0.0   127   141   115   129   113   135 0.86 # 8172 # 9104 # 1 # ID=19_10;partial=00;start_type=ATG;rbs_motif=GGA/GAG/AGG;rbs_spacer=5-10bp;gc_cont=0.638
NODE_19_length_101432_cov_35.922694_10 -            311 32154at72274         -            214   0.00034   18.5   0.0   3   3   6.9e-06    0.0044   14.9   0.0     5    59   136   207   132   211 0.82 # 8172 # 9104 # 1 # ID=19_10;partial=00;start_type=ATG;rbs_motif=GGA/GAG/AGG;rbs_spacer=5-10bp;gc_cont=0.638
NODE_15_length_115769_cov_35.940923_18 -            333 32154at72274         -            214    0.0026   15.6   0.0   1   2     0.012       7.6    4.3   0.0    38    88    62   117     1   126 0.64 # 14587 # 15585 # 1 # ID=15_18;partial=00;start_type=ATG;rbs_motif=GGAG/GAGG;rbs_spacer=5-10bp;gc_cont=0.613
NODE_15_length_115769_cov_35.940923_18 -            333 32154at72274         -            214    0.0026   15.6   0.0   2   2   0.00036      0.23    9.3   0.0   145   184   211   250   202   260 0.90 # 14587 # 15585 # 1 # ID=15_18;partial=00;start_type=ATG;rbs_motif=GGAG/GAGG;rbs_spacer=5-10bp;gc_cont=0.613
NODE_33_length_70545_cov_36.883601_20  -            407 32154at72274         -            214    0.0026   15.6   0.0   1   1   7.7e-06    0.0049   14.7   0.0   113   182   327   395   323   402 0.82 # 45463 # 46683 # 1 # ID=33_20;partial=00;start_type=ATG;rbs_motif=None;rbs_spacer=None;gc_cont=0.633
NODE_7_length_160420_cov_35.917657_44  -            323 32154at72274         -            214    0.0044   14.9   0.0   1   2   2.4e-05     0.015   13.1   0.0     5    39     3    39     1    62 0.79 # 44608 # 45576 # -1 # ID=7_44;partial=00;start_type=ATG;rbs_motif=GGA/GAG/AGG;rbs_spacer=5-10bp;gc_cont=0.622
NODE_7_length_160420_cov_35.917657_44  -            323 32154at72274         -            214    0.0044   14.9   0.0   2   2      0.65   4.2e+02   -1.4   0.0   103   125   141   163   136   172 0.68 # 44608 # 45576 # -1 # ID=7_44;partial=00;start_type=ATG;rbs_motif=GGA/GAG/AGG;rbs_spacer=5-10bp;gc_cont=0.622
NODE_10_length_139104_cov_45.561191_29 -            298 32154at72274         -            214      0.02   12.7   0.3   1   3   0.00029      0.19    9.5   0.1     4    45     1    44     1    73 0.86 # 37371 # 38264 # 1 # ID=10_29;partial=00;start_type=ATG;rbs_motif=GGAG/GAGG;rbs_spacer=5-10bp;gc_cont=0.605
NODE_10_length_139104_cov_45.561191_29 -            298 32154at72274         -            214      0.02   12.7   0.3   2   3      0.66   4.2e+02   -1.4   0.0   102   127   136   161   111   170 0.74 # 37371 # 38264 # 1 # ID=10_29;partial=00;start_type=ATG;rbs_motif=GGAG/GAGG;rbs_spacer=5-10bp;gc_cont=0.605
NODE_10_length_139104_cov_45.561191_29 -            298 32154at72274         -            214      0.02   12.7   0.3   3   3      0.28   1.8e+02   -0.2   0.0   132   153   189   209   177   244 0.62 # 37371 # 38264 # 1 # ID=10_29;partial=00;start_type=ATG;rbs_motif=GGAG/GAGG;rbs_spacer=5-10bp;gc_cont=0.605
NODE_58_length_48388_cov_34.781702_37  -            200 32154at72274         -            214     0.023   12.5   0.1   1   2   7.8e-05      0.05   11.4   0.0     4    38     1    36     1    60 0.87 # 38178 # 38777 # -1 # ID=58_37;partial=00;start_type=ATG;rbs_motif=GGAGG;rbs_spacer=5-10bp;gc_cont=0.615
NODE_58_length_48388_cov_34.781702_37  -            200 32154at72274         -            214     0.023   12.5   0.1   2   2       1.2   7.4e+02   -2.2   0.0   198   211   159   172   154   174 0.86 # 38178 # 38777 # -1 # ID=58_37;partial=00;start_type=ATG;rbs_motif=GGAGG;rbs_spacer=5-10bp;gc_cont=0.615
NODE_2_length_205536_cov_36.855734_156 -            300 32154at72274         -            214     0.027   12.3   0.1   1   3    0.0018       1.1    7.0   0.0     6    41     3    40     1    70 0.80 # 143095 # 143994 # -1 # ID=2_156;partial=00;start_type=ATG;rbs_motif=GGA/GAG/AGG;rbs_spacer=5-10bp;gc_cont=0.617
NODE_2_length_205536_cov_36.855734_156 -            300 32154at72274         -            214     0.027   12.3   0.1   2   3       1.5   9.8e+02   -2.6   0.0   104   126   139   161   137   166 0.83 # 143095 # 143994 # -1 # ID=2_156;partial=00;start_type=ATG;rbs_motif=GGA/GAG/AGG;rbs_spacer=5-10bp;gc_cont=0.617
NODE_2_length_205536_cov_36.855734_156 -            300 32154at72274         -            214     0.027   12.3   0.1   3   3      0.04        26    2.6   0.0   129   155   187   212   176   246 0.65 # 143095 # 143994 # -1 # ID=2_156;partial=00;start_type=ATG;rbs_motif=GGA/GAG/AGG;rbs_spacer=5-10bp;gc_cont=0.617
NODE_31_length_78538_cov_36.659850_16  -            664 32154at72274         -            214     0.058   11.2   0.0   1   1   0.00018      0.11   10.3   0.0    68   103   419   455   317   462 0.74 # 16180 # 18171 # -1 # ID=31_16;partial=00;start_type=ATG;rbs_motif=GGA/GAG/AGG;rbs_spacer=5-10bp;gc_cont=0.608
#
# Program:         hmmsearch
# Version:         3.1b2 (February 2015)
# Pipeline mode:   SEARCH
# Query file:      /data2/PEG/hoaxaca/REAA/Pseudomonas/bin/busco_downloads/lineages/pseudomonadales_odb10/hmms/32154at72274.hmm
# Target file:     /data2/PEG/hoaxaca/REAA/Pseudomonas/bin/../out/busco/trim_130clip.spades_def/prodigal_output/predicted_genes/predicted.faa
# Option settings: hmmsearch --domtblout /data2/PEG/hoaxaca/REAA/Pseudomonas/bin/../out/busco/trim_130clip.spades_def/run_pseudomonadales_odb10/hmmer_output/32154at72274.out --cpu 1 /data2/PEG/hoaxaca/REAA/Pseudomonas/bin/busco_downloads/lineages/pseudomonadales_odb10/hmms/32154at72274.hmm /data2/PEG/hoaxaca/REAA/Pseudomonas/bin/../out/busco/trim_130clip.spades_def/prodigal_output/predicted_genes/predicted.faa 
# Current dir:     /data2/PEG/hoaxaca/REAA/Pseudomonas/bin
# Date:            Mon Feb 20 00:26:18 2023
# [ok]
