#                                                                                               --- full sequence --- -------------- this domain -------------   hmm coord   ali coord   env coord
# target name                           accession   tlen query name           accession   qlen   E-value  score  bias   #  of  c-Evalue  i-Evalue  score  bias  from    to  from    to  from    to  acc description of target
#                   ------------------- ---------- ----- -------------------- ---------- ----- --------- ------ ----- --- --- --------- --------- ------ ----- ----- ----- ----- ----- ----- ----- ---- ---------------------
NODE_9_length_140286_cov_37.185344_8    -            820 3392at72274          -            637         0 1051.8   2.5   1   2  5.1e-265  3.7e-262  869.8   0.3     3   528    12   605    10   617 0.92 # 6738 # 9197 # 1 # ID=9_8;partial=00;start_type=TTG;rbs_motif=GGA/GAG/AGG;rbs_spacer=11-12bp;gc_cont=0.628
NODE_9_length_140286_cov_37.185344_8    -            820 3392at72274          -            637         0 1051.8   2.5   2   2   3.2e-54   2.3e-51  173.4   0.1   495   628   620   755   609   761 0.87 # 6738 # 9197 # 1 # ID=9_8;partial=00;start_type=TTG;rbs_motif=GGA/GAG/AGG;rbs_spacer=11-12bp;gc_cont=0.628
NODE_10_length_139104_cov_45.561191_103 -            775 3392at72274          -            637   1.4e-96  322.8   0.0   1   2   2.3e-50   1.6e-47  160.7   0.0    53   237   169   357   166   423 0.89 # 129222 # 131546 # 1 # ID=10_103;partial=00;start_type=ATG;rbs_motif=None;rbs_spacer=None;gc_cont=0.602
NODE_10_length_139104_cov_45.561191_103 -            775 3392at72274          -            637   1.4e-96  322.8   0.0   2   2   3.9e-50   2.8e-47  159.9   0.1   352   619   425   704   421   716 0.89 # 129222 # 131546 # 1 # ID=10_103;partial=00;start_type=ATG;rbs_motif=None;rbs_spacer=None;gc_cont=0.602
NODE_4_length_186787_cov_37.321139_39   -            766 3392at72274          -            637   1.8e-50  170.4   0.0   1   2   6.8e-29   4.9e-26   89.7   0.0    57   210    64   219    49   222 0.91 # 40830 # 43127 # 1 # ID=4_39;partial=00;start_type=TTG;rbs_motif=GGA/GAG/AGG;rbs_spacer=5-10bp;gc_cont=0.643
NODE_4_length_186787_cov_37.321139_39   -            766 3392at72274          -            637   1.8e-50  170.4   0.0   2   2   3.1e-25   2.2e-22   77.7   0.0   356   593   297   533   291   557 0.76 # 40830 # 43127 # 1 # ID=4_39;partial=00;start_type=TTG;rbs_motif=GGA/GAG/AGG;rbs_spacer=5-10bp;gc_cont=0.643
NODE_30_length_78626_cov_35.854641_58   -            241 3392at72274          -            637   3.8e-22   76.9   0.0   1   1   6.8e-25   4.9e-22   76.5   0.0    52   219    56   222    49   235 0.92 # 49475 # 50197 # 1 # ID=30_58;partial=00;start_type=ATG;rbs_motif=None;rbs_spacer=None;gc_cont=0.614
NODE_21_length_96859_cov_35.716489_60   -            633 3392at72274          -            637   2.3e-13   47.8   0.3   1   2   8.6e-09   6.1e-06   23.3   0.0   378   466   312   401   260   418 0.82 # 60276 # 62174 # -1 # ID=21_60;partial=00;start_type=ATG;rbs_motif=None;rbs_spacer=None;gc_cont=0.626
NODE_21_length_96859_cov_35.716489_60   -            633 3392at72274          -            637   2.3e-13   47.8   0.3   2   2   7.7e-08   5.5e-05   20.2   0.1   479   572   449   542   442   547 0.85 # 60276 # 62174 # -1 # ID=21_60;partial=00;start_type=ATG;rbs_motif=None;rbs_spacer=None;gc_cont=0.626
NODE_54_length_52356_cov_36.253838_3    -            631 3392at72274          -            637   6.8e-11   39.7   0.1   1   2   7.6e-08   5.4e-05   20.2   0.0   378   467   312   402   261   427 0.83 # 2676 # 4568 # 1 # ID=54_3;partial=00;start_type=ATG;rbs_motif=GGA/GAG/AGG;rbs_spacer=11-12bp;gc_cont=0.609
NODE_54_length_52356_cov_36.253838_3    -            631 3392at72274          -            637   6.8e-11   39.7   0.1   2   2   1.9e-06    0.0013   15.6   0.1   479   572   449   542   444   548 0.83 # 2676 # 4568 # 1 # ID=54_3;partial=00;start_type=ATG;rbs_motif=GGA/GAG/AGG;rbs_spacer=11-12bp;gc_cont=0.609
NODE_11_length_135406_cov_37.346085_75  -            582 3392at72274          -            637   2.6e-09   34.5   0.1   1   2   0.00012     0.087    9.6   0.0   354   424   244   324   229   378 0.72 # 69535 # 71280 # 1 # ID=11_75;partial=00;start_type=ATG;rbs_motif=GGxGG;rbs_spacer=3-4bp;gc_cont=0.620
NODE_11_length_135406_cov_37.346085_75  -            582 3392at72274          -            637   2.6e-09   34.5   0.1   2   2   1.4e-08   9.6e-06   22.7   0.0   479   624   403   553   390   566 0.74 # 69535 # 71280 # 1 # ID=11_75;partial=00;start_type=ATG;rbs_motif=GGxGG;rbs_spacer=3-4bp;gc_cont=0.620
NODE_42_length_60100_cov_37.170039_20   -           1031 3392at72274          -            637    0.0011   15.8   0.0   1   2       0.7     5e+02   -2.8   0.0    57   113   171   237   169   243 0.63 # 26286 # 29378 # 1 # ID=42_20;partial=00;start_type=ATG;rbs_motif=GGA/GAG/AGG;rbs_spacer=5-10bp;gc_cont=0.636
NODE_42_length_60100_cov_37.170039_20   -           1031 3392at72274          -            637    0.0011   15.8   0.0   2   2   4.2e-06     0.003   14.5   0.0   467   582   833   958   813   988 0.81 # 26286 # 29378 # 1 # ID=42_20;partial=00;start_type=ATG;rbs_motif=GGA/GAG/AGG;rbs_spacer=5-10bp;gc_cont=0.636
NODE_197_length_227_cov_0.912791_1      -             75 3392at72274          -            637     0.026   11.4   0.0   1   1   3.7e-05     0.026   11.3   0.0   579   619     1    42     1    57 0.80 # 2 # 226 # -1 # ID=197_1;partial=11;start_type=Edge;rbs_motif=None;rbs_spacer=None;gc_cont=0.618
#
# Program:         hmmsearch
# Version:         3.1b2 (February 2015)
# Pipeline mode:   SEARCH
# Query file:      /data2/PEG/hoaxaca/REAA/Pseudomonas/bin/busco_downloads/lineages/pseudomonadales_odb10/hmms/3392at72274.hmm
# Target file:     /data2/PEG/hoaxaca/REAA/Pseudomonas/bin/../out/busco/trim_130clip.spades_def/prodigal_output/predicted_genes/predicted.faa
# Option settings: hmmsearch --domtblout /data2/PEG/hoaxaca/REAA/Pseudomonas/bin/../out/busco/trim_130clip.spades_def/run_pseudomonadales_odb10/hmmer_output/3392at72274.out --cpu 1 /data2/PEG/hoaxaca/REAA/Pseudomonas/bin/busco_downloads/lineages/pseudomonadales_odb10/hmms/3392at72274.hmm /data2/PEG/hoaxaca/REAA/Pseudomonas/bin/../out/busco/trim_130clip.spades_def/prodigal_output/predicted_genes/predicted.faa 
# Current dir:     /data2/PEG/hoaxaca/REAA/Pseudomonas/bin
# Date:            Mon Feb 20 00:26:20 2023
# [ok]
