#                                                                                              --- full sequence --- -------------- this domain -------------   hmm coord   ali coord   env coord
# target name                          accession   tlen query name           accession   qlen   E-value  score  bias   #  of  c-Evalue  i-Evalue  score  bias  from    to  from    to  from    to  acc description of target
#                  ------------------- ---------- ----- -------------------- ---------- ----- --------- ------ ----- --- --- --------- --------- ------ ----- ----- ----- ----- ----- ----- ----- ---- ---------------------
NODE_1_length_234130_cov_36.227372_68  -            716 3460at72274          -            612         0 1035.8  14.1   1   2  8.7e-271  3.1e-268  889.8  11.2     1   534     1   610     1   619 0.91 # 82936 # 85083 # 1 # ID=1_68;partial=00;start_type=ATG;rbs_motif=GGAG/GAGG;rbs_spacer=5-10bp;gc_cont=0.584
NODE_1_length_234130_cov_36.227372_68  -            716 3460at72274          -            612         0 1035.8  14.1   2   2   7.8e-46   2.8e-43  146.8   0.0   524   612   619   714   616   714 0.93 # 82936 # 85083 # 1 # ID=1_68;partial=00;start_type=ATG;rbs_motif=GGAG/GAGG;rbs_spacer=5-10bp;gc_cont=0.584
NODE_7_length_160420_cov_35.917657_55  -            716 3460at72274          -            612  3.3e-101  338.1   0.2   1   1  1.5e-103  5.2e-101  337.5   0.2    36   597    49   692    15   699 0.79 # 54226 # 56373 # -1 # ID=7_55;partial=00;start_type=ATG;rbs_motif=AGGA;rbs_spacer=5-10bp;gc_cont=0.622
NODE_71_length_29834_cov_36.220625_15  -            510 3460at72274          -            612   7.6e-41  138.8   0.1   1   2   5.6e-43     2e-40  137.4   0.0   260   519     6   288     2   293 0.83 # 16258 # 17787 # 1 # ID=71_15;partial=00;start_type=ATG;rbs_motif=GGA/GAG/AGG;rbs_spacer=5-10bp;gc_cont=0.660
NODE_71_length_29834_cov_36.220625_15  -            510 3460at72274          -            612   7.6e-41  138.8   0.1   2   2      0.98   3.5e+02   -2.2   0.0   549   571   433   455   400   479 0.55 # 16258 # 17787 # 1 # ID=71_15;partial=00;start_type=ATG;rbs_motif=GGA/GAG/AGG;rbs_spacer=5-10bp;gc_cont=0.660
NODE_31_length_78538_cov_36.659850_5   -            258 3460at72274          -            612     1e-23   82.2   0.1   1   1   3.6e-26   1.3e-23   81.9   0.1    19   156    29   184    15   230 0.78 # 5000 # 5773 # 1 # ID=31_5;partial=00;start_type=ATG;rbs_motif=AGGAG;rbs_spacer=5-10bp;gc_cont=0.605
NODE_71_length_29834_cov_36.220625_14  -            262 3460at72274          -            612   7.3e-21   72.8   0.1   1   1   2.5e-23   8.9e-21   72.5   0.1    30   157    45   189    23   226 0.79 # 15470 # 16255 # 1 # ID=71_14;partial=00;start_type=GTG;rbs_motif=AGGAG;rbs_spacer=5-10bp;gc_cont=0.644
NODE_64_length_37962_cov_35.904846_24  -            264 3460at72274          -            612   5.8e-16   56.6   0.0   1   1     3e-18   1.1e-15   55.7   0.0    59   157    85   191    44   215 0.77 # 26315 # 27106 # -1 # ID=64_24;partial=00;start_type=ATG;rbs_motif=GGAG/GAGG;rbs_spacer=5-10bp;gc_cont=0.677
NODE_23_length_94293_cov_37.233197_35  -            322 3460at72274          -            612   3.5e-14   50.7   0.0   1   1   1.2e-16   4.4e-14   50.4   0.0   259   435     7   195     2   229 0.87 # 35992 # 36957 # 1 # ID=23_35;partial=00;start_type=ATG;rbs_motif=AGGA;rbs_spacer=5-10bp;gc_cont=0.600
NODE_25_length_92834_cov_37.159357_59  -            250 3460at72274          -            612   5.7e-13   46.7   0.0   1   1   1.8e-15   6.3e-13   46.6   0.0    33   141    43   160    25   220 0.85 # 65791 # 66540 # -1 # ID=25_59;partial=00;start_type=ATG;rbs_motif=GGA/GAG/AGG;rbs_spacer=5-10bp;gc_cont=0.613
NODE_103_length_10954_cov_48.421796_4  -            264 3460at72274          -            612     1e-10   39.3   0.0   1   1   3.6e-13   1.3e-10   38.9   0.0    58   136    83   163    72   205 0.78 # 3242 # 4033 # -1 # ID=103_4;partial=00;start_type=ATG;rbs_motif=AGGA/GGAG/GAGG;rbs_spacer=11-12bp;gc_cont=0.665
NODE_66_length_35873_cov_35.571612_22  -            271 3460at72274          -            612   6.6e-09   33.3   0.3   1   2         1   3.6e+02   -2.2   0.0    59    95    33    71    26    77 0.67 # 27171 # 27983 # 1 # ID=66_22;partial=00;start_type=ATG;rbs_motif=AGGA;rbs_spacer=5-10bp;gc_cont=0.619
NODE_66_length_35873_cov_35.571612_22  -            271 3460at72274          -            612   6.6e-09   33.3   0.3   2   2   3.7e-11   1.3e-08   32.3   0.2    63   156    96   197    44   214 0.81 # 27171 # 27983 # 1 # ID=66_22;partial=00;start_type=ATG;rbs_motif=AGGA;rbs_spacer=5-10bp;gc_cont=0.619
NODE_26_length_88680_cov_35.325709_87  -            264 3460at72274          -            612   2.1e-08   31.6   0.1   1   1     8e-11   2.8e-08   31.2   0.1    75   156   101   190    97   223 0.85 # 87780 # 88571 # 1 # ID=26_87;partial=00;start_type=ATG;rbs_motif=GGAG/GAGG;rbs_spacer=5-10bp;gc_cont=0.605
NODE_112_length_9209_cov_37.308718_8   -            258 3460at72274          -            612   3.7e-08   30.8   0.4   1   1   1.2e-10   4.4e-08   30.6   0.4    37   169    46   197    25   230 0.68 # 8343 # 9116 # 1 # ID=112_8;partial=00;start_type=GTG;rbs_motif=GGA/GAG/AGG;rbs_spacer=5-10bp;gc_cont=0.628
NODE_31_length_78538_cov_36.659850_7   -            368 3460at72274          -            612   1.5e-07   28.8   0.0   1   1   5.3e-10   1.9e-07   28.5   0.0    72   131   111   171    61   208 0.70 # 7068 # 8171 # -1 # ID=31_7;partial=00;start_type=ATG;rbs_motif=GGAG/GAGG;rbs_spacer=5-10bp;gc_cont=0.646
NODE_7_length_160420_cov_35.917657_51  -            230 3460at72274          -            612   3.7e-06   24.2   0.1   1   1   1.3e-08   4.5e-06   23.9   0.1    27   190    42   219    22   226 0.69 # 50536 # 51225 # 1 # ID=7_51;partial=00;start_type=ATG;rbs_motif=AGGA;rbs_spacer=5-10bp;gc_cont=0.603
NODE_27_length_84361_cov_36.889332_67  -            269 3460at72274          -            612   6.4e-05   20.1   0.0   1   1   2.4e-07   8.5e-05   19.7   0.0    63   119    90   147    79   168 0.88 # 78785 # 79591 # -1 # ID=27_67;partial=00;start_type=ATG;rbs_motif=GGAG/GAGG;rbs_spacer=5-10bp;gc_cont=0.631
NODE_22_length_94792_cov_34.952996_69  -            371 3460at72274          -            612   0.00012   19.2   0.0   1   1   4.1e-07   0.00015   18.9   0.0    68   130   100   163    83   223 0.81 # 65660 # 66772 # 1 # ID=22_69;partial=00;start_type=ATG;rbs_motif=GGAG/GAGG;rbs_spacer=5-10bp;gc_cont=0.641
NODE_56_length_49457_cov_37.056394_19  -            261 3460at72274          -            612   0.00066   16.8   0.1   1   1   2.1e-06   0.00075   16.6   0.1    58   176    79   209    27   243 0.68 # 18446 # 19228 # 1 # ID=56_19;partial=00;start_type=ATG;rbs_motif=AGGAG;rbs_spacer=5-10bp;gc_cont=0.664
NODE_2_length_205536_cov_36.855734_110 -            353 3460at72274          -            612     0.039   10.9   0.5   1   1   0.00019     0.069   10.1   0.5   259   290     6    37     1    46 0.84 # 100586 # 101644 # -1 # ID=2_110;partial=00;start_type=ATG;rbs_motif=GGAG/GAGG;rbs_spacer=5-10bp;gc_cont=0.603
#
# Program:         hmmsearch
# Version:         3.1b2 (February 2015)
# Pipeline mode:   SEARCH
# Query file:      /data2/PEG/hoaxaca/REAA/Pseudomonas/bin/busco_downloads/lineages/pseudomonadales_odb10/hmms/3460at72274.hmm
# Target file:     /data2/PEG/hoaxaca/REAA/Pseudomonas/bin/../out/busco/trim_130clip.spades_def/prodigal_output/predicted_genes/predicted.faa
# Option settings: hmmsearch --domtblout /data2/PEG/hoaxaca/REAA/Pseudomonas/bin/../out/busco/trim_130clip.spades_def/run_pseudomonadales_odb10/hmmer_output/3460at72274.out --cpu 1 /data2/PEG/hoaxaca/REAA/Pseudomonas/bin/busco_downloads/lineages/pseudomonadales_odb10/hmms/3460at72274.hmm /data2/PEG/hoaxaca/REAA/Pseudomonas/bin/../out/busco/trim_130clip.spades_def/prodigal_output/predicted_genes/predicted.faa 
# Current dir:     /data2/PEG/hoaxaca/REAA/Pseudomonas/bin
# Date:            Mon Feb 20 00:26:22 2023
# [ok]
