#                                                                                              --- full sequence --- -------------- this domain -------------   hmm coord   ali coord   env coord
# target name                          accession   tlen query name           accession   qlen   E-value  score  bias   #  of  c-Evalue  i-Evalue  score  bias  from    to  from    to  from    to  acc description of target
#                  ------------------- ---------- ----- -------------------- ---------- ----- --------- ------ ----- --- --- --------- --------- ------ ----- ----- ----- ----- ----- ----- ----- ---- ---------------------
NODE_3_length_201605_cov_36.105884_62  -            293 34866at72274         -            238  1.3e-112  373.6   0.4   1   2   4.6e-16   2.7e-13   48.5   0.1     1    51     1    63     1    71 0.84 # 62181 # 63059 # 1 # ID=3_62;partial=00;start_type=ATG;rbs_motif=GGA/GAG/AGG;rbs_spacer=5-10bp;gc_cont=0.652
NODE_3_length_201605_cov_36.105884_62  -            293 34866at72274         -            238  1.3e-112  373.6   0.4   2   2  4.7e-100   2.7e-97  323.4   0.0    48   238    85   291    79   291 0.94 # 62181 # 63059 # 1 # ID=3_62;partial=00;start_type=ATG;rbs_motif=GGA/GAG/AGG;rbs_spacer=5-10bp;gc_cont=0.652
NODE_72_length_29256_cov_32.680148_13  -            219 34866at72274         -            238   5.9e-14   50.6   0.1   1   1   1.5e-16   8.7e-14   50.1   0.1   119   188    80   154    67   187 0.79 # 13758 # 14414 # -1 # ID=72_13;partial=00;start_type=ATG;rbs_motif=None;rbs_spacer=None;gc_cont=0.670
NODE_11_length_135406_cov_37.346085_52 -            333 34866at72274         -            238   1.3e-05   23.3   0.0   1   1   3.2e-08   1.9e-05   22.8   0.0   104   176   177   248   156   284 0.76 # 45644 # 46642 # -1 # ID=11_52;partial=00;start_type=ATG;rbs_motif=AGGAG;rbs_spacer=5-10bp;gc_cont=0.618
NODE_3_length_201605_cov_36.105884_85  -            249 34866at72274         -            238   2.1e-05   22.6   0.0   1   1   4.6e-08   2.7e-05   22.3   0.0   118   173    40    95    24   140 0.91 # 90458 # 91204 # -1 # ID=3_85;partial=00;start_type=ATG;rbs_motif=GGA/GAG/AGG;rbs_spacer=5-10bp;gc_cont=0.580
NODE_1_length_234130_cov_36.227372_133 -            233 34866at72274         -            238   7.7e-05   20.8   0.0   1   1   1.9e-07   0.00011   20.3   0.0   104   154    30    80    27   108 0.81 # 153084 # 153782 # -1 # ID=1_133;partial=00;start_type=ATG;rbs_motif=GGAG/GAGG;rbs_spacer=5-10bp;gc_cont=0.612
NODE_29_length_79453_cov_37.397932_72  -            394 34866at72274         -            238    0.0012   16.8   0.0   1   1   3.2e-06    0.0019   16.2   0.0   117   162   247   293   216   305 0.79 # 75224 # 76405 # 1 # ID=29_72;partial=00;start_type=ATG;rbs_motif=GGA/GAG/AGG;rbs_spacer=5-10bp;gc_cont=0.643
NODE_7_length_160420_cov_35.917657_87  -            243 34866at72274         -            238    0.0036   15.3   0.0   1   1   7.8e-06    0.0045   15.0   0.0   121   170    43    92    34   142 0.81 # 84843 # 85571 # -1 # ID=7_87;partial=00;start_type=ATG;rbs_motif=GGAG/GAGG;rbs_spacer=5-10bp;gc_cont=0.608
NODE_5_length_184381_cov_37.893162_15  -            319 34866at72274         -            238    0.0061   14.6   0.2   1   1   3.4e-05      0.02   12.9   0.2   116   150   114   148    94   250 0.79 # 14213 # 15169 # -1 # ID=5_15;partial=00;start_type=ATG;rbs_motif=None;rbs_spacer=None;gc_cont=0.620
NODE_26_length_88680_cov_35.325709_22  -            303 34866at72274         -            238    0.0098   13.9   0.0   1   1   2.6e-05     0.015   13.3   0.0   123   173   128   179   121   203 0.83 # 20860 # 21768 # -1 # ID=26_22;partial=00;start_type=GTG;rbs_motif=AGGAG;rbs_spacer=5-10bp;gc_cont=0.609
NODE_30_length_78626_cov_35.854641_76  -            399 34866at72274         -            238    0.0099   13.9   0.0   1   1   3.6e-05     0.021   12.8   0.0   120   172   220   272   204   283 0.91 # 67755 # 68951 # 1 # ID=30_76;partial=00;start_type=ATG;rbs_motif=GGAG/GAGG;rbs_spacer=5-10bp;gc_cont=0.624
NODE_66_length_35873_cov_35.571612_26  -            309 34866at72274         -            238     0.012   13.6   0.0   1   1   3.1e-05     0.018   13.0   0.0   111   170   135   193   108   204 0.78 # 30724 # 31650 # -1 # ID=66_26;partial=00;start_type=ATG;rbs_motif=None;rbs_spacer=None;gc_cont=0.622
#
# Program:         hmmsearch
# Version:         3.1b2 (February 2015)
# Pipeline mode:   SEARCH
# Query file:      /data2/PEG/hoaxaca/REAA/Pseudomonas/bin/busco_downloads/lineages/pseudomonadales_odb10/hmms/34866at72274.hmm
# Target file:     /data2/PEG/hoaxaca/REAA/Pseudomonas/bin/../out/busco/trim_130clip.spades_def/prodigal_output/predicted_genes/predicted.faa
# Option settings: hmmsearch --domtblout /data2/PEG/hoaxaca/REAA/Pseudomonas/bin/../out/busco/trim_130clip.spades_def/run_pseudomonadales_odb10/hmmer_output/34866at72274.out --cpu 1 /data2/PEG/hoaxaca/REAA/Pseudomonas/bin/busco_downloads/lineages/pseudomonadales_odb10/hmms/34866at72274.hmm /data2/PEG/hoaxaca/REAA/Pseudomonas/bin/../out/busco/trim_130clip.spades_def/prodigal_output/predicted_genes/predicted.faa 
# Current dir:     /data2/PEG/hoaxaca/REAA/Pseudomonas/bin
# Date:            Mon Feb 20 00:26:22 2023
# [ok]
