#                                                                                              --- full sequence --- -------------- this domain -------------   hmm coord   ali coord   env coord
# target name                          accession   tlen query name           accession   qlen   E-value  score  bias   #  of  c-Evalue  i-Evalue  score  bias  from    to  from    to  from    to  acc description of target
#                  ------------------- ---------- ----- -------------------- ---------- ----- --------- ------ ----- --- --- --------- --------- ------ ----- ----- ----- ----- ----- ----- ----- ---- ---------------------
NODE_43_length_59975_cov_35.864236_21  -            273 35233at72274         -            244  9.9e-129  426.6  20.2   1   1  3.7e-131  1.2e-128  426.4  20.2     1   244     6   266     6   266 0.97 # 22124 # 22942 # -1 # ID=43_21;partial=00;start_type=ATG;rbs_motif=AGGA;rbs_spacer=5-10bp;gc_cont=0.606
NODE_43_length_59975_cov_35.864236_20  -            291 35233at72274         -            244   5.9e-37  126.1  15.2   1   1   2.5e-39   7.9e-37  125.7  15.2     9   239    27   272    20   275 0.87 # 21238 # 22110 # -1 # ID=43_20;partial=00;start_type=ATG;rbs_motif=AGGAG;rbs_spacer=5-10bp;gc_cont=0.615
NODE_49_length_54711_cov_35.381879_14  -            227 35233at72274         -            244   9.8e-27   92.6   8.2   1   1   4.3e-29   1.4e-26   92.1   8.2    46   240     9   215     4   217 0.90 # 9471 # 10151 # -1 # ID=49_14;partial=00;start_type=ATG;rbs_motif=GGA/GAG/AGG;rbs_spacer=5-10bp;gc_cont=0.609
NODE_5_length_184381_cov_37.893162_164 -            270 35233at72274         -            244   5.5e-20   70.5  10.7   1   1   2.4e-22   7.8e-20   70.0  10.7    38   234    55   247    46   256 0.84 # 176685 # 177494 # -1 # ID=5_164;partial=00;start_type=ATG;rbs_motif=GGxGG;rbs_spacer=5-10bp;gc_cont=0.606
NODE_13_length_120342_cov_37.874908_86 -            274 35233at72274         -            244     3e-18   64.8  16.0   1   1   1.2e-20   3.9e-18   64.5  16.0     4   240    14   262    11   266 0.83 # 76517 # 77338 # -1 # ID=13_86;partial=00;start_type=GTG;rbs_motif=GGAG/GAGG;rbs_spacer=5-10bp;gc_cont=0.653
NODE_16_length_109736_cov_37.510809_75 -            275 35233at72274         -            244   1.1e-16   59.7  19.4   1   1   4.9e-19   1.6e-16   59.2  19.4    36   242    59   261    17   263 0.83 # 87136 # 87960 # 1 # ID=16_75;partial=00;start_type=ATG;rbs_motif=AGGAG;rbs_spacer=5-10bp;gc_cont=0.627
NODE_3_length_201605_cov_36.105884_160 -            522 35233at72274         -            244   5.9e-16   57.3  33.5   1   2   2.6e-14   8.4e-12   43.7  11.5    17   238    34   249    22   255 0.77 # 183686 # 185251 # 1 # ID=3_160;partial=00;start_type=ATG;rbs_motif=None;rbs_spacer=None;gc_cont=0.621
NODE_3_length_201605_cov_36.105884_160 -            522 35233at72274         -            244   5.9e-16   57.3  33.5   2   2     7e-07   0.00022   19.4  14.0    42   233   317   506   284   516 0.77 # 183686 # 185251 # 1 # ID=3_160;partial=00;start_type=ATG;rbs_motif=None;rbs_spacer=None;gc_cont=0.621
NODE_89_length_17124_cov_37.847091_12  -            265 35233at72274         -            244   2.6e-14   51.9  16.9   1   1   1.1e-16   3.6e-14   51.5  16.9    34   231    48   242     9   253 0.79 # 12456 # 13250 # 1 # ID=89_12;partial=00;start_type=ATG;rbs_motif=GGAG/GAGG;rbs_spacer=5-10bp;gc_cont=0.620
NODE_36_length_69443_cov_35.935565_25  -            296 35233at72274         -            244   1.2e-12   46.5  16.8   1   1   6.3e-15     2e-12   45.8  16.8     6   236     8   252     3   259 0.76 # 26114 # 27001 # 1 # ID=36_25;partial=00;start_type=ATG;rbs_motif=GGAGG;rbs_spacer=5-10bp;gc_cont=0.618
NODE_13_length_120342_cov_37.874908_85 -            265 35233at72274         -            244   3.1e-12   45.1  13.7   1   1   1.5e-14   4.6e-12   44.6  13.7    47   239    60   250     6   255 0.81 # 75726 # 76520 # -1 # ID=13_85;partial=00;start_type=GTG;rbs_motif=GGA/GAG/AGG;rbs_spacer=5-10bp;gc_cont=0.635
NODE_89_length_17124_cov_37.847091_11  -            282 35233at72274         -            244     4e-12   44.8  17.6   1   1   1.8e-14   5.9e-12   44.2  17.6    31   241    46   268     8   271 0.80 # 11606 # 12451 # 1 # ID=89_11;partial=00;start_type=ATG;rbs_motif=GGAG/GAGG;rbs_spacer=5-10bp;gc_cont=0.617
NODE_119_length_6639_cov_39.649453_4   -            282 35233at72274         -            244   1.6e-10   39.5  13.6   1   1   6.9e-13   2.2e-10   39.1  13.3    33   239    48   268    16   274 0.81 # 3231 # 4076 # 1 # ID=119_4;partial=00;start_type=GTG;rbs_motif=GGAG/GAGG;rbs_spacer=5-10bp;gc_cont=0.602
NODE_36_length_69443_cov_35.935565_62  -            575 35233at72274         -            244   3.4e-10   38.4  29.8   1   2   4.8e-12   1.5e-09   36.3   8.2    37   200    70   240    29   270 0.82 # 63343 # 65067 # 1 # ID=36_62;partial=00;start_type=ATG;rbs_motif=GGA/GAG/AGG;rbs_spacer=11-12bp;gc_cont=0.638
NODE_36_length_69443_cov_35.935565_62  -            575 35233at72274         -            244   3.4e-10   38.4  29.8   2   2    0.0024      0.76    7.8  13.6    44   238   354   551   312   556 0.67 # 63343 # 65067 # 1 # ID=36_62;partial=00;start_type=ATG;rbs_motif=GGA/GAG/AGG;rbs_spacer=11-12bp;gc_cont=0.638
NODE_119_length_6639_cov_39.649453_5   -            267 35233at72274         -            244   3.5e-10   38.4  12.9   1   1   1.3e-12   4.3e-10   38.1  12.9    33   191    52   212    15   260 0.78 # 4063 # 4863 # 1 # ID=119_5;partial=00;start_type=ATG;rbs_motif=AGGAG;rbs_spacer=5-10bp;gc_cont=0.604
NODE_45_length_58289_cov_36.775784_8   -            539 35233at72274         -            244   5.5e-09   34.5  12.3   1   2   1.7e-11   5.5e-09   34.5  12.3    16   195    14   214    10   253 0.76 # 5455 # 7071 # -1 # ID=45_8;partial=00;start_type=TTG;rbs_motif=GGA/GAG/AGG;rbs_spacer=5-10bp;gc_cont=0.652
NODE_45_length_58289_cov_36.775784_8   -            539 35233at72274         -            244   5.5e-09   34.5  12.3   2   2     0.025         8    4.5   4.5    87   188   362   480   289   523 0.67 # 5455 # 7071 # -1 # ID=45_8;partial=00;start_type=TTG;rbs_motif=GGA/GAG/AGG;rbs_spacer=5-10bp;gc_cont=0.652
NODE_40_length_63809_cov_36.202701_16  -            534 35233at72274         -            244   3.9e-07   28.4  35.3   1   2   8.8e-07   0.00028   19.1  13.4    16   194    39   219    32   230 0.74 # 16567 # 18168 # -1 # ID=40_16;partial=00;start_type=TTG;rbs_motif=GGA/GAG/AGG;rbs_spacer=5-10bp;gc_cont=0.652
NODE_40_length_63809_cov_36.202701_16  -            534 35233at72274         -            244   3.9e-07   28.4  35.3   2   2   1.6e-05    0.0051   14.9  13.9     9   235   292   518   286   524 0.82 # 16567 # 18168 # -1 # ID=40_16;partial=00;start_type=TTG;rbs_motif=GGA/GAG/AGG;rbs_spacer=5-10bp;gc_cont=0.652
NODE_25_length_92834_cov_37.159357_12  -            291 35233at72274         -            244   7.5e-07   27.5  12.4   1   2       4.6   1.5e+03   -2.9   4.1    54   109    17    73     3   134 0.67 # 18181 # 19053 # 1 # ID=25_12;partial=00;start_type=ATG;rbs_motif=AGGAGG;rbs_spacer=3-4bp;gc_cont=0.617
NODE_25_length_92834_cov_37.159357_12  -            291 35233at72274         -            244   7.5e-07   27.5  12.4   2   2   2.4e-09   7.5e-07   27.5  12.4    54   234    76   278    62   287 0.69 # 18181 # 19053 # 1 # ID=25_12;partial=00;start_type=ATG;rbs_motif=AGGAGG;rbs_spacer=3-4bp;gc_cont=0.617
NODE_25_length_92834_cov_37.159357_11  -            332 35233at72274         -            244   9.2e-06   23.9   4.8   1   2      0.97   3.1e+02   -0.7   0.5   155   183    36    64    33    88 0.85 # 17189 # 18184 # 1 # ID=25_11;partial=00;start_type=ATG;rbs_motif=GGA/GAG/AGG;rbs_spacer=5-10bp;gc_cont=0.589
NODE_25_length_92834_cov_37.159357_11  -            332 35233at72274         -            244   9.2e-06   23.9   4.8   2   2   2.9e-08   9.2e-06   23.9   4.8   121   240   186   318   171   322 0.70 # 17189 # 18184 # 1 # ID=25_11;partial=00;start_type=ATG;rbs_motif=GGA/GAG/AGG;rbs_spacer=5-10bp;gc_cont=0.589
NODE_14_length_119663_cov_36.815405_1  -            230 35233at72274         -            244   0.00017   19.8  10.0   1   1   9.4e-07    0.0003   19.0  10.0    18   193     3   180     1   193 0.71 # 1 # 690 # -1 # ID=14_1;partial=10;start_type=GTG;rbs_motif=GGA/GAG/AGG;rbs_spacer=5-10bp;gc_cont=0.658
NODE_20_length_101354_cov_35.986416_48 -            557 35233at72274         -            244   0.00037   18.7  11.0   1   2   1.1e-06   0.00037   18.7  11.0   124   194   399   473   297   485 0.65 # 55152 # 56822 # -1 # ID=20_48;partial=00;start_type=GTG;rbs_motif=GGA/GAG/AGG;rbs_spacer=5-10bp;gc_cont=0.630
NODE_20_length_101354_cov_35.986416_48 -            557 35233at72274         -            244   0.00037   18.7  11.0   2   2       6.9   2.2e+03   -3.5   0.1    41    71   512   542   504   547 0.66 # 55152 # 56822 # -1 # ID=20_48;partial=00;start_type=GTG;rbs_motif=GGA/GAG/AGG;rbs_spacer=5-10bp;gc_cont=0.630
#
# Program:         hmmsearch
# Version:         3.1b2 (February 2015)
# Pipeline mode:   SEARCH
# Query file:      /data2/PEG/hoaxaca/REAA/Pseudomonas/bin/busco_downloads/lineages/pseudomonadales_odb10/hmms/35233at72274.hmm
# Target file:     /data2/PEG/hoaxaca/REAA/Pseudomonas/bin/../out/busco/trim_130clip.spades_def/prodigal_output/predicted_genes/predicted.faa
# Option settings: hmmsearch --domtblout /data2/PEG/hoaxaca/REAA/Pseudomonas/bin/../out/busco/trim_130clip.spades_def/run_pseudomonadales_odb10/hmmer_output/35233at72274.out --cpu 1 /data2/PEG/hoaxaca/REAA/Pseudomonas/bin/busco_downloads/lineages/pseudomonadales_odb10/hmms/35233at72274.hmm /data2/PEG/hoaxaca/REAA/Pseudomonas/bin/../out/busco/trim_130clip.spades_def/prodigal_output/predicted_genes/predicted.faa 
# Current dir:     /data2/PEG/hoaxaca/REAA/Pseudomonas/bin
# Date:            Mon Feb 20 00:26:23 2023
# [ok]
