#                                                                                              --- full sequence --- -------------- this domain -------------   hmm coord   ali coord   env coord
# target name                          accession   tlen query name           accession   qlen   E-value  score  bias   #  of  c-Evalue  i-Evalue  score  bias  from    to  from    to  from    to  acc description of target
#                  ------------------- ---------- ----- -------------------- ---------- ----- --------- ------ ----- --- --- --------- --------- ------ ----- ----- ----- ----- ----- ----- ----- ---- ---------------------
NODE_37_length_68897_cov_36.672220_9   -            270 36912at72274         -            197   1.1e-78  262.0   0.1   1   2   3.3e-72   4.2e-69  230.8   0.0     3   166    19   201     1   211 0.88 # 10116 # 10925 # -1 # ID=37_9;partial=00;start_type=ATG;rbs_motif=None;rbs_spacer=None;gc_cont=0.648
NODE_37_length_68897_cov_36.672220_9   -            270 36912at72274         -            197   1.1e-78  262.0   0.1   2   2     6e-10   7.7e-07   27.6   0.0   166   192   225   251   220   256 0.92 # 10116 # 10925 # -1 # ID=37_9;partial=00;start_type=ATG;rbs_motif=None;rbs_spacer=None;gc_cont=0.648
NODE_16_length_109736_cov_37.510809_20 -            270 36912at72274         -            197   3.6e-06   25.4   0.0   1   1   6.1e-09   7.8e-06   24.3   0.0    62   152    54   164    27   170 0.77 # 22224 # 23033 # 1 # ID=16_20;partial=00;start_type=ATG;rbs_motif=GGA/GAG/AGG;rbs_spacer=5-10bp;gc_cont=0.622
NODE_49_length_54711_cov_35.381879_19  -            355 36912at72274         -            197     0.026   12.8   0.1   1   2    0.0019       2.4    6.4   0.0   147   183   149   185    74   196 0.84 # 13869 # 14933 # -1 # ID=49_19;partial=00;start_type=ATG;rbs_motif=AGGAG;rbs_spacer=5-10bp;gc_cont=0.655
NODE_49_length_54711_cov_35.381879_19  -            355 36912at72274         -            197     0.026   12.8   0.1   2   2     0.012        15    3.8   0.1    57   100   275   316   269   329 0.87 # 13869 # 14933 # -1 # ID=49_19;partial=00;start_type=ATG;rbs_motif=AGGAG;rbs_spacer=5-10bp;gc_cont=0.655
NODE_55_length_50388_cov_37.836012_10  -            275 36912at72274         -            197      0.05   11.9   0.0   1   1   8.5e-05      0.11   10.8   0.0    29    91    15    88    10   171 0.67 # 13264 # 14088 # -1 # ID=55_10;partial=00;start_type=ATG;rbs_motif=GGAG/GAGG;rbs_spacer=5-10bp;gc_cont=0.616
NODE_5_length_184381_cov_37.893162_15  -            319 36912at72274         -            197     0.052   11.8   0.0   1   1   7.5e-05     0.096   10.9   0.0    64    80   122   138   113   145 0.83 # 14213 # 15169 # -1 # ID=5_15;partial=00;start_type=ATG;rbs_motif=None;rbs_spacer=None;gc_cont=0.620
#
# Program:         hmmsearch
# Version:         3.1b2 (February 2015)
# Pipeline mode:   SEARCH
# Query file:      /data2/PEG/hoaxaca/REAA/Pseudomonas/bin/busco_downloads/lineages/pseudomonadales_odb10/hmms/36912at72274.hmm
# Target file:     /data2/PEG/hoaxaca/REAA/Pseudomonas/bin/../out/busco/trim_130clip.spades_def/prodigal_output/predicted_genes/predicted.faa
# Option settings: hmmsearch --domtblout /data2/PEG/hoaxaca/REAA/Pseudomonas/bin/../out/busco/trim_130clip.spades_def/run_pseudomonadales_odb10/hmmer_output/36912at72274.out --cpu 1 /data2/PEG/hoaxaca/REAA/Pseudomonas/bin/busco_downloads/lineages/pseudomonadales_odb10/hmms/36912at72274.hmm /data2/PEG/hoaxaca/REAA/Pseudomonas/bin/../out/busco/trim_130clip.spades_def/prodigal_output/predicted_genes/predicted.faa 
# Current dir:     /data2/PEG/hoaxaca/REAA/Pseudomonas/bin
# Date:            Mon Feb 20 00:26:24 2023
# [ok]
