#                                                                                              --- full sequence --- -------------- this domain -------------   hmm coord   ali coord   env coord
# target name                          accession   tlen query name           accession   qlen   E-value  score  bias   #  of  c-Evalue  i-Evalue  score  bias  from    to  from    to  from    to  acc description of target
#                  ------------------- ---------- ----- -------------------- ---------- ----- --------- ------ ----- --- --- --------- --------- ------ ----- ----- ----- ----- ----- ----- ----- ---- ---------------------
NODE_39_length_65238_cov_38.202860_30  -            260 37220at72274         -            212  2.6e-113  374.8   0.0   1   1  4.2e-115  3.4e-112  371.1   0.0     1   212    11   259    11   259 0.92 # 33306 # 34085 # -1 # ID=39_30;partial=00;start_type=ATG;rbs_motif=AGGAG;rbs_spacer=5-10bp;gc_cont=0.586
NODE_29_length_79453_cov_37.397932_70  -            259 37220at72274         -            212   3.3e-53  178.4   0.0   1   1   2.7e-55   2.2e-52  175.7   0.0     5   189    19   228    15   248 0.84 # 73262 # 74038 # -1 # ID=29_70;partial=00;start_type=ATG;rbs_motif=GGAG/GAGG;rbs_spacer=5-10bp;gc_cont=0.600
NODE_25_length_92834_cov_37.159357_60  -            311 37220at72274         -            212   4.3e-09   34.2   0.0   1   1     7e-12   5.6e-09   33.9   0.0    10   157   106   256    97   289 0.76 # 66571 # 67503 # -1 # ID=25_60;partial=00;start_type=ATG;rbs_motif=GGA/GAG/AGG;rbs_spacer=5-10bp;gc_cont=0.662
NODE_23_length_94293_cov_37.233197_22  -            367 37220at72274         -            212   5.9e-09   33.8   0.0   1   1     1e-11   8.3e-09   33.3   0.0     5   138    31   168    27   176 0.79 # 20227 # 21327 # -1 # ID=23_22;partial=00;start_type=ATG;rbs_motif=GGAG/GAGG;rbs_spacer=5-10bp;gc_cont=0.602
NODE_28_length_83551_cov_36.087908_44  -            341 37220at72274         -            212   1.8e-08   32.2   0.0   1   1   3.4e-11   2.7e-08   31.6   0.0    13   116   125   226   113   253 0.80 # 60210 # 61232 # -1 # ID=28_44;partial=00;start_type=ATG;rbs_motif=GGAG/GAGG;rbs_spacer=5-10bp;gc_cont=0.633
NODE_67_length_33288_cov_35.422201_22  -            359 37220at72274         -            212     2e-08   32.0   0.0   1   1   5.2e-11   4.1e-08   31.0   0.0    17   189    31   221    20   239 0.73 # 29327 # 30403 # -1 # ID=67_22;partial=00;start_type=ATG;rbs_motif=GGAG/GAGG;rbs_spacer=5-10bp;gc_cont=0.627
NODE_45_length_58289_cov_36.775784_30  -            323 37220at72274         -            212   5.7e-06   24.0   0.0   1   1     1e-08   8.2e-06   23.5   0.0    16   135   116   233   108   249 0.82 # 28342 # 29310 # -1 # ID=45_30;partial=00;start_type=ATG;rbs_motif=AGGA;rbs_spacer=5-10bp;gc_cont=0.627
NODE_10_length_139104_cov_45.561191_14 -            336 37220at72274         -            212   0.00026   18.6   0.0   1   1   4.9e-07   0.00039   18.0   0.0    17   132   129   242   119   264 0.85 # 22430 # 23437 # -1 # ID=10_14;partial=00;start_type=ATG;rbs_motif=GGA/GAG/AGG;rbs_spacer=5-10bp;gc_cont=0.596
#
# Program:         hmmsearch
# Version:         3.1b2 (February 2015)
# Pipeline mode:   SEARCH
# Query file:      /data2/PEG/hoaxaca/REAA/Pseudomonas/bin/busco_downloads/lineages/pseudomonadales_odb10/hmms/37220at72274.hmm
# Target file:     /data2/PEG/hoaxaca/REAA/Pseudomonas/bin/../out/busco/trim_130clip.spades_def/prodigal_output/predicted_genes/predicted.faa
# Option settings: hmmsearch --domtblout /data2/PEG/hoaxaca/REAA/Pseudomonas/bin/../out/busco/trim_130clip.spades_def/run_pseudomonadales_odb10/hmmer_output/37220at72274.out --cpu 1 /data2/PEG/hoaxaca/REAA/Pseudomonas/bin/busco_downloads/lineages/pseudomonadales_odb10/hmms/37220at72274.hmm /data2/PEG/hoaxaca/REAA/Pseudomonas/bin/../out/busco/trim_130clip.spades_def/prodigal_output/predicted_genes/predicted.faa 
# Current dir:     /data2/PEG/hoaxaca/REAA/Pseudomonas/bin
# Date:            Mon Feb 20 00:26:25 2023
# [ok]
