#                                                                                               --- full sequence --- -------------- this domain -------------   hmm coord   ali coord   env coord
# target name                           accession   tlen query name           accession   qlen   E-value  score  bias   #  of  c-Evalue  i-Evalue  score  bias  from    to  from    to  from    to  acc description of target
#                   ------------------- ---------- ----- -------------------- ---------- ----- --------- ------ ----- --- --- --------- --------- ------ ----- ----- ----- ----- ----- ----- ----- ---- ---------------------
NODE_7_length_160420_cov_35.917657_103  -            248 38752at72274         -            212  2.5e-105  349.6  13.7   1   1  9.6e-106  8.5e-104  344.5  13.7     1   212     1   247     1   247 0.89 # 99641 # 100384 # -1 # ID=7_103;partial=00;start_type=ATG;rbs_motif=AGGAG;rbs_spacer=5-10bp;gc_cont=0.593
NODE_17_length_107317_cov_36.927915_76  -            243 38752at72274         -            212   1.8e-51  173.5   4.1   1   2   5.7e-07     5e-05   21.8   0.3     8    61     5    62     1    72 0.84 # 94394 # 95122 # 1 # ID=17_76;partial=00;start_type=ATG;rbs_motif=AGGA;rbs_spacer=5-10bp;gc_cont=0.632
NODE_17_length_107317_cov_36.927915_76  -            243 38752at72274         -            212   1.8e-51  173.5   4.1   2   2   2.3e-47     2e-45  153.8   0.4    59   209    84   241    62   242 0.90 # 94394 # 95122 # 1 # ID=17_76;partial=00;start_type=ATG;rbs_motif=AGGA;rbs_spacer=5-10bp;gc_cont=0.632
NODE_14_length_119663_cov_36.815405_42  -            250 38752at72274         -            212   4.4e-41  139.6   5.7   1   2   4.5e-10     4e-08   31.9   1.4     3    62     4    67     2    75 0.86 # 47026 # 47775 # -1 # ID=14_42;partial=00;start_type=ATG;rbs_motif=GGA/GAG/AGG;rbs_spacer=5-10bp;gc_cont=0.579
NODE_14_length_119663_cov_36.815405_42  -            250 38752at72274         -            212   4.4e-41  139.6   5.7   2   2   7.7e-34   6.9e-32  109.6   0.2    55   209    84   248    68   249 0.88 # 47026 # 47775 # -1 # ID=14_42;partial=00;start_type=ATG;rbs_motif=GGA/GAG/AGG;rbs_spacer=5-10bp;gc_cont=0.579
NODE_3_length_201605_cov_36.105884_25   -            451 38752at72274         -            212   2.2e-40  137.3   6.2   1   3    0.0051      0.45    8.9   0.1   128   149   139   160   132   170 0.87 # 23880 # 25232 # 1 # ID=3_25;partial=00;start_type=ATG;rbs_motif=GGAG/GAGG;rbs_spacer=5-10bp;gc_cont=0.652
NODE_3_length_201605_cov_36.105884_25   -            451 38752at72274         -            212   2.2e-40  137.3   6.2   2   3       0.6        53    2.1   0.0   186   207   178   199   163   201 0.85 # 23880 # 25232 # 1 # ID=3_25;partial=00;start_type=ATG;rbs_motif=GGAG/GAGG;rbs_spacer=5-10bp;gc_cont=0.652
NODE_3_length_201605_cov_36.105884_25   -            451 38752at72274         -            212   2.2e-40  137.3   6.2   3   3     6e-38   5.3e-36  123.0   2.5     5   207   213   444   210   448 0.80 # 23880 # 25232 # 1 # ID=3_25;partial=00;start_type=ATG;rbs_motif=GGAG/GAGG;rbs_spacer=5-10bp;gc_cont=0.652
NODE_18_length_105270_cov_36.789146_48  -            448 38752at72274         -            212   1.1e-38  131.8  13.3   1   3     0.024       2.1    6.7   0.0   128   158   132   163   125   172 0.83 # 50642 # 51985 # -1 # ID=18_48;partial=00;start_type=ATG;rbs_motif=GGA/GAG/AGG;rbs_spacer=11-12bp;gc_cont=0.658
NODE_18_length_105270_cov_36.789146_48  -            448 38752at72274         -            212   1.1e-38  131.8  13.3   2   3       7.2   6.4e+02   -1.4   0.0   187   204   172   189   164   192 0.85 # 50642 # 51985 # -1 # ID=18_48;partial=00;start_type=ATG;rbs_motif=GGA/GAG/AGG;rbs_spacer=11-12bp;gc_cont=0.658
NODE_18_length_105270_cov_36.789146_48  -            448 38752at72274         -            212   1.1e-38  131.8  13.3   3   3   1.9e-36   1.7e-34  118.1  10.6     6   207   209   441   205   445 0.78 # 50642 # 51985 # -1 # ID=18_48;partial=00;start_type=ATG;rbs_motif=GGA/GAG/AGG;rbs_spacer=11-12bp;gc_cont=0.658
NODE_39_length_65238_cov_38.202860_15   -            253 38752at72274         -            212   2.1e-36  124.4   4.5   1   2     0.023       2.1    6.7   0.0     1    44     1    44     1    61 0.82 # 14182 # 14940 # 1 # ID=39_15;partial=00;start_type=ATG;rbs_motif=AGGA;rbs_spacer=5-10bp;gc_cont=0.598
NODE_39_length_65238_cov_38.202860_15   -            253 38752at72274         -            212   2.1e-36  124.4   4.5   2   2   2.7e-36   2.4e-34  117.6   2.3    47   209    78   250    50   252 0.80 # 14182 # 14940 # 1 # ID=39_15;partial=00;start_type=ATG;rbs_motif=AGGA;rbs_spacer=5-10bp;gc_cont=0.598
NODE_109_length_9445_cov_35.259851_3    -            247 38752at72274         -            212   3.1e-36  123.8   0.3   1   2   7.1e-08   6.3e-06   24.7   0.1     5    62     2    62     1    77 0.83 # 2234 # 2974 # -1 # ID=109_3;partial=00;start_type=ATG;rbs_motif=GGAG/GAGG;rbs_spacer=5-10bp;gc_cont=0.661
NODE_109_length_9445_cov_35.259851_3    -            247 38752at72274         -            212   3.1e-36  123.8   0.3   2   2   3.3e-30   2.9e-28   97.7   0.0    57   211    81   245    70   246 0.87 # 2234 # 2974 # -1 # ID=109_3;partial=00;start_type=ATG;rbs_motif=GGAG/GAGG;rbs_spacer=5-10bp;gc_cont=0.661
NODE_105_length_10734_cov_32.006461_1   -            257 38752at72274         -            212   2.2e-35  121.0   4.1   1   1   2.2e-33     2e-31  108.1   4.1     3   211     3   253     1   254 0.76 # 95 # 865 # -1 # ID=105_1;partial=00;start_type=ATG;rbs_motif=AGGAG;rbs_spacer=5-10bp;gc_cont=0.611
NODE_116_length_8147_cov_36.313149_2    -            258 38752at72274         -            212   3.4e-35  120.4   0.5   1   1   5.7e-35   5.1e-33  113.3   0.5     3   209    10   253     8   256 0.77 # 1144 # 1917 # -1 # ID=116_2;partial=00;start_type=ATG;rbs_motif=GGA/GAG/AGG;rbs_spacer=5-10bp;gc_cont=0.638
NODE_54_length_52356_cov_36.253838_41   -            267 38752at72274         -            212   3.9e-35  120.2  13.1   1   2   5.9e-05    0.0052   15.2   3.0     2    50     4    56     3    67 0.76 # 49326 # 50126 # -1 # ID=54_41;partial=00;start_type=ATG;rbs_motif=GGA/GAG/AGG;rbs_spacer=11-12bp;gc_cont=0.634
NODE_54_length_52356_cov_36.253838_41   -            267 38752at72274         -            212   3.9e-35  120.2  13.1   2   2   6.6e-34   5.8e-32  109.8   3.4    55   210    85   257    58   259 0.83 # 49326 # 50126 # -1 # ID=54_41;partial=00;start_type=ATG;rbs_motif=GGA/GAG/AGG;rbs_spacer=11-12bp;gc_cont=0.634
NODE_5_length_184381_cov_37.893162_25   -            254 38752at72274         -            212   2.6e-34  117.5   0.6   1   2   2.4e-05    0.0021   16.5   0.3     3    29     1    27     1    38 0.84 # 25474 # 26235 # 1 # ID=5_25;partial=00;start_type=ATG;rbs_motif=AGGAG;rbs_spacer=5-10bp;gc_cont=0.647
NODE_5_length_184381_cov_37.893162_25   -            254 38752at72274         -            212   2.6e-34  117.5   0.6   2   2   1.2e-30   1.1e-28   99.1   0.0    56   210    83   248    66   250 0.86 # 25474 # 26235 # 1 # ID=5_25;partial=00;start_type=ATG;rbs_motif=AGGAG;rbs_spacer=5-10bp;gc_cont=0.647
NODE_41_length_63635_cov_34.565304_41   -            249 38752at72274         -            212   1.4e-33  115.1   7.7   1   2   1.4e-05    0.0012   17.3   3.1     3    49     6    56     4    68 0.72 # 48611 # 49357 # 1 # ID=41_41;partial=00;start_type=ATG;rbs_motif=GGAG/GAGG;rbs_spacer=5-10bp;gc_cont=0.653
NODE_41_length_63635_cov_34.565304_41   -            249 38752at72274         -            212   1.4e-33  115.1   7.7   2   2   5.1e-31   4.5e-29  100.4   0.2    37   209    68   246    58   247 0.89 # 48611 # 49357 # 1 # ID=41_41;partial=00;start_type=ATG;rbs_motif=GGAG/GAGG;rbs_spacer=5-10bp;gc_cont=0.653
NODE_5_length_184381_cov_37.893162_26   -            250 38752at72274         -            212   1.5e-33  115.0   5.0   1   1   1.8e-33   1.6e-31  108.4   5.0     6   210     7   247     3   249 0.73 # 26380 # 27129 # 1 # ID=5_26;partial=00;start_type=ATG;rbs_motif=GGAG/GAGG;rbs_spacer=5-10bp;gc_cont=0.673
NODE_31_length_78538_cov_36.659850_26   -            286 38752at72274         -            212   8.1e-33  112.6   0.1   1   2   0.00017     0.015   13.7   0.1     4    27    41    64    39    91 0.87 # 26958 # 27815 # -1 # ID=31_26;partial=00;start_type=ATG;rbs_motif=GGAG/GAGG;rbs_spacer=5-10bp;gc_cont=0.620
NODE_31_length_78538_cov_36.659850_26   -            286 38752at72274         -            212   8.1e-33  112.6   0.1   2   2   5.6e-30   4.9e-28   97.0   0.0    43   208   112   281    99   284 0.83 # 26958 # 27815 # -1 # ID=31_26;partial=00;start_type=ATG;rbs_motif=GGAG/GAGG;rbs_spacer=5-10bp;gc_cont=0.620
NODE_50_length_54564_cov_36.982462_21   -            251 38752at72274         -            212   1.3e-32  111.9   7.1   1   2     3e-06   0.00027   19.4   0.5     4    33     9    38     7    67 0.74 # 24899 # 25651 # -1 # ID=50_21;partial=00;start_type=ATG;rbs_motif=GGA/GAG/AGG;rbs_spacer=5-10bp;gc_cont=0.616
NODE_50_length_54564_cov_36.982462_21   -            251 38752at72274         -            212   1.3e-32  111.9   7.1   2   2   3.4e-29     3e-27   94.4   3.3    40   209    73   248    34   250 0.86 # 24899 # 25651 # -1 # ID=50_21;partial=00;start_type=ATG;rbs_motif=GGA/GAG/AGG;rbs_spacer=5-10bp;gc_cont=0.616
NODE_14_length_119663_cov_36.815405_92  -            258 38752at72274         -            212     2e-32  111.4   2.8   1   2    0.0012      0.11   10.9   0.8     4    43     5    51     2    77 0.71 # 117691 # 118464 # -1 # ID=14_92;partial=00;start_type=ATG;rbs_motif=GGA/GAG/AGG;rbs_spacer=11-12bp;gc_cont=0.605
NODE_14_length_119663_cov_36.815405_92  -            258 38752at72274         -            212     2e-32  111.4   2.8   2   2   4.5e-31     4e-29  100.5   0.1    47   209    79   252    57   254 0.86 # 117691 # 118464 # -1 # ID=14_92;partial=00;start_type=ATG;rbs_motif=GGA/GAG/AGG;rbs_spacer=11-12bp;gc_cont=0.605
NODE_44_length_58866_cov_36.168540_27   -            244 38752at72274         -            212   5.3e-32  109.9   5.0   1   1   5.2e-31   4.6e-29  100.3   5.0     4   209     2   242     1   243 0.78 # 27035 # 27766 # 1 # ID=44_27;partial=00;start_type=ATG;rbs_motif=AGGA;rbs_spacer=5-10bp;gc_cont=0.642
NODE_15_length_115769_cov_35.940923_79  -            253 38752at72274         -            212   8.8e-32  109.2   3.8   1   2   5.5e-07   4.9e-05   21.8   1.6     4    60     2    62     1    70 0.81 # 73497 # 74255 # -1 # ID=15_79;partial=00;start_type=ATG;rbs_motif=GGAG/GAGG;rbs_spacer=5-10bp;gc_cont=0.636
NODE_15_length_115769_cov_35.940923_79  -            253 38752at72274         -            212   8.8e-32  109.2   3.8   2   2   4.4e-27   3.9e-25   87.5   0.0    54   211    86   252    72   252 0.89 # 73497 # 74255 # -1 # ID=15_79;partial=00;start_type=ATG;rbs_motif=GGAG/GAGG;rbs_spacer=5-10bp;gc_cont=0.636
NODE_60_length_46114_cov_39.280597_22   -            258 38752at72274         -            212   2.7e-29  101.1   1.1   1   1   7.5e-27   6.6e-25   86.7   1.1     3   176     4   202     2   256 0.75 # 25141 # 25914 # 1 # ID=60_22;partial=00;start_type=ATG;rbs_motif=GGAG/GAGG;rbs_spacer=5-10bp;gc_cont=0.645
NODE_54_length_52356_cov_36.253838_6    -            253 38752at72274         -            212   3.4e-29  100.8   4.5   1   2   1.5e-05    0.0013   17.1   3.4     1    62     1    65     1    74 0.88 # 6177 # 6935 # -1 # ID=54_6;partial=00;start_type=ATG;rbs_motif=GGAG/GAGG;rbs_spacer=5-10bp;gc_cont=0.622
NODE_54_length_52356_cov_36.253838_6    -            253 38752at72274         -            212   3.4e-29  100.8   4.5   2   2   1.5e-25   1.4e-23   82.5   0.0    54   208    81   249    67   252 0.85 # 6177 # 6935 # -1 # ID=54_6;partial=00;start_type=ATG;rbs_motif=GGAG/GAGG;rbs_spacer=5-10bp;gc_cont=0.622
NODE_65_length_36603_cov_34.057349_37   -            254 38752at72274         -            212   1.4e-28   98.8   1.3   1   2     0.021       1.9    6.9   0.8     5    26     9    30     5    69 0.78 # 34406 # 35167 # 1 # ID=65_37;partial=00;start_type=ATG;rbs_motif=GGAG/GAGG;rbs_spacer=5-10bp;gc_cont=0.642
NODE_65_length_36603_cov_34.057349_37   -            254 38752at72274         -            212   1.4e-28   98.8   1.3   2   2   6.1e-28   5.5e-26   90.3   0.0    46   208    75   247    55   250 0.86 # 34406 # 35167 # 1 # ID=65_37;partial=00;start_type=ATG;rbs_motif=GGAG/GAGG;rbs_spacer=5-10bp;gc_cont=0.642
NODE_9_length_140286_cov_37.185344_106  -            237 38752at72274         -            212     2e-28   98.3   4.2   1   1   2.1e-28   1.9e-26   91.8   4.2     1   208     1   231     1   234 0.75 # 118215 # 118925 # -1 # ID=9_106;partial=00;start_type=ATG;rbs_motif=GGAG/GAGG;rbs_spacer=5-10bp;gc_cont=0.608
NODE_7_length_160420_cov_35.917657_80   -            274 38752at72274         -            212   2.3e-27   94.8   0.1   1   1   2.4e-26   2.1e-24   85.1   0.1     3   208    20   266    18   271 0.75 # 80027 # 80848 # -1 # ID=7_80;partial=00;start_type=ATG;rbs_motif=GGA/GAG/AGG;rbs_spacer=5-10bp;gc_cont=0.629
NODE_55_length_50388_cov_37.836012_1    -            304 38752at72274         -            212   5.9e-27   93.5   1.7   1   2    0.0085      0.76    8.1   1.6     3    45     7    49     5    73 0.63 # 219 # 1130 # 1 # ID=55_1;partial=00;start_type=ATG;rbs_motif=GGAG/GAGG;rbs_spacer=5-10bp;gc_cont=0.630
NODE_55_length_50388_cov_37.836012_1    -            304 38752at72274         -            212   5.9e-27   93.5   1.7   2   2     7e-26   6.2e-24   83.6   0.0    37   208    78   242    65   244 0.85 # 219 # 1130 # 1 # ID=55_1;partial=00;start_type=ATG;rbs_motif=GGAG/GAGG;rbs_spacer=5-10bp;gc_cont=0.630
NODE_47_length_57495_cov_38.265634_19   -            247 38752at72274         -            212     1e-26   92.7   2.4   1   1   5.4e-27   4.8e-25   87.2   2.4     1   208     1   243     1   245 0.79 # 17231 # 17971 # -1 # ID=47_19;partial=00;start_type=ATG;rbs_motif=GGAG/GAGG;rbs_spacer=5-10bp;gc_cont=0.640
NODE_59_length_47108_cov_37.359042_20   -            256 38752at72274         -            212   1.2e-26   92.4   4.9   1   2   2.6e-07   2.3e-05   22.9   1.2     3    51     9    60     7    77 0.78 # 28828 # 29595 # 1 # ID=59_20;partial=00;start_type=ATG;rbs_motif=AGGA;rbs_spacer=5-10bp;gc_cont=0.621
NODE_59_length_47108_cov_37.359042_20   -            256 38752at72274         -            212   1.2e-26   92.4   4.9   2   2   3.8e-22   3.4e-20   71.4   0.4    49   209    82   253    60   255 0.85 # 28828 # 29595 # 1 # ID=59_20;partial=00;start_type=ATG;rbs_motif=AGGA;rbs_spacer=5-10bp;gc_cont=0.621
NODE_53_length_52376_cov_35.193498_39   -            252 38752at72274         -            212   2.5e-26   91.4   5.3   1   2       0.4        36    2.7   0.4     3    26    11    34     9    42 0.86 # 42869 # 43624 # 1 # ID=53_39;partial=00;start_type=ATG;rbs_motif=GGAG/GAGG;rbs_spacer=5-10bp;gc_cont=0.648
NODE_53_length_52376_cov_35.193498_39   -            252 38752at72274         -            212   2.5e-26   91.4   5.3   2   2   3.4e-28     3e-26   91.1   0.7    21   209    52   248    38   251 0.91 # 42869 # 43624 # 1 # ID=53_39;partial=00;start_type=ATG;rbs_motif=GGAG/GAGG;rbs_spacer=5-10bp;gc_cont=0.648
NODE_95_length_14429_cov_37.587519_14   -            248 38752at72274         -            212   3.5e-26   90.9   2.1   1   2     0.005      0.45    8.9   0.9     7    35     3    31     1    64 0.65 # 11204 # 11947 # -1 # ID=95_14;partial=00;start_type=ATG;rbs_motif=GGAG/GAGG;rbs_spacer=5-10bp;gc_cont=0.622
NODE_95_length_14429_cov_37.587519_14   -            248 38752at72274         -            212   3.5e-26   90.9   2.1   2   2   2.6e-25   2.3e-23   81.7   0.0    56   209    86   245    49   247 0.86 # 11204 # 11947 # -1 # ID=95_14;partial=00;start_type=ATG;rbs_motif=GGAG/GAGG;rbs_spacer=5-10bp;gc_cont=0.622
NODE_51_length_54539_cov_38.731224_49   -            254 38752at72274         -            212   7.6e-26   89.8   4.3   1   1   4.3e-25   3.8e-23   81.0   4.3    55   208    85   252     4   253 0.78 # 46771 # 47532 # 1 # ID=51_49;partial=00;start_type=ATG;rbs_motif=GGA/GAG/AGG;rbs_spacer=5-10bp;gc_cont=0.634
NODE_22_length_94792_cov_34.952996_21   -            263 38752at72274         -            212   9.4e-26   89.5   3.0   1   1   3.1e-26   2.7e-24   84.7   0.2    31   209    61   259    48   262 0.81 # 21025 # 21813 # -1 # ID=22_21;partial=00;start_type=ATG;rbs_motif=AGGAG;rbs_spacer=5-10bp;gc_cont=0.638
NODE_48_length_55226_cov_36.664353_11   -            254 38752at72274         -            212   8.8e-25   86.3   7.8   1   1   8.1e-24   7.2e-22   76.8   7.8     1   208     3   249     3   252 0.72 # 10308 # 11069 # 1 # ID=48_11;partial=00;start_type=ATG;rbs_motif=AGGA;rbs_spacer=5-10bp;gc_cont=0.627
NODE_8_length_148139_cov_37.122890_158  -            249 38752at72274         -            212   3.3e-24   84.5   1.6   1   1   6.6e-23   5.9e-21   73.8   1.6     6   208     3   247     1   248 0.70 # 144102 # 144848 # -1 # ID=8_158;partial=00;start_type=ATG;rbs_motif=AGGAG;rbs_spacer=5-10bp;gc_cont=0.637
NODE_104_length_10932_cov_35.580675_10  -            255 38752at72274         -            212   1.5e-23   82.4   0.9   1   1   6.8e-23     6e-21   73.8   0.9     4   209     8   246     5   249 0.72 # 9879 # 10643 # 1 # ID=104_10;partial=00;start_type=ATG;rbs_motif=GGA/GAG/AGG;rbs_spacer=5-10bp;gc_cont=0.652
NODE_14_length_119663_cov_36.815405_62  -            261 38752at72274         -            212   5.1e-23   80.6   2.3   1   1     7e-24   6.2e-22   77.0   2.3    55   208    95   258    15   260 0.86 # 79096 # 79878 # -1 # ID=14_62;partial=00;start_type=ATG;rbs_motif=GGAG/GAGG;rbs_spacer=5-10bp;gc_cont=0.636
NODE_87_length_17597_cov_34.999544_6    -            242 38752at72274         -            212   9.4e-23   79.7   1.0   1   1   2.3e-24     2e-22   78.6   1.0     7   209    11   238     6   240 0.83 # 6459 # 7184 # 1 # ID=87_6;partial=00;start_type=ATG;rbs_motif=GGA/GAG/AGG;rbs_spacer=5-10bp;gc_cont=0.668
NODE_46_length_58074_cov_36.579465_30   -            282 38752at72274         -            212   1.1e-22   79.5   3.0   1   1   1.1e-22   9.5e-21   73.2   3.0     5   166     8   192     4   219 0.78 # 40416 # 41261 # -1 # ID=46_30;partial=00;start_type=ATG;rbs_motif=GGA/GAG/AGG;rbs_spacer=5-10bp;gc_cont=0.613
NODE_6_length_179149_cov_37.409656_94   -            266 38752at72274         -            212   9.1e-22   76.5   7.5   1   2   1.6e-19   1.4e-17   62.8   3.3     3   175     5   202     3   219 0.76 # 98927 # 99724 # -1 # ID=6_94;partial=00;start_type=ATG;rbs_motif=AGGA;rbs_spacer=5-10bp;gc_cont=0.640
NODE_6_length_179149_cov_37.409656_94   -            266 38752at72274         -            212   9.1e-22   76.5   7.5   2   2    0.0026      0.23    9.8   0.1   175   209   224   259   215   262 0.90 # 98927 # 99724 # -1 # ID=6_94;partial=00;start_type=ATG;rbs_motif=AGGA;rbs_spacer=5-10bp;gc_cont=0.640
NODE_18_length_105270_cov_36.789146_65  -            258 38752at72274         -            212   2.3e-21   75.2  11.4   1   1   4.5e-19     4e-17   61.3  11.4     3   211     4   256     2   257 0.69 # 69849 # 70622 # -1 # ID=18_65;partial=00;start_type=ATG;rbs_motif=GGA/GAG/AGG;rbs_spacer=5-10bp;gc_cont=0.637
NODE_28_length_83551_cov_36.087908_43   -            254 38752at72274         -            212     8e-21   73.4   1.2   1   3   8.2e-05    0.0073   14.7   0.2     4    26     6    28     4    37 0.91 # 59438 # 60199 # -1 # ID=28_43;partial=00;start_type=ATG;rbs_motif=GGAG/GAGG;rbs_spacer=5-10bp;gc_cont=0.652
NODE_28_length_83551_cov_36.087908_43   -            254 38752at72274         -            212     8e-21   73.4   1.2   2   3   4.6e-10   4.1e-08   31.9   0.0    55   161    77   182    44   193 0.82 # 59438 # 60199 # -1 # ID=28_43;partial=00;start_type=ATG;rbs_motif=GGAG/GAGG;rbs_spacer=5-10bp;gc_cont=0.652
NODE_28_length_83551_cov_36.087908_43   -            254 38752at72274         -            212     8e-21   73.4   1.2   3   3   1.1e-07   9.5e-06   24.2   0.0   172   208   213   250   204   252 0.86 # 59438 # 60199 # -1 # ID=28_43;partial=00;start_type=ATG;rbs_motif=GGAG/GAGG;rbs_spacer=5-10bp;gc_cont=0.652
NODE_65_length_36603_cov_34.057349_36   -            267 38752at72274         -            212   8.5e-21   73.3   0.4   1   2      0.24        21    3.4   0.7     6    25     5    24     1    51 0.82 # 33613 # 34413 # 1 # ID=65_36;partial=00;start_type=ATG;rbs_motif=GGAG/GAGG;rbs_spacer=5-10bp;gc_cont=0.668
NODE_65_length_36603_cov_34.057349_36   -            267 38752at72274         -            212   8.5e-21   73.3   0.4   2   2     1e-19   8.9e-18   63.5   0.0    74   209    95   248    27   251 0.82 # 33613 # 34413 # 1 # ID=65_36;partial=00;start_type=ATG;rbs_motif=GGAG/GAGG;rbs_spacer=5-10bp;gc_cont=0.668
NODE_6_length_179149_cov_37.409656_126  -            267 38752at72274         -            212   3.4e-20   71.4   2.7   1   2   0.00022     0.019   13.3   0.4     4    67     6    74     3    82 0.65 # 126202 # 127002 # 1 # ID=6_126;partial=00;start_type=ATG;rbs_motif=GGAG/GAGG;rbs_spacer=5-10bp;gc_cont=0.640
NODE_6_length_179149_cov_37.409656_126  -            267 38752at72274         -            212   3.4e-20   71.4   2.7   2   2   2.7e-18   2.4e-16   58.8   0.4    53   182    82   208    44   231 0.86 # 126202 # 127002 # 1 # ID=6_126;partial=00;start_type=ATG;rbs_motif=GGAG/GAGG;rbs_spacer=5-10bp;gc_cont=0.640
NODE_51_length_54539_cov_38.731224_26   -            245 38752at72274         -            212   7.4e-20   70.3   7.0   1   2   3.2e-05    0.0028   16.1   2.4     3    51     4    55     2    71 0.67 # 26159 # 26893 # 1 # ID=51_26;partial=00;start_type=ATG;rbs_motif=AGGAG;rbs_spacer=5-10bp;gc_cont=0.604
NODE_51_length_54539_cov_38.731224_26   -            245 38752at72274         -            212   7.4e-20   70.3   7.0   2   2   1.3e-17   1.1e-15   56.6   0.2    55   171    83   197    67   223 0.91 # 26159 # 26893 # 1 # ID=51_26;partial=00;start_type=ATG;rbs_motif=AGGAG;rbs_spacer=5-10bp;gc_cont=0.604
NODE_26_length_88680_cov_35.325709_7    -            272 38752at72274         -            212   8.6e-20   70.0   0.1   1   2      0.25        23    3.3   0.0     8    28     5    25     1    50 0.78 # 6870 # 7685 # -1 # ID=26_7;partial=00;start_type=ATG;rbs_motif=GGA/GAG/AGG;rbs_spacer=5-10bp;gc_cont=0.623
NODE_26_length_88680_cov_35.325709_7    -            272 38752at72274         -            212   8.6e-20   70.0   0.1   2   2   3.7e-20   3.3e-18   64.9   0.0    56   168    80   191    70   224 0.90 # 6870 # 7685 # -1 # ID=26_7;partial=00;start_type=ATG;rbs_motif=GGA/GAG/AGG;rbs_spacer=5-10bp;gc_cont=0.623
NODE_7_length_160420_cov_35.917657_41   -            283 38752at72274         -            212     1e-18   66.5   0.0   1   2     0.015       1.4    7.3   0.0     4    59     6    61     3    70 0.84 # 42398 # 43246 # -1 # ID=7_41;partial=00;start_type=ATG;rbs_motif=AGGA;rbs_spacer=5-10bp;gc_cont=0.625
NODE_7_length_160420_cov_35.917657_41   -            283 38752at72274         -            212     1e-18   66.5   0.0   2   2   5.9e-18   5.2e-16   57.7   0.0    41   165    67   191    57   209 0.91 # 42398 # 43246 # -1 # ID=7_41;partial=00;start_type=ATG;rbs_motif=AGGA;rbs_spacer=5-10bp;gc_cont=0.625
NODE_15_length_115769_cov_35.940923_102 -            293 38752at72274         -            212   1.2e-18   66.3   4.0   1   2     0.001     0.093   11.1   0.1     1    29    29    57    29    94 0.79 # 95503 # 96381 # -1 # ID=15_102;partial=00;start_type=ATG;rbs_motif=AGGAG;rbs_spacer=5-10bp;gc_cont=0.609
NODE_15_length_115769_cov_35.940923_102 -            293 38752at72274         -            212   1.2e-18   66.3   4.0   2   2   1.6e-17   1.4e-15   56.3   0.9    53   177   108   234    95   258 0.86 # 95503 # 96381 # -1 # ID=15_102;partial=00;start_type=ATG;rbs_motif=AGGAG;rbs_spacer=5-10bp;gc_cont=0.609
NODE_112_length_9209_cov_37.308718_5    -            291 38752at72274         -            212   2.3e-18   65.4   0.6   1   2     0.075       6.7    5.0   0.1     4    28    13    37    11    62 0.85 # 4625 # 5497 # 1 # ID=112_5;partial=00;start_type=GTG;rbs_motif=AGGA;rbs_spacer=5-10bp;gc_cont=0.630
NODE_112_length_9209_cov_37.308718_5    -            291 38752at72274         -            212   2.3e-18   65.4   0.6   2   2   3.2e-18   2.8e-16   58.6   0.0    58   208    94   254    74   257 0.84 # 4625 # 5497 # 1 # ID=112_5;partial=00;start_type=GTG;rbs_motif=AGGA;rbs_spacer=5-10bp;gc_cont=0.630
NODE_31_length_78538_cov_36.659850_41   -            250 38752at72274         -            212   3.6e-18   64.8   3.4   1   1   8.2e-18   7.3e-16   57.2   3.4     4   209     5   246     2   248 0.70 # 42180 # 42929 # 1 # ID=31_41;partial=00;start_type=ATG;rbs_motif=GGA/GAG/AGG;rbs_spacer=5-10bp;gc_cont=0.563
NODE_15_length_115769_cov_35.940923_74  -            242 38752at72274         -            212   5.6e-18   64.1   2.6   1   2     0.019       1.7    7.0   0.1     5    26     3    24     1    27 0.83 # 69343 # 70068 # -1 # ID=15_74;partial=00;start_type=ATG;rbs_motif=AGGAG;rbs_spacer=5-10bp;gc_cont=0.640
NODE_15_length_115769_cov_35.940923_74  -            242 38752at72274         -            212   5.6e-18   64.1   2.6   2   2   6.9e-18   6.2e-16   57.4   0.3    57   199    76   218    56   223 0.94 # 69343 # 70068 # -1 # ID=15_74;partial=00;start_type=ATG;rbs_motif=AGGAG;rbs_spacer=5-10bp;gc_cont=0.640
NODE_28_length_83551_cov_36.087908_42   -            278 38752at72274         -            212   6.8e-18   63.8   0.2   1   1   5.9e-18   5.3e-16   57.7   0.2     5   164     4   187     1   196 0.78 # 58513 # 59346 # -1 # ID=28_42;partial=00;start_type=ATG;rbs_motif=GGA/GAG/AGG;rbs_spacer=5-10bp;gc_cont=0.595
NODE_47_length_57495_cov_38.265634_15   -            258 38752at72274         -            212     2e-17   62.3   0.4   1   2    0.0051      0.46    8.9   0.1     3    26     5    28     3    41 0.90 # 13390 # 14163 # -1 # ID=47_15;partial=00;start_type=ATG;rbs_motif=AGGA;rbs_spacer=5-10bp;gc_cont=0.632
NODE_47_length_57495_cov_38.265634_15   -            258 38752at72274         -            212     2e-17   62.3   0.4   2   2   9.9e-16   8.8e-14   50.4   0.0    57   209    84   249    66   251 0.84 # 13390 # 14163 # -1 # ID=47_15;partial=00;start_type=ATG;rbs_motif=AGGA;rbs_spacer=5-10bp;gc_cont=0.632
NODE_2_length_205536_cov_36.855734_43   -            282 38752at72274         -            212   3.6e-17   61.5   1.6   1   2     0.019       1.7    7.0   0.3     5    27    12    34     8    61 0.79 # 39251 # 40096 # -1 # ID=2_43;partial=00;start_type=ATG;rbs_motif=AGGAG;rbs_spacer=5-10bp;gc_cont=0.638
NODE_2_length_205536_cov_36.855734_43   -            282 38752at72274         -            212   3.6e-17   61.5   1.6   2   2   3.6e-16   3.2e-14   51.9   0.1    55   209    90   260    50   262 0.87 # 39251 # 40096 # -1 # ID=2_43;partial=00;start_type=ATG;rbs_motif=AGGAG;rbs_spacer=5-10bp;gc_cont=0.638
NODE_22_length_94792_cov_34.952996_36   -            274 38752at72274         -            212   1.8e-16   59.2   1.7   1   1   3.9e-16   3.5e-14   51.7   1.7     7   164     4   185     1   196 0.74 # 35039 # 35860 # 1 # ID=22_36;partial=00;start_type=ATG;rbs_motif=GGAG/GAGG;rbs_spacer=5-10bp;gc_cont=0.624
NODE_18_length_105270_cov_36.789146_56  -            300 38752at72274         -            212   2.2e-16   58.9   1.1   1   2   0.00022      0.02   13.3   0.7     3    47     4    48     2    68 0.84 # 62212 # 63111 # 1 # ID=18_56;partial=00;start_type=ATG;rbs_motif=GGAG/GAGG;rbs_spacer=5-10bp;gc_cont=0.646
NODE_18_length_105270_cov_36.789146_56  -            300 38752at72274         -            212   2.2e-16   58.9   1.1   2   2   2.4e-14   2.1e-12   45.9   0.0     9   187    35   220    32   241 0.77 # 62212 # 63111 # 1 # ID=18_56;partial=00;start_type=ATG;rbs_motif=GGAG/GAGG;rbs_spacer=5-10bp;gc_cont=0.646
NODE_31_length_78538_cov_36.659850_2    -            256 38752at72274         -            212     2e-15   55.8   6.2   1   1   3.2e-15   2.8e-13   48.7   6.2    20   211    44   252     1   253 0.63 # 1891 # 2658 # 1 # ID=31_2;partial=00;start_type=ATG;rbs_motif=AGGA;rbs_spacer=5-10bp;gc_cont=0.638
NODE_16_length_109736_cov_37.510809_89  -            263 38752at72274         -            212   7.6e-15   53.9   0.0   1   2    0.0016      0.14   10.5   0.1     6    27     3    24     1    55 0.85 # 100678 # 101466 # -1 # ID=16_89;partial=00;start_type=ATG;rbs_motif=GGAG/GAGG;rbs_spacer=5-10bp;gc_cont=0.641
NODE_16_length_109736_cov_37.510809_89  -            263 38752at72274         -            212   7.6e-15   53.9   0.0   2   2   5.3e-13   4.7e-11   41.5   0.0    55   200    80   230    73   233 0.87 # 100678 # 101466 # -1 # ID=16_89;partial=00;start_type=ATG;rbs_motif=GGAG/GAGG;rbs_spacer=5-10bp;gc_cont=0.641
NODE_11_length_135406_cov_37.346085_110 -            271 38752at72274         -            212   7.9e-15   53.8   0.7   1   1   1.1e-15   9.4e-14   50.3   0.7     8   167     4   179     2   187 0.80 # 112062 # 112874 # -1 # ID=11_110;partial=00;start_type=ATG;rbs_motif=AGGA;rbs_spacer=5-10bp;gc_cont=0.633
NODE_2_length_205536_cov_36.855734_155  -            277 38752at72274         -            212   1.4e-14   53.0   0.6   1   1   1.2e-15   1.1e-13   50.1   0.6    55   165    74   184     1   191 0.88 # 142268 # 143098 # -1 # ID=2_155;partial=00;start_type=ATG;rbs_motif=GGA/GAG/AGG;rbs_spacer=5-10bp;gc_cont=0.651
NODE_49_length_54711_cov_35.381879_46   -            235 38752at72274         -            212   1.5e-14   53.0   7.7   1   1   4.1e-16   3.7e-14   51.6   7.7     4   208     6   231     3   234 0.83 # 37351 # 38055 # 1 # ID=49_46;partial=00;start_type=ATG;rbs_motif=GGA/GAG/AGG;rbs_spacer=5-10bp;gc_cont=0.621
NODE_85_length_18550_cov_38.875588_17   -            244 38752at72274         -            212   1.7e-14   52.7   1.3   1   2   0.00071     0.063   11.7   0.3     1    45     1    45     1    60 0.81 # 15606 # 16337 # -1 # ID=85_17;partial=00;start_type=ATG;rbs_motif=AGGA;rbs_spacer=5-10bp;gc_cont=0.598
NODE_85_length_18550_cov_38.875588_17   -            244 38752at72274         -            212   1.7e-14   52.7   1.3   2   2   1.1e-12   9.9e-11   40.4   0.0    58   174    85   202    59   226 0.82 # 15606 # 16337 # -1 # ID=85_17;partial=00;start_type=ATG;rbs_motif=AGGA;rbs_spacer=5-10bp;gc_cont=0.598
NODE_51_length_54539_cov_38.731224_33   -            260 38752at72274         -            212   8.5e-14   50.4   0.0   1   3    0.0027      0.24    9.8   0.1     1    32     1    35     1    49 0.78 # 30406 # 31185 # 1 # ID=51_33;partial=00;start_type=ATG;rbs_motif=GGAG/GAGG;rbs_spacer=5-10bp;gc_cont=0.600
NODE_51_length_54539_cov_38.731224_33   -            260 38752at72274         -            212   8.5e-14   50.4   0.0   2   3   1.2e-11     1e-09   37.1   0.0    56   164    79   188    64   202 0.88 # 30406 # 31185 # 1 # ID=51_33;partial=00;start_type=ATG;rbs_motif=GGAG/GAGG;rbs_spacer=5-10bp;gc_cont=0.600
NODE_51_length_54539_cov_38.731224_33   -            260 38752at72274         -            212   8.5e-14   50.4   0.0   3   3       4.4   3.9e+02   -0.7   0.0   154   166   236   248   227   252 0.79 # 30406 # 31185 # 1 # ID=51_33;partial=00;start_type=ATG;rbs_motif=GGAG/GAGG;rbs_spacer=5-10bp;gc_cont=0.600
NODE_14_length_119663_cov_36.815405_13  -            249 38752at72274         -            212     8e-13   47.3   0.3   1   1   1.8e-14   1.6e-12   46.3   0.3    54   167    67   180     1   217 0.85 # 8546 # 9292 # -1 # ID=14_13;partial=00;start_type=ATG;rbs_motif=GGA/GAG/AGG;rbs_spacer=5-10bp;gc_cont=0.639
NODE_1_length_234130_cov_36.227372_131  -            247 38752at72274         -            212   2.1e-12   45.9   0.1   1   2   2.1e-05    0.0018   16.7   0.1     3    51    11    62     9    73 0.73 # 151479 # 152219 # -1 # ID=1_131;partial=00;start_type=ATG;rbs_motif=GGAG/GAGG;rbs_spacer=5-10bp;gc_cont=0.625
NODE_1_length_234130_cov_36.227372_131  -            247 38752at72274         -            212   2.1e-12   45.9   0.1   2   2   9.6e-09   8.5e-07   27.6   0.0    69   168   108   208    81   244 0.83 # 151479 # 152219 # -1 # ID=1_131;partial=00;start_type=ATG;rbs_motif=GGAG/GAGG;rbs_spacer=5-10bp;gc_cont=0.625
NODE_3_length_201605_cov_36.105884_131  -            256 38752at72274         -            212   2.6e-12   45.6   0.0   1   2     0.062       5.5    5.3   0.1     9    46     6    43     2    61 0.73 # 148247 # 149014 # -1 # ID=3_131;partial=00;start_type=ATG;rbs_motif=AGGAG;rbs_spacer=5-10bp;gc_cont=0.637
NODE_3_length_201605_cov_36.105884_131  -            256 38752at72274         -            212   2.6e-12   45.6   0.0   2   2     3e-12   2.7e-10   39.0   0.0    29   165    52   190    30   236 0.80 # 148247 # 149014 # -1 # ID=3_131;partial=00;start_type=ATG;rbs_motif=AGGAG;rbs_spacer=5-10bp;gc_cont=0.637
NODE_13_length_120342_cov_37.874908_4   -            282 38752at72274         -            212   5.1e-10   38.1   0.6   1   2   4.2e-06   0.00038   18.9   0.4     2    48     2    48     1    59 0.89 # 2727 # 3572 # -1 # ID=13_4;partial=00;start_type=ATG;rbs_motif=AGGAG;rbs_spacer=5-10bp;gc_cont=0.622
NODE_13_length_120342_cov_37.874908_4   -            282 38752at72274         -            212   5.1e-10   38.1   0.6   2   2   1.1e-05   0.00095   17.6   0.0    30   157    69   196    49   204 0.81 # 2727 # 3572 # -1 # ID=13_4;partial=00;start_type=ATG;rbs_motif=AGGAG;rbs_spacer=5-10bp;gc_cont=0.622
NODE_12_length_124139_cov_36.699728_90  -            261 38752at72274         -            212     8e-10   37.5   0.0   1   2     0.012       1.1    7.6   0.1     9    45    10    46     6    65 0.80 # 88634 # 89416 # -1 # ID=12_90;partial=00;start_type=ATG;rbs_motif=AGGAG;rbs_spacer=5-10bp;gc_cont=0.635
NODE_12_length_124139_cov_36.699728_90  -            261 38752at72274         -            212     8e-10   37.5   0.0   2   2   3.7e-09   3.3e-07   28.9   0.0    28   166    56   191    35   200 0.86 # 88634 # 89416 # -1 # ID=12_90;partial=00;start_type=ATG;rbs_motif=AGGAG;rbs_spacer=5-10bp;gc_cont=0.635
NODE_3_length_201605_cov_36.105884_9    -            229 38752at72274         -            212     1e-09   37.1   0.1   1   2     0.003      0.26    9.6   0.0     5    27     4    26     1    55 0.77 # 8363 # 9049 # 1 # ID=3_9;partial=00;start_type=ATG;rbs_motif=AGGA;rbs_spacer=5-10bp;gc_cont=0.620
NODE_3_length_201605_cov_36.105884_9    -            229 38752at72274         -            212     1e-09   37.1   0.1   2   2   3.6e-08   3.2e-06   25.7   0.0   102   177   122   200    99   212 0.80 # 8363 # 9049 # 1 # ID=3_9;partial=00;start_type=ATG;rbs_motif=AGGA;rbs_spacer=5-10bp;gc_cont=0.620
NODE_40_length_63809_cov_36.202701_57   -            247 38752at72274         -            212     2e-08   32.9   1.0   1   2    0.0029      0.26    9.7   1.0    11    67    15    71     3    78 0.86 # 50741 # 51481 # -1 # ID=40_57;partial=00;start_type=ATG;rbs_motif=GGAG/GAGG;rbs_spacer=5-10bp;gc_cont=0.663
NODE_40_length_63809_cov_36.202701_57   -            247 38752at72274         -            212     2e-08   32.9   1.0   2   2   7.7e-07   6.8e-05   21.4   0.0   113   179   143   208   119   228 0.75 # 50741 # 51481 # -1 # ID=40_57;partial=00;start_type=ATG;rbs_motif=GGAG/GAGG;rbs_spacer=5-10bp;gc_cont=0.663
NODE_12_length_124139_cov_36.699728_117 -            237 38752at72274         -            212     3e-08   32.3   0.0   1   1   7.7e-10   6.8e-08   31.2   0.0    84   210   105   234    95   236 0.74 # 115964 # 116674 # -1 # ID=12_117;partial=00;start_type=ATG;rbs_motif=GGA/GAG/AGG;rbs_spacer=5-10bp;gc_cont=0.624
NODE_5_length_184381_cov_37.893162_48   -            240 38752at72274         -            212   4.4e-06   25.2   0.1   1   1   6.6e-07   5.8e-05   21.6   0.1     9   202     4   230     1   233 0.67 # 51028 # 51747 # -1 # ID=5_48;partial=00;start_type=ATG;rbs_motif=AGGAG;rbs_spacer=5-10bp;gc_cont=0.625
NODE_202_length_226_cov_0.918129_1      -             75 38752at72274         -            212    0.0031   15.9   0.0   1   1   3.5e-05    0.0031   15.9   0.0   136   186     7    56     1    74 0.68 # 2 # 226 # -1 # ID=202_1;partial=11;start_type=Edge;rbs_motif=None;rbs_spacer=None;gc_cont=0.631
NODE_28_length_83551_cov_36.087908_12   -            320 38752at72274         -            212     0.014   13.8   0.1   1   2       1.4   1.3e+02    0.9   0.2     3    48    27    75    25    85 0.64 # 17820 # 18779 # 1 # ID=28_12;partial=00;start_type=ATG;rbs_motif=AGGAG;rbs_spacer=5-10bp;gc_cont=0.615
NODE_28_length_83551_cov_36.087908_12   -            320 38752at72274         -            212     0.014   13.8   0.1   2   2    0.0034      0.31    9.4   0.0   126   194   184   253    87   276 0.71 # 17820 # 18779 # 1 # ID=28_12;partial=00;start_type=ATG;rbs_motif=AGGAG;rbs_spacer=5-10bp;gc_cont=0.615
NODE_5_length_184381_cov_37.893162_53   -            322 38752at72274         -            212     0.034   12.5   0.1   1   2      0.04       3.6    5.9   0.2     3    27    27    51    25    62 0.87 # 54287 # 55252 # 1 # ID=5_53;partial=00;start_type=ATG;rbs_motif=GGAGG;rbs_spacer=5-10bp;gc_cont=0.618
NODE_5_length_184381_cov_37.893162_53   -            322 38752at72274         -            212     0.034   12.5   0.1   2   2      0.18        16    3.8   0.0    53   114   100   159    84   235 0.76 # 54287 # 55252 # 1 # ID=5_53;partial=00;start_type=ATG;rbs_motif=GGAGG;rbs_spacer=5-10bp;gc_cont=0.618
#
# Program:         hmmsearch
# Version:         3.1b2 (February 2015)
# Pipeline mode:   SEARCH
# Query file:      /data2/PEG/hoaxaca/REAA/Pseudomonas/bin/busco_downloads/lineages/pseudomonadales_odb10/hmms/38752at72274.hmm
# Target file:     /data2/PEG/hoaxaca/REAA/Pseudomonas/bin/../out/busco/trim_130clip.spades_def/prodigal_output/predicted_genes/predicted.faa
# Option settings: hmmsearch --domtblout /data2/PEG/hoaxaca/REAA/Pseudomonas/bin/../out/busco/trim_130clip.spades_def/run_pseudomonadales_odb10/hmmer_output/38752at72274.out --cpu 1 /data2/PEG/hoaxaca/REAA/Pseudomonas/bin/busco_downloads/lineages/pseudomonadales_odb10/hmms/38752at72274.hmm /data2/PEG/hoaxaca/REAA/Pseudomonas/bin/../out/busco/trim_130clip.spades_def/prodigal_output/predicted_genes/predicted.faa 
# Current dir:     /data2/PEG/hoaxaca/REAA/Pseudomonas/bin
# Date:            Mon Feb 20 00:26:26 2023
# [ok]
