#                                                                                             --- full sequence --- -------------- this domain -------------   hmm coord   ali coord   env coord
# target name                         accession   tlen query name           accession   qlen   E-value  score  bias   #  of  c-Evalue  i-Evalue  score  bias  from    to  from    to  from    to  acc description of target
#                 ------------------- ---------- ----- -------------------- ---------- ----- --------- ------ ----- --- --- --------- --------- ------ ----- ----- ----- ----- ----- ----- ----- ---- ---------------------
NODE_9_length_140286_cov_37.185344_12 -            740 3949at72274          -            614  5.9e-286  948.1   0.0   1   1  2.3e-287  2.9e-284  942.5   0.0     1   614     6   739     6   739 0.87 # 12201 # 14420 # 1 # ID=9_12;partial=00;start_type=GTG;rbs_motif=GGA/GAG/AGG;rbs_spacer=5-10bp;gc_cont=0.654
NODE_1_length_234130_cov_36.227372_80 -           1150 3949at72274          -            614   2.5e-16   57.5   0.0   1   1   3.4e-19   4.4e-16   56.7   0.0   152   298   626   777   597   817 0.82 # 97077 # 100526 # -1 # ID=1_80;partial=00;start_type=GTG;rbs_motif=AGGA/GGAG/GAGG;rbs_spacer=11-12bp;gc_cont=0.634
NODE_20_length_101354_cov_35.986416_8 -            692 3949at72274          -            614   5.6e-09   33.2   0.3   1   2   9.2e-12   1.2e-08   32.2   0.1   153   267   293   411   279   417 0.86 # 4911 # 6986 # 1 # ID=20_8;partial=00;start_type=ATG;rbs_motif=GGA/GAG/AGG;rbs_spacer=11-12bp;gc_cont=0.650
NODE_20_length_101354_cov_35.986416_8 -            692 3949at72274          -            614   5.6e-09   33.2   0.3   2   2       0.4   5.2e+02   -3.0   0.0   431   463   535   567   515   594 0.56 # 4911 # 6986 # 1 # ID=20_8;partial=00;start_type=ATG;rbs_motif=GGA/GAG/AGG;rbs_spacer=11-12bp;gc_cont=0.650
NODE_81_length_21422_cov_36.915196_4  -            672 3949at72274          -            614   7.7e-08   29.5   0.1   1   2   6.1e-05     0.078    9.6   0.0   153   203    35    82     6    95 0.82 # 4633 # 6648 # -1 # ID=81_4;partial=00;start_type=ATG;rbs_motif=GGAG/GAGG;rbs_spacer=5-10bp;gc_cont=0.611
NODE_81_length_21422_cov_36.915196_4  -            672 3949at72274          -            614   7.7e-08   29.5   0.1   2   2     3e-07   0.00039   17.2   0.1   416   493   477   543   446   558 0.68 # 4633 # 6648 # -1 # ID=81_4;partial=00;start_type=ATG;rbs_motif=GGAG/GAGG;rbs_spacer=5-10bp;gc_cont=0.611
NODE_72_length_29256_cov_32.680148_1  -           1281 3949at72274          -            614      0.04   10.6   0.1   1   2     0.038        48    0.4   0.0   137   177    67   108    62   119 0.84 # 1 # 3843 # -1 # ID=72_1;partial=10;start_type=ATG;rbs_motif=GGA/GAG/AGG;rbs_spacer=5-10bp;gc_cont=0.654
NODE_72_length_29256_cov_32.680148_1  -           1281 3949at72274          -            614      0.04   10.6   0.1   2   2   0.00029      0.37    7.4   0.1   170   237   306   374   292   379 0.89 # 1 # 3843 # -1 # ID=72_1;partial=10;start_type=ATG;rbs_motif=GGA/GAG/AGG;rbs_spacer=5-10bp;gc_cont=0.654
#
# Program:         hmmsearch
# Version:         3.1b2 (February 2015)
# Pipeline mode:   SEARCH
# Query file:      /data2/PEG/hoaxaca/REAA/Pseudomonas/bin/busco_downloads/lineages/pseudomonadales_odb10/hmms/3949at72274.hmm
# Target file:     /data2/PEG/hoaxaca/REAA/Pseudomonas/bin/../out/busco/trim_130clip.spades_def/prodigal_output/predicted_genes/predicted.faa
# Option settings: hmmsearch --domtblout /data2/PEG/hoaxaca/REAA/Pseudomonas/bin/../out/busco/trim_130clip.spades_def/run_pseudomonadales_odb10/hmmer_output/3949at72274.out --cpu 1 /data2/PEG/hoaxaca/REAA/Pseudomonas/bin/busco_downloads/lineages/pseudomonadales_odb10/hmms/3949at72274.hmm /data2/PEG/hoaxaca/REAA/Pseudomonas/bin/../out/busco/trim_130clip.spades_def/prodigal_output/predicted_genes/predicted.faa 
# Current dir:     /data2/PEG/hoaxaca/REAA/Pseudomonas/bin
# Date:            Mon Feb 20 00:26:27 2023
# [ok]
