#                                                                                               --- full sequence --- -------------- this domain -------------   hmm coord   ali coord   env coord
# target name                           accession   tlen query name           accession   qlen   E-value  score  bias   #  of  c-Evalue  i-Evalue  score  bias  from    to  from    to  from    to  acc description of target
#                   ------------------- ---------- ----- -------------------- ---------- ----- --------- ------ ----- --- --- --------- --------- ------ ----- ----- ----- ----- ----- ----- ----- ---- ---------------------
NODE_32_length_72191_cov_37.283631_66   -            249 41129at72274         -            201   1.5e-76  254.9   0.3   1   1   3.3e-78   3.9e-76  253.6   0.3     1   201     1   248     1   248 0.87 # 64059 # 64805 # 1 # ID=32_66;partial=00;start_type=ATG;rbs_motif=AGGA/GGAG/GAGG;rbs_spacer=11-12bp;gc_cont=0.612
NODE_30_length_78626_cov_35.854641_33   -            122 41129at72274         -            201   1.4e-07   29.8   0.0   1   1   2.8e-09   3.3e-07   28.6   0.0     2    93     3   116     2   120 0.63 # 30632 # 30997 # -1 # ID=30_33;partial=00;start_type=ATG;rbs_motif=GGA/GAG/AGG;rbs_spacer=5-10bp;gc_cont=0.593
NODE_62_length_38743_cov_40.098144_28   -            211 41129at72274         -            201   3.5e-07   28.5   0.4   1   1   6.3e-09   7.5e-07   27.5   0.4     2    93     3   117     1   124 0.66 # 28122 # 28754 # 1 # ID=62_28;partial=00;start_type=ATG;rbs_motif=GGA/GAG/AGG;rbs_spacer=5-10bp;gc_cont=0.572
NODE_40_length_63809_cov_36.202701_24   -            224 41129at72274         -            201   4.5e-07   28.2   0.0   1   1     6e-09   7.1e-07   27.5   0.0     1    98     1   117     1   150 0.74 # 24566 # 25237 # -1 # ID=40_24;partial=00;start_type=ATG;rbs_motif=GGA/GAG/AGG;rbs_spacer=5-10bp;gc_cont=0.631
NODE_16_length_109736_cov_37.510809_71  -            210 41129at72274         -            201     6e-07   27.8   0.1   1   1   1.1e-08   1.2e-06   26.7   0.1     2    89     3   115     2   123 0.62 # 82739 # 83368 # 1 # ID=16_71;partial=00;start_type=GTG;rbs_motif=GGAG/GAGG;rbs_spacer=5-10bp;gc_cont=0.622
NODE_89_length_17124_cov_37.847091_8    -            233 41129at72274         -            201   1.2e-06   26.8   0.0   1   1   1.6e-08   1.9e-06   26.1   0.0     3    97    13   129    11   149 0.72 # 8694 # 9392 # 1 # ID=89_8;partial=00;start_type=ATG;rbs_motif=AGGAG;rbs_spacer=5-10bp;gc_cont=0.641
NODE_97_length_13726_cov_35.443932_6    -            423 41129at72274         -            201   1.9e-06   26.1   0.1   1   1   2.9e-08   3.4e-06   25.3   0.1     3    55     8    69     6   126 0.86 # 4262 # 5530 # -1 # ID=97_6;partial=00;start_type=ATG;rbs_motif=GGA/GAG/AGG;rbs_spacer=5-10bp;gc_cont=0.600
NODE_1_length_234130_cov_36.227372_175  -            232 41129at72274         -            201   2.6e-06   25.7   0.0   1   1   3.3e-08   3.9e-06   25.1   0.0     2    97     6   120     5   133 0.74 # 203779 # 204474 # 1 # ID=1_175;partial=00;start_type=ATG;rbs_motif=3Base/5BMM;rbs_spacer=13-15bp;gc_cont=0.618
NODE_89_length_17124_cov_37.847091_7    -           1129 41129at72274         -            201   2.6e-06   25.7   0.0   1   1   4.3e-08   5.2e-06   24.7   0.0     2   108   922  1049   921  1054 0.74 # 5333 # 8719 # 1 # ID=89_7;partial=00;start_type=GTG;rbs_motif=GGAG/GAGG;rbs_spacer=5-10bp;gc_cont=0.634
NODE_88_length_17213_cov_36.305863_17   -            167 41129at72274         -            201   9.5e-06   23.9   0.1   1   1   1.1e-07   1.4e-05   23.3   0.1     2    98     4   121     3   137 0.59 # 16711 # 17211 # 1 # ID=88_17;partial=01;start_type=ATG;rbs_motif=GGAG/GAGG;rbs_spacer=5-10bp;gc_cont=0.627
NODE_14_length_119663_cov_36.815405_86  -            209 41129at72274         -            201   9.9e-06   23.8   0.1   1   1   1.5e-07   1.8e-05   22.9   0.1     4    54     5    65     2   120 0.66 # 110962 # 111588 # -1 # ID=14_86;partial=00;start_type=ATG;rbs_motif=AGGAGG;rbs_spacer=3-4bp;gc_cont=0.558
NODE_26_length_88680_cov_35.325709_74   -            209 41129at72274         -            201   1.7e-05   23.0   0.0   1   1   2.3e-07   2.7e-05   22.4   0.0     3    53     4    64     1   118 0.64 # 71817 # 72443 # 1 # ID=26_74;partial=00;start_type=ATG;rbs_motif=GGA/GAG/AGG;rbs_spacer=5-10bp;gc_cont=0.477
NODE_64_length_37962_cov_35.904846_8    -            195 41129at72274         -            201   1.8e-05   23.0   0.0   1   1   2.4e-07   2.8e-05   22.3   0.0    20    93    11    97     6   120 0.68 # 10901 # 11485 # -1 # ID=64_8;partial=00;start_type=ATG;rbs_motif=GGA/GAG/AGG;rbs_spacer=5-10bp;gc_cont=0.578
NODE_3_length_201605_cov_36.105884_68   -            925 41129at72274         -            201   2.7e-05   22.4   0.2   1   2    0.0067       0.8    7.8   0.0     3    54   644   709   642   712 0.60 # 69094 # 71868 # 1 # ID=3_68;partial=00;start_type=GTG;rbs_motif=GGA/GAG/AGG;rbs_spacer=5-10bp;gc_cont=0.624
NODE_3_length_201605_cov_36.105884_68   -            925 41129at72274         -            201   2.7e-05   22.4   0.2   2   2   0.00049     0.059   11.5   0.0     2    54   793   854   792   909 0.81 # 69094 # 71868 # 1 # ID=3_68;partial=00;start_type=GTG;rbs_motif=GGA/GAG/AGG;rbs_spacer=5-10bp;gc_cont=0.624
NODE_9_length_140286_cov_37.185344_72   -            479 41129at72274         -            201   2.9e-05   22.3   0.0   1   1   5.5e-07   6.5e-05   21.1   0.0     3   103     7   127     5   143 0.63 # 83555 # 84991 # 1 # ID=9_72;partial=00;start_type=ATG;rbs_motif=AGGAG;rbs_spacer=5-10bp;gc_cont=0.634
NODE_69_length_31151_cov_36.732088_6    -            337 41129at72274         -            201   3.7e-05   21.9   0.7   1   2   1.1e-06   0.00014   20.1   0.7     1    55     1    66     1   106 0.67 # 6552 # 7562 # 1 # ID=69_6;partial=00;start_type=ATG;rbs_motif=GGAGG;rbs_spacer=5-10bp;gc_cont=0.642
NODE_69_length_31151_cov_36.732088_6    -            337 41129at72274         -            201   3.7e-05   21.9   0.7   2   2       4.7   5.6e+02   -1.5   0.0    55    85   178   209   169   212 0.70 # 6552 # 7562 # 1 # ID=69_6;partial=00;start_type=ATG;rbs_motif=GGAGG;rbs_spacer=5-10bp;gc_cont=0.642
NODE_39_length_65238_cov_38.202860_8    -            233 41129at72274         -            201   8.6e-05   20.7   0.0   1   1   1.3e-06   0.00016   19.9   0.0    15    96    26   117     7   127 0.74 # 6965 # 7663 # 1 # ID=39_8;partial=00;start_type=ATG;rbs_motif=None;rbs_spacer=None;gc_cont=0.619
NODE_3_length_201605_cov_36.105884_40   -            263 41129at72274         -            201   0.00013   20.1   0.1   1   1     5e-06    0.0006   18.0   0.1     2    96     9   127     8   139 0.71 # 38414 # 39202 # -1 # ID=3_40;partial=00;start_type=GTG;rbs_motif=GGAG/GAGG;rbs_spacer=5-10bp;gc_cont=0.574
NODE_11_length_135406_cov_37.346085_100 -            226 41129at72274         -            201    0.0002   19.6   0.0   1   1   2.7e-06   0.00032   18.9   0.0     1    97     1   116     1   127 0.70 # 101406 # 102083 # 1 # ID=11_100;partial=00;start_type=ATG;rbs_motif=GGA/GAG/AGG;rbs_spacer=11-12bp;gc_cont=0.631
NODE_31_length_78538_cov_36.659850_67   -            121 41129at72274         -            201   0.00027   19.1   0.1   1   1   4.4e-06   0.00052   18.2   0.1     2    88     3   109     2   119 0.61 # 71773 # 72135 # 1 # ID=31_67;partial=00;start_type=ATG;rbs_motif=3Base/5BMM;rbs_spacer=13-15bp;gc_cont=0.479
NODE_12_length_124139_cov_36.699728_20  -            225 41129at72274         -            201   0.00029   19.0   0.0   1   1   4.1e-06   0.00049   18.3   0.0     1    98     1   117     1   123 0.72 # 21425 # 22099 # -1 # ID=12_20;partial=00;start_type=ATG;rbs_motif=GGA/GAG/AGG;rbs_spacer=5-10bp;gc_cont=0.597
NODE_72_length_29256_cov_32.680148_5    -            121 41129at72274         -            201   0.00032   18.9   0.2   1   1   5.2e-06   0.00062   17.9   0.2     3    95     4   116     2   119 0.66 # 7718 # 8080 # 1 # ID=72_5;partial=00;start_type=ATG;rbs_motif=None;rbs_spacer=None;gc_cont=0.556
NODE_66_length_35873_cov_35.571612_20   -            234 41129at72274         -            201   0.00034   18.8   0.0   1   1   5.3e-06   0.00063   17.9   0.0    23    95    33   116     2   128 0.64 # 24947 # 25648 # 1 # ID=66_20;partial=00;start_type=ATG;rbs_motif=GGA/GAG/AGG;rbs_spacer=5-10bp;gc_cont=0.645
NODE_33_length_70545_cov_36.883601_41   -            222 41129at72274         -            201   0.00036   18.7   0.4   1   1   7.3e-06   0.00087   17.5   0.1     2    82     3   106     2   126 0.62 # 65479 # 66144 # -1 # ID=33_41;partial=00;start_type=ATG;rbs_motif=GGA/GAG/AGG;rbs_spacer=5-10bp;gc_cont=0.598
NODE_6_length_179149_cov_37.409656_18   -            221 41129at72274         -            201   0.00044   18.4   0.0   1   1   7.3e-06   0.00087   17.5   0.0     3    53    16    76    14    83 0.82 # 22212 # 22874 # -1 # ID=6_18;partial=00;start_type=ATG;rbs_motif=GGA/GAG/AGG;rbs_spacer=5-10bp;gc_cont=0.570
NODE_97_length_13726_cov_35.443932_7    -            128 41129at72274         -            201   0.00057   18.1   0.2   1   1     7e-06   0.00083   17.5   0.2     2    53     3    63     2   123 0.74 # 5540 # 5923 # -1 # ID=97_7;partial=00;start_type=ATG;rbs_motif=GGAGG;rbs_spacer=3-4bp;gc_cont=0.612
NODE_30_length_78626_cov_35.854641_30   -           1947 41129at72274         -            201    0.0006   18.0   0.2   1   1   1.2e-05    0.0014   16.8   0.2     3    54  1827  1887  1825  1928 0.79 # 22021 # 27861 # -1 # ID=30_30;partial=00;start_type=ATG;rbs_motif=GGAG/GAGG;rbs_spacer=5-10bp;gc_cont=0.638
NODE_31_length_78538_cov_36.659850_71   -            242 41129at72274         -            201   0.00065   17.9   0.0   1   1     9e-06    0.0011   17.2   0.0     1    96    21   136    21   166 0.72 # 74746 # 75471 # -1 # ID=31_71;partial=00;start_type=ATG;rbs_motif=GGA/GAG/AGG;rbs_spacer=5-10bp;gc_cont=0.636
NODE_43_length_59975_cov_35.864236_16   -            122 41129at72274         -            201   0.00078   17.6   0.0   1   1   9.2e-06    0.0011   17.1   0.0     1    95     1   114     1   119 0.64 # 18435 # 18800 # -1 # ID=43_16;partial=00;start_type=ATG;rbs_motif=GGAG/GAGG;rbs_spacer=5-10bp;gc_cont=0.607
NODE_40_length_63809_cov_36.202701_12   -            222 41129at72274         -            201    0.0009   17.4   0.0   1   1   1.5e-05    0.0017   16.5   0.0     1    94     1   114     1   122 0.70 # 13487 # 14152 # -1 # ID=40_12;partial=00;start_type=ATG;rbs_motif=AGGAG;rbs_spacer=5-10bp;gc_cont=0.643
NODE_20_length_101354_cov_35.986416_45  -            300 41129at72274         -            201   0.00099   17.3   0.0   1   1   1.9e-05    0.0023   16.1   0.0     3    95     6   122     4   139 0.66 # 52285 # 53184 # -1 # ID=20_45;partial=00;start_type=ATG;rbs_motif=AGGA;rbs_spacer=5-10bp;gc_cont=0.611
NODE_7_length_160420_cov_35.917657_10   -            461 41129at72274         -            201    0.0013   16.9   0.1   1   1   2.3e-05    0.0028   15.8   0.1     2    92     4   114     3   124 0.72 # 8435 # 9817 # -1 # ID=7_10;partial=00;start_type=ATG;rbs_motif=GGAG/GAGG;rbs_spacer=5-10bp;gc_cont=0.652
NODE_69_length_31151_cov_36.732088_7    -            334 41129at72274         -            201    0.0018   16.4   0.2   1   1   2.7e-05    0.0032   15.6   0.2     3   104    18   142    16   159 0.60 # 7614 # 8615 # 1 # ID=69_7;partial=00;start_type=ATG;rbs_motif=GGA/GAG/AGG;rbs_spacer=5-10bp;gc_cont=0.619
NODE_1_length_234130_cov_36.227372_97   -            394 41129at72274         -            201    0.0018   16.4   0.1   1   1   2.7e-05    0.0032   15.6   0.1     3    94     8   119     6   143 0.66 # 117067 # 118248 # 1 # ID=1_97;partial=00;start_type=ATG;rbs_motif=None;rbs_spacer=None;gc_cont=0.596
NODE_30_length_78626_cov_35.854641_34   -            136 41129at72274         -            201    0.0019   16.3   0.0   1   1     2e-05    0.0024   16.0   0.0     2    54     9    70     8   125 0.67 # 31045 # 31452 # -1 # ID=30_34;partial=00;start_type=ATG;rbs_motif=GGA/GAG/AGG;rbs_spacer=5-10bp;gc_cont=0.527
NODE_115_length_8465_cov_38.448633_1    -            466 41129at72274         -            201     0.002   16.3   0.1   1   1     3e-05    0.0035   15.5   0.1     2    88     4   110     3   133 0.71 # 114 # 1511 # -1 # ID=115_1;partial=00;start_type=ATG;rbs_motif=GGAG/GAGG;rbs_spacer=5-10bp;gc_cont=0.627
NODE_99_length_12649_cov_37.565269_5    -            220 41129at72274         -            201     0.002   16.3   0.2   1   1   5.1e-05    0.0061   14.7   0.2     2    84     4   108     3   167 0.64 # 4943 # 5602 # -1 # ID=99_5;partial=00;start_type=GTG;rbs_motif=GGA/GAG/AGG;rbs_spacer=5-10bp;gc_cont=0.615
NODE_1_length_234130_cov_36.227372_1    -            192 41129at72274         -            201    0.0021   16.2   0.5   1   1   3.4e-05     0.004   15.3   0.5     3   117     4   140     2   149 0.57 # 103 # 678 # -1 # ID=1_1;partial=00;start_type=ATG;rbs_motif=AGGAG;rbs_spacer=5-10bp;gc_cont=0.592
NODE_92_length_15524_cov_33.668369_2    -            247 41129at72274         -            201    0.0024   16.0   0.1   1   1   4.4e-05    0.0052   14.9   0.1     3    95     7   120     5   127 0.62 # 1409 # 2149 # -1 # ID=92_2;partial=00;start_type=ATG;rbs_motif=GGAG/GAGG;rbs_spacer=5-10bp;gc_cont=0.637
NODE_3_length_201605_cov_36.105884_57   -            557 41129at72274         -            201    0.0032   15.6   0.1   1   1   6.6e-05    0.0078   14.3   0.1     2    94   250   364   249   385 0.59 # 55622 # 57292 # 1 # ID=3_57;partial=00;start_type=ATG;rbs_motif=AGxAG;rbs_spacer=5-10bp;gc_cont=0.626
NODE_9_length_140286_cov_37.185344_120  -            462 41129at72274         -            201    0.0033   15.6   0.1   1   2   9.4e-05     0.011   13.8   0.0     2    94     8   120     7   143 0.61 # 130466 # 131851 # 1 # ID=9_120;partial=00;start_type=ATG;rbs_motif=GGAG/GAGG;rbs_spacer=5-10bp;gc_cont=0.640
NODE_9_length_140286_cov_37.185344_120  -            462 41129at72274         -            201    0.0033   15.6   0.1   2   2       7.6     9e+02   -2.2   0.0    97   128   257   288   245   295 0.68 # 130466 # 131851 # 1 # ID=9_120;partial=00;start_type=ATG;rbs_motif=GGAG/GAGG;rbs_spacer=5-10bp;gc_cont=0.640
NODE_38_length_67201_cov_36.012689_49   -            399 41129at72274         -            201    0.0033   15.6   0.1   1   1   5.9e-05     0.007   14.5   0.1     2    54     5    67     4   125 0.70 # 43055 # 44251 # 1 # ID=38_49;partial=00;start_type=ATG;rbs_motif=GGA/GAG/AGG;rbs_spacer=5-10bp;gc_cont=0.601
NODE_7_length_160420_cov_35.917657_142  -            226 41129at72274         -            201    0.0056   14.8   0.0   1   1   8.8e-05      0.01   13.9   0.0     1    92     1   112     1   129 0.61 # 137932 # 138609 # -1 # ID=7_142;partial=00;start_type=ATG;rbs_motif=GGAG/GAGG;rbs_spacer=5-10bp;gc_cont=0.633
NODE_61_length_41705_cov_34.737431_31   -            236 41129at72274         -            201    0.0062   14.7   0.0   1   1   8.2e-05    0.0097   14.0   0.0    30    99    45   124     8   130 0.73 # 37410 # 38117 # -1 # ID=61_31;partial=00;start_type=ATG;rbs_motif=GGA/GAG/AGG;rbs_spacer=5-10bp;gc_cont=0.623
NODE_7_length_160420_cov_35.917657_2    -            573 41129at72274         -            201    0.0066   14.6   0.2   1   1   0.00011     0.013   13.6   0.2    24   105    40   140    11   151 0.54 # 485 # 2203 # -1 # ID=7_2;partial=00;start_type=TTG;rbs_motif=None;rbs_spacer=None;gc_cont=0.635
NODE_7_length_160420_cov_35.917657_146  -            242 41129at72274         -            201    0.0075   14.4   0.0   1   1   8.9e-05     0.011   13.9   0.0     2    93     7   117     6   127 0.55 # 141542 # 142267 # -1 # ID=7_146;partial=00;start_type=GTG;rbs_motif=GGAG/GAGG;rbs_spacer=5-10bp;gc_cont=0.645
NODE_23_length_94293_cov_37.233197_59   -            704 41129at72274         -            201    0.0098   14.0   0.0   1   1   0.00016     0.019   13.1   0.0    26    83    44   118    14   149 0.61 # 65885 # 67996 # -1 # ID=23_59;partial=00;start_type=ATG;rbs_motif=GGA/GAG/AGG;rbs_spacer=5-10bp;gc_cont=0.629
NODE_38_length_67201_cov_36.012689_50   -           1063 41129at72274         -            201      0.01   13.9   0.0   1   2       3.2   3.7e+02   -0.9   0.0    76   121   594   640   581   644 0.76 # 44333 # 47521 # 1 # ID=38_50;partial=00;start_type=ATG;rbs_motif=GGA/GAG/AGG;rbs_spacer=5-10bp;gc_cont=0.627
NODE_38_length_67201_cov_36.012689_50   -           1063 41129at72274         -            201      0.01   13.9   0.0   2   2   0.00046     0.054   11.6   0.0     2    55   843   905   842   960 0.75 # 44333 # 47521 # 1 # ID=38_50;partial=00;start_type=ATG;rbs_motif=GGA/GAG/AGG;rbs_spacer=5-10bp;gc_cont=0.627
NODE_20_length_101354_cov_35.986416_41  -            230 41129at72274         -            201     0.011   13.9   0.1   1   1   0.00018     0.021   12.9   0.1     2    55     5    67     4   124 0.62 # 48041 # 48730 # 1 # ID=20_41;partial=00;start_type=ATG;rbs_motif=GGAG/GAGG;rbs_spacer=5-10bp;gc_cont=0.626
NODE_25_length_92834_cov_37.159357_63   -            444 41129at72274         -            201     0.011   13.9   0.0   1   1   0.00018     0.022   12.9   0.0     3    94     5   116     3   147 0.65 # 71236 # 72567 # 1 # ID=25_63;partial=00;start_type=ATG;rbs_motif=AGGA/GGAG/GAGG;rbs_spacer=11-12bp;gc_cont=0.642
NODE_4_length_186787_cov_37.321139_66   -            241 41129at72274         -            201     0.011   13.8   0.0   1   1    0.0011      0.13   10.3   0.0     1    89     1   116     1   136 0.64 # 73224 # 73946 # -1 # ID=4_66;partial=00;start_type=ATG;rbs_motif=AGGA;rbs_spacer=5-10bp;gc_cont=0.591
NODE_7_length_160420_cov_35.917657_126  -            918 41129at72274         -            201     0.011   13.8   0.0   1   1   0.00027     0.032   12.3   0.0     2    53   668   728   667   750 0.71 # 122252 # 125005 # 1 # ID=7_126;partial=00;start_type=GTG;rbs_motif=AGGAG;rbs_spacer=5-10bp;gc_cont=0.634
NODE_10_length_139104_cov_45.561191_89  -            479 41129at72274         -            201     0.014   13.5   0.1   1   1   0.00036     0.043   11.9   0.0     2    99     3   116     2   126 0.70 # 114937 # 116373 # -1 # ID=10_89;partial=00;start_type=ATG;rbs_motif=GGA/GAG/AGG;rbs_spacer=5-10bp;gc_cont=0.608
NODE_7_length_160420_cov_35.917657_125  -            243 41129at72274         -            201     0.022   12.9   0.0   1   1   0.00028     0.033   12.3   0.0    25    53    39    70    10   130 0.70 # 121318 # 122046 # -1 # ID=7_125;partial=00;start_type=ATG;rbs_motif=None;rbs_spacer=None;gc_cont=0.627
#
# Program:         hmmsearch
# Version:         3.1b2 (February 2015)
# Pipeline mode:   SEARCH
# Query file:      /data2/PEG/hoaxaca/REAA/Pseudomonas/bin/busco_downloads/lineages/pseudomonadales_odb10/hmms/41129at72274.hmm
# Target file:     /data2/PEG/hoaxaca/REAA/Pseudomonas/bin/../out/busco/trim_130clip.spades_def/prodigal_output/predicted_genes/predicted.faa
# Option settings: hmmsearch --domtblout /data2/PEG/hoaxaca/REAA/Pseudomonas/bin/../out/busco/trim_130clip.spades_def/run_pseudomonadales_odb10/hmmer_output/41129at72274.out --cpu 1 /data2/PEG/hoaxaca/REAA/Pseudomonas/bin/busco_downloads/lineages/pseudomonadales_odb10/hmms/41129at72274.hmm /data2/PEG/hoaxaca/REAA/Pseudomonas/bin/../out/busco/trim_130clip.spades_def/prodigal_output/predicted_genes/predicted.faa 
# Current dir:     /data2/PEG/hoaxaca/REAA/Pseudomonas/bin
# Date:            Mon Feb 20 00:26:29 2023
# [ok]
