#                                                                                              --- full sequence --- -------------- this domain -------------   hmm coord   ali coord   env coord
# target name                          accession   tlen query name           accession   qlen   E-value  score  bias   #  of  c-Evalue  i-Evalue  score  bias  from    to  from    to  from    to  acc description of target
#                  ------------------- ---------- ----- -------------------- ---------- ----- --------- ------ ----- --- --- --------- --------- ------ ----- ----- ----- ----- ----- ----- ----- ---- ---------------------
NODE_10_length_139104_cov_45.561191_62 -           1074 436at72274           -            911         0 1806.9   9.2   1   1         0         0 1803.3   9.2     1   906     1  1050     1  1067 0.93 # 80532 # 83753 # 1 # ID=10_62;partial=00;start_type=ATG;rbs_motif=GGA/GAG/AGG;rbs_spacer=5-10bp;gc_cont=0.590
NODE_99_length_12649_cov_37.565269_12  -            645 436at72274           -            911   5.5e-08   29.4   0.0   1   2   4.6e-08   5.9e-05   19.4   0.0   576   670    93   206    62   227 0.67 # 10606 # 12540 # -1 # ID=99_12;partial=00;start_type=ATG;rbs_motif=AGGA;rbs_spacer=5-10bp;gc_cont=0.640
NODE_99_length_12649_cov_37.565269_12  -            645 436at72274           -            911   5.5e-08   29.4   0.0   2   2   5.9e-05     0.075    9.2   0.0   186   322   197   330   191   339 0.84 # 10606 # 12540 # -1 # ID=99_12;partial=00;start_type=ATG;rbs_motif=AGGA;rbs_spacer=5-10bp;gc_cont=0.640
NODE_20_length_101354_cov_35.986416_75 -            472 436at72274           -            911     2e-07   27.6   0.1   1   1     2e-10   2.6e-07   27.2   0.1   110   323   107   327     9   339 0.74 # 91659 # 93074 # -1 # ID=20_75;partial=00;start_type=GTG;rbs_motif=GGA/GAG/AGG;rbs_spacer=5-10bp;gc_cont=0.611
NODE_3_length_201605_cov_36.105884_61  -            454 436at72274           -            911   8.3e-07   25.5   0.0   1   3      0.26   3.3e+02   -2.9   0.0    35    64    25    54    18   115 0.77 # 60531 # 61892 # 1 # ID=3_61;partial=00;start_type=ATG;rbs_motif=GGAG/GAGG;rbs_spacer=5-10bp;gc_cont=0.595
NODE_3_length_201605_cov_36.105884_61  -            454 436at72274           -            911   8.3e-07   25.5   0.0   2   3   6.2e-07   0.00079   15.7   0.0   620   686   157   227   151   237 0.81 # 60531 # 61892 # 1 # ID=3_61;partial=00;start_type=ATG;rbs_motif=GGAG/GAGG;rbs_spacer=5-10bp;gc_cont=0.595
NODE_3_length_201605_cov_36.105884_61  -            454 436at72274           -            911   8.3e-07   25.5   0.0   3   3   0.00024      0.31    7.1   0.0   272   322   284   334   248   347 0.81 # 60531 # 61892 # 1 # ID=3_61;partial=00;start_type=ATG;rbs_motif=GGAG/GAGG;rbs_spacer=5-10bp;gc_cont=0.595
NODE_27_length_84361_cov_36.889332_66  -            646 436at72274           -            911     3e-05   20.4   0.0   1   2   7.9e-05       0.1    8.7   0.0   609   682   141   218    90   221 0.70 # 76851 # 78788 # -1 # ID=27_66;partial=00;start_type=ATG;rbs_motif=AGGAG;rbs_spacer=5-10bp;gc_cont=0.645
NODE_27_length_84361_cov_36.889332_66  -            646 436at72274           -            911     3e-05   20.4   0.0   2   2   1.1e-07   0.00014   18.1   0.0   143   312   150   320   141   333 0.81 # 76851 # 78788 # -1 # ID=27_66;partial=00;start_type=ATG;rbs_motif=AGGAG;rbs_spacer=5-10bp;gc_cont=0.645
#
# Program:         hmmsearch
# Version:         3.1b2 (February 2015)
# Pipeline mode:   SEARCH
# Query file:      /data2/PEG/hoaxaca/REAA/Pseudomonas/bin/busco_downloads/lineages/pseudomonadales_odb10/hmms/436at72274.hmm
# Target file:     /data2/PEG/hoaxaca/REAA/Pseudomonas/bin/../out/busco/trim_130clip.spades_def/prodigal_output/predicted_genes/predicted.faa
# Option settings: hmmsearch --domtblout /data2/PEG/hoaxaca/REAA/Pseudomonas/bin/../out/busco/trim_130clip.spades_def/run_pseudomonadales_odb10/hmmer_output/436at72274.out --cpu 1 /data2/PEG/hoaxaca/REAA/Pseudomonas/bin/busco_downloads/lineages/pseudomonadales_odb10/hmms/436at72274.hmm /data2/PEG/hoaxaca/REAA/Pseudomonas/bin/../out/busco/trim_130clip.spades_def/prodigal_output/predicted_genes/predicted.faa 
# Current dir:     /data2/PEG/hoaxaca/REAA/Pseudomonas/bin
# Date:            Mon Feb 20 00:26:31 2023
# [ok]
