#                                                                                              --- full sequence --- -------------- this domain -------------   hmm coord   ali coord   env coord
# target name                          accession   tlen query name           accession   qlen   E-value  score  bias   #  of  c-Evalue  i-Evalue  score  bias  from    to  from    to  from    to  acc description of target
#                  ------------------- ---------- ----- -------------------- ---------- ----- --------- ------ ----- --- --- --------- --------- ------ ----- ----- ----- ----- ----- ----- ----- ---- ---------------------
NODE_34_length_70130_cov_37.373257_42  -            206 43900at72274         -            173   1.6e-77  257.8   0.0   1   1   3.5e-80   1.9e-77  257.6   0.0     2   173     6   198     5   198 0.91 # 52274 # 52891 # 1 # ID=34_42;partial=00;start_type=ATG;rbs_motif=AGGAG;rbs_spacer=5-10bp;gc_cont=0.579
NODE_13_length_120342_cov_37.874908_68 -            211 43900at72274         -            173   1.5e-11   43.0   0.0   1   1   1.3e-13   6.8e-11   40.9   0.0    16   170    26   201     6   204 0.75 # 56665 # 57297 # -1 # ID=13_68;partial=00;start_type=GTG;rbs_motif=AGGAG;rbs_spacer=5-10bp;gc_cont=0.633
NODE_55_length_50388_cov_37.836012_8   -            212 43900at72274         -            173   3.3e-08   32.1   0.0   1   1   6.1e-10   3.2e-07   28.9   0.0     8   149    11   182     2   202 0.76 # 11125 # 11760 # 1 # ID=55_8;partial=00;start_type=ATG;rbs_motif=GGAG/GAGG;rbs_spacer=5-10bp;gc_cont=0.616
NODE_48_length_55226_cov_36.664353_32  -            208 43900at72274         -            173     6e-08   31.3   0.0   1   1   3.1e-09   1.6e-06   26.6   0.0    31   172    45   202    38   203 0.77 # 33523 # 34146 # 1 # ID=48_32;partial=00;start_type=ATG;rbs_motif=None;rbs_spacer=None;gc_cont=0.601
NODE_15_length_115769_cov_35.940923_60 -            211 43900at72274         -            173   1.6e-06   26.6   0.0   1   1   1.9e-08     1e-05   24.0   0.0    30    79    47   100    40   205 0.72 # 58067 # 58699 # -1 # ID=15_60;partial=00;start_type=ATG;rbs_motif=AGGA;rbs_spacer=5-10bp;gc_cont=0.610
NODE_32_length_72191_cov_37.283631_64  -            220 43900at72274         -            173   0.00023   19.6   0.0   1   1   6.9e-07   0.00037   18.9   0.0    10    83    14    97     5   159 0.80 # 61330 # 61989 # 1 # ID=32_64;partial=00;start_type=ATG;rbs_motif=GGAGG;rbs_spacer=5-10bp;gc_cont=0.600
NODE_116_length_8147_cov_36.313149_4   -            207 43900at72274         -            173    0.0012   17.3   0.0   1   1   8.3e-06    0.0044   15.4   0.0     8    67    12    82     6   100 0.72 # 3106 # 3726 # 1 # ID=116_4;partial=00;start_type=ATG;rbs_motif=GGAG/GAGG;rbs_spacer=5-10bp;gc_cont=0.636
NODE_38_length_67201_cov_36.012689_62  -            278 43900at72274         -            173    0.0017   16.8   0.0   1   2   1.5e-05    0.0081   14.6   0.0    32    75    92   141    86   151 0.86 # 59663 # 60496 # -1 # ID=38_62;partial=00;start_type=ATG;rbs_motif=AGGAG;rbs_spacer=5-10bp;gc_cont=0.628
NODE_38_length_67201_cov_36.012689_62  -            278 43900at72274         -            173    0.0017   16.8   0.0   2   2      0.65   3.4e+02   -0.5   0.0   114   168   191   250   173   253 0.68 # 59663 # 60496 # -1 # ID=38_62;partial=00;start_type=ATG;rbs_motif=AGGAG;rbs_spacer=5-10bp;gc_cont=0.628
NODE_26_length_88680_cov_35.325709_32  -            201 43900at72274         -            173    0.0031   15.9   0.0   1   1   4.9e-05     0.026   12.9   0.0    30   134    44   163    10   178 0.66 # 28907 # 29509 # -1 # ID=26_32;partial=00;start_type=ATG;rbs_motif=GGAG/GAGG;rbs_spacer=5-10bp;gc_cont=0.577
NODE_15_length_115769_cov_35.940923_54 -            201 43900at72274         -            173    0.0036   15.7   0.1   1   1   2.8e-05     0.015   13.7   0.1   101   172   126   195    13   196 0.69 # 52055 # 52657 # -1 # ID=15_54;partial=00;start_type=ATG;rbs_motif=GGAG/GAGG;rbs_spacer=5-10bp;gc_cont=0.602
NODE_6_length_179149_cov_37.409656_79  -            198 43900at72274         -            173    0.0086   14.5   0.1   1   1   3.5e-05     0.019   13.4   0.1    12   146    18   167     9   195 0.66 # 80991 # 81584 # 1 # ID=6_79;partial=00;start_type=GTG;rbs_motif=GGAGG;rbs_spacer=3-4bp;gc_cont=0.596
NODE_6_length_179149_cov_37.409656_59  -            233 43900at72274         -            173      0.03   12.7   0.0   1   2   0.00013     0.069   11.5   0.0    26    77    58   117    33   136 0.84 # 60144 # 60842 # -1 # ID=6_59;partial=00;start_type=ATG;rbs_motif=AGGAG;rbs_spacer=5-10bp;gc_cont=0.621
NODE_6_length_179149_cov_37.409656_59  -            233 43900at72274         -            173      0.03   12.7   0.0   2   2       2.8   1.5e+03   -2.6   0.0   119   135   172   188   157   193 0.79 # 60144 # 60842 # -1 # ID=6_59;partial=00;start_type=ATG;rbs_motif=AGGAG;rbs_spacer=5-10bp;gc_cont=0.621
#
# Program:         hmmsearch
# Version:         3.1b2 (February 2015)
# Pipeline mode:   SEARCH
# Query file:      /data2/PEG/hoaxaca/REAA/Pseudomonas/bin/busco_downloads/lineages/pseudomonadales_odb10/hmms/43900at72274.hmm
# Target file:     /data2/PEG/hoaxaca/REAA/Pseudomonas/bin/../out/busco/trim_130clip.spades_def/prodigal_output/predicted_genes/predicted.faa
# Option settings: hmmsearch --domtblout /data2/PEG/hoaxaca/REAA/Pseudomonas/bin/../out/busco/trim_130clip.spades_def/run_pseudomonadales_odb10/hmmer_output/43900at72274.out --cpu 1 /data2/PEG/hoaxaca/REAA/Pseudomonas/bin/busco_downloads/lineages/pseudomonadales_odb10/hmms/43900at72274.hmm /data2/PEG/hoaxaca/REAA/Pseudomonas/bin/../out/busco/trim_130clip.spades_def/prodigal_output/predicted_genes/predicted.faa 
# Current dir:     /data2/PEG/hoaxaca/REAA/Pseudomonas/bin
# Date:            Mon Feb 20 00:26:31 2023
# [ok]
