#                                                                                             --- full sequence --- -------------- this domain -------------   hmm coord   ali coord   env coord
# target name                         accession   tlen query name           accession   qlen   E-value  score  bias   #  of  c-Evalue  i-Evalue  score  bias  from    to  from    to  from    to  acc description of target
#                 ------------------- ---------- ----- -------------------- ---------- ----- --------- ------ ----- --- --- --------- --------- ------ ----- ----- ----- ----- ----- ----- ----- ---- ---------------------
NODE_4_length_186787_cov_37.321139_57 -            631 4619at72274          -            532         0 1065.8   0.9   1   2  2.1e-289  2.2e-286  949.2   0.1     1   447     6   472     6   484 0.97 # 58958 # 60850 # -1 # ID=4_57;partial=00;start_type=GTG;rbs_motif=GGAG/GAGG;rbs_spacer=5-10bp;gc_cont=0.585
NODE_4_length_186787_cov_37.321139_57 -            631 4619at72274          -            532         0 1065.8   0.9   2   2   9.2e-37   9.9e-34  115.4   0.1   455   532   536   619   531   619 0.94 # 58958 # 60850 # -1 # ID=4_57;partial=00;start_type=GTG;rbs_motif=GGAG/GAGG;rbs_spacer=5-10bp;gc_cont=0.585
NODE_49_length_54711_cov_35.381879_35 -            518 4619at72274          -            532    0.0012   16.1   2.2   1   2   1.6e-05     0.017   12.4   0.3     2    29   212   239   211   258 0.89 # 25729 # 27282 # 1 # ID=49_35;partial=00;start_type=ATG;rbs_motif=AGGA;rbs_spacer=5-10bp;gc_cont=0.600
NODE_49_length_54711_cov_35.381879_35 -            518 4619at72274          -            532    0.0012   16.1   2.2   2   2    0.0089       9.5    3.3   0.1     4    30   357   383   355   390 0.82 # 25729 # 27282 # 1 # ID=49_35;partial=00;start_type=ATG;rbs_motif=AGGA;rbs_spacer=5-10bp;gc_cont=0.600
NODE_24_length_93713_cov_36.507325_70 -            592 4619at72274          -            532    0.0093   13.2   0.8   1   1   1.2e-05     0.013   12.7   0.8     2    39    10    47     9    62 0.81 # 68805 # 70580 # 1 # ID=24_70;partial=00;start_type=ATG;rbs_motif=None;rbs_spacer=None;gc_cont=0.594
NODE_1_length_234130_cov_36.227372_84 -            465 4619at72274          -            532     0.039   11.2   0.0   1   1   5.3e-05     0.056   10.6   0.0     2    39     6    43     5    72 0.77 # 104854 # 106248 # 1 # ID=1_84;partial=00;start_type=ATG;rbs_motif=AGGAG;rbs_spacer=5-10bp;gc_cont=0.599
NODE_89_length_17124_cov_37.847091_15 -            368 4619at72274          -            532     0.076   10.2   0.1   1   1   9.8e-05       0.1    9.8   0.1     3    33     5    35     3    52 0.84 # 14877 # 15980 # 1 # ID=89_15;partial=00;start_type=ATG;rbs_motif=GGAGG;rbs_spacer=5-10bp;gc_cont=0.651
NODE_23_length_94293_cov_37.233197_53 -            393 4619at72274          -            532     0.077   10.2   0.7   1   1   0.00012      0.12    9.5   0.7     3    33     5    35     3    47 0.91 # 59811 # 60989 # 1 # ID=23_53;partial=00;start_type=GTG;rbs_motif=GGAG/GAGG;rbs_spacer=5-10bp;gc_cont=0.619
#
# Program:         hmmsearch
# Version:         3.1b2 (February 2015)
# Pipeline mode:   SEARCH
# Query file:      /data2/PEG/hoaxaca/REAA/Pseudomonas/bin/busco_downloads/lineages/pseudomonadales_odb10/hmms/4619at72274.hmm
# Target file:     /data2/PEG/hoaxaca/REAA/Pseudomonas/bin/../out/busco/trim_130clip.spades_def/prodigal_output/predicted_genes/predicted.faa
# Option settings: hmmsearch --domtblout /data2/PEG/hoaxaca/REAA/Pseudomonas/bin/../out/busco/trim_130clip.spades_def/run_pseudomonadales_odb10/hmmer_output/4619at72274.out --cpu 1 /data2/PEG/hoaxaca/REAA/Pseudomonas/bin/busco_downloads/lineages/pseudomonadales_odb10/hmms/4619at72274.hmm /data2/PEG/hoaxaca/REAA/Pseudomonas/bin/../out/busco/trim_130clip.spades_def/prodigal_output/predicted_genes/predicted.faa 
# Current dir:     /data2/PEG/hoaxaca/REAA/Pseudomonas/bin
# Date:            Mon Feb 20 00:26:33 2023
# [ok]
