#                                                                                              --- full sequence --- -------------- this domain -------------   hmm coord   ali coord   env coord
# target name                          accession   tlen query name           accession   qlen   E-value  score  bias   #  of  c-Evalue  i-Evalue  score  bias  from    to  from    to  from    to  acc description of target
#                  ------------------- ---------- ----- -------------------- ---------- ----- --------- ------ ----- --- --- --------- --------- ------ ----- ----- ----- ----- ----- ----- ----- ---- ---------------------
NODE_4_length_186787_cov_37.321139_145 -            213 47147at72274         -            171   9.3e-67  222.2   1.5   1   2    0.0044       5.6    4.9   0.1     1    23     1    23     1    35 0.90 # 150570 # 151208 # 1 # ID=4_145;partial=00;start_type=ATG;rbs_motif=AGGAG;rbs_spacer=5-10bp;gc_cont=0.565
NODE_4_length_186787_cov_37.321139_145 -            213 47147at72274         -            171   9.3e-67  222.2   1.5   2   2   4.4e-68   5.6e-65  216.4   0.2    19   171    37   212    25   212 0.86 # 150570 # 151208 # 1 # ID=4_145;partial=00;start_type=ATG;rbs_motif=AGGAG;rbs_spacer=5-10bp;gc_cont=0.565
NODE_92_length_15524_cov_33.668369_5   -            198 47147at72274         -            171   0.00068   17.6   0.1   1   1   1.2e-06    0.0015   16.5   0.1    24    59    67   102    53   119 0.89 # 2805 # 3398 # 1 # ID=92_5;partial=00;start_type=ATG;rbs_motif=GGAG/GAGG;rbs_spacer=5-10bp;gc_cont=0.584
NODE_8_length_148139_cov_37.122890_13  -             63 47147at72274         -            171    0.0078   14.2   0.0   1   1   7.1e-06    0.0091   14.0   0.0   131   160    28    57    21    59 0.89 # 7208 # 7396 # -1 # ID=8_13;partial=00;start_type=ATG;rbs_motif=GGA/GAG/AGG;rbs_spacer=5-10bp;gc_cont=0.556
NODE_28_length_83551_cov_36.087908_1   -            586 47147at72274         -            171     0.012   13.5   0.1   1   1     2e-05     0.025   12.5   0.1    22    57   287   322   276   329 0.89 # 142 # 1899 # -1 # ID=28_1;partial=00;start_type=ATG;rbs_motif=GGA/GAG/AGG;rbs_spacer=5-10bp;gc_cont=0.646
NODE_9_length_140286_cov_37.185344_107 -            217 47147at72274         -            171     0.056   11.4   0.0   1   2      0.42   5.4e+02   -1.6   0.0    39    85    15    64    13   106 0.63 # 118957 # 119607 # -1 # ID=9_107;partial=00;start_type=ATG;rbs_motif=GGAG/GAGG;rbs_spacer=5-10bp;gc_cont=0.602
NODE_9_length_140286_cov_37.185344_107 -            217 47147at72274         -            171     0.056   11.4   0.0   2   2   0.00012      0.16   10.0   0.0   108   162   149   203   133   211 0.80 # 118957 # 119607 # -1 # ID=9_107;partial=00;start_type=ATG;rbs_motif=GGAG/GAGG;rbs_spacer=5-10bp;gc_cont=0.602
#
# Program:         hmmsearch
# Version:         3.1b2 (February 2015)
# Pipeline mode:   SEARCH
# Query file:      /data2/PEG/hoaxaca/REAA/Pseudomonas/bin/busco_downloads/lineages/pseudomonadales_odb10/hmms/47147at72274.hmm
# Target file:     /data2/PEG/hoaxaca/REAA/Pseudomonas/bin/../out/busco/trim_130clip.spades_def/prodigal_output/predicted_genes/predicted.faa
# Option settings: hmmsearch --domtblout /data2/PEG/hoaxaca/REAA/Pseudomonas/bin/../out/busco/trim_130clip.spades_def/run_pseudomonadales_odb10/hmmer_output/47147at72274.out --cpu 1 /data2/PEG/hoaxaca/REAA/Pseudomonas/bin/busco_downloads/lineages/pseudomonadales_odb10/hmms/47147at72274.hmm /data2/PEG/hoaxaca/REAA/Pseudomonas/bin/../out/busco/trim_130clip.spades_def/prodigal_output/predicted_genes/predicted.faa 
# Current dir:     /data2/PEG/hoaxaca/REAA/Pseudomonas/bin
# Date:            Mon Feb 20 00:26:34 2023
# [ok]
