#                                                                                              --- full sequence --- -------------- this domain -------------   hmm coord   ali coord   env coord
# target name                          accession   tlen query name           accession   qlen   E-value  score  bias   #  of  c-Evalue  i-Evalue  score  bias  from    to  from    to  from    to  acc description of target
#                  ------------------- ---------- ----- -------------------- ---------- ----- --------- ------ ----- --- --- --------- --------- ------ ----- ----- ----- ----- ----- ----- ----- ---- ---------------------
NODE_11_length_135406_cov_37.346085_5  -            283 49622at72274         -            212   3.7e-88  292.8   0.2   1   2   2.4e-15   1.4e-12   45.9   0.1     1    44     1    44     1    50 0.95 # 6750 # 7598 # 1 # ID=11_5;partial=00;start_type=ATG;rbs_motif=GGAG/GAGG;rbs_spacer=5-10bp;gc_cont=0.634
NODE_11_length_135406_cov_37.346085_5  -            283 49622at72274         -            212   3.7e-88  292.8   0.2   2   2   2.5e-76   1.5e-73  245.1   0.0    47   212    75   270    64   270 0.87 # 6750 # 7598 # 1 # ID=11_5;partial=00;start_type=ATG;rbs_motif=GGAG/GAGG;rbs_spacer=5-10bp;gc_cont=0.634
NODE_5_length_184381_cov_37.893162_101 -            264 49622at72274         -            212   2.8e-19   67.7   0.1   1   2   5.3e-05     0.031   12.1   0.0     3    44    12    52    10    99 0.80 # 97201 # 97992 # 1 # ID=5_101;partial=00;start_type=ATG;rbs_motif=GGA/GAG/AGG;rbs_spacer=5-10bp;gc_cont=0.630
NODE_5_length_184381_cov_37.893162_101 -            264 49622at72274         -            212   2.8e-19   67.7   0.1   2   2     1e-17     6e-15   53.6   0.0    74   186   112   225   108   253 0.85 # 97201 # 97992 # 1 # ID=5_101;partial=00;start_type=ATG;rbs_motif=GGA/GAG/AGG;rbs_spacer=5-10bp;gc_cont=0.630
NODE_16_length_109736_cov_37.510809_38 -            265 49622at72274         -            212   8.1e-17   59.7   0.1   1   2   0.00033      0.19    9.5   0.0    13    65    14    64     1    74 0.79 # 41160 # 41954 # -1 # ID=16_38;partial=00;start_type=ATG;rbs_motif=AGGAG;rbs_spacer=5-10bp;gc_cont=0.614
NODE_16_length_109736_cov_37.510809_38 -            265 49622at72274         -            212   8.1e-17   59.7   0.1   2   2   3.8e-16   2.2e-13   48.5   0.0    74   189   107   224    87   241 0.81 # 41160 # 41954 # -1 # ID=16_38;partial=00;start_type=ATG;rbs_motif=AGGAG;rbs_spacer=5-10bp;gc_cont=0.614
NODE_71_length_29834_cov_36.220625_23  -            298 49622at72274         -            212   1.9e-14   52.0   0.1   1   2   9.7e-07   0.00057   17.7   0.0     2    44     5    47     4    71 0.92 # 25307 # 26200 # 1 # ID=71_23;partial=00;start_type=ATG;rbs_motif=GGA/GAG/AGG;rbs_spacer=5-10bp;gc_cont=0.622
NODE_71_length_29834_cov_36.220625_23  -            298 49622at72274         -            212   1.9e-14   52.0   0.1   2   2   3.3e-11   1.9e-08   32.3   0.0    97   185   137   243    93   258 0.74 # 25307 # 26200 # 1 # ID=71_23;partial=00;start_type=ATG;rbs_motif=GGA/GAG/AGG;rbs_spacer=5-10bp;gc_cont=0.622
NODE_9_length_140286_cov_37.185344_114 -            293 49622at72274         -            212   8.2e-12   43.4   0.0   1   2   1.4e-07   7.9e-05   20.5   0.1     2    42     6    46     5    50 0.93 # 123979 # 124857 # -1 # ID=9_114;partial=00;start_type=ATG;rbs_motif=AGGAG;rbs_spacer=5-10bp;gc_cont=0.600
NODE_9_length_140286_cov_37.185344_114 -            293 49622at72274         -            212   8.2e-12   43.4   0.0   2   2   1.2e-07   7.2e-05   20.7   0.0    98   187   139   243   110   256 0.78 # 123979 # 124857 # -1 # ID=9_114;partial=00;start_type=ATG;rbs_motif=AGGAG;rbs_spacer=5-10bp;gc_cont=0.600
NODE_42_length_60100_cov_37.170039_13  -            274 49622at72274         -            212   3.4e-11   41.3   0.1   1   2    0.0022       1.3    6.8   0.0     4    47     4    47     1    98 0.67 # 18929 # 19750 # -1 # ID=42_13;partial=00;start_type=ATG;rbs_motif=AGGA;rbs_spacer=5-10bp;gc_cont=0.639
NODE_42_length_60100_cov_37.170039_13  -            274 49622at72274         -            212   3.4e-11   41.3   0.1   2   2   1.8e-11     1e-08   33.2   0.0    73   186   104   218    64   225 0.76 # 18929 # 19750 # -1 # ID=42_13;partial=00;start_type=ATG;rbs_motif=AGGA;rbs_spacer=5-10bp;gc_cont=0.639
NODE_14_length_119663_cov_36.815405_38 -            272 49622at72274         -            212   2.2e-08   32.1   0.0   1   2    0.0076       4.4    5.0   0.0     3    60     3    63     1    73 0.70 # 43093 # 43908 # -1 # ID=14_38;partial=00;start_type=ATG;rbs_motif=AGGA;rbs_spacer=5-10bp;gc_cont=0.609
NODE_14_length_119663_cov_36.815405_38 -            272 49622at72274         -            212   2.2e-08   32.1   0.0   2   2   4.4e-09   2.6e-06   25.4   0.0    95   187   122   219    78   240 0.77 # 43093 # 43908 # -1 # ID=14_38;partial=00;start_type=ATG;rbs_motif=AGGA;rbs_spacer=5-10bp;gc_cont=0.609
NODE_6_length_179149_cov_37.409656_4   -            265 49622at72274         -            212   1.2e-06   26.5   0.0   1   2      0.32   1.9e+02   -0.3   0.0    13    42    14    40     2    44 0.80 # 1743 # 2537 # -1 # ID=6_4;partial=00;start_type=ATG;rbs_motif=GGA/GAG/AGG;rbs_spacer=5-10bp;gc_cont=0.540
NODE_6_length_179149_cov_37.409656_4   -            265 49622at72274         -            212   1.2e-06   26.5   0.0   2   2   9.8e-09   5.7e-06   24.3   0.1    96   187   124   220    77   227 0.82 # 1743 # 2537 # -1 # ID=6_4;partial=00;start_type=ATG;rbs_motif=GGA/GAG/AGG;rbs_spacer=5-10bp;gc_cont=0.540
NODE_64_length_37962_cov_35.904846_12  -            251 49622at72274         -            212   2.6e-06   25.4   0.7   1   2   0.00018      0.11   10.3   0.0     3    44     6    48     4    72 0.82 # 12893 # 13645 # -1 # ID=64_12;partial=00;start_type=ATG;rbs_motif=GGA/GAG/AGG;rbs_spacer=5-10bp;gc_cont=0.643
NODE_64_length_37962_cov_35.904846_12  -            251 49622at72274         -            212   2.6e-06   25.4   0.7   2   2   1.9e-05     0.011   13.5   0.3   100   186   132   222   107   240 0.77 # 12893 # 13645 # -1 # ID=64_12;partial=00;start_type=ATG;rbs_motif=GGA/GAG/AGG;rbs_spacer=5-10bp;gc_cont=0.643
NODE_52_length_53283_cov_36.250338_48  -            308 49622at72274         -            212     8e-05   20.5   0.1   1   2     0.035        20    2.9   0.0    17    43    21    47     4    52 0.72 # 52277 # 53200 # 1 # ID=52_48;partial=00;start_type=ATG;rbs_motif=GGAG/GAGG;rbs_spacer=5-10bp;gc_cont=0.619
NODE_52_length_53283_cov_36.250338_48  -            308 49622at72274         -            212     8e-05   20.5   0.1   2   2   4.3e-06    0.0025   15.6   0.1    96   169   148   220   143   245 0.86 # 52277 # 53200 # 1 # ID=52_48;partial=00;start_type=ATG;rbs_motif=GGAG/GAGG;rbs_spacer=5-10bp;gc_cont=0.619
NODE_27_length_84361_cov_36.889332_40  -            367 49622at72274         -            212    0.0029   15.4   0.0   1   2       3.9   2.3e+03   -3.8   0.0    27    41    75    89    64    91 0.64 # 50418 # 51518 # -1 # ID=27_40;partial=00;start_type=ATG;rbs_motif=GGA/GAG/AGG;rbs_spacer=11-12bp;gc_cont=0.643
NODE_27_length_84361_cov_36.889332_40  -            367 49622at72274         -            212    0.0029   15.4   0.0   2   2   1.5e-05    0.0085   13.9   0.0    95   135   228   271   159   283 0.80 # 50418 # 51518 # -1 # ID=27_40;partial=00;start_type=ATG;rbs_motif=GGA/GAG/AGG;rbs_spacer=11-12bp;gc_cont=0.643
#
# Program:         hmmsearch
# Version:         3.1b2 (February 2015)
# Pipeline mode:   SEARCH
# Query file:      /data2/PEG/hoaxaca/REAA/Pseudomonas/bin/busco_downloads/lineages/pseudomonadales_odb10/hmms/49622at72274.hmm
# Target file:     /data2/PEG/hoaxaca/REAA/Pseudomonas/bin/../out/busco/trim_130clip.spades_def/prodigal_output/predicted_genes/predicted.faa
# Option settings: hmmsearch --domtblout /data2/PEG/hoaxaca/REAA/Pseudomonas/bin/../out/busco/trim_130clip.spades_def/run_pseudomonadales_odb10/hmmer_output/49622at72274.out --cpu 1 /data2/PEG/hoaxaca/REAA/Pseudomonas/bin/busco_downloads/lineages/pseudomonadales_odb10/hmms/49622at72274.hmm /data2/PEG/hoaxaca/REAA/Pseudomonas/bin/../out/busco/trim_130clip.spades_def/prodigal_output/predicted_genes/predicted.faa 
# Current dir:     /data2/PEG/hoaxaca/REAA/Pseudomonas/bin
# Date:            Mon Feb 20 00:26:37 2023
# [ok]
