#                                                                                              --- full sequence --- -------------- this domain -------------   hmm coord   ali coord   env coord
# target name                          accession   tlen query name           accession   qlen   E-value  score  bias   #  of  c-Evalue  i-Evalue  score  bias  from    to  from    to  from    to  acc description of target
#                  ------------------- ---------- ----- -------------------- ---------- ----- --------- ------ ----- --- --- --------- --------- ------ ----- ----- ----- ----- ----- ----- ----- ---- ---------------------
NODE_11_length_135406_cov_37.346085_66 -            257 52383at72274         -            151   8.8e-46  154.5  13.1   1   2         6   3.2e+03   -3.1   0.0     1     9    15    23    15    33 0.78 # 61678 # 62448 # 1 # ID=11_66;partial=00;start_type=ATG;rbs_motif=AGGAG;rbs_spacer=5-10bp;gc_cont=0.620
NODE_11_length_135406_cov_37.346085_66 -            257 52383at72274         -            151   8.8e-46  154.5  13.1   2   2   2.3e-48   1.2e-45  154.0  11.2    10   151    50   222    38   222 0.84 # 61678 # 62448 # 1 # ID=11_66;partial=00;start_type=ATG;rbs_motif=AGGAG;rbs_spacer=5-10bp;gc_cont=0.620
NODE_69_length_31151_cov_36.732088_16  -            262 52383at72274         -            151   1.3e-20   72.8   5.2   1   1   6.6e-23   3.5e-20   71.4   4.8    37   151   110   246    87   246 0.88 # 16107 # 16892 # -1 # ID=69_16;partial=00;start_type=ATG;rbs_motif=AGGA;rbs_spacer=5-10bp;gc_cont=0.601
NODE_7_length_160420_cov_35.917657_68  -            271 52383at72274         -            151   3.3e-17   61.8   2.8   1   1   3.8e-19     2e-16   59.2   2.7    36   149   122   257    89   259 0.76 # 67103 # 67915 # -1 # ID=7_68;partial=00;start_type=ATG;rbs_motif=GGAG/GAGG;rbs_spacer=5-10bp;gc_cont=0.606
NODE_41_length_63635_cov_34.565304_7   -            328 52383at72274         -            151   7.5e-15   54.1   0.8   1   1   6.2e-17   3.3e-14   52.0   0.8    70   150   218   320   207   321 0.82 # 9711 # 10694 # -1 # ID=41_7;partial=00;start_type=ATG;rbs_motif=GGA/GAG/AGG;rbs_spacer=5-10bp;gc_cont=0.549
NODE_58_length_48388_cov_34.781702_22  -            232 52383at72274         -            151   7.3e-14   50.9   0.9   1   2      0.64   3.4e+02    0.0   1.2    10    26    32    48    16    67 0.51 # 21910 # 22605 # 1 # ID=58_22;partial=00;start_type=ATG;rbs_motif=AGGAG;rbs_spacer=5-10bp;gc_cont=0.608
NODE_58_length_48388_cov_34.781702_22  -            232 52383at72274         -            151   7.3e-14   50.9   0.9   2   2   1.4e-16   7.3e-14   50.9   0.9    66   151   120   229   104   229 0.75 # 21910 # 22605 # 1 # ID=58_22;partial=00;start_type=ATG;rbs_motif=AGGAG;rbs_spacer=5-10bp;gc_cont=0.608
NODE_10_length_139104_cov_45.561191_6  -            164 52383at72274         -            151   6.3e-11   41.4   0.8   1   2       2.3   1.2e+03   -1.8   0.0     2    11    18    27    17    45 0.66 # 14571 # 15062 # 1 # ID=10_6;partial=00;start_type=TTG;rbs_motif=AGGAG;rbs_spacer=5-10bp;gc_cont=0.622
NODE_10_length_139104_cov_45.561191_6  -            164 52383at72274         -            151   6.3e-11   41.4   0.8   2   2   2.1e-13   1.1e-10   40.6   0.5    92   150    90   159    55   160 0.87 # 14571 # 15062 # 1 # ID=10_6;partial=00;start_type=TTG;rbs_motif=AGGAG;rbs_spacer=5-10bp;gc_cont=0.622
NODE_25_length_92834_cov_37.159357_17  -            167 52383at72274         -            151     1e-09   37.4   3.5   1   2     0.022        12    4.8   0.9     4    35    20    51    17    57 0.90 # 22423 # 22923 # -1 # ID=25_17;partial=00;start_type=ATG;rbs_motif=AGGAG;rbs_spacer=5-10bp;gc_cont=0.563
NODE_25_length_92834_cov_37.159357_17  -            167 52383at72274         -            151     1e-09   37.4   3.5   2   2   5.2e-11   2.8e-08   32.8   0.1    71   149    65   164    54   165 0.73 # 22423 # 22923 # -1 # ID=25_17;partial=00;start_type=ATG;rbs_motif=AGGAG;rbs_spacer=5-10bp;gc_cont=0.563
NODE_62_length_38743_cov_40.098144_26  -            303 52383at72274         -            151   1.4e-08   33.8   0.1   1   1   4.3e-11   2.3e-08   33.0   0.1    92   151   209   279   191   279 0.79 # 25210 # 26118 # 1 # ID=62_26;partial=00;start_type=GTG;rbs_motif=GGAG/GAGG;rbs_spacer=5-10bp;gc_cont=0.598
NODE_20_length_101354_cov_35.986416_19 -            430 52383at72274         -            151   6.6e-08   31.6   0.3   1   2       1.9     1e+03   -1.5   0.0    42    64   203   225   184   239 0.71 # 21572 # 22861 # -1 # ID=20_19;partial=00;start_type=ATG;rbs_motif=GGAG/GAGG;rbs_spacer=5-10bp;gc_cont=0.660
NODE_20_length_101354_cov_35.986416_19 -            430 52383at72274         -            151   6.6e-08   31.6   0.3   2   2   6.9e-10   3.7e-07   29.1   0.4    67   151   314   423   295   423 0.69 # 21572 # 22861 # -1 # ID=20_19;partial=00;start_type=ATG;rbs_motif=GGAG/GAGG;rbs_spacer=5-10bp;gc_cont=0.660
NODE_24_length_93713_cov_36.507325_3   -            296 52383at72274         -            151   1.2e-07   30.8   0.1   1   1   4.1e-10   2.2e-07   29.9   0.1    83   149   160   241   104   243 0.76 # 1366 # 2253 # 1 # ID=24_3;partial=00;start_type=GTG;rbs_motif=GGAGG;rbs_spacer=5-10bp;gc_cont=0.615
NODE_50_length_54564_cov_36.982462_5   -            447 52383at72274         -            151     2e-06   26.7   3.7   1   2       2.9   1.6e+03   -2.1   0.1    19    48    75   106    41   128 0.60 # 4479 # 5819 # -1 # ID=50_5;partial=00;start_type=ATG;rbs_motif=GGA/GAG/AGG;rbs_spacer=5-10bp;gc_cont=0.620
NODE_50_length_54564_cov_36.982462_5   -            447 52383at72274         -            151     2e-06   26.7   3.7   2   2   4.9e-09   2.6e-06   26.4   1.0    86   150   371   444   288   445 0.87 # 4479 # 5819 # -1 # ID=50_5;partial=00;start_type=ATG;rbs_motif=GGA/GAG/AGG;rbs_spacer=5-10bp;gc_cont=0.620
NODE_58_length_48388_cov_34.781702_29  -            391 52383at72274         -            151   3.2e-06   26.1   0.1   1   2       1.2   6.6e+02   -0.9   0.0     2    36    14    48    13    51 0.81 # 30393 # 31565 # 1 # ID=58_29;partial=00;start_type=ATG;rbs_motif=GGA/GAG/AGG;rbs_spacer=5-10bp;gc_cont=0.618
NODE_58_length_48388_cov_34.781702_29  -            391 52383at72274         -            151   3.2e-06   26.1   0.1   2   2   3.4e-08   1.8e-05   23.6   0.0    93   149   234   301   224   303 0.84 # 30393 # 31565 # 1 # ID=58_29;partial=00;start_type=ATG;rbs_motif=GGA/GAG/AGG;rbs_spacer=5-10bp;gc_cont=0.618
#
# Program:         hmmsearch
# Version:         3.1b2 (February 2015)
# Pipeline mode:   SEARCH
# Query file:      /data2/PEG/hoaxaca/REAA/Pseudomonas/bin/busco_downloads/lineages/pseudomonadales_odb10/hmms/52383at72274.hmm
# Target file:     /data2/PEG/hoaxaca/REAA/Pseudomonas/bin/../out/busco/trim_130clip.spades_def/prodigal_output/predicted_genes/predicted.faa
# Option settings: hmmsearch --domtblout /data2/PEG/hoaxaca/REAA/Pseudomonas/bin/../out/busco/trim_130clip.spades_def/run_pseudomonadales_odb10/hmmer_output/52383at72274.out --cpu 1 /data2/PEG/hoaxaca/REAA/Pseudomonas/bin/busco_downloads/lineages/pseudomonadales_odb10/hmms/52383at72274.hmm /data2/PEG/hoaxaca/REAA/Pseudomonas/bin/../out/busco/trim_130clip.spades_def/prodigal_output/predicted_genes/predicted.faa 
# Current dir:     /data2/PEG/hoaxaca/REAA/Pseudomonas/bin
# Date:            Mon Feb 20 00:26:39 2023
# [ok]
