#                                                                                              --- full sequence --- -------------- this domain -------------   hmm coord   ali coord   env coord
# target name                          accession   tlen query name           accession   qlen   E-value  score  bias   #  of  c-Evalue  i-Evalue  score  bias  from    to  from    to  from    to  acc description of target
#                  ------------------- ---------- ----- -------------------- ---------- ----- --------- ------ ----- --- --- --------- --------- ------ ----- ----- ----- ----- ----- ----- ----- ---- ---------------------
NODE_17_length_107317_cov_36.927915_48 -           1318 543at72274           -           1001         0 1688.5   6.8   1   3  6.2e-280  1.3e-277  921.9   0.0    11   510   117   629   107   692 0.92 # 62192 # 66145 # 1 # ID=17_48;partial=00;start_type=ATG;rbs_motif=GGAG/GAGG;rbs_spacer=5-10bp;gc_cont=0.633
NODE_17_length_107317_cov_36.927915_48 -           1318 543at72274           -           1001         0 1688.5   6.8   2   3  1.6e-201  3.4e-199  662.3   4.1   519   885   696  1108   688  1124 0.92 # 62192 # 66145 # 1 # ID=17_48;partial=00;start_type=ATG;rbs_motif=GGAG/GAGG;rbs_spacer=5-10bp;gc_cont=0.633
NODE_17_length_107317_cov_36.927915_48 -           1318 543at72274           -           1001         0 1688.5   6.8   3   3   9.6e-31     2e-28   97.0   0.1   886  1001  1166  1316  1155  1316 0.77 # 62192 # 66145 # 1 # ID=17_48;partial=00;start_type=ATG;rbs_motif=GGAG/GAGG;rbs_spacer=5-10bp;gc_cont=0.633
NODE_82_length_20348_cov_35.825999_5   -            478 543at72274           -           1001   8.4e-51  171.1   2.7   1   2   1.8e-09   3.8e-07   26.6   0.1   516   581    55   125    37   128 0.90 # 2701 # 4134 # 1 # ID=82_5;partial=00;start_type=ATG;rbs_motif=GGAG/GAGG;rbs_spacer=5-10bp;gc_cont=0.639
NODE_82_length_20348_cov_35.825999_5   -            478 543at72274           -           1001   8.4e-51  171.1   2.7   2   2   4.2e-45   9.1e-43  144.5   0.5   574   870   138   456   133   472 0.83 # 2701 # 4134 # 1 # ID=82_5;partial=00;start_type=ATG;rbs_motif=GGAG/GAGG;rbs_spacer=5-10bp;gc_cont=0.639
NODE_34_length_70130_cov_37.373257_47  -            482 543at72274           -           1001   3.7e-50  168.9   2.1   1   1   6.6e-51   1.4e-48  163.7   2.1   509   874    49   464    18   477 0.77 # 56993 # 58438 # 1 # ID=34_47;partial=00;start_type=GTG;rbs_motif=AGGAG;rbs_spacer=5-10bp;gc_cont=0.629
NODE_73_length_28807_cov_35.897468_9   -            489 543at72274           -           1001     7e-49  164.7   0.7   1   1     1e-50   2.1e-48  163.1   0.7   572   868   131   451    32   460 0.79 # 9781 # 11247 # -1 # ID=73_9;partial=00;start_type=ATG;rbs_motif=GGAG/GAGG;rbs_spacer=5-10bp;gc_cont=0.633
NODE_49_length_54711_cov_35.381879_56  -            475 543at72274           -           1001   7.7e-48  161.3   2.4   1   2   7.6e-08   1.6e-05   21.2   0.2   506   581    44   124    22   128 0.85 # 46381 # 47805 # 1 # ID=49_56;partial=00;start_type=ATG;rbs_motif=None;rbs_spacer=None;gc_cont=0.639
NODE_49_length_54711_cov_35.381879_56  -            475 543at72274           -           1001   7.7e-48  161.3   2.4   2   2   9.5e-44     2e-41  140.0   0.1   574   849   137   435   134   461 0.87 # 46381 # 47805 # 1 # ID=49_56;partial=00;start_type=ATG;rbs_motif=None;rbs_spacer=None;gc_cont=0.639
NODE_43_length_59975_cov_35.864236_29  -            481 543at72274           -           1001   1.2e-47  160.7   2.5   1   2   1.7e-06   0.00036   16.7   0.1   517   581    62   131    46   133 0.88 # 32085 # 33527 # -1 # ID=43_29;partial=00;start_type=ATG;rbs_motif=AGGA;rbs_spacer=5-10bp;gc_cont=0.611
NODE_43_length_59975_cov_35.864236_29  -            481 543at72274           -           1001   1.2e-47  160.7   2.5   2   2   6.1e-45   1.3e-42  144.0   0.3   573   870   143   460   140   474 0.83 # 32085 # 33527 # -1 # ID=43_29;partial=00;start_type=ATG;rbs_motif=AGGA;rbs_spacer=5-10bp;gc_cont=0.611
NODE_5_length_184381_cov_37.893162_163 -            475 543at72274           -           1001   1.8e-45  153.5   0.0   1   1   1.5e-46   3.2e-44  149.3   0.0   513   869    49   453    34   459 0.80 # 175082 # 176506 # -1 # ID=5_163;partial=00;start_type=ATG;rbs_motif=GGAG/GAGG;rbs_spacer=5-10bp;gc_cont=0.634
NODE_124_length_5180_cov_38.643902_1   -            497 543at72274           -           1001   3.1e-45  152.6   5.1   1   2      0.31        66   -0.7   0.0   517   580    70   139    57   146 0.75 # 146 # 1636 # -1 # ID=124_1;partial=00;start_type=ATG;rbs_motif=GGA/GAG/AGG;rbs_spacer=5-10bp;gc_cont=0.624
NODE_124_length_5180_cov_38.643902_1   -            497 543at72274           -           1001   3.1e-45  152.6   5.1   2   2   2.3e-47   4.9e-45  152.0   3.5   567   873   151   479   148   488 0.86 # 146 # 1636 # -1 # ID=124_1;partial=00;start_type=ATG;rbs_motif=GGA/GAG/AGG;rbs_spacer=5-10bp;gc_cont=0.624
NODE_3_length_201605_cov_36.105884_138 -            497 543at72274           -           1001   7.3e-45  151.4   0.1   1   1   4.3e-46   9.3e-44  147.8   0.1   489   885    25   478    14   494 0.76 # 156814 # 158304 # -1 # ID=3_138;partial=00;start_type=ATG;rbs_motif=AGGAG;rbs_spacer=5-10bp;gc_cont=0.632
NODE_110_length_9387_cov_38.091620_1   -            496 543at72274           -           1001   4.7e-43  145.4   0.4   1   2     4e-07   8.6e-05   18.8   0.0   516   582    68   140    49   149 0.84 # 134 # 1621 # -1 # ID=110_1;partial=00;start_type=ATG;rbs_motif=AGGA;rbs_spacer=5-10bp;gc_cont=0.637
NODE_110_length_9387_cov_38.091620_1   -            496 543at72274           -           1001   4.7e-43  145.4   0.4   2   2   3.6e-39   7.8e-37  124.9   0.1   567   875   150   480   145   490 0.84 # 134 # 1621 # -1 # ID=110_1;partial=00;start_type=ATG;rbs_motif=AGGA;rbs_spacer=5-10bp;gc_cont=0.637
NODE_32_length_72191_cov_37.283631_22  -            498 543at72274           -           1001   1.3e-42  143.9   0.5   1   1   2.1e-44   4.5e-42  142.2   0.5   573   869   154   476    67   484 0.84 # 17847 # 19340 # 1 # ID=32_22;partial=00;start_type=ATG;rbs_motif=AGGAG;rbs_spacer=5-10bp;gc_cont=0.635
NODE_18_length_105270_cov_36.789146_40 -            501 543at72274           -           1001   8.5e-41  138.0   1.6   1   1   1.2e-41   2.5e-39  133.1   1.6   517   831    58   419    45   490 0.82 # 40065 # 41567 # -1 # ID=18_40;partial=00;start_type=ATG;rbs_motif=GGAG/GAGG;rbs_spacer=5-10bp;gc_cont=0.623
NODE_5_length_184381_cov_37.893162_168 -            486 543at72274           -           1001   9.7e-41  137.8   0.0   1   2   0.00015     0.032   10.2   0.0   507   579    50   128    31   131 0.84 # 180853 # 182310 # -1 # ID=5_168;partial=00;start_type=ATG;rbs_motif=GGA/GAG/AGG;rbs_spacer=5-10bp;gc_cont=0.641
NODE_5_length_184381_cov_37.893162_168 -            486 543at72274           -           1001   9.7e-41  137.8   0.0   2   2   2.2e-39   4.8e-37  125.6   0.0   570   869   139   460   132   468 0.82 # 180853 # 182310 # -1 # ID=5_168;partial=00;start_type=ATG;rbs_motif=GGA/GAG/AGG;rbs_spacer=5-10bp;gc_cont=0.641
NODE_14_length_119663_cov_36.815405_19 -            492 543at72274           -           1001   1.2e-40  137.5   0.0   1   2     0.013       2.8    3.8   0.1   511   540    47    77    35   119 0.73 # 13402 # 14877 # 1 # ID=14_19;partial=00;start_type=ATG;rbs_motif=GGAG/GAGG;rbs_spacer=5-10bp;gc_cont=0.628
NODE_14_length_119663_cov_36.815405_19 -            492 543at72274           -           1001   1.2e-40  137.5   0.0   2   2   1.1e-39   2.4e-37  126.6   0.0   572   874   138   467   132   485 0.83 # 13402 # 14877 # 1 # ID=14_19;partial=00;start_type=ATG;rbs_motif=GGAG/GAGG;rbs_spacer=5-10bp;gc_cont=0.628
NODE_13_length_120342_cov_37.874908_39 -            497 543at72274           -           1001   1.2e-39  134.1   0.1   1   1     2e-41   4.4e-39  132.3   0.1   570   869   149   474    55   478 0.79 # 30222 # 31712 # -1 # ID=13_39;partial=00;start_type=GTG;rbs_motif=GGAG/GAGG;rbs_spacer=5-10bp;gc_cont=0.618
NODE_54_length_52356_cov_36.253838_2   -            472 543at72274           -           1001   1.8e-39  133.5   1.5   1   1   2.1e-41   4.5e-39  132.2   1.5   547   873   105   456    73   463 0.81 # 1063 # 2478 # 1 # ID=54_2;partial=00;start_type=ATG;rbs_motif=GGAGG;rbs_spacer=3-4bp;gc_cont=0.581
NODE_22_length_94792_cov_34.952996_10  -            481 543at72274           -           1001     5e-39  132.1   0.8   1   2   0.00039     0.084    8.9   0.0   510   573    46   116    31   124 0.79 # 9453 # 10895 # 1 # ID=22_10;partial=00;start_type=ATG;rbs_motif=AGGAG;rbs_spacer=5-10bp;gc_cont=0.641
NODE_22_length_94792_cov_34.952996_10  -            481 543at72274           -           1001     5e-39  132.1   0.8   2   2   3.9e-38   8.3e-36  121.4   0.2   569   851   135   443   127   464 0.82 # 9453 # 10895 # 1 # ID=22_10;partial=00;start_type=ATG;rbs_motif=AGGAG;rbs_spacer=5-10bp;gc_cont=0.641
NODE_105_length_10734_cov_32.006461_5  -            478 543at72274           -           1001   5.4e-39  132.0   5.2   1   1   6.2e-39   1.3e-36  124.1   5.2   514   878    53   464    38   476 0.78 # 3264 # 4697 # -1 # ID=105_5;partial=00;start_type=ATG;rbs_motif=AGGAG;rbs_spacer=5-10bp;gc_cont=0.631
NODE_23_length_94293_cov_37.233197_46  -            491 543at72274           -           1001   3.2e-37  126.1   0.4   1   1   2.8e-38   5.9e-36  121.9   0.4   515   873    56   466    39   483 0.81 # 49186 # 50658 # 1 # ID=23_46;partial=00;start_type=ATG;rbs_motif=GGAG/GAGG;rbs_spacer=5-10bp;gc_cont=0.621
NODE_3_length_201605_cov_36.105884_1   -            498 543at72274           -           1001     2e-36  123.5   1.2   1   1   2.8e-37   5.9e-35  118.6   1.2   514   847    51   437    36   485 0.79 # 456 # 1949 # -1 # ID=3_1;partial=00;start_type=ATG;rbs_motif=AGGAG;rbs_spacer=5-10bp;gc_cont=0.597
NODE_54_length_52356_cov_36.253838_7   -            485 543at72274           -           1001   4.7e-36  122.2   3.9   1   1   7.6e-37   1.6e-34  117.2   3.9   568   873   134   466    21   478 0.76 # 6968 # 8422 # -1 # ID=54_7;partial=00;start_type=ATG;rbs_motif=AGGAG;rbs_spacer=5-10bp;gc_cont=0.641
NODE_10_length_139104_cov_45.561191_8  -            506 543at72274           -           1001   3.3e-35  119.4   4.1   1   1   1.1e-36   2.3e-34  116.6   4.1   572   837   143   429    48   459 0.77 # 16277 # 17794 # 1 # ID=10_8;partial=00;start_type=ATG;rbs_motif=GGAG/GAGG;rbs_spacer=5-10bp;gc_cont=0.623
NODE_21_length_96859_cov_35.716489_77  -            507 543at72274           -           1001   3.1e-32  109.6   0.6   1   1   3.3e-32     7e-30  101.8   0.6   512   848    65   458    53   481 0.71 # 76919 # 78439 # 1 # ID=21_77;partial=00;start_type=ATG;rbs_motif=AGGAG;rbs_spacer=5-10bp;gc_cont=0.616
NODE_65_length_36603_cov_34.057349_25  -            487 543at72274           -           1001   3.7e-32  109.4   0.7   1   2     0.077        16    1.3   0.0   509   539    43    73    29    91 0.78 # 23441 # 24901 # 1 # ID=65_25;partial=00;start_type=ATG;rbs_motif=GGAG/GAGG;rbs_spacer=5-10bp;gc_cont=0.624
NODE_65_length_36603_cov_34.057349_25  -            487 543at72274           -           1001   3.7e-32  109.4   0.7   2   2   2.7e-32   5.7e-30  102.1   0.2   574   879   133   463   126   478 0.80 # 23441 # 24901 # 1 # ID=65_25;partial=00;start_type=ATG;rbs_motif=GGAG/GAGG;rbs_spacer=5-10bp;gc_cont=0.624
NODE_30_length_78626_cov_35.854641_69  -            476 543at72274           -           1001   3.2e-26   89.7   0.0   1   1     2e-28   4.2e-26   89.3   0.0   565   877   107   436    63   464 0.81 # 61083 # 62510 # 1 # ID=30_69;partial=00;start_type=ATG;rbs_motif=GGA/GAG/AGG;rbs_spacer=5-10bp;gc_cont=0.625
NODE_81_length_21422_cov_36.915196_8   -            464 543at72274           -           1001   4.1e-24   82.7   4.6   1   1   1.2e-25   2.6e-23   80.1   4.6   520   869    47   441    33   446 0.77 # 10430 # 11821 # 1 # ID=81_8;partial=00;start_type=ATG;rbs_motif=AGGA;rbs_spacer=5-10bp;gc_cont=0.649
NODE_50_length_54564_cov_36.982462_46  -            542 543at72274           -           1001   2.7e-23   80.0   0.0   1   2       1.3   2.7e+02   -2.7   0.0   529   566   108   146    91   155 0.76 # 51764 # 53389 # -1 # ID=50_46;partial=00;start_type=ATG;rbs_motif=GGA/GAG/AGG;rbs_spacer=5-10bp;gc_cont=0.628
NODE_50_length_54564_cov_36.982462_46  -            542 543at72274           -           1001   2.7e-23   80.0   0.0   2   2   3.4e-25   7.3e-23   78.6   0.0   574   831   175   450   169   495 0.78 # 51764 # 53389 # -1 # ID=50_46;partial=00;start_type=ATG;rbs_motif=GGA/GAG/AGG;rbs_spacer=5-10bp;gc_cont=0.628
NODE_67_length_33288_cov_35.422201_19  -            685 543at72274           -           1001   3.1e-18   63.3   0.0   1   1   2.3e-20   4.9e-18   62.6   0.0   578   773   151   357   139   370 0.85 # 25243 # 27297 # -1 # ID=67_19;partial=00;start_type=ATG;rbs_motif=GGAGG;rbs_spacer=5-10bp;gc_cont=0.661
NODE_40_length_63809_cov_36.202701_5   -            524 543at72274           -           1001   5.1e-14   49.3   2.6   1   1   3.3e-16     7e-14   48.9   2.6   572   728   144   315   139   418 0.82 # 5174 # 6745 # -1 # ID=40_5;partial=00;start_type=ATG;rbs_motif=AGGA;rbs_spacer=5-10bp;gc_cont=0.645
NODE_14_length_119663_cov_36.815405_66 -            527 543at72274           -           1001   2.8e-11   40.3   3.1   1   2       2.3     5e+02   -3.6   0.0   518   541    58    81    40    93 0.70 # 83278 # 84858 # -1 # ID=14_66;partial=00;start_type=ATG;rbs_motif=AGGAG;rbs_spacer=5-10bp;gc_cont=0.654
NODE_14_length_119663_cov_36.815405_66 -            527 543at72274           -           1001   2.8e-11   40.3   3.1   2   2   1.3e-13   2.8e-11   40.3   3.1   572   718   145   303   140   409 0.84 # 83278 # 84858 # -1 # ID=14_66;partial=00;start_type=ATG;rbs_motif=AGGAG;rbs_spacer=5-10bp;gc_cont=0.654
#
# Program:         hmmsearch
# Version:         3.1b2 (February 2015)
# Pipeline mode:   SEARCH
# Query file:      /data2/PEG/hoaxaca/REAA/Pseudomonas/bin/busco_downloads/lineages/pseudomonadales_odb10/hmms/543at72274.hmm
# Target file:     /data2/PEG/hoaxaca/REAA/Pseudomonas/bin/../out/busco/trim_130clip.spades_def/prodigal_output/predicted_genes/predicted.faa
# Option settings: hmmsearch --domtblout /data2/PEG/hoaxaca/REAA/Pseudomonas/bin/../out/busco/trim_130clip.spades_def/run_pseudomonadales_odb10/hmmer_output/543at72274.out --cpu 1 /data2/PEG/hoaxaca/REAA/Pseudomonas/bin/busco_downloads/lineages/pseudomonadales_odb10/hmms/543at72274.hmm /data2/PEG/hoaxaca/REAA/Pseudomonas/bin/../out/busco/trim_130clip.spades_def/prodigal_output/predicted_genes/predicted.faa 
# Current dir:     /data2/PEG/hoaxaca/REAA/Pseudomonas/bin
# Date:            Mon Feb 20 00:26:40 2023
# [ok]
