#                                                                                              --- full sequence --- -------------- this domain -------------   hmm coord   ali coord   env coord
# target name                          accession   tlen query name           accession   qlen   E-value  score  bias   #  of  c-Evalue  i-Evalue  score  bias  from    to  from    to  from    to  acc description of target
#                  ------------------- ---------- ----- -------------------- ---------- ----- --------- ------ ----- --- --- --------- --------- ------ ----- ----- ----- ----- ----- ----- ----- ---- ---------------------
NODE_5_length_184381_cov_37.893162_88  -            621 6134at72274          -            507    3e-240  796.5  16.2   1   2  1.6e-233  2.6e-230  763.8  10.9     1   477     1   562     1   584 0.88 # 84227 # 86089 # 1 # ID=5_88;partial=00;start_type=ATG;rbs_motif=None;rbs_spacer=None;gc_cont=0.626
NODE_5_length_184381_cov_37.893162_88  -            621 6134at72274          -            507    3e-240  796.5  16.2   2   2   2.3e-11   3.7e-08   30.8   0.3   471   507   584   620   566   620 0.89 # 84227 # 86089 # 1 # ID=5_88;partial=00;start_type=ATG;rbs_motif=None;rbs_spacer=None;gc_cont=0.626
NODE_10_length_139104_cov_45.561191_58 -            639 6134at72274          -            507  1.1e-117  392.2  12.1   1   2   1.6e-58   2.5e-55  186.5   0.6    22   222     5   246     3   271 0.82 # 74856 # 76772 # 1 # ID=10_58;partial=00;start_type=ATG;rbs_motif=GGAG/GAGG;rbs_spacer=5-10bp;gc_cont=0.559
NODE_10_length_139104_cov_45.561191_58 -            639 6134at72274          -            507  1.1e-117  392.2  12.1   2   2   1.1e-65   1.8e-62  210.0   5.0   236   499   307   578   279   586 0.84 # 74856 # 76772 # 1 # ID=10_58;partial=00;start_type=ATG;rbs_motif=GGAG/GAGG;rbs_spacer=5-10bp;gc_cont=0.559
NODE_34_length_70130_cov_37.373257_57  -            346 6134at72274          -            507   2.8e-09   34.6   0.1   1   1   7.2e-12   1.2e-08   32.5   0.1    23   220    14   204    10   223 0.66 # 68018 # 69055 # 1 # ID=34_57;partial=00;start_type=ATG;rbs_motif=GGA/GAG/AGG;rbs_spacer=11-12bp;gc_cont=0.591
NODE_3_length_201605_cov_36.105884_112 -            423 6134at72274          -            507   2.2e-08   31.6   0.0   1   2   2.3e-09   3.7e-06   24.2   0.0    21   187     9   198     2   202 0.75 # 131492 # 132760 # 1 # ID=3_112;partial=00;start_type=ATG;rbs_motif=GGA/GAG/AGG;rbs_spacer=11-12bp;gc_cont=0.627
NODE_3_length_201605_cov_36.105884_112 -            423 6134at72274          -            507   2.2e-08   31.6   0.0   2   2    0.0018       2.8    4.9   0.0   242   275   350   383   337   393 0.84 # 131492 # 132760 # 1 # ID=3_112;partial=00;start_type=ATG;rbs_motif=GGA/GAG/AGG;rbs_spacer=11-12bp;gc_cont=0.627
#
# Program:         hmmsearch
# Version:         3.1b2 (February 2015)
# Pipeline mode:   SEARCH
# Query file:      /data2/PEG/hoaxaca/REAA/Pseudomonas/bin/busco_downloads/lineages/pseudomonadales_odb10/hmms/6134at72274.hmm
# Target file:     /data2/PEG/hoaxaca/REAA/Pseudomonas/bin/../out/busco/trim_130clip.spades_def/prodigal_output/predicted_genes/predicted.faa
# Option settings: hmmsearch --domtblout /data2/PEG/hoaxaca/REAA/Pseudomonas/bin/../out/busco/trim_130clip.spades_def/run_pseudomonadales_odb10/hmmer_output/6134at72274.out --cpu 1 /data2/PEG/hoaxaca/REAA/Pseudomonas/bin/busco_downloads/lineages/pseudomonadales_odb10/hmms/6134at72274.hmm /data2/PEG/hoaxaca/REAA/Pseudomonas/bin/../out/busco/trim_130clip.spades_def/prodigal_output/predicted_genes/predicted.faa 
# Current dir:     /data2/PEG/hoaxaca/REAA/Pseudomonas/bin
# Date:            Mon Feb 20 00:26:46 2023
# [ok]
