#                                                                                               --- full sequence --- -------------- this domain -------------   hmm coord   ali coord   env coord
# target name                           accession   tlen query name           accession   qlen   E-value  score  bias   #  of  c-Evalue  i-Evalue  score  bias  from    to  from    to  from    to  acc description of target
#                   ------------------- ---------- ----- -------------------- ---------- ----- --------- ------ ----- --- --- --------- --------- ------ ----- ----- ----- ----- ----- ----- ----- ---- ---------------------
NODE_34_length_70130_cov_37.373257_14   -            528 6653at72274          -            454  6.8e-284  939.8   1.9   1   2  1.1e-121    1e-118  395.4   0.3     1   181     5   185     5   194 0.98 # 17691 # 19274 # 1 # ID=34_14;partial=00;start_type=ATG;rbs_motif=GGA/GAG/AGG;rbs_spacer=5-10bp;gc_cont=0.602
NODE_34_length_70130_cov_37.373257_14   -            528 6653at72274          -            454  6.8e-284  939.8   1.9   2   2  8.1e-167  7.4e-164  544.1   0.1   177   454   236   527   227   527 0.96 # 17691 # 19274 # 1 # ID=34_14;partial=00;start_type=ATG;rbs_motif=GGA/GAG/AGG;rbs_spacer=5-10bp;gc_cont=0.602
NODE_35_length_69566_cov_40.696566_59   -            702 6653at72274          -            454   8.8e-39  131.9   0.4   1   2   2.3e-31   2.1e-28   97.7   0.0     4   185     7   192     4   198 0.90 # 51365 # 53470 # -1 # ID=35_59;partial=00;start_type=ATG;rbs_motif=GGAG/GAGG;rbs_spacer=5-10bp;gc_cont=0.542
NODE_35_length_69566_cov_40.696566_59   -            702 6653at72274          -            454   8.8e-39  131.9   0.4   2   2   2.1e-11   1.9e-08   31.8   0.1   224   400   316   491   257   500 0.82 # 51365 # 53470 # -1 # ID=35_59;partial=00;start_type=ATG;rbs_motif=GGAG/GAGG;rbs_spacer=5-10bp;gc_cont=0.542
NODE_5_length_184381_cov_37.893162_7    -            600 6653at72274          -            454   5.7e-26   89.7   0.0   1   2   3.4e-23   3.1e-20   70.7   0.0     3   161     3   159     1   164 0.87 # 5927 # 7726 # 1 # ID=5_7;partial=00;start_type=GTG;rbs_motif=GGA/GAG/AGG;rbs_spacer=5-10bp;gc_cont=0.576
NODE_5_length_184381_cov_37.893162_7    -            600 6653at72274          -            454   5.7e-26   89.7   0.0   2   2   6.4e-07   0.00058   17.1   0.0   197   393   166   368   158   376 0.76 # 5927 # 7726 # 1 # ID=5_7;partial=00;start_type=GTG;rbs_motif=GGA/GAG/AGG;rbs_spacer=5-10bp;gc_cont=0.576
NODE_9_length_140286_cov_37.185344_66   -            607 6653at72274          -            454   9.2e-19   65.9   0.2   1   2   1.4e-20   1.3e-17   62.1   0.1     5   157     3   149     1   194 0.79 # 76200 # 78020 # -1 # ID=9_66;partial=00;start_type=GTG;rbs_motif=GGA/GAG/AGG;rbs_spacer=5-10bp;gc_cont=0.567
NODE_9_length_140286_cov_37.185344_66   -            607 6653at72274          -            454   9.2e-19   65.9   0.2   2   2     0.032        29    1.6   0.0   279   311   258   290   220   299 0.82 # 76200 # 78020 # -1 # ID=9_66;partial=00;start_type=GTG;rbs_motif=GGA/GAG/AGG;rbs_spacer=5-10bp;gc_cont=0.567
NODE_35_length_69566_cov_40.696566_58   -            398 6653at72274          -            454   6.9e-09   33.3   0.3   1   2   2.4e-11   2.2e-08   31.7   0.0    12   153    17   151    12   164 0.84 # 50141 # 51334 # -1 # ID=35_58;partial=00;start_type=GTG;rbs_motif=AGGAG;rbs_spacer=5-10bp;gc_cont=0.545
NODE_35_length_69566_cov_40.696566_58   -            398 6653at72274          -            454   6.9e-09   33.3   0.3   2   2      0.17   1.5e+02   -0.8   0.1   105   156   177   222   152   265 0.61 # 50141 # 51334 # -1 # ID=35_58;partial=00;start_type=GTG;rbs_motif=AGGAG;rbs_spacer=5-10bp;gc_cont=0.545
NODE_10_length_139104_cov_45.561191_73  -            841 6653at72274          -            454   1.2e-07   29.3   0.0   1   2   3.2e-10   2.9e-07   28.0   0.0    72   141   385   454   327   472 0.86 # 93703 # 96225 # 1 # ID=10_73;partial=00;start_type=ATG;rbs_motif=AGGAG;rbs_spacer=5-10bp;gc_cont=0.587
NODE_10_length_139104_cov_45.561191_73  -            841 6653at72274          -            454   1.2e-07   29.3   0.0   2   2      0.92   8.4e+02   -3.2   0.0   128   162   478   512   477   518 0.88 # 93703 # 96225 # 1 # ID=10_73;partial=00;start_type=ATG;rbs_motif=AGGAG;rbs_spacer=5-10bp;gc_cont=0.587
NODE_12_length_124139_cov_36.699728_104 -            633 6653at72274          -            454     7e-07   26.7   0.3   1   1   1.2e-09   1.1e-06   26.0   0.3    15   141    32   170    19   183 0.77 # 103073 # 104971 # 1 # ID=12_104;partial=00;start_type=ATG;rbs_motif=GGA/GAG/AGG;rbs_spacer=5-10bp;gc_cont=0.622
#
# Program:         hmmsearch
# Version:         3.1b2 (February 2015)
# Pipeline mode:   SEARCH
# Query file:      /data2/PEG/hoaxaca/REAA/Pseudomonas/bin/busco_downloads/lineages/pseudomonadales_odb10/hmms/6653at72274.hmm
# Target file:     /data2/PEG/hoaxaca/REAA/Pseudomonas/bin/../out/busco/trim_130clip.spades_def/prodigal_output/predicted_genes/predicted.faa
# Option settings: hmmsearch --domtblout /data2/PEG/hoaxaca/REAA/Pseudomonas/bin/../out/busco/trim_130clip.spades_def/run_pseudomonadales_odb10/hmmer_output/6653at72274.out --cpu 1 /data2/PEG/hoaxaca/REAA/Pseudomonas/bin/busco_downloads/lineages/pseudomonadales_odb10/hmms/6653at72274.hmm /data2/PEG/hoaxaca/REAA/Pseudomonas/bin/../out/busco/trim_130clip.spades_def/prodigal_output/predicted_genes/predicted.faa 
# Current dir:     /data2/PEG/hoaxaca/REAA/Pseudomonas/bin
# Date:            Mon Feb 20 00:26:51 2023
# [ok]
