#                                                                                              --- full sequence --- -------------- this domain -------------   hmm coord   ali coord   env coord
# target name                          accession   tlen query name           accession   qlen   E-value  score  bias   #  of  c-Evalue  i-Evalue  score  bias  from    to  from    to  from    to  acc description of target
#                  ------------------- ---------- ----- -------------------- ---------- ----- --------- ------ ----- --- --- --------- --------- ------ ----- ----- ----- ----- ----- ----- ----- ---- ---------------------
NODE_3_length_201605_cov_36.105884_65  -            107 70568at72274         -             82   5.6e-41  137.4   2.3   1   1     8e-43   4.7e-40  134.4   2.3     2    82     3   106     2   106 0.90 # 65548 # 65868 # 1 # ID=3_65;partial=00;start_type=ATG;rbs_motif=GGA/GAG/AGG;rbs_spacer=5-10bp;gc_cont=0.555
NODE_62_length_38743_cov_40.098144_3   -            447 70568at72274         -             82   2.1e-05   23.4   0.4   1   2       3.1   1.8e+03   -2.0   0.1    37    68   246   277   238   280 0.80 # 472 # 1812 # -1 # ID=62_3;partial=00;start_type=ATG;rbs_motif=GGA/GAG/AGG;rbs_spacer=5-10bp;gc_cont=0.623
NODE_62_length_38743_cov_40.098144_3   -            447 70568at72274         -             82   2.1e-05   23.4   0.4   2   2   1.1e-07   6.5e-05   21.8   0.0    40    81   403   444   398   445 0.94 # 472 # 1812 # -1 # ID=62_3;partial=00;start_type=ATG;rbs_motif=GGA/GAG/AGG;rbs_spacer=5-10bp;gc_cont=0.623
NODE_96_length_14248_cov_40.028958_13  -            339 70568at72274         -             82   0.00041   19.3   0.4   1   1   1.8e-06     0.001   18.0   0.4    40    78   288   326   282   329 0.90 # 13231 # 14247 # -1 # ID=96_13;partial=01;start_type=Edge;rbs_motif=None;rbs_spacer=None;gc_cont=0.616
NODE_74_length_26255_cov_35.093550_9   -            363 70568at72274         -             82   0.00045   19.1   0.1   1   1   1.8e-06     0.001   18.0   0.1    26    74   286   333   272   339 0.84 # 10645 # 11733 # -1 # ID=74_9;partial=00;start_type=ATG;rbs_motif=GGA/GAG/AGG;rbs_spacer=5-10bp;gc_cont=0.623
NODE_85_length_18550_cov_38.875588_9   -            368 70568at72274         -             82   0.00061   18.7   0.1   1   1   2.1e-06    0.0012   17.8   0.1    13    76   278   340   266   346 0.81 # 7014 # 8117 # -1 # ID=85_9;partial=00;start_type=ATG;rbs_motif=GGAG/GAGG;rbs_spacer=5-10bp;gc_cont=0.620
NODE_9_length_140286_cov_37.185344_72  -            479 70568at72274         -             82   0.00089   18.2   0.0   1   1   3.3e-06    0.0019   17.1   0.0    30    80   414   464   393   466 0.81 # 83555 # 84991 # 1 # ID=9_72;partial=00;start_type=ATG;rbs_motif=AGGAG;rbs_spacer=5-10bp;gc_cont=0.634
NODE_34_length_70130_cov_37.373257_28  -            187 70568at72274         -             82     0.003   16.5   0.0   1   1   1.1e-05    0.0063   15.5   0.0    47    78   150   181   142   184 0.92 # 38215 # 38775 # 1 # ID=34_28;partial=00;start_type=ATG;rbs_motif=AGGAG;rbs_spacer=5-10bp;gc_cont=0.652
NODE_9_length_140286_cov_37.185344_120 -            462 70568at72274         -             82    0.0035   16.3   0.6   1   2       3.6   2.1e+03   -2.2   0.1    37    68   244   275   242   276 0.75 # 130466 # 131851 # 1 # ID=9_120;partial=00;start_type=ATG;rbs_motif=GGAG/GAGG;rbs_spacer=5-10bp;gc_cont=0.640
NODE_9_length_140286_cov_37.185344_120 -            462 70568at72274         -             82    0.0035   16.3   0.6   2   2   1.4e-05    0.0084   15.1   0.1    40    81   407   448   404   449 0.95 # 130466 # 131851 # 1 # ID=9_120;partial=00;start_type=ATG;rbs_motif=GGAG/GAGG;rbs_spacer=5-10bp;gc_cont=0.640
NODE_60_length_46114_cov_39.280597_20  -            466 70568at72274         -             82     0.005   15.8   0.0   1   1   1.9e-05     0.011   14.7   0.0    45    77   428   460   416   464 0.88 # 22048 # 23445 # 1 # ID=60_20;partial=00;start_type=ATG;rbs_motif=GGxGG;rbs_spacer=5-10bp;gc_cont=0.616
NODE_7_length_160420_cov_35.917657_12  -            492 70568at72274         -             82    0.0051   15.8   0.1   1   1   2.4e-05     0.014   14.4   0.1    39    81   438   480   430   481 0.92 # 11145 # 12620 # -1 # ID=7_12;partial=00;start_type=ATG;rbs_motif=GGA/GAG/AGG;rbs_spacer=11-12bp;gc_cont=0.614
NODE_21_length_96859_cov_35.716489_76  -            635 70568at72274         -             82     0.017   14.1   0.0   1   1   6.9e-05      0.04   12.9   0.0    42    81   593   632   587   633 0.86 # 74729 # 76633 # -1 # ID=21_76;partial=00;start_type=ATG;rbs_motif=AGGA/GGAG/GAGG;rbs_spacer=11-12bp;gc_cont=0.633
#
# Program:         hmmsearch
# Version:         3.1b2 (February 2015)
# Pipeline mode:   SEARCH
# Query file:      /data2/PEG/hoaxaca/REAA/Pseudomonas/bin/busco_downloads/lineages/pseudomonadales_odb10/hmms/70568at72274.hmm
# Target file:     /data2/PEG/hoaxaca/REAA/Pseudomonas/bin/../out/busco/trim_130clip.spades_def/prodigal_output/predicted_genes/predicted.faa
# Option settings: hmmsearch --domtblout /data2/PEG/hoaxaca/REAA/Pseudomonas/bin/../out/busco/trim_130clip.spades_def/run_pseudomonadales_odb10/hmmer_output/70568at72274.out --cpu 1 /data2/PEG/hoaxaca/REAA/Pseudomonas/bin/busco_downloads/lineages/pseudomonadales_odb10/hmms/70568at72274.hmm /data2/PEG/hoaxaca/REAA/Pseudomonas/bin/../out/busco/trim_130clip.spades_def/prodigal_output/predicted_genes/predicted.faa 
# Current dir:     /data2/PEG/hoaxaca/REAA/Pseudomonas/bin
# Date:            Mon Feb 20 00:26:53 2023
# [ok]
