#                                                                                             --- full sequence --- -------------- this domain -------------   hmm coord   ali coord   env coord
# target name                         accession   tlen query name           accession   qlen   E-value  score  bias   #  of  c-Evalue  i-Evalue  score  bias  from    to  from    to  from    to  acc description of target
#                 ------------------- ---------- ----- -------------------- ---------- ----- --------- ------ ----- --- --- --------- --------- ------ ----- ----- ----- ----- ----- ----- ----- ---- ---------------------
NODE_51_length_49247_cov_2.743791_2   -            539 11534at72274         -            422  1.3e-165  550.0   7.1   1   2  1.8e-114  1.5e-112  375.2   2.8     1   319     2   399     2   408 0.86 # 664 # 2280 # -1 # ID=51_2;partial=00;start_type=GTG;rbs_motif=None;rbs_spacer=None;gc_cont=0.640
NODE_51_length_49247_cov_2.743791_2   -            539 11534at72274         -            422  1.3e-165  550.0   7.1   2   2     1e-52   8.5e-51  171.7   0.1   321   422   420   533   411   533 0.94 # 664 # 2280 # -1 # ID=51_2;partial=00;start_type=GTG;rbs_motif=None;rbs_spacer=None;gc_cont=0.640
NODE_60_length_42394_cov_2.610618_30  -            426 11534at72274         -            422   2.1e-69  233.0   2.4   1   1   4.3e-70   3.6e-68  229.0   2.4   170   419   135   422    72   425 0.82 # 36696 # 37973 # -1 # ID=60_30;partial=00;start_type=ATG;rbs_motif=GGAGG;rbs_spacer=5-10bp;gc_cont=0.633
NODE_74_length_32125_cov_2.675573_7   -            432 11534at72274         -            422   1.6e-68  230.1   0.4   1   1   1.8e-68   1.5e-66  223.6   0.4    91   418    40   428    21   431 0.69 # 5085 # 6380 # -1 # ID=74_7;partial=00;start_type=ATG;rbs_motif=GGA/GAG/AGG;rbs_spacer=5-10bp;gc_cont=0.644
NODE_25_length_65367_cov_2.860270_64  -            432 11534at72274         -            422   3.5e-40  136.8   0.0   1   1   1.3e-41   1.1e-39  135.2   0.0   155   415   129   422    73   427 0.75 # 56355 # 57650 # -1 # ID=25_64;partial=00;start_type=ATG;rbs_motif=GGAG/GAGG;rbs_spacer=5-10bp;gc_cont=0.632
NODE_128_length_17173_cov_2.570632_8  -            464 11534at72274         -            422   6.7e-38  129.2   1.8   1   1   1.3e-39   1.1e-37  128.6   1.8   162   408   180   447   160   460 0.73 # 3712 # 5103 # -1 # ID=128_8;partial=00;start_type=GTG;rbs_motif=None;rbs_spacer=None;gc_cont=0.601
NODE_92_length_25095_cov_2.733979_7   -            346 11534at72274         -            422   1.5e-37  128.1   0.9   1   1   1.9e-39   1.6e-37  128.0   0.0   174   419    72   343    64   345 0.81 # 6338 # 7375 # -1 # ID=92_7;partial=00;start_type=ATG;rbs_motif=GGA/GAG/AGG;rbs_spacer=5-10bp;gc_cont=0.648
NODE_133_length_16064_cov_2.767899_3  -            438 11534at72274         -            422   3.3e-37  127.0   0.1   1   1   8.7e-39   7.3e-37  125.8   0.1   174   407   153   415   131   427 0.77 # 2229 # 3542 # 1 # ID=133_3;partial=00;start_type=ATG;rbs_motif=None;rbs_spacer=None;gc_cont=0.618
NODE_8_length_105283_cov_2.931587_81  -            440 11534at72274         -            422   4.8e-35  119.9   0.0   1   1   8.8e-37   7.3e-35  119.2   0.0   171   419   163   438   152   439 0.78 # 86935 # 88254 # -1 # ID=8_81;partial=00;start_type=ATG;rbs_motif=None;rbs_spacer=None;gc_cont=0.627
NODE_134_length_15699_cov_2.517018_14 -            435 11534at72274         -            422   2.8e-34  117.3   0.2   1   1   6.9e-36   5.7e-34  116.3   0.2   156   406   148   420   129   428 0.71 # 14185 # 15489 # 1 # ID=134_14;partial=00;start_type=ATG;rbs_motif=GGA/GAG/AGG;rbs_spacer=5-10bp;gc_cont=0.634
NODE_77_length_31410_cov_2.670140_17  -            490 11534at72274         -            422   3.7e-33  113.6   0.0   1   1   3.4e-34   2.9e-32  110.7   0.0   164   413   208   478   190   487 0.77 # 16522 # 17991 # -1 # ID=77_17;partial=00;start_type=ATG;rbs_motif=None;rbs_spacer=None;gc_cont=0.632
NODE_42_length_53659_cov_2.580278_21  -            457 11534at72274         -            422   4.7e-33  113.3   1.0   1   1   9.1e-34   7.6e-32  109.3   1.0   177   403   179   439   157   448 0.74 # 18013 # 19383 # 1 # ID=42_21;partial=00;start_type=ATG;rbs_motif=GGA/GAG/AGG;rbs_spacer=5-10bp;gc_cont=0.631
NODE_146_length_13729_cov_2.682547_4  -            468 11534at72274         -            422   1.5e-30  105.0   0.6   1   1   1.2e-31   9.7e-30  102.4   0.6   117   406   114   446    97   461 0.76 # 5447 # 6850 # -1 # ID=146_4;partial=00;start_type=ATG;rbs_motif=GGAGG;rbs_spacer=5-10bp;gc_cont=0.632
NODE_2_length_144272_cov_2.753151_85  -            466 11534at72274         -            422   1.5e-28   98.5   0.2   1   2   8.3e-15   6.9e-13   46.8   0.1   174   286   168   290   119   324 0.75 # 87406 # 88803 # 1 # ID=2_85;partial=00;start_type=ATG;rbs_motif=GGAG/GAGG;rbs_spacer=5-10bp;gc_cont=0.635
NODE_2_length_144272_cov_2.753151_85  -            466 11534at72274         -            422   1.5e-28   98.5   0.2   2   2     1e-15   8.5e-14   49.8   0.0   306   416   335   454   327   460 0.78 # 87406 # 88803 # 1 # ID=2_85;partial=00;start_type=ATG;rbs_motif=GGAG/GAGG;rbs_spacer=5-10bp;gc_cont=0.635
NODE_55_length_46312_cov_2.788979_30  -            596 11534at72274         -            422   2.6e-27   94.3   9.6   1   2   1.3e-05    0.0011   16.6   2.2    13   272    16   281     9   288 0.64 # 30232 # 32019 # 1 # ID=55_30;partial=00;start_type=ATG;rbs_motif=GGA/GAG/AGG;rbs_spacer=5-10bp;gc_cont=0.606
NODE_55_length_46312_cov_2.788979_30  -            596 11534at72274         -            422   2.6e-27   94.3   9.6   2   2   6.2e-23   5.1e-21   73.6   0.9   240   419   376   594   367   595 0.72 # 30232 # 32019 # 1 # ID=55_30;partial=00;start_type=ATG;rbs_motif=GGA/GAG/AGG;rbs_spacer=5-10bp;gc_cont=0.606
NODE_147_length_13291_cov_2.628153_1  -            403 11534at72274         -            422   7.4e-27   92.9   0.2   1   2      0.84        70    0.7   0.0     1    30     2    32     2    53 0.90 # 3 # 1211 # -1 # ID=147_1;partial=10;start_type=GTG;rbs_motif=GGAG/GAGG;rbs_spacer=5-10bp;gc_cont=0.656
NODE_147_length_13291_cov_2.628153_1  -            403 11534at72274         -            422   7.4e-27   92.9   0.2   2   2   1.4e-27   1.2e-25   88.9   0.1   162   372   143   394   117   397 0.66 # 3 # 1211 # -1 # ID=147_1;partial=10;start_type=GTG;rbs_motif=GGAG/GAGG;rbs_spacer=5-10bp;gc_cont=0.656
NODE_45_length_50663_cov_2.754749_39  -            471 11534at72274         -            422   3.5e-25   87.3   2.4   1   1   4.2e-27   3.5e-25   87.3   2.4   166   408   170   452   156   464 0.74 # 32441 # 33853 # 1 # ID=45_39;partial=00;start_type=ATG;rbs_motif=None;rbs_spacer=None;gc_cont=0.640
NODE_42_length_53659_cov_2.580278_19  -            918 11534at72274         -            422   3.6e-24   84.0   3.9   1   3   4.7e-07   3.9e-05   21.3   0.2   166   237   173   243   162   264 0.76 # 14339 # 17092 # -1 # ID=42_19;partial=00;start_type=GTG;rbs_motif=AGGAG;rbs_spacer=5-10bp;gc_cont=0.634
NODE_42_length_53659_cov_2.580278_19  -            918 11534at72274         -            422   3.6e-24   84.0   3.9   2   3   9.2e-05    0.0076   13.8   0.0   239   305   284   357   274   370 0.75 # 14339 # 17092 # -1 # ID=42_19;partial=00;start_type=GTG;rbs_motif=AGGAG;rbs_spacer=5-10bp;gc_cont=0.634
NODE_42_length_53659_cov_2.580278_19  -            918 11534at72274         -            422   3.6e-24   84.0   3.9   3   3     2e-14   1.6e-12   45.6   0.5   298   411   372   501   363   513 0.80 # 14339 # 17092 # -1 # ID=42_19;partial=00;start_type=GTG;rbs_motif=AGGAG;rbs_spacer=5-10bp;gc_cont=0.634
NODE_4_length_135474_cov_2.802715_101 -            455 11534at72274         -            422   8.3e-23   79.5   0.9   1   1   4.4e-24   3.6e-22   77.4   0.9   156   413   147   446   133   454 0.70 # 102073 # 103437 # 1 # ID=4_101;partial=00;start_type=GTG;rbs_motif=GGAG/GAGG;rbs_spacer=5-10bp;gc_cont=0.617
NODE_14_length_85343_cov_2.706687_45  -            451 11534at72274         -            422   1.6e-22   78.6   0.9   1   1   8.7e-24   7.3e-22   76.4   0.9   166   407   153   436   128   448 0.73 # 53252 # 54604 # -1 # ID=14_45;partial=00;start_type=ATG;rbs_motif=AGGAG/GGAGG;rbs_spacer=11-12bp;gc_cont=0.620
NODE_26_length_64093_cov_2.653488_30  -            462 11534at72274         -            422     4e-22   77.3   0.4   1   1   4.8e-22     4e-20   70.7   0.4   163   408   167   448   129   454 0.71 # 26253 # 27638 # -1 # ID=26_30;partial=00;start_type=ATG;rbs_motif=GGA/GAG/AGG;rbs_spacer=5-10bp;gc_cont=0.652
NODE_25_length_65367_cov_2.860270_69  -            427 11534at72274         -            422   8.4e-22   76.2   0.3   1   1   3.6e-23     3e-21   74.4   0.3   215   414   187   416   126   420 0.76 # 62035 # 63315 # 1 # ID=25_69;partial=00;start_type=ATG;rbs_motif=GGAG/GAGG;rbs_spacer=5-10bp;gc_cont=0.625
NODE_170_length_9082_cov_2.837409_6   -            593 11534at72274         -            422   7.1e-21   73.2   0.2   1   1   9.5e-22   7.9e-20   69.7   0.2   165   415   278   572   250   579 0.73 # 5259 # 7037 # 1 # ID=170_6;partial=00;start_type=ATG;rbs_motif=None;rbs_spacer=None;gc_cont=0.613
NODE_32_length_57774_cov_2.878276_37  -            439 11534at72274         -            422   4.8e-20   70.4   3.8   1   2     5e-07   4.2e-05   21.2   2.5   143   283   129   276   117   292 0.75 # 34391 # 35707 # 1 # ID=32_37;partial=00;start_type=ATG;rbs_motif=None;rbs_spacer=None;gc_cont=0.606
NODE_32_length_57774_cov_2.878276_37  -            439 11534at72274         -            422   4.8e-20   70.4   3.8   2   2   3.8e-15   3.2e-13   48.0   0.0   331   420   340   436   330   438 0.80 # 34391 # 35707 # 1 # ID=32_37;partial=00;start_type=ATG;rbs_motif=None;rbs_spacer=None;gc_cont=0.606
NODE_31_length_59263_cov_2.718209_47  -           1016 11534at72274         -            422   9.1e-20   69.5   2.3   1   1   8.1e-21   6.8e-19   66.6   2.3   194   405   751  1000   741  1015 0.75 # 56214 # 59261 # 1 # ID=31_47;partial=01;start_type=ATG;rbs_motif=GGAG/GAGG;rbs_spacer=5-10bp;gc_cont=0.626
NODE_35_length_56262_cov_2.748784_7   -            441 11534at72274         -            422   2.8e-19   67.9   0.7   1   1   1.7e-20   1.4e-18   65.6   0.7   232   408   198   415   193   429 0.72 # 3729 # 5051 # 1 # ID=35_7;partial=00;start_type=GTG;rbs_motif=AGGA/GGAG/GAGG;rbs_spacer=11-12bp;gc_cont=0.616
NODE_8_length_105283_cov_2.931587_59  -            466 11534at72274         -            422   3.4e-18   64.3   6.6   1   2     0.015       1.3    6.4   0.0   163   231     4    76     1    80 0.76 # 66212 # 67609 # -1 # ID=8_59;partial=00;start_type=ATG;rbs_motif=GGA/GAG/AGG;rbs_spacer=5-10bp;gc_cont=0.628
NODE_8_length_105283_cov_2.931587_59  -            466 11534at72274         -            422   3.4e-18   64.3   6.6   2   2   8.4e-17     7e-15   53.4   4.8   174   412   171   445   158   451 0.67 # 66212 # 67609 # -1 # ID=8_59;partial=00;start_type=ATG;rbs_motif=GGA/GAG/AGG;rbs_spacer=5-10bp;gc_cont=0.628
NODE_82_length_29491_cov_2.964310_6   -            634 11534at72274         -            422   7.6e-18   63.2   7.4   1   3       3.6     3e+02   -1.4   0.0   171   197    21    47    11    70 0.81 # 5774 # 7675 # 1 # ID=82_6;partial=00;start_type=ATG;rbs_motif=AGGAG;rbs_spacer=5-10bp;gc_cont=0.612
NODE_82_length_29491_cov_2.964310_6   -            634 11534at72274         -            422   7.6e-18   63.2   7.4   2   3   4.1e-08   3.4e-06   24.8   2.9   170   326   172   358   149   364 0.66 # 5774 # 7675 # 1 # ID=82_6;partial=00;start_type=ATG;rbs_motif=AGGAG;rbs_spacer=5-10bp;gc_cont=0.612
NODE_82_length_29491_cov_2.964310_6   -            634 11534at72274         -            422   7.6e-18   63.2   7.4   3   3   7.6e-11   6.4e-09   33.8   0.0   320   415   374   485   370   492 0.77 # 5774 # 7675 # 1 # ID=82_6;partial=00;start_type=ATG;rbs_motif=AGGAG;rbs_spacer=5-10bp;gc_cont=0.612
NODE_84_length_27424_cov_2.668791_22  -            452 11534at72274         -            422   1.5e-16   58.9   2.5   1   2   1.5e-06   0.00013   19.6   0.6   232   345   183   326   161   341 0.65 # 19882 # 21237 # -1 # ID=84_22;partial=00;start_type=ATG;rbs_motif=GGA/GAG/AGG;rbs_spacer=5-10bp;gc_cont=0.616
NODE_84_length_27424_cov_2.668791_22  -            452 11534at72274         -            422   1.5e-16   58.9   2.5   2   2   1.1e-11   9.2e-10   36.5   0.0   353   418   368   435   356   440 0.89 # 19882 # 21237 # -1 # ID=84_22;partial=00;start_type=ATG;rbs_motif=GGA/GAG/AGG;rbs_spacer=5-10bp;gc_cont=0.616
NODE_45_length_50663_cov_2.754749_51  -            451 11534at72274         -            422   2.9e-16   58.0   2.8   1   2       7.9   6.6e+02   -2.5   0.1     2    28    11    37    10    47 0.84 # 43499 # 44851 # 1 # ID=45_51;partial=00;start_type=ATG;rbs_motif=GGA/GAG/AGG;rbs_spacer=5-10bp;gc_cont=0.629
NODE_45_length_50663_cov_2.754749_51  -            451 11534at72274         -            422   2.9e-16   58.0   2.8   2   2   3.5e-18   2.9e-16   58.0   2.8   175   408   163   433   150   441 0.71 # 43499 # 44851 # 1 # ID=45_51;partial=00;start_type=ATG;rbs_motif=GGA/GAG/AGG;rbs_spacer=5-10bp;gc_cont=0.629
NODE_67_length_38797_cov_2.772976_4   -            492 11534at72274         -            422     3e-16   57.9   0.9   1   2   3.7e-10   3.1e-08   31.5   0.1   168   266   182   290   155   362 0.74 # 1969 # 3444 # 1 # ID=67_4;partial=00;start_type=ATG;rbs_motif=GGA/GAG/AGG;rbs_spacer=5-10bp;gc_cont=0.622
NODE_67_length_38797_cov_2.772976_4   -            492 11534at72274         -            422     3e-16   57.9   0.9   2   2   3.3e-08   2.7e-06   25.1   0.1   320   406   374   469   369   481 0.76 # 1969 # 3444 # 1 # ID=67_4;partial=00;start_type=ATG;rbs_motif=GGA/GAG/AGG;rbs_spacer=5-10bp;gc_cont=0.622
NODE_42_length_53659_cov_2.580278_4   -            449 11534at72274         -            422     4e-16   57.5   0.5   1   1     3e-17   2.5e-15   54.9   0.0   139   419   134   446   116   448 0.76 # 1409 # 2755 # 1 # ID=42_4;partial=00;start_type=TTG;rbs_motif=GGA/GAG/AGG;rbs_spacer=5-10bp;gc_cont=0.623
NODE_16_length_77070_cov_2.785296_5   -            450 11534at72274         -            422   7.9e-15   53.2   4.6   1   2       2.5   2.1e+02   -0.8   0.1     2    29    11    38    10    61 0.80 # 2181 # 3530 # 1 # ID=16_5;partial=00;start_type=ATG;rbs_motif=GGA/GAG/AGG;rbs_spacer=5-10bp;gc_cont=0.649
NODE_16_length_77070_cov_2.785296_5   -            450 11534at72274         -            422   7.9e-15   53.2   4.6   2   2   1.5e-16   1.3e-14   52.6   1.7   167   409   154   434   121   447 0.69 # 2181 # 3530 # 1 # ID=16_5;partial=00;start_type=ATG;rbs_motif=GGA/GAG/AGG;rbs_spacer=5-10bp;gc_cont=0.649
NODE_60_length_42394_cov_2.610618_6   -            402 11534at72274         -            422   1.8e-14   52.1  10.4   1   1   2.2e-15   1.8e-13   48.7  10.4   224   415   153   387   128   394 0.68 # 6540 # 7745 # -1 # ID=60_6;partial=00;start_type=ATG;rbs_motif=GGA/GAG/AGG;rbs_spacer=5-10bp;gc_cont=0.606
NODE_91_length_25104_cov_2.730872_16  -            884 11534at72274         -            422   1.1e-13   49.4   0.1   1   1   1.3e-14     1e-12   46.2   0.1   240   419   661   873   644   876 0.71 # 17063 # 19714 # -1 # ID=91_16;partial=00;start_type=ATG;rbs_motif=AGGA;rbs_spacer=5-10bp;gc_cont=0.664
NODE_60_length_42394_cov_2.610618_9   -           1166 11534at72274         -            422     2e-13   48.6  12.3   1   1   2.9e-15   2.4e-13   48.4   4.1   214   417   468   715   444   720 0.69 # 9151 # 12648 # -1 # ID=60_9;partial=00;start_type=ATG;rbs_motif=GGA/GAG/AGG;rbs_spacer=5-10bp;gc_cont=0.602
NODE_19_length_72343_cov_2.670530_48  -           1211 11534at72274         -            422   3.3e-13   47.9   0.7   1   1     3e-13   2.5e-11   41.7   0.7   242   411   719   936   681   945 0.71 # 47701 # 51333 # 1 # ID=19_48;partial=00;start_type=ATG;rbs_motif=GGA/GAG/AGG;rbs_spacer=5-10bp;gc_cont=0.594
NODE_123_length_17788_cov_2.944171_6  -           1129 11534at72274         -            422   2.2e-12   45.2   1.5   1   1     4e-12   3.3e-10   38.0   0.6   244   415   682   891   673   894 0.67 # 5868 # 9254 # 1 # ID=123_6;partial=00;start_type=GTG;rbs_motif=GGAG/GAGG;rbs_spacer=5-10bp;gc_cont=0.634
NODE_19_length_72343_cov_2.670530_51  -            775 11534at72274         -            422   5.5e-12   43.9   3.4   1   2       4.5   3.8e+02   -1.7   0.2   177   238   175   237   156   283 0.58 # 52901 # 55225 # 1 # ID=19_51;partial=00;start_type=GTG;rbs_motif=AGGA;rbs_spacer=5-10bp;gc_cont=0.615
NODE_19_length_72343_cov_2.670530_51  -            775 11534at72274         -            422   5.5e-12   43.9   3.4   2   2   2.8e-12   2.4e-10   38.5   2.6   232   413   282   503   218   512 0.65 # 52901 # 55225 # 1 # ID=19_51;partial=00;start_type=GTG;rbs_motif=AGGA;rbs_spacer=5-10bp;gc_cont=0.615
NODE_8_length_105283_cov_2.931587_80  -            743 11534at72274         -            422   6.2e-12   43.7   0.4   1   1   2.6e-12   2.2e-10   38.6   0.4   229   408   504   727   491   740 0.70 # 84348 # 86576 # 1 # ID=8_80;partial=00;start_type=ATG;rbs_motif=AGGAG;rbs_spacer=5-10bp;gc_cont=0.613
NODE_30_length_60945_cov_2.703410_35  -           1198 11534at72274         -            422   7.3e-12   43.5   0.7   1   1   9.2e-13   7.6e-11   40.1   0.7   242   407   708   918   691   925 0.73 # 48575 # 52168 # -1 # ID=30_35;partial=00;start_type=ATG;rbs_motif=None;rbs_spacer=None;gc_cont=0.617
NODE_75_length_31643_cov_2.758599_1   -            394 11534at72274         -            422   1.2e-11   42.8   0.4   1   1   2.4e-12     2e-10   38.7   0.3   242   415   164   377   141   385 0.68 # 1 # 1182 # 1 # ID=75_1;partial=10;start_type=Edge;rbs_motif=None;rbs_spacer=None;gc_cont=0.654
NODE_10_length_99402_cov_2.843808_31  -            764 11534at72274         -            422   1.5e-11   42.4   2.3   1   2       7.7   6.4e+02   -2.5   0.0   333   362   153   180   142   182 0.67 # 34158 # 36449 # 1 # ID=10_31;partial=00;start_type=GTG;rbs_motif=GGA/GAG/AGG;rbs_spacer=5-10bp;gc_cont=0.611
NODE_10_length_99402_cov_2.843808_31  -            764 11534at72274         -            422   1.5e-11   42.4   2.3   2   2   1.6e-12   1.3e-10   39.3   0.9   233   419   541   759   537   762 0.63 # 34158 # 36449 # 1 # ID=10_31;partial=00;start_type=GTG;rbs_motif=GGA/GAG/AGG;rbs_spacer=5-10bp;gc_cont=0.611
NODE_78_length_31089_cov_2.819165_4   -            806 11534at72274         -            422   1.8e-11   42.2   3.8   1   1   4.4e-12   3.6e-10   37.9   2.4   243   408   320   529   298   537 0.69 # 3205 # 5622 # 1 # ID=78_4;partial=00;start_type=ATG;rbs_motif=GGA/GAG/AGG;rbs_spacer=5-10bp;gc_cont=0.588
NODE_47_length_50324_cov_2.789748_23  -           1194 11534at72274         -            422   1.9e-11   42.1   0.8   1   1   8.8e-12   7.3e-10   36.9   0.8   324   406   822   921   705   930 0.71 # 23757 # 27338 # -1 # ID=47_23;partial=00;start_type=GTG;rbs_motif=AGGA;rbs_spacer=5-10bp;gc_cont=0.620
NODE_167_length_9385_cov_2.847915_6   -            732 11534at72274         -            422   6.9e-11   40.3   5.3   1   2      0.16        13    3.1   0.2    54    96   295   338   277   365 0.79 # 5692 # 7887 # -1 # ID=167_6;partial=00;start_type=ATG;rbs_motif=GGAG/GAGG;rbs_spacer=5-10bp;gc_cont=0.635
NODE_167_length_9385_cov_2.847915_6   -            732 11534at72274         -            422   6.9e-11   40.3   5.3   2   2   1.9e-11   1.6e-09   35.8   1.0   229   403   493   712   481   723 0.73 # 5692 # 7887 # -1 # ID=167_6;partial=00;start_type=ATG;rbs_motif=GGAG/GAGG;rbs_spacer=5-10bp;gc_cont=0.635
NODE_28_length_63385_cov_2.692940_48  -            937 11534at72274         -            422   3.7e-10   37.9   1.2   1   2       6.3   5.2e+02   -2.2   0.1     5    42    24    60    23    91 0.74 # 40328 # 43138 # 1 # ID=28_48;partial=00;start_type=ATG;rbs_motif=None;rbs_spacer=None;gc_cont=0.603
NODE_28_length_63385_cov_2.692940_48  -            937 11534at72274         -            422   3.7e-10   37.9   1.2   2   2   8.6e-11   7.1e-09   33.6   0.2   245   420   465   684   456   686 0.69 # 40328 # 43138 # 1 # ID=28_48;partial=00;start_type=ATG;rbs_motif=None;rbs_spacer=None;gc_cont=0.603
NODE_1_length_170490_cov_2.833843_67  -            480 11534at72274         -            422   5.2e-10   37.4   0.5   1   1   8.7e-11   7.2e-09   33.6   0.5   177   406   190   460   152   467 0.61 # 77752 # 79191 # -1 # ID=1_67;partial=00;start_type=ATG;rbs_motif=None;rbs_spacer=None;gc_cont=0.632
NODE_40_length_54044_cov_2.659031_33  -            791 11534at72274         -            422   5.3e-10   37.3   8.8   1   3      0.38        32    1.8   0.1     3    35   361   394   359   399 0.88 # 31521 # 33893 # 1 # ID=40_33;partial=00;start_type=ATG;rbs_motif=3Base/5BMM;rbs_spacer=13-15bp;gc_cont=0.612
NODE_40_length_54044_cov_2.659031_33  -            791 11534at72274         -            422   5.3e-10   37.3   8.8   2   3   0.00034     0.029   11.9   0.1   228   301   407   487   400   511 0.82 # 31521 # 33893 # 1 # ID=40_33;partial=00;start_type=ATG;rbs_motif=3Base/5BMM;rbs_spacer=13-15bp;gc_cont=0.612
NODE_40_length_54044_cov_2.659031_33  -            791 11534at72274         -            422   5.3e-10   37.3   8.8   3   3   5.5e-09   4.6e-07   27.7   0.1   345   415   567   638   532   644 0.85 # 31521 # 33893 # 1 # ID=40_33;partial=00;start_type=ATG;rbs_motif=3Base/5BMM;rbs_spacer=13-15bp;gc_cont=0.612
NODE_21_length_71141_cov_2.765370_43  -            457 11534at72274         -            422   7.7e-10   36.8   4.2   1   1   1.7e-11   1.4e-09   35.9   3.7   319   405   202   300    51   316 0.82 # 67919 # 69289 # 1 # ID=21_43;partial=00;start_type=ATG;rbs_motif=GGAG/GAGG;rbs_spacer=5-10bp;gc_cont=0.656
NODE_27_length_63892_cov_2.787705_57  -            392 11534at72274         -            422     1e-09   36.4   1.6   1   1   1.2e-10   9.9e-09   33.1   1.6   190   420   125   388   121   390 0.67 # 47499 # 48674 # 1 # ID=27_57;partial=00;start_type=ATG;rbs_motif=GGA/GAG/AGG;rbs_spacer=5-10bp;gc_cont=0.616
NODE_109_length_21446_cov_2.856185_17 -            679 11534at72274         -            422   2.1e-09   35.4   0.0   1   2     2e-05    0.0016   16.0   0.0   167   235   166   235    97   249 0.79 # 18892 # 20928 # -1 # ID=109_17;partial=00;start_type=ATG;rbs_motif=None;rbs_spacer=None;gc_cont=0.609
NODE_109_length_21446_cov_2.856185_17 -            679 11534at72274         -            422   2.1e-09   35.4   0.0   2   2   1.1e-05   0.00092   16.8   0.0   351   419   594   662   591   664 0.76 # 18892 # 20928 # -1 # ID=109_17;partial=00;start_type=ATG;rbs_motif=None;rbs_spacer=None;gc_cont=0.609
NODE_115_length_19800_cov_2.521222_17 -            440 11534at72274         -            422   4.8e-09   34.2   0.8   1   2   7.5e-06   0.00063   17.3   0.5   171   295   157   286   132   311 0.71 # 14058 # 15377 # -1 # ID=115_17;partial=00;start_type=ATG;rbs_motif=GGAG/GAGG;rbs_spacer=5-10bp;gc_cont=0.645
NODE_115_length_19800_cov_2.521222_17 -            440 11534at72274         -            422   4.8e-09   34.2   0.8   2   2   3.4e-05    0.0028   15.2   0.0   330   406   340   424   314   436 0.81 # 14058 # 15377 # -1 # ID=115_17;partial=00;start_type=ATG;rbs_motif=GGAG/GAGG;rbs_spacer=5-10bp;gc_cont=0.645
NODE_5_length_127372_cov_2.791748_59  -            362 11534at72274         -            422   5.5e-09   34.0   0.7   1   2   2.4e-05     0.002   15.7   0.6   239   327   132   227   107   271 0.76 # 56402 # 57487 # -1 # ID=5_59;partial=00;start_type=ATG;rbs_motif=GGAG/GAGG;rbs_spacer=5-10bp;gc_cont=0.616
NODE_5_length_127372_cov_2.791748_59  -            362 11534at72274         -            422   5.5e-09   34.0   0.7   2   2     2e-05    0.0017   15.9   0.0   348   406   286   341   267   354 0.83 # 56402 # 57487 # -1 # ID=5_59;partial=00;start_type=ATG;rbs_motif=GGAG/GAGG;rbs_spacer=5-10bp;gc_cont=0.616
NODE_2_length_144272_cov_2.753151_10  -           1206 11534at72274         -            422   6.7e-09   33.7   0.4   1   1   8.1e-10   6.7e-08   30.4   0.4   243   405   712   921   699   929 0.67 # 9030 # 12647 # -1 # ID=2_10;partial=00;start_type=TTG;rbs_motif=GGA/GAG/AGG;rbs_spacer=5-10bp;gc_cont=0.617
NODE_28_length_63385_cov_2.692940_50  -           1063 11534at72274         -            422   7.7e-09   33.5   0.2   1   1   4.3e-09   3.6e-07   28.0   0.2   243   413   490   703   434   709 0.68 # 44403 # 47591 # 1 # ID=28_50;partial=00;start_type=ATG;rbs_motif=GGA/GAG/AGG;rbs_spacer=5-10bp;gc_cont=0.627
NODE_16_length_77070_cov_2.785296_19  -            376 11534at72274         -            422   1.8e-08   32.3   0.0   1   1   6.3e-10   5.2e-08   30.8   0.0   217   420   123   373    87   375 0.71 # 15231 # 16358 # 1 # ID=16_19;partial=00;start_type=ATG;rbs_motif=AGGA;rbs_spacer=5-10bp;gc_cont=0.529
NODE_6_length_125538_cov_2.816866_127 -            376 11534at72274         -            422   1.7e-07   29.1   0.0   1   1     1e-08   8.5e-07   26.8   0.0   216   420   122   373    82   375 0.67 # 112429 # 113556 # 1 # ID=6_127;partial=00;start_type=ATG;rbs_motif=AGGA;rbs_spacer=5-10bp;gc_cont=0.520
NODE_75_length_31643_cov_2.758599_8   -            494 11534at72274         -            422   5.1e-07   27.5   3.0   1   3   6.2e-09   5.1e-07   27.5   3.0   143   239   117   217   110   296 0.78 # 5717 # 7198 # -1 # ID=75_8;partial=00;start_type=ATG;rbs_motif=GGA/GAG/AGG;rbs_spacer=5-10bp;gc_cont=0.632
NODE_75_length_31643_cov_2.758599_8   -            494 11534at72274         -            422   5.1e-07   27.5   3.0   2   3       1.3   1.1e+02    0.0   0.4   199   243   234   277   217   334 0.43 # 5717 # 7198 # -1 # ID=75_8;partial=00;start_type=ATG;rbs_motif=GGA/GAG/AGG;rbs_spacer=5-10bp;gc_cont=0.632
NODE_75_length_31643_cov_2.758599_8   -            494 11534at72274         -            422   5.1e-07   27.5   3.0   3   3      0.39        33    1.8   0.2   191   239   336   385   323   396 0.81 # 5717 # 7198 # -1 # ID=75_8;partial=00;start_type=ATG;rbs_motif=GGA/GAG/AGG;rbs_spacer=5-10bp;gc_cont=0.632
NODE_116_length_19524_cov_2.546631_8  -            925 11534at72274         -            422   5.9e-07   27.3   0.3   1   2   4.5e-07   3.8e-05   21.4   0.1   236   326   395   492   384   543 0.85 # 6559 # 9333 # -1 # ID=116_8;partial=00;start_type=GTG;rbs_motif=GGA/GAG/AGG;rbs_spacer=5-10bp;gc_cont=0.624
NODE_116_length_19524_cov_2.546631_8  -            925 11534at72274         -            422   5.9e-07   27.3   0.3   2   2      0.16        13    3.1   0.0   376   420   581   623   551   625 0.92 # 6559 # 9333 # -1 # ID=116_8;partial=00;start_type=GTG;rbs_motif=GGA/GAG/AGG;rbs_spacer=5-10bp;gc_cont=0.624
NODE_88_length_25724_cov_2.557878_4   -            911 11534at72274         -            422   7.1e-07   27.0   5.4   1   2      0.04       3.3    5.1   1.6    42   168   679   806   656   815 0.63 # 3226 # 5958 # -1 # ID=88_4;partial=00;start_type=TTG;rbs_motif=GGA/GAG/AGG;rbs_spacer=5-10bp;gc_cont=0.641
NODE_88_length_25724_cov_2.557878_4   -            911 11534at72274         -            422   7.1e-07   27.0   5.4   2   2     1e-07   8.5e-06   23.5   0.3   339   416   830   901   795   907 0.77 # 3226 # 5958 # -1 # ID=88_4;partial=00;start_type=TTG;rbs_motif=GGA/GAG/AGG;rbs_spacer=5-10bp;gc_cont=0.641
NODE_66_length_39098_cov_2.824177_34  -            659 11534at72274         -            422   8.1e-07   26.9   0.9   1   2   4.1e-08   3.4e-06   24.8   0.0   166   243   309   387   281   394 0.69 # 29672 # 31648 # -1 # ID=66_34;partial=00;start_type=ATG;rbs_motif=AGGAG;rbs_spacer=5-10bp;gc_cont=0.630
NODE_66_length_39098_cov_2.824177_34  -            659 11534at72274         -            422   8.1e-07   26.9   0.9   2   2       1.9   1.6e+02   -0.5   0.4   191   248   502   561   445   564 0.82 # 29672 # 31648 # -1 # ID=66_34;partial=00;start_type=ATG;rbs_motif=AGGAG;rbs_spacer=5-10bp;gc_cont=0.630
NODE_3_length_136382_cov_3.131195_22  -            985 11534at72274         -            422   1.2e-06   26.3   0.0   1   1   2.8e-08   2.3e-06   25.4   0.0   318   408   860   959   826   976 0.78 # 19960 # 22914 # 1 # ID=3_22;partial=00;start_type=ATG;rbs_motif=GGA/GAG/AGG;rbs_spacer=5-10bp;gc_cont=0.610
NODE_38_length_54909_cov_2.761272_13  -            392 11534at72274         -            422   1.5e-06   25.9   0.1   1   1     1e-07   8.4e-06   23.5   0.1   315   414   274   383   146   390 0.58 # 11375 # 12550 # -1 # ID=38_13;partial=00;start_type=ATG;rbs_motif=GGA/GAG/AGG;rbs_spacer=5-10bp;gc_cont=0.639
NODE_85_length_27085_cov_2.775762_12  -            469 11534at72274         -            422   1.7e-06   25.8   0.3   1   2       2.4     2e+02   -0.8   0.2   129   157   187   215   123   275 0.50 # 15630 # 17036 # -1 # ID=85_12;partial=00;start_type=ATG;rbs_motif=GGA/GAG/AGG;rbs_spacer=5-10bp;gc_cont=0.589
NODE_85_length_27085_cov_2.775762_12  -            469 11534at72274         -            422   1.7e-06   25.8   0.3   2   2   6.8e-08   5.7e-06   24.1   0.0   272   419   298   460   289   463 0.72 # 15630 # 17036 # -1 # ID=85_12;partial=00;start_type=ATG;rbs_motif=GGA/GAG/AGG;rbs_spacer=5-10bp;gc_cont=0.589
NODE_8_length_105283_cov_2.931587_95  -            797 11534at72274         -            422   1.7e-06   25.8   0.0   1   1   4.4e-08   3.6e-06   24.7   0.0   146   233   271   363   256   380 0.77 # 102021 # 104411 # -1 # ID=8_95;partial=00;start_type=ATG;rbs_motif=GGAG/GAGG;rbs_spacer=5-10bp;gc_cont=0.627
NODE_29_length_62543_cov_3.862471_10  -            627 11534at72274         -            422   1.9e-05   22.4   0.2   1   3   2.3e-07   1.9e-05   22.4   0.2   170   247   277   358   266   393 0.85 # 15627 # 17507 # -1 # ID=29_10;partial=00;start_type=ATG;rbs_motif=AGxAG;rbs_spacer=5-10bp;gc_cont=0.593
NODE_29_length_62543_cov_3.862471_10  -            627 11534at72274         -            422   1.9e-05   22.4   0.2   2   3       2.2   1.8e+02   -0.7   0.1   192   239   470   518   459   530 0.80 # 15627 # 17507 # -1 # ID=29_10;partial=00;start_type=ATG;rbs_motif=AGxAG;rbs_spacer=5-10bp;gc_cont=0.593
NODE_29_length_62543_cov_3.862471_10  -            627 11534at72274         -            422   1.9e-05   22.4   0.2   3   3      0.54        45    1.3   0.5    60   119   560   623   527   626 0.63 # 15627 # 17507 # -1 # ID=29_10;partial=00;start_type=ATG;rbs_motif=AGxAG;rbs_spacer=5-10bp;gc_cont=0.593
NODE_7_length_109814_cov_2.797259_86  -            405 11534at72274         -            422   0.00012   19.7   0.6   1   1   5.2e-06   0.00043   17.9   0.6   238   419   185   395   166   397 0.68 # 89062 # 90276 # -1 # ID=7_86;partial=00;start_type=ATG;rbs_motif=GGA/GAG/AGG;rbs_spacer=5-10bp;gc_cont=0.640
NODE_20_length_71165_cov_2.962865_36  -            634 11534at72274         -            422   0.00015   19.3   0.4   1   1   1.7e-05    0.0014   16.2   0.4   242   420   412   624   322   626 0.67 # 34171 # 36072 # -1 # ID=20_36;partial=00;start_type=ATG;rbs_motif=GGA/GAG/AGG;rbs_spacer=5-10bp;gc_cont=0.637
NODE_63_length_40412_cov_2.705970_7   -            545 11534at72274         -            422   0.00022   18.8   0.2   1   2   2.7e-06   0.00022   18.8   0.2   171   239   196   268   184   283 0.75 # 6067 # 7701 # 1 # ID=63_7;partial=00;start_type=ATG;rbs_motif=GGAG/GAGG;rbs_spacer=5-10bp;gc_cont=0.621
NODE_63_length_40412_cov_2.705970_7   -            545 11534at72274         -            422   0.00022   18.8   0.2   2   2       4.8     4e+02   -1.8   0.2   191   238   387   435   303   450 0.68 # 6067 # 7701 # 1 # ID=63_7;partial=00;start_type=ATG;rbs_motif=GGAG/GAGG;rbs_spacer=5-10bp;gc_cont=0.621
NODE_162_length_9720_cov_2.891275_9   -             59 11534at72274         -            422   0.00029   18.4   0.1   1   1   3.5e-06   0.00029   18.4   0.1   380   408    10    38     1    51 0.79 # 9543 # 9719 # -1 # ID=162_9;partial=01;start_type=Edge;rbs_motif=None;rbs_spacer=None;gc_cont=0.667
NODE_77_length_31410_cov_2.670140_9   -            589 11534at72274         -            422   0.00077   17.0   1.0   1   2       2.7   2.2e+02   -1.0   0.4   240   290   364   413   330   428 0.77 # 8052 # 9818 # 1 # ID=77_9;partial=00;start_type=ATG;rbs_motif=None;rbs_spacer=None;gc_cont=0.647
NODE_77_length_31410_cov_2.670140_9   -            589 11534at72274         -            422   0.00077   17.0   1.0   2   2   2.5e-05    0.0021   15.6   0.0   342   415   506   574   443   581 0.68 # 8052 # 9818 # 1 # ID=77_9;partial=00;start_type=ATG;rbs_motif=None;rbs_spacer=None;gc_cont=0.647
NODE_140_length_15380_cov_2.707795_15 -            375 11534at72274         -            422   0.00096   16.7   1.9   1   2      0.71        59    1.0   0.1   240   259   152   171   126   182 0.85 # 13797 # 14921 # 1 # ID=140_15;partial=00;start_type=ATG;rbs_motif=GGA/GAG/AGG;rbs_spacer=5-10bp;gc_cont=0.586
NODE_140_length_15380_cov_2.707795_15 -            375 11534at72274         -            422   0.00096   16.7   1.9   2   2   5.3e-05    0.0044   14.5   0.3   343   407   297   358   290   371 0.78 # 13797 # 14921 # 1 # ID=140_15;partial=00;start_type=ATG;rbs_motif=GGA/GAG/AGG;rbs_spacer=5-10bp;gc_cont=0.586
NODE_62_length_40697_cov_2.843086_33  -            674 11534at72274         -            422     0.015   12.8   0.1   1   2       1.7   1.4e+02   -0.3   0.0   266   300   334   368   275   392 0.68 # 33450 # 35471 # -1 # ID=62_33;partial=00;start_type=ATG;rbs_motif=None;rbs_spacer=None;gc_cont=0.621
NODE_62_length_40697_cov_2.843086_33  -            674 11534at72274         -            422     0.015   12.8   0.1   2   2    0.0011     0.089   10.2   0.0   351   415   457   519   446   526 0.75 # 33450 # 35471 # -1 # ID=62_33;partial=00;start_type=ATG;rbs_motif=None;rbs_spacer=None;gc_cont=0.621
NODE_145_length_13811_cov_2.485311_14 -            375 11534at72274         -            422     0.031   11.8   0.0   1   1   0.00058     0.048   11.1   0.0   350   415   304   367   265   374 0.81 # 9925 # 11049 # -1 # ID=145_14;partial=00;start_type=ATG;rbs_motif=AGGAG/GGAGG;rbs_spacer=11-12bp;gc_cont=0.578
NODE_15_length_77906_cov_2.659921_31  -            399 11534at72274         -            422     0.045   11.2   0.0   1   1   0.00079     0.066   10.7   0.0   189   243   340   396   324   398 0.86 # 35308 # 36504 # -1 # ID=15_31;partial=00;start_type=GTG;rbs_motif=GGA/GAG/AGG;rbs_spacer=5-10bp;gc_cont=0.651
NODE_58_length_43383_cov_2.661111_17  -            198 11534at72274         -            422     0.054   10.9   0.4   1   1   0.00083     0.069   10.6   0.4   152   191   143   182   106   194 0.88 # 21038 # 21631 # -1 # ID=58_17;partial=00;start_type=ATG;rbs_motif=GGAGG;rbs_spacer=5-10bp;gc_cont=0.653
#
# Program:         hmmsearch
# Version:         3.1b2 (February 2015)
# Pipeline mode:   SEARCH
# Query file:      /data2/PEG/hoaxaca/REAA/Pseudomonas/bin/busco_downloads/lineages/pseudomonadales_odb10/hmms/11534at72274.hmm
# Target file:     /data2/PEG/hoaxaca/REAA/Pseudomonas/bin/../out/busco/trim_130clip.spades_kmer/prodigal_output/predicted_genes/predicted.faa
# Option settings: hmmsearch --domtblout /data2/PEG/hoaxaca/REAA/Pseudomonas/bin/../out/busco/trim_130clip.spades_kmer/run_pseudomonadales_odb10/hmmer_output/11534at72274.out --cpu 1 /data2/PEG/hoaxaca/REAA/Pseudomonas/bin/busco_downloads/lineages/pseudomonadales_odb10/hmms/11534at72274.hmm /data2/PEG/hoaxaca/REAA/Pseudomonas/bin/../out/busco/trim_130clip.spades_kmer/prodigal_output/predicted_genes/predicted.faa 
# Current dir:     /data2/PEG/hoaxaca/REAA/Pseudomonas/bin
# Date:            Mon Feb 20 00:27:18 2023
# [ok]
