#                                                                                             --- full sequence --- -------------- this domain -------------   hmm coord   ali coord   env coord
# target name                         accession   tlen query name           accession   qlen   E-value  score  bias   #  of  c-Evalue  i-Evalue  score  bias  from    to  from    to  from    to  acc description of target
#                 ------------------- ---------- ----- -------------------- ---------- ----- --------- ------ ----- --- --- --------- --------- ------ ----- ----- ----- ----- ----- ----- ----- ---- ---------------------
NODE_159_length_10803_cov_2.843574_6  -            434 12585at72274         -            381  6.9e-200  662.3   0.0   1   1  4.2e-202  1.1e-199  661.7   0.0     1   381     1   416     1   416 0.93 # 4930 # 6231 # -1 # ID=159_6;partial=00;start_type=ATG;rbs_motif=GGAG/GAGG;rbs_spacer=5-10bp;gc_cont=0.619
NODE_148_length_13265_cov_2.709849_10 -            414 12585at72274         -            381     9e-88  293.3   0.0   1   1   4.6e-90   1.2e-87  292.9   0.0     2   369     4   398     3   409 0.87 # 6668 # 7909 # 1 # ID=148_10;partial=00;start_type=ATG;rbs_motif=GGA/GAG/AGG;rbs_spacer=5-10bp;gc_cont=0.655
NODE_126_length_17502_cov_2.727655_14 -            418 12585at72274         -            381   6.1e-34  116.1   0.0   1   1   3.1e-36   7.9e-34  115.7   0.0     3   368     9   400     7   407 0.85 # 15005 # 16258 # -1 # ID=126_14;partial=00;start_type=ATG;rbs_motif=GGA/GAG/AGG;rbs_spacer=11-12bp;gc_cont=0.633
NODE_7_length_109814_cov_2.797259_28  -            370 12585at72274         -            381   1.9e-33  114.5   0.2   1   2   1.1e-12   2.7e-10   38.3   0.6     2    55     6    57     5    82 0.88 # 26590 # 27699 # -1 # ID=7_28;partial=00;start_type=ATG;rbs_motif=GGA/GAG/AGG;rbs_spacer=5-10bp;gc_cont=0.625
NODE_7_length_109814_cov_2.797259_28  -            370 12585at72274         -            381   1.9e-33  114.5   0.2   2   2   1.7e-23   4.2e-21   73.9   0.0   218   368   195   349   168   355 0.89 # 26590 # 27699 # -1 # ID=7_28;partial=00;start_type=ATG;rbs_motif=GGA/GAG/AGG;rbs_spacer=5-10bp;gc_cont=0.625
NODE_1_length_170490_cov_2.833843_81  -            417 12585at72274         -            381   4.3e-12   44.2   3.2   1   3   0.00067      0.17    9.3   1.0     2    32    34    66    33    85 0.79 # 91333 # 92583 # -1 # ID=1_81;partial=00;start_type=ATG;rbs_motif=GGAG/GAGG;rbs_spacer=5-10bp;gc_cont=0.627
NODE_1_length_170490_cov_2.833843_81  -            417 12585at72274         -            381   4.3e-12   44.2   3.2   2   3         1   2.6e+02   -1.1   0.0   110   164    99   153    72   158 0.80 # 91333 # 92583 # -1 # ID=1_81;partial=00;start_type=ATG;rbs_motif=GGAG/GAGG;rbs_spacer=5-10bp;gc_cont=0.627
NODE_1_length_170490_cov_2.833843_81  -            417 12585at72274         -            381   4.3e-12   44.2   3.2   3   3   2.5e-11   6.2e-09   33.8   0.0   282   366   297   382   242   390 0.83 # 91333 # 92583 # -1 # ID=1_81;partial=00;start_type=ATG;rbs_motif=GGAG/GAGG;rbs_spacer=5-10bp;gc_cont=0.627
NODE_123_length_17788_cov_2.944171_14 -            368 12585at72274         -            381   1.4e-11   42.5   0.1   1   3     6e-08   1.5e-05   22.7   0.3     2    46     5    49     4    54 0.93 # 15412 # 16515 # 1 # ID=123_14;partial=00;start_type=ATG;rbs_motif=GGAGG;rbs_spacer=5-10bp;gc_cont=0.651
NODE_123_length_17788_cov_2.944171_14 -            368 12585at72274         -            381   1.4e-11   42.5   0.1   2   3    0.0018      0.45    7.9   0.0   106   212    64   174    51   185 0.83 # 15412 # 16515 # 1 # ID=123_14;partial=00;start_type=ATG;rbs_motif=GGAGG;rbs_spacer=5-10bp;gc_cont=0.651
NODE_123_length_17788_cov_2.944171_14 -            368 12585at72274         -            381   1.4e-11   42.5   0.1   3   3    0.0014      0.36    8.3   0.0   303   372   282   353   257   364 0.75 # 15412 # 16515 # 1 # ID=123_14;partial=00;start_type=ATG;rbs_motif=GGAGG;rbs_spacer=5-10bp;gc_cont=0.651
NODE_126_length_17502_cov_2.727655_11 -            428 12585at72274         -            381   7.8e-11   40.1   0.2   1   2   4.6e-09   1.2e-06   26.3   0.2     2    51    31    80    30    84 0.96 # 11306 # 12589 # -1 # ID=126_11;partial=00;start_type=ATG;rbs_motif=GGAG/GAGG;rbs_spacer=5-10bp;gc_cont=0.618
NODE_126_length_17502_cov_2.727655_11 -            428 12585at72274         -            381   7.8e-11   40.1   0.2   2   2   0.00014     0.036   11.5   0.0   305   370   321   386   308   394 0.88 # 11306 # 12589 # -1 # ID=126_11;partial=00;start_type=ATG;rbs_motif=GGAG/GAGG;rbs_spacer=5-10bp;gc_cont=0.618
NODE_11_length_99293_cov_2.901488_60  -            353 12585at72274         -            381     3e-08   31.6   1.3   1   3     1e-07   2.6e-05   21.9   0.6     2    41     8    50     7    71 0.81 # 51402 # 52460 # -1 # ID=11_60;partial=00;start_type=ATG;rbs_motif=GGAG/GAGG;rbs_spacer=5-10bp;gc_cont=0.603
NODE_11_length_99293_cov_2.901488_60  -            353 12585at72274         -            381     3e-08   31.6   1.3   2   3     0.071        18    2.7   0.0   162   245   114   209    95   229 0.66 # 51402 # 52460 # -1 # ID=11_60;partial=00;start_type=ATG;rbs_motif=GGAG/GAGG;rbs_spacer=5-10bp;gc_cont=0.603
NODE_11_length_99293_cov_2.901488_60  -            353 12585at72274         -            381     3e-08   31.6   1.3   3   3     0.024         6    4.2   0.0   321   348   286   315   258   333 0.74 # 51402 # 52460 # -1 # ID=11_60;partial=00;start_type=ATG;rbs_motif=GGAG/GAGG;rbs_spacer=5-10bp;gc_cont=0.603
NODE_12_length_92454_cov_2.886133_24  -            436 12585at72274         -            381   5.5e-08   30.7   1.6   1   2   3.5e-06    0.0009   16.8   0.3     2    52    29    79    28    85 0.93 # 26072 # 27379 # 1 # ID=12_24;partial=00;start_type=ATG;rbs_motif=AGGA/GGAG/GAGG;rbs_spacer=11-12bp;gc_cont=0.609
NODE_12_length_92454_cov_2.886133_24  -            436 12585at72274         -            381   5.5e-08   30.7   1.6   2   2     5e-05     0.013   13.0   0.1   291   370   306   385   290   391 0.88 # 26072 # 27379 # 1 # ID=12_24;partial=00;start_type=ATG;rbs_motif=AGGA/GGAG/GAGG;rbs_spacer=11-12bp;gc_cont=0.609
NODE_99_length_23052_cov_2.788310_1   -            161 12585at72274         -            381   1.2e-07   29.5   0.0   1   2   5.9e-08   1.5e-05   22.7   0.1     2    49    25    72    24    77 0.95 # 1 # 483 # -1 # ID=99_1;partial=10;start_type=ATG;rbs_motif=GGAG/GAGG;rbs_spacer=5-10bp;gc_cont=0.677
NODE_99_length_23052_cov_2.788310_1   -            161 12585at72274         -            381   1.2e-07   29.5   0.0   2   2     0.013       3.2    5.1   0.0    98   164    90   156    78   160 0.88 # 1 # 483 # -1 # ID=99_1;partial=10;start_type=ATG;rbs_motif=GGAG/GAGG;rbs_spacer=5-10bp;gc_cont=0.677
NODE_99_length_23052_cov_2.788310_18  -            434 12585at72274         -            381     4e-06   24.6   0.6   1   3   3.1e-06   0.00079   17.0   0.0     4    47    29    74    26    82 0.86 # 16101 # 17402 # -1 # ID=99_18;partial=00;start_type=ATG;rbs_motif=GGAG/GAGG;rbs_spacer=5-10bp;gc_cont=0.641
NODE_99_length_23052_cov_2.788310_18  -            434 12585at72274         -            381     4e-06   24.6   0.6   2   3       0.7   1.8e+02   -0.6   0.0   106   161    99   157    96   172 0.82 # 16101 # 17402 # -1 # ID=99_18;partial=00;start_type=ATG;rbs_motif=GGAG/GAGG;rbs_spacer=5-10bp;gc_cont=0.641
NODE_99_length_23052_cov_2.788310_18  -            434 12585at72274         -            381     4e-06   24.6   0.6   3   3     0.023       5.9    4.3   0.0   293   366   315   387   288   398 0.74 # 16101 # 17402 # -1 # ID=99_18;partial=00;start_type=ATG;rbs_motif=GGAG/GAGG;rbs_spacer=5-10bp;gc_cont=0.641
NODE_81_length_29633_cov_2.861215_26  -            428 12585at72274         -            381   9.8e-06   23.3   1.8   1   3   5.2e-06    0.0013   16.3   0.1     2    50    29    77    28    83 0.92 # 23243 # 24526 # -1 # ID=81_26;partial=00;start_type=ATG;rbs_motif=GGAG/GAGG;rbs_spacer=5-10bp;gc_cont=0.635
NODE_81_length_29633_cov_2.861215_26  -            428 12585at72274         -            381   9.8e-06   23.3   1.8   2   3     0.039       9.9    3.5   0.0   114   197   110   194    95   239 0.79 # 23243 # 24526 # -1 # ID=81_26;partial=00;start_type=ATG;rbs_motif=GGAG/GAGG;rbs_spacer=5-10bp;gc_cont=0.635
NODE_81_length_29633_cov_2.861215_26  -            428 12585at72274         -            381   9.8e-06   23.3   1.8   3   3       0.2        51    1.2   0.0   304   368   319   383   313   388 0.85 # 23243 # 24526 # -1 # ID=81_26;partial=00;start_type=ATG;rbs_motif=GGAG/GAGG;rbs_spacer=5-10bp;gc_cont=0.635
NODE_117_length_19029_cov_2.729394_19 -            433 12585at72274         -            381     2e-05   22.3   0.5   1   2   6.2e-06    0.0016   16.0   0.4     2    49    33    80    32   104 0.90 # 17519 # 18817 # 1 # ID=117_19;partial=00;start_type=ATG;rbs_motif=None;rbs_spacer=None;gc_cont=0.603
NODE_117_length_19029_cov_2.729394_19 -            433 12585at72274         -            381     2e-05   22.3   0.5   2   2      0.02       5.2    4.5   0.0   305   369   324   390   217   400 0.88 # 17519 # 18817 # 1 # ID=117_19;partial=00;start_type=ATG;rbs_motif=None;rbs_spacer=None;gc_cont=0.603
NODE_70_length_35067_cov_2.691156_3   -            375 12585at72274         -            381   3.8e-05   21.4   0.0   1   1   2.7e-07     7e-05   20.5   0.0     2    47     3    48     2    55 0.92 # 922 # 2046 # -1 # ID=70_3;partial=00;start_type=ATG;rbs_motif=GGAG/GAGG;rbs_spacer=5-10bp;gc_cont=0.640
NODE_159_length_10803_cov_2.843574_9  -            431 12585at72274         -            381   5.5e-05   20.8   0.4   1   2   6.4e-06    0.0016   16.0   0.2     2    48    32    78    31    84 0.93 # 7474 # 8766 # 1 # ID=159_9;partial=00;start_type=ATG;rbs_motif=GGA/GAG/AGG;rbs_spacer=5-10bp;gc_cont=0.633
NODE_159_length_10803_cov_2.843574_9  -            431 12585at72274         -            381   5.5e-05   20.8   0.4   2   2     0.063        16    2.8   0.0   263   367   281   387    96   395 0.63 # 7474 # 8766 # 1 # ID=159_9;partial=00;start_type=ATG;rbs_motif=GGA/GAG/AGG;rbs_spacer=5-10bp;gc_cont=0.633
NODE_58_length_43383_cov_2.661111_11  -            525 12585at72274         -            381   7.3e-05   20.4   0.7   1   2     5e-07   0.00013   19.6   0.2     2    32    52    82    51    89 0.91 # 12902 # 14476 # 1 # ID=58_11;partial=00;start_type=ATG;rbs_motif=AGGAG;rbs_spacer=5-10bp;gc_cont=0.636
NODE_58_length_43383_cov_2.661111_11  -            525 12585at72274         -            381   7.3e-05   20.4   0.7   2   2       3.6     9e+02   -2.9   0.0   195   225   299   327   286   329 0.70 # 12902 # 14476 # 1 # ID=58_11;partial=00;start_type=ATG;rbs_motif=AGGAG;rbs_spacer=5-10bp;gc_cont=0.636
NODE_57_length_43428_cov_2.690654_32  -            469 12585at72274         -            381    0.0006   17.4   0.4   1   2   1.4e-05    0.0035   14.9   0.1     2    45    31    76    30    80 0.88 # 37505 # 38911 # 1 # ID=57_32;partial=00;start_type=ATG;rbs_motif=GGAG/GAGG;rbs_spacer=5-10bp;gc_cont=0.647
NODE_57_length_43428_cov_2.690654_32  -            469 12585at72274         -            381    0.0006   17.4   0.4   2   2      0.45   1.1e+02    0.0   0.0   290   368   316   395   307   398 0.85 # 37505 # 38911 # 1 # ID=57_32;partial=00;start_type=ATG;rbs_motif=GGAG/GAGG;rbs_spacer=5-10bp;gc_cont=0.647
NODE_10_length_99402_cov_2.843808_39  -            458 12585at72274         -            381     0.019   12.4   0.0   1   1   0.00013     0.033   11.7   0.0     1    33     1    33     1    38 0.93 # 43055 # 44428 # -1 # ID=10_39;partial=00;start_type=ATG;rbs_motif=GGAG/GAGG;rbs_spacer=5-10bp;gc_cont=0.616
NODE_53_length_47106_cov_3.019796_27  -            377 12585at72274         -            381     0.026   12.0   0.0   1   1   0.00014     0.035   11.6   0.0     4    55    14    68    11   114 0.79 # 33286 # 34416 # 1 # ID=53_27;partial=00;start_type=ATG;rbs_motif=None;rbs_spacer=None;gc_cont=0.452
NODE_100_length_22954_cov_2.793928_16 -            291 12585at72274         -            381     0.037   11.5   0.0   1   1    0.0002      0.05   11.1   0.0     2    59    16    72    15    97 0.68 # 17092 # 17964 # -1 # ID=100_16;partial=00;start_type=GTG;rbs_motif=AGGA;rbs_spacer=5-10bp;gc_cont=0.632
NODE_36_length_55582_cov_2.833270_22  -            530 12585at72274         -            381     0.041   11.4   0.0   1   1   0.00026     0.066   10.7   0.0     2    32     8    38     7    73 0.78 # 21965 # 23554 # -1 # ID=36_22;partial=00;start_type=ATG;rbs_motif=GGA/GAG/AGG;rbs_spacer=5-10bp;gc_cont=0.621
NODE_14_length_85343_cov_2.706687_39  -            465 12585at72274         -            381     0.052   11.0   0.3   1   2    0.0025      0.64    7.4   0.1     2    32     7    39     6    50 0.84 # 46987 # 48381 # 1 # ID=14_39;partial=00;start_type=ATG;rbs_motif=AGGAG;rbs_spacer=5-10bp;gc_cont=0.599
NODE_14_length_85343_cov_2.706687_39  -            465 12585at72274         -            381     0.052   11.0   0.3   2   2      0.16        39    1.5   0.0     2    33   177   208   176   228 0.88 # 46987 # 48381 # 1 # ID=14_39;partial=00;start_type=ATG;rbs_motif=AGGAG;rbs_spacer=5-10bp;gc_cont=0.599
NODE_68_length_37260_cov_2.562384_32  -            433 12585at72274         -            381     0.055   10.9   1.1   1   2    0.0005      0.13    9.8   0.4     2    49    30    78    29    83 0.90 # 30294 # 31592 # 1 # ID=68_32;partial=00;start_type=ATG;rbs_motif=GGA/GAG/AGG;rbs_spacer=5-10bp;gc_cont=0.614
NODE_68_length_37260_cov_2.562384_32  -            433 12585at72274         -            381     0.055   10.9   1.1   2   2       1.7   4.3e+02   -1.9   0.0   307   365   324   384   318   391 0.81 # 30294 # 31592 # 1 # ID=68_32;partial=00;start_type=ATG;rbs_motif=GGA/GAG/AGG;rbs_spacer=5-10bp;gc_cont=0.614
NODE_13_length_88136_cov_2.778170_81  -            321 12585at72274         -            381     0.056   10.9   0.5   1   2     0.024       6.1    4.2   0.1     2    29     8    35     7    50 0.81 # 77145 # 78107 # 1 # ID=13_81;partial=00;start_type=ATG;rbs_motif=AGGAG;rbs_spacer=5-10bp;gc_cont=0.623
NODE_13_length_88136_cov_2.778170_81  -            321 12585at72274         -            381     0.056   10.9   0.5   2   2     0.014       3.6    5.0   0.0     3    33   149   179   147   185 0.92 # 77145 # 78107 # 1 # ID=13_81;partial=00;start_type=ATG;rbs_motif=AGGAG;rbs_spacer=5-10bp;gc_cont=0.623
NODE_49_length_49656_cov_2.774556_34  -            716 12585at72274         -            381     0.062   10.8   0.5   1   1   0.00037     0.093   10.2   0.5     2    41   318   357   317   363 0.89 # 29332 # 31479 # 1 # ID=49_34;partial=00;start_type=ATG;rbs_motif=AGGA;rbs_spacer=5-10bp;gc_cont=0.622
#
# Program:         hmmsearch
# Version:         3.1b2 (February 2015)
# Pipeline mode:   SEARCH
# Query file:      /data2/PEG/hoaxaca/REAA/Pseudomonas/bin/busco_downloads/lineages/pseudomonadales_odb10/hmms/12585at72274.hmm
# Target file:     /data2/PEG/hoaxaca/REAA/Pseudomonas/bin/../out/busco/trim_130clip.spades_kmer/prodigal_output/predicted_genes/predicted.faa
# Option settings: hmmsearch --domtblout /data2/PEG/hoaxaca/REAA/Pseudomonas/bin/../out/busco/trim_130clip.spades_kmer/run_pseudomonadales_odb10/hmmer_output/12585at72274.out --cpu 1 /data2/PEG/hoaxaca/REAA/Pseudomonas/bin/busco_downloads/lineages/pseudomonadales_odb10/hmms/12585at72274.hmm /data2/PEG/hoaxaca/REAA/Pseudomonas/bin/../out/busco/trim_130clip.spades_kmer/prodigal_output/predicted_genes/predicted.faa 
# Current dir:     /data2/PEG/hoaxaca/REAA/Pseudomonas/bin
# Date:            Mon Feb 20 00:27:20 2023
# [ok]
