#                                                                                            --- full sequence --- -------------- this domain -------------   hmm coord   ali coord   env coord
# target name                        accession   tlen query name           accession   qlen   E-value  score  bias   #  of  c-Evalue  i-Evalue  score  bias  from    to  from    to  from    to  acc description of target
#                ------------------- ---------- ----- -------------------- ---------- ----- --------- ------ ----- --- --- --------- --------- ------ ----- ----- ----- ----- ----- ----- ----- ---- ---------------------
NODE_8_length_105283_cov_2.931587_41 -            405 17279at72274         -            353  3.1e-200  663.0   2.6   1   2    4e-152  3.6e-149  495.0   0.9     1   259     1   269     1   284 0.96 # 51338 # 52552 # -1 # ID=8_41;partial=00;start_type=ATG;rbs_motif=AGGAG;rbs_spacer=5-10bp;gc_cont=0.589
NODE_8_length_105283_cov_2.931587_41 -            405 17279at72274         -            353  3.1e-200  663.0   2.6   2   2   1.2e-52   1.1e-49  167.8   0.0   252   353   286   404   278   404 0.88 # 51338 # 52552 # -1 # ID=8_41;partial=00;start_type=ATG;rbs_motif=AGGAG;rbs_spacer=5-10bp;gc_cont=0.589
NODE_119_length_18650_cov_2.942774_7 -            387 17279at72274         -            353  1.6e-126  420.5   4.0   1   2  2.9e-114  2.6e-111  370.5   0.8     2   251     3   262     2   275 0.94 # 5501 # 6661 # -1 # ID=119_7;partial=00;start_type=ATG;rbs_motif=GGA/GAG/AGG;rbs_spacer=11-12bp;gc_cont=0.630
NODE_119_length_18650_cov_2.942774_7 -            387 17279at72274         -            353  1.6e-126  420.5   4.0   2   2   3.3e-17     3e-14   51.2   0.1   260   329   302   372   283   381 0.88 # 5501 # 6661 # -1 # ID=119_7;partial=00;start_type=ATG;rbs_motif=GGA/GAG/AGG;rbs_spacer=11-12bp;gc_cont=0.630
NODE_23_length_67852_cov_2.767885_14 -            402 17279at72274         -            353   1.9e-25   88.1   0.0   1   1     3e-28   2.7e-25   87.6   0.0     4   224    22   250    19   259 0.86 # 16621 # 17826 # -1 # ID=23_14;partial=00;start_type=ATG;rbs_motif=GGA/GAG/AGG;rbs_spacer=11-12bp;gc_cont=0.625
NODE_15_length_77906_cov_2.659921_31 -            399 17279at72274         -            353     1e-12   46.2   0.0   1   1   1.7e-15   1.6e-12   45.6   0.0    48   217    65   239    56   244 0.90 # 35308 # 36504 # -1 # ID=15_31;partial=00;start_type=GTG;rbs_motif=GGA/GAG/AGG;rbs_spacer=5-10bp;gc_cont=0.651
NODE_71_length_35003_cov_2.816636_18 -            392 17279at72274         -            353   3.5e-07   28.0   0.0   1   1   5.7e-10   5.2e-07   27.4   0.0    30   216    48   244    32   255 0.73 # 13572 # 14747 # 1 # ID=71_18;partial=00;start_type=ATG;rbs_motif=GGA/GAG/AGG;rbs_spacer=5-10bp;gc_cont=0.594
NODE_21_length_71141_cov_2.765370_12 -            438 17279at72274         -            353   2.6e-05   21.8   0.0   1   1   5.1e-08   4.6e-05   21.0   0.0    50   215   106   288    76   293 0.75 # 34370 # 35683 # -1 # ID=21_12;partial=00;start_type=GTG;rbs_motif=AGGA;rbs_spacer=5-10bp;gc_cont=0.619
NODE_3_length_136382_cov_3.131195_89 -            417 17279at72274         -            353   6.3e-05   20.6   0.0   1   1   9.9e-08   8.9e-05   20.1   0.0    53   196    78   226    29   251 0.69 # 107044 # 108294 # -1 # ID=3_89;partial=00;start_type=ATG;rbs_motif=AGGA;rbs_spacer=5-10bp;gc_cont=0.631
#
# Program:         hmmsearch
# Version:         3.1b2 (February 2015)
# Pipeline mode:   SEARCH
# Query file:      /data2/PEG/hoaxaca/REAA/Pseudomonas/bin/busco_downloads/lineages/pseudomonadales_odb10/hmms/17279at72274.hmm
# Target file:     /data2/PEG/hoaxaca/REAA/Pseudomonas/bin/../out/busco/trim_130clip.spades_kmer/prodigal_output/predicted_genes/predicted.faa
# Option settings: hmmsearch --domtblout /data2/PEG/hoaxaca/REAA/Pseudomonas/bin/../out/busco/trim_130clip.spades_kmer/run_pseudomonadales_odb10/hmmer_output/17279at72274.out --cpu 1 /data2/PEG/hoaxaca/REAA/Pseudomonas/bin/busco_downloads/lineages/pseudomonadales_odb10/hmms/17279at72274.hmm /data2/PEG/hoaxaca/REAA/Pseudomonas/bin/../out/busco/trim_130clip.spades_kmer/prodigal_output/predicted_genes/predicted.faa 
# Current dir:     /data2/PEG/hoaxaca/REAA/Pseudomonas/bin
# Date:            Mon Feb 20 00:27:26 2023
# [ok]
