#                                                                                            --- full sequence --- -------------- this domain -------------   hmm coord   ali coord   env coord
# target name                        accession   tlen query name           accession   qlen   E-value  score  bias   #  of  c-Evalue  i-Evalue  score  bias  from    to  from    to  from    to  acc description of target
#                ------------------- ---------- ----- -------------------- ---------- ----- --------- ------ ----- --- --- --------- --------- ------ ----- ----- ----- ----- ----- ----- ----- ---- ---------------------
NODE_126_length_17502_cov_2.727655_9 -            404 17565at72274         -            344  7.5e-189  625.3   0.2   1   1  1.4e-191  1.1e-188  624.8   0.2     1   344    20   401    20   401 0.95 # 8656 # 9867 # 1 # ID=126_9;partial=00;start_type=ATG;rbs_motif=AGGAG;rbs_spacer=5-10bp;gc_cont=0.631
NODE_33_length_57502_cov_2.751059_41 -            426 17565at72274         -            344   1.6e-83  279.0   0.4   1   2     6e-47   4.7e-44  149.2   0.4    37   190    49   217     5   221 0.89 # 49990 # 51267 # -1 # ID=33_41;partial=00;start_type=ATG;rbs_motif=AGGAG/GGAGG;rbs_spacer=11-12bp;gc_cont=0.617
NODE_33_length_57502_cov_2.751059_41 -            426 17565at72274         -            344   1.6e-83  279.0   0.4   2   2   2.1e-40   1.7e-37  127.7   0.0   200   343   265   420   252   421 0.89 # 49990 # 51267 # -1 # ID=33_41;partial=00;start_type=ATG;rbs_motif=AGGAG/GGAGG;rbs_spacer=11-12bp;gc_cont=0.617
NODE_50_length_49303_cov_2.618940_46 -            389 17565at72274         -            344   3.1e-82  274.7   0.0   1   1   5.4e-85   4.2e-82  274.3   0.0     5   343    14   385    10   386 0.88 # 42401 # 43567 # -1 # ID=50_46;partial=00;start_type=ATG;rbs_motif=GGAG/GAGG;rbs_spacer=5-10bp;gc_cont=0.632
NODE_182_length_6686_cov_2.683793_2  -            415 17565at72274         -            344     1e-81  273.0   0.0   1   1   1.9e-84   1.5e-81  272.5   0.0    22   343    40   395    13   396 0.87 # 1044 # 2288 # 1 # ID=182_2;partial=00;start_type=ATG;rbs_motif=AGGAG;rbs_spacer=5-10bp;gc_cont=0.637
NODE_3_length_136382_cov_3.131195_69 -            382 17565at72274         -            344   2.1e-53  179.9   0.0   1   1   3.5e-56   2.8e-53  179.6   0.0    19   341    22   363     7   366 0.83 # 79495 # 80640 # 1 # ID=3_69;partial=00;start_type=ATG;rbs_motif=None;rbs_spacer=None;gc_cont=0.483
NODE_34_length_56795_cov_2.750882_7  -            904 17565at72274         -            344   1.3e-47  160.9   0.0   1   1   2.5e-50     2e-47  160.3   0.0    41   343   573   899   567   900 0.89 # 15061 # 17772 # -1 # ID=34_7;partial=00;start_type=ATG;rbs_motif=GGA/GAG/AGG;rbs_spacer=5-10bp;gc_cont=0.633
NODE_8_length_105283_cov_2.931587_41 -            405 17565at72274         -            344    0.0014   16.1   0.0   1   1   3.4e-06    0.0027   15.2   0.0   116   178   144   207   137   216 0.88 # 51338 # 52552 # -1 # ID=8_41;partial=00;start_type=ATG;rbs_motif=AGGAG;rbs_spacer=5-10bp;gc_cont=0.589
NODE_23_length_67852_cov_2.767885_14 -            402 17565at72274         -            344     0.049   11.0   0.0   1   2   0.00019      0.15    9.5   0.0   114   182   159   230   141   246 0.80 # 16621 # 17826 # -1 # ID=23_14;partial=00;start_type=ATG;rbs_motif=GGA/GAG/AGG;rbs_spacer=11-12bp;gc_cont=0.625
NODE_23_length_67852_cov_2.767885_14 -            402 17565at72274         -            344     0.049   11.0   0.0   2   2      0.63     5e+02   -2.1   0.0   235   252   328   345   310   362 0.71 # 16621 # 17826 # -1 # ID=23_14;partial=00;start_type=ATG;rbs_motif=GGA/GAG/AGG;rbs_spacer=11-12bp;gc_cont=0.625
#
# Program:         hmmsearch
# Version:         3.1b2 (February 2015)
# Pipeline mode:   SEARCH
# Query file:      /data2/PEG/hoaxaca/REAA/Pseudomonas/bin/busco_downloads/lineages/pseudomonadales_odb10/hmms/17565at72274.hmm
# Target file:     /data2/PEG/hoaxaca/REAA/Pseudomonas/bin/../out/busco/trim_130clip.spades_kmer/prodigal_output/predicted_genes/predicted.faa
# Option settings: hmmsearch --domtblout /data2/PEG/hoaxaca/REAA/Pseudomonas/bin/../out/busco/trim_130clip.spades_kmer/run_pseudomonadales_odb10/hmmer_output/17565at72274.out --cpu 1 /data2/PEG/hoaxaca/REAA/Pseudomonas/bin/busco_downloads/lineages/pseudomonadales_odb10/hmms/17565at72274.hmm /data2/PEG/hoaxaca/REAA/Pseudomonas/bin/../out/busco/trim_130clip.spades_kmer/prodigal_output/predicted_genes/predicted.faa 
# Current dir:     /data2/PEG/hoaxaca/REAA/Pseudomonas/bin
# Date:            Mon Feb 20 00:27:26 2023
# [ok]
