#                                                                                             --- full sequence --- -------------- this domain -------------   hmm coord   ali coord   env coord
# target name                         accession   tlen query name           accession   qlen   E-value  score  bias   #  of  c-Evalue  i-Evalue  score  bias  from    to  from    to  from    to  acc description of target
#                 ------------------- ---------- ----- -------------------- ---------- ----- --------- ------ ----- --- --- --------- --------- ------ ----- ----- ----- ----- ----- ----- ----- ---- ---------------------
NODE_24_length_66901_cov_3.093030_46  -            465 18777at72274         -            384  7.5e-175  579.9  39.7   1   1  3.2e-176  8.4e-174  576.4  39.7     1   383     9   451     9   452 0.91 # 38738 # 40132 # 1 # ID=24_46;partial=00;start_type=ATG;rbs_motif=GGAG/GAGG;rbs_spacer=5-10bp;gc_cont=0.611
NODE_16_length_77070_cov_2.785296_36  -            402 18777at72274         -            384     8e-17   59.7  14.2   1   1     3e-19     8e-17   59.7  14.2    11   172    11   177     1   192 0.86 # 35428 # 36633 # 1 # ID=16_36;partial=00;start_type=ATG;rbs_motif=GGA/GAG/AGG;rbs_spacer=5-10bp;gc_cont=0.624
NODE_12_length_92454_cov_2.886133_7   -            510 18777at72274         -            384   1.3e-12   45.8   5.8   1   1   4.9e-15   1.3e-12   45.8   5.8    13   177    14   187     1   212 0.80 # 5232 # 6761 # 1 # ID=12_7;partial=00;start_type=ATG;rbs_motif=3Base/5BMM;rbs_spacer=13-15bp;gc_cont=0.641
NODE_14_length_85343_cov_2.706687_74  -            398 18777at72274         -            384   4.3e-12   44.1   7.6   1   2   1.6e-14   4.3e-12   44.1   7.6    14   180    13   181     5   214 0.91 # 80412 # 81605 # 1 # ID=14_74;partial=00;start_type=ATG;rbs_motif=GGA/GAG/AGG;rbs_spacer=5-10bp;gc_cont=0.622
NODE_14_length_85343_cov_2.706687_74  -            398 18777at72274         -            384   4.3e-12   44.1   7.6   2   2       1.3   3.6e+02   -1.7   2.6   141   213   287   363   255   377 0.56 # 80412 # 81605 # 1 # ID=14_74;partial=00;start_type=ATG;rbs_motif=GGA/GAG/AGG;rbs_spacer=5-10bp;gc_cont=0.622
NODE_44_length_50752_cov_2.841363_23  -            503 18777at72274         -            384   1.8e-09   35.5  13.6   1   2   6.7e-12   1.8e-09   35.5  13.6    45   205    58   222    17   256 0.73 # 25533 # 27041 # -1 # ID=44_23;partial=00;start_type=ATG;rbs_motif=AGGA;rbs_spacer=5-10bp;gc_cont=0.657
NODE_44_length_50752_cov_2.841363_23  -            503 18777at72274         -            384   1.8e-09   35.5  13.6   2   2      0.16        42    1.3   8.2    27   183   296   448   281   465 0.71 # 25533 # 27041 # -1 # ID=44_23;partial=00;start_type=ATG;rbs_motif=AGGA;rbs_spacer=5-10bp;gc_cont=0.657
NODE_11_length_99293_cov_2.901488_94  -            409 18777at72274         -            384   2.1e-09   35.3  36.5   1   3   1.3e-11   3.4e-09   34.6  13.7    49   167    50   173    10   191 0.84 # 85057 # 86283 # -1 # ID=11_94;partial=00;start_type=ATG;rbs_motif=AGGAG;rbs_spacer=5-10bp;gc_cont=0.659
NODE_11_length_99293_cov_2.901488_94  -            409 18777at72274         -            384   2.1e-09   35.3  36.5   2   3     0.001      0.27    8.6  11.9    10   141   212   346   204   373 0.69 # 85057 # 86283 # -1 # ID=11_94;partial=00;start_type=ATG;rbs_motif=AGGAG;rbs_spacer=5-10bp;gc_cont=0.659
NODE_11_length_99293_cov_2.901488_94  -            409 18777at72274         -            384   2.1e-09   35.3  36.5   3   3       1.6   4.2e+02   -1.9   1.8    37   152   366   406   300   408 0.55 # 85057 # 86283 # -1 # ID=11_94;partial=00;start_type=ATG;rbs_motif=AGGAG;rbs_spacer=5-10bp;gc_cont=0.659
NODE_91_length_25104_cov_2.730872_2   -            398 18777at72274         -            384     4e-08   31.0   8.6   1   1   1.5e-10     4e-08   31.0   8.6    28   168    30   173     9   189 0.79 # 817 # 2010 # 1 # ID=91_2;partial=00;start_type=ATG;rbs_motif=GGAG/GAGG;rbs_spacer=5-10bp;gc_cont=0.638
NODE_117_length_19029_cov_2.729394_14 -            377 18777at72274         -            384   1.9e-07   28.8  11.9   1   2   7.3e-10   1.9e-07   28.8  11.9    17   170    15   173     4   243 0.87 # 10511 # 11641 # 1 # ID=117_14;partial=00;start_type=ATG;rbs_motif=GGA/GAG/AGG;rbs_spacer=5-10bp;gc_cont=0.645
NODE_117_length_19029_cov_2.729394_14 -            377 18777at72274         -            384   1.9e-07   28.8  11.9   2   2     0.095        25    2.1   0.9   219   276   288   348   271   362 0.73 # 10511 # 11641 # 1 # ID=117_14;partial=00;start_type=ATG;rbs_motif=GGA/GAG/AGG;rbs_spacer=5-10bp;gc_cont=0.645
NODE_1_length_170490_cov_2.833843_115 -            476 18777at72274         -            384     4e-07   27.8   9.3   1   2   6.2e-09   1.6e-06   25.7   4.0    46   109    53   116    21   127 0.86 # 132948 # 134375 # 1 # ID=1_115;partial=00;start_type=ATG;rbs_motif=GGA/GAG/AGG;rbs_spacer=5-10bp;gc_cont=0.644
NODE_1_length_170490_cov_2.833843_115 -            476 18777at72274         -            384     4e-07   27.8   9.3   2   2     0.032       8.4    3.6   0.3   299   336   137   173   124   185 0.75 # 132948 # 134375 # 1 # ID=1_115;partial=00;start_type=ATG;rbs_motif=GGA/GAG/AGG;rbs_spacer=5-10bp;gc_cont=0.644
NODE_79_length_30031_cov_2.715289_11  -            425 18777at72274         -            384   6.9e-07   27.0   4.4   1   2   2.6e-09   6.9e-07   27.0   4.4    56   176    69   190    20   204 0.82 # 11793 # 13067 # -1 # ID=79_11;partial=00;start_type=ATG;rbs_motif=GGA/GAG/AGG;rbs_spacer=5-10bp;gc_cont=0.618
NODE_79_length_30031_cov_2.715289_11  -            425 18777at72274         -            384   6.9e-07   27.0   4.4   2   2      0.23        61    0.8   3.1   242   318   291   368   272   389 0.62 # 11793 # 13067 # -1 # ID=79_11;partial=00;start_type=ATG;rbs_motif=GGA/GAG/AGG;rbs_spacer=5-10bp;gc_cont=0.618
NODE_69_length_36162_cov_2.788150_31  -            400 18777at72274         -            384   1.1e-06   26.4  24.6   1   1   8.6e-09   2.3e-06   25.3  24.6    25   332    38   369    14   394 0.76 # 28078 # 29277 # 1 # ID=69_31;partial=00;start_type=ATG;rbs_motif=GGA/GAG/AGG;rbs_spacer=5-10bp;gc_cont=0.592
NODE_157_length_11048_cov_2.427433_2  -            455 18777at72274         -            384   7.6e-06   23.5  10.3   1   4   2.9e-08   7.6e-06   23.5  10.3    34   150    42   156    10   182 0.74 # 1878 # 3242 # -1 # ID=157_2;partial=00;start_type=ATG;rbs_motif=GGA/GAG/AGG;rbs_spacer=5-10bp;gc_cont=0.662
NODE_157_length_11048_cov_2.427433_2  -            455 18777at72274         -            384   7.6e-06   23.5  10.3   2   4       1.1     3e+02   -1.5   1.3    43   100   173   236   162   245 0.57 # 1878 # 3242 # -1 # ID=157_2;partial=00;start_type=ATG;rbs_motif=GGA/GAG/AGG;rbs_spacer=5-10bp;gc_cont=0.662
NODE_157_length_11048_cov_2.427433_2  -            455 18777at72274         -            384   7.6e-06   23.5  10.3   3   4      0.37        99    0.1   7.0    10   101   270   361   264   373 0.78 # 1878 # 3242 # -1 # ID=157_2;partial=00;start_type=ATG;rbs_motif=GGA/GAG/AGG;rbs_spacer=5-10bp;gc_cont=0.662
NODE_157_length_11048_cov_2.427433_2  -            455 18777at72274         -            384   7.6e-06   23.5  10.3   4   4     0.016       4.3    4.6   0.8   289   320   382   413   370   428 0.85 # 1878 # 3242 # -1 # ID=157_2;partial=00;start_type=ATG;rbs_motif=GGA/GAG/AGG;rbs_spacer=5-10bp;gc_cont=0.662
NODE_26_length_64093_cov_2.653488_64  -            396 18777at72274         -            384   4.2e-05   21.1  24.4   1   1   2.5e-07   6.5e-05   20.5  23.9    18   172    16   175     1   353 0.87 # 60546 # 61733 # 1 # ID=26_64;partial=00;start_type=TTG;rbs_motif=AGGA/GGAG/GAGG;rbs_spacer=11-12bp;gc_cont=0.639
NODE_10_length_99402_cov_2.843808_57  -            435 18777at72274         -            384   4.6e-05   21.0   3.7   1   2   4.9e-07   0.00013   19.5   1.7    38   107    52   121    42   135 0.91 # 61784 # 63088 # 1 # ID=10_57;partial=00;start_type=ATG;rbs_motif=GGAG/GAGG;rbs_spacer=5-10bp;gc_cont=0.608
NODE_10_length_99402_cov_2.843808_57  -            435 18777at72274         -            384   4.6e-05   21.0   3.7   2   2    0.0006      0.16    9.3   0.0   293   316   138   161   129   182 0.75 # 61784 # 63088 # 1 # ID=10_57;partial=00;start_type=ATG;rbs_motif=GGAG/GAGG;rbs_spacer=5-10bp;gc_cont=0.608
NODE_112_length_20373_cov_2.742715_4  -            398 18777at72274         -            384   4.9e-05   20.9  17.7   1   1   1.9e-07   4.9e-05   20.9  17.7    10   169     7   171     1   364 0.81 # 2934 # 4127 # 1 # ID=112_4;partial=00;start_type=ATG;rbs_motif=None;rbs_spacer=None;gc_cont=0.647
NODE_108_length_21523_cov_2.729576_17 -            480 18777at72274         -            384   4.9e-05   20.9   9.2   1   2   1.9e-07   4.9e-05   20.9   9.2    25   175    39   197    18   203 0.76 # 18376 # 19815 # -1 # ID=108_17;partial=00;start_type=TTG;rbs_motif=None;rbs_spacer=None;gc_cont=0.640
NODE_108_length_21523_cov_2.729576_17 -            480 18777at72274         -            384   4.9e-05   20.9   9.2   2   2      0.79   2.1e+02   -0.9   4.5    86   150   356   424   306   458 0.63 # 18376 # 19815 # -1 # ID=108_17;partial=00;start_type=TTG;rbs_motif=None;rbs_spacer=None;gc_cont=0.640
NODE_20_length_71165_cov_2.962865_32  -            485 18777at72274         -            384     6e-05   20.6  14.2   1   1   2.3e-07     6e-05   20.6  14.2    56   161    43   146    13   336 0.68 # 29242 # 30696 # 1 # ID=20_32;partial=00;start_type=ATG;rbs_motif=None;rbs_spacer=None;gc_cont=0.624
NODE_12_length_92454_cov_2.886133_30  -            522 18777at72274         -            384   0.00027   18.4  22.2   1   3   2.9e-05    0.0076   13.7   9.4    55   176    62   188     9   215 0.82 # 31282 # 32847 # 1 # ID=12_30;partial=00;start_type=ATG;rbs_motif=GGA/GAG/AGG;rbs_spacer=5-10bp;gc_cont=0.625
NODE_12_length_92454_cov_2.886133_30  -            522 18777at72274         -            384   0.00027   18.4  22.2   2   3   9.5e-05     0.025   12.0   2.2    10    84   272   348   265   352 0.82 # 31282 # 32847 # 1 # ID=12_30;partial=00;start_type=ATG;rbs_motif=GGA/GAG/AGG;rbs_spacer=5-10bp;gc_cont=0.625
NODE_12_length_92454_cov_2.886133_30  -            522 18777at72274         -            384   0.00027   18.4  22.2   3   3       1.1   2.9e+02   -1.4   0.0   120   153   475   508   454   511 0.72 # 31282 # 32847 # 1 # ID=12_30;partial=00;start_type=ATG;rbs_motif=GGA/GAG/AGG;rbs_spacer=5-10bp;gc_cont=0.625
NODE_86_length_27074_cov_2.585779_11  -            470 18777at72274         -            384   0.00036   18.0   5.1   1   2   1.4e-06   0.00036   18.0   5.1    62   162    96   203    72   221 0.75 # 12096 # 13505 # -1 # ID=86_11;partial=00;start_type=ATG;rbs_motif=GGA/GAG/AGG;rbs_spacer=5-10bp;gc_cont=0.618
NODE_86_length_27074_cov_2.585779_11  -            470 18777at72274         -            384   0.00036   18.0   5.1   2   2      0.32        85    0.3   1.1    89   269   364   374   318   457 0.57 # 12096 # 13505 # -1 # ID=86_11;partial=00;start_type=ATG;rbs_motif=GGA/GAG/AGG;rbs_spacer=5-10bp;gc_cont=0.618
NODE_54_length_46738_cov_2.836648_28  -            434 18777at72274         -            384     0.001   16.5   3.2   1   3   3.9e-06     0.001   16.5   3.2    62   109    89   136    43   214 0.83 # 28994 # 30295 # -1 # ID=54_28;partial=00;start_type=ATG;rbs_motif=GGAGG;rbs_spacer=5-10bp;gc_cont=0.627
NODE_54_length_46738_cov_2.836648_28  -            434 18777at72274         -            384     0.001   16.5   3.2   2   3       2.8   7.5e+02   -2.8   2.1    98   164   247   314   238   326 0.65 # 28994 # 30295 # -1 # ID=54_28;partial=00;start_type=ATG;rbs_motif=GGAGG;rbs_spacer=5-10bp;gc_cont=0.627
NODE_54_length_46738_cov_2.836648_28  -            434 18777at72274         -            384     0.001   16.5   3.2   3   3       0.4     1e+02    0.0   0.5   278   322   350   395   327   425 0.71 # 28994 # 30295 # -1 # ID=54_28;partial=00;start_type=ATG;rbs_motif=GGAGG;rbs_spacer=5-10bp;gc_cont=0.627
NODE_46_length_50405_cov_2.794821_7   -            393 18777at72274         -            384     0.089   10.2  35.1   1   1     0.003      0.79    7.0  35.1    29   324    43   363    14   391 0.65 # 7522 # 8700 # 1 # ID=46_7;partial=00;start_type=ATG;rbs_motif=GGAG/GAGG;rbs_spacer=5-10bp;gc_cont=0.639
NODE_2_length_144272_cov_2.753151_60  -            385 18777at72274         -            384     0.097   10.0  26.6   1   1    0.0033      0.87    6.9  26.1    24   170    20   168     9   348 0.87 # 57803 # 58957 # -1 # ID=2_60;partial=00;start_type=ATG;rbs_motif=GGAG/GAGG;rbs_spacer=5-10bp;gc_cont=0.633
NODE_80_length_29905_cov_2.694909_23  -            438 18777at72274         -            384       1.3    6.3  27.9   1   3   7.1e-05     0.019   12.4   2.1    49   106    58   115    50   121 0.86 # 23286 # 24599 # -1 # ID=80_23;partial=00;start_type=ATG;rbs_motif=AGGA/GGAG/GAGG;rbs_spacer=11-12bp;gc_cont=0.639
NODE_80_length_29905_cov_2.694909_23  -            438 18777at72274         -            384       1.3    6.3  27.9   2   3     0.032       8.5    3.6   0.4   293   346   133   186   123   200 0.85 # 23286 # 24599 # -1 # ID=80_23;partial=00;start_type=ATG;rbs_motif=AGGA/GGAG/GAGG;rbs_spacer=11-12bp;gc_cont=0.639
NODE_80_length_29905_cov_2.694909_23  -            438 18777at72274         -            384       1.3    6.3  27.9   3   3      0.47   1.2e+02   -0.2  11.6   258   331   313   395   222   411 0.68 # 23286 # 24599 # -1 # ID=80_23;partial=00;start_type=ATG;rbs_motif=AGGA/GGAG/GAGG;rbs_spacer=11-12bp;gc_cont=0.639
NODE_24_length_66901_cov_3.093030_70  -            401 18777at72274         -            384       2.1    5.6  31.9   1   1   0.00091      0.24    8.7  24.7    23   246    19   257     4   285 0.70 # 65457 # 66659 # -1 # ID=24_70;partial=00;start_type=ATG;rbs_motif=GGAG/GAGG;rbs_spacer=5-10bp;gc_cont=0.641
#
# Program:         hmmsearch
# Version:         3.1b2 (February 2015)
# Pipeline mode:   SEARCH
# Query file:      /data2/PEG/hoaxaca/REAA/Pseudomonas/bin/busco_downloads/lineages/pseudomonadales_odb10/hmms/18777at72274.hmm
# Target file:     /data2/PEG/hoaxaca/REAA/Pseudomonas/bin/../out/busco/trim_130clip.spades_kmer/prodigal_output/predicted_genes/predicted.faa
# Option settings: hmmsearch --domtblout /data2/PEG/hoaxaca/REAA/Pseudomonas/bin/../out/busco/trim_130clip.spades_kmer/run_pseudomonadales_odb10/hmmer_output/18777at72274.out --cpu 1 /data2/PEG/hoaxaca/REAA/Pseudomonas/bin/busco_downloads/lineages/pseudomonadales_odb10/hmms/18777at72274.hmm /data2/PEG/hoaxaca/REAA/Pseudomonas/bin/../out/busco/trim_130clip.spades_kmer/prodigal_output/predicted_genes/predicted.faa 
# Current dir:     /data2/PEG/hoaxaca/REAA/Pseudomonas/bin
# Date:            Mon Feb 20 00:27:28 2023
# [ok]
