#                                                                                             --- full sequence --- -------------- this domain -------------   hmm coord   ali coord   env coord
# target name                         accession   tlen query name           accession   qlen   E-value  score  bias   #  of  c-Evalue  i-Evalue  score  bias  from    to  from    to  from    to  acc description of target
#                 ------------------- ---------- ----- -------------------- ---------- ----- --------- ------ ----- --- --- --------- --------- ------ ----- ----- ----- ----- ----- ----- ----- ---- ---------------------
NODE_33_length_57502_cov_2.751059_45  -            457 18974at72274         -            424    1e-168  560.1   9.4   1   2   1.4e-32   5.3e-30  103.1   3.0    72   164    28   122    24   128 0.89 # 56130 # 57500 # -1 # ID=33_45;partial=01;start_type=Edge;rbs_motif=None;rbs_spacer=None;gc_cont=0.637
NODE_33_length_57502_cov_2.751059_45  -            457 18974at72274         -            424    1e-168  560.1   9.4   2   2  3.3e-141  1.2e-138  461.0   0.5   147   424   144   456   134   456 0.90 # 56130 # 57500 # -1 # ID=33_45;partial=01;start_type=Edge;rbs_motif=None;rbs_spacer=None;gc_cont=0.637
NODE_21_length_71141_cov_2.765370_33  -            428 18974at72274         -            424   2.8e-64  216.0  11.1   1   1   1.6e-65   5.9e-63  211.6  11.1     1   417     6   419     6   426 0.83 # 58034 # 59317 # -1 # ID=21_33;partial=00;start_type=ATG;rbs_motif=GGAGG;rbs_spacer=5-10bp;gc_cont=0.643
NODE_82_length_29491_cov_2.964310_23  -            325 18974at72274         -            424   8.9e-55  184.7   2.6   1   1   6.3e-57   2.4e-54  183.3   2.6   147   424    15   322     7   322 0.82 # 28515 # 29489 # -1 # ID=82_23;partial=01;start_type=Edge;rbs_motif=None;rbs_spacer=None;gc_cont=0.606
NODE_48_length_49939_cov_2.805107_40  -            109 18974at72274         -            424   2.8e-34  117.1   0.9   1   1   8.8e-37   3.3e-34  116.9   0.9     1    73     5    77     5    90 0.96 # 49611 # 49937 # 1 # ID=48_40;partial=01;start_type=GTG;rbs_motif=AGGAG;rbs_spacer=5-10bp;gc_cont=0.627
NODE_35_length_56262_cov_2.748784_39  -            603 18974at72274         -            424   7.6e-10   36.7   1.7   1   1     3e-12   1.1e-09   36.1   1.7    11    71   541   601   536   602 0.97 # 44794 # 46602 # -1 # ID=35_39;partial=00;start_type=ATG;rbs_motif=GGAG/GAGG;rbs_spacer=5-10bp;gc_cont=0.614
NODE_80_length_29905_cov_2.694909_5   -            646 18974at72274         -            424   1.4e-09   35.7   0.3   1   1   7.4e-12   2.7e-09   34.8   0.3    10    73   581   644   577   645 0.93 # 5544 # 7481 # 1 # ID=80_5;partial=00;start_type=ATG;rbs_motif=AGGAG;rbs_spacer=5-10bp;gc_cont=0.646
NODE_17_length_74771_cov_2.676277_73  -            112 18974at72274         -            424     1e-05   23.0   1.6   1   1   3.2e-08   1.2e-05   22.8   1.6    83   162    17    96     2   105 0.70 # 74435 # 74770 # 1 # ID=17_73;partial=01;start_type=ATG;rbs_motif=AGGA;rbs_spacer=5-10bp;gc_cont=0.649
NODE_116_length_19524_cov_2.546631_16 -            154 18974at72274         -            424   1.8e-05   22.2   0.0   1   1   6.5e-08   2.4e-05   21.8   0.0    15    68    97   150    80   153 0.82 # 17914 # 18375 # -1 # ID=116_16;partial=00;start_type=ATG;rbs_motif=GGAG/GAGG;rbs_spacer=5-10bp;gc_cont=0.576
NODE_26_length_64093_cov_2.653488_46  -           1254 18974at72274         -            424     2e-05   22.1   0.1   1   1   7.6e-08   2.8e-05   21.6   0.1    11    73  1189  1251  1180  1253 0.72 # 41794 # 45555 # 1 # ID=26_46;partial=00;start_type=ATG;rbs_motif=None;rbs_spacer=None;gc_cont=0.631
NODE_100_length_22954_cov_2.793928_12 -            645 18974at72274         -            424   3.5e-05   21.3   0.6   1   1   1.4e-07   5.2e-05   20.7   0.6    10    71   583   644   578   644 0.89 # 10692 # 12626 # -1 # ID=100_12;partial=00;start_type=ATG;rbs_motif=AGGA;rbs_spacer=5-10bp;gc_cont=0.640
NODE_21_length_71141_cov_2.765370_17  -            389 18974at72274         -            424   0.00019   18.9   1.4   1   2   8.3e-07   0.00031   18.2   0.4    39   127    61   146    38   183 0.70 # 42345 # 43511 # -1 # ID=21_17;partial=00;start_type=ATG;rbs_motif=GGA/GAG/AGG;rbs_spacer=5-10bp;gc_cont=0.621
NODE_21_length_71141_cov_2.765370_17  -            389 18974at72274         -            424   0.00019   18.9   1.4   2   2       1.4   5.1e+02   -2.3   0.0    39    67   350   378   298   381 0.62 # 42345 # 43511 # -1 # ID=21_17;partial=00;start_type=ATG;rbs_motif=GGA/GAG/AGG;rbs_spacer=5-10bp;gc_cont=0.621
NODE_182_length_6686_cov_2.683793_5   -            374 18974at72274         -            424   0.00047   17.6   1.5   1   3     2e-06   0.00075   16.9   0.1    39    90    50   100    26   123 0.83 # 5251 # 6372 # -1 # ID=182_5;partial=00;start_type=ATG;rbs_motif=None;rbs_spacer=None;gc_cont=0.637
NODE_182_length_6686_cov_2.683793_5   -            374 18974at72274         -            424   0.00047   17.6   1.5   2   3       3.6   1.3e+03   -3.7   0.0    31    46   298   313   292   317 0.65 # 5251 # 6372 # -1 # ID=182_5;partial=00;start_type=ATG;rbs_motif=None;rbs_spacer=None;gc_cont=0.637
NODE_182_length_6686_cov_2.683793_5   -            374 18974at72274         -            424   0.00047   17.6   1.5   3   3       1.4   5.1e+02   -2.3   0.1    45    68   339   362   324   367 0.73 # 5251 # 6372 # -1 # ID=182_5;partial=00;start_type=ATG;rbs_motif=None;rbs_spacer=None;gc_cont=0.637
NODE_146_length_13729_cov_2.682547_2  -            373 18974at72274         -            424    0.0014   16.0   0.1   1   2   7.7e-06    0.0029   15.0   0.0   107   149    70   111    53   149 0.70 # 1111 # 2229 # 1 # ID=146_2;partial=00;start_type=ATG;rbs_motif=AGGAG;rbs_spacer=5-10bp;gc_cont=0.635
NODE_146_length_13729_cov_2.682547_2  -            373 18974at72274         -            424    0.0014   16.0   0.1   2   2         3   1.1e+03   -3.4   0.0    42    70   185   213   182   249 0.69 # 1111 # 2229 # 1 # ID=146_2;partial=00;start_type=ATG;rbs_motif=AGGAG;rbs_spacer=5-10bp;gc_cont=0.635
NODE_12_length_92454_cov_2.886133_85  -            349 18974at72274         -            424    0.0093   13.3   0.6   1   2   0.00019     0.072   10.4   0.3    82   145    54   119    36   169 0.77 # 84509 # 85555 # -1 # ID=12_85;partial=00;start_type=ATG;rbs_motif=None;rbs_spacer=None;gc_cont=0.632
NODE_12_length_92454_cov_2.886133_85  -            349 18974at72274         -            424    0.0093   13.3   0.6   2   2      0.12        45    1.2   0.0   105   144   204   243   177   261 0.61 # 84509 # 85555 # -1 # ID=12_85;partial=00;start_type=ATG;rbs_motif=None;rbs_spacer=None;gc_cont=0.632
NODE_93_length_25079_cov_2.784707_21  -            128 18974at72274         -            424    0.0096   13.2   0.0   1   1   2.6e-05    0.0097   13.2   0.0    79   126    36    82    13   113 0.76 # 19747 # 20130 # -1 # ID=93_21;partial=00;start_type=ATG;rbs_motif=GGAG/GAGG;rbs_spacer=5-10bp;gc_cont=0.596
NODE_96_length_24520_cov_2.646497_19  -            384 18974at72274         -            424     0.011   13.1   0.1   1   2   0.00079      0.29    8.4   0.2    39   105    75   138    65   171 0.62 # 18405 # 19556 # 1 # ID=96_19;partial=00;start_type=ATG;rbs_motif=AGGA;rbs_spacer=5-10bp;gc_cont=0.641
NODE_96_length_24520_cov_2.646497_19  -            384 18974at72274         -            424     0.011   13.1   0.1   2   2     0.032        12    3.0   0.0    39    74   169   204   154   233 0.71 # 18405 # 19556 # 1 # ID=96_19;partial=00;start_type=ATG;rbs_motif=AGGA;rbs_spacer=5-10bp;gc_cont=0.641
NODE_67_length_38797_cov_2.772976_23  -            445 18974at72274         -            424     0.035   11.4   0.0   1   2    0.0016      0.59    7.4   0.0    44    74    70   100    52   132 0.76 # 32701 # 34035 # -1 # ID=67_23;partial=00;start_type=ATG;rbs_motif=AGGA;rbs_spacer=5-10bp;gc_cont=0.641
NODE_67_length_38797_cov_2.772976_23  -            445 18974at72274         -            424     0.035   11.4   0.0   2   2     0.076        28    1.8   0.0    35    82   289   337   270   371 0.71 # 32701 # 34035 # -1 # ID=67_23;partial=00;start_type=ATG;rbs_motif=AGGA;rbs_spacer=5-10bp;gc_cont=0.641
#
# Program:         hmmsearch
# Version:         3.1b2 (February 2015)
# Pipeline mode:   SEARCH
# Query file:      /data2/PEG/hoaxaca/REAA/Pseudomonas/bin/busco_downloads/lineages/pseudomonadales_odb10/hmms/18974at72274.hmm
# Target file:     /data2/PEG/hoaxaca/REAA/Pseudomonas/bin/../out/busco/trim_130clip.spades_kmer/prodigal_output/predicted_genes/predicted.faa
# Option settings: hmmsearch --domtblout /data2/PEG/hoaxaca/REAA/Pseudomonas/bin/../out/busco/trim_130clip.spades_kmer/run_pseudomonadales_odb10/hmmer_output/18974at72274.out --cpu 1 /data2/PEG/hoaxaca/REAA/Pseudomonas/bin/busco_downloads/lineages/pseudomonadales_odb10/hmms/18974at72274.hmm /data2/PEG/hoaxaca/REAA/Pseudomonas/bin/../out/busco/trim_130clip.spades_kmer/prodigal_output/predicted_genes/predicted.faa 
# Current dir:     /data2/PEG/hoaxaca/REAA/Pseudomonas/bin
# Date:            Mon Feb 20 00:27:28 2023
# [ok]
