#                                                                                            --- full sequence --- -------------- this domain -------------   hmm coord   ali coord   env coord
# target name                        accession   tlen query name           accession   qlen   E-value  score  bias   #  of  c-Evalue  i-Evalue  score  bias  from    to  from    to  from    to  acc description of target
#                ------------------- ---------- ----- -------------------- ---------- ----- --------- ------ ----- --- --- --------- --------- ------ ----- ----- ----- ----- ----- ----- ----- ---- ---------------------
NODE_20_length_71165_cov_2.962865_65 -            365 20191at72274         -            278  1.6e-136  452.7   5.0   1   2     0.073        58    1.4   0.0     2    16     7    21     6    57 0.86 # 65437 # 66531 # 1 # ID=20_65;partial=00;start_type=ATG;rbs_motif=GGAG/GAGG;rbs_spacer=5-10bp;gc_cont=0.644
NODE_20_length_71165_cov_2.962865_65 -            365 20191at72274         -            278  1.6e-136  452.7   5.0   2   2  1.7e-138  1.4e-135  449.6   4.8    26   274    84   348    59   351 0.92 # 65437 # 66531 # 1 # ID=20_65;partial=00;start_type=ATG;rbs_motif=GGAG/GAGG;rbs_spacer=5-10bp;gc_cont=0.644
NODE_138_length_15551_cov_2.727178_5 -            278 20191at72274         -            278   1.5e-09   36.2   4.2   1   1   2.3e-11   1.8e-08   32.6   4.2    39   188     8   166     4   248 0.71 # 3102 # 3935 # -1 # ID=138_5;partial=00;start_type=ATG;rbs_motif=GGA/GAG/AGG;rbs_spacer=11-12bp;gc_cont=0.613
NODE_19_length_72343_cov_2.670530_22 -            271 20191at72274         -            278   7.2e-08   30.6   1.5   1   2   3.9e-09   3.1e-06   25.3   0.5    39    76     3    41     1    78 0.85 # 25390 # 26202 # 1 # ID=19_22;partial=00;start_type=TTG;rbs_motif=GGA/GAG/AGG;rbs_spacer=11-12bp;gc_cont=0.594
NODE_19_length_72343_cov_2.670530_22 -            271 20191at72274         -            278   7.2e-08   30.6   1.5   2   2     0.013        10    3.9   0.0   219   262   194   236   181   252 0.79 # 25390 # 26202 # 1 # ID=19_22;partial=00;start_type=TTG;rbs_motif=GGA/GAG/AGG;rbs_spacer=11-12bp;gc_cont=0.594
NODE_17_length_74771_cov_2.676277_4  -            263 20191at72274         -            278     2e-07   29.2   2.5   1   1   3.5e-09   2.8e-06   25.5   2.5    40   152     3   137     1   159 0.68 # 2305 # 3093 # 1 # ID=17_4;partial=00;start_type=ATG;rbs_motif=GGAGG;rbs_spacer=5-10bp;gc_cont=0.639
NODE_10_length_99402_cov_2.843808_17 -            266 20191at72274         -            278     1e-06   26.9   0.7   1   2   2.3e-08   1.8e-05   22.8   0.3    39    84     3    49     1    60 0.85 # 16009 # 16806 # -1 # ID=10_17;partial=00;start_type=ATG;rbs_motif=GGA/GAG/AGG;rbs_spacer=11-12bp;gc_cont=0.585
NODE_10_length_99402_cov_2.843808_17 -            266 20191at72274         -            278     1e-06   26.9   0.7   2   2     0.036        28    2.5   0.0   136   170   117   149   108   186 0.78 # 16009 # 16806 # -1 # ID=10_17;partial=00;start_type=ATG;rbs_motif=GGA/GAG/AGG;rbs_spacer=11-12bp;gc_cont=0.585
NODE_5_length_127372_cov_2.791748_27 -            314 20191at72274         -            278    0.0016   16.4   0.4   1   2   2.1e-05     0.017   13.1   0.0    36    75    64   105    53   117 0.83 # 23728 # 24669 # 1 # ID=5_27;partial=00;start_type=ATG;rbs_motif=GGAG/GAGG;rbs_spacer=5-10bp;gc_cont=0.611
NODE_5_length_127372_cov_2.791748_27 -            314 20191at72274         -            278    0.0016   16.4   0.4   2   2     0.072        57    1.5   0.1   133   179   178   221   142   233 0.82 # 23728 # 24669 # 1 # ID=5_27;partial=00;start_type=ATG;rbs_motif=GGAG/GAGG;rbs_spacer=5-10bp;gc_cont=0.611
NODE_47_length_50324_cov_2.789748_33 -            459 20191at72274         -            278    0.0022   15.9   0.0   1   1   5.8e-06    0.0046   14.9   0.0    31    82    92   145    63   161 0.78 # 35067 # 36443 # -1 # ID=47_33;partial=00;start_type=ATG;rbs_motif=AGGA;rbs_spacer=5-10bp;gc_cont=0.603
NODE_33_length_57502_cov_2.751059_26 -            257 20191at72274         -            278     0.042   11.7   0.1   1   1   8.8e-05     0.069   11.0   0.1    43    78     5    41     3    57 0.81 # 26984 # 27754 # 1 # ID=33_26;partial=00;start_type=ATG;rbs_motif=GGAGG;rbs_spacer=5-10bp;gc_cont=0.582
#
# Program:         hmmsearch
# Version:         3.1b2 (February 2015)
# Pipeline mode:   SEARCH
# Query file:      /data2/PEG/hoaxaca/REAA/Pseudomonas/bin/busco_downloads/lineages/pseudomonadales_odb10/hmms/20191at72274.hmm
# Target file:     /data2/PEG/hoaxaca/REAA/Pseudomonas/bin/../out/busco/trim_130clip.spades_kmer/prodigal_output/predicted_genes/predicted.faa
# Option settings: hmmsearch --domtblout /data2/PEG/hoaxaca/REAA/Pseudomonas/bin/../out/busco/trim_130clip.spades_kmer/run_pseudomonadales_odb10/hmmer_output/20191at72274.out --cpu 1 /data2/PEG/hoaxaca/REAA/Pseudomonas/bin/busco_downloads/lineages/pseudomonadales_odb10/hmms/20191at72274.hmm /data2/PEG/hoaxaca/REAA/Pseudomonas/bin/../out/busco/trim_130clip.spades_kmer/prodigal_output/predicted_genes/predicted.faa 
# Current dir:     /data2/PEG/hoaxaca/REAA/Pseudomonas/bin
# Date:            Mon Feb 20 00:27:30 2023
# [ok]
