#                                                                                             --- full sequence --- -------------- this domain -------------   hmm coord   ali coord   env coord
# target name                         accession   tlen query name           accession   qlen   E-value  score  bias   #  of  c-Evalue  i-Evalue  score  bias  from    to  from    to  from    to  acc description of target
#                 ------------------- ---------- ----- -------------------- ---------- ----- --------- ------ ----- --- --- --------- --------- ------ ----- ----- ----- ----- ----- ----- ----- ---- ---------------------
NODE_41_length_54029_cov_2.577567_18  -           1163 20685at72274         -            884         0 1128.6 101.0   1   4  5.6e-182  5.9e-179  595.6  34.7     1   426     1   555     1   562 0.88 # 23599 # 27087 # 1 # ID=41_18;partial=00;start_type=GTG;rbs_motif=GGA/GAG/AGG;rbs_spacer=5-10bp;gc_cont=0.620
NODE_41_length_54029_cov_2.577567_18  -           1163 20685at72274         -            884         0 1128.6 101.0   2   4   2.4e-08   2.5e-05   21.1   3.3   429   528   596   698   570   705 0.61 # 23599 # 27087 # 1 # ID=41_18;partial=00;start_type=GTG;rbs_motif=GGA/GAG/AGG;rbs_spacer=5-10bp;gc_cont=0.620
NODE_41_length_54029_cov_2.577567_18  -           1163 20685at72274         -            884         0 1128.6 101.0   3   4   9.3e-23   9.8e-20   68.8  49.6   480   673   688   915   674   925 0.75 # 23599 # 27087 # 1 # ID=41_18;partial=00;start_type=GTG;rbs_motif=GGA/GAG/AGG;rbs_spacer=5-10bp;gc_cont=0.620
NODE_41_length_54029_cov_2.577567_18  -           1163 20685at72274         -            884         0 1128.6 101.0   4   4  1.4e-135  1.5e-132  442.0   1.7   666   884   936  1158   912  1158 0.93 # 23599 # 27087 # 1 # ID=41_18;partial=00;start_type=GTG;rbs_motif=GGA/GAG/AGG;rbs_spacer=5-10bp;gc_cont=0.620
NODE_62_length_40697_cov_2.843086_25  -            260 20685at72274         -            884   4.2e-05   20.4   0.0   1   2   3.5e-05     0.037   10.6   0.0    24    40    38    54    33    60 0.88 # 20271 # 21050 # -1 # ID=62_25;partial=00;start_type=ATG;rbs_motif=GGA/GAG/AGG;rbs_spacer=5-10bp;gc_cont=0.577
NODE_62_length_40697_cov_2.843086_25  -            260 20685at72274         -            884   4.2e-05   20.4   0.0   2   2   0.00026      0.27    7.7   0.0   816   851   178   213   118   225 0.91 # 20271 # 21050 # -1 # ID=62_25;partial=00;start_type=ATG;rbs_motif=GGA/GAG/AGG;rbs_spacer=5-10bp;gc_cont=0.577
NODE_115_length_19800_cov_2.521222_10 -            249 20685at72274         -            884    0.0008   16.1   0.0   1   2   0.00019      0.21    8.1   0.0    24    42    41    59    31    62 0.83 # 8284 # 9030 # 1 # ID=115_10;partial=00;start_type=ATG;rbs_motif=AGGAG;rbs_spacer=5-10bp;gc_cont=0.667
NODE_115_length_19800_cov_2.521222_10 -            249 20685at72274         -            884    0.0008   16.1   0.0   2   2   0.00092      0.97    5.9   0.0   782   851   136   202   133   217 0.77 # 8284 # 9030 # 1 # ID=115_10;partial=00;start_type=ATG;rbs_motif=AGGAG;rbs_spacer=5-10bp;gc_cont=0.667
NODE_136_length_15613_cov_2.498579_14 -            235 20685at72274         -            884    0.0071   13.0   0.0   1   1     1e-05     0.011   12.4   0.0    27    47    33    53    25    58 0.85 # 12987 # 13691 # -1 # ID=136_14;partial=00;start_type=ATG;rbs_motif=None;rbs_spacer=None;gc_cont=0.660
NODE_205_length_3098_cov_2.703803_2   -            377 20685at72274         -            884      0.09    9.3  21.4   1   1   0.00011      0.12    9.0  21.4   501   665    99   226    62   256 0.40 # 237 # 1367 # 1 # ID=205_2;partial=00;start_type=ATG;rbs_motif=GGAG/GAGG;rbs_spacer=5-10bp;gc_cont=0.645
NODE_171_length_9050_cov_2.650790_3   -            209 20685at72274         -            884      0.14    8.7  23.6   1   1   0.00015      0.16    8.5  23.6   530   658    25   159    14   188 0.48 # 604 # 1230 # -1 # ID=171_3;partial=00;start_type=ATG;rbs_motif=GGAG/GAGG;rbs_spacer=5-10bp;gc_cont=0.600
#
# Program:         hmmsearch
# Version:         3.1b2 (February 2015)
# Pipeline mode:   SEARCH
# Query file:      /data2/PEG/hoaxaca/REAA/Pseudomonas/bin/busco_downloads/lineages/pseudomonadales_odb10/hmms/20685at72274.hmm
# Target file:     /data2/PEG/hoaxaca/REAA/Pseudomonas/bin/../out/busco/trim_130clip.spades_kmer/prodigal_output/predicted_genes/predicted.faa
# Option settings: hmmsearch --domtblout /data2/PEG/hoaxaca/REAA/Pseudomonas/bin/../out/busco/trim_130clip.spades_kmer/run_pseudomonadales_odb10/hmmer_output/20685at72274.out --cpu 1 /data2/PEG/hoaxaca/REAA/Pseudomonas/bin/busco_downloads/lineages/pseudomonadales_odb10/hmms/20685at72274.hmm /data2/PEG/hoaxaca/REAA/Pseudomonas/bin/../out/busco/trim_130clip.spades_kmer/prodigal_output/predicted_genes/predicted.faa 
# Current dir:     /data2/PEG/hoaxaca/REAA/Pseudomonas/bin
# Date:            Mon Feb 20 00:27:30 2023
# [ok]
