#                                                                                             --- full sequence --- -------------- this domain -------------   hmm coord   ali coord   env coord
# target name                         accession   tlen query name           accession   qlen   E-value  score  bias   #  of  c-Evalue  i-Evalue  score  bias  from    to  from    to  from    to  acc description of target
#                 ------------------- ---------- ----- -------------------- ---------- ----- --------- ------ ----- --- --- --------- --------- ------ ----- ----- ----- ----- ----- ----- ----- ---- ---------------------
NODE_7_length_109814_cov_2.797259_23  -            855 2210at72274          -            700         0 1330.2  30.4   1   3   1.1e-15   7.5e-13   46.1   0.2     1    42     1    42     1    52 0.95 # 20689 # 23253 # -1 # ID=7_23;partial=00;start_type=ATG;rbs_motif=AGGA;rbs_spacer=5-10bp;gc_cont=0.588
NODE_7_length_109814_cov_2.797259_23  -            855 2210at72274          -            700         0 1330.2  30.4   2   3   5.3e-16   3.8e-13   47.1   0.4    35    86    68   121    51   148 0.84 # 20689 # 23253 # -1 # ID=7_23;partial=00;start_type=ATG;rbs_motif=AGGA;rbs_spacer=5-10bp;gc_cont=0.588
NODE_7_length_109814_cov_2.797259_23  -            855 2210at72274          -            700         0 1330.2  30.4   3   3         0         0 1240.1  19.1    81   700   153   836   146   836 0.93 # 20689 # 23253 # -1 # ID=7_23;partial=00;start_type=ATG;rbs_motif=AGGA;rbs_spacer=5-10bp;gc_cont=0.588
NODE_18_length_74730_cov_2.929601_58  -            857 2210at72274          -            700  7.4e-180  598.1   3.0   1   1  7.4e-181  5.2e-178  592.0   3.0    87   694   163   823   155   828 0.85 # 57424 # 59994 # 1 # ID=18_58;partial=00;start_type=ATG;rbs_motif=GGA/GAG/AGG;rbs_spacer=5-10bp;gc_cont=0.605
NODE_89_length_25616_cov_3.076307_13  -            757 2210at72274          -            700  1.2e-179  597.4   5.5   1   3     0.058        41    0.7   0.0    53    87     7    41     2   121 0.69 # 13725 # 15995 # 1 # ID=89_13;partial=00;start_type=ATG;rbs_motif=GGAG/GAGG;rbs_spacer=5-10bp;gc_cont=0.606
NODE_89_length_25616_cov_3.076307_13  -            757 2210at72274          -            700  1.2e-179  597.4   5.5   2   3   3.4e-99   2.4e-96  322.0   0.8    85   328   169   415   163   427 0.95 # 13725 # 15995 # 1 # ID=89_13;partial=00;start_type=ATG;rbs_motif=GGAG/GAGG;rbs_spacer=5-10bp;gc_cont=0.606
NODE_89_length_25616_cov_3.076307_13  -            757 2210at72274          -            700  1.2e-179  597.4   5.5   3   3   2.9e-85     2e-82  276.0   0.1   416   699   428   728   412   729 0.88 # 13725 # 15995 # 1 # ID=89_13;partial=00;start_type=ATG;rbs_motif=GGAG/GAGG;rbs_spacer=5-10bp;gc_cont=0.606
NODE_103_length_22406_cov_2.788725_12 -            891 2210at72274          -            700    5e-174  578.8   3.5   1   1  8.1e-175  5.7e-172  572.0   3.5    84   657   187   816   180   830 0.85 # 10972 # 13644 # 1 # ID=103_12;partial=00;start_type=ATG;rbs_motif=AGGA;rbs_spacer=5-10bp;gc_cont=0.634
NODE_184_length_6395_cov_2.781908_3   -            319 2210at72274          -            700   1.3e-50  170.9   0.0   1   1   2.5e-53   1.7e-50  170.5   0.0   446   696    12   291     8   294 0.85 # 2258 # 3214 # -1 # ID=184_3;partial=00;start_type=ATG;rbs_motif=GGxGG;rbs_spacer=5-10bp;gc_cont=0.629
NODE_5_length_127372_cov_2.791748_114 -            446 2210at72274          -            700   4.8e-07   26.9   0.4   1   2   2.6e-09   1.9e-06   24.9   0.0   446   527    10    93     6    98 0.75 # 120772 # 122109 # -1 # ID=5_114;partial=00;start_type=ATG;rbs_motif=AGGA/GGAG/GAGG;rbs_spacer=11-12bp;gc_cont=0.602
NODE_5_length_127372_cov_2.791748_114 -            446 2210at72274          -            700   4.8e-07   26.9   0.4   2   2       0.2   1.4e+02   -1.1   0.1   184   219   234   267   210   273 0.75 # 120772 # 122109 # -1 # ID=5_114;partial=00;start_type=ATG;rbs_motif=AGGA/GGAG/GAGG;rbs_spacer=11-12bp;gc_cont=0.602
NODE_46_length_50405_cov_2.794821_11  -            428 2210at72274          -            700    0.0011   15.8   0.0   1   1   2.8e-06     0.002   15.0   0.0   446   504    73   138    63   148 0.72 # 15314 # 16597 # -1 # ID=46_11;partial=00;start_type=ATG;rbs_motif=GGA/GAG/AGG;rbs_spacer=5-10bp;gc_cont=0.551
NODE_9_length_101782_cov_2.670139_66  -            282 2210at72274          -            700    0.0014   15.4   0.0   1   2    0.0038       2.7    4.6   0.0   126   150    24    49    14    70 0.83 # 70960 # 71805 # 1 # ID=9_66;partial=00;start_type=ATG;rbs_motif=GGAG/GAGG;rbs_spacer=5-10bp;gc_cont=0.592
NODE_9_length_101782_cov_2.670139_66  -            282 2210at72274          -            700    0.0014   15.4   0.0   2   2   0.00019      0.13    8.9   0.0   538   602    94   160    68   175 0.80 # 70960 # 71805 # 1 # ID=9_66;partial=00;start_type=ATG;rbs_motif=GGAG/GAGG;rbs_spacer=5-10bp;gc_cont=0.592
NODE_83_length_29005_cov_2.696586_19  -            284 2210at72274          -            700      0.02   11.6   0.0   1   1   4.1e-05     0.029   11.1   0.0   468   505    37    74    29    83 0.82 # 20477 # 21328 # -1 # ID=83_19;partial=00;start_type=ATG;rbs_motif=GGAG/GAGG;rbs_spacer=5-10bp;gc_cont=0.624
#
# Program:         hmmsearch
# Version:         3.1b2 (February 2015)
# Pipeline mode:   SEARCH
# Query file:      /data2/PEG/hoaxaca/REAA/Pseudomonas/bin/busco_downloads/lineages/pseudomonadales_odb10/hmms/2210at72274.hmm
# Target file:     /data2/PEG/hoaxaca/REAA/Pseudomonas/bin/../out/busco/trim_130clip.spades_kmer/prodigal_output/predicted_genes/predicted.faa
# Option settings: hmmsearch --domtblout /data2/PEG/hoaxaca/REAA/Pseudomonas/bin/../out/busco/trim_130clip.spades_kmer/run_pseudomonadales_odb10/hmmer_output/2210at72274.out --cpu 1 /data2/PEG/hoaxaca/REAA/Pseudomonas/bin/busco_downloads/lineages/pseudomonadales_odb10/hmms/2210at72274.hmm /data2/PEG/hoaxaca/REAA/Pseudomonas/bin/../out/busco/trim_130clip.spades_kmer/prodigal_output/predicted_genes/predicted.faa 
# Current dir:     /data2/PEG/hoaxaca/REAA/Pseudomonas/bin
# Date:            Mon Feb 20 00:27:33 2023
# [ok]
