#                                                                                             --- full sequence --- -------------- this domain -------------   hmm coord   ali coord   env coord
# target name                         accession   tlen query name           accession   qlen   E-value  score  bias   #  of  c-Evalue  i-Evalue  score  bias  from    to  from    to  from    to  acc description of target
#                 ------------------- ---------- ----- -------------------- ---------- ----- --------- ------ ----- --- --- --------- --------- ------ ----- ----- ----- ----- ----- ----- ----- ---- ---------------------
NODE_10_length_99402_cov_2.843808_6   -            456 22432at72274         -            375    2e-168  558.8   7.6   1   1  2.6e-171  2.8e-168  558.4   7.6     1   371     1   441     1   445 0.90 # 6381 # 7748 # -1 # ID=10_6;partial=00;start_type=ATG;rbs_motif=3Base/5BMM;rbs_spacer=13-15bp;gc_cont=0.608
NODE_206_length_2962_cov_2.625750_4   -            200 22432at72274         -            375   3.8e-09   34.7   0.2   1   1   7.5e-11   7.9e-08   30.3   0.2   274   321    95   142    42   198 0.67 # 2361 # 2960 # 1 # ID=206_4;partial=01;start_type=TTG;rbs_motif=GGAG/GAGG;rbs_spacer=5-10bp;gc_cont=0.598
NODE_23_length_67852_cov_2.767885_43  -            237 22432at72274         -            375      0.04   11.5   0.0   1   1   5.5e-05     0.058   11.0   0.0     6    37    11    42     7    47 0.92 # 51987 # 52697 # 1 # ID=23_43;partial=00;start_type=ATG;rbs_motif=None;rbs_spacer=None;gc_cont=0.654
NODE_29_length_62543_cov_3.862471_46  -            225 22432at72274         -            375     0.048   11.3   0.0   1   1   6.4e-05     0.068   10.8   0.0     5    50     3    53     1    78 0.78 # 60493 # 61167 # -1 # ID=29_46;partial=00;start_type=ATG;rbs_motif=GGAG/GAGG;rbs_spacer=5-10bp;gc_cont=0.631
NODE_107_length_21816_cov_2.826041_18 -            187 22432at72274         -            375     0.078   10.6   3.1   1   2     0.027        28    2.2   0.2   326   363    28    70    20    78 0.62 # 14106 # 14666 # 1 # ID=107_18;partial=00;start_type=ATG;rbs_motif=AGGAG;rbs_spacer=5-10bp;gc_cont=0.611
NODE_107_length_21816_cov_2.826041_18 -            187 22432at72274         -            375     0.078   10.6   3.1   2   2   0.00045      0.47    8.0   0.3   209   246    90   127    79   133 0.84 # 14106 # 14666 # 1 # ID=107_18;partial=00;start_type=ATG;rbs_motif=AGGAG;rbs_spacer=5-10bp;gc_cont=0.611
NODE_10_length_99402_cov_2.843808_71  -            181 22432at72274         -            375      0.14    9.8   2.3   1   1   0.00026      0.28    8.8   0.9   217   264    80   127    77   136 0.91 # 72305 # 72847 # -1 # ID=10_71;partial=00;start_type=GTG;rbs_motif=GGA/GAG/AGG;rbs_spacer=5-10bp;gc_cont=0.621
#
# Program:         hmmsearch
# Version:         3.1b2 (February 2015)
# Pipeline mode:   SEARCH
# Query file:      /data2/PEG/hoaxaca/REAA/Pseudomonas/bin/busco_downloads/lineages/pseudomonadales_odb10/hmms/22432at72274.hmm
# Target file:     /data2/PEG/hoaxaca/REAA/Pseudomonas/bin/../out/busco/trim_130clip.spades_kmer/prodigal_output/predicted_genes/predicted.faa
# Option settings: hmmsearch --domtblout /data2/PEG/hoaxaca/REAA/Pseudomonas/bin/../out/busco/trim_130clip.spades_kmer/run_pseudomonadales_odb10/hmmer_output/22432at72274.out --cpu 1 /data2/PEG/hoaxaca/REAA/Pseudomonas/bin/busco_downloads/lineages/pseudomonadales_odb10/hmms/22432at72274.hmm /data2/PEG/hoaxaca/REAA/Pseudomonas/bin/../out/busco/trim_130clip.spades_kmer/prodigal_output/predicted_genes/predicted.faa 
# Current dir:     /data2/PEG/hoaxaca/REAA/Pseudomonas/bin
# Date:            Mon Feb 20 00:27:33 2023
# [ok]
