#                                                                                             --- full sequence --- -------------- this domain -------------   hmm coord   ali coord   env coord
# target name                         accession   tlen query name           accession   qlen   E-value  score  bias   #  of  c-Evalue  i-Evalue  score  bias  from    to  from    to  from    to  acc description of target
#                 ------------------- ---------- ----- -------------------- ---------- ----- --------- ------ ----- --- --- --------- --------- ------ ----- ----- ----- ----- ----- ----- ----- ---- ---------------------
NODE_2_length_144272_cov_2.753151_71  -           1213 2251at72274          -            911  1.4e-279  928.8 168.1   1   3  2.1e-133    5e-131  437.2  39.7     1   402     1   408     1   427 0.83 # 67811 # 71449 # 1 # ID=2_71;partial=00;start_type=ATG;rbs_motif=AGGAGG;rbs_spacer=5-10bp;gc_cont=0.631
NODE_2_length_144272_cov_2.753151_71  -           1213 2251at72274          -            911  1.4e-279  928.8 168.1   2   3   1.3e-23   3.2e-21   73.8  61.3   234   611   379   761   370   774 0.69 # 67811 # 71449 # 1 # ID=2_71;partial=00;start_type=ATG;rbs_motif=AGGAGG;rbs_spacer=5-10bp;gc_cont=0.631
NODE_2_length_144272_cov_2.753151_71  -           1213 2251at72274          -            911  1.4e-279  928.8 168.1   3   3  1.2e-129    3e-127  424.7  60.0   524   910   797  1212   788  1212 0.79 # 67811 # 71449 # 1 # ID=2_71;partial=00;start_type=ATG;rbs_motif=AGGAGG;rbs_spacer=5-10bp;gc_cont=0.631
NODE_3_length_136382_cov_3.131195_56  -            558 2251at72274          -            911   7.3e-05   19.7   0.3   1   2     3e-07   7.3e-05   19.7   0.3    30    54    22    46    19    50 0.90 # 65371 # 67044 # 1 # ID=3_56;partial=00;start_type=ATG;rbs_motif=GGAG/GAGG;rbs_spacer=5-10bp;gc_cont=0.605
NODE_3_length_136382_cov_3.131195_56  -            558 2251at72274          -            911   7.3e-05   19.7   0.3   2   2      0.65   1.6e+02   -1.3  22.3   502   733   131   362   118   385 0.48 # 65371 # 67044 # 1 # ID=3_56;partial=00;start_type=ATG;rbs_motif=GGAG/GAGG;rbs_spacer=5-10bp;gc_cont=0.605
NODE_3_length_136382_cov_3.131195_13  -            256 2251at72274          -            911   0.00011   19.1   0.1   1   2   2.8e-05    0.0069   13.1   0.0    34    51    31    48    24    70 0.89 # 12924 # 13691 # -1 # ID=3_13;partial=00;start_type=ATG;rbs_motif=GGAG/GAGG;rbs_spacer=5-10bp;gc_cont=0.632
NODE_3_length_136382_cov_3.131195_13  -            256 2251at72274          -            911   0.00011   19.1   0.1   2   2     0.015       3.7    4.1   0.0   813   883   129   196   125   209 0.88 # 12924 # 13691 # -1 # ID=3_13;partial=00;start_type=ATG;rbs_motif=GGAG/GAGG;rbs_spacer=5-10bp;gc_cont=0.632
NODE_21_length_71141_cov_2.765370_16  -            658 2251at72274          -            911   0.00036   17.4   2.9   1   2    0.0074       1.8    5.1   0.1    32    48    38    54    32    59 0.83 # 40371 # 42344 # -1 # ID=21_16;partial=00;start_type=ATG;rbs_motif=GGxGG;rbs_spacer=3-4bp;gc_cont=0.627
NODE_21_length_71141_cov_2.765370_16  -            658 2251at72274          -            911   0.00036   17.4   2.9   2   2   4.4e-05     0.011   12.5   0.3   849   893   170   214   143   221 0.80 # 40371 # 42344 # -1 # ID=21_16;partial=00;start_type=ATG;rbs_motif=GGxGG;rbs_spacer=3-4bp;gc_cont=0.627
NODE_128_length_17173_cov_2.570632_14 -            263 2251at72274          -            911   0.00085   16.2   0.6   1   2     7e-06    0.0017   15.1   0.0    25    50    26    51    10    72 0.88 # 11418 # 12206 # 1 # ID=128_14;partial=00;start_type=ATG;rbs_motif=GGAGG;rbs_spacer=5-10bp;gc_cont=0.605
NODE_128_length_17173_cov_2.570632_14 -            263 2251at72274          -            911   0.00085   16.2   0.6   2   2      0.76   1.9e+02   -1.5   0.1   816   829   140   153   138   157 0.89 # 11418 # 12206 # 1 # ID=128_14;partial=00;start_type=ATG;rbs_motif=GGAGG;rbs_spacer=5-10bp;gc_cont=0.605
NODE_75_length_31643_cov_2.758599_19  -            228 2251at72274          -            911    0.0028   14.4   0.3   1   2    0.0018      0.43    7.2   0.1    33    47    38    52    17    56 0.89 # 19044 # 19727 # -1 # ID=75_19;partial=00;start_type=ATG;rbs_motif=GGA/GAG/AGG;rbs_spacer=5-10bp;gc_cont=0.648
NODE_75_length_31643_cov_2.758599_19  -            228 2251at72274          -            911    0.0028   14.4   0.3   2   2     0.006       1.5    5.4   0.0   816   893   142   212   135   219 0.80 # 19044 # 19727 # -1 # ID=75_19;partial=00;start_type=ATG;rbs_motif=GGA/GAG/AGG;rbs_spacer=5-10bp;gc_cont=0.648
NODE_51_length_49247_cov_2.743791_35  -            255 2251at72274          -            911     0.003   14.3   0.0   1   2    0.0044       1.1    5.9   0.0    31    51    30    50    23   106 0.87 # 37469 # 38233 # -1 # ID=51_35;partial=00;start_type=ATG;rbs_motif=GGA/GAG/AGG;rbs_spacer=5-10bp;gc_cont=0.579
NODE_51_length_49247_cov_2.743791_35  -            255 2251at72274          -            911     0.003   14.3   0.0   2   2    0.0028      0.68    6.5   0.0   819   883   151   207   148   212 0.83 # 37469 # 38233 # -1 # ID=51_35;partial=00;start_type=ATG;rbs_motif=GGA/GAG/AGG;rbs_spacer=5-10bp;gc_cont=0.579
NODE_73_length_33303_cov_2.851489_25  -            573 2251at72274          -            911    0.0036   14.1   0.1   1   1   2.1e-05    0.0052   13.6   0.1    29    49   362   382   354   384 0.82 # 28857 # 30575 # 1 # ID=73_25;partial=00;start_type=ATG;rbs_motif=GGA/GAG/AGG;rbs_spacer=5-10bp;gc_cont=0.485
NODE_136_length_15613_cov_2.498579_14 -            235 2251at72274          -            911    0.0041   13.9   0.1   1   1     3e-05    0.0074   13.0   0.1    33    54    33    54    28    56 0.89 # 12987 # 13691 # -1 # ID=136_14;partial=00;start_type=ATG;rbs_motif=None;rbs_spacer=None;gc_cont=0.660
NODE_142_length_15049_cov_2.603605_4  -            345 2251at72274          -            911    0.0049   13.6   0.1   1   1   3.1e-05    0.0077   13.0   0.1    30    50   123   143   115   147 0.90 # 2321 # 3355 # 1 # ID=142_4;partial=00;start_type=ATG;rbs_motif=GGA/GAG/AGG;rbs_spacer=5-10bp;gc_cont=0.611
NODE_14_length_85343_cov_2.706687_18  -            590 2251at72274          -            911    0.0078   13.0   0.5   1   2   0.00077      0.19    8.4   0.1    33    49   374   390   358   396 0.86 # 17544 # 19313 # 1 # ID=14_18;partial=00;start_type=ATG;rbs_motif=GGA/GAG/AGG;rbs_spacer=11-12bp;gc_cont=0.627
NODE_14_length_85343_cov_2.706687_18  -            590 2251at72274          -            911    0.0078   13.0   0.5   2   2     0.044        11    2.6   0.1   847   883   503   538   495   554 0.88 # 17544 # 19313 # 1 # ID=14_18;partial=00;start_type=ATG;rbs_motif=GGA/GAG/AGG;rbs_spacer=11-12bp;gc_cont=0.627
NODE_182_length_6686_cov_2.683793_4   -            653 2251at72274          -            911     0.011   12.5   2.4   1   2     0.003      0.72    6.5   0.6    32    47    37    52    30    56 0.86 # 3289 # 5247 # -1 # ID=182_4;partial=00;start_type=ATG;rbs_motif=GGxGG;rbs_spacer=5-10bp;gc_cont=0.614
NODE_182_length_6686_cov_2.683793_4   -            653 2251at72274          -            911     0.011   12.5   2.4   2   2    0.0051       1.2    5.7   0.0   849   883   169   203   144   217 0.88 # 3289 # 5247 # -1 # ID=182_4;partial=00;start_type=ATG;rbs_motif=GGxGG;rbs_spacer=5-10bp;gc_cont=0.614
NODE_123_length_17788_cov_2.944171_2  -            253 2251at72274          -            911     0.015   12.0   0.0   1   2   6.3e-05     0.015   12.0   0.0    35    51    43    59    36    61 0.93 # 1353 # 2111 # -1 # ID=123_2;partial=00;start_type=ATG;rbs_motif=GGAG/GAGG;rbs_spacer=5-10bp;gc_cont=0.589
NODE_123_length_17788_cov_2.944171_2  -            253 2251at72274          -            911     0.015   12.0   0.0   2   2         2     5e+02   -2.9   0.9   873   901   200   228   196   231 0.85 # 1353 # 2111 # -1 # ID=123_2;partial=00;start_type=ATG;rbs_motif=GGAG/GAGG;rbs_spacer=5-10bp;gc_cont=0.589
NODE_5_length_127372_cov_2.791748_32  -            258 2251at72274          -            911     0.025   11.3   0.0   1   2     0.015       3.7    4.1   0.0    32    50    35    53    10    94 0.92 # 28370 # 29143 # -1 # ID=5_32;partial=00;start_type=ATG;rbs_motif=GGAG/GAGG;rbs_spacer=5-10bp;gc_cont=0.602
NODE_5_length_127372_cov_2.791748_32  -            258 2251at72274          -            911     0.025   11.3   0.0   2   2    0.0068       1.7    5.3   0.0   850   883   178   211   170   214 0.92 # 28370 # 29143 # -1 # ID=5_32;partial=00;start_type=ATG;rbs_motif=GGAG/GAGG;rbs_spacer=5-10bp;gc_cont=0.602
NODE_20_length_71165_cov_2.962865_37  -            245 2251at72274          -            911      0.03   11.0   0.0   1   2     0.003      0.74    6.4   0.0     6    47     2    44     1    48 0.83 # 36140 # 36874 # -1 # ID=20_37;partial=00;start_type=ATG;rbs_motif=GGA/GAG/AGG;rbs_spacer=5-10bp;gc_cont=0.600
NODE_20_length_71165_cov_2.962865_37  -            245 2251at72274          -            911      0.03   11.0   0.0   2   2     0.048        12    2.5   0.0   849   883   160   194   131   197 0.78 # 36140 # 36874 # -1 # ID=20_37;partial=00;start_type=ATG;rbs_motif=GGA/GAG/AGG;rbs_spacer=5-10bp;gc_cont=0.600
NODE_81_length_29633_cov_2.861215_22  -            292 2251at72274          -            911     0.038   10.7   0.0   1   1   0.00022     0.053   10.2   0.0    29    48    31    50    28    56 0.87 # 18410 # 19285 # -1 # ID=81_22;partial=00;start_type=ATG;rbs_motif=AGGAG;rbs_spacer=5-10bp;gc_cont=0.598
NODE_43_length_52922_cov_2.717890_30  -            246 2251at72274          -            911     0.042   10.5   0.1   1   3   0.00069      0.17    8.5   0.0    32    47    31    46     6    50 0.90 # 28975 # 29712 # 1 # ID=43_30;partial=00;start_type=ATG;rbs_motif=AGGAG;rbs_spacer=5-10bp;gc_cont=0.602
NODE_43_length_52922_cov_2.717890_30  -            246 2251at72274          -            911     0.042   10.5   0.1   2   3         2   4.9e+02   -2.9   0.0   129   158    60    88    51    89 0.79 # 28975 # 29712 # 1 # ID=43_30;partial=00;start_type=ATG;rbs_motif=AGGAG;rbs_spacer=5-10bp;gc_cont=0.602
NODE_43_length_52922_cov_2.717890_30  -            246 2251at72274          -            911     0.042   10.5   0.1   3   3      0.75   1.8e+02   -1.5   0.0   818   883   139   196   137   198 0.72 # 28975 # 29712 # 1 # ID=43_30;partial=00;start_type=ATG;rbs_motif=AGGAG;rbs_spacer=5-10bp;gc_cont=0.602
NODE_138_length_15551_cov_2.727178_6  -            439 2251at72274          -            911      0.05   10.3   0.2   1   1   0.00032     0.078    9.7   0.2    25    47   213   235   207   239 0.92 # 4041 # 5357 # -1 # ID=138_6;partial=00;start_type=ATG;rbs_motif=GGAG/GAGG;rbs_spacer=5-10bp;gc_cont=0.629
NODE_15_length_77906_cov_2.659921_20  -            234 2251at72274          -            911     0.057   10.1   0.0   1   1    0.0003     0.072    9.8   0.0    32    51    29    48     2    80 0.74 # 18862 # 19563 # -1 # ID=15_20;partial=00;start_type=ATG;rbs_motif=GGA/GAG/AGG;rbs_spacer=5-10bp;gc_cont=0.603
NODE_68_length_37260_cov_2.562384_18  -            565 2251at72274          -            911     0.064    9.9   0.0   1   1   0.00041     0.099    9.3   0.0    30    71   314   348   310   357 0.78 # 14610 # 16304 # -1 # ID=68_18;partial=00;start_type=ATG;rbs_motif=None;rbs_spacer=None;gc_cont=0.654
NODE_45_length_50663_cov_2.754749_25  -            518 2251at72274          -            911     0.083    9.6   0.8   1   2      0.01       2.5    4.6   0.1    32    46    36    50    29    52 0.87 # 21947 # 23500 # -1 # ID=45_25;partial=00;start_type=ATG;rbs_motif=GGAG/GAGG;rbs_spacer=5-10bp;gc_cont=0.619
NODE_45_length_50663_cov_2.754749_25  -            518 2251at72274          -            911     0.083    9.6   0.8   2   2     0.028       6.8    3.2   0.1   848   899   168   219   164   222 0.81 # 21947 # 23500 # -1 # ID=45_25;partial=00;start_type=ATG;rbs_motif=GGAG/GAGG;rbs_spacer=5-10bp;gc_cont=0.619
NODE_72_length_34769_cov_2.696524_13  -            249 2251at72274          -            911     0.089    9.5   0.0   1   2    0.0013      0.32    7.6   0.0    32    48    29    45    13    52 0.88 # 15649 # 16395 # -1 # ID=72_13;partial=00;start_type=ATG;rbs_motif=GGAG/GAGG;rbs_spacer=5-10bp;gc_cont=0.596
NODE_72_length_34769_cov_2.696524_13  -            249 2251at72274          -            911     0.089    9.5   0.0   2   2      0.52   1.3e+02   -1.0   0.0   845   883   162   200   141   203 0.80 # 15649 # 16395 # -1 # ID=72_13;partial=00;start_type=ATG;rbs_motif=GGAG/GAGG;rbs_spacer=5-10bp;gc_cont=0.596
NODE_81_length_29633_cov_2.861215_16  -            205 2251at72274          -            911     0.093    9.4   0.0   1   1   0.00048      0.12    9.1   0.0    35    55    10    30     7    54 0.91 # 12583 # 13197 # 1 # ID=81_16;partial=00;start_type=ATG;rbs_motif=GGAG/GAGG;rbs_spacer=5-10bp;gc_cont=0.642
NODE_61_length_41648_cov_2.689747_24  -            272 2251at72274          -            911     0.097    9.3   0.1   1   2    0.0018      0.45    7.1   0.0    32    47    37    52    30    55 0.88 # 27142 # 27957 # -1 # ID=61_24;partial=00;start_type=ATG;rbs_motif=GGAGG;rbs_spacer=5-10bp;gc_cont=0.629
NODE_61_length_41648_cov_2.689747_24  -            272 2251at72274          -            911     0.097    9.3   0.1   2   2      0.34        84   -0.4   0.0   847   862   158   173   136   198 0.81 # 27142 # 27957 # -1 # ID=61_24;partial=00;start_type=ATG;rbs_motif=GGAGG;rbs_spacer=5-10bp;gc_cont=0.629
NODE_16_length_77070_cov_2.785296_39  -            280 2251at72274          -            911      0.22    8.2   0.9   1   2    0.0013      0.31    7.7   0.1    33    50    40    57    34    61 0.90 # 37882 # 38721 # -1 # ID=16_39;partial=00;start_type=ATG;rbs_motif=GGAG/GAGG;rbs_spacer=5-10bp;gc_cont=0.627
NODE_16_length_77070_cov_2.785296_39  -            280 2251at72274          -            911      0.22    8.2   0.9   2   2       1.3   3.1e+02   -2.3   0.1   847   866   160   178   160   181 0.74 # 37882 # 38721 # -1 # ID=16_39;partial=00;start_type=ATG;rbs_motif=GGAG/GAGG;rbs_spacer=5-10bp;gc_cont=0.627
NODE_62_length_40697_cov_2.843086_19  -            358 2251at72274          -            911       4.4    3.9  53.3   1   1     0.023       5.6    3.5  53.3   470   670    50   251    42   265 0.43 # 14753 # 15826 # 1 # ID=62_19;partial=00;start_type=ATG;rbs_motif=GGAG/GAGG;rbs_spacer=5-10bp;gc_cont=0.556
#
# Program:         hmmsearch
# Version:         3.1b2 (February 2015)
# Pipeline mode:   SEARCH
# Query file:      /data2/PEG/hoaxaca/REAA/Pseudomonas/bin/busco_downloads/lineages/pseudomonadales_odb10/hmms/2251at72274.hmm
# Target file:     /data2/PEG/hoaxaca/REAA/Pseudomonas/bin/../out/busco/trim_130clip.spades_kmer/prodigal_output/predicted_genes/predicted.faa
# Option settings: hmmsearch --domtblout /data2/PEG/hoaxaca/REAA/Pseudomonas/bin/../out/busco/trim_130clip.spades_kmer/run_pseudomonadales_odb10/hmmer_output/2251at72274.out --cpu 1 /data2/PEG/hoaxaca/REAA/Pseudomonas/bin/busco_downloads/lineages/pseudomonadales_odb10/hmms/2251at72274.hmm /data2/PEG/hoaxaca/REAA/Pseudomonas/bin/../out/busco/trim_130clip.spades_kmer/prodigal_output/predicted_genes/predicted.faa 
# Current dir:     /data2/PEG/hoaxaca/REAA/Pseudomonas/bin
# Date:            Mon Feb 20 00:27:33 2023
# [ok]
