#                                                                                            --- full sequence --- -------------- this domain -------------   hmm coord   ali coord   env coord
# target name                        accession   tlen query name           accession   qlen   E-value  score  bias   #  of  c-Evalue  i-Evalue  score  bias  from    to  from    to  from    to  acc description of target
#                ------------------- ---------- ----- -------------------- ---------- ----- --------- ------ ----- --- --- --------- --------- ------ ----- ----- ----- ----- ----- ----- ----- ---- ---------------------
NODE_14_length_85343_cov_2.706687_24 -            392 22679at72274         -            351  3.3e-200  662.8   6.5   1   1  6.2e-203  3.9e-200  662.6   6.5     1   351     3   391     3   391 0.95 # 27246 # 28421 # 1 # ID=14_24;partial=00;start_type=ATG;rbs_motif=GGA/GAG/AGG;rbs_spacer=5-10bp;gc_cont=0.597
NODE_165_length_9528_cov_2.587065_2  -            404 22679at72274         -            351   3.5e-87  291.1   3.5   1   2   7.9e-28     5e-25   86.7   0.0     4   126     2   131     1   146 0.87 # 2014 # 3225 # -1 # ID=165_2;partial=00;start_type=ATG;rbs_motif=AGGAG;rbs_spacer=5-10bp;gc_cont=0.681
NODE_165_length_9528_cov_2.587065_2  -            404 22679at72274         -            351   3.5e-87  291.1   3.5   2   2   1.2e-63   7.3e-61  204.5   1.6   130   351   157   401   148   401 0.90 # 2014 # 3225 # -1 # ID=165_2;partial=00;start_type=ATG;rbs_motif=AGGAG;rbs_spacer=5-10bp;gc_cont=0.681
NODE_15_length_77906_cov_2.659921_43 -            401 22679at72274         -            351   9.6e-82  273.2   5.6   1   1   1.5e-82   9.2e-80  266.7   5.6     4   351     2   400     1   400 0.85 # 46123 # 47325 # 1 # ID=15_43;partial=00;start_type=ATG;rbs_motif=GGAG/GAGG;rbs_spacer=5-10bp;gc_cont=0.632
NODE_2_length_144272_cov_2.753151_45 -            394 22679at72274         -            351   1.4e-80  269.4   4.2   1   1   3.2e-82     2e-79  265.6   4.2     4   350     2   392     1   393 0.83 # 44180 # 45361 # 1 # ID=2_45;partial=00;start_type=ATG;rbs_motif=GGAG/GAGG;rbs_spacer=5-10bp;gc_cont=0.663
NODE_201_length_3696_cov_2.612777_3  -            365 22679at72274         -            351   1.9e-75  252.5   0.5   1   1   5.2e-78   3.3e-75  251.7   0.5     4   324     2   362     1   364 0.84 # 2601 # 3695 # 1 # ID=201_3;partial=01;start_type=ATG;rbs_motif=GGAG/GAGG;rbs_spacer=5-10bp;gc_cont=0.602
NODE_49_length_49656_cov_2.774556_33 -            402 22679at72274         -            351   6.5e-69  231.0   8.2   1   1     5e-70   3.2e-67  225.4   8.2     6   351     4   401     2   401 0.82 # 28110 # 29315 # 1 # ID=49_33;partial=00;start_type=ATG;rbs_motif=GGAG/GAGG;rbs_spacer=5-10bp;gc_cont=0.643
NODE_16_length_77070_cov_2.785296_72 -            395 22679at72274         -            351   2.2e-55  186.5   5.7   1   1   3.6e-57   2.3e-54  183.2   5.7     6   349     5   391     2   393 0.81 # 73098 # 74282 # -1 # ID=16_72;partial=00;start_type=ATG;rbs_motif=AGGAG;rbs_spacer=5-10bp;gc_cont=0.628
NODE_88_length_25724_cov_2.557878_23 -            426 22679at72274         -            351   4.3e-33  113.2   0.2   1   2    0.0084       5.3    4.4   0.0     4   117     5   123     2   156 0.72 # 22521 # 23798 # 1 # ID=88_23;partial=00;start_type=ATG;rbs_motif=GGAG/GAGG;rbs_spacer=5-10bp;gc_cont=0.635
NODE_88_length_25724_cov_2.557878_23 -            426 22679at72274         -            351   4.3e-33  113.2   0.2   2   2   4.3e-31   2.7e-28   97.4   0.1   129   350   169   425   161   425 0.79 # 22521 # 23798 # 1 # ID=88_23;partial=00;start_type=ATG;rbs_motif=GGAG/GAGG;rbs_spacer=5-10bp;gc_cont=0.635
NODE_110_length_21191_cov_2.862847_1 -            381 22679at72274         -            351   3.4e-25   87.2   0.0   1   2     0.037        23    2.3   0.0     4    98    12   106     9   154 0.73 # 1 # 1143 # -1 # ID=110_1;partial=10;start_type=ATG;rbs_motif=GGA/GAG/AGG;rbs_spacer=5-10bp;gc_cont=0.649
NODE_110_length_21191_cov_2.862847_1 -            381 22679at72274         -            351   3.4e-25   87.2   0.0   2   2   1.2e-26   7.3e-24   82.8   0.0   129   298   177   353   169   371 0.83 # 1 # 1143 # -1 # ID=110_1;partial=10;start_type=ATG;rbs_motif=GGA/GAG/AGG;rbs_spacer=5-10bp;gc_cont=0.649
NODE_54_length_46738_cov_2.836648_31 -            393 22679at72274         -            351   4.4e-06   24.4   3.0   1   3     0.082        52    1.1   0.0    15   120    10   122     2   181 0.67 # 32099 # 33277 # 1 # ID=54_31;partial=00;start_type=ATG;rbs_motif=AGxAG;rbs_spacer=5-10bp;gc_cont=0.642
NODE_54_length_46738_cov_2.836648_31 -            393 22679at72274         -            351   4.4e-06   24.4   3.0   2   3   1.9e-06    0.0012   16.3   0.0   217   290   213   290   201   304 0.73 # 32099 # 33277 # 1 # ID=54_31;partial=00;start_type=ATG;rbs_motif=AGxAG;rbs_spacer=5-10bp;gc_cont=0.642
NODE_54_length_46738_cov_2.836648_31 -            393 22679at72274         -            351   4.4e-06   24.4   3.0   3   3    0.0028       1.8    5.9   0.2   300   322   327   349   323   365 0.83 # 32099 # 33277 # 1 # ID=54_31;partial=00;start_type=ATG;rbs_motif=AGxAG;rbs_spacer=5-10bp;gc_cont=0.642
#
# Program:         hmmsearch
# Version:         3.1b2 (February 2015)
# Pipeline mode:   SEARCH
# Query file:      /data2/PEG/hoaxaca/REAA/Pseudomonas/bin/busco_downloads/lineages/pseudomonadales_odb10/hmms/22679at72274.hmm
# Target file:     /data2/PEG/hoaxaca/REAA/Pseudomonas/bin/../out/busco/trim_130clip.spades_kmer/prodigal_output/predicted_genes/predicted.faa
# Option settings: hmmsearch --domtblout /data2/PEG/hoaxaca/REAA/Pseudomonas/bin/../out/busco/trim_130clip.spades_kmer/run_pseudomonadales_odb10/hmmer_output/22679at72274.out --cpu 1 /data2/PEG/hoaxaca/REAA/Pseudomonas/bin/busco_downloads/lineages/pseudomonadales_odb10/hmms/22679at72274.hmm /data2/PEG/hoaxaca/REAA/Pseudomonas/bin/../out/busco/trim_130clip.spades_kmer/prodigal_output/predicted_genes/predicted.faa 
# Current dir:     /data2/PEG/hoaxaca/REAA/Pseudomonas/bin
# Date:            Mon Feb 20 00:27:34 2023
# [ok]
