#                                                                                             --- full sequence --- -------------- this domain -------------   hmm coord   ali coord   env coord
# target name                         accession   tlen query name           accession   qlen   E-value  score  bias   #  of  c-Evalue  i-Evalue  score  bias  from    to  from    to  from    to  acc description of target
#                 ------------------- ---------- ----- -------------------- ---------- ----- --------- ------ ----- --- --- --------- --------- ------ ----- ----- ----- ----- ----- ----- ----- ---- ---------------------
NODE_5_length_127372_cov_2.791748_59  -            362 23306at72274         -            310  5.8e-150  497.1   1.8   1   1  8.8e-152  7.1e-150  496.8   1.8     1   310     9   356     9   356 0.91 # 56402 # 57487 # -1 # ID=5_59;partial=00;start_type=ATG;rbs_motif=GGAG/GAGG;rbs_spacer=5-10bp;gc_cont=0.616
NODE_170_length_9082_cov_2.837409_6   -            593 23306at72274         -            310   4.7e-34  116.4   0.1   1   1     2e-35   1.6e-33  114.6   0.1   110   309   369   579   342   580 0.73 # 5259 # 7037 # 1 # ID=170_6;partial=00;start_type=ATG;rbs_motif=None;rbs_spacer=None;gc_cont=0.613
NODE_109_length_21446_cov_2.856185_17 -            679 23306at72274         -            310   3.2e-24   84.1   0.1   1   2   6.2e-08   5.1e-06   24.3   0.1     2   145   291   450   290   491 0.74 # 18892 # 20928 # -1 # ID=109_17;partial=00;start_type=ATG;rbs_motif=None;rbs_spacer=None;gc_cont=0.609
NODE_109_length_21446_cov_2.856185_17 -            679 23306at72274         -            310   3.2e-24   84.1   0.1   2   2   6.2e-18     5e-16   57.2   0.0   186   308   537   663   534   665 0.88 # 18892 # 20928 # -1 # ID=109_17;partial=00;start_type=ATG;rbs_motif=None;rbs_spacer=None;gc_cont=0.609
NODE_3_length_136382_cov_3.131195_22  -            985 23306at72274         -            310   5.1e-22   76.9   0.1   1   1   4.7e-23   3.8e-21   74.0   0.1     5   301   639   962   635   965 0.62 # 19960 # 22914 # 1 # ID=3_22;partial=00;start_type=ATG;rbs_motif=GGA/GAG/AGG;rbs_spacer=5-10bp;gc_cont=0.610
NODE_85_length_27085_cov_2.775762_12  -            469 23306at72274         -            310   5.9e-22   76.7   2.7   1   2   0.00014     0.012   13.3   1.1    67   190   166   304   137   337 0.58 # 15630 # 17036 # -1 # ID=85_12;partial=00;start_type=ATG;rbs_motif=GGA/GAG/AGG;rbs_spacer=5-10bp;gc_cont=0.589
NODE_85_length_27085_cov_2.775762_12  -            469 23306at72274         -            310   5.9e-22   76.7   2.7   2   2   1.4e-19   1.1e-17   62.6   0.0   192   309   347   462   318   463 0.82 # 15630 # 17036 # -1 # ID=85_12;partial=00;start_type=ATG;rbs_motif=GGA/GAG/AGG;rbs_spacer=5-10bp;gc_cont=0.589
NODE_11_length_99293_cov_2.901488_88  -            559 23306at72274         -            310     3e-21   74.3   0.0   1   1   8.5e-23   6.9e-21   73.2   0.0    72   307   153   416   142   419 0.76 # 78303 # 79979 # -1 # ID=11_88;partial=00;start_type=ATG;rbs_motif=GGA/GAG/AGG;rbs_spacer=5-10bp;gc_cont=0.627
NODE_62_length_40697_cov_2.843086_33  -            674 23306at72274         -            310   3.6e-21   74.1   0.0   1   1   7.9e-23   6.4e-21   73.3   0.0    92   307   283   524   274   527 0.78 # 33450 # 35471 # -1 # ID=62_33;partial=00;start_type=ATG;rbs_motif=None;rbs_spacer=None;gc_cont=0.621
NODE_60_length_42394_cov_2.610618_4   -            557 23306at72274         -            310   5.7e-20   70.1   0.2   1   1   1.4e-21   1.2e-19   69.1   0.2    80   307   155   414   119   416 0.70 # 4395 # 6065 # 1 # ID=60_4;partial=00;start_type=ATG;rbs_motif=AGGA;rbs_spacer=5-10bp;gc_cont=0.607
NODE_88_length_25724_cov_2.557878_4   -            911 23306at72274         -            310   1.4e-19   68.9   0.8   1   1   4.2e-21   3.4e-19   67.6   0.8    95   308   669   906   652   908 0.72 # 3226 # 5958 # -1 # ID=88_4;partial=00;start_type=TTG;rbs_motif=GGA/GAG/AGG;rbs_spacer=5-10bp;gc_cont=0.641
NODE_18_length_74730_cov_2.929601_36  -            846 23306at72274         -            310   5.1e-19   67.0   0.0   1   1   1.7e-20   1.4e-18   65.6   0.0   100   307   464   700   439   703 0.78 # 29929 # 32466 # -1 # ID=18_36;partial=00;start_type=ATG;rbs_motif=GGA/GAG/AGG;rbs_spacer=5-10bp;gc_cont=0.638
NODE_140_length_15380_cov_2.707795_15 -            375 23306at72274         -            310   1.5e-18   65.5   0.2   1   2      0.27        22    2.5   0.0    94   127   137   171   126   187 0.79 # 13797 # 14921 # 1 # ID=140_15;partial=00;start_type=ATG;rbs_motif=GGA/GAG/AGG;rbs_spacer=5-10bp;gc_cont=0.586
NODE_140_length_15380_cov_2.707795_15 -            375 23306at72274         -            310   1.5e-18   65.5   0.2   2   2   6.6e-19   5.3e-17   60.4   0.0   201   308   265   371   247   372 0.86 # 13797 # 14921 # 1 # ID=140_15;partial=00;start_type=ATG;rbs_motif=GGA/GAG/AGG;rbs_spacer=5-10bp;gc_cont=0.586
NODE_55_length_46312_cov_2.788979_30  -            596 23306at72274         -            310   6.3e-18   63.4   0.0   1   2         2   1.7e+02   -0.4   0.0     3    35   263   295   261   318 0.86 # 30232 # 32019 # 1 # ID=55_30;partial=00;start_type=ATG;rbs_motif=GGA/GAG/AGG;rbs_spacer=5-10bp;gc_cont=0.606
NODE_55_length_46312_cov_2.788979_30  -            596 23306at72274         -            310   6.3e-18   63.4   0.0   2   2   1.2e-18   9.8e-17   59.5   0.1   106   308   374   595   360   595 0.79 # 30232 # 32019 # 1 # ID=55_30;partial=00;start_type=ATG;rbs_motif=GGA/GAG/AGG;rbs_spacer=5-10bp;gc_cont=0.606
NODE_28_length_63385_cov_2.692940_48  -            937 23306at72274         -            310   2.3e-17   61.6   0.1   1   1   1.5e-18   1.2e-16   59.2   0.1    99   309   450   685   433   686 0.75 # 40328 # 43138 # 1 # ID=28_48;partial=00;start_type=ATG;rbs_motif=None;rbs_spacer=None;gc_cont=0.603
NODE_7_length_109814_cov_2.797259_86  -            405 23306at72274         -            310   3.8e-17   60.9   0.0   1   1   2.3e-18   1.8e-16   58.6   0.0     2   307    84   395    83   398 0.73 # 89062 # 90276 # -1 # ID=7_86;partial=00;start_type=ATG;rbs_motif=GGA/GAG/AGG;rbs_spacer=5-10bp;gc_cont=0.640
NODE_163_length_9689_cov_2.896570_2   -            570 23306at72274         -            310   9.1e-17   59.6   0.0   1   1   1.8e-18   1.5e-16   58.9   0.0    97   308   186   425   171   427 0.75 # 1999 # 3708 # 1 # ID=163_2;partial=00;start_type=ATG;rbs_motif=GGA/GAG/AGG;rbs_spacer=5-10bp;gc_cont=0.630
NODE_146_length_13729_cov_2.682547_4  -            468 23306at72274         -            310   1.6e-16   58.8   0.0   1   1   4.8e-18   3.9e-16   57.6   0.0   114   309   248   461   239   462 0.74 # 5447 # 6850 # -1 # ID=146_4;partial=00;start_type=ATG;rbs_motif=GGAGG;rbs_spacer=5-10bp;gc_cont=0.632
NODE_30_length_60945_cov_2.703410_3   -            649 23306at72274         -            310   2.3e-16   58.3   0.0   1   1   5.5e-18   4.5e-16   57.4   0.0    93   308   265   502   254   504 0.77 # 5410 # 7356 # -1 # ID=30_3;partial=00;start_type=ATG;rbs_motif=GGA/GAG/AGG;rbs_spacer=5-10bp;gc_cont=0.590
NODE_145_length_13811_cov_2.485311_14 -            375 23306at72274         -            310     3e-16   57.9   0.1   1   1   3.3e-17   2.7e-15   54.8   0.1    95   307   134   372   125   374 0.71 # 9925 # 11049 # -1 # ID=145_14;partial=00;start_type=ATG;rbs_motif=AGGAG/GGAGG;rbs_spacer=11-12bp;gc_cont=0.578
NODE_27_length_63892_cov_2.787705_57  -            392 23306at72274         -            310   6.6e-16   56.8   0.5   1   2   1.6e-06   0.00013   19.7   0.2   101   165   164   228   138   253 0.85 # 47499 # 48674 # 1 # ID=27_57;partial=00;start_type=ATG;rbs_motif=GGA/GAG/AGG;rbs_spacer=5-10bp;gc_cont=0.616
NODE_27_length_63892_cov_2.787705_57  -            392 23306at72274         -            310   6.6e-16   56.8   0.5   2   2   2.8e-11   2.3e-09   35.3   0.0   200   309   280   389   274   390 0.79 # 47499 # 48674 # 1 # ID=27_57;partial=00;start_type=ATG;rbs_motif=GGA/GAG/AGG;rbs_spacer=5-10bp;gc_cont=0.616
NODE_85_length_27085_cov_2.775762_13  -            601 23306at72274         -            310   9.3e-16   56.3   0.6   1   2      0.63        51    1.3   0.5    86   141   310   366   244   409 0.82 # 17039 # 18841 # -1 # ID=85_13;partial=00;start_type=ATG;rbs_motif=GGA/GAG/AGG;rbs_spacer=5-10bp;gc_cont=0.606
NODE_85_length_27085_cov_2.775762_13  -            601 23306at72274         -            310   9.3e-16   56.3   0.6   2   2   1.9e-16   1.6e-14   52.3   0.0   184   309   471   596   465   597 0.86 # 17039 # 18841 # -1 # ID=85_13;partial=00;start_type=ATG;rbs_motif=GGA/GAG/AGG;rbs_spacer=5-10bp;gc_cont=0.606
NODE_35_length_56262_cov_2.748784_7   -            441 23306at72274         -            310   1.3e-15   55.8   0.1   1   2     4e-09   3.3e-07   28.2   0.1     7   164   107   264   102   292 0.78 # 3729 # 5051 # 1 # ID=35_7;partial=00;start_type=GTG;rbs_motif=AGGA/GGAG/GAGG;rbs_spacer=11-12bp;gc_cont=0.616
NODE_35_length_56262_cov_2.748784_7   -            441 23306at72274         -            310   1.3e-15   55.8   0.1   2   2   2.5e-08     2e-06   25.6   0.0   240   307   351   426   319   429 0.79 # 3729 # 5051 # 1 # ID=35_7;partial=00;start_type=GTG;rbs_motif=AGGA/GGAG/GAGG;rbs_spacer=11-12bp;gc_cont=0.616
NODE_42_length_53659_cov_2.580278_19  -            918 23306at72274         -            310   1.6e-15   55.5   2.1   1   1   2.8e-16   2.3e-14   51.7   2.1    92   297   270   497   225   512 0.73 # 14339 # 17092 # -1 # ID=42_19;partial=00;start_type=GTG;rbs_motif=AGGAG;rbs_spacer=5-10bp;gc_cont=0.634
NODE_51_length_49247_cov_2.743791_2   -            539 23306at72274         -            310   4.9e-15   53.9   0.0   1   2   1.6e-05    0.0013   16.4   0.0   101   170   302   371   297   406 0.91 # 664 # 2280 # -1 # ID=51_2;partial=00;start_type=GTG;rbs_motif=None;rbs_spacer=None;gc_cont=0.640
NODE_51_length_49247_cov_2.743791_2   -            539 23306at72274         -            310   4.9e-15   53.9   0.0   2   2     3e-11   2.4e-09   35.2   0.0   207   307   430   530   418   533 0.71 # 664 # 2280 # -1 # ID=51_2;partial=00;start_type=GTG;rbs_motif=None;rbs_spacer=None;gc_cont=0.640
NODE_78_length_31089_cov_2.819165_4   -            806 23306at72274         -            310   2.2e-14   51.8   1.1   1   1   5.2e-16   4.2e-14   50.9   1.1    79   297   293   528   263   541 0.76 # 3205 # 5622 # 1 # ID=78_4;partial=00;start_type=ATG;rbs_motif=GGA/GAG/AGG;rbs_spacer=5-10bp;gc_cont=0.588
NODE_123_length_17788_cov_2.944171_6  -           1129 23306at72274         -            310   7.4e-14   50.1   3.1   1   1   1.9e-14   1.6e-12   45.7   3.1    78   306   648   895   576   899 0.69 # 5868 # 9254 # 1 # ID=123_6;partial=00;start_type=GTG;rbs_motif=GGAG/GAGG;rbs_spacer=5-10bp;gc_cont=0.634
NODE_60_length_42394_cov_2.610618_6   -            402 23306at72274         -            310   7.7e-14   50.0   1.8   1   2   0.00032     0.026   12.1   1.1    93   155   153   217   107   240 0.75 # 6540 # 7745 # -1 # ID=60_6;partial=00;start_type=ATG;rbs_motif=GGA/GAG/AGG;rbs_spacer=5-10bp;gc_cont=0.606
NODE_60_length_42394_cov_2.610618_6   -            402 23306at72274         -            310   7.7e-14   50.0   1.8   2   2   1.6e-11   1.3e-09   36.2   0.0   237   308   316   393   283   395 0.74 # 6540 # 7745 # -1 # ID=60_6;partial=00;start_type=ATG;rbs_motif=GGA/GAG/AGG;rbs_spacer=5-10bp;gc_cont=0.606
NODE_77_length_31410_cov_2.670140_9   -            589 23306at72274         -            310   2.1e-13   48.6   0.1   1   1   1.8e-14   1.5e-12   45.8   0.1    87   308   342   580   336   582 0.72 # 8052 # 9818 # 1 # ID=77_9;partial=00;start_type=ATG;rbs_motif=None;rbs_spacer=None;gc_cont=0.647
NODE_1_length_170490_cov_2.833843_67  -            480 23306at72274         -            310   2.4e-13   48.4   0.8   1   2   5.5e-13   4.4e-11   40.9   0.3   100   169   248   317   238   330 0.88 # 77752 # 79191 # -1 # ID=1_67;partial=00;start_type=ATG;rbs_motif=None;rbs_spacer=None;gc_cont=0.632
NODE_1_length_170490_cov_2.833843_67  -            480 23306at72274         -            310   2.4e-13   48.4   0.8   2   2     0.032       2.6    5.6   0.0   268   294   433   458   419   472 0.77 # 77752 # 79191 # -1 # ID=1_67;partial=00;start_type=ATG;rbs_motif=None;rbs_spacer=None;gc_cont=0.632
NODE_75_length_31643_cov_2.758599_1   -            394 23306at72274         -            310   4.3e-13   47.5   0.3   1   1   8.7e-14   7.1e-12   43.6   0.3   105   309   159   384   144   385 0.72 # 1 # 1182 # 1 # ID=75_1;partial=10;start_type=Edge;rbs_motif=None;rbs_spacer=None;gc_cont=0.654
NODE_82_length_29491_cov_2.964310_6   -            634 23306at72274         -            310   9.5e-13   46.4   0.5   1   2   4.3e-07   3.5e-05   21.6   0.2    95   171   252   328   241   350 0.80 # 5774 # 7675 # 1 # ID=82_6;partial=00;start_type=ATG;rbs_motif=AGGAG;rbs_spacer=5-10bp;gc_cont=0.612
NODE_82_length_29491_cov_2.964310_6   -            634 23306at72274         -            310   9.5e-13   46.4   0.5   2   2   1.8e-07   1.5e-05   22.8   0.0   197   308   375   491   369   493 0.79 # 5774 # 7675 # 1 # ID=82_6;partial=00;start_type=ATG;rbs_motif=AGGAG;rbs_spacer=5-10bp;gc_cont=0.612
NODE_20_length_71165_cov_2.962865_36  -            634 23306at72274         -            310   1.9e-12   45.4   0.3   1   2       3.8   3.1e+02   -1.3   0.1    63   117   314   368   312   399 0.81 # 34171 # 36072 # -1 # ID=20_36;partial=00;start_type=ATG;rbs_motif=GGA/GAG/AGG;rbs_spacer=5-10bp;gc_cont=0.637
NODE_20_length_71165_cov_2.962865_36  -            634 23306at72274         -            310   1.9e-12   45.4   0.3   2   2   1.3e-13     1e-11   43.0   0.1    94   309   396   625   382   626 0.68 # 34171 # 36072 # -1 # ID=20_36;partial=00;start_type=ATG;rbs_motif=GGA/GAG/AGG;rbs_spacer=5-10bp;gc_cont=0.637
NODE_8_length_105283_cov_2.931587_80  -            743 23306at72274         -            310   3.9e-12   44.4   0.3   1   3       3.7     3e+02   -1.2   0.0   170   199   130   159   100   164 0.63 # 84348 # 86576 # 1 # ID=8_80;partial=00;start_type=ATG;rbs_motif=AGGAG;rbs_spacer=5-10bp;gc_cont=0.613
NODE_8_length_105283_cov_2.931587_80  -            743 23306at72274         -            310   3.9e-12   44.4   0.3   2   3       7.6   6.2e+02   -2.2   0.1    11    54   298   338   289   349 0.69 # 84348 # 86576 # 1 # ID=8_80;partial=00;start_type=ATG;rbs_motif=AGGAG;rbs_spacer=5-10bp;gc_cont=0.613
NODE_8_length_105283_cov_2.931587_80  -            743 23306at72274         -            310   3.9e-12   44.4   0.3   3   3     4e-13   3.3e-11   41.4   0.0   105   297   515   727   499   740 0.77 # 84348 # 86576 # 1 # ID=8_80;partial=00;start_type=ATG;rbs_motif=AGGAG;rbs_spacer=5-10bp;gc_cont=0.613
NODE_8_length_105283_cov_2.931587_59  -            466 23306at72274         -            310     8e-12   43.4   2.8   1   2   1.4e-05    0.0011   16.6   0.7   108   189   239   320   228   338 0.91 # 66212 # 67609 # -1 # ID=8_59;partial=00;start_type=ATG;rbs_motif=GGA/GAG/AGG;rbs_spacer=5-10bp;gc_cont=0.628
NODE_8_length_105283_cov_2.931587_59  -            466 23306at72274         -            310     8e-12   43.4   2.8   2   2   1.1e-08   9.2e-07   26.8   0.1   240   294   383   438   348   444 0.88 # 66212 # 67609 # -1 # ID=8_59;partial=00;start_type=ATG;rbs_motif=GGA/GAG/AGG;rbs_spacer=5-10bp;gc_cont=0.628
NODE_16_length_77070_cov_2.785296_19  -            376 23306at72274         -            310   5.4e-11   40.7   0.2   1   1     8e-12   6.5e-10   37.1   0.2   107   309   149   374   136   375 0.67 # 15231 # 16358 # 1 # ID=16_19;partial=00;start_type=ATG;rbs_motif=AGGA;rbs_spacer=5-10bp;gc_cont=0.529
NODE_28_length_63385_cov_2.692940_50  -           1063 23306at72274         -            310     9e-11   39.9   0.0   1   2     2e-05    0.0016   16.1   0.0   106   169   485   548   462   560 0.84 # 44403 # 47591 # 1 # ID=28_50;partial=00;start_type=ATG;rbs_motif=GGA/GAG/AGG;rbs_spacer=5-10bp;gc_cont=0.627
NODE_28_length_63385_cov_2.692940_50  -           1063 23306at72274         -            310     9e-11   39.9   0.0   2   2     5e-07   4.1e-05   21.3   0.0   190   297   588   697   575   710 0.79 # 44403 # 47591 # 1 # ID=28_50;partial=00;start_type=ATG;rbs_motif=GGA/GAG/AGG;rbs_spacer=5-10bp;gc_cont=0.627
NODE_14_length_85343_cov_2.706687_45  -            451 23306at72274         -            310   1.1e-10   39.6   0.1   1   2    0.0087       0.7    7.4   0.0   114   168   236   291   227   311 0.78 # 53252 # 54604 # -1 # ID=14_45;partial=00;start_type=ATG;rbs_motif=AGGAG/GGAGG;rbs_spacer=11-12bp;gc_cont=0.620
NODE_14_length_85343_cov_2.706687_45  -            451 23306at72274         -            310   1.1e-10   39.6   0.1   2   2   1.3e-09     1e-07   29.9   0.0   242   307   374   447   363   449 0.84 # 53252 # 54604 # -1 # ID=14_45;partial=00;start_type=ATG;rbs_motif=AGGAG/GGAGG;rbs_spacer=11-12bp;gc_cont=0.620
NODE_45_length_50663_cov_2.754749_39  -            471 23306at72274         -            310   1.3e-10   39.4   0.2   1   1   1.3e-11     1e-09   36.4   0.2   114   307   252   462   247   465 0.78 # 32441 # 33853 # 1 # ID=45_39;partial=00;start_type=ATG;rbs_motif=None;rbs_spacer=None;gc_cont=0.640
NODE_25_length_65367_cov_2.860270_64  -            432 23306at72274         -            310   1.4e-10   39.3   0.0   1   1   2.5e-12   2.1e-10   38.7   0.0   100   295   207   413   155   428 0.74 # 56355 # 57650 # -1 # ID=25_64;partial=00;start_type=ATG;rbs_motif=GGAG/GAGG;rbs_spacer=5-10bp;gc_cont=0.632
NODE_67_length_38797_cov_2.772976_4   -            492 23306at72274         -            310   1.8e-10   38.9   0.3   1   1   9.5e-11   7.7e-09   33.6   0.3   100   292   256   465   241   482 0.69 # 1969 # 3444 # 1 # ID=67_4;partial=00;start_type=ATG;rbs_motif=GGA/GAG/AGG;rbs_spacer=5-10bp;gc_cont=0.622
NODE_2_length_144272_cov_2.753151_10  -           1206 23306at72274         -            310     4e-10   37.8   0.1   1   1   8.6e-12     7e-10   37.0   0.1    93   296   695   922   675   936 0.77 # 9030 # 12647 # -1 # ID=2_10;partial=00;start_type=TTG;rbs_motif=GGA/GAG/AGG;rbs_spacer=5-10bp;gc_cont=0.617
NODE_19_length_72343_cov_2.670530_51  -            775 23306at72274         -            310     5e-10   37.5   3.8   1   2       2.2   1.8e+02   -0.5   0.1   176   252    28    99    18   107 0.79 # 52901 # 55225 # 1 # ID=19_51;partial=00;start_type=GTG;rbs_motif=AGGA;rbs_spacer=5-10bp;gc_cont=0.615
NODE_19_length_72343_cov_2.670530_51  -            775 23306at72274         -            310     5e-10   37.5   3.8   2   2   3.2e-11   2.6e-09   35.1   0.6   105   298   289   499   222   512 0.72 # 52901 # 55225 # 1 # ID=19_51;partial=00;start_type=GTG;rbs_motif=AGGA;rbs_spacer=5-10bp;gc_cont=0.615
NODE_30_length_60945_cov_2.703410_35  -           1198 23306at72274         -            310   9.3e-10   36.6   0.6   1   1   2.9e-11   2.4e-09   35.3   0.6   106   296   704   917   683   930 0.74 # 48575 # 52168 # -1 # ID=30_35;partial=00;start_type=ATG;rbs_motif=None;rbs_spacer=None;gc_cont=0.617
NODE_6_length_125538_cov_2.816866_127 -            376 23306at72274         -            310   1.1e-09   36.3   0.1   1   2      0.36        29    2.1   0.0   106   164   148   208   122   216 0.76 # 112429 # 113556 # 1 # ID=6_127;partial=00;start_type=ATG;rbs_motif=AGGA;rbs_spacer=5-10bp;gc_cont=0.520
NODE_6_length_125538_cov_2.816866_127 -            376 23306at72274         -            310   1.1e-09   36.3   0.1   2   2   3.3e-10   2.7e-08   31.8   0.0   200   309   261   374   256   375 0.73 # 112429 # 113556 # 1 # ID=6_127;partial=00;start_type=ATG;rbs_motif=AGGA;rbs_spacer=5-10bp;gc_cont=0.520
NODE_38_length_54909_cov_2.761272_13  -            392 23306at72274         -            310   1.2e-09   36.2   1.8   1   1   4.8e-10   3.9e-08   31.3   1.8    97   307   159   388   129   391 0.70 # 11375 # 12550 # -1 # ID=38_13;partial=00;start_type=ATG;rbs_motif=GGA/GAG/AGG;rbs_spacer=5-10bp;gc_cont=0.639
NODE_26_length_64093_cov_2.653488_30  -            462 23306at72274         -            310   1.9e-09   35.6   0.2   1   2     3e-05    0.0024   15.5   0.1   100   178   237   315   218   341 0.82 # 26253 # 27638 # -1 # ID=26_30;partial=00;start_type=ATG;rbs_motif=GGA/GAG/AGG;rbs_spacer=5-10bp;gc_cont=0.652
NODE_26_length_64093_cov_2.653488_30  -            462 23306at72274         -            310   1.9e-09   35.6   0.2   2   2   5.3e-06   0.00043   18.0   0.0   245   294   393   444   383   454 0.85 # 26253 # 27638 # -1 # ID=26_30;partial=00;start_type=ATG;rbs_motif=GGA/GAG/AGG;rbs_spacer=5-10bp;gc_cont=0.652
NODE_42_length_53659_cov_2.580278_21  -            457 23306at72274         -            310   2.3e-09   35.3   0.0   1   1     4e-10   3.3e-08   31.5   0.0   100   298   236   444   230   450 0.70 # 18013 # 19383 # 1 # ID=42_21;partial=00;start_type=ATG;rbs_motif=GGA/GAG/AGG;rbs_spacer=5-10bp;gc_cont=0.631
NODE_5_length_127372_cov_2.791748_11  -            603 23306at72274         -            310   2.7e-09   35.1   0.0   1   1   1.1e-10   9.2e-09   33.3   0.0    94   291   355   568   341   583 0.74 # 9491 # 11299 # -1 # ID=5_11;partial=00;start_type=ATG;rbs_motif=GGA/GAG/AGG;rbs_spacer=11-12bp;gc_cont=0.650
NODE_74_length_32125_cov_2.675573_7   -            432 23306at72274         -            310   4.4e-09   34.4   0.0   1   1   8.3e-11   6.8e-09   33.8   0.0   106   307   211   430   201   431 0.74 # 5085 # 6380 # -1 # ID=74_7;partial=00;start_type=ATG;rbs_motif=GGA/GAG/AGG;rbs_spacer=5-10bp;gc_cont=0.644
NODE_45_length_50663_cov_2.754749_51  -            451 23306at72274         -            310   4.7e-09   34.3   0.1   1   1   1.3e-10   1.1e-08   33.1   0.1    99   288   221   423   213   433 0.68 # 43499 # 44851 # 1 # ID=45_51;partial=00;start_type=ATG;rbs_motif=GGA/GAG/AGG;rbs_spacer=5-10bp;gc_cont=0.629
NODE_19_length_72343_cov_2.670530_48  -           1211 23306at72274         -            310     5e-09   34.2   0.8   1   2       7.9   6.4e+02   -2.3   0.0    18    73   601   656   585   661 0.76 # 47701 # 51333 # 1 # ID=19_48;partial=00;start_type=ATG;rbs_motif=GGA/GAG/AGG;rbs_spacer=5-10bp;gc_cont=0.594
NODE_19_length_72343_cov_2.670530_48  -           1211 23306at72274         -            310     5e-09   34.2   0.8   2   2   1.8e-10   1.4e-08   32.7   0.4    96   297   706   932   691   945 0.76 # 47701 # 51333 # 1 # ID=19_48;partial=00;start_type=ATG;rbs_motif=GGA/GAG/AGG;rbs_spacer=5-10bp;gc_cont=0.594
NODE_4_length_135474_cov_2.802715_101 -            455 23306at72274         -            310   5.8e-09   34.0   1.2   1   1     4e-10   3.2e-08   31.5   1.2   113   307   242   453   227   454 0.70 # 102073 # 103437 # 1 # ID=4_101;partial=00;start_type=GTG;rbs_motif=GGAG/GAGG;rbs_spacer=5-10bp;gc_cont=0.617
NODE_91_length_25104_cov_2.730872_16  -            884 23306at72274         -            310   1.4e-08   32.7   0.1   1   1   1.2e-09   9.6e-08   30.0   0.1   101   307   654   873   637   876 0.74 # 17063 # 19714 # -1 # ID=91_16;partial=00;start_type=ATG;rbs_motif=AGGA;rbs_spacer=5-10bp;gc_cont=0.664
NODE_84_length_27424_cov_2.668791_22  -            452 23306at72274         -            310   1.5e-08   32.6   0.2   1   2     0.021       1.7    6.1   0.1   101   169   184   255   167   273 0.77 # 19882 # 21237 # -1 # ID=84_22;partial=00;start_type=ATG;rbs_motif=GGA/GAG/AGG;rbs_spacer=5-10bp;gc_cont=0.616
NODE_84_length_27424_cov_2.668791_22  -            452 23306at72274         -            310   1.5e-08   32.6   0.2   2   2   8.1e-08   6.6e-06   23.9   0.0   232   309   354   439   284   440 0.83 # 19882 # 21237 # -1 # ID=84_22;partial=00;start_type=ATG;rbs_motif=GGA/GAG/AGG;rbs_spacer=5-10bp;gc_cont=0.616
NODE_47_length_50324_cov_2.789748_23  -           1194 23306at72274         -            310   1.6e-08   32.5   0.3   1   2      0.57        46    1.5   0.0   107   133   707   733   682   766 0.76 # 23757 # 27338 # -1 # ID=47_23;partial=00;start_type=GTG;rbs_motif=AGGA;rbs_spacer=5-10bp;gc_cont=0.620
NODE_47_length_50324_cov_2.789748_23  -           1194 23306at72274         -            310   1.6e-08   32.5   0.3   2   2   3.3e-09   2.7e-07   28.5   0.0   200   297   822   922   799   936 0.81 # 23757 # 27338 # -1 # ID=47_23;partial=00;start_type=GTG;rbs_motif=AGGA;rbs_spacer=5-10bp;gc_cont=0.620
NODE_133_length_16064_cov_2.767899_3  -            438 23306at72274         -            310   2.9e-08   31.7   0.0   1   2      0.62        50    1.3   0.0   109   135   223   249   205   298 0.72 # 2229 # 3542 # 1 # ID=133_3;partial=00;start_type=ATG;rbs_motif=None;rbs_spacer=None;gc_cont=0.618
NODE_133_length_16064_cov_2.767899_3  -            438 23306at72274         -            310   2.9e-08   31.7   0.0   2   2   4.2e-09   3.4e-07   28.2   0.0   244   296   358   414   325   428 0.87 # 2229 # 3542 # 1 # ID=133_3;partial=00;start_type=ATG;rbs_motif=None;rbs_spacer=None;gc_cont=0.618
NODE_77_length_31410_cov_2.670140_17  -            490 23306at72274         -            310   3.1e-08   31.6   0.1   1   2         7   5.7e+02   -2.1   0.0   109   137   286   314   267   347 0.78 # 16522 # 17991 # -1 # ID=77_17;partial=00;start_type=ATG;rbs_motif=None;rbs_spacer=None;gc_cont=0.632
NODE_77_length_31410_cov_2.670140_17  -            490 23306at72274         -            310   3.1e-08   31.6   0.1   2   2     1e-09   8.4e-08   30.2   0.0   245   299   419   475   408   486 0.86 # 16522 # 17991 # -1 # ID=77_17;partial=00;start_type=ATG;rbs_motif=None;rbs_spacer=None;gc_cont=0.632
NODE_8_length_105283_cov_2.931587_81  -            440 23306at72274         -            310   5.6e-08   30.7   0.2   1   2       1.4   1.2e+02    0.1   0.0   216   243   225   252   213   311 0.70 # 86935 # 88254 # -1 # ID=8_81;partial=00;start_type=ATG;rbs_motif=None;rbs_spacer=None;gc_cont=0.627
NODE_8_length_105283_cov_2.931587_81  -            440 23306at72274         -            310   5.6e-08   30.7   0.2   2   2   4.1e-09   3.3e-07   28.2   0.0   234   295   357   424   340   438 0.82 # 86935 # 88254 # -1 # ID=8_81;partial=00;start_type=ATG;rbs_motif=None;rbs_spacer=None;gc_cont=0.627
NODE_22_length_70088_cov_2.810695_27  -            421 23306at72274         -            310   6.1e-08   30.6   4.2   1   1   2.7e-08   2.2e-06   25.5   4.2    85   299   180   401   166   412 0.72 # 36960 # 38222 # 1 # ID=22_27;partial=00;start_type=ATG;rbs_motif=GGAG/GAGG;rbs_spacer=5-10bp;gc_cont=0.635
NODE_10_length_99402_cov_2.843808_31  -            764 23306at72274         -            310   7.4e-08   30.4   0.0   1   1   1.9e-09   1.6e-07   29.3   0.0   197   308   650   760   623   762 0.72 # 34158 # 36449 # 1 # ID=10_31;partial=00;start_type=GTG;rbs_motif=GGA/GAG/AGG;rbs_spacer=5-10bp;gc_cont=0.611
NODE_60_length_42394_cov_2.610618_9   -           1166 23306at72274         -            310   9.1e-08   30.1   1.0   1   1   6.9e-08   5.6e-06   24.2   0.9   100   307   486   717   417   720 0.68 # 9151 # 12648 # -1 # ID=60_9;partial=00;start_type=ATG;rbs_motif=GGA/GAG/AGG;rbs_spacer=5-10bp;gc_cont=0.602
NODE_128_length_17173_cov_2.570632_8  -            464 23306at72274         -            310   9.9e-08   29.9   0.2   1   2         3   2.4e+02   -0.9   0.1   117   176   265   293   241   348 0.59 # 3712 # 5103 # -1 # ID=128_8;partial=00;start_type=GTG;rbs_motif=None;rbs_spacer=None;gc_cont=0.601
NODE_128_length_17173_cov_2.570632_8  -            464 23306at72274         -            310   9.9e-08   29.9   0.2   2   2   4.3e-09   3.5e-07   28.2   0.0   228   298   371   447   357   459 0.76 # 3712 # 5103 # -1 # ID=128_8;partial=00;start_type=GTG;rbs_motif=None;rbs_spacer=None;gc_cont=0.601
NODE_116_length_19524_cov_2.546631_8  -            925 23306at72274         -            310     1e-07   29.9   0.1   1   1   2.8e-08   2.3e-06   25.4   0.1   109   306   400   619   363   625 0.70 # 6559 # 9333 # -1 # ID=116_8;partial=00;start_type=GTG;rbs_motif=GGA/GAG/AGG;rbs_spacer=5-10bp;gc_cont=0.624
NODE_16_length_77070_cov_2.785296_5   -            450 23306at72274         -            310   1.4e-07   29.5   0.0   1   1   4.1e-09   3.4e-07   28.2   0.0   102   290   224   425   214   436 0.67 # 2181 # 3530 # 1 # ID=16_5;partial=00;start_type=ATG;rbs_motif=GGA/GAG/AGG;rbs_spacer=5-10bp;gc_cont=0.649
NODE_25_length_65367_cov_2.860270_69  -            427 23306at72274         -            310   3.9e-07   28.0   0.1   1   2      0.22        18    2.8   0.1   112   164   216   269   201   278 0.78 # 62035 # 63315 # 1 # ID=25_69;partial=00;start_type=ATG;rbs_motif=GGAG/GAGG;rbs_spacer=5-10bp;gc_cont=0.625
NODE_25_length_65367_cov_2.860270_69  -            427 23306at72274         -            310   3.9e-07   28.0   0.1   2   2     2e-07   1.6e-05   22.7   0.0   247   288   357   401   352   419 0.87 # 62035 # 63315 # 1 # ID=25_69;partial=00;start_type=ATG;rbs_motif=GGAG/GAGG;rbs_spacer=5-10bp;gc_cont=0.625
NODE_167_length_9385_cov_2.847915_6   -            732 23306at72274         -            310   4.7e-07   27.7   0.0   1   1   3.2e-08   2.6e-06   25.3   0.0   197   297   620   716   478   727 0.85 # 5692 # 7887 # -1 # ID=167_6;partial=00;start_type=ATG;rbs_motif=GGAG/GAGG;rbs_spacer=5-10bp;gc_cont=0.635
NODE_2_length_144272_cov_2.753151_85  -            466 23306at72274         -            310     1e-06   26.6   0.3   1   2       1.1        88    0.6   0.1   109   156   240   288   214   302 0.62 # 87406 # 88803 # 1 # ID=2_85;partial=00;start_type=ATG;rbs_motif=GGAG/GAGG;rbs_spacer=5-10bp;gc_cont=0.635
NODE_2_length_144272_cov_2.753151_85  -            466 23306at72274         -            310     1e-06   26.6   0.3   2   2   1.5e-07   1.2e-05   23.1   0.0   193   300   344   449   334   459 0.73 # 87406 # 88803 # 1 # ID=2_85;partial=00;start_type=ATG;rbs_motif=GGAG/GAGG;rbs_spacer=5-10bp;gc_cont=0.635
NODE_147_length_13291_cov_2.628153_1  -            403 23306at72274         -            310   1.3e-06   26.2   0.0   1   1   3.6e-08   2.9e-06   25.1   0.0   107   262   227   388   216   400 0.79 # 3 # 1211 # -1 # ID=147_1;partial=10;start_type=GTG;rbs_motif=GGAG/GAGG;rbs_spacer=5-10bp;gc_cont=0.656
NODE_60_length_42394_cov_2.610618_30  -            426 23306at72274         -            310   1.8e-06   25.8   0.0   1   1   1.3e-07     1e-05   23.3   0.0   207   295   323   408   193   421 0.78 # 36696 # 37973 # -1 # ID=60_30;partial=00;start_type=ATG;rbs_motif=GGAGG;rbs_spacer=5-10bp;gc_cont=0.633
NODE_40_length_54044_cov_2.659031_33  -            791 23306at72274         -            310   3.1e-05   21.7   0.0   1   2    0.0027      0.22    9.1   0.0   101   168   412   479   397   499 0.82 # 31521 # 33893 # 1 # ID=40_33;partial=00;start_type=ATG;rbs_motif=3Base/5BMM;rbs_spacer=13-15bp;gc_cont=0.612
NODE_40_length_54044_cov_2.659031_33  -            791 23306at72274         -            310   3.1e-05   21.7   0.0   2   2    0.0017      0.14    9.8   0.0   188   297   518   631   510   644 0.77 # 31521 # 33893 # 1 # ID=40_33;partial=00;start_type=ATG;rbs_motif=3Base/5BMM;rbs_spacer=13-15bp;gc_cont=0.612
NODE_32_length_57774_cov_2.878276_37  -            439 23306at72274         -            310   3.2e-05   21.7   0.3   1   1   1.5e-06   0.00012   19.8   0.3   245   294   369   420   221   434 0.82 # 34391 # 35707 # 1 # ID=32_37;partial=00;start_type=ATG;rbs_motif=None;rbs_spacer=None;gc_cont=0.606
NODE_115_length_19800_cov_2.521222_17 -            440 23306at72274         -            310   5.9e-05   20.8   0.3   1   1   2.8e-06   0.00023   18.9   0.3   103   299   220   427   207   438 0.72 # 14058 # 15377 # -1 # ID=115_17;partial=00;start_type=ATG;rbs_motif=GGAG/GAGG;rbs_spacer=5-10bp;gc_cont=0.645
NODE_92_length_25095_cov_2.733979_7   -            346 23306at72274         -            310   9.3e-05   20.2   0.0   1   2       3.2   2.6e+02   -1.0   0.0   106   127   140   161   122   196 0.69 # 6338 # 7375 # -1 # ID=92_7;partial=00;start_type=ATG;rbs_motif=GGA/GAG/AGG;rbs_spacer=5-10bp;gc_cont=0.648
NODE_92_length_25095_cov_2.733979_7   -            346 23306at72274         -            310   9.3e-05   20.2   0.0   2   2   4.2e-06   0.00034   18.3   0.0   238   295   266   329   241   343 0.77 # 6338 # 7375 # -1 # ID=92_7;partial=00;start_type=ATG;rbs_motif=GGA/GAG/AGG;rbs_spacer=5-10bp;gc_cont=0.648
NODE_134_length_15699_cov_2.517018_14 -            435 23306at72274         -            310   0.00011   20.0   0.0   1   1   2.9e-06   0.00024   18.8   0.0   243   286   361   410   329   422 0.76 # 14185 # 15489 # 1 # ID=134_14;partial=00;start_type=ATG;rbs_motif=GGA/GAG/AGG;rbs_spacer=5-10bp;gc_cont=0.634
NODE_21_length_71141_cov_2.765370_43  -            457 23306at72274         -            310   0.00012   19.9   0.8   1   2       2.5     2e+02   -0.7   0.7    97   155    88   141    20   162 0.71 # 67919 # 69289 # 1 # ID=21_43;partial=00;start_type=ATG;rbs_motif=GGAG/GAGG;rbs_spacer=5-10bp;gc_cont=0.656
NODE_21_length_71141_cov_2.765370_43  -            457 23306at72274         -            310   0.00012   19.9   0.8   2   2   4.8e-06   0.00039   18.1   0.0   234   307   233   314   203   317 0.73 # 67919 # 69289 # 1 # ID=21_43;partial=00;start_type=ATG;rbs_motif=GGAG/GAGG;rbs_spacer=5-10bp;gc_cont=0.656
NODE_42_length_53659_cov_2.580278_4   -            449 23306at72274         -            310   0.00018   19.2   0.0   1   1   9.2e-06   0.00074   17.2   0.0   106   307   237   446   219   447 0.65 # 1409 # 2755 # 1 # ID=42_4;partial=00;start_type=TTG;rbs_motif=GGA/GAG/AGG;rbs_spacer=5-10bp;gc_cont=0.623
NODE_31_length_59263_cov_2.718209_47  -           1016 23306at72274         -            310    0.0091   13.6   0.0   1   1   0.00023     0.019   12.6   0.0   236   308   935  1015   926  1016 0.71 # 56214 # 59261 # 1 # ID=31_47;partial=01;start_type=ATG;rbs_motif=GGAG/GAGG;rbs_spacer=5-10bp;gc_cont=0.626
NODE_79_length_30031_cov_2.715289_8   -            821 23306at72274         -            310     0.014   13.1   0.0   1   1   0.00026     0.021   12.4   0.0     5    67   252   313   248   318 0.83 # 7357 # 9819 # 1 # ID=79_8;partial=00;start_type=ATG;rbs_motif=GGA/GAG/AGG;rbs_spacer=5-10bp;gc_cont=0.598
NODE_162_length_9720_cov_2.891275_9   -             59 23306at72274         -            310     0.015   13.0   0.0   1   1   0.00018     0.015   12.9   0.0   266   308     6    50     2    52 0.68 # 9543 # 9719 # -1 # ID=162_9;partial=01;start_type=Edge;rbs_motif=None;rbs_spacer=None;gc_cont=0.667
#
# Program:         hmmsearch
# Version:         3.1b2 (February 2015)
# Pipeline mode:   SEARCH
# Query file:      /data2/PEG/hoaxaca/REAA/Pseudomonas/bin/busco_downloads/lineages/pseudomonadales_odb10/hmms/23306at72274.hmm
# Target file:     /data2/PEG/hoaxaca/REAA/Pseudomonas/bin/../out/busco/trim_130clip.spades_kmer/prodigal_output/predicted_genes/predicted.faa
# Option settings: hmmsearch --domtblout /data2/PEG/hoaxaca/REAA/Pseudomonas/bin/../out/busco/trim_130clip.spades_kmer/run_pseudomonadales_odb10/hmmer_output/23306at72274.out --cpu 1 /data2/PEG/hoaxaca/REAA/Pseudomonas/bin/busco_downloads/lineages/pseudomonadales_odb10/hmms/23306at72274.hmm /data2/PEG/hoaxaca/REAA/Pseudomonas/bin/../out/busco/trim_130clip.spades_kmer/prodigal_output/predicted_genes/predicted.faa 
# Current dir:     /data2/PEG/hoaxaca/REAA/Pseudomonas/bin
# Date:            Mon Feb 20 00:27:34 2023
# [ok]
