#                                                                                            --- full sequence --- -------------- this domain -------------   hmm coord   ali coord   env coord
# target name                        accession   tlen query name           accession   qlen   E-value  score  bias   #  of  c-Evalue  i-Evalue  score  bias  from    to  from    to  from    to  acc description of target
#                ------------------- ---------- ----- -------------------- ---------- ----- --------- ------ ----- --- --- --------- --------- ------ ----- ----- ----- ----- ----- ----- ----- ---- ---------------------
NODE_126_length_17502_cov_2.727655_5 -            436 24069at72274         -            338  5.3e-145  481.0   0.9   1   2  1.8e-110  1.9e-107  357.5   0.0     1   203     1   208     1   215 0.98 # 4271 # 5578 # 1 # ID=126_5;partial=00;start_type=ATG;rbs_motif=None;rbs_spacer=None;gc_cont=0.628
NODE_126_length_17502_cov_2.727655_5 -            436 24069at72274         -            338  5.3e-145  481.0   0.9   2   2   4.1e-37   4.3e-34  116.3   0.7   203   338   239   421   232   421 0.77 # 4271 # 5578 # 1 # ID=126_5;partial=00;start_type=ATG;rbs_motif=None;rbs_spacer=None;gc_cont=0.628
NODE_4_length_135474_cov_2.802715_76 -            488 24069at72274         -            338   3.4e-06   24.6   1.1   1   3   4.7e-05      0.05   10.9   0.2    39    69   102   132    87   135 0.89 # 71280 # 72743 # 1 # ID=4_76;partial=00;start_type=ATG;rbs_motif=GGAGG;rbs_spacer=5-10bp;gc_cont=0.633
NODE_4_length_135474_cov_2.802715_76 -            488 24069at72274         -            338   3.4e-06   24.6   1.1   2   3   4.1e-05     0.043   11.1   0.1   123   181   163   221   155   240 0.78 # 71280 # 72743 # 1 # ID=4_76;partial=00;start_type=ATG;rbs_motif=GGAGG;rbs_spacer=5-10bp;gc_cont=0.633
NODE_4_length_135474_cov_2.802715_76 -            488 24069at72274         -            338   3.4e-06   24.6   1.1   3   3      0.26   2.7e+02   -1.3   0.0   214   271   294   360   279   379 0.67 # 71280 # 72743 # 1 # ID=4_76;partial=00;start_type=ATG;rbs_motif=GGAGG;rbs_spacer=5-10bp;gc_cont=0.633
NODE_4_length_135474_cov_2.802715_82 -            482 24069at72274         -            338    0.0056   14.0   0.2   1   2   0.00017      0.18    9.1   0.0    38    65   116   143   104   148 0.85 # 78814 # 80259 # 1 # ID=4_82;partial=00;start_type=ATG;rbs_motif=GGAGG;rbs_spacer=5-10bp;gc_cont=0.631
NODE_4_length_135474_cov_2.802715_82 -            482 24069at72274         -            338    0.0056   14.0   0.2   2   2     0.016        17    2.6   0.0   149   168   183   203   180   210 0.78 # 78814 # 80259 # 1 # ID=4_82;partial=00;start_type=ATG;rbs_motif=GGAGG;rbs_spacer=5-10bp;gc_cont=0.631
NODE_64_length_40003_cov_2.771341_10 -            450 24069at72274         -            338     0.027   11.8   0.0   1   1   5.9e-05     0.063   10.6   0.0    38    68   103   133    96   137 0.89 # 6160 # 7509 # -1 # ID=64_10;partial=00;start_type=ATG;rbs_motif=GGAG/GAGG;rbs_spacer=5-10bp;gc_cont=0.612
NODE_4_length_135474_cov_2.802715_79 -            449 24069at72274         -            338     0.046   11.0   2.9   1   3   0.00031      0.32    8.3   0.2    36    85   107   159    96   170 0.77 # 75195 # 76541 # 1 # ID=4_79;partial=00;start_type=GTG;rbs_motif=GGAG/GAGG;rbs_spacer=5-10bp;gc_cont=0.644
NODE_4_length_135474_cov_2.802715_79 -            449 24069at72274         -            338     0.046   11.0   2.9   2   3     0.039        41    1.3   0.0   141   188   167   213   151   221 0.70 # 75195 # 76541 # 1 # ID=4_79;partial=00;start_type=GTG;rbs_motif=GGAG/GAGG;rbs_spacer=5-10bp;gc_cont=0.644
NODE_4_length_135474_cov_2.802715_79 -            449 24069at72274         -            338     0.046   11.0   2.9   3   3     0.085        89    0.2   0.1    30    52   338   360   317   376 0.82 # 75195 # 76541 # 1 # ID=4_79;partial=00;start_type=GTG;rbs_motif=GGAG/GAGG;rbs_spacer=5-10bp;gc_cont=0.644
NODE_69_length_36162_cov_2.788150_15 -            472 24069at72274         -            338      0.16    9.3   4.3   1   2   0.00072      0.76    7.0   0.3    33    68   260   297   243   301 0.81 # 10600 # 12015 # -1 # ID=69_15;partial=00;start_type=ATG;rbs_motif=GGA/GAG/AGG;rbs_spacer=11-12bp;gc_cont=0.626
NODE_69_length_36162_cov_2.788150_15 -            472 24069at72274         -            338      0.16    9.3   4.3   2   2    0.0078       8.3    3.6   0.4   167   266   301   402   299   419 0.74 # 10600 # 12015 # -1 # ID=69_15;partial=00;start_type=ATG;rbs_motif=GGA/GAG/AGG;rbs_spacer=11-12bp;gc_cont=0.626
#
# Program:         hmmsearch
# Version:         3.1b2 (February 2015)
# Pipeline mode:   SEARCH
# Query file:      /data2/PEG/hoaxaca/REAA/Pseudomonas/bin/busco_downloads/lineages/pseudomonadales_odb10/hmms/24069at72274.hmm
# Target file:     /data2/PEG/hoaxaca/REAA/Pseudomonas/bin/../out/busco/trim_130clip.spades_kmer/prodigal_output/predicted_genes/predicted.faa
# Option settings: hmmsearch --domtblout /data2/PEG/hoaxaca/REAA/Pseudomonas/bin/../out/busco/trim_130clip.spades_kmer/run_pseudomonadales_odb10/hmmer_output/24069at72274.out --cpu 1 /data2/PEG/hoaxaca/REAA/Pseudomonas/bin/busco_downloads/lineages/pseudomonadales_odb10/hmms/24069at72274.hmm /data2/PEG/hoaxaca/REAA/Pseudomonas/bin/../out/busco/trim_130clip.spades_kmer/prodigal_output/predicted_genes/predicted.faa 
# Current dir:     /data2/PEG/hoaxaca/REAA/Pseudomonas/bin
# Date:            Mon Feb 20 00:27:35 2023
# [ok]
