#                                                                                            --- full sequence --- -------------- this domain -------------   hmm coord   ali coord   env coord
# target name                        accession   tlen query name           accession   qlen   E-value  score  bias   #  of  c-Evalue  i-Evalue  score  bias  from    to  from    to  from    to  acc description of target
#                ------------------- ---------- ----- -------------------- ---------- ----- --------- ------ ----- --- --- --------- --------- ------ ----- ----- ----- ----- ----- ----- ----- ---- ---------------------
NODE_173_length_8634_cov_2.973551_4  -            465 26676at72274         -            494    2e-174  579.3  11.8   1   2   9.4e-88   6.6e-85  284.0   2.9   136   320    47   242    39   252 0.91 # 2899 # 4293 # -1 # ID=173_4;partial=00;start_type=ATG;rbs_motif=GGA/GAG/AGG;rbs_spacer=5-10bp;gc_cont=0.594
NODE_173_length_8634_cov_2.973551_4  -            465 26676at72274         -            494    2e-174  579.3  11.8   2   2     1e-92   7.2e-90  300.4   1.6   317   494   271   461   270   461 0.93 # 2899 # 4293 # -1 # ID=173_4;partial=00;start_type=ATG;rbs_motif=GGA/GAG/AGG;rbs_spacer=5-10bp;gc_cont=0.594
NODE_152_length_12011_cov_2.654691_9 -            770 26676at72274         -            494   8.1e-51  171.6   0.7   1   4   3.2e-13   2.3e-10   38.1   0.0   138   290    90   249    65   260 0.85 # 9074 # 11383 # -1 # ID=152_9;partial=00;start_type=ATG;rbs_motif=AGGA;rbs_spacer=5-10bp;gc_cont=0.635
NODE_152_length_12011_cov_2.654691_9 -            770 26676at72274         -            494   8.1e-51  171.6   0.7   2   4     0.017        12    2.8   0.2   232   289   252   319   250   323 0.65 # 9074 # 11383 # -1 # ID=152_9;partial=00;start_type=ATG;rbs_motif=AGGA;rbs_spacer=5-10bp;gc_cont=0.635
NODE_152_length_12011_cov_2.654691_9 -            770 26676at72274         -            494   8.1e-51  171.6   0.7   3   4   1.2e-11   8.2e-09   33.0   0.0   258   320   421   484   412   497 0.89 # 9074 # 11383 # -1 # ID=152_9;partial=00;start_type=ATG;rbs_motif=AGGA;rbs_spacer=5-10bp;gc_cont=0.635
NODE_152_length_12011_cov_2.654691_9 -            770 26676at72274         -            494   8.1e-51  171.6   0.7   4   4   8.1e-30   5.7e-27   92.9   0.1   335   491   532   710   514   712 0.83 # 9074 # 11383 # -1 # ID=152_9;partial=00;start_type=ATG;rbs_motif=AGGA;rbs_spacer=5-10bp;gc_cont=0.635
NODE_68_length_37260_cov_2.562384_8  -            738 26676at72274         -            494   9.3e-45  151.6   2.9   1   3   2.3e-09   1.6e-06   25.4   0.0   141   290   101   258    92   264 0.85 # 6482 # 8695 # -1 # ID=68_8;partial=00;start_type=TTG;rbs_motif=GGA/GAG/AGG;rbs_spacer=5-10bp;gc_cont=0.637
NODE_68_length_37260_cov_2.562384_8  -            738 26676at72274         -            494   9.3e-45  151.6   2.9   2   3   9.5e-09   6.7e-06   23.4   0.0   258   316   439   497   432   507 0.93 # 6482 # 8695 # -1 # ID=68_8;partial=00;start_type=TTG;rbs_motif=GGA/GAG/AGG;rbs_spacer=5-10bp;gc_cont=0.637
NODE_68_length_37260_cov_2.562384_8  -            738 26676at72274         -            494   9.3e-45  151.6   2.9   3   3   8.3e-32   5.8e-29   99.5   1.6   324   490   531   715   523   719 0.81 # 6482 # 8695 # -1 # ID=68_8;partial=00;start_type=TTG;rbs_motif=GGA/GAG/AGG;rbs_spacer=5-10bp;gc_cont=0.637
NODE_13_length_88136_cov_2.778170_32 -            714 26676at72274         -            494   8.6e-28   95.6   0.2   1   1   2.5e-30   1.7e-27   94.6   0.2   254   492   293   551   290   553 0.80 # 28882 # 31023 # -1 # ID=13_32;partial=00;start_type=ATG;rbs_motif=GGA/GAG/AGG;rbs_spacer=5-10bp;gc_cont=0.618
NODE_95_length_24932_cov_2.542391_5  -            427 26676at72274         -            494   5.6e-22   76.4   0.0   1   1   2.9e-24     2e-21   74.6   0.0   333   489   221   392   162   397 0.88 # 3437 # 4717 # 1 # ID=95_5;partial=00;start_type=ATG;rbs_motif=None;rbs_spacer=None;gc_cont=0.632
NODE_88_length_25724_cov_2.557878_14 -            408 26676at72274         -            494   3.3e-21   73.9   0.0   1   1   1.2e-23   8.7e-21   72.5   0.0   341   489   201   365   194   370 0.82 # 13139 # 14362 # -1 # ID=88_14;partial=00;start_type=ATG;rbs_motif=AGGA;rbs_spacer=5-10bp;gc_cont=0.619
NODE_41_length_54029_cov_2.577567_3  -            488 26676at72274         -            494   3.8e-06   24.2   0.0   1   1   7.6e-09   5.3e-06   23.7   0.0   264   366   234   335   222   390 0.83 # 2188 # 3651 # 1 # ID=41_3;partial=00;start_type=ATG;rbs_motif=None;rbs_spacer=None;gc_cont=0.627
NODE_89_length_25616_cov_3.076307_2  -            246 26676at72274         -            494   3.7e-05   20.9   1.9   1   2   4.1e-06    0.0029   14.7   0.0   234   298    22    86    12    98 0.80 # 2194 # 2931 # -1 # ID=89_2;partial=00;start_type=ATG;rbs_motif=GGA/GAG/AGG;rbs_spacer=5-10bp;gc_cont=0.603
NODE_89_length_25616_cov_3.076307_2  -            246 26676at72274         -            494   3.7e-05   20.9   1.9   2   2    0.0028         2    5.3   0.8   365   450   125   220   116   224 0.76 # 2194 # 2931 # -1 # ID=89_2;partial=00;start_type=ATG;rbs_motif=GGA/GAG/AGG;rbs_spacer=5-10bp;gc_cont=0.603
NODE_95_length_24932_cov_2.542391_8  -            189 26676at72274         -            494    0.0011   16.1   0.0   1   1   2.1e-06    0.0015   15.6   0.0   148   220    34   106    27   131 0.90 # 6534 # 7100 # 1 # ID=95_8;partial=00;start_type=ATG;rbs_motif=None;rbs_spacer=None;gc_cont=0.635
#
# Program:         hmmsearch
# Version:         3.1b2 (February 2015)
# Pipeline mode:   SEARCH
# Query file:      /data2/PEG/hoaxaca/REAA/Pseudomonas/bin/busco_downloads/lineages/pseudomonadales_odb10/hmms/26676at72274.hmm
# Target file:     /data2/PEG/hoaxaca/REAA/Pseudomonas/bin/../out/busco/trim_130clip.spades_kmer/prodigal_output/predicted_genes/predicted.faa
# Option settings: hmmsearch --domtblout /data2/PEG/hoaxaca/REAA/Pseudomonas/bin/../out/busco/trim_130clip.spades_kmer/run_pseudomonadales_odb10/hmmer_output/26676at72274.out --cpu 1 /data2/PEG/hoaxaca/REAA/Pseudomonas/bin/busco_downloads/lineages/pseudomonadales_odb10/hmms/26676at72274.hmm /data2/PEG/hoaxaca/REAA/Pseudomonas/bin/../out/busco/trim_130clip.spades_kmer/prodigal_output/predicted_genes/predicted.faa 
# Current dir:     /data2/PEG/hoaxaca/REAA/Pseudomonas/bin
# Date:            Mon Feb 20 00:27:38 2023
# [ok]
