#                                                                                            --- full sequence --- -------------- this domain -------------   hmm coord   ali coord   env coord
# target name                        accession   tlen query name           accession   qlen   E-value  score  bias   #  of  c-Evalue  i-Evalue  score  bias  from    to  from    to  from    to  acc description of target
#                ------------------- ---------- ----- -------------------- ---------- ----- --------- ------ ----- --- --- --------- --------- ------ ----- ----- ----- ----- ----- ----- ----- ---- ---------------------
NODE_51_length_49247_cov_2.743791_24 -            873 2722at72274          -            747         0 1353.4  15.5   1   2         0         0 1295.9   3.0     1   684     1   752     1   767 0.92 # 23150 # 25768 # -1 # ID=51_24;partial=00;start_type=ATG;rbs_motif=GGA/GAG/AGG;rbs_spacer=5-10bp;gc_cont=0.612
NODE_51_length_49247_cov_2.743791_24 -            873 2722at72274          -            747         0 1353.4  15.5   2   2   3.8e-21   6.1e-18   62.9   5.9   664   747   756   850   752   850 0.84 # 23150 # 25768 # -1 # ID=51_24;partial=00;start_type=ATG;rbs_motif=GGA/GAG/AGG;rbs_spacer=5-10bp;gc_cont=0.612
NODE_31_length_59263_cov_2.718209_26 -            243 2722at72274          -            747   0.00074   16.3   0.1   1   1   8.6e-06     0.014   12.1   0.1   453   622    23   221     4   232 0.56 # 31949 # 32677 # 1 # ID=31_26;partial=00;start_type=ATG;rbs_motif=GGAGG;rbs_spacer=5-10bp;gc_cont=0.616
NODE_154_length_11468_cov_2.851689_8 -            209 2722at72274          -            747     0.026   11.2   0.3   1   2   0.00094       1.5    5.4   0.0   463   523    29   104    24   160 0.73 # 7741 # 8367 # 1 # ID=154_8;partial=00;start_type=ATG;rbs_motif=GGA/GAG/AGG;rbs_spacer=5-10bp;gc_cont=0.609
NODE_154_length_11468_cov_2.851689_8 -            209 2722at72274          -            747     0.026   11.2   0.3   2   2    0.0022       3.5    4.2   0.1   608   627   174   193   162   205 0.81 # 7741 # 8367 # 1 # ID=154_8;partial=00;start_type=ATG;rbs_motif=GGA/GAG/AGG;rbs_spacer=5-10bp;gc_cont=0.609
NODE_18_length_74730_cov_2.929601_41 -            524 2722at72274          -            747     0.038   10.6   1.4   1   2   4.8e-05     0.076    9.7   0.2   691   732   193   234   173   237 0.89 # 38569 # 40140 # -1 # ID=18_41;partial=00;start_type=ATG;rbs_motif=GGA/GAG/AGG;rbs_spacer=5-10bp;gc_cont=0.642
NODE_18_length_74730_cov_2.929601_41 -            524 2722at72274          -            747     0.038   10.6   1.4   2   2     0.066     1e+02   -0.7   0.1   688   730   456   498   445   502 0.89 # 38569 # 40140 # -1 # ID=18_41;partial=00;start_type=ATG;rbs_motif=GGA/GAG/AGG;rbs_spacer=5-10bp;gc_cont=0.642
#
# Program:         hmmsearch
# Version:         3.1b2 (February 2015)
# Pipeline mode:   SEARCH
# Query file:      /data2/PEG/hoaxaca/REAA/Pseudomonas/bin/busco_downloads/lineages/pseudomonadales_odb10/hmms/2722at72274.hmm
# Target file:     /data2/PEG/hoaxaca/REAA/Pseudomonas/bin/../out/busco/trim_130clip.spades_kmer/prodigal_output/predicted_genes/predicted.faa
# Option settings: hmmsearch --domtblout /data2/PEG/hoaxaca/REAA/Pseudomonas/bin/../out/busco/trim_130clip.spades_kmer/run_pseudomonadales_odb10/hmmer_output/2722at72274.out --cpu 1 /data2/PEG/hoaxaca/REAA/Pseudomonas/bin/busco_downloads/lineages/pseudomonadales_odb10/hmms/2722at72274.hmm /data2/PEG/hoaxaca/REAA/Pseudomonas/bin/../out/busco/trim_130clip.spades_kmer/prodigal_output/predicted_genes/predicted.faa 
# Current dir:     /data2/PEG/hoaxaca/REAA/Pseudomonas/bin
# Date:            Mon Feb 20 00:27:39 2023
# [ok]
