#                                                                                             --- full sequence --- -------------- this domain -------------   hmm coord   ali coord   env coord
# target name                         accession   tlen query name           accession   qlen   E-value  score  bias   #  of  c-Evalue  i-Evalue  score  bias  from    to  from    to  from    to  acc description of target
#                 ------------------- ---------- ----- -------------------- ---------- ----- --------- ------ ----- --- --- --------- --------- ------ ----- ----- ----- ----- ----- ----- ----- ---- ---------------------
NODE_9_length_101782_cov_2.670139_66  -            282 29821at72274         -            248  2.3e-146  484.0   2.8   1   1  1.1e-148  5.3e-146  482.8   2.8     1   248     3   278     3   278 0.94 # 70960 # 71805 # 1 # ID=9_66;partial=00;start_type=ATG;rbs_motif=GGAG/GAGG;rbs_spacer=5-10bp;gc_cont=0.592
NODE_89_length_25616_cov_3.076307_13  -            757 29821at72274         -            248   3.8e-08   31.2   0.0   1   2    0.0012      0.57    7.7   0.0    23    49   212   237   195   293 0.79 # 13725 # 15995 # 1 # ID=89_13;partial=00;start_type=ATG;rbs_motif=GGAG/GAGG;rbs_spacer=5-10bp;gc_cont=0.606
NODE_89_length_25616_cov_3.076307_13  -            757 29821at72274         -            248   3.8e-08   31.2   0.0   2   2   1.8e-07     9e-05   20.2   0.0    27   154   496   614   467   653 0.76 # 13725 # 15995 # 1 # ID=89_13;partial=00;start_type=ATG;rbs_motif=GGAG/GAGG;rbs_spacer=5-10bp;gc_cont=0.606
NODE_7_length_109814_cov_2.797259_23  -            855 29821at72274         -            248   2.8e-05   21.8   0.0   1   2    0.0012      0.57    7.7   0.0    23    47   200   223   185   281 0.85 # 20689 # 23253 # -1 # ID=7_23;partial=00;start_type=ATG;rbs_motif=AGGA;rbs_spacer=5-10bp;gc_cont=0.588
NODE_7_length_109814_cov_2.797259_23  -            855 29821at72274         -            248   2.8e-05   21.8   0.0   2   2   8.5e-05     0.041   11.4   0.0    86   150   656   719   601   727 0.86 # 20689 # 23253 # -1 # ID=7_23;partial=00;start_type=ATG;rbs_motif=AGGA;rbs_spacer=5-10bp;gc_cont=0.588
NODE_204_length_3281_cov_2.211795_3   -            503 29821at72274         -            248    0.0065   14.0   0.0   1   1   2.4e-05     0.012   13.2   0.0    16    44   207   235   198   243 0.82 # 1584 # 3092 # -1 # ID=204_3;partial=00;start_type=ATG;rbs_motif=None;rbs_spacer=None;gc_cont=0.657
NODE_7_length_109814_cov_2.797259_101 -            522 29821at72274         -            248     0.009   13.6   0.0   1   1   3.4e-05     0.017   12.7   0.0    12    41   218   247   209   253 0.82 # 106422 # 107987 # -1 # ID=7_101;partial=00;start_type=ATG;rbs_motif=None;rbs_spacer=None;gc_cont=0.625
NODE_3_length_136382_cov_3.131195_45  -            640 29821at72274         -            248    0.0098   13.5   0.0   1   2     0.001      0.51    7.9   0.0    23    44   190   211   182   222 0.88 # 51467 # 53386 # -1 # ID=3_45;partial=00;start_type=TTG;rbs_motif=GGAG/GAGG;rbs_spacer=5-10bp;gc_cont=0.582
NODE_3_length_136382_cov_3.131195_45  -            640 29821at72274         -            248    0.0098   13.5   0.0   2   2     0.032        15    3.0   0.0    94   187   243   343   228   356 0.65 # 51467 # 53386 # -1 # ID=3_45;partial=00;start_type=TTG;rbs_motif=GGAG/GAGG;rbs_spacer=5-10bp;gc_cont=0.582
NODE_18_length_74730_cov_2.929601_58  -            857 29821at72274         -            248     0.011   13.4   0.0   1   2      0.16        79    0.7   0.0    23    46   204   226   191   232 0.81 # 57424 # 59994 # 1 # ID=18_58;partial=00;start_type=ATG;rbs_motif=GGA/GAG/AGG;rbs_spacer=5-10bp;gc_cont=0.605
NODE_18_length_74730_cov_2.929601_58  -            857 29821at72274         -            248     0.011   13.4   0.0   2   2   0.00033      0.16    9.5   0.0    27   150   595   712   573   717 0.74 # 57424 # 59994 # 1 # ID=18_58;partial=00;start_type=ATG;rbs_motif=GGA/GAG/AGG;rbs_spacer=5-10bp;gc_cont=0.605
NODE_46_length_50405_cov_2.794821_11  -            428 29821at72274         -            248     0.015   12.9   0.4   1   1   0.00015     0.071   10.7   0.4    25    55   116   148   106   198 0.75 # 15314 # 16597 # -1 # ID=46_11;partial=00;start_type=ATG;rbs_motif=GGA/GAG/AGG;rbs_spacer=5-10bp;gc_cont=0.551
NODE_56_length_45028_cov_2.749003_18  -            443 29821at72274         -            248     0.023   12.3   0.0   1   1   8.7e-05     0.042   11.4   0.0    14    53   151   190   146   210 0.86 # 19543 # 20871 # -1 # ID=56_18;partial=00;start_type=ATG;rbs_motif=AGGA;rbs_spacer=5-10bp;gc_cont=0.631
NODE_18_length_74730_cov_2.929601_40  -            466 29821at72274         -            248     0.034   11.7   0.0   1   2   0.00067      0.33    8.5   0.0    15    43   171   199   157   206 0.82 # 37175 # 38572 # -1 # ID=18_40;partial=00;start_type=ATG;rbs_motif=GGxGG;rbs_spacer=5-10bp;gc_cont=0.616
NODE_18_length_74730_cov_2.929601_40  -            466 29821at72274         -            248     0.034   11.7   0.0   2   2      0.18        86    0.6   0.0   103   150   254   301   244   317 0.88 # 37175 # 38572 # -1 # ID=18_40;partial=00;start_type=ATG;rbs_motif=GGxGG;rbs_spacer=5-10bp;gc_cont=0.616
NODE_66_length_39098_cov_2.824177_31  -            499 29821at72274         -            248     0.053   11.1   0.1   1   1   0.00018     0.088   10.4   0.1    19    45   207   233   195   237 0.80 # 26449 # 27945 # 1 # ID=66_31;partial=00;start_type=ATG;rbs_motif=AGGA;rbs_spacer=5-10bp;gc_cont=0.653
NODE_7_length_109814_cov_2.797259_85  -            461 29821at72274         -            248     0.054   11.0   0.0   1   2   0.00026      0.13    9.8   0.0    11    43   139   171   134   178 0.88 # 87674 # 89056 # -1 # ID=7_85;partial=00;start_type=ATG;rbs_motif=GGAG/GAGG;rbs_spacer=5-10bp;gc_cont=0.652
NODE_7_length_109814_cov_2.797259_85  -            461 29821at72274         -            248     0.054   11.0   0.0   2   2       3.2   1.6e+03   -3.6   0.0    96   128   218   250   216   273 0.71 # 87674 # 89056 # -1 # ID=7_85;partial=00;start_type=ATG;rbs_motif=GGAG/GAGG;rbs_spacer=5-10bp;gc_cont=0.652
NODE_89_length_25616_cov_3.076307_20  -            441 29821at72274         -            248     0.059   10.9   0.0   1   2    0.0009      0.44    8.1   0.0    25    66    49    90    25   121 0.76 # 21599 # 22921 # 1 # ID=89_20;partial=00;start_type=ATG;rbs_motif=3Base/5BMM;rbs_spacer=13-15bp;gc_cont=0.629
NODE_89_length_25616_cov_3.076307_20  -            441 29821at72274         -            248     0.059   10.9   0.0   2   2      0.27   1.3e+02   -0.0   0.0   148   181   140   173   131   177 0.85 # 21599 # 22921 # 1 # ID=89_20;partial=00;start_type=ATG;rbs_motif=3Base/5BMM;rbs_spacer=13-15bp;gc_cont=0.629
#
# Program:         hmmsearch
# Version:         3.1b2 (February 2015)
# Pipeline mode:   SEARCH
# Query file:      /data2/PEG/hoaxaca/REAA/Pseudomonas/bin/busco_downloads/lineages/pseudomonadales_odb10/hmms/29821at72274.hmm
# Target file:     /data2/PEG/hoaxaca/REAA/Pseudomonas/bin/../out/busco/trim_130clip.spades_kmer/prodigal_output/predicted_genes/predicted.faa
# Option settings: hmmsearch --domtblout /data2/PEG/hoaxaca/REAA/Pseudomonas/bin/../out/busco/trim_130clip.spades_kmer/run_pseudomonadales_odb10/hmmer_output/29821at72274.out --cpu 1 /data2/PEG/hoaxaca/REAA/Pseudomonas/bin/busco_downloads/lineages/pseudomonadales_odb10/hmms/29821at72274.hmm /data2/PEG/hoaxaca/REAA/Pseudomonas/bin/../out/busco/trim_130clip.spades_kmer/prodigal_output/predicted_genes/predicted.faa 
# Current dir:     /data2/PEG/hoaxaca/REAA/Pseudomonas/bin
# Date:            Mon Feb 20 00:27:42 2023
# [ok]
