#                                                                                             --- full sequence --- -------------- this domain -------------   hmm coord   ali coord   env coord
# target name                         accession   tlen query name           accession   qlen   E-value  score  bias   #  of  c-Evalue  i-Evalue  score  bias  from    to  from    to  from    to  acc description of target
#                 ------------------- ---------- ----- -------------------- ---------- ----- --------- ------ ----- --- --- --------- --------- ------ ----- ----- ----- ----- ----- ----- ----- ---- ---------------------
NODE_4_length_135474_cov_2.802715_33  -            351 32510at72274         -            297  3.8e-143  474.6   0.0   1   1  1.5e-145  5.3e-143  474.1   0.0     1   297     3   347     3   347 0.91 # 29402 # 30454 # 1 # ID=4_33;partial=00;start_type=ATG;rbs_motif=GGA/GAG/AGG;rbs_spacer=5-10bp;gc_cont=0.617
NODE_53_length_47106_cov_3.019796_6   -            371 32510at72274         -            297   4.3e-48  162.6   0.0   1   1   1.8e-49   6.2e-47  158.8   0.0     4   297    10   363     7   363 0.76 # 7495 # 8607 # 1 # ID=53_6;partial=00;start_type=ATG;rbs_motif=GGAG/GAGG;rbs_spacer=5-10bp;gc_cont=0.615
NODE_86_length_27074_cov_2.585779_19  -            406 32510at72274         -            297   4.3e-14   51.0   0.0   1   1     7e-16   2.4e-13   48.5   0.0   113   229   173   298    57   339 0.75 # 19660 # 20877 # -1 # ID=86_19;partial=00;start_type=ATG;rbs_motif=GGAG/GAGG;rbs_spacer=5-10bp;gc_cont=0.612
NODE_84_length_27424_cov_2.668791_13  -            665 32510at72274         -            297     5e-11   40.9   0.0   1   2       3.2   1.1e+03   -2.9   0.0   137   155   113   131    97   135 0.77 # 11088 # 13082 # 1 # ID=84_13;partial=00;start_type=ATG;rbs_motif=GGAG/GAGG;rbs_spacer=5-10bp;gc_cont=0.625
NODE_84_length_27424_cov_2.668791_13  -            665 32510at72274         -            297     5e-11   40.9   0.0   2   2   4.3e-13   1.5e-10   39.3   0.0   111   223   165   284   148   307 0.79 # 11088 # 13082 # 1 # ID=84_13;partial=00;start_type=ATG;rbs_motif=GGAG/GAGG;rbs_spacer=5-10bp;gc_cont=0.625
NODE_9_length_101782_cov_2.670139_2   -            330 32510at72274         -            297   7.8e-10   37.0   0.0   1   1   3.3e-12   1.2e-09   36.4   0.0   110   198   123   215   106   260 0.79 # 1688 # 2677 # -1 # ID=9_2;partial=00;start_type=ATG;rbs_motif=GGxGG;rbs_spacer=5-10bp;gc_cont=0.648
NODE_36_length_55582_cov_2.833270_17  -            401 32510at72274         -            297   4.9e-09   34.4   0.0   1   1   2.8e-11   9.9e-09   33.4   0.0   107   230   161   292   153   305 0.78 # 17279 # 18481 # 1 # ID=36_17;partial=00;start_type=ATG;rbs_motif=AGGAG;rbs_spacer=5-10bp;gc_cont=0.633
NODE_28_length_63385_cov_2.692940_60  -            403 32510at72274         -            297   1.1e-08   33.3   0.0   1   1   4.2e-11   1.5e-08   32.8   0.0   111   227   166   293   110   305 0.81 # 57143 # 58351 # 1 # ID=28_60;partial=00;start_type=ATG;rbs_motif=GGA/GAG/AGG;rbs_spacer=5-10bp;gc_cont=0.639
NODE_3_length_136382_cov_3.131195_18  -            391 32510at72274         -            297   2.3e-08   32.2   0.0   1   1   9.7e-11   3.4e-08   31.6   0.0   108   223   162   281   148   294 0.81 # 16837 # 18009 # -1 # ID=3_18;partial=00;start_type=ATG;rbs_motif=AGGA;rbs_spacer=5-10bp;gc_cont=0.617
NODE_23_length_67852_cov_2.767885_18  -            400 32510at72274         -            297   1.2e-07   29.8   0.0   1   1   7.2e-10   2.5e-07   28.7   0.0   107   233   163   303   154   315 0.75 # 21342 # 22541 # -1 # ID=23_18;partial=00;start_type=ATG;rbs_motif=GGA/GAG/AGG;rbs_spacer=5-10bp;gc_cont=0.637
NODE_19_length_72343_cov_2.670530_55  -            404 32510at72274         -            297   3.6e-06   24.9   0.0   1   1   2.1e-07   7.4e-05   20.6   0.0   104   187   160   251    65   272 0.77 # 56871 # 58082 # 1 # ID=19_55;partial=00;start_type=ATG;rbs_motif=AGGA;rbs_spacer=5-10bp;gc_cont=0.618
NODE_68_length_37260_cov_2.562384_3   -            410 32510at72274         -            297   5.1e-06   24.5   0.0   1   1   2.7e-08   9.6e-06   23.6   0.0   113   222   170   289   158   311 0.73 # 1807 # 3036 # 1 # ID=68_3;partial=00;start_type=ATG;rbs_motif=GGAG/GAGG;rbs_spacer=5-10bp;gc_cont=0.649
NODE_34_length_56795_cov_2.750882_13  -            404 32510at72274         -            297   5.8e-06   24.3   0.0   1   2       1.4   4.9e+02   -1.7   0.0    31    79    65   110    49   120 0.61 # 21417 # 22628 # -1 # ID=34_13;partial=00;start_type=ATG;rbs_motif=GGAGG;rbs_spacer=5-10bp;gc_cont=0.649
NODE_34_length_56795_cov_2.750882_13  -            404 32510at72274         -            297   5.8e-06   24.3   0.0   2   2   5.6e-08     2e-05   22.5   0.0   102   222   156   286   151   296 0.80 # 21417 # 22628 # -1 # ID=34_13;partial=00;start_type=ATG;rbs_motif=GGAGG;rbs_spacer=5-10bp;gc_cont=0.649
NODE_8_length_105283_cov_2.931587_25  -            383 32510at72274         -            297     2e-05   22.5   0.0   1   1   1.1e-07   3.8e-05   21.6   0.0   103   205   142   260    80   278 0.73 # 36930 # 38078 # -1 # ID=8_25;partial=00;start_type=ATG;rbs_motif=GGA/GAG/AGG;rbs_spacer=5-10bp;gc_cont=0.611
NODE_92_length_25095_cov_2.733979_12  -            475 32510at72274         -            297    0.0002   19.2   0.0   1   1   1.3e-06   0.00047   18.0   0.0   121   215   253   351   241   379 0.76 # 11468 # 12892 # 1 # ID=92_12;partial=00;start_type=ATG;rbs_motif=GGA/GAG/AGG;rbs_spacer=5-10bp;gc_cont=0.624
NODE_106_length_22175_cov_2.622642_5  -            442 32510at72274         -            297   0.00027   18.8   0.0   1   1   1.4e-06    0.0005   17.9   0.0   122   270   233   402   219   428 0.66 # 2102 # 3427 # 1 # ID=106_5;partial=00;start_type=ATG;rbs_motif=GGA/GAG/AGG;rbs_spacer=5-10bp;gc_cont=0.643
NODE_50_length_49303_cov_2.618940_32  -            443 32510at72274         -            297    0.0057   14.4   0.0   1   2       2.9     1e+03   -2.8   0.0    60    96   149   189   142   194 0.65 # 31183 # 32511 # 1 # ID=50_32;partial=00;start_type=ATG;rbs_motif=GGA/GAG/AGG;rbs_spacer=5-10bp;gc_cont=0.664
NODE_50_length_49303_cov_2.618940_32  -            443 32510at72274         -            297    0.0057   14.4   0.0   2   2     4e-05     0.014   13.2   0.0   139   243   253   357   218   370 0.69 # 31183 # 32511 # 1 # ID=50_32;partial=00;start_type=ATG;rbs_motif=GGA/GAG/AGG;rbs_spacer=5-10bp;gc_cont=0.664
NODE_6_length_125538_cov_2.816866_118 -            462 32510at72274         -            297    0.0074   14.1   0.0   1   1   4.3e-05     0.015   13.1   0.0   121   199   250   333   238   344 0.80 # 106302 # 107687 # 1 # ID=6_118;partial=00;start_type=ATG;rbs_motif=GGA/GAG/AGG;rbs_spacer=5-10bp;gc_cont=0.542
NODE_19_length_72343_cov_2.670530_6   -            389 32510at72274         -            297     0.036   11.8   0.0   1   1   0.00017     0.059   11.1   0.0   109   204   151   253   143   269 0.65 # 4769 # 5935 # -1 # ID=19_6;partial=00;start_type=ATG;rbs_motif=None;rbs_spacer=None;gc_cont=0.621
#
# Program:         hmmsearch
# Version:         3.1b2 (February 2015)
# Pipeline mode:   SEARCH
# Query file:      /data2/PEG/hoaxaca/REAA/Pseudomonas/bin/busco_downloads/lineages/pseudomonadales_odb10/hmms/32510at72274.hmm
# Target file:     /data2/PEG/hoaxaca/REAA/Pseudomonas/bin/../out/busco/trim_130clip.spades_kmer/prodigal_output/predicted_genes/predicted.faa
# Option settings: hmmsearch --domtblout /data2/PEG/hoaxaca/REAA/Pseudomonas/bin/../out/busco/trim_130clip.spades_kmer/run_pseudomonadales_odb10/hmmer_output/32510at72274.out --cpu 1 /data2/PEG/hoaxaca/REAA/Pseudomonas/bin/busco_downloads/lineages/pseudomonadales_odb10/hmms/32510at72274.hmm /data2/PEG/hoaxaca/REAA/Pseudomonas/bin/../out/busco/trim_130clip.spades_kmer/prodigal_output/predicted_genes/predicted.faa 
# Current dir:     /data2/PEG/hoaxaca/REAA/Pseudomonas/bin
# Date:            Mon Feb 20 00:27:45 2023
# [ok]
