#                                                                                            --- full sequence --- -------------- this domain -------------   hmm coord   ali coord   env coord
# target name                        accession   tlen query name           accession   qlen   E-value  score  bias   #  of  c-Evalue  i-Evalue  score  bias  from    to  from    to  from    to  acc description of target
#                ------------------- ---------- ----- -------------------- ---------- ----- --------- ------ ----- --- --- --------- --------- ------ ----- ----- ----- ----- ----- ----- ----- ---- ---------------------
NODE_173_length_8634_cov_2.973551_8  -            632 3392at72274          -            637  1.8e-265  880.7   0.3   1   2  1.5e-154  9.2e-152  505.1   0.1     3   298    12   328    10   339 0.94 # 6738 # 8633 # 1 # ID=173_8;partial=01;start_type=TTG;rbs_motif=GGA/GAG/AGG;rbs_spacer=11-12bp;gc_cont=0.618
NODE_173_length_8634_cov_2.973551_8  -            632 3392at72274          -            637  1.8e-265  880.7   0.3   2   2  7.4e-115  4.7e-112  373.9   0.0   291   528   343   605   337   617 0.92 # 6738 # 8633 # 1 # ID=173_8;partial=01;start_type=TTG;rbs_motif=GGA/GAG/AGG;rbs_spacer=11-12bp;gc_cont=0.618
NODE_3_length_136382_cov_3.131195_9  -            775 3392at72274          -            637   1.4e-96  322.8   0.0   1   2   2.5e-50   1.6e-47  160.7   0.0    53   237   169   357   166   423 0.89 # 7764 # 10088 # -1 # ID=3_9;partial=00;start_type=ATG;rbs_motif=None;rbs_spacer=None;gc_cont=0.603
NODE_3_length_136382_cov_3.131195_9  -            775 3392at72274          -            637   1.4e-96  322.8   0.0   2   2   4.4e-50   2.8e-47  159.9   0.1   352   619   425   704   421   716 0.89 # 7764 # 10088 # -1 # ID=3_9;partial=00;start_type=ATG;rbs_motif=None;rbs_spacer=None;gc_cont=0.603
NODE_198_length_4023_cov_2.750770_1  -            196 3392at72274          -            637   3.3e-52  176.2   0.1   1   1   5.6e-55   3.6e-52  176.1   0.1   524   628    24   131     1   137 0.92 # 2 # 589 # 1 # ID=198_1;partial=10;start_type=Edge;rbs_motif=None;rbs_spacer=None;gc_cont=0.660
NODE_114_length_19832_cov_2.573408_1 -            236 3392at72274          -            637   2.8e-27   93.8   0.0   1   1   5.3e-30   3.3e-27   93.6   0.0    56   210    63   219    40   222 0.91 # 3 # 710 # -1 # ID=114_1;partial=10;start_type=TTG;rbs_motif=GGA/GAG/AGG;rbs_spacer=5-10bp;gc_cont=0.640
NODE_10_length_99402_cov_2.843808_1  -            545 3392at72274          -            637   3.8e-23   80.2   0.1   1   1   1.8e-25   1.1e-22   78.6   0.1   356   593    76   312    71   336 0.76 # 1 # 1635 # 1 # ID=10_1;partial=10;start_type=Edge;rbs_motif=None;rbs_spacer=None;gc_cont=0.646
NODE_69_length_36162_cov_2.788150_11 -            241 3392at72274          -            637   3.8e-22   76.9   0.0   1   1   7.6e-25   4.8e-22   76.5   0.0    52   219    56   222    49   235 0.92 # 7011 # 7733 # 1 # ID=69_11;partial=00;start_type=ATG;rbs_motif=None;rbs_spacer=None;gc_cont=0.614
NODE_40_length_54044_cov_2.659031_7  -            633 3392at72274          -            637   2.3e-13   47.8   0.3   1   2   9.6e-09   6.1e-06   23.3   0.0   378   466   312   401   260   418 0.82 # 4557 # 6455 # 1 # ID=40_7;partial=00;start_type=ATG;rbs_motif=None;rbs_spacer=None;gc_cont=0.626
NODE_40_length_54044_cov_2.659031_7  -            633 3392at72274          -            637   2.3e-13   47.8   0.3   2   2   8.5e-08   5.4e-05   20.2   0.1   479   572   449   542   442   547 0.85 # 4557 # 6455 # 1 # ID=40_7;partial=00;start_type=ATG;rbs_motif=None;rbs_spacer=None;gc_cont=0.626
NODE_113_length_19989_cov_2.873175_3 -            631 3392at72274          -            637   6.8e-11   39.7   0.1   1   2   8.5e-08   5.4e-05   20.2   0.0   378   467   312   402   261   427 0.83 # 2763 # 4655 # 1 # ID=113_3;partial=00;start_type=ATG;rbs_motif=GGA/GAG/AGG;rbs_spacer=11-12bp;gc_cont=0.609
NODE_113_length_19989_cov_2.873175_3 -            631 3392at72274          -            637   6.8e-11   39.7   0.1   2   2   2.1e-06    0.0013   15.6   0.1   479   572   449   542   444   548 0.83 # 2763 # 4655 # 1 # ID=113_3;partial=00;start_type=ATG;rbs_motif=GGA/GAG/AGG;rbs_spacer=11-12bp;gc_cont=0.609
NODE_4_length_135474_cov_2.802715_75 -            582 3392at72274          -            637   2.5e-09   34.5   0.1   1   2   0.00014     0.086    9.6   0.0   354   424   244   324   229   378 0.72 # 69535 # 71280 # 1 # ID=4_75;partial=00;start_type=ATG;rbs_motif=GGxGG;rbs_spacer=3-4bp;gc_cont=0.620
NODE_4_length_135474_cov_2.802715_75 -            582 3392at72274          -            637   2.5e-09   34.5   0.1   2   2   1.5e-08   9.5e-06   22.7   0.0   479   624   403   553   390   566 0.74 # 69535 # 71280 # 1 # ID=4_75;partial=00;start_type=ATG;rbs_motif=GGxGG;rbs_spacer=3-4bp;gc_cont=0.620
NODE_85_length_27085_cov_2.775762_2  -           1031 3392at72274          -            637    0.0011   15.8   0.0   1   2      0.78     5e+02   -2.8   0.0    57   113   171   237   169   243 0.63 # 3208 # 6300 # -1 # ID=85_2;partial=00;start_type=ATG;rbs_motif=GGA/GAG/AGG;rbs_spacer=5-10bp;gc_cont=0.635
NODE_85_length_27085_cov_2.775762_2  -           1031 3392at72274          -            637    0.0011   15.8   0.0   2   2   4.6e-06    0.0029   14.5   0.0   467   582   833   958   813   988 0.81 # 3208 # 6300 # -1 # ID=85_2;partial=00;start_type=ATG;rbs_motif=GGA/GAG/AGG;rbs_spacer=5-10bp;gc_cont=0.635
#
# Program:         hmmsearch
# Version:         3.1b2 (February 2015)
# Pipeline mode:   SEARCH
# Query file:      /data2/PEG/hoaxaca/REAA/Pseudomonas/bin/busco_downloads/lineages/pseudomonadales_odb10/hmms/3392at72274.hmm
# Target file:     /data2/PEG/hoaxaca/REAA/Pseudomonas/bin/../out/busco/trim_130clip.spades_kmer/prodigal_output/predicted_genes/predicted.faa
# Option settings: hmmsearch --domtblout /data2/PEG/hoaxaca/REAA/Pseudomonas/bin/../out/busco/trim_130clip.spades_kmer/run_pseudomonadales_odb10/hmmer_output/3392at72274.out --cpu 1 /data2/PEG/hoaxaca/REAA/Pseudomonas/bin/busco_downloads/lineages/pseudomonadales_odb10/hmms/3392at72274.hmm /data2/PEG/hoaxaca/REAA/Pseudomonas/bin/../out/busco/trim_130clip.spades_kmer/prodigal_output/predicted_genes/predicted.faa 
# Current dir:     /data2/PEG/hoaxaca/REAA/Pseudomonas/bin
# Date:            Mon Feb 20 00:27:47 2023
# [ok]
