#                                                                                            --- full sequence --- -------------- this domain -------------   hmm coord   ali coord   env coord
# target name                        accession   tlen query name           accession   qlen   E-value  score  bias   #  of  c-Evalue  i-Evalue  score  bias  from    to  from    to  from    to  acc description of target
#                ------------------- ---------- ----- -------------------- ---------- ----- --------- ------ ----- --- --- --------- --------- ------ ----- ----- ----- ----- ----- ----- ----- ---- ---------------------
NODE_25_length_65367_cov_2.860270_43 -            260 37220at72274         -            212  2.6e-113  374.8   0.0   1   1  4.2e-115  3.3e-112  371.1   0.0     1   212    11   259    11   259 0.92 # 31218 # 31997 # 1 # ID=25_43;partial=00;start_type=ATG;rbs_motif=AGGAG;rbs_spacer=5-10bp;gc_cont=0.585
NODE_7_length_109814_cov_2.797259_70 -            259 37220at72274         -            212   3.3e-53  178.4   0.0   1   1   2.7e-55   2.2e-52  175.7   0.0     5   189    19   228    15   248 0.84 # 72403 # 73179 # -1 # ID=7_70;partial=00;start_type=ATG;rbs_motif=GGAG/GAGG;rbs_spacer=5-10bp;gc_cont=0.600
NODE_77_length_31410_cov_2.670140_7  -            311 37220at72274         -            212   4.2e-09   34.2   0.0   1   1     7e-12   5.5e-09   33.9   0.0    10   157   106   256    97   289 0.76 # 5147 # 6079 # -1 # ID=77_7;partial=00;start_type=ATG;rbs_motif=GGA/GAG/AGG;rbs_spacer=5-10bp;gc_cont=0.662
NODE_1_length_170490_cov_2.833843_86 -            367 37220at72274         -            212   5.8e-09   33.8   0.0   1   1     1e-11   8.2e-09   33.3   0.0     5   138    31   168    27   176 0.79 # 96424 # 97524 # -1 # ID=1_86;partial=00;start_type=ATG;rbs_motif=GGAG/GAGG;rbs_spacer=5-10bp;gc_cont=0.602
NODE_57_length_43428_cov_2.690654_20 -            341 37220at72274         -            212   1.7e-08   32.2   0.0   1   1   3.4e-11   2.7e-08   31.6   0.0    13   116   125   226   113   253 0.80 # 22392 # 23414 # 1 # ID=57_20;partial=00;start_type=ATG;rbs_motif=GGAG/GAGG;rbs_spacer=5-10bp;gc_cont=0.633
NODE_177_length_7489_cov_2.579870_4  -            359 37220at72274         -            212     2e-08   32.0   0.0   1   1   5.2e-11   4.1e-08   31.0   0.0    17   189    31   221    20   239 0.73 # 3476 # 4552 # -1 # ID=177_4;partial=00;start_type=ATG;rbs_motif=GGAG/GAGG;rbs_spacer=5-10bp;gc_cont=0.627
NODE_43_length_52922_cov_2.717890_21 -            323 37220at72274         -            212   5.7e-06   24.0   0.0   1   1     1e-08   8.1e-06   23.5   0.0    16   135   116   233   108   249 0.82 # 19305 # 20273 # -1 # ID=43_21;partial=00;start_type=ATG;rbs_motif=AGGA;rbs_spacer=5-10bp;gc_cont=0.627
NODE_3_length_136382_cov_3.131195_98 -            336 37220at72274         -            212   0.00026   18.6   0.0   1   1   4.9e-07   0.00039   18.0   0.0    17   132   129   242   119   264 0.85 # 115873 # 116880 # 1 # ID=3_98;partial=00;start_type=ATG;rbs_motif=GGA/GAG/AGG;rbs_spacer=5-10bp;gc_cont=0.597
#
# Program:         hmmsearch
# Version:         3.1b2 (February 2015)
# Pipeline mode:   SEARCH
# Query file:      /data2/PEG/hoaxaca/REAA/Pseudomonas/bin/busco_downloads/lineages/pseudomonadales_odb10/hmms/37220at72274.hmm
# Target file:     /data2/PEG/hoaxaca/REAA/Pseudomonas/bin/../out/busco/trim_130clip.spades_kmer/prodigal_output/predicted_genes/predicted.faa
# Option settings: hmmsearch --domtblout /data2/PEG/hoaxaca/REAA/Pseudomonas/bin/../out/busco/trim_130clip.spades_kmer/run_pseudomonadales_odb10/hmmer_output/37220at72274.out --cpu 1 /data2/PEG/hoaxaca/REAA/Pseudomonas/bin/busco_downloads/lineages/pseudomonadales_odb10/hmms/37220at72274.hmm /data2/PEG/hoaxaca/REAA/Pseudomonas/bin/../out/busco/trim_130clip.spades_kmer/prodigal_output/predicted_genes/predicted.faa 
# Current dir:     /data2/PEG/hoaxaca/REAA/Pseudomonas/bin
# Date:            Mon Feb 20 00:27:51 2023
# [ok]
