#                                                                                             --- full sequence --- -------------- this domain -------------   hmm coord   ali coord   env coord
# target name                         accession   tlen query name           accession   qlen   E-value  score  bias   #  of  c-Evalue  i-Evalue  score  bias  from    to  from    to  from    to  acc description of target
#                 ------------------- ---------- ----- -------------------- ---------- ----- --------- ------ ----- --- --- --------- --------- ------ ----- ----- ----- ----- ----- ----- ----- ---- ---------------------
NODE_35_length_56262_cov_2.748784_6   -            230 37262at72274         -            196  2.8e-109  361.5   0.0   1   1  5.7e-111  3.4e-109  361.2   0.0     1   196     6   227     6   227 0.92 # 2996 # 3685 # 1 # ID=35_6;partial=00;start_type=ATG;rbs_motif=GGAG/GAGG;rbs_spacer=5-10bp;gc_cont=0.626
NODE_134_length_15699_cov_2.517018_13 -            247 37262at72274         -            196   2.5e-43  146.3   3.6   1   1   9.3e-43   5.6e-41  138.6   3.6     1   195     7   236     7   237 0.80 # 13448 # 14188 # 1 # ID=134_13;partial=00;start_type=ATG;rbs_motif=GGAG/GAGG;rbs_spacer=5-10bp;gc_cont=0.636
NODE_92_length_25095_cov_2.733979_8   -            277 37262at72274         -            196   2.6e-42  143.0   0.7   1   1   1.4e-43   8.4e-42  141.3   0.7     2   195    50   271    49   272 0.81 # 7375 # 8205 # -1 # ID=92_8;partial=00;start_type=ATG;rbs_motif=None;rbs_spacer=None;gc_cont=0.638
NODE_128_length_17173_cov_2.570632_9  -            237 37262at72274         -            196   2.9e-42  142.8   0.1   1   1   1.7e-42     1e-40  137.8   0.1     1   194     7   227     7   229 0.86 # 5100 # 5810 # -1 # ID=128_9;partial=00;start_type=ATG;rbs_motif=GGA/GAG/AGG;rbs_spacer=11-12bp;gc_cont=0.636
NODE_45_length_50663_cov_2.754749_38  -            224 37262at72274         -            196   5.2e-42  142.0   0.6   1   1     1e-43   6.3e-42  141.7   0.6     1   196     3   221     3   221 0.87 # 31773 # 32444 # 1 # ID=45_38;partial=00;start_type=ATG;rbs_motif=GGA/GAG/AGG;rbs_spacer=5-10bp;gc_cont=0.629
NODE_77_length_31410_cov_2.670140_18  -            244 37262at72274         -            196   2.4e-41  139.9   0.0   1   1   7.3e-43   4.4e-41  139.0   0.0     1   194     8   233     8   235 0.82 # 17981 # 18712 # -1 # ID=77_18;partial=00;start_type=GTG;rbs_motif=AGGA;rbs_spacer=5-10bp;gc_cont=0.649
NODE_8_length_105283_cov_2.931587_82  -            237 37262at72274         -            196   1.6e-40  137.1   1.5   1   1   3.7e-40   2.2e-38  130.2   1.5     1   195     4   230     4   231 0.81 # 88251 # 88961 # -1 # ID=8_82;partial=00;start_type=GTG;rbs_motif=None;rbs_spacer=None;gc_cont=0.626
NODE_1_length_170490_cov_2.833843_68  -            223 37262at72274         -            196   2.3e-40  136.6   0.0   1   1   4.8e-42   2.9e-40  136.3   0.0     1   195     4   218     4   219 0.82 # 79191 # 79859 # -1 # ID=1_68;partial=00;start_type=ATG;rbs_motif=GGA/GAG/AGG;rbs_spacer=5-10bp;gc_cont=0.629
NODE_67_length_38797_cov_2.772976_3   -            237 37262at72274         -            196   1.9e-39  133.7   0.3   1   1   8.7e-40   5.2e-38  128.9   0.3     1   195     7   232     7   233 0.81 # 1262 # 1972 # 1 # ID=67_3;partial=00;start_type=ATG;rbs_motif=GGA/GAG/AGG;rbs_spacer=5-10bp;gc_cont=0.640
NODE_74_length_32125_cov_2.675573_8   -            234 37262at72274         -            196   2.2e-38  130.2   0.2   1   1   7.5e-40   4.5e-38  129.2   0.2     1   195     4   227     4   228 0.84 # 6384 # 7085 # -1 # ID=74_8;partial=00;start_type=ATG;rbs_motif=GGA/GAG/AGG;rbs_spacer=5-10bp;gc_cont=0.645
NODE_133_length_16064_cov_2.767899_2  -            247 37262at72274         -            196   5.3e-37  125.7   0.0   1   1   4.2e-37   2.5e-35  120.2   0.0     1   194    13   238    13   240 0.81 # 1372 # 2112 # 1 # ID=133_2;partial=00;start_type=ATG;rbs_motif=AGGAG;rbs_spacer=5-10bp;gc_cont=0.621
NODE_91_length_25104_cov_2.730872_15  -            231 37262at72274         -            196   2.1e-36  123.7   0.4   1   1   7.3e-38   4.4e-36  122.7   0.4     1   183     6   207     6   211 0.88 # 16374 # 17066 # -1 # ID=91_15;partial=00;start_type=ATG;rbs_motif=GGA/GAG/AGG;rbs_spacer=5-10bp;gc_cont=0.646
NODE_146_length_13729_cov_2.682547_5  -            225 37262at72274         -            196   7.8e-36  121.8   0.8   1   1   1.6e-37   9.5e-36  121.6   0.8     1   194     3   220     3   222 0.86 # 6847 # 7521 # -1 # ID=146_5;partial=00;start_type=ATG;rbs_motif=GGA/GAG/AGG;rbs_spacer=5-10bp;gc_cont=0.613
NODE_8_length_105283_cov_2.931587_60  -            221 37262at72274         -            196   4.4e-35  119.4   0.1   1   1   9.2e-37   5.5e-35  119.1   0.1     1   193     3   215     3   217 0.87 # 67606 # 68268 # -1 # ID=8_60;partial=00;start_type=ATG;rbs_motif=GGA/GAG/AGG;rbs_spacer=5-10bp;gc_cont=0.650
NODE_32_length_57774_cov_2.878276_36  -            223 37262at72274         -            196   4.8e-34  116.0   0.0   1   1     1e-35   6.1e-34  115.7   0.0     1   195     3   218     3   219 0.86 # 33726 # 34394 # 1 # ID=32_36;partial=00;start_type=ATG;rbs_motif=AGGA;rbs_spacer=5-10bp;gc_cont=0.629
NODE_115_length_19800_cov_2.521222_18 -            227 37262at72274         -            196     7e-34  115.5   0.0   1   1   1.4e-35   8.2e-34  115.2   0.0     1   194     3   216     3   218 0.88 # 15377 # 16057 # -1 # ID=115_18;partial=00;start_type=ATG;rbs_motif=GGA/GAG/AGG;rbs_spacer=5-10bp;gc_cont=0.656
NODE_101_length_22879_cov_2.752286_20 -            225 37262at72274         -            196   7.9e-34  115.3   0.5   1   1   1.7e-35     1e-33  115.0   0.5     1   194     3   220     3   222 0.85 # 21812 # 22486 # -1 # ID=101_20;partial=00;start_type=ATG;rbs_motif=GGA/GAG/AGG;rbs_spacer=5-10bp;gc_cont=0.597
NODE_4_length_135474_cov_2.802715_100 -            226 37262at72274         -            196   1.1e-33  114.9   0.4   1   1   2.2e-35   1.3e-33  114.6   0.4     1   194     3   219     3   221 0.87 # 101406 # 102083 # 1 # ID=4_100;partial=00;start_type=ATG;rbs_motif=GGA/GAG/AGG;rbs_spacer=11-12bp;gc_cont=0.631
NODE_25_length_65367_cov_2.860270_68  -            228 37262at72274         -            196   1.2e-33  114.8   0.0   1   1   2.5e-35   1.5e-33  114.4   0.0     1   195     3   221     3   222 0.84 # 61362 # 62045 # 1 # ID=25_68;partial=00;start_type=ATG;rbs_motif=GGAG/GAGG;rbs_spacer=5-10bp;gc_cont=0.599
NODE_51_length_49247_cov_2.743791_3   -            242 37262at72274         -            196   1.5e-33  114.4   0.4   1   1   3.4e-34   2.1e-32  110.7   0.4     1   194     8   231     8   233 0.83 # 2277 # 3002 # -1 # ID=51_3;partial=00;start_type=GTG;rbs_motif=GGAG/GAGG;rbs_spacer=5-10bp;gc_cont=0.645
NODE_42_length_53659_cov_2.580278_3   -            226 37262at72274         -            196   1.8e-33  114.1   0.0   1   1   3.8e-35   2.3e-33  113.8   0.0     1   195     3   221     3   222 0.85 # 735 # 1412 # 1 # ID=42_3;partial=00;start_type=ATG;rbs_motif=GGAG/GAGG;rbs_spacer=5-10bp;gc_cont=0.634
NODE_147_length_13291_cov_2.628153_3  -            226 37262at72274         -            196   2.7e-33  113.6   0.0   1   1   5.5e-35   3.3e-33  113.3   0.0     2   183     5   203     4   223 0.89 # 2011 # 2688 # -1 # ID=147_3;partial=00;start_type=ATG;rbs_motif=GGA/GAG/AGG;rbs_spacer=5-10bp;gc_cont=0.656
NODE_60_length_42394_cov_2.610618_31  -            236 37262at72274         -            196   8.8e-33  111.9   0.0   1   1     2e-34   1.2e-32  111.4   0.0     1   194     9   228     9   230 0.85 # 37974 # 38681 # -1 # ID=60_31;partial=00;start_type=ATG;rbs_motif=GGA/GAG/AGG;rbs_spacer=5-10bp;gc_cont=0.623
NODE_2_length_144272_cov_2.753151_84  -            228 37262at72274         -            196   1.1e-32  111.6   0.1   1   1   2.8e-34   1.7e-32  111.0   0.1     1   194     4   223     4   225 0.83 # 86745 # 87428 # 1 # ID=2_84;partial=00;start_type=ATG;rbs_motif=GGA/GAG/AGG;rbs_spacer=5-10bp;gc_cont=0.610
NODE_75_length_31643_cov_2.758599_2   -            232 37262at72274         -            196   1.3e-31  108.1   0.0   1   1   3.2e-33     2e-31  107.5   0.0     1   185     7   208     7   227 0.85 # 1220 # 1915 # 1 # ID=75_2;partial=00;start_type=ATG;rbs_motif=3Base/5BMM;rbs_spacer=13-15bp;gc_cont=0.618
NODE_14_length_85343_cov_2.706687_46  -            227 37262at72274         -            196     1e-30  105.2   0.1   1   1   2.1e-32   1.3e-30  104.8   0.1     1   194     3   221     3   223 0.86 # 54604 # 55284 # -1 # ID=14_46;partial=00;start_type=ATG;rbs_motif=GGA/GAG/AGG;rbs_spacer=5-10bp;gc_cont=0.631
NODE_16_length_77070_cov_2.785296_4   -            242 37262at72274         -            196   1.8e-30  104.3   0.0   1   1   5.3e-32   3.2e-30  103.5   0.0     1   195    23   238    23   239 0.82 # 1480 # 2205 # 1 # ID=16_4;partial=00;start_type=ATG;rbs_motif=GGA/GAG/AGG;rbs_spacer=5-10bp;gc_cont=0.635
NODE_42_length_53659_cov_2.580278_20  -            243 37262at72274         -            196   1.3e-29  101.5   0.2   1   1   6.7e-30     4e-28   96.7   0.2     1   194    11   235    11   237 0.81 # 17298 # 18026 # 1 # ID=42_20;partial=00;start_type=ATG;rbs_motif=None;rbs_spacer=None;gc_cont=0.627
NODE_45_length_50663_cov_2.754749_50  -            222 37262at72274         -            196   1.8e-29  101.1   0.0   1   1   4.9e-31   2.9e-29  100.4   0.0     1   195     3   218     3   219 0.82 # 42858 # 43523 # 1 # ID=45_50;partial=00;start_type=ATG;rbs_motif=AGGAG;rbs_spacer=5-10bp;gc_cont=0.641
NODE_25_length_65367_cov_2.860270_65  -            233 37262at72274         -            196   2.2e-29  100.8   0.0   1   1   6.9e-31   4.1e-29   99.9   0.0     2   194     6   221     5   223 0.84 # 57640 # 58338 # -1 # ID=25_65;partial=00;start_type=ATG;rbs_motif=None;rbs_spacer=None;gc_cont=0.621
NODE_26_length_64093_cov_2.653488_31  -            224 37262at72274         -            196   1.2e-28   98.4   0.1   1   1   2.6e-30   1.6e-28   98.0   0.1     1   193     3   217     3   220 0.83 # 27631 # 28302 # -1 # ID=26_31;partial=00;start_type=ATG;rbs_motif=GGAG/GAGG;rbs_spacer=5-10bp;gc_cont=0.632
NODE_10_length_99402_cov_2.843808_28  -            241 37262at72274         -            196   1.9e-27   94.5   0.0   1   1     5e-29     3e-27   93.8   0.0    33   186    44   214     5   232 0.81 # 31732 # 32454 # -1 # ID=10_28;partial=00;start_type=ATG;rbs_motif=AGGA;rbs_spacer=5-10bp;gc_cont=0.591
NODE_84_length_27424_cov_2.668791_20  -            423 37262at72274         -            196   2.3e-25   87.7   0.0   1   1   6.6e-27     4e-25   86.9   0.0     1   113     8   126     8   154 0.88 # 18236 # 19504 # -1 # ID=84_20;partial=00;start_type=ATG;rbs_motif=GGA/GAG/AGG;rbs_spacer=5-10bp;gc_cont=0.600
NODE_123_length_17788_cov_2.944171_7  -            233 37262at72274         -            196   2.1e-24   84.6   0.0   1   1   3.8e-26   2.3e-24   84.4   0.0     1   118    13   136    13   209 0.87 # 9229 # 9927 # 1 # ID=123_7;partial=00;start_type=ATG;rbs_motif=AGGAG;rbs_spacer=5-10bp;gc_cont=0.641
NODE_60_length_42394_cov_2.610618_9   -           1166 37262at72274         -            196   4.4e-21   73.7   5.9   1   3   5.5e-11   3.3e-09   34.9   0.1     1   113   775   893   775   914 0.82 # 9151 # 12648 # -1 # ID=60_9;partial=00;start_type=ATG;rbs_motif=GGA/GAG/AGG;rbs_spacer=5-10bp;gc_cont=0.602
NODE_60_length_42394_cov_2.610618_9   -           1166 37262at72274         -            196   4.4e-21   73.7   5.9   2   3      0.19        11    3.8   0.2     2    78   898   980   897  1019 0.75 # 9151 # 12648 # -1 # ID=60_9;partial=00;start_type=ATG;rbs_motif=GGA/GAG/AGG;rbs_spacer=5-10bp;gc_cont=0.602
NODE_60_length_42394_cov_2.610618_9   -           1166 37262at72274         -            196   4.4e-21   73.7   5.9   3   3   1.7e-11     1e-09   36.6   0.6     1   109  1043  1158  1043  1163 0.77 # 9151 # 12648 # -1 # ID=60_9;partial=00;start_type=ATG;rbs_motif=GGA/GAG/AGG;rbs_spacer=5-10bp;gc_cont=0.602
NODE_142_length_15049_cov_2.603605_14 -            136 37262at72274         -            196   6.1e-21   73.2   0.0   1   1   1.2e-22   7.2e-21   73.0   0.0     1   109    10   124    10   132 0.92 # 11089 # 11496 # 1 # ID=142_14;partial=00;start_type=ATG;rbs_motif=GGA/GAG/AGG;rbs_spacer=5-10bp;gc_cont=0.529
NODE_61_length_41648_cov_2.689747_20  -            122 37262at72274         -            196   7.4e-20   69.7   0.1   1   1   1.5e-21     9e-20   69.4   0.1     1   113     3   118     3   119 0.92 # 22849 # 23214 # 1 # ID=61_20;partial=00;start_type=ATG;rbs_motif=GGAG/GAGG;rbs_spacer=5-10bp;gc_cont=0.612
NODE_142_length_15049_cov_2.603605_15 -            122 37262at72274         -            196   3.2e-19   67.6   0.1   1   1   5.8e-21   3.5e-19   67.5   0.1     1   110     4   119     4   121 0.90 # 11544 # 11909 # 1 # ID=142_15;partial=00;start_type=ATG;rbs_motif=GGA/GAG/AGG;rbs_spacer=5-10bp;gc_cont=0.593
NODE_77_length_31410_cov_2.670140_10  -            444 37262at72274         -            196   5.8e-19   66.8   0.0   1   1   1.7e-20     1e-18   66.0   0.0     1   124     5   132     5   145 0.83 # 9812 # 11143 # 1 # ID=77_10;partial=00;start_type=ATG;rbs_motif=AGGA/GGAG/GAGG;rbs_spacer=11-12bp;gc_cont=0.642
NODE_35_length_56262_cov_2.748784_10  -            300 37262at72274         -            196   8.6e-18   63.0   0.0   1   1   2.4e-19   1.4e-17   62.2   0.0     1   112     6   125     6   142 0.86 # 7240 # 8139 # -1 # ID=35_10;partial=00;start_type=ATG;rbs_motif=AGGA;rbs_spacer=5-10bp;gc_cont=0.611
NODE_84_length_27424_cov_2.668791_21  -            128 37262at72274         -            196   6.2e-17   60.2   0.2   1   1   1.2e-18   7.1e-17   60.0   0.2     1   113     4   122     4   125 0.90 # 19514 # 19897 # -1 # ID=84_21;partial=00;start_type=ATG;rbs_motif=GGAGG;rbs_spacer=3-4bp;gc_cont=0.612
NODE_150_length_12660_cov_2.600654_2  -            557 37262at72274         -            196   8.5e-17   59.7   0.1   1   2      0.56        34    2.3   0.0    31   109   158   240   129   255 0.75 # 1681 # 3351 # -1 # ID=150_2;partial=00;start_type=ATG;rbs_motif=AGxAG;rbs_spacer=5-10bp;gc_cont=0.625
NODE_150_length_12660_cov_2.600654_2  -            557 37262at72274         -            196   8.5e-17   59.7   0.1   2   2   5.5e-17   3.3e-15   54.5   0.2     1   112   251   368   251   382 0.84 # 1681 # 3351 # -1 # ID=150_2;partial=00;start_type=ATG;rbs_motif=AGxAG;rbs_spacer=5-10bp;gc_cont=0.625
NODE_138_length_15551_cov_2.727178_3  -            125 37262at72274         -            196   2.4e-16   58.2   0.1   1   1   4.6e-18   2.8e-16   58.0   0.1     1   112     3   121     3   123 0.86 # 1820 # 2194 # -1 # ID=138_3;partial=00;start_type=ATG;rbs_motif=GGA/GAG/AGG;rbs_spacer=5-10bp;gc_cont=0.541
NODE_5_length_127372_cov_2.791748_58  -            479 37262at72274         -            196   3.8e-16   57.6   0.0   1   1   1.1e-17   6.7e-16   56.8   0.0     2   109     8   119     7   131 0.87 # 54969 # 56405 # -1 # ID=5_58;partial=00;start_type=ATG;rbs_motif=AGGAG;rbs_spacer=5-10bp;gc_cont=0.633
NODE_170_length_9082_cov_2.837409_7   -            466 37262at72274         -            196     2e-15   55.3   0.2   1   1   5.6e-17   3.4e-15   54.5   0.2     1   115     5   124     5   144 0.85 # 7027 # 8424 # 1 # ID=170_7;partial=00;start_type=ATG;rbs_motif=GGAG/GAGG;rbs_spacer=5-10bp;gc_cont=0.628
NODE_7_length_109814_cov_2.797259_77  -            573 37262at72274         -            196   7.1e-15   53.4   0.3   1   1     2e-16   1.2e-14   52.7   0.3     1   123    13   141    13   164 0.83 # 79724 # 81442 # -1 # ID=7_77;partial=00;start_type=TTG;rbs_motif=None;rbs_spacer=None;gc_cont=0.635
NODE_5_length_127372_cov_2.791748_10  -            462 37262at72274         -            196   9.9e-15   53.0   0.0   1   1   3.2e-16   1.9e-14   52.0   0.0     2   125    10   139     9   160 0.84 # 8109 # 9494 # -1 # ID=5_10;partial=00;start_type=ATG;rbs_motif=GGAG/GAGG;rbs_spacer=5-10bp;gc_cont=0.641
NODE_143_length_14298_cov_2.566086_1  -           1843 37262at72274         -            196   1.6e-14   52.3   1.7   1   1   3.9e-16   2.3e-14   51.8   0.3     1   103  1723  1831  1723  1837 0.90 # 2 # 5530 # 1 # ID=143_1;partial=10;start_type=Edge;rbs_motif=None;rbs_spacer=None;gc_cont=0.640
NODE_140_length_15380_cov_2.707795_5  -            202 37262at72274         -            196   4.2e-14   50.9   0.1   1   1   2.2e-15   1.3e-13   49.3   0.1     2   138     9   150     8   193 0.77 # 4538 # 5143 # 1 # ID=140_5;partial=00;start_type=ATG;rbs_motif=None;rbs_spacer=None;gc_cont=0.607
NODE_7_length_109814_cov_2.797259_85  -            461 37262at72274         -            196   9.1e-14   49.8   0.0   1   1   2.6e-15   1.6e-13   49.1   0.0     1   105     5   113     5   145 0.88 # 87674 # 89056 # -1 # ID=7_85;partial=00;start_type=ATG;rbs_motif=GGAG/GAGG;rbs_spacer=5-10bp;gc_cont=0.652
NODE_116_length_19524_cov_2.546631_8  -            925 37262at72274         -            196     1e-13   49.7   0.3   1   3       7.2   4.3e+02   -1.3   0.0    86   127   430   472   427   481 0.81 # 6559 # 9333 # -1 # ID=116_8;partial=00;start_type=GTG;rbs_motif=GGA/GAG/AGG;rbs_spacer=5-10bp;gc_cont=0.624
NODE_116_length_19524_cov_2.546631_8  -            925 37262at72274         -            196     1e-13   49.7   0.3   2   3   4.2e-08   2.6e-06   25.5   0.0     1   106   644   761   644   796 0.73 # 6559 # 9333 # -1 # ID=116_8;partial=00;start_type=GTG;rbs_motif=GGA/GAG/AGG;rbs_spacer=5-10bp;gc_cont=0.624
NODE_116_length_19524_cov_2.546631_8  -            925 37262at72274         -            196     1e-13   49.7   0.3   3   3   9.6e-07   5.8e-05   21.1   0.0     1   103   794   908   794   918 0.74 # 6559 # 9333 # -1 # ID=116_8;partial=00;start_type=GTG;rbs_motif=GGA/GAG/AGG;rbs_spacer=5-10bp;gc_cont=0.624
NODE_14_length_85343_cov_2.706687_52  -            394 37262at72274         -            196   2.2e-13   48.6   0.1   1   1     5e-15     3e-13   48.2   0.1     1   125     8   132     8   158 0.82 # 59200 # 60381 # 1 # ID=14_52;partial=00;start_type=ATG;rbs_motif=None;rbs_spacer=None;gc_cont=0.596
NODE_97_length_24255_cov_2.822281_16  -            334 37262at72274         -            196   2.4e-13   48.5   0.1   1   1   5.6e-15   3.4e-13   48.0   0.1     1   109    18   133    18   162 0.87 # 15537 # 16538 # -1 # ID=97_16;partial=00;start_type=ATG;rbs_motif=GGA/GAG/AGG;rbs_spacer=5-10bp;gc_cont=0.618
NODE_88_length_25724_cov_2.557878_7   -            263 37262at72274         -            196   5.5e-13   47.3   0.1   1   1   1.3e-14   7.9e-13   46.8   0.1     1   108    10   125    10   156 0.80 # 7084 # 7872 # 1 # ID=88_7;partial=00;start_type=GTG;rbs_motif=GGAG/GAGG;rbs_spacer=5-10bp;gc_cont=0.573
NODE_66_length_39098_cov_2.824177_9   -            249 37262at72274         -            196   6.9e-13   47.0   0.0   1   1   1.7e-14     1e-12   46.4   0.0     1   121     3   128     3   134 0.88 # 7196 # 7942 # -1 # ID=66_9;partial=00;start_type=ATG;rbs_motif=AGGA/GGAG/GAGG;rbs_spacer=11-12bp;gc_cont=0.612
NODE_123_length_17788_cov_2.944171_6  -           1129 37262at72274         -            196   1.2e-12   46.2   0.0   1   1   4.8e-14   2.9e-12   44.9   0.0     1   110   923  1037   923  1053 0.87 # 5868 # 9254 # 1 # ID=123_6;partial=00;start_type=GTG;rbs_motif=GGAG/GAGG;rbs_spacer=5-10bp;gc_cont=0.634
NODE_19_length_72343_cov_2.670530_47  -            209 37262at72274         -            196   1.5e-12   45.8   0.0   1   1     4e-14   2.4e-12   45.2   0.0     1   111     4   119     4   194 0.91 # 47066 # 47692 # 1 # ID=19_47;partial=00;start_type=ATG;rbs_motif=GGA/GAG/AGG;rbs_spacer=5-10bp;gc_cont=0.477
NODE_55_length_46312_cov_2.788979_29  -            449 37262at72274         -            196   2.8e-12   45.0   0.1   1   1     1e-13   6.2e-12   43.8   0.1     1   102    11   116    11   139 0.86 # 28875 # 30221 # 1 # ID=55_29;partial=00;start_type=ATG;rbs_motif=GGAG/GAGG;rbs_spacer=5-10bp;gc_cont=0.613
NODE_1_length_170490_cov_2.833843_123 -            704 37262at72274         -            196   3.5e-12   44.7   0.1   1   1   1.4e-13   8.7e-12   43.4   0.0     2   125    16   148    14   159 0.75 # 142082 # 144193 # -1 # ID=1_123;partial=00;start_type=ATG;rbs_motif=GGA/GAG/AGG;rbs_spacer=5-10bp;gc_cont=0.629
NODE_20_length_71165_cov_2.962865_60  -            211 37262at72274         -            196   7.3e-12   43.6   0.0   1   1   1.4e-13   8.3e-12   43.5   0.0     1   111     4   121     4   181 0.89 # 60484 # 61116 # 1 # ID=20_60;partial=00;start_type=ATG;rbs_motif=GGA/GAG/AGG;rbs_spacer=5-10bp;gc_cont=0.572
NODE_28_length_63385_cov_2.692940_50  -           1063 37262at72274         -            196   1.5e-11   42.6   0.1   1   1   6.8e-13   4.1e-11   41.2   0.0     1   118   844   964   844   980 0.81 # 44403 # 47591 # 1 # ID=28_50;partial=00;start_type=ATG;rbs_motif=GGA/GAG/AGG;rbs_spacer=5-10bp;gc_cont=0.627
NODE_97_length_24255_cov_2.822281_18  -            764 37262at72274         -            196   1.8e-11   42.4   0.3   1   1   6.4e-13   3.8e-11   41.3   0.3     1    96   642   743   642   757 0.87 # 17597 # 19888 # -1 # ID=97_18;partial=00;start_type=ATG;rbs_motif=GGAG/GAGG;rbs_spacer=5-10bp;gc_cont=0.638
NODE_3_length_136382_cov_3.131195_23  -            479 37262at72274         -            196   1.9e-11   42.3   0.0   1   1   5.7e-13   3.4e-11   41.4   0.0     1   112     4   115     4   122 0.90 # 22937 # 24373 # 1 # ID=3_23;partial=00;start_type=ATG;rbs_motif=GGA/GAG/AGG;rbs_spacer=5-10bp;gc_cont=0.608
NODE_42_length_53659_cov_2.580278_19  -            918 37262at72274         -            196   2.7e-11   41.8   0.1   1   2         2   1.2e+02    0.5   0.0    96   132   327   363   318   373 0.81 # 14339 # 17092 # -1 # ID=42_19;partial=00;start_type=GTG;rbs_motif=AGGAG;rbs_spacer=5-10bp;gc_cont=0.634
NODE_42_length_53659_cov_2.580278_19  -            918 37262at72274         -            196   2.7e-11   41.8   0.1   2   2   4.8e-12   2.9e-10   38.4   0.1     1   103   669   780   669   791 0.80 # 14339 # 17092 # -1 # ID=42_19;partial=00;start_type=GTG;rbs_motif=AGGAG;rbs_spacer=5-10bp;gc_cont=0.634
NODE_20_length_71165_cov_2.962865_35  -            447 37262at72274         -            196   3.3e-11   41.5   0.0   1   1   9.2e-13   5.6e-11   40.7   0.0     1   110    11   124    11   144 0.84 # 32834 # 34174 # -1 # ID=20_35;partial=00;start_type=ATG;rbs_motif=GGA/GAG/AGG;rbs_spacer=5-10bp;gc_cont=0.623
NODE_16_length_77070_cov_2.785296_8   -            121 37262at72274         -            196   5.8e-11   40.7   0.2   1   1   1.1e-12   6.6e-11   40.5   0.2     1    74     4    83     4   118 0.78 # 4816 # 5178 # -1 # ID=16_8;partial=00;start_type=ATG;rbs_motif=3Base/5BMM;rbs_spacer=13-15bp;gc_cont=0.477
NODE_60_length_42394_cov_2.610618_10  -            120 37262at72274         -            196   8.4e-11   40.2   0.4   1   1   1.6e-12   9.5e-11   40.0   0.4     1   110     8   118     8   119 0.80 # 12905 # 13264 # 1 # ID=60_10;partial=00;start_type=ATG;rbs_motif=GGA/GAG/AGG;rbs_spacer=5-10bp;gc_cont=0.564
NODE_82_length_29491_cov_2.964310_6   -            634 37262at72274         -            196   9.7e-11   40.0   0.0   1   1   2.9e-12   1.8e-10   39.1   0.0     1   102   517   624   517   631 0.87 # 5774 # 7675 # 1 # ID=82_6;partial=00;start_type=ATG;rbs_motif=AGGAG;rbs_spacer=5-10bp;gc_cont=0.612
NODE_145_length_13811_cov_2.485311_12 -            121 37262at72274         -            196   1.5e-10   39.4   0.2   1   1   2.7e-12   1.6e-10   39.2   0.2     1   109     4   116     4   120 0.72 # 8005 # 8367 # -1 # ID=145_12;partial=00;start_type=ATG;rbs_motif=None;rbs_spacer=None;gc_cont=0.554
NODE_30_length_60945_cov_2.703410_36  -            209 37262at72274         -            196   3.2e-10   38.3   0.1   1   1   6.9e-12   4.1e-10   37.9   0.1     2   183     5   190     4   198 0.80 # 52169 # 52795 # -1 # ID=30_36;partial=00;start_type=ATG;rbs_motif=AGGAGG;rbs_spacer=3-4bp;gc_cont=0.558
NODE_60_length_42394_cov_2.610618_4   -            557 37262at72274         -            196   3.6e-10   38.1   0.1   1   3     0.005       0.3    9.0   0.0    18   123    28   144    21   172 0.65 # 4395 # 6065 # 1 # ID=60_4;partial=00;start_type=ATG;rbs_motif=AGGA;rbs_spacer=5-10bp;gc_cont=0.607
NODE_60_length_42394_cov_2.610618_4   -            557 37262at72274         -            196   3.6e-10   38.1   0.1   2   3       8.2   4.9e+02   -1.5   0.0   101   125   239   263   218   293 0.60 # 4395 # 6065 # 1 # ID=60_4;partial=00;start_type=ATG;rbs_motif=AGGA;rbs_spacer=5-10bp;gc_cont=0.607
NODE_60_length_42394_cov_2.610618_4   -            557 37262at72274         -            196   3.6e-10   38.1   0.1   3   3   3.2e-08   1.9e-06   25.9   0.0     1   109   440   553   440   556 0.81 # 4395 # 6065 # 1 # ID=60_4;partial=00;start_type=ATG;rbs_motif=AGGA;rbs_spacer=5-10bp;gc_cont=0.607
NODE_60_length_42394_cov_2.610618_6   -            402 37262at72274         -            196   4.6e-10   37.8   0.1   1   1   1.4e-11   8.4e-10   36.9   0.1    11   108    23   123     9   164 0.77 # 6540 # 7745 # -1 # ID=60_6;partial=00;start_type=ATG;rbs_motif=GGA/GAG/AGG;rbs_spacer=5-10bp;gc_cont=0.606
NODE_19_length_72343_cov_2.670530_51  -            775 37262at72274         -            196   6.8e-10   37.2   0.0   1   1   2.8e-11   1.7e-09   35.9   0.0     1   105   653   763   653   768 0.83 # 52901 # 55225 # 1 # ID=19_51;partial=00;start_type=GTG;rbs_motif=AGGA;rbs_spacer=5-10bp;gc_cont=0.615
NODE_30_length_60945_cov_2.703410_35  -           1198 37262at72274         -            196     9e-10   36.8   0.0   1   1   5.8e-11   3.5e-09   34.9   0.0     1   107   956  1071   956  1076 0.86 # 48575 # 52168 # -1 # ID=30_35;partial=00;start_type=ATG;rbs_motif=None;rbs_spacer=None;gc_cont=0.617
NODE_61_length_41648_cov_2.689747_9   -            403 37262at72274         -            196   9.2e-10   36.8   0.0   1   1   2.5e-11   1.5e-09   36.1   0.0    25   110    41   129    12   138 0.85 # 11162 # 12370 # 1 # ID=61_9;partial=00;start_type=ATG;rbs_motif=GGAG/GAGG;rbs_spacer=5-10bp;gc_cont=0.647
NODE_2_length_144272_cov_2.753151_11  -            221 37262at72274         -            196   2.4e-09   35.4   0.0   1   1   4.5e-11   2.7e-09   35.2   0.0     2   113    17   133    16   207 0.82 # 12667 # 13329 # -1 # ID=2_11;partial=00;start_type=ATG;rbs_motif=GGA/GAG/AGG;rbs_spacer=5-10bp;gc_cont=0.570
NODE_36_length_55582_cov_2.833270_46  -            274 37262at72274         -            196     3e-09   35.1   0.0   1   1   8.5e-11   5.1e-09   34.3   0.0     1   103    30   141    30   150 0.84 # 48075 # 48896 # -1 # ID=36_46;partial=00;start_type=ATG;rbs_motif=GGAG/GAGG;rbs_spacer=5-10bp;gc_cont=0.616
NODE_18_length_74730_cov_2.929601_36  -            846 37262at72274         -            196   4.3e-09   34.6   0.0   1   2       7.5   4.5e+02   -1.4   0.0    95   114   542   561   538   606 0.79 # 29929 # 32466 # -1 # ID=18_36;partial=00;start_type=ATG;rbs_motif=GGA/GAG/AGG;rbs_spacer=5-10bp;gc_cont=0.638
NODE_18_length_74730_cov_2.929601_36  -            846 37262at72274         -            196   4.3e-09   34.6   0.0   2   2   3.3e-10     2e-08   32.4   0.1     1   110   727   841   727   844 0.88 # 29929 # 32466 # -1 # ID=18_36;partial=00;start_type=ATG;rbs_motif=GGA/GAG/AGG;rbs_spacer=5-10bp;gc_cont=0.638
NODE_22_length_70088_cov_2.810695_28  -            187 37262at72274         -            196   8.4e-09   33.6   0.1   1   1     2e-10   1.2e-08   33.1   0.0     1   106    15   124    15   160 0.81 # 38215 # 38775 # 1 # ID=22_28;partial=00;start_type=ATG;rbs_motif=AGGAG;rbs_spacer=5-10bp;gc_cont=0.652
NODE_88_length_25724_cov_2.557878_17  -            136 37262at72274         -            196   9.1e-09   33.5   0.1   1   1   1.7e-10     1e-08   33.3   0.1     1   107    11   124    11   133 0.83 # 15890 # 16297 # 1 # ID=88_17;partial=00;start_type=ATG;rbs_motif=GGA/GAG/AGG;rbs_spacer=5-10bp;gc_cont=0.566
NODE_47_length_50324_cov_2.789748_23  -           1194 37262at72274         -            196   3.9e-08   31.5   0.3   1   2         2   1.2e+02    0.5   0.0    98   132   754   788   744   803 0.85 # 23757 # 27338 # -1 # ID=47_23;partial=00;start_type=GTG;rbs_motif=AGGA;rbs_spacer=5-10bp;gc_cont=0.620
NODE_47_length_50324_cov_2.789748_23  -           1194 37262at72274         -            196   3.9e-08   31.5   0.3   2   2   6.4e-09   3.9e-07   28.2   0.1     1   105   960  1072   960  1131 0.79 # 23757 # 27338 # -1 # ID=47_23;partial=00;start_type=GTG;rbs_motif=AGGA;rbs_spacer=5-10bp;gc_cont=0.620
NODE_163_length_9689_cov_2.896570_2   -            570 37262at72274         -            196   4.3e-08   31.3   0.0   1   1   1.1e-09   6.8e-08   30.7   0.0     1   112   449   566   449   569 0.77 # 1999 # 3708 # 1 # ID=163_2;partial=00;start_type=ATG;rbs_motif=GGA/GAG/AGG;rbs_spacer=5-10bp;gc_cont=0.630
NODE_29_length_62543_cov_3.862471_42  -            210 37262at72274         -            196   4.4e-08   31.3   0.1   1   1   9.2e-10   5.5e-08   31.0   0.1     2   183     5   191     4   201 0.69 # 55450 # 56079 # -1 # ID=29_42;partial=00;start_type=GTG;rbs_motif=GGAG/GAGG;rbs_spacer=5-10bp;gc_cont=0.624
NODE_1_length_170490_cov_2.833843_57  -            179 37262at72274         -            196   7.7e-08   30.5   0.4   1   1   1.6e-09   9.8e-08   30.2   0.4     1   107    29   141    29   148 0.83 # 66350 # 66886 # -1 # ID=1_57;partial=00;start_type=ATG;rbs_motif=GGA/GAG/AGG;rbs_spacer=5-10bp;gc_cont=0.572
NODE_28_length_63385_cov_2.692940_48  -            937 37262at72274         -            196   1.2e-07   29.9   0.0   1   1   6.8e-09   4.1e-07   28.1   0.0     2   106   817   925   816   932 0.83 # 40328 # 43138 # 1 # ID=28_48;partial=00;start_type=ATG;rbs_motif=None;rbs_spacer=None;gc_cont=0.603
NODE_78_length_31089_cov_2.819165_8   -            195 37262at72274         -            196   1.6e-07   29.5   0.0   1   1   3.5e-09   2.1e-07   29.1   0.0    35   110    24   100     3   119 0.83 # 8798 # 9382 # -1 # ID=78_8;partial=00;start_type=ATG;rbs_motif=GGA/GAG/AGG;rbs_spacer=5-10bp;gc_cont=0.578
NODE_216_length_1862_cov_2.726801_1   -            167 37262at72274         -            196   1.6e-07   29.5   0.0   1   1     3e-09   1.8e-07   29.3   0.0     2    98     6   109     5   131 0.76 # 3 # 503 # -1 # ID=216_1;partial=10;start_type=ATG;rbs_motif=GGAG/GAGG;rbs_spacer=5-10bp;gc_cont=0.623
NODE_100_length_22954_cov_2.793928_5  -            220 37262at72274         -            196   3.3e-07   28.4   0.0   1   1   9.4e-09   5.7e-07   27.7   0.0     2   108     6   118     5   130 0.82 # 5029 # 5688 # -1 # ID=100_5;partial=00;start_type=GTG;rbs_motif=GGA/GAG/AGG;rbs_spacer=5-10bp;gc_cont=0.615
NODE_21_length_71141_cov_2.765370_41  -            222 37262at72274         -            196   8.1e-07   27.2   0.1   1   1   2.9e-08   1.8e-06   26.1   0.0     1   107     4   117     4   135 0.76 # 65869 # 66534 # -1 # ID=21_41;partial=00;start_type=ATG;rbs_motif=GGA/GAG/AGG;rbs_spacer=5-10bp;gc_cont=0.598
NODE_85_length_27085_cov_2.775762_16  -            449 37262at72274         -            196   4.2e-06   24.8   0.9   1   1   1.1e-07   6.5e-06   24.2   0.9     1   128    15   147    15   194 0.81 # 21984 # 23330 # 1 # ID=85_16;partial=00;start_type=ATG;rbs_motif=AGGAG;rbs_spacer=5-10bp;gc_cont=0.610
NODE_19_length_72343_cov_2.670530_48  -           1211 37262at72274         -            196   4.4e-06   24.8   0.0   1   1   2.6e-07   1.6e-05   23.0   0.0     1   107   970  1085   970  1104 0.83 # 47701 # 51333 # 1 # ID=19_48;partial=00;start_type=ATG;rbs_motif=GGA/GAG/AGG;rbs_spacer=5-10bp;gc_cont=0.594
NODE_25_length_65367_cov_2.860270_40  -            217 37262at72274         -            196   6.2e-06   24.3   0.0   1   1   1.5e-07   9.3e-06   23.7   0.0     2   111     7   124     6   203 0.72 # 29082 # 29732 # 1 # ID=25_40;partial=00;start_type=ATG;rbs_motif=AGGA/GGAG/GAGG;rbs_spacer=11-12bp;gc_cont=0.604
NODE_41_length_54029_cov_2.577567_1   -            192 37262at72274         -            196   1.6e-05   22.9   0.6   1   1   3.1e-07   1.9e-05   22.7   0.6     1   136     4   144     4   179 0.77 # 163 # 738 # -1 # ID=41_1;partial=00;start_type=ATG;rbs_motif=AGGAG;rbs_spacer=5-10bp;gc_cont=0.592
NODE_11_length_99293_cov_2.901488_88  -            559 37262at72274         -            196   1.7e-05   22.9   0.0   1   1   6.1e-07   3.7e-05   21.7   0.0     1   101   443   546   443   557 0.73 # 78303 # 79979 # -1 # ID=11_88;partial=00;start_type=ATG;rbs_motif=GGA/GAG/AGG;rbs_spacer=5-10bp;gc_cont=0.627
NODE_62_length_40697_cov_2.843086_33  -            674 37262at72274         -            196   6.7e-05   20.9   0.0   1   1   2.1e-06   0.00012   20.0   0.0     1   111   548   664   548   672 0.86 # 33450 # 35471 # -1 # ID=62_33;partial=00;start_type=ATG;rbs_motif=None;rbs_spacer=None;gc_cont=0.621
NODE_60_length_42394_cov_2.610618_5   -            126 37262at72274         -            196     7e-05   20.8   0.0   1   1   1.2e-06   7.4e-05   20.8   0.0     1    79     9    93     9   125 0.74 # 6096 # 6473 # -1 # ID=60_5;partial=00;start_type=ATG;rbs_motif=GGA/GAG/AGG;rbs_spacer=5-10bp;gc_cont=0.563
NODE_78_length_31089_cov_2.819165_4   -            806 37262at72274         -            196   7.7e-05   20.7   0.0   1   1   2.3e-06   0.00014   19.9   0.0     1    98   571   677   571   686 0.78 # 3205 # 5622 # 1 # ID=78_4;partial=00;start_type=ATG;rbs_motif=GGA/GAG/AGG;rbs_spacer=5-10bp;gc_cont=0.588
NODE_97_length_24255_cov_2.822281_17  -            337 37262at72274         -            196   0.00037   18.5   0.1   1   1   8.4e-06   0.00051   18.0   0.1    25    93    32   102     3   138 0.69 # 16590 # 17600 # -1 # ID=97_17;partial=00;start_type=ATG;rbs_motif=GGAGG;rbs_spacer=5-10bp;gc_cont=0.644
NODE_51_length_49247_cov_2.743791_11  -            311 37262at72274         -            196    0.0006   17.8   0.3   1   1   2.1e-05    0.0013   16.7   0.3     1   107   181   301   181   308 0.78 # 12065 # 12997 # -1 # ID=51_11;partial=00;start_type=ATG;rbs_motif=AGGAG;rbs_spacer=5-10bp;gc_cont=0.584
NODE_78_length_31089_cov_2.819165_3   -            220 37262at72274         -            196    0.0025   15.8   0.0   1   1   5.6e-05    0.0034   15.3   0.0     2   110     7   123     6   139 0.76 # 2543 # 3202 # 1 # ID=78_3;partial=00;start_type=ATG;rbs_motif=3Base/5BMM;rbs_spacer=13-15bp;gc_cont=0.564
NODE_41_length_54029_cov_2.577567_4   -            122 37262at72274         -            196    0.0079   14.1   0.0   1   1   0.00016    0.0094   13.9   0.0   131   194    34   102    20   104 0.79 # 3825 # 4190 # 1 # ID=41_4;partial=00;start_type=ATG;rbs_motif=GGAG/GAGG;rbs_spacer=5-10bp;gc_cont=0.593
NODE_30_length_60945_cov_2.703410_3   -            649 37262at72274         -            196     0.026   12.4   0.0   1   1   0.00077     0.046   11.6   0.0     1    72   530   606   530   644 0.83 # 5410 # 7356 # -1 # ID=30_3;partial=00;start_type=ATG;rbs_motif=GGA/GAG/AGG;rbs_spacer=5-10bp;gc_cont=0.590
NODE_58_length_43383_cov_2.661111_21  -            486 37262at72274         -            196     0.029   12.3   0.0   1   1   0.00094     0.057   11.3   0.0   137   192    29    83    14    87 0.84 # 26030 # 27487 # -1 # ID=58_21;partial=00;start_type=GTG;rbs_motif=GGA/GAG/AGG;rbs_spacer=5-10bp;gc_cont=0.659
NODE_189_length_5201_cov_2.639929_4   -            149 37262at72274         -            196     0.035   12.0   0.0   1   1   0.00073     0.044   11.7   0.0   132   194    39   107    28   109 0.82 # 4511 # 4957 # 1 # ID=189_4;partial=00;start_type=ATG;rbs_motif=GGA/GAG/AGG;rbs_spacer=5-10bp;gc_cont=0.586
NODE_28_length_63385_cov_2.692940_49  -            399 37262at72274         -            196      0.04   11.8   0.1   1   1    0.0011     0.065   11.2   0.1     1    68     6    77     6   132 0.62 # 43125 # 44321 # 1 # ID=28_49;partial=00;start_type=ATG;rbs_motif=GGA/GAG/AGG;rbs_spacer=5-10bp;gc_cont=0.601
#
# Program:         hmmsearch
# Version:         3.1b2 (February 2015)
# Pipeline mode:   SEARCH
# Query file:      /data2/PEG/hoaxaca/REAA/Pseudomonas/bin/busco_downloads/lineages/pseudomonadales_odb10/hmms/37262at72274.hmm
# Target file:     /data2/PEG/hoaxaca/REAA/Pseudomonas/bin/../out/busco/trim_130clip.spades_kmer/prodigal_output/predicted_genes/predicted.faa
# Option settings: hmmsearch --domtblout /data2/PEG/hoaxaca/REAA/Pseudomonas/bin/../out/busco/trim_130clip.spades_kmer/run_pseudomonadales_odb10/hmmer_output/37262at72274.out --cpu 1 /data2/PEG/hoaxaca/REAA/Pseudomonas/bin/busco_downloads/lineages/pseudomonadales_odb10/hmms/37262at72274.hmm /data2/PEG/hoaxaca/REAA/Pseudomonas/bin/../out/busco/trim_130clip.spades_kmer/prodigal_output/predicted_genes/predicted.faa 
# Current dir:     /data2/PEG/hoaxaca/REAA/Pseudomonas/bin
# Date:            Mon Feb 20 00:27:52 2023
# [ok]
