#                                                                                            --- full sequence --- -------------- this domain -------------   hmm coord   ali coord   env coord
# target name                        accession   tlen query name           accession   qlen   E-value  score  bias   #  of  c-Evalue  i-Evalue  score  bias  from    to  from    to  from    to  acc description of target
#                ------------------- ---------- ----- -------------------- ---------- ----- --------- ------ ----- --- --- --------- --------- ------ ----- ----- ----- ----- ----- ----- ----- ---- ---------------------
NODE_4_length_135474_cov_2.802715_50 -            273 39735at72274         -            199   7.2e-87  288.5   9.6   1   2   2.3e-53   3.6e-50  168.7   3.8     1   124    16   160    16   171 0.90 # 43821 # 44639 # 1 # ID=4_50;partial=00;start_type=ATG;rbs_motif=GGAG/GAGG;rbs_spacer=5-10bp;gc_cont=0.592
NODE_4_length_135474_cov_2.802715_50 -            273 39735at72274         -            199   7.2e-87  288.5   9.6   2   2   7.8e-39   1.2e-35  121.3   0.3   125   199   193   271   185   271 0.93 # 43821 # 44639 # 1 # ID=4_50;partial=00;start_type=ATG;rbs_motif=GGAG/GAGG;rbs_spacer=5-10bp;gc_cont=0.592
NODE_26_length_64093_cov_2.653488_20 -            478 39735at72274         -            199   8.1e-16   56.6   0.1   1   2   2.4e-06    0.0037   15.3   0.0    68   128    85   150    55   175 0.76 # 16213 # 17646 # 1 # ID=26_20;partial=00;start_type=ATG;rbs_motif=GGA/GAG/AGG;rbs_spacer=5-10bp;gc_cont=0.608
NODE_26_length_64093_cov_2.653488_20 -            478 39735at72274         -            199   8.1e-16   56.6   0.1   2   2     1e-13   1.6e-10   39.3   0.1   126   190   185   255   151   258 0.80 # 16213 # 17646 # 1 # ID=26_20;partial=00;start_type=ATG;rbs_motif=GGA/GAG/AGG;rbs_spacer=5-10bp;gc_cont=0.608
NODE_19_length_72343_cov_2.670530_56 -            296 39735at72274         -            199     0.019   12.9   0.0   1   3    0.0011       1.7    6.6   0.0    85   113   126   152    70   156 0.87 # 58397 # 59284 # 1 # ID=19_56;partial=00;start_type=ATG;rbs_motif=AGGAG/GGAGG;rbs_spacer=11-12bp;gc_cont=0.595
NODE_19_length_72343_cov_2.670530_56 -            296 39735at72274         -            199     0.019   12.9   0.0   2   3     0.019        30    2.5   0.0   123   145   213   235   211   240 0.85 # 58397 # 59284 # 1 # ID=19_56;partial=00;start_type=ATG;rbs_motif=AGGAG/GGAGG;rbs_spacer=11-12bp;gc_cont=0.595
NODE_19_length_72343_cov_2.670530_56 -            296 39735at72274         -            199     0.019   12.9   0.0   3   3      0.18   2.9e+02   -0.7   0.0   165   185   273   293   262   294 0.79 # 58397 # 59284 # 1 # ID=19_56;partial=00;start_type=ATG;rbs_motif=AGGAG/GGAGG;rbs_spacer=11-12bp;gc_cont=0.595
NODE_59_length_42562_cov_2.888182_30 -            401 39735at72274         -            199     0.032   12.2   0.0   1   1   3.1e-05     0.049   11.6   0.0    80   113   102   133    56   199 0.87 # 40647 # 41849 # 1 # ID=59_30;partial=00;start_type=ATG;rbs_motif=AGGA;rbs_spacer=5-10bp;gc_cont=0.610
#
# Program:         hmmsearch
# Version:         3.1b2 (February 2015)
# Pipeline mode:   SEARCH
# Query file:      /data2/PEG/hoaxaca/REAA/Pseudomonas/bin/busco_downloads/lineages/pseudomonadales_odb10/hmms/39735at72274.hmm
# Target file:     /data2/PEG/hoaxaca/REAA/Pseudomonas/bin/../out/busco/trim_130clip.spades_kmer/prodigal_output/predicted_genes/predicted.faa
# Option settings: hmmsearch --domtblout /data2/PEG/hoaxaca/REAA/Pseudomonas/bin/../out/busco/trim_130clip.spades_kmer/run_pseudomonadales_odb10/hmmer_output/39735at72274.out --cpu 1 /data2/PEG/hoaxaca/REAA/Pseudomonas/bin/busco_downloads/lineages/pseudomonadales_odb10/hmms/39735at72274.hmm /data2/PEG/hoaxaca/REAA/Pseudomonas/bin/../out/busco/trim_130clip.spades_kmer/prodigal_output/predicted_genes/predicted.faa 
# Current dir:     /data2/PEG/hoaxaca/REAA/Pseudomonas/bin
# Date:            Mon Feb 20 00:27:54 2023
# [ok]
