#                                                                                             --- full sequence --- -------------- this domain -------------   hmm coord   ali coord   env coord
# target name                         accession   tlen query name           accession   qlen   E-value  score  bias   #  of  c-Evalue  i-Evalue  score  bias  from    to  from    to  from    to  acc description of target
#                 ------------------- ---------- ----- -------------------- ---------- ----- --------- ------ ----- --- --- --------- --------- ------ ----- ----- ----- ----- ----- ----- ----- ---- ---------------------
NODE_66_length_39098_cov_2.824177_9   -            249 41129at72274         -            201   1.5e-76  254.9   0.3   1   1   3.3e-78   3.8e-76  253.6   0.3     1   201     1   248     1   248 0.87 # 7196 # 7942 # -1 # ID=66_9;partial=00;start_type=ATG;rbs_motif=AGGA/GGAG/GAGG;rbs_spacer=11-12bp;gc_cont=0.612
NODE_142_length_15049_cov_2.603605_15 -            122 41129at72274         -            201   1.4e-07   29.8   0.0   1   1   2.8e-09   3.3e-07   28.6   0.0     2    93     3   116     2   120 0.63 # 11544 # 11909 # 1 # ID=142_15;partial=00;start_type=ATG;rbs_motif=GGA/GAG/AGG;rbs_spacer=5-10bp;gc_cont=0.593
NODE_20_length_71165_cov_2.962865_60  -            211 41129at72274         -            201   3.4e-07   28.5   0.4   1   1   6.3e-09   7.4e-07   27.5   0.4     2    93     3   117     1   124 0.66 # 60484 # 61116 # 1 # ID=20_60;partial=00;start_type=ATG;rbs_motif=GGA/GAG/AGG;rbs_spacer=5-10bp;gc_cont=0.572
NODE_45_length_50663_cov_2.754749_38  -            224 41129at72274         -            201   4.5e-07   28.2   0.0   1   1     6e-09   7.1e-07   27.5   0.0     1    98     1   117     1   150 0.74 # 31773 # 32444 # 1 # ID=45_38;partial=00;start_type=ATG;rbs_motif=GGA/GAG/AGG;rbs_spacer=5-10bp;gc_cont=0.629
NODE_29_length_62543_cov_3.862471_42  -            210 41129at72274         -            201   5.9e-07   27.8   0.1   1   1   1.1e-08   1.2e-06   26.7   0.1     2    89     3   115     2   123 0.62 # 55450 # 56079 # -1 # ID=29_42;partial=00;start_type=GTG;rbs_motif=GGAG/GAGG;rbs_spacer=5-10bp;gc_cont=0.624
NODE_123_length_17788_cov_2.944171_7  -            233 41129at72274         -            201   1.2e-06   26.8   0.0   1   1   1.6e-08   1.9e-06   26.1   0.0     3    97    13   129    11   149 0.72 # 9229 # 9927 # 1 # ID=123_7;partial=00;start_type=ATG;rbs_motif=AGGAG;rbs_spacer=5-10bp;gc_cont=0.641
NODE_84_length_27424_cov_2.668791_20  -            423 41129at72274         -            201   1.9e-06   26.1   0.1   1   1   2.9e-08   3.4e-06   25.3   0.1     3    55     8    69     6   126 0.86 # 18236 # 19504 # -1 # ID=84_20;partial=00;start_type=ATG;rbs_motif=GGA/GAG/AGG;rbs_spacer=5-10bp;gc_cont=0.600
NODE_75_length_31643_cov_2.758599_2   -            232 41129at72274         -            201   2.5e-06   25.7   0.0   1   1   3.3e-08   3.9e-06   25.1   0.0     2    97     6   120     5   133 0.74 # 1220 # 1915 # 1 # ID=75_2;partial=00;start_type=ATG;rbs_motif=3Base/5BMM;rbs_spacer=13-15bp;gc_cont=0.618
NODE_123_length_17788_cov_2.944171_6  -           1129 41129at72274         -            201   2.5e-06   25.7   0.0   1   1   4.3e-08   5.1e-06   24.7   0.0     2   108   922  1049   921  1054 0.74 # 5868 # 9254 # 1 # ID=123_6;partial=00;start_type=GTG;rbs_motif=GGAG/GAGG;rbs_spacer=5-10bp;gc_cont=0.634
NODE_216_length_1862_cov_2.726801_1   -            167 41129at72274         -            201   9.4e-06   23.9   0.1   1   1   1.1e-07   1.3e-05   23.3   0.1     2    98     4   121     3   137 0.59 # 3 # 503 # -1 # ID=216_1;partial=10;start_type=ATG;rbs_motif=GGAG/GAGG;rbs_spacer=5-10bp;gc_cont=0.623
NODE_30_length_60945_cov_2.703410_36  -            209 41129at72274         -            201   9.8e-06   23.8   0.1   1   1   1.5e-07   1.8e-05   22.9   0.1     4    54     5    65     2   120 0.66 # 52169 # 52795 # -1 # ID=30_36;partial=00;start_type=ATG;rbs_motif=AGGAGG;rbs_spacer=3-4bp;gc_cont=0.558
NODE_19_length_72343_cov_2.670530_47  -            209 41129at72274         -            201   1.7e-05   23.0   0.0   1   1   2.3e-07   2.7e-05   22.4   0.0     3    53     4    64     1   118 0.64 # 47066 # 47692 # 1 # ID=19_47;partial=00;start_type=ATG;rbs_motif=GGA/GAG/AGG;rbs_spacer=5-10bp;gc_cont=0.477
NODE_78_length_31089_cov_2.819165_8   -            195 41129at72274         -            201   1.8e-05   23.0   0.0   1   1   2.4e-07   2.8e-05   22.3   0.0    20    93    11    97     6   120 0.68 # 8798 # 9382 # -1 # ID=78_8;partial=00;start_type=ATG;rbs_motif=GGA/GAG/AGG;rbs_spacer=5-10bp;gc_cont=0.578
NODE_116_length_19524_cov_2.546631_8  -            925 41129at72274         -            201   2.7e-05   22.4   0.2   1   2    0.0067      0.79    7.8   0.0     3    54   644   709   642   712 0.60 # 6559 # 9333 # -1 # ID=116_8;partial=00;start_type=GTG;rbs_motif=GGA/GAG/AGG;rbs_spacer=5-10bp;gc_cont=0.624
NODE_116_length_19524_cov_2.546631_8  -            925 41129at72274         -            201   2.7e-05   22.4   0.2   2   2   0.00049     0.058   11.5   0.0     2    54   793   854   792   909 0.81 # 6559 # 9333 # -1 # ID=116_8;partial=00;start_type=GTG;rbs_motif=GGA/GAG/AGG;rbs_spacer=5-10bp;gc_cont=0.624
NODE_5_length_127372_cov_2.791748_58  -            479 41129at72274         -            201   2.9e-05   22.3   0.0   1   1   5.5e-07   6.5e-05   21.1   0.0     3   103     7   127     5   143 0.63 # 54969 # 56405 # -1 # ID=5_58;partial=00;start_type=ATG;rbs_motif=AGGAG;rbs_spacer=5-10bp;gc_cont=0.633
NODE_97_length_24255_cov_2.822281_17  -            337 41129at72274         -            201   3.7e-05   21.9   0.7   1   2   1.1e-06   0.00013   20.1   0.7     1    55     1    66     1   106 0.67 # 16590 # 17600 # -1 # ID=97_17;partial=00;start_type=ATG;rbs_motif=GGAGG;rbs_spacer=5-10bp;gc_cont=0.644
NODE_97_length_24255_cov_2.822281_17  -            337 41129at72274         -            201   3.7e-05   21.9   0.7   2   2       4.7   5.5e+02   -1.5   0.0    55    85   178   209   169   212 0.70 # 16590 # 17600 # -1 # ID=97_17;partial=00;start_type=ATG;rbs_motif=GGAGG;rbs_spacer=5-10bp;gc_cont=0.644
NODE_25_length_65367_cov_2.860270_65  -            233 41129at72274         -            201   8.5e-05   20.7   0.0   1   1   1.3e-06   0.00015   19.9   0.0    15    96    26   117     7   127 0.74 # 57640 # 58338 # -1 # ID=25_65;partial=00;start_type=ATG;rbs_motif=None;rbs_spacer=None;gc_cont=0.621
NODE_88_length_25724_cov_2.557878_7   -            263 41129at72274         -            201   0.00013   20.1   0.1   1   1     5e-06   0.00059   18.0   0.1     2    96     9   127     8   139 0.71 # 7084 # 7872 # 1 # ID=88_7;partial=00;start_type=GTG;rbs_motif=GGAG/GAGG;rbs_spacer=5-10bp;gc_cont=0.573
NODE_4_length_135474_cov_2.802715_100 -            226 41129at72274         -            201   0.00019   19.6   0.0   1   1   2.7e-06   0.00032   18.9   0.0     1    97     1   116     1   127 0.70 # 101406 # 102083 # 1 # ID=4_100;partial=00;start_type=ATG;rbs_motif=GGA/GAG/AGG;rbs_spacer=11-12bp;gc_cont=0.631
NODE_16_length_77070_cov_2.785296_8   -            121 41129at72274         -            201   0.00026   19.1   0.1   1   1   4.4e-06   0.00051   18.2   0.1     2    88     3   109     2   119 0.61 # 4816 # 5178 # -1 # ID=16_8;partial=00;start_type=ATG;rbs_motif=3Base/5BMM;rbs_spacer=13-15bp;gc_cont=0.477
NODE_101_length_22879_cov_2.752286_20 -            225 41129at72274         -            201   0.00028   19.0   0.0   1   1   4.1e-06   0.00048   18.3   0.0     1    98     1   117     1   123 0.72 # 21812 # 22486 # -1 # ID=101_20;partial=00;start_type=ATG;rbs_motif=GGA/GAG/AGG;rbs_spacer=5-10bp;gc_cont=0.597
NODE_145_length_13811_cov_2.485311_12 -            121 41129at72274         -            201   0.00032   18.9   0.2   1   1   5.2e-06   0.00062   17.9   0.2     3    95     4   116     2   119 0.66 # 8005 # 8367 # -1 # ID=145_12;partial=00;start_type=ATG;rbs_motif=None;rbs_spacer=None;gc_cont=0.554
NODE_74_length_32125_cov_2.675573_8   -            234 41129at72274         -            201   0.00033   18.8   0.0   1   1   5.3e-06   0.00062   17.9   0.0    23    95    33   116     2   128 0.64 # 6384 # 7085 # -1 # ID=74_8;partial=00;start_type=ATG;rbs_motif=GGA/GAG/AGG;rbs_spacer=5-10bp;gc_cont=0.645
NODE_21_length_71141_cov_2.765370_41  -            222 41129at72274         -            201   0.00035   18.7   0.4   1   1   7.3e-06   0.00086   17.5   0.1     2    82     3   106     2   126 0.62 # 65869 # 66534 # -1 # ID=21_41;partial=00;start_type=ATG;rbs_motif=GGA/GAG/AGG;rbs_spacer=5-10bp;gc_cont=0.598
NODE_2_length_144272_cov_2.753151_11  -            221 41129at72274         -            201   0.00044   18.4   0.0   1   1   7.3e-06   0.00086   17.5   0.0     3    53    16    76    14    83 0.82 # 12667 # 13329 # -1 # ID=2_11;partial=00;start_type=ATG;rbs_motif=GGA/GAG/AGG;rbs_spacer=5-10bp;gc_cont=0.570
NODE_84_length_27424_cov_2.668791_21  -            128 41129at72274         -            201   0.00056   18.1   0.2   1   1     7e-06   0.00082   17.5   0.2     2    53     3    63     2   123 0.74 # 19514 # 19897 # -1 # ID=84_21;partial=00;start_type=ATG;rbs_motif=GGAGG;rbs_spacer=3-4bp;gc_cont=0.612
NODE_143_length_14298_cov_2.566086_1  -           1843 41129at72274         -            201   0.00057   18.0   0.2   1   1   1.1e-05    0.0013   16.9   0.2     3    54  1723  1783  1721  1824 0.79 # 2 # 5530 # 1 # ID=143_1;partial=10;start_type=Edge;rbs_motif=None;rbs_spacer=None;gc_cont=0.640
NODE_16_length_77070_cov_2.785296_4   -            242 41129at72274         -            201   0.00064   17.9   0.0   1   1     9e-06    0.0011   17.2   0.0     1    96    21   136    21   166 0.72 # 1480 # 2205 # 1 # ID=16_4;partial=00;start_type=ATG;rbs_motif=GGA/GAG/AGG;rbs_spacer=5-10bp;gc_cont=0.635
NODE_61_length_41648_cov_2.689747_20  -            122 41129at72274         -            201   0.00078   17.6   0.0   1   1   9.2e-06    0.0011   17.1   0.0     1    95     1   114     1   119 0.64 # 22849 # 23214 # 1 # ID=61_20;partial=00;start_type=ATG;rbs_motif=GGAG/GAGG;rbs_spacer=5-10bp;gc_cont=0.612
NODE_45_length_50663_cov_2.754749_50  -            222 41129at72274         -            201   0.00089   17.4   0.0   1   1   1.5e-05    0.0017   16.5   0.0     1    94     1   114     1   122 0.70 # 42858 # 43523 # 1 # ID=45_50;partial=00;start_type=ATG;rbs_motif=AGGAG;rbs_spacer=5-10bp;gc_cont=0.641
NODE_35_length_56262_cov_2.748784_10  -            300 41129at72274         -            201   0.00098   17.3   0.0   1   1   1.9e-05    0.0023   16.1   0.0     3    95     6   122     4   139 0.66 # 7240 # 8139 # -1 # ID=35_10;partial=00;start_type=ATG;rbs_motif=AGGA;rbs_spacer=5-10bp;gc_cont=0.611
NODE_7_length_109814_cov_2.797259_85  -            461 41129at72274         -            201    0.0013   16.9   0.1   1   1   2.3e-05    0.0027   15.8   0.1     2    92     4   114     3   124 0.72 # 87674 # 89056 # -1 # ID=7_85;partial=00;start_type=ATG;rbs_motif=GGAG/GAGG;rbs_spacer=5-10bp;gc_cont=0.652
NODE_97_length_24255_cov_2.822281_16  -            334 41129at72274         -            201    0.0018   16.4   0.2   1   1   2.7e-05    0.0032   15.6   0.2     3   104    18   142    16   159 0.60 # 15537 # 16538 # -1 # ID=97_16;partial=00;start_type=ATG;rbs_motif=GGA/GAG/AGG;rbs_spacer=5-10bp;gc_cont=0.618
NODE_14_length_85343_cov_2.706687_52  -            394 41129at72274         -            201    0.0018   16.4   0.1   1   1   2.7e-05    0.0031   15.6   0.1     3    94     8   119     6   143 0.66 # 59200 # 60381 # 1 # ID=14_52;partial=00;start_type=ATG;rbs_motif=None;rbs_spacer=None;gc_cont=0.596
NODE_142_length_15049_cov_2.603605_14 -            136 41129at72274         -            201    0.0019   16.3   0.0   1   1     2e-05    0.0023   16.0   0.0     2    54     9    70     8   125 0.67 # 11089 # 11496 # 1 # ID=142_14;partial=00;start_type=ATG;rbs_motif=GGA/GAG/AGG;rbs_spacer=5-10bp;gc_cont=0.529
NODE_170_length_9082_cov_2.837409_7   -            466 41129at72274         -            201    0.0019   16.3   0.1   1   1     3e-05    0.0035   15.5   0.1     2    88     4   110     3   133 0.71 # 7027 # 8424 # 1 # ID=170_7;partial=00;start_type=ATG;rbs_motif=GGAG/GAGG;rbs_spacer=5-10bp;gc_cont=0.628
NODE_100_length_22954_cov_2.793928_5  -            220 41129at72274         -            201     0.002   16.3   0.2   1   1   5.1e-05     0.006   14.7   0.2     2    84     4   108     3   167 0.64 # 5029 # 5688 # -1 # ID=100_5;partial=00;start_type=GTG;rbs_motif=GGA/GAG/AGG;rbs_spacer=5-10bp;gc_cont=0.615
NODE_41_length_54029_cov_2.577567_1   -            192 41129at72274         -            201    0.0021   16.2   0.5   1   1   3.4e-05     0.004   15.3   0.5     3   117     4   140     2   149 0.57 # 163 # 738 # -1 # ID=41_1;partial=00;start_type=ATG;rbs_motif=AGGAG;rbs_spacer=5-10bp;gc_cont=0.592
NODE_134_length_15699_cov_2.517018_13 -            247 41129at72274         -            201    0.0023   16.0   0.1   1   1   4.4e-05    0.0052   14.9   0.1     3    95     7   120     5   127 0.62 # 13448 # 14188 # 1 # ID=134_13;partial=00;start_type=ATG;rbs_motif=GGAG/GAGG;rbs_spacer=5-10bp;gc_cont=0.636
NODE_150_length_12660_cov_2.600654_2  -            557 41129at72274         -            201    0.0031   15.6   0.1   1   1   6.6e-05    0.0077   14.3   0.1     2    94   250   364   249   385 0.59 # 1681 # 3351 # -1 # ID=150_2;partial=00;start_type=ATG;rbs_motif=AGxAG;rbs_spacer=5-10bp;gc_cont=0.625
NODE_5_length_127372_cov_2.791748_10  -            462 41129at72274         -            201    0.0032   15.6   0.1   1   2   9.4e-05     0.011   13.8   0.0     2    94     8   120     7   143 0.61 # 8109 # 9494 # -1 # ID=5_10;partial=00;start_type=ATG;rbs_motif=GGAG/GAGG;rbs_spacer=5-10bp;gc_cont=0.641
NODE_5_length_127372_cov_2.791748_10  -            462 41129at72274         -            201    0.0032   15.6   0.1   2   2       7.6   8.9e+02   -2.2   0.0    97   128   257   288   245   295 0.68 # 8109 # 9494 # -1 # ID=5_10;partial=00;start_type=ATG;rbs_motif=GGAG/GAGG;rbs_spacer=5-10bp;gc_cont=0.641
NODE_28_length_63385_cov_2.692940_49  -            399 41129at72274         -            201    0.0032   15.6   0.1   1   1   5.9e-05     0.007   14.5   0.1     2    54     5    67     4   125 0.70 # 43125 # 44321 # 1 # ID=28_49;partial=00;start_type=ATG;rbs_motif=GGA/GAG/AGG;rbs_spacer=5-10bp;gc_cont=0.601
NODE_42_length_53659_cov_2.580278_3   -            226 41129at72274         -            201    0.0056   14.8   0.0   1   1   8.8e-05      0.01   13.9   0.0     1    92     1   112     1   129 0.61 # 735 # 1412 # 1 # ID=42_3;partial=00;start_type=ATG;rbs_motif=GGAG/GAGG;rbs_spacer=5-10bp;gc_cont=0.634
NODE_60_length_42394_cov_2.610618_31  -            236 41129at72274         -            201    0.0061   14.7   0.0   1   1   8.2e-05    0.0096   14.0   0.0    30    99    45   124     8   130 0.73 # 37974 # 38681 # -1 # ID=60_31;partial=00;start_type=ATG;rbs_motif=GGA/GAG/AGG;rbs_spacer=5-10bp;gc_cont=0.623
NODE_7_length_109814_cov_2.797259_77  -            573 41129at72274         -            201    0.0066   14.6   0.2   1   1   0.00011     0.013   13.6   0.2    24   105    40   140    11   151 0.54 # 79724 # 81442 # -1 # ID=7_77;partial=00;start_type=TTG;rbs_motif=None;rbs_spacer=None;gc_cont=0.635
NODE_51_length_49247_cov_2.743791_3   -            242 41129at72274         -            201    0.0074   14.4   0.0   1   1   8.9e-05      0.01   13.9   0.0     2    93     7   117     6   127 0.55 # 2277 # 3002 # -1 # ID=51_3;partial=00;start_type=GTG;rbs_motif=GGAG/GAGG;rbs_spacer=5-10bp;gc_cont=0.645
NODE_1_length_170490_cov_2.833843_123 -            704 41129at72274         -            201    0.0096   14.0   0.0   1   1   0.00016     0.019   13.1   0.0    26    83    44   118    14   149 0.61 # 142082 # 144193 # -1 # ID=1_123;partial=00;start_type=ATG;rbs_motif=GGA/GAG/AGG;rbs_spacer=5-10bp;gc_cont=0.629
NODE_28_length_63385_cov_2.692940_50  -           1063 41129at72274         -            201      0.01   13.9   0.0   1   2       3.2   3.7e+02   -0.9   0.0    76   121   594   640   581   644 0.76 # 44403 # 47591 # 1 # ID=28_50;partial=00;start_type=ATG;rbs_motif=GGA/GAG/AGG;rbs_spacer=5-10bp;gc_cont=0.627
NODE_28_length_63385_cov_2.692940_50  -           1063 41129at72274         -            201      0.01   13.9   0.0   2   2   0.00046     0.054   11.6   0.0     2    55   843   905   842   960 0.75 # 44403 # 47591 # 1 # ID=28_50;partial=00;start_type=ATG;rbs_motif=GGA/GAG/AGG;rbs_spacer=5-10bp;gc_cont=0.627
NODE_35_length_56262_cov_2.748784_6   -            230 41129at72274         -            201      0.01   13.9   0.1   1   1   0.00018     0.021   12.9   0.1     2    55     5    67     4   124 0.62 # 2996 # 3685 # 1 # ID=35_6;partial=00;start_type=ATG;rbs_motif=GGAG/GAGG;rbs_spacer=5-10bp;gc_cont=0.626
NODE_77_length_31410_cov_2.670140_10  -            444 41129at72274         -            201     0.011   13.9   0.0   1   1   0.00018     0.021   12.9   0.0     3    94     5   116     3   147 0.65 # 9812 # 11143 # 1 # ID=77_10;partial=00;start_type=ATG;rbs_motif=AGGA/GGAG/GAGG;rbs_spacer=11-12bp;gc_cont=0.642
NODE_10_length_99402_cov_2.843808_28  -            241 41129at72274         -            201     0.011   13.8   0.0   1   1    0.0011      0.13   10.3   0.0     1    89     1   116     1   136 0.64 # 31732 # 32454 # -1 # ID=10_28;partial=00;start_type=ATG;rbs_motif=AGGA;rbs_spacer=5-10bp;gc_cont=0.591
NODE_42_length_53659_cov_2.580278_19  -            918 41129at72274         -            201     0.011   13.8   0.0   1   1   0.00027     0.032   12.3   0.0     2    53   668   728   667   750 0.71 # 14339 # 17092 # -1 # ID=42_19;partial=00;start_type=GTG;rbs_motif=AGGAG;rbs_spacer=5-10bp;gc_cont=0.634
NODE_3_length_136382_cov_3.131195_23  -            479 41129at72274         -            201     0.014   13.5   0.1   1   1   0.00036     0.042   11.9   0.0     2    99     3   116     2   126 0.70 # 22937 # 24373 # 1 # ID=3_23;partial=00;start_type=ATG;rbs_motif=GGA/GAG/AGG;rbs_spacer=5-10bp;gc_cont=0.608
NODE_42_length_53659_cov_2.580278_20  -            243 41129at72274         -            201     0.022   12.9   0.0   1   1   0.00028     0.033   12.3   0.0    25    53    39    70    10   130 0.70 # 17298 # 18026 # 1 # ID=42_20;partial=00;start_type=ATG;rbs_motif=None;rbs_spacer=None;gc_cont=0.627
#
# Program:         hmmsearch
# Version:         3.1b2 (February 2015)
# Pipeline mode:   SEARCH
# Query file:      /data2/PEG/hoaxaca/REAA/Pseudomonas/bin/busco_downloads/lineages/pseudomonadales_odb10/hmms/41129at72274.hmm
# Target file:     /data2/PEG/hoaxaca/REAA/Pseudomonas/bin/../out/busco/trim_130clip.spades_kmer/prodigal_output/predicted_genes/predicted.faa
# Option settings: hmmsearch --domtblout /data2/PEG/hoaxaca/REAA/Pseudomonas/bin/../out/busco/trim_130clip.spades_kmer/run_pseudomonadales_odb10/hmmer_output/41129at72274.out --cpu 1 /data2/PEG/hoaxaca/REAA/Pseudomonas/bin/busco_downloads/lineages/pseudomonadales_odb10/hmms/41129at72274.hmm /data2/PEG/hoaxaca/REAA/Pseudomonas/bin/../out/busco/trim_130clip.spades_kmer/prodigal_output/predicted_genes/predicted.faa 
# Current dir:     /data2/PEG/hoaxaca/REAA/Pseudomonas/bin
# Date:            Mon Feb 20 00:27:55 2023
# [ok]
