#                                                                                             --- full sequence --- -------------- this domain -------------   hmm coord   ali coord   env coord
# target name                         accession   tlen query name           accession   qlen   E-value  score  bias   #  of  c-Evalue  i-Evalue  score  bias  from    to  from    to  from    to  acc description of target
#                 ------------------- ---------- ----- -------------------- ---------- ----- --------- ------ ----- --- --- --------- --------- ------ ----- ----- ----- ----- ----- ----- ----- ---- ---------------------
NODE_26_length_64093_cov_2.653488_48  -            231 41857at72274         -            179   1.3e-60  202.5   0.0   1   1   2.4e-63   1.9e-60  201.9   0.0     1   179     1   227     1   227 0.85 # 45841 # 46533 # 1 # ID=26_48;partial=00;start_type=ATG;rbs_motif=GGA/GAG/AGG;rbs_spacer=5-10bp;gc_cont=0.618
NODE_40_length_54044_cov_2.659031_36  -            214 41857at72274         -            179   6.7e-17   60.1   0.0   1   2   5.7e-13   4.5e-10   37.8   0.0    68   130    66   136    47   141 0.74 # 37380 # 38021 # 1 # ID=40_36;partial=00;start_type=ATG;rbs_motif=None;rbs_spacer=None;gc_cont=0.637
NODE_40_length_54044_cov_2.659031_36  -            214 41857at72274         -            179   6.7e-17   60.1   0.0   2   2   1.3e-07   0.00011   20.3   0.0   126   172   157   207   152   212 0.84 # 37380 # 38021 # 1 # ID=40_36;partial=00;start_type=ATG;rbs_motif=None;rbs_spacer=None;gc_cont=0.637
NODE_147_length_13291_cov_2.628153_12 -            417 41857at72274         -            179     6e-11   40.7   0.0   1   1   5.6e-13   4.5e-10   37.9   0.0    43   177    76   248    34   250 0.62 # 7954 # 9204 # 1 # ID=147_12;partial=00;start_type=ATG;rbs_motif=GGAGG;rbs_spacer=5-10bp;gc_cont=0.632
NODE_25_length_65367_cov_2.860270_46  -            237 41857at72274         -            179   3.5e-06   25.1   0.0   1   2   0.00077      0.61    8.1   0.0    11    65    24    82    20    89 0.74 # 33354 # 34064 # -1 # ID=25_46;partial=00;start_type=ATG;rbs_motif=None;rbs_spacer=None;gc_cont=0.616
NODE_25_length_65367_cov_2.860270_46  -            237 41857at72274         -            179   3.5e-06   25.1   0.0   2   2   1.9e-05     0.015   13.4   0.0    69   121   106   167    99   235 0.59 # 33354 # 34064 # -1 # ID=25_46;partial=00;start_type=ATG;rbs_motif=None;rbs_spacer=None;gc_cont=0.616
NODE_7_length_109814_cov_2.797259_25  -            349 41857at72274         -            179    0.0059   14.7   1.5   1   2   0.00018      0.14   10.1   0.0    67    88   157   178   141   206 0.79 # 24111 # 25157 # -1 # ID=7_25;partial=00;start_type=TTG;rbs_motif=GGA/GAG/AGG;rbs_spacer=5-10bp;gc_cont=0.597
NODE_7_length_109814_cov_2.797259_25  -            349 41857at72274         -            179    0.0059   14.7   1.5   2   2     0.029        23    3.0   0.4   125   151   245   271   220   275 0.85 # 24111 # 25157 # -1 # ID=7_25;partial=00;start_type=TTG;rbs_motif=GGA/GAG/AGG;rbs_spacer=5-10bp;gc_cont=0.597
NODE_42_length_53659_cov_2.580278_34  -            320 41857at72274         -            179     0.014   13.5   0.1   1   2       1.9   1.5e+03   -3.0   0.0    99   116    38    55    33    71 0.56 # 32689 # 33648 # 1 # ID=42_34;partial=00;start_type=ATG;rbs_motif=None;rbs_spacer=None;gc_cont=0.620
NODE_42_length_53659_cov_2.580278_34  -            320 41857at72274         -            179     0.014   13.5   0.1   2   2   5.5e-05     0.044   11.8   0.0    67    95   137   165   120   171 0.88 # 32689 # 33648 # 1 # ID=42_34;partial=00;start_type=ATG;rbs_motif=None;rbs_spacer=None;gc_cont=0.620
NODE_19_length_72343_cov_2.670530_24  -            212 41857at72274         -            179     0.015   13.4   0.0   1   1   2.8e-05     0.022   12.8   0.0    67    97    48    78     5   120 0.87 # 26557 # 27192 # 1 # ID=19_24;partial=00;start_type=ATG;rbs_motif=GGAG/GAGG;rbs_spacer=5-10bp;gc_cont=0.626
NODE_24_length_66901_cov_3.093030_5   -            160 41857at72274         -            179     0.055   11.5   0.0   1   1   0.00011     0.085   10.9   0.0   105   149    22    70    19    77 0.84 # 3532 # 4011 # 1 # ID=24_5;partial=00;start_type=ATG;rbs_motif=GGA/GAG/AGG;rbs_spacer=5-10bp;gc_cont=0.527
#
# Program:         hmmsearch
# Version:         3.1b2 (February 2015)
# Pipeline mode:   SEARCH
# Query file:      /data2/PEG/hoaxaca/REAA/Pseudomonas/bin/busco_downloads/lineages/pseudomonadales_odb10/hmms/41857at72274.hmm
# Target file:     /data2/PEG/hoaxaca/REAA/Pseudomonas/bin/../out/busco/trim_130clip.spades_kmer/prodigal_output/predicted_genes/predicted.faa
# Option settings: hmmsearch --domtblout /data2/PEG/hoaxaca/REAA/Pseudomonas/bin/../out/busco/trim_130clip.spades_kmer/run_pseudomonadales_odb10/hmmer_output/41857at72274.out --cpu 1 /data2/PEG/hoaxaca/REAA/Pseudomonas/bin/busco_downloads/lineages/pseudomonadales_odb10/hmms/41857at72274.hmm /data2/PEG/hoaxaca/REAA/Pseudomonas/bin/../out/busco/trim_130clip.spades_kmer/prodigal_output/predicted_genes/predicted.faa 
# Current dir:     /data2/PEG/hoaxaca/REAA/Pseudomonas/bin
# Date:            Mon Feb 20 00:27:56 2023
# [ok]
