#                                                                                            --- full sequence --- -------------- this domain -------------   hmm coord   ali coord   env coord
# target name                        accession   tlen query name           accession   qlen   E-value  score  bias   #  of  c-Evalue  i-Evalue  score  bias  from    to  from    to  from    to  acc description of target
#                ------------------- ---------- ----- -------------------- ---------- ----- --------- ------ ----- --- --- --------- --------- ------ ----- ----- ----- ----- ----- ----- ----- ---- ---------------------
NODE_22_length_70088_cov_2.810695_42 -            206 43900at72274         -            173   1.5e-77  257.8   0.0   1   1   3.5e-80   1.8e-77  257.6   0.0     2   173     6   198     5   198 0.91 # 52274 # 52891 # 1 # ID=22_42;partial=00;start_type=ATG;rbs_motif=AGGAG;rbs_spacer=5-10bp;gc_cont=0.579
NODE_27_length_63892_cov_2.787705_68 -            211 43900at72274         -            173   1.5e-11   43.0   0.0   1   1   1.3e-13   6.8e-11   40.9   0.0    16   170    26   201     6   204 0.75 # 56728 # 57360 # -1 # ID=27_68;partial=00;start_type=GTG;rbs_motif=AGGAG;rbs_spacer=5-10bp;gc_cont=0.633
NODE_44_length_50752_cov_2.841363_8  -            212 43900at72274         -            173   3.2e-08   32.1   0.0   1   1   6.1e-10   3.2e-07   28.9   0.0     8   149    11   182     2   202 0.76 # 11198 # 11833 # 1 # ID=44_8;partial=00;start_type=ATG;rbs_motif=GGAG/GAGG;rbs_spacer=5-10bp;gc_cont=0.616
NODE_154_length_11468_cov_2.851689_3 -            208 43900at72274         -            173   5.9e-08   31.3   0.0   1   1   3.1e-09   1.6e-06   26.6   0.0    31   172    45   202    38   203 0.77 # 2128 # 2751 # -1 # ID=154_3;partial=00;start_type=ATG;rbs_motif=None;rbs_spacer=None;gc_cont=0.599
NODE_86_length_27074_cov_2.585779_13 -            211 43900at72274         -            173   1.6e-06   26.6   0.0   1   1   1.9e-08     1e-05   24.0   0.0    30    79    47   100    40   205 0.72 # 14271 # 14903 # -1 # ID=86_13;partial=00;start_type=ATG;rbs_motif=AGGA;rbs_spacer=5-10bp;gc_cont=0.610
NODE_66_length_39098_cov_2.824177_11 -            220 43900at72274         -            173   0.00023   19.6   0.0   1   1   6.9e-07   0.00037   18.9   0.0    10    83    14    97     5   159 0.80 # 10012 # 10671 # -1 # ID=66_11;partial=00;start_type=ATG;rbs_motif=GGAGG;rbs_spacer=5-10bp;gc_cont=0.602
NODE_152_length_12011_cov_2.654691_4 -            207 43900at72274         -            173    0.0012   17.3   0.0   1   1   8.3e-06    0.0044   15.4   0.0     8    67    12    82     6   100 0.72 # 3241 # 3861 # 1 # ID=152_4;partial=00;start_type=ATG;rbs_motif=GGAG/GAGG;rbs_spacer=5-10bp;gc_cont=0.636
NODE_28_length_63385_cov_2.692940_62 -            278 43900at72274         -            173    0.0017   16.8   0.0   1   2   1.5e-05     0.008   14.6   0.0    32    75    92   141    86   151 0.86 # 59733 # 60566 # -1 # ID=28_62;partial=00;start_type=ATG;rbs_motif=AGGAG;rbs_spacer=5-10bp;gc_cont=0.628
NODE_28_length_63385_cov_2.692940_62 -            278 43900at72274         -            173    0.0017   16.8   0.0   2   2      0.65   3.4e+02   -0.5   0.0   114   168   191   250   173   253 0.68 # 59733 # 60566 # -1 # ID=28_62;partial=00;start_type=ATG;rbs_motif=AGGAG;rbs_spacer=5-10bp;gc_cont=0.628
NODE_19_length_72343_cov_2.670530_5  -            201 43900at72274         -            173    0.0031   15.9   0.0   1   1   4.9e-05     0.026   12.9   0.0    30   134    44   163    10   178 0.66 # 4156 # 4758 # -1 # ID=19_5;partial=00;start_type=ATG;rbs_motif=GGAG/GAGG;rbs_spacer=5-10bp;gc_cont=0.577
NODE_86_length_27074_cov_2.585779_7  -            201 43900at72274         -            173    0.0036   15.7   0.1   1   1   2.8e-05     0.015   13.7   0.1   101   172   126   195    13   196 0.69 # 8259 # 8861 # -1 # ID=86_7;partial=00;start_type=ATG;rbs_motif=GGAG/GAGG;rbs_spacer=5-10bp;gc_cont=0.602
NODE_2_length_144272_cov_2.753151_72 -            198 43900at72274         -            173    0.0085   14.5   0.1   1   1   3.5e-05     0.019   13.4   0.1    12   146    18   167     9   195 0.66 # 71446 # 72039 # 1 # ID=2_72;partial=00;start_type=GTG;rbs_motif=GGAGG;rbs_spacer=3-4bp;gc_cont=0.596
NODE_2_length_144272_cov_2.753151_52 -            233 43900at72274         -            173      0.03   12.7   0.0   1   2   0.00013     0.068   11.5   0.0    26    77    58   117    33   136 0.84 # 50599 # 51297 # -1 # ID=2_52;partial=00;start_type=ATG;rbs_motif=AGGAG;rbs_spacer=5-10bp;gc_cont=0.621
NODE_2_length_144272_cov_2.753151_52 -            233 43900at72274         -            173      0.03   12.7   0.0   2   2       2.8   1.5e+03   -2.6   0.0   119   135   172   188   157   193 0.79 # 50599 # 51297 # -1 # ID=2_52;partial=00;start_type=ATG;rbs_motif=AGGAG;rbs_spacer=5-10bp;gc_cont=0.621
#
# Program:         hmmsearch
# Version:         3.1b2 (February 2015)
# Pipeline mode:   SEARCH
# Query file:      /data2/PEG/hoaxaca/REAA/Pseudomonas/bin/busco_downloads/lineages/pseudomonadales_odb10/hmms/43900at72274.hmm
# Target file:     /data2/PEG/hoaxaca/REAA/Pseudomonas/bin/../out/busco/trim_130clip.spades_kmer/prodigal_output/predicted_genes/predicted.faa
# Option settings: hmmsearch --domtblout /data2/PEG/hoaxaca/REAA/Pseudomonas/bin/../out/busco/trim_130clip.spades_kmer/run_pseudomonadales_odb10/hmmer_output/43900at72274.out --cpu 1 /data2/PEG/hoaxaca/REAA/Pseudomonas/bin/busco_downloads/lineages/pseudomonadales_odb10/hmms/43900at72274.hmm /data2/PEG/hoaxaca/REAA/Pseudomonas/bin/../out/busco/trim_130clip.spades_kmer/prodigal_output/predicted_genes/predicted.faa 
# Current dir:     /data2/PEG/hoaxaca/REAA/Pseudomonas/bin
# Date:            Mon Feb 20 00:27:58 2023
# [ok]
