#                                                                                             --- full sequence --- -------------- this domain -------------   hmm coord   ali coord   env coord
# target name                         accession   tlen query name           accession   qlen   E-value  score  bias   #  of  c-Evalue  i-Evalue  score  bias  from    to  from    to  from    to  acc description of target
#                 ------------------- ---------- ----- -------------------- ---------- ----- --------- ------ ----- --- --- --------- --------- ------ ----- ----- ----- ----- ----- ----- ----- ---- ---------------------
NODE_219_length_1810_cov_2.513963_2   -            233 45939at72274         -            226  6.6e-135  446.0   0.0   1   1  3.1e-137  7.4e-135  445.9   0.0     1   225     2   231     2   232 0.98 # 395 # 1093 # 1 # ID=219_2;partial=00;start_type=ATG;rbs_motif=GGAG/GAGG;rbs_spacer=5-10bp;gc_cont=0.611
NODE_150_length_12660_cov_2.600654_12 -            250 45939at72274         -            226   1.6e-12   45.7   0.0   1   1     9e-15   2.2e-12   45.2   0.0    29   155    26   152     4   164 0.87 # 11673 # 12422 # 1 # ID=150_12;partial=00;start_type=ATG;rbs_motif=GGxGG;rbs_spacer=5-10bp;gc_cont=0.633
NODE_96_length_24520_cov_2.646497_12  -            249 45939at72274         -            226   1.3e-09   36.2   0.0   1   1   7.4e-12   1.8e-09   35.7   0.0    42   149    40   149    35   162 0.90 # 11649 # 12395 # 1 # ID=96_12;partial=00;start_type=ATG;rbs_motif=GGA/GAG/AGG;rbs_spacer=5-10bp;gc_cont=0.578
NODE_76_length_31642_cov_2.830716_10  -            271 45939at72274         -            226   4.7e-09   34.3   0.0   1   1   2.7e-11   6.6e-09   33.9   0.0    32   145    47   162    18   166 0.90 # 9939 # 10751 # 1 # ID=76_10;partial=00;start_type=ATG;rbs_motif=GGAG/GAGG;rbs_spacer=5-10bp;gc_cont=0.595
NODE_107_length_21816_cov_2.826041_22 -            395 45939at72274         -            226   1.9e-08   32.3   0.0   1   1   1.3e-10   3.1e-08   31.6   0.0    45   145   160   263   152   271 0.75 # 18369 # 19553 # -1 # ID=107_22;partial=00;start_type=ATG;rbs_motif=GGA/GAG/AGG;rbs_spacer=5-10bp;gc_cont=0.606
NODE_116_length_19524_cov_2.546631_14 -            293 45939at72274         -            226   1.9e-08   32.3   0.0   1   1   1.8e-10   4.4e-08   31.2   0.0    28   148   141   257   135   268 0.74 # 15368 # 16246 # -1 # ID=116_14;partial=00;start_type=ATG;rbs_motif=GGA/GAG/AGG;rbs_spacer=5-10bp;gc_cont=0.652
NODE_66_length_39098_cov_2.824177_29  -            385 45939at72274         -            226   2.1e-07   28.9   0.0   1   1   1.4e-09   3.3e-07   28.3   0.0    45   153   169   274   141   277 0.82 # 24096 # 25250 # -1 # ID=66_29;partial=00;start_type=GTG;rbs_motif=GGAG/GAGG;rbs_spacer=5-10bp;gc_cont=0.591
NODE_5_length_127372_cov_2.791748_105 -            292 45939at72274         -            226   4.2e-06   24.7   0.0   1   1   3.1e-08   7.5e-06   23.9   0.0    44   150   103   213    93   236 0.86 # 111910 # 112785 # -1 # ID=5_105;partial=00;start_type=ATG;rbs_motif=3Base/5BMM;rbs_spacer=13-15bp;gc_cont=0.596
NODE_44_length_50752_cov_2.841363_10  -            275 45939at72274         -            226   7.9e-06   23.8   0.0   1   1   4.7e-08   1.2e-05   23.3   0.0    47   143    53   148    47   162 0.80 # 13337 # 14161 # -1 # ID=44_10;partial=00;start_type=ATG;rbs_motif=GGAG/GAGG;rbs_spacer=5-10bp;gc_cont=0.616
NODE_49_length_49656_cov_2.774556_2   -            243 45939at72274         -            226     9e-06   23.6   0.0   1   1   5.4e-08   1.3e-05   23.1   0.0    43   146    41   142    38   147 0.87 # 134 # 862 # 1 # ID=49_2;partial=00;start_type=ATG;rbs_motif=GGAG/GAGG;rbs_spacer=5-10bp;gc_cont=0.609
NODE_139_length_15492_cov_2.670225_7  -            255 45939at72274         -            226   9.6e-06   23.5   0.0   1   1   6.1e-08   1.5e-05   22.9   0.0    45   146    45   146    35   156 0.92 # 9834 # 10598 # 1 # ID=139_7;partial=00;start_type=ATG;rbs_motif=AGGA;rbs_spacer=5-10bp;gc_cont=0.646
NODE_98_length_23363_cov_2.664615_15  -            319 45939at72274         -            226   1.4e-05   23.0   0.0   1   1   9.1e-08   2.2e-05   22.3   0.0    42   148   116   223    86   232 0.83 # 14474 # 15430 # -1 # ID=98_15;partial=00;start_type=ATG;rbs_motif=None;rbs_spacer=None;gc_cont=0.620
NODE_13_length_88136_cov_2.778170_56  -            424 45939at72274         -            226   1.9e-05   22.6   0.0   1   1   1.1e-07   2.7e-05   22.0   0.0    46   202   195   354   164   363 0.73 # 49264 # 50535 # -1 # ID=13_56;partial=00;start_type=ATG;rbs_motif=AGGA;rbs_spacer=5-10bp;gc_cont=0.602
NODE_1_length_170490_cov_2.833843_131 -            332 45939at72274         -            226   2.9e-05   21.9   0.0   1   1   1.8e-07   4.3e-05   21.4   0.0    47   154   168   273   125   281 0.78 # 151724 # 152719 # 1 # ID=1_131;partial=00;start_type=ATG;rbs_motif=None;rbs_spacer=None;gc_cont=0.619
NODE_33_length_57502_cov_2.751059_13  -            245 45939at72274         -            226   3.2e-05   21.8   0.0   1   1   1.8e-07   4.3e-05   21.4   0.0    30   146    35   151    12   164 0.81 # 15021 # 15755 # -1 # ID=33_13;partial=00;start_type=ATG;rbs_motif=AGGA;rbs_spacer=5-10bp;gc_cont=0.629
NODE_25_length_65367_cov_2.860270_70  -            227 45939at72274         -            226   0.00036   18.4   0.0   1   1   2.1e-06    0.0005   17.9   0.0    48   130    55   138    46   168 0.74 # 63504 # 64184 # 1 # ID=25_70;partial=00;start_type=ATG;rbs_motif=GGAG/GAGG;rbs_spacer=5-10bp;gc_cont=0.551
NODE_145_length_13811_cov_2.485311_4  -            219 45939at72274         -            226   0.00036   18.3   0.0   1   1     2e-06   0.00048   18.0   0.0    43    97    80   135    71   155 0.87 # 1671 # 2327 # 1 # ID=145_4;partial=00;start_type=ATG;rbs_motif=None;rbs_spacer=None;gc_cont=0.668
NODE_69_length_36162_cov_2.788150_2   -            207 45939at72274         -            226   0.00049   17.9   0.0   1   1   2.8e-06   0.00069   17.4   0.0    38   132     8    98     3   113 0.78 # 1342 # 1962 # 1 # ID=69_2;partial=00;start_type=ATG;rbs_motif=GGA/GAG/AGG;rbs_spacer=5-10bp;gc_cont=0.615
NODE_9_length_101782_cov_2.670139_91  -            217 45939at72274         -            226   0.00079   17.2   0.0   1   1   4.7e-06    0.0011   16.7   0.0    48   128    59   140    46   166 0.82 # 95061 # 95711 # -1 # ID=9_91;partial=00;start_type=ATG;rbs_motif=GGA/GAG/AGG;rbs_spacer=5-10bp;gc_cont=0.651
NODE_121_length_18029_cov_2.485588_9  -            360 45939at72274         -            226    0.0045   14.8   0.0   1   2         4   9.8e+02   -2.7   0.0   159   176   155   172   140   178 0.81 # 9637 # 10716 # -1 # ID=121_9;partial=00;start_type=ATG;rbs_motif=None;rbs_spacer=None;gc_cont=0.622
NODE_121_length_18029_cov_2.485588_9  -            360 45939at72274         -            226    0.0045   14.8   0.0   2   2   5.1e-05     0.012   13.3   0.0    28   107   186   267   172   271 0.87 # 9637 # 10716 # -1 # ID=121_9;partial=00;start_type=ATG;rbs_motif=None;rbs_spacer=None;gc_cont=0.622
NODE_24_length_66901_cov_3.093030_61  -            254 45939at72274         -            226     0.017   12.9   0.0   1   1   0.00011     0.027   12.3   0.0    47   144    33   126    19   139 0.77 # 56861 # 57622 # 1 # ID=24_61;partial=00;start_type=ATG;rbs_motif=AGGA;rbs_spacer=5-10bp;gc_cont=0.621
NODE_88_length_25724_cov_2.557878_22  -            451 45939at72274         -            226     0.023   12.4   0.3   1   2    0.0002      0.05   11.4   0.2    41   114   209   288   196   294 0.70 # 21054 # 22406 # -1 # ID=88_22;partial=00;start_type=ATG;rbs_motif=GGAG/GAGG;rbs_spacer=5-10bp;gc_cont=0.652
NODE_88_length_25724_cov_2.557878_22  -            451 45939at72274         -            226     0.023   12.4   0.3   2   2      0.31        76    0.9   0.0    63   117   257   314   252   319 0.73 # 21054 # 22406 # -1 # ID=88_22;partial=00;start_type=ATG;rbs_motif=GGAG/GAGG;rbs_spacer=5-10bp;gc_cont=0.652
NODE_69_length_36162_cov_2.788150_18  -            204 45939at72274         -            226     0.032   12.0   0.0   1   1   0.00019     0.046   11.5   0.0    36   114    54   134    44   137 0.77 # 15086 # 15697 # 1 # ID=69_18;partial=00;start_type=ATG;rbs_motif=GGAG/GAGG;rbs_spacer=5-10bp;gc_cont=0.637
NODE_4_length_135474_cov_2.802715_52  -            333 45939at72274         -            226      0.04   11.7   0.0   1   1   0.00028     0.069   10.9   0.0    43    91   190   240   181   247 0.78 # 45644 # 46642 # -1 # ID=4_52;partial=00;start_type=ATG;rbs_motif=AGGAG;rbs_spacer=5-10bp;gc_cont=0.618
NODE_7_length_109814_cov_2.797259_72  -            394 45939at72274         -            226     0.066   11.0   0.0   1   1   0.00043       0.1   10.3   0.0    43   116   249   324   246   330 0.67 # 74365 # 75546 # 1 # ID=7_72;partial=00;start_type=ATG;rbs_motif=GGA/GAG/AGG;rbs_spacer=5-10bp;gc_cont=0.643
NODE_1_length_170490_cov_2.833843_46  -            270 45939at72274         -            226     0.079   10.7   0.0   1   1   0.00087      0.21    9.3   0.0    42   145    50   150    46   157 0.63 # 53220 # 54029 # -1 # ID=1_46;partial=00;start_type=ATG;rbs_motif=GGA/GAG/AGG;rbs_spacer=5-10bp;gc_cont=0.623
#
# Program:         hmmsearch
# Version:         3.1b2 (February 2015)
# Pipeline mode:   SEARCH
# Query file:      /data2/PEG/hoaxaca/REAA/Pseudomonas/bin/busco_downloads/lineages/pseudomonadales_odb10/hmms/45939at72274.hmm
# Target file:     /data2/PEG/hoaxaca/REAA/Pseudomonas/bin/../out/busco/trim_130clip.spades_kmer/prodigal_output/predicted_genes/predicted.faa
# Option settings: hmmsearch --domtblout /data2/PEG/hoaxaca/REAA/Pseudomonas/bin/../out/busco/trim_130clip.spades_kmer/run_pseudomonadales_odb10/hmmer_output/45939at72274.out --cpu 1 /data2/PEG/hoaxaca/REAA/Pseudomonas/bin/busco_downloads/lineages/pseudomonadales_odb10/hmms/45939at72274.hmm /data2/PEG/hoaxaca/REAA/Pseudomonas/bin/../out/busco/trim_130clip.spades_kmer/prodigal_output/predicted_genes/predicted.faa 
# Current dir:     /data2/PEG/hoaxaca/REAA/Pseudomonas/bin
# Date:            Mon Feb 20 00:28:00 2023
# [ok]
