#                                                                                            --- full sequence --- -------------- this domain -------------   hmm coord   ali coord   env coord
# target name                        accession   tlen query name           accession   qlen   E-value  score  bias   #  of  c-Evalue  i-Evalue  score  bias  from    to  from    to  from    to  acc description of target
#                ------------------- ---------- ----- -------------------- ---------- ----- --------- ------ ----- --- --- --------- --------- ------ ----- ----- ----- ----- ----- ----- ----- ---- ---------------------
NODE_32_length_57774_cov_2.878276_47 -            183 46636at72274         -            152   1.9e-93  308.6   0.4   1   1   2.7e-96   2.2e-93  308.4   0.4     1   152    17   182    17   182 0.94 # 47670 # 48218 # -1 # ID=32_47;partial=00;start_type=ATG;rbs_motif=GGAG/GAGG;rbs_spacer=5-10bp;gc_cont=0.581
NODE_69_length_36162_cov_2.788150_26 -             84 46636at72274         -            152   0.00096   17.4   5.6   1   2   0.00025       0.2    9.8   1.0    74    92     7    25     2    32 0.82 # 22946 # 23197 # 1 # ID=69_26;partial=00;start_type=ATG;rbs_motif=AGGAG;rbs_spacer=5-10bp;gc_cont=0.575
NODE_69_length_36162_cov_2.788150_26 -             84 46636at72274         -            152   0.00096   17.4   5.6   2   2   0.00013      0.11   10.7   0.2    26    70    30    77    25    82 0.73 # 22946 # 23197 # 1 # ID=69_26;partial=00;start_type=ATG;rbs_motif=AGGAG;rbs_spacer=5-10bp;gc_cont=0.575
NODE_16_length_77070_cov_2.785296_42 -             82 46636at72274         -            152    0.0016   16.6   5.6   1   1   3.8e-06     0.003   15.7   5.6    28    94    17    75     2    81 0.69 # 41045 # 41290 # -1 # ID=16_42;partial=00;start_type=ATG;rbs_motif=AGGA;rbs_spacer=5-10bp;gc_cont=0.569
NODE_46_length_50405_cov_2.794821_26 -            425 46636at72274         -            152    0.0041   15.3   9.1   1   2    0.0024       1.9    6.6   0.3    68    95   337   364   331   378 0.78 # 35989 # 37263 # 1 # ID=46_26;partial=00;start_type=ATG;rbs_motif=GGAGG;rbs_spacer=5-10bp;gc_cont=0.614
NODE_46_length_50405_cov_2.794821_26 -            425 46636at72274         -            152    0.0041   15.3   9.1   2   2   7.5e-05      0.06   11.5   3.4    34    55   379   401   373   412 0.84 # 35989 # 37263 # 1 # ID=46_26;partial=00;start_type=ATG;rbs_motif=GGAGG;rbs_spacer=5-10bp;gc_cont=0.614
NODE_3_length_136382_cov_3.131195_64 -            937 46636at72274         -            152     0.022   13.0   4.9   1   2   0.00028      0.22    9.7   0.4    74    98   538   562   535   580 0.86 # 72475 # 75285 # 1 # ID=3_64;partial=00;start_type=ATG;rbs_motif=GGAGG;rbs_spacer=3-4bp;gc_cont=0.625
NODE_3_length_136382_cov_3.131195_64 -            937 46636at72274         -            152     0.022   13.0   4.9   2   2      0.01         8    4.6   0.4    32    52   589   609   582   635 0.85 # 72475 # 75285 # 1 # ID=3_64;partial=00;start_type=ATG;rbs_motif=GGAGG;rbs_spacer=3-4bp;gc_cont=0.625
NODE_20_length_71165_cov_2.962865_66 -            108 46636at72274         -            152     0.029   12.5   9.1   1   1   0.00022      0.17   10.0   9.1    37   104     9    68     4    78 0.74 # 67028 # 67351 # -1 # ID=20_66;partial=00;start_type=ATG;rbs_motif=AGGAG;rbs_spacer=5-10bp;gc_cont=0.556
NODE_1_length_170490_cov_2.833843_90 -            647 46636at72274         -            152     0.033   12.3   1.7   1   2   0.00021      0.17   10.1   0.1    72    91   241   260   233   276 0.82 # 102086 # 104026 # -1 # ID=1_90;partial=00;start_type=ATG;rbs_motif=GGAG/GAGG;rbs_spacer=5-10bp;gc_cont=0.651
NODE_1_length_170490_cov_2.833843_90 -            647 46636at72274         -            152     0.033   12.3   1.7   2   2      0.17   1.4e+02    0.6   0.2    75   101   318   344   313   355 0.74 # 102086 # 104026 # -1 # ID=1_90;partial=00;start_type=ATG;rbs_motif=GGAG/GAGG;rbs_spacer=5-10bp;gc_cont=0.651
NODE_20_length_71165_cov_2.962865_63 -            275 46636at72274         -            152      0.17   10.0  12.5   1   2    0.0034       2.7    6.2   2.0    35    52    79    96    66   105 0.66 # 62246 # 63070 # -1 # ID=20_63;partial=00;start_type=ATG;rbs_motif=None;rbs_spacer=None;gc_cont=0.615
NODE_20_length_71165_cov_2.962865_63 -            275 46636at72274         -            152      0.17   10.0  12.5   2   2   0.00053      0.42    8.8   3.1    36    55   110   129   103   133 0.89 # 62246 # 63070 # -1 # ID=20_63;partial=00;start_type=ATG;rbs_motif=None;rbs_spacer=None;gc_cont=0.615
#
# Program:         hmmsearch
# Version:         3.1b2 (February 2015)
# Pipeline mode:   SEARCH
# Query file:      /data2/PEG/hoaxaca/REAA/Pseudomonas/bin/busco_downloads/lineages/pseudomonadales_odb10/hmms/46636at72274.hmm
# Target file:     /data2/PEG/hoaxaca/REAA/Pseudomonas/bin/../out/busco/trim_130clip.spades_kmer/prodigal_output/predicted_genes/predicted.faa
# Option settings: hmmsearch --domtblout /data2/PEG/hoaxaca/REAA/Pseudomonas/bin/../out/busco/trim_130clip.spades_kmer/run_pseudomonadales_odb10/hmmer_output/46636at72274.out --cpu 1 /data2/PEG/hoaxaca/REAA/Pseudomonas/bin/busco_downloads/lineages/pseudomonadales_odb10/hmms/46636at72274.hmm /data2/PEG/hoaxaca/REAA/Pseudomonas/bin/../out/busco/trim_130clip.spades_kmer/prodigal_output/predicted_genes/predicted.faa 
# Current dir:     /data2/PEG/hoaxaca/REAA/Pseudomonas/bin
# Date:            Mon Feb 20 00:28:01 2023
# [ok]
