#                                                                                            --- full sequence --- -------------- this domain -------------   hmm coord   ali coord   env coord
# target name                        accession   tlen query name           accession   qlen   E-value  score  bias   #  of  c-Evalue  i-Evalue  score  bias  from    to  from    to  from    to  acc description of target
#                ------------------- ---------- ----- -------------------- ---------- ----- --------- ------ ----- --- --- --------- --------- ------ ----- ----- ----- ----- ----- ----- ----- ---- ---------------------
NODE_7_length_109814_cov_2.797259_35 -            151 53890at72274         -            114   1.8e-53  178.0   2.4   1   1   7.4e-55   6.7e-52  172.9   2.4     1   114    17   147    17   147 0.94 # 31696 # 32148 # -1 # ID=7_35;partial=00;start_type=ATG;rbs_motif=GGAG/GAGG;rbs_spacer=5-10bp;gc_cont=0.572
NODE_13_length_88136_cov_2.778170_76 -            162 53890at72274         -            114   1.5e-18   65.4   0.1   1   1   4.7e-20   4.2e-17   60.8   0.1     1   113     9   139     9   140 0.76 # 72457 # 72942 # 1 # ID=13_76;partial=00;start_type=ATG;rbs_motif=GGA/GAG/AGG;rbs_spacer=5-10bp;gc_cont=0.613
NODE_2_length_144272_cov_2.753151_14 -            115 53890at72274         -            114   2.5e-06   26.1   0.0   1   2   7.5e-09   6.8e-06   24.7   0.0     4    61    28    88    25    95 0.88 # 15490 # 15834 # -1 # ID=2_14;partial=00;start_type=ATG;rbs_motif=GGA/GAG/AGG;rbs_spacer=5-10bp;gc_cont=0.577
NODE_2_length_144272_cov_2.753151_14 -            115 53890at72274         -            114   2.5e-06   26.1   0.0   2   2       1.1     1e+03   -1.7   0.0   103   114    98   109    91   109 0.79 # 15490 # 15834 # -1 # ID=2_14;partial=00;start_type=ATG;rbs_motif=GGA/GAG/AGG;rbs_spacer=5-10bp;gc_cont=0.577
NODE_46_length_50405_cov_2.794821_13 -            423 53890at72274         -            114    0.0009   17.8   0.1   1   2   6.6e-06     0.006   15.2   0.0    19    53   168   202   150   219 0.85 # 17438 # 18706 # -1 # ID=46_13;partial=00;start_type=ATG;rbs_motif=GGA/GAG/AGG;rbs_spacer=5-10bp;gc_cont=0.568
NODE_46_length_50405_cov_2.794821_13 -            423 53890at72274         -            114    0.0009   17.8   0.1   2   2       1.1     1e+03   -1.7   0.0    97   112   209   224   200   226 0.82 # 17438 # 18706 # -1 # ID=46_13;partial=00;start_type=ATG;rbs_motif=GGA/GAG/AGG;rbs_spacer=5-10bp;gc_cont=0.568
NODE_66_length_39098_cov_2.824177_2  -            222 53890at72274         -            114    0.0048   15.5   0.0   1   1   9.7e-06    0.0088   14.6   0.0     2    60   141   197   140   204 0.91 # 825 # 1490 # 1 # ID=66_2;partial=00;start_type=ATG;rbs_motif=GGAG/GAGG;rbs_spacer=5-10bp;gc_cont=0.575
NODE_7_length_109814_cov_2.797259_49 -            206 53890at72274         -            114    0.0053   15.3   0.0   1   1   1.1e-05      0.01   14.5   0.0     1    63   123   186   123   204 0.86 # 44731 # 45348 # -1 # ID=7_49;partial=00;start_type=ATG;rbs_motif=GGAG/GAGG;rbs_spacer=5-10bp;gc_cont=0.628
NODE_153_length_11578_cov_2.773295_3 -            247 53890at72274         -            114    0.0074   14.9   0.0   1   2       1.7   1.5e+03   -2.2   0.0    46    71    56    81    43   103 0.63 # 3428 # 4168 # 1 # ID=153_3;partial=00;start_type=ATG;rbs_motif=AGGA;rbs_spacer=5-10bp;gc_cont=0.584
NODE_153_length_11578_cov_2.773295_3 -            247 53890at72274         -            114    0.0074   14.9   0.0   2   2   2.2e-05      0.02   13.5   0.0     1    63   145   208   145   221 0.88 # 3428 # 4168 # 1 # ID=153_3;partial=00;start_type=ATG;rbs_motif=AGGA;rbs_spacer=5-10bp;gc_cont=0.584
#
# Program:         hmmsearch
# Version:         3.1b2 (February 2015)
# Pipeline mode:   SEARCH
# Query file:      /data2/PEG/hoaxaca/REAA/Pseudomonas/bin/busco_downloads/lineages/pseudomonadales_odb10/hmms/53890at72274.hmm
# Target file:     /data2/PEG/hoaxaca/REAA/Pseudomonas/bin/../out/busco/trim_130clip.spades_kmer/prodigal_output/predicted_genes/predicted.faa
# Option settings: hmmsearch --domtblout /data2/PEG/hoaxaca/REAA/Pseudomonas/bin/../out/busco/trim_130clip.spades_kmer/run_pseudomonadales_odb10/hmmer_output/53890at72274.out --cpu 1 /data2/PEG/hoaxaca/REAA/Pseudomonas/bin/busco_downloads/lineages/pseudomonadales_odb10/hmms/53890at72274.hmm /data2/PEG/hoaxaca/REAA/Pseudomonas/bin/../out/busco/trim_130clip.spades_kmer/prodigal_output/predicted_genes/predicted.faa 
# Current dir:     /data2/PEG/hoaxaca/REAA/Pseudomonas/bin
# Date:            Mon Feb 20 00:28:07 2023
# [ok]
