#                                                                                             --- full sequence --- -------------- this domain -------------   hmm coord   ali coord   env coord
# target name                         accession   tlen query name           accession   qlen   E-value  score  bias   #  of  c-Evalue  i-Evalue  score  bias  from    to  from    to  from    to  acc description of target
#                 ------------------- ---------- ----- -------------------- ---------- ----- --------- ------ ----- --- --- --------- --------- ------ ----- ----- ----- ----- ----- ----- ----- ---- ---------------------
NODE_29_length_62543_cov_3.862471_35  -            273 55277at72274         -            186   5.1e-80  266.1   0.0   1   1   4.5e-82   2.8e-79  263.7   0.0     3   186    12   226    10   226 0.88 # 47940 # 48758 # -1 # ID=29_35;partial=00;start_type=ATG;rbs_motif=None;rbs_spacer=None;gc_cont=0.611
NODE_219_length_1810_cov_2.513963_3   -            224 55277at72274         -            186     1e-28   98.9   0.0   1   1   2.7e-31   1.7e-28   98.1   0.0     5   172     4   194     1   209 0.83 # 1098 # 1769 # 1 # ID=219_3;partial=00;start_type=GTG;rbs_motif=AGGAG;rbs_spacer=5-10bp;gc_cont=0.629
NODE_42_length_53659_cov_2.580278_35  -            221 55277at72274         -            186   2.5e-19   68.3   0.0   1   1   1.2e-21   7.8e-19   66.6   0.0     3   175     5   198     3   213 0.78 # 33635 # 34297 # 1 # ID=42_35;partial=00;start_type=GTG;rbs_motif=GGAG/GAGG;rbs_spacer=5-10bp;gc_cont=0.609
NODE_10_length_99402_cov_2.843808_70  -            218 55277at72274         -            186   1.5e-16   59.2   0.0   1   1     1e-18   6.4e-16   57.1   0.0     5   174     4   194     1   203 0.74 # 71640 # 72293 # -1 # ID=10_70;partial=00;start_type=ATG;rbs_motif=AGGA;rbs_spacer=5-10bp;gc_cont=0.602
NODE_149_length_12771_cov_2.531952_4  -            196 55277at72274         -            186   1.5e-07   29.9   0.1   1   1   6.3e-09     4e-06   25.2   0.1     8   165    10   171     4   191 0.64 # 1899 # 2486 # 1 # ID=149_4;partial=00;start_type=ATG;rbs_motif=AGGA;rbs_spacer=5-10bp;gc_cont=0.626
NODE_66_length_39098_cov_2.824177_23  -            232 55277at72274         -            186   6.4e-07   27.8   0.0   1   2   0.00023      0.14   10.4   0.0     5    36     4    35     1    43 0.83 # 19701 # 20396 # 1 # ID=66_23;partial=00;start_type=ATG;rbs_motif=GGA/GAG/AGG;rbs_spacer=5-10bp;gc_cont=0.628
NODE_66_length_39098_cov_2.824177_23  -            232 55277at72274         -            186   6.4e-07   27.8   0.0   2   2   5.8e-06    0.0036   15.6   0.0    63   162    93   198    68   204 0.80 # 19701 # 20396 # 1 # ID=66_23;partial=00;start_type=ATG;rbs_motif=GGA/GAG/AGG;rbs_spacer=5-10bp;gc_cont=0.628
NODE_49_length_49656_cov_2.774556_49  -            229 55277at72274         -            186   1.5e-05   23.3   0.0   1   2   0.00015     0.094   11.0   0.0     5    60    11    65     7    76 0.86 # 43412 # 44098 # 1 # ID=49_49;partial=00;start_type=ATG;rbs_motif=GGA/GAG/AGG;rbs_spacer=5-10bp;gc_cont=0.607
NODE_49_length_49656_cov_2.774556_49  -            229 55277at72274         -            186   1.5e-05   23.3   0.0   2   2   0.00018      0.12   10.7   0.0   111   164   134   194    95   217 0.81 # 43412 # 44098 # 1 # ID=49_49;partial=00;start_type=ATG;rbs_motif=GGA/GAG/AGG;rbs_spacer=5-10bp;gc_cont=0.607
NODE_45_length_50663_cov_2.754749_34  -            225 55277at72274         -            186   0.00015   20.1   0.1   1   1   2.4e-06    0.0015   16.8   0.1     5   165    14   188    10   193 0.67 # 29298 # 29972 # -1 # ID=45_34;partial=00;start_type=GTG;rbs_motif=GGAG/GAGG;rbs_spacer=5-10bp;gc_cont=0.637
NODE_6_length_125538_cov_2.816866_137 -            233 55277at72274         -            186   0.00057   18.2   0.0   1   2     0.002       1.2    7.3   0.0     4    36     3    35     1    50 0.81 # 120600 # 121298 # 1 # ID=6_137;partial=00;start_type=GTG;rbs_motif=GGAG/GAGG;rbs_spacer=5-10bp;gc_cont=0.598
NODE_6_length_125538_cov_2.816866_137 -            233 55277at72274         -            186   0.00057   18.2   0.0   2   2   0.00058      0.37    9.0   0.0    72   162   100   200    57   223 0.71 # 120600 # 121298 # 1 # ID=6_137;partial=00;start_type=GTG;rbs_motif=GGAG/GAGG;rbs_spacer=5-10bp;gc_cont=0.598
NODE_10_length_99402_cov_2.843808_33  -            179 55277at72274         -            186      0.02   13.1   0.0   1   1   6.6e-05     0.041   12.1   0.0   124   168   100   149    94   171 0.73 # 37485 # 38021 # -1 # ID=10_33;partial=00;start_type=ATG;rbs_motif=None;rbs_spacer=None;gc_cont=0.577
#
# Program:         hmmsearch
# Version:         3.1b2 (February 2015)
# Pipeline mode:   SEARCH
# Query file:      /data2/PEG/hoaxaca/REAA/Pseudomonas/bin/busco_downloads/lineages/pseudomonadales_odb10/hmms/55277at72274.hmm
# Target file:     /data2/PEG/hoaxaca/REAA/Pseudomonas/bin/../out/busco/trim_130clip.spades_kmer/prodigal_output/predicted_genes/predicted.faa
# Option settings: hmmsearch --domtblout /data2/PEG/hoaxaca/REAA/Pseudomonas/bin/../out/busco/trim_130clip.spades_kmer/run_pseudomonadales_odb10/hmmer_output/55277at72274.out --cpu 1 /data2/PEG/hoaxaca/REAA/Pseudomonas/bin/busco_downloads/lineages/pseudomonadales_odb10/hmms/55277at72274.hmm /data2/PEG/hoaxaca/REAA/Pseudomonas/bin/../out/busco/trim_130clip.spades_kmer/prodigal_output/predicted_genes/predicted.faa 
# Current dir:     /data2/PEG/hoaxaca/REAA/Pseudomonas/bin
# Date:            Mon Feb 20 00:28:08 2023
# [ok]
