#                                                                                            --- full sequence --- -------------- this domain -------------   hmm coord   ali coord   env coord
# target name                        accession   tlen query name           accession   qlen   E-value  score  bias   #  of  c-Evalue  i-Evalue  score  bias  from    to  from    to  from    to  acc description of target
#                ------------------- ---------- ----- -------------------- ---------- ----- --------- ------ ----- --- --- --------- --------- ------ ----- ----- ----- ----- ----- ----- ----- ---- ---------------------
NODE_4_length_135474_cov_2.802715_22 -            175 60956at72274         -            154   1.7e-72  240.8   0.2   1   1   3.7e-75     2e-72  240.7   0.2     1   153     5   164     5   165 0.96 # 20590 # 21114 # -1 # ID=4_22;partial=00;start_type=ATG;rbs_motif=GGAG/GAGG;rbs_spacer=5-10bp;gc_cont=0.615
NODE_56_length_45028_cov_2.749003_20 -            275 60956at72274         -            154   4.1e-09   35.0   0.1   1   2    0.0011      0.59    8.5   0.0    40    77    34    71     6    80 0.83 # 21612 # 22436 # -1 # ID=56_20;partial=00;start_type=ATG;rbs_motif=None;rbs_spacer=None;gc_cont=0.632
NODE_56_length_45028_cov_2.749003_20 -            275 60956at72274         -            154   4.1e-09   35.0   0.1   2   2   1.8e-08   9.3e-06   24.1   0.2    78   151   196   273   185   274 0.84 # 21612 # 22436 # -1 # ID=56_20;partial=00;start_type=ATG;rbs_motif=None;rbs_spacer=None;gc_cont=0.632
NODE_41_length_54029_cov_2.577567_43 -            440 60956at72274         -            154   1.3e-08   33.4   0.4   1   2     0.048        25    3.2   0.0     4    25   123   144   120   149 0.87 # 52710 # 54029 # -1 # ID=41_43;partial=01;start_type=Edge;rbs_motif=None;rbs_spacer=None;gc_cont=0.671
NODE_41_length_54029_cov_2.577567_43 -            440 60956at72274         -            154   1.3e-08   33.4   0.4   2   2   1.4e-09   7.5e-07   27.7   0.1    45   125   262   340   256   349 0.87 # 52710 # 54029 # -1 # ID=41_43;partial=01;start_type=Edge;rbs_motif=None;rbs_spacer=None;gc_cont=0.671
NODE_156_length_11128_cov_2.823289_2 -            405 60956at72274         -            154   6.9e-07   27.8   0.1   1   2       1.6   8.6e+02   -1.7   0.0     8    26   190   208   187   213 0.80 # 1951 # 3165 # 1 # ID=156_2;partial=00;start_type=TTG;rbs_motif=GGxGG;rbs_spacer=5-10bp;gc_cont=0.611
NODE_156_length_11128_cov_2.823289_2 -            405 60956at72274         -            154   6.9e-07   27.8   0.1   2   2     3e-07   0.00016   20.1   0.0    60   122   309   370   268   390 0.80 # 1951 # 3165 # 1 # ID=156_2;partial=00;start_type=TTG;rbs_motif=GGxGG;rbs_spacer=5-10bp;gc_cont=0.611
NODE_70_length_35067_cov_2.691156_8  -            757 60956at72274         -            154   2.3e-05   22.9   1.2   1   2   3.2e-07   0.00017   20.0   0.5    40   130   590   678   580   683 0.85 # 7108 # 9378 # -1 # ID=70_8;partial=00;start_type=ATG;rbs_motif=GGA/GAG/AGG;rbs_spacer=5-10bp;gc_cont=0.626
NODE_70_length_35067_cov_2.691156_8  -            757 60956at72274         -            154   2.3e-05   22.9   1.2   2   2      0.14        72    1.8   0.0    92   115   676   699   672   712 0.86 # 7108 # 9378 # -1 # ID=70_8;partial=00;start_type=ATG;rbs_motif=GGA/GAG/AGG;rbs_spacer=5-10bp;gc_cont=0.626
NODE_42_length_53659_cov_2.580278_35 -            221 60956at72274         -            154   0.00017   20.1   0.1   1   2     0.059        31    2.9   0.0     8    27     6    27     2    59 0.68 # 33635 # 34297 # 1 # ID=42_35;partial=00;start_type=GTG;rbs_motif=GGAG/GAGG;rbs_spacer=5-10bp;gc_cont=0.609
NODE_42_length_53659_cov_2.580278_35 -            221 60956at72274         -            154   0.00017   20.1   0.1   2   2   1.4e-05    0.0071   14.8   0.0    82   126   147   192    95   201 0.66 # 33635 # 34297 # 1 # ID=42_35;partial=00;start_type=GTG;rbs_motif=GGAG/GAGG;rbs_spacer=5-10bp;gc_cont=0.609
NODE_91_length_25104_cov_2.730872_17 -            691 60956at72274         -            154    0.0039   15.6   1.2   1   1     2e-05      0.01   14.2   1.2    43   127   467   549   440   557 0.82 # 19844 # 21916 # -1 # ID=91_17;partial=00;start_type=ATG;rbs_motif=GGA/GAG/AGG;rbs_spacer=5-10bp;gc_cont=0.646
NODE_29_length_62543_cov_3.862471_35 -            273 60956at72274         -            154     0.009   14.4   0.0   1   2       0.7   3.7e+02   -0.5   0.1     9    21    14    26    10    38 0.86 # 47940 # 48758 # -1 # ID=29_35;partial=00;start_type=ATG;rbs_motif=None;rbs_spacer=None;gc_cont=0.611
NODE_29_length_62543_cov_3.862471_35 -            273 60956at72274         -            154     0.009   14.4   0.0   2   2   0.00014     0.076   11.4   0.0    40   119   109   197    90   205 0.79 # 47940 # 48758 # -1 # ID=29_35;partial=00;start_type=ATG;rbs_motif=None;rbs_spacer=None;gc_cont=0.611
NODE_70_length_35067_cov_2.691156_16 -            219 60956at72274         -            154     0.016   13.6   0.0   1   2       1.2   6.6e+02   -1.4   0.0    46    75   102   131    97   140 0.80 # 16445 # 17101 # 1 # ID=70_16;partial=00;start_type=ATG;rbs_motif=GGA/GAG/AGG;rbs_spacer=5-10bp;gc_cont=0.603
NODE_70_length_35067_cov_2.691156_16 -            219 60956at72274         -            154     0.016   13.6   0.0   2   2   8.7e-05     0.046   12.1   0.0    78   122   153   197   121   209 0.89 # 16445 # 17101 # 1 # ID=70_16;partial=00;start_type=ATG;rbs_motif=GGA/GAG/AGG;rbs_spacer=5-10bp;gc_cont=0.603
NODE_219_length_1810_cov_2.513963_3  -            224 60956at72274         -            154     0.018   13.4   0.1   1   2      0.49   2.6e+02   -0.0   0.0     7    21     2    16     1    27 0.88 # 1098 # 1769 # 1 # ID=219_3;partial=00;start_type=GTG;rbs_motif=AGGAG;rbs_spacer=5-10bp;gc_cont=0.629
NODE_219_length_1810_cov_2.513963_3  -            224 60956at72274         -            154     0.018   13.4   0.1   2   2    0.0002       0.1   11.0   0.0    88   119   152   183   128   190 0.86 # 1098 # 1769 # 1 # ID=219_3;partial=00;start_type=GTG;rbs_motif=AGGAG;rbs_spacer=5-10bp;gc_cont=0.629
NODE_10_length_99402_cov_2.843808_70 -            218 60956at72274         -            154     0.025   13.0   0.1   1   2      0.19        98    1.3   0.0     9    22     4    17     1    27 0.85 # 71640 # 72293 # -1 # ID=10_70;partial=00;start_type=ATG;rbs_motif=AGGA;rbs_spacer=5-10bp;gc_cont=0.602
NODE_10_length_99402_cov_2.843808_70 -            218 60956at72274         -            154     0.025   13.0   0.1   2   2   0.00068      0.36    9.2   0.0    77   120   139   182   129   194 0.90 # 71640 # 72293 # -1 # ID=10_70;partial=00;start_type=ATG;rbs_motif=AGGA;rbs_spacer=5-10bp;gc_cont=0.602
NODE_186_length_6151_cov_2.685093_2  -            905 60956at72274         -            154      0.11   10.9   2.5   1   3       6.1   3.2e+03   -3.6   0.1     8    37   370   399   365   405 0.82 # 1145 # 3859 # 1 # ID=186_2;partial=00;start_type=ATG;rbs_motif=AGGAG;rbs_spacer=5-10bp;gc_cont=0.608
NODE_186_length_6151_cov_2.685093_2  -            905 60956at72274         -            154      0.11   10.9   2.5   2   3     0.067        35    2.8   0.1    38    72   557   591   553   620 0.78 # 1145 # 3859 # 1 # ID=186_2;partial=00;start_type=ATG;rbs_motif=AGGAG;rbs_spacer=5-10bp;gc_cont=0.608
NODE_186_length_6151_cov_2.685093_2  -            905 60956at72274         -            154      0.11   10.9   2.5   3   3    0.0033       1.7    7.0   0.0    87   125   629   667   619   677 0.85 # 1145 # 3859 # 1 # ID=186_2;partial=00;start_type=ATG;rbs_motif=AGGAG;rbs_spacer=5-10bp;gc_cont=0.608
#
# Program:         hmmsearch
# Version:         3.1b2 (February 2015)
# Pipeline mode:   SEARCH
# Query file:      /data2/PEG/hoaxaca/REAA/Pseudomonas/bin/busco_downloads/lineages/pseudomonadales_odb10/hmms/60956at72274.hmm
# Target file:     /data2/PEG/hoaxaca/REAA/Pseudomonas/bin/../out/busco/trim_130clip.spades_kmer/prodigal_output/predicted_genes/predicted.faa
# Option settings: hmmsearch --domtblout /data2/PEG/hoaxaca/REAA/Pseudomonas/bin/../out/busco/trim_130clip.spades_kmer/run_pseudomonadales_odb10/hmmer_output/60956at72274.out --cpu 1 /data2/PEG/hoaxaca/REAA/Pseudomonas/bin/busco_downloads/lineages/pseudomonadales_odb10/hmms/60956at72274.hmm /data2/PEG/hoaxaca/REAA/Pseudomonas/bin/../out/busco/trim_130clip.spades_kmer/prodigal_output/predicted_genes/predicted.faa 
# Current dir:     /data2/PEG/hoaxaca/REAA/Pseudomonas/bin
# Date:            Mon Feb 20 00:28:12 2023
# [ok]
