#                                                                                            --- full sequence --- -------------- this domain -------------   hmm coord   ali coord   env coord
# target name                        accession   tlen query name           accession   qlen   E-value  score  bias   #  of  c-Evalue  i-Evalue  score  bias  from    to  from    to  from    to  acc description of target
#                ------------------- ---------- ----- -------------------- ---------- ----- --------- ------ ----- --- --- --------- --------- ------ ----- ----- ----- ----- ----- ----- ----- ---- ---------------------
NODE_8_length_105283_cov_2.931587_15 -            526 6493at72274          -            459  2.3e-270  895.3   0.3   1   1  2.3e-271  1.5e-268  889.3   0.3     1   459     9   525     9   525 0.94 # 21667 # 23244 # -1 # ID=8_15;partial=00;start_type=ATG;rbs_motif=GGA/GAG/AGG;rbs_spacer=5-10bp;gc_cont=0.618
NODE_29_length_62543_cov_3.862471_32 -            198 6493at72274          -            459   1.3e-06   25.8   0.1   1   2   5.1e-05     0.032   11.3   0.0    41    88    44    94     2   117 0.70 # 43323 # 43916 # -1 # ID=29_32;partial=00;start_type=ATG;rbs_motif=AGGA/GGAG/GAGG;rbs_spacer=11-12bp;gc_cont=0.608
NODE_29_length_62543_cov_3.862471_32 -            198 6493at72274          -            459   1.3e-06   25.8   0.1   2   2   1.8e-05     0.012   12.8   0.0   120   153   160   193   151   197 0.84 # 43323 # 43916 # -1 # ID=29_32;partial=00;start_type=ATG;rbs_motif=AGGA/GGAG/GAGG;rbs_spacer=11-12bp;gc_cont=0.608
NODE_15_length_77906_cov_2.659921_64 -            198 6493at72274          -            459   7.1e-06   23.4   0.0   1   2    0.0001     0.064   10.4   0.0     5    87     6    94     2   120 0.73 # 71072 # 71665 # 1 # ID=15_64;partial=00;start_type=ATG;rbs_motif=AGGAG;rbs_spacer=5-10bp;gc_cont=0.534
NODE_15_length_77906_cov_2.659921_64 -            198 6493at72274          -            459   7.1e-06   23.4   0.0   2   2   4.7e-05      0.03   11.5   0.0   110   155   148   193   139   197 0.81 # 71072 # 71665 # 1 # ID=15_64;partial=00;start_type=ATG;rbs_motif=AGGAG;rbs_spacer=5-10bp;gc_cont=0.534
NODE_3_length_136382_cov_3.131195_51 -            379 6493at72274          -            459   0.00092   16.5   0.0   1   2      0.15        92   -0.0   0.0   379   428   147   196   138   226 0.84 # 58884 # 60020 # -1 # ID=3_51;partial=00;start_type=TTG;rbs_motif=GGAGG;rbs_spacer=5-10bp;gc_cont=0.599
NODE_3_length_136382_cov_3.131195_51 -            379 6493at72274          -            459   0.00092   16.5   0.0   2   2     6e-06    0.0038   14.4   0.0    34    86   226   282   193   294 0.69 # 58884 # 60020 # -1 # ID=3_51;partial=00;start_type=TTG;rbs_motif=GGAGG;rbs_spacer=5-10bp;gc_cont=0.599
NODE_49_length_49656_cov_2.774556_35 -            266 6493at72274          -            459     0.008   13.4   0.1   1   1    0.0004      0.25    8.4   0.1    76   141   144   216   111   249 0.54 # 31504 # 32301 # 1 # ID=49_35;partial=00;start_type=TTG;rbs_motif=GGAG/GAGG;rbs_spacer=5-10bp;gc_cont=0.575
NODE_127_length_17285_cov_2.729980_2 -            260 6493at72274          -            459     0.011   12.9   0.0   1   1   2.7e-05     0.017   12.2   0.0    63    88   103   128    87   143 0.84 # 1827 # 2606 # 1 # ID=127_2;partial=00;start_type=ATG;rbs_motif=None;rbs_spacer=None;gc_cont=0.600
NODE_5_length_127372_cov_2.791748_43 -            213 6493at72274          -            459     0.013   12.7   0.0   1   2     0.015       9.7    3.2   0.0    66    80    74    88     4    97 0.78 # 42247 # 42885 # 1 # ID=5_43;partial=00;start_type=ATG;rbs_motif=GGA/GAG/AGG;rbs_spacer=5-10bp;gc_cont=0.638
NODE_5_length_127372_cov_2.791748_43 -            213 6493at72274          -            459     0.013   12.7   0.0   2   2   0.00056      0.36    7.9   0.0   116   149   174   205   120   208 0.78 # 42247 # 42885 # 1 # ID=5_43;partial=00;start_type=ATG;rbs_motif=GGA/GAG/AGG;rbs_spacer=5-10bp;gc_cont=0.638
NODE_89_length_25616_cov_3.076307_7  -            375 6493at72274          -            459      0.02   12.1   0.0   1   2   7.9e-05      0.05   10.7   0.0   172   202    13    42     7   116 0.77 # 6935 # 8059 # -1 # ID=89_7;partial=00;start_type=ATG;rbs_motif=None;rbs_spacer=None;gc_cont=0.622
NODE_89_length_25616_cov_3.076307_7  -            375 6493at72274          -            459      0.02   12.1   0.0   2   2       0.5   3.2e+02   -1.8   0.0   299   331   161   193   151   198 0.86 # 6935 # 8059 # -1 # ID=89_7;partial=00;start_type=ATG;rbs_motif=None;rbs_spacer=None;gc_cont=0.622
NODE_7_length_109814_cov_2.797259_69 -            139 6493at72274          -            459      0.03   11.5   1.2   1   2     0.015       9.2    3.3   0.1    22    62     1    41     1    47 0.86 # 71944 # 72360 # 1 # ID=7_69;partial=00;start_type=ATG;rbs_motif=AGGA;rbs_spacer=5-10bp;gc_cont=0.590
NODE_7_length_109814_cov_2.797259_69 -            139 6493at72274          -            459      0.03   11.5   1.2   2   2   0.00066      0.42    7.7   0.2   177   234    48   105    41   128 0.81 # 71944 # 72360 # 1 # ID=7_69;partial=00;start_type=ATG;rbs_motif=AGGA;rbs_spacer=5-10bp;gc_cont=0.590
NODE_50_length_49303_cov_2.618940_24 -            638 6493at72274          -            459     0.042   11.0   0.0   1   2   0.00049      0.31    8.1   0.0     1    84   437   528   437   536 0.78 # 23447 # 25360 # 1 # ID=50_24;partial=00;start_type=ATG;rbs_motif=GGAG/GAGG;rbs_spacer=5-10bp;gc_cont=0.627
NODE_50_length_49303_cov_2.618940_24 -            638 6493at72274          -            459     0.042   11.0   0.0   2   2       0.2   1.3e+02   -0.5   0.0   127   151   596   620   587   627 0.88 # 23447 # 25360 # 1 # ID=50_24;partial=00;start_type=ATG;rbs_motif=GGAG/GAGG;rbs_spacer=5-10bp;gc_cont=0.627
#
# Program:         hmmsearch
# Version:         3.1b2 (February 2015)
# Pipeline mode:   SEARCH
# Query file:      /data2/PEG/hoaxaca/REAA/Pseudomonas/bin/busco_downloads/lineages/pseudomonadales_odb10/hmms/6493at72274.hmm
# Target file:     /data2/PEG/hoaxaca/REAA/Pseudomonas/bin/../out/busco/trim_130clip.spades_kmer/prodigal_output/predicted_genes/predicted.faa
# Option settings: hmmsearch --domtblout /data2/PEG/hoaxaca/REAA/Pseudomonas/bin/../out/busco/trim_130clip.spades_kmer/run_pseudomonadales_odb10/hmmer_output/6493at72274.out --cpu 1 /data2/PEG/hoaxaca/REAA/Pseudomonas/bin/busco_downloads/lineages/pseudomonadales_odb10/hmms/6493at72274.hmm /data2/PEG/hoaxaca/REAA/Pseudomonas/bin/../out/busco/trim_130clip.spades_kmer/prodigal_output/predicted_genes/predicted.faa 
# Current dir:     /data2/PEG/hoaxaca/REAA/Pseudomonas/bin
# Date:            Mon Feb 20 00:28:16 2023
# [ok]
