#                                                                                            --- full sequence --- -------------- this domain -------------   hmm coord   ali coord   env coord
# target name                        accession   tlen query name           accession   qlen   E-value  score  bias   #  of  c-Evalue  i-Evalue  score  bias  from    to  from    to  from    to  acc description of target
#                ------------------- ---------- ----- -------------------- ---------- ----- --------- ------ ----- --- --- --------- --------- ------ ----- ----- ----- ----- ----- ----- ----- ---- ---------------------
NODE_1_length_170490_cov_2.833843_18 -            617 7044at72274          -            498  2.5e-278  922.2  34.7   1   3     9e-84   1.4e-80  269.9   3.7     1   153     8   172     8   180 0.96 # 19266 # 21116 # 1 # ID=1_18;partial=00;start_type=ATG;rbs_motif=GGA/GAG/AGG;rbs_spacer=5-10bp;gc_cont=0.577
NODE_1_length_170490_cov_2.833843_18 -            617 7044at72274          -            498  2.5e-278  922.2  34.7   2   3   2.3e-19   3.6e-16   57.5   5.8   150   247   195   323   188   349 0.74 # 19266 # 21116 # 1 # ID=1_18;partial=00;start_type=ATG;rbs_motif=GGA/GAG/AGG;rbs_spacer=5-10bp;gc_cont=0.577
NODE_1_length_170490_cov_2.833843_18 -            617 7044at72274          -            498  2.5e-278  922.2  34.7   3   3  1.6e-185  2.5e-182  605.6  10.0   235   498   353   616   335   616 0.97 # 19266 # 21116 # 1 # ID=1_18;partial=00;start_type=ATG;rbs_motif=GGA/GAG/AGG;rbs_spacer=5-10bp;gc_cont=0.577
NODE_23_length_67852_cov_2.767885_53 -            335 7044at72274          -            498   1.5e-65  220.4   0.3   1   2    0.0042       6.7    3.8   0.0    79   113    53    87    11    94 0.78 # 62932 # 63936 # 1 # ID=23_53;partial=00;start_type=ATG;rbs_motif=AGGA;rbs_spacer=5-10bp;gc_cont=0.559
NODE_23_length_67852_cov_2.767885_53 -            335 7044at72274          -            498   1.5e-65  220.4   0.3   2   2   5.6e-67   8.9e-64  214.5   0.6   261   485    96   320    88   330 0.97 # 62932 # 63936 # 1 # ID=23_53;partial=00;start_type=ATG;rbs_motif=AGGA;rbs_spacer=5-10bp;gc_cont=0.559
NODE_69_length_36162_cov_2.788150_12 -            285 7044at72274          -            498   5.3e-22   76.8   0.2   1   1   4.8e-25   7.5e-22   76.2   0.2   260   484    50   279    40   283 0.85 # 7929 # 8783 # -1 # ID=69_12;partial=00;start_type=ATG;rbs_motif=GGAGG;rbs_spacer=5-10bp;gc_cont=0.587
NODE_138_length_15551_cov_2.727178_4 -            247 7044at72274          -            498   7.4e-09   33.4   0.1   1   1     1e-11   1.6e-08   32.3   0.1   256   484    12   237     6   240 0.84 # 2365 # 3105 # -1 # ID=138_4;partial=00;start_type=ATG;rbs_motif=AGGA;rbs_spacer=5-10bp;gc_cont=0.588
#
# Program:         hmmsearch
# Version:         3.1b2 (February 2015)
# Pipeline mode:   SEARCH
# Query file:      /data2/PEG/hoaxaca/REAA/Pseudomonas/bin/busco_downloads/lineages/pseudomonadales_odb10/hmms/7044at72274.hmm
# Target file:     /data2/PEG/hoaxaca/REAA/Pseudomonas/bin/../out/busco/trim_130clip.spades_kmer/prodigal_output/predicted_genes/predicted.faa
# Option settings: hmmsearch --domtblout /data2/PEG/hoaxaca/REAA/Pseudomonas/bin/../out/busco/trim_130clip.spades_kmer/run_pseudomonadales_odb10/hmmer_output/7044at72274.out --cpu 1 /data2/PEG/hoaxaca/REAA/Pseudomonas/bin/busco_downloads/lineages/pseudomonadales_odb10/hmms/7044at72274.hmm /data2/PEG/hoaxaca/REAA/Pseudomonas/bin/../out/busco/trim_130clip.spades_kmer/prodigal_output/predicted_genes/predicted.faa 
# Current dir:     /data2/PEG/hoaxaca/REAA/Pseudomonas/bin
# Date:            Mon Feb 20 00:28:19 2023
# [ok]
