#                                                                                            --- full sequence --- -------------- this domain -------------   hmm coord   ali coord   env coord
# target name                        accession   tlen query name           accession   qlen   E-value  score  bias   #  of  c-Evalue  i-Evalue  score  bias  from    to  from    to  from    to  acc description of target
#                ------------------- ---------- ----- -------------------- ---------- ----- --------- ------ ----- --- --- --------- --------- ------ ----- ----- ----- ----- ----- ----- ----- ---- ---------------------
NODE_10_length_99402_cov_2.843808_10 -            515 7643at72274          -            442  5.3e-269  890.7   6.5   1   1  7.4e-272  6.7e-269  890.3   6.5     1   421     1   446     1   469 0.95 # 10652 # 12196 # -1 # ID=10_10;partial=00;start_type=ATG;rbs_motif=GGA/GAG/AGG;rbs_spacer=11-12bp;gc_cont=0.572
NODE_95_length_24932_cov_2.542391_14 -            441 7643at72274          -            442   1.6e-26   91.5   0.1   1   1   1.6e-28   1.4e-25   88.4   0.1    77   382    85   390    57   427 0.85 # 9778 # 11100 # 1 # ID=95_14;partial=00;start_type=ATG;rbs_motif=GGAG/GAGG;rbs_spacer=5-10bp;gc_cont=0.652
NODE_7_length_109814_cov_2.797259_80 -            453 7643at72274          -            442   4.8e-24   83.3   0.1   1   1   9.4e-27   8.5e-24   82.5   0.1    88   353   103   368    67   411 0.80 # 82286 # 83644 # -1 # ID=7_80;partial=00;start_type=ATG;rbs_motif=GGA/GAG/AGG;rbs_spacer=5-10bp;gc_cont=0.658
NODE_10_length_99402_cov_2.843808_8  -            460 7643at72274          -            442   2.1e-21   74.6   0.2   1   1   1.7e-23   1.5e-20   71.8   0.2    74   352    62   342     3   410 0.71 # 8334 # 9713 # -1 # ID=10_8;partial=00;start_type=ATG;rbs_motif=GGAG/GAGG;rbs_spacer=5-10bp;gc_cont=0.572
NODE_13_length_88136_cov_2.778170_22 -            449 7643at72274          -            442   4.8e-21   73.4   0.1   1   1   4.9e-23   4.4e-20   70.3   0.1    83   409    92   424    53   441 0.75 # 22290 # 23636 # 1 # ID=13_22;partial=00;start_type=ATG;rbs_motif=GGA/GAG/AGG;rbs_spacer=5-10bp;gc_cont=0.657
NODE_43_length_52922_cov_2.717890_24 -            420 7643at72274          -            442    0.0026   15.0   0.1   1   1   4.3e-06    0.0039   14.4   0.1   137   199   160   224   153   278 0.79 # 23971 # 25230 # -1 # ID=43_24;partial=00;start_type=ATG;rbs_motif=None;rbs_spacer=None;gc_cont=0.571
NODE_9_length_101782_cov_2.670139_39 -             92 7643at72274          -            442    0.0076   13.5   0.2   1   1   9.4e-06    0.0085   13.3   0.2   378   437    13    73     2    78 0.87 # 39243 # 39518 # 1 # ID=9_39;partial=00;start_type=ATG;rbs_motif=GGAGG;rbs_spacer=5-10bp;gc_cont=0.605
#
# Program:         hmmsearch
# Version:         3.1b2 (February 2015)
# Pipeline mode:   SEARCH
# Query file:      /data2/PEG/hoaxaca/REAA/Pseudomonas/bin/busco_downloads/lineages/pseudomonadales_odb10/hmms/7643at72274.hmm
# Target file:     /data2/PEG/hoaxaca/REAA/Pseudomonas/bin/../out/busco/trim_130clip.spades_kmer/prodigal_output/predicted_genes/predicted.faa
# Option settings: hmmsearch --domtblout /data2/PEG/hoaxaca/REAA/Pseudomonas/bin/../out/busco/trim_130clip.spades_kmer/run_pseudomonadales_odb10/hmmer_output/7643at72274.out --cpu 1 /data2/PEG/hoaxaca/REAA/Pseudomonas/bin/busco_downloads/lineages/pseudomonadales_odb10/hmms/7643at72274.hmm /data2/PEG/hoaxaca/REAA/Pseudomonas/bin/../out/busco/trim_130clip.spades_kmer/prodigal_output/predicted_genes/predicted.faa 
# Current dir:     /data2/PEG/hoaxaca/REAA/Pseudomonas/bin
# Date:            Mon Feb 20 00:28:21 2023
# [ok]
