#                                                                                             --- full sequence --- -------------- this domain -------------   hmm coord   ali coord   env coord
# target name                         accession   tlen query name           accession   qlen   E-value  score  bias   #  of  c-Evalue  i-Evalue  score  bias  from    to  from    to  from    to  acc description of target
#                 ------------------- ---------- ----- -------------------- ---------- ----- --------- ------ ----- --- --- --------- --------- ------ ----- ----- ----- ----- ----- ----- ----- ---- ---------------------
NODE_201_length_3696_cov_2.612777_1   -            275 8435at72274          -            458  2.5e-100  334.9   0.5   1   2  3.6e-100   4.3e-98  327.6   0.1     1   207     7   233     7   235 0.94 # 2 # 826 # -1 # ID=201_1;partial=10;start_type=ATG;rbs_motif=GGA/GAG/AGG;rbs_spacer=5-10bp;gc_cont=0.647
NODE_201_length_3696_cov_2.612777_1   -            275 8435at72274          -            458  2.5e-100  334.9   0.5   2   2     0.013       1.5    6.0   0.0   205   221   259   275   247   275 0.83 # 2 # 826 # -1 # ID=201_1;partial=10;start_type=ATG;rbs_motif=GGA/GAG/AGG;rbs_spacer=5-10bp;gc_cont=0.647
NODE_161_length_9756_cov_2.598816_1   -            388 8435at72274          -            458   1.7e-62  210.2   0.5   1   4   8.4e-22   9.8e-20   69.2   0.2   222   282     1    63     1    68 0.96 # 2 # 1165 # 1 # ID=161_1;partial=10;start_type=Edge;rbs_motif=None;rbs_spacer=None;gc_cont=0.669
NODE_161_length_9756_cov_2.598816_1   -            388 8435at72274          -            458   1.7e-62  210.2   0.5   2   4   0.00027     0.032   11.5   0.0   250   319    72   145    66   180 0.70 # 2 # 1165 # 1 # ID=161_1;partial=10;start_type=Edge;rbs_motif=None;rbs_spacer=None;gc_cont=0.669
NODE_161_length_9756_cov_2.598816_1   -            388 8435at72274          -            458   1.7e-62  210.2   0.5   3   4   2.8e-19   3.2e-17   60.9   0.0   331   409   193   300   160   307 0.80 # 2 # 1165 # 1 # ID=161_1;partial=10;start_type=Edge;rbs_motif=None;rbs_spacer=None;gc_cont=0.669
NODE_161_length_9756_cov_2.598816_1   -            388 8435at72274          -            458   1.7e-62  210.2   0.5   4   4   3.7e-20   4.4e-18   63.8   0.0   407   458   326   377   323   377 0.96 # 2 # 1165 # 1 # ID=161_1;partial=10;start_type=Edge;rbs_motif=None;rbs_spacer=None;gc_cont=0.669
NODE_12_length_92454_cov_2.886133_24  -            436 8435at72274          -            458   1.4e-12   45.7   1.0   1   2   3.1e-10   3.6e-08   31.1   0.8   208   249    29    71    17    85 0.90 # 26072 # 27379 # 1 # ID=12_24;partial=00;start_type=ATG;rbs_motif=AGGA/GGAG/GAGG;rbs_spacer=11-12bp;gc_cont=0.609
NODE_12_length_92454_cov_2.886133_24  -            436 8435at72274          -            458   1.4e-12   45.7   1.0   2   2   0.00012     0.014   12.7   0.0   400   439   346   386   304   389 0.85 # 26072 # 27379 # 1 # ID=12_24;partial=00;start_type=ATG;rbs_motif=AGGA/GGAG/GAGG;rbs_spacer=11-12bp;gc_cont=0.609
NODE_159_length_10803_cov_2.843574_6  -            434 8435at72274          -            458   1.6e-11   42.2   0.2   1   2   6.6e-06   0.00077   16.8   0.2   208   244     2    40     1    52 0.83 # 4930 # 6231 # -1 # ID=159_6;partial=00;start_type=ATG;rbs_motif=GGAG/GAGG;rbs_spacer=5-10bp;gc_cont=0.619
NODE_159_length_10803_cov_2.843574_6  -            434 8435at72274          -            458   1.6e-11   42.2   0.2   2   2   7.9e-08   9.3e-06   23.2   0.0   391   445   353   409   327   416 0.86 # 4930 # 6231 # -1 # ID=159_6;partial=00;start_type=ATG;rbs_motif=GGAG/GAGG;rbs_spacer=5-10bp;gc_cont=0.619
NODE_7_length_109814_cov_2.797259_28  -            370 8435at72274          -            458   1.8e-11   42.0   0.0   1   2   2.5e-08   2.9e-06   24.9   0.1   203   251     1    50     1    82 0.85 # 26590 # 27699 # -1 # ID=7_28;partial=00;start_type=ATG;rbs_motif=GGA/GAG/AGG;rbs_spacer=5-10bp;gc_cont=0.625
NODE_7_length_109814_cov_2.797259_28  -            370 8435at72274          -            458   1.8e-11   42.0   0.0   2   2     3e-05    0.0035   14.7   0.0   365   438   274   351   255   360 0.76 # 26590 # 27699 # -1 # ID=7_28;partial=00;start_type=ATG;rbs_motif=GGA/GAG/AGG;rbs_spacer=5-10bp;gc_cont=0.625
NODE_148_length_13265_cov_2.709849_10 -            414 8435at72274          -            458   2.8e-10   38.1   1.0   1   2   3.8e-07   4.4e-05   20.9   0.3   206   245     2    43     1    74 0.75 # 6668 # 7909 # 1 # ID=148_10;partial=00;start_type=ATG;rbs_motif=GGA/GAG/AGG;rbs_spacer=5-10bp;gc_cont=0.655
NODE_148_length_13265_cov_2.709849_10 -            414 8435at72274          -            458   2.8e-10   38.1   1.0   2   2   1.4e-05    0.0017   15.7   0.0   390   441   349   402   332   408 0.86 # 6668 # 7909 # 1 # ID=148_10;partial=00;start_type=ATG;rbs_motif=GGA/GAG/AGG;rbs_spacer=5-10bp;gc_cont=0.655
NODE_126_length_17502_cov_2.727655_14 -            418 8435at72274          -            458   4.2e-09   34.2   0.3   1   2   5.6e-08   6.6e-06   23.7   0.2   208   250     8    52     5    68 0.85 # 15005 # 16258 # -1 # ID=126_14;partial=00;start_type=ATG;rbs_motif=GGA/GAG/AGG;rbs_spacer=11-12bp;gc_cont=0.633
NODE_126_length_17502_cov_2.727655_14 -            418 8435at72274          -            458   4.2e-09   34.2   0.3   2   2    0.0022      0.26    8.5   0.0   388   438   350   402   325   409 0.78 # 15005 # 16258 # -1 # ID=126_14;partial=00;start_type=ATG;rbs_motif=GGA/GAG/AGG;rbs_spacer=11-12bp;gc_cont=0.633
NODE_99_length_23052_cov_2.788310_1   -            161 8435at72274          -            458   2.5e-08   31.7   0.4   1   2   2.8e-10   3.2e-08   31.3   0.0   208   256    25    74    19    94 0.91 # 1 # 483 # -1 # ID=99_1;partial=10;start_type=ATG;rbs_motif=GGAG/GAGG;rbs_spacer=5-10bp;gc_cont=0.677
NODE_99_length_23052_cov_2.788310_1   -            161 8435at72274          -            458   2.5e-08   31.7   0.4   2   2       9.9   1.2e+03   -3.5   0.1   215   237   130   153   129   158 0.76 # 1 # 483 # -1 # ID=99_1;partial=10;start_type=ATG;rbs_motif=GGAG/GAGG;rbs_spacer=5-10bp;gc_cont=0.677
NODE_159_length_10803_cov_2.843574_9  -            431 8435at72274          -            458   2.5e-07   28.4   0.9   1   2   1.1e-08   1.3e-06   26.0   0.4   208   249    32    74    23    86 0.90 # 7474 # 8766 # 1 # ID=159_9;partial=00;start_type=ATG;rbs_motif=GGA/GAG/AGG;rbs_spacer=5-10bp;gc_cont=0.633
NODE_159_length_10803_cov_2.843574_9  -            431 8435at72274          -            458   2.5e-07   28.4   0.9   2   2      0.73        85    0.2   0.0   400   438   349   390   303   394 0.83 # 7474 # 8766 # 1 # ID=159_9;partial=00;start_type=ATG;rbs_motif=GGA/GAG/AGG;rbs_spacer=5-10bp;gc_cont=0.633
NODE_117_length_19029_cov_2.729394_19 -            433 8435at72274          -            458   3.2e-07   28.0   0.7   1   2   3.9e-08   4.6e-06   24.2   0.4   207   249    32    75    21    83 0.90 # 17519 # 18817 # 1 # ID=117_19;partial=00;start_type=ATG;rbs_motif=None;rbs_spacer=None;gc_cont=0.603
NODE_117_length_19029_cov_2.729394_19 -            433 8435at72274          -            458   3.2e-07   28.0   0.7   2   2      0.26        31    1.7   0.0   389   436   342   389   317   396 0.75 # 17519 # 18817 # 1 # ID=117_19;partial=00;start_type=ATG;rbs_motif=None;rbs_spacer=None;gc_cont=0.603
NODE_126_length_17502_cov_2.727655_11 -            428 8435at72274          -            458   6.1e-07   27.1   0.2   1   2   1.3e-06   0.00015   19.2   0.1   208   248    31    72    24    85 0.89 # 11306 # 12589 # -1 # ID=126_11;partial=00;start_type=ATG;rbs_motif=GGAG/GAGG;rbs_spacer=5-10bp;gc_cont=0.618
NODE_126_length_17502_cov_2.727655_11 -            428 8435at72274          -            458   6.1e-07   27.1   0.2   2   2     0.017         2    5.6   0.0   400   439   347   387   321   392 0.89 # 11306 # 12589 # -1 # ID=126_11;partial=00;start_type=ATG;rbs_motif=GGAG/GAGG;rbs_spacer=5-10bp;gc_cont=0.618
NODE_81_length_29633_cov_2.861215_26  -            428 8435at72274          -            458   1.5e-06   25.8   0.1   1   2   4.9e-08   5.7e-06   23.9   0.2   208   253    29    75    17    82 0.90 # 23243 # 24526 # -1 # ID=81_26;partial=00;start_type=ATG;rbs_motif=GGAG/GAGG;rbs_spacer=5-10bp;gc_cont=0.635
NODE_81_length_29633_cov_2.861215_26  -            428 8435at72274          -            458   1.5e-06   25.8   0.1   2   2       4.4   5.2e+02   -2.4   0.0   120   158   152   190   150   197 0.84 # 23243 # 24526 # -1 # ID=81_26;partial=00;start_type=ATG;rbs_motif=GGAG/GAGG;rbs_spacer=5-10bp;gc_cont=0.635
NODE_46_length_50405_cov_2.794821_25  -            456 8435at72274          -            458   1.6e-06   25.7   0.1   1   2   3.4e-07     4e-05   21.1   0.0   204   257   138   190   128   236 0.80 # 34622 # 35989 # 1 # ID=46_25;partial=00;start_type=GTG;rbs_motif=GGAG/GAGG;rbs_spacer=5-10bp;gc_cont=0.645
NODE_46_length_50405_cov_2.794821_25  -            456 8435at72274          -            458   1.6e-06   25.7   0.1   2   2      0.16        19    2.4   0.0   206   249   274   320   259   342 0.79 # 34622 # 35989 # 1 # ID=46_25;partial=00;start_type=GTG;rbs_motif=GGAG/GAGG;rbs_spacer=5-10bp;gc_cont=0.645
NODE_192_length_4260_cov_2.615292_2   -            680 8435at72274          -            458   2.6e-06   25.0   0.6   1   2   8.9e-08     1e-05   23.0   0.2   206   242   377   413   371   421 0.87 # 654 # 2693 # -1 # ID=192_2;partial=00;start_type=ATG;rbs_motif=GGAG/GAGG;rbs_spacer=5-10bp;gc_cont=0.636
NODE_192_length_4260_cov_2.615292_2   -            680 8435at72274          -            458   2.6e-06   25.0   0.6   2   2       1.5   1.8e+02   -0.9   0.0   206   234   500   528   497   536 0.85 # 654 # 2693 # -1 # ID=192_2;partial=00;start_type=ATG;rbs_motif=GGAG/GAGG;rbs_spacer=5-10bp;gc_cont=0.636
NODE_70_length_35067_cov_2.691156_3   -            375 8435at72274          -            458   3.1e-06   24.7   0.2   1   1   3.9e-08   4.6e-06   24.2   0.2   208   244     3    40     1    50 0.88 # 922 # 2046 # -1 # ID=70_3;partial=00;start_type=ATG;rbs_motif=GGAG/GAGG;rbs_spacer=5-10bp;gc_cont=0.640
NODE_78_length_31089_cov_2.819165_27  -            652 8435at72274          -            458   3.9e-06   24.4   0.1   1   1   5.3e-08   6.2e-06   23.8   0.1   196   242   377   423   356   466 0.83 # 26728 # 28683 # 1 # ID=78_27;partial=00;start_type=ATG;rbs_motif=GGAG/GAGG;rbs_spacer=5-10bp;gc_cont=0.639
NODE_99_length_23052_cov_2.788310_18  -            434 8435at72274          -            458   3.9e-06   24.4   0.1   1   2   1.5e-06   0.00018   18.9   0.1   205   252    24    74    15   104 0.82 # 16101 # 17402 # -1 # ID=99_18;partial=00;start_type=ATG;rbs_motif=GGAG/GAGG;rbs_spacer=5-10bp;gc_cont=0.641
NODE_99_length_23052_cov_2.788310_18  -            434 8435at72274          -            458   3.9e-06   24.4   0.1   2   2     0.083       9.8    3.3   0.0   399   451   354   404   317   407 0.77 # 16101 # 17402 # -1 # ID=99_18;partial=00;start_type=ATG;rbs_motif=GGAG/GAGG;rbs_spacer=5-10bp;gc_cont=0.641
NODE_1_length_170490_cov_2.833843_81  -            417 8435at72274          -            458   1.2e-05   22.8   0.0   1   2      0.02       2.3    5.4   0.0   207   243    33    71     8   112 0.81 # 91333 # 92583 # -1 # ID=1_81;partial=00;start_type=ATG;rbs_motif=GGAG/GAGG;rbs_spacer=5-10bp;gc_cont=0.627
NODE_1_length_170490_cov_2.833843_81  -            417 8435at72274          -            458   1.2e-05   22.8   0.0   2   2   2.6e-05     0.003   14.9   0.0   370   444   315   393   274   401 0.82 # 91333 # 92583 # -1 # ID=1_81;partial=00;start_type=ATG;rbs_motif=GGAG/GAGG;rbs_spacer=5-10bp;gc_cont=0.627
NODE_11_length_99293_cov_2.901488_60  -            353 8435at72274          -            458   1.2e-05   22.8   1.0   1   2   1.1e-07   1.2e-05   22.8   1.0   207   242     7    43     3    55 0.85 # 51402 # 52460 # -1 # ID=11_60;partial=00;start_type=ATG;rbs_motif=GGAG/GAGG;rbs_spacer=5-10bp;gc_cont=0.603
NODE_11_length_99293_cov_2.901488_60  -            353 8435at72274          -            458   1.2e-05   22.8   1.0   2   2       6.7   7.8e+02   -3.0   0.0   393   432   289   329   285   340 0.65 # 51402 # 52460 # -1 # ID=11_60;partial=00;start_type=ATG;rbs_motif=GGAG/GAGG;rbs_spacer=5-10bp;gc_cont=0.603
NODE_1_length_170490_cov_2.833843_91  -            687 8435at72274          -            458   1.3e-05   22.7   0.0   1   2   5.7e-07   6.7e-05   20.3   0.0   207   240   391   424   374   436 0.88 # 104076 # 106136 # -1 # ID=1_91;partial=00;start_type=ATG;rbs_motif=GGAG/GAGG;rbs_spacer=5-10bp;gc_cont=0.624
NODE_1_length_170490_cov_2.833843_91  -            687 8435at72274          -            458   1.3e-05   22.7   0.0   2   2       1.2   1.4e+02   -0.5   0.0   217   239   528   550   515   616 0.82 # 104076 # 106136 # -1 # ID=1_91;partial=00;start_type=ATG;rbs_motif=GGAG/GAGG;rbs_spacer=5-10bp;gc_cont=0.624
NODE_123_length_17788_cov_2.944171_14 -            368 8435at72274          -            458   1.7e-05   22.3   0.2   1   2   5.4e-07   6.3e-05   20.4   0.1   207   245     4    43     1    58 0.85 # 15412 # 16515 # 1 # ID=123_14;partial=00;start_type=ATG;rbs_motif=GGAGG;rbs_spacer=5-10bp;gc_cont=0.651
NODE_123_length_17788_cov_2.944171_14 -            368 8435at72274          -            458   1.7e-05   22.3   0.2   2   2       2.3   2.7e+02   -1.4   0.0   398   440   308   353   284   366 0.68 # 15412 # 16515 # 1 # ID=123_14;partial=00;start_type=ATG;rbs_motif=GGAGG;rbs_spacer=5-10bp;gc_cont=0.651
NODE_58_length_43383_cov_2.661111_11  -            525 8435at72274          -            458   1.8e-05   22.2   0.8   1   2   5.8e-07   6.8e-05   20.3   0.5   205   237    49    81     8    89 0.92 # 12902 # 14476 # 1 # ID=58_11;partial=00;start_type=ATG;rbs_motif=AGGAG;rbs_spacer=5-10bp;gc_cont=0.636
NODE_58_length_43383_cov_2.661111_11  -            525 8435at72274          -            458   1.8e-05   22.2   0.8   2   2       2.1   2.4e+02   -1.3   0.0   327   346   164   183   146   191 0.83 # 12902 # 14476 # 1 # ID=58_11;partial=00;start_type=ATG;rbs_motif=AGGAG;rbs_spacer=5-10bp;gc_cont=0.636
NODE_1_length_170490_cov_2.833843_117 -            393 8435at72274          -            458   3.1e-05   21.5   1.2   1   1   3.8e-07   4.4e-05   20.9   1.2   205   241     2    38     1    48 0.90 # 136008 # 137186 # 1 # ID=1_117;partial=00;start_type=GTG;rbs_motif=GGAG/GAGG;rbs_spacer=5-10bp;gc_cont=0.619
NODE_43_length_52922_cov_2.717890_1   -            173 8435at72274          -            458   4.4e-05   20.9   0.1   1   2     7e-07   8.2e-05   20.1   0.0   208   265     6    63     1    70 0.92 # 1 # 519 # -1 # ID=43_1;partial=10;start_type=ATG;rbs_motif=GGA/GAG/AGG;rbs_spacer=5-10bp;gc_cont=0.682
NODE_43_length_52922_cov_2.717890_1   -            173 8435at72274          -            458   4.4e-05   20.9   0.1   2   2       5.7   6.7e+02   -2.7   0.0   409   439    85   115    83   125 0.77 # 1 # 519 # -1 # ID=43_1;partial=10;start_type=ATG;rbs_motif=GGA/GAG/AGG;rbs_spacer=5-10bp;gc_cont=0.682
NODE_13_length_88136_cov_2.778170_65  -            329 8435at72274          -            458   0.00011   19.6   0.0   1   1   1.1e-06   0.00013   19.4   0.0   209   242     5    38     1    96 0.88 # 57438 # 58424 # -1 # ID=13_65;partial=00;start_type=ATG;rbs_motif=GGAG/GAGG;rbs_spacer=5-10bp;gc_cont=0.652
NODE_20_length_71165_cov_2.962865_44  -            513 8435at72274          -            458   0.00013   19.4   0.0   1   1   1.7e-06    0.0002   18.7   0.0   208   270    16    79    10    97 0.87 # 42967 # 44505 # -1 # ID=20_44;partial=00;start_type=ATG;rbs_motif=GGAG/GAGG;rbs_spacer=5-10bp;gc_cont=0.620
NODE_63_length_40412_cov_2.705970_19  -            378 8435at72274          -            458   0.00014   19.2   0.2   1   1   1.7e-06   0.00019   18.8   0.2   203   240     1    38     1    69 0.89 # 21557 # 22690 # 1 # ID=63_19;partial=00;start_type=ATG;rbs_motif=GGAG/GAGG;rbs_spacer=5-10bp;gc_cont=0.631
NODE_27_length_63892_cov_2.787705_43  -            430 8435at72274          -            458   0.00017   19.0   0.5   1   2   0.00088       0.1    9.8   0.1   207   241     8    42     2    48 0.86 # 35779 # 37068 # 1 # ID=27_43;partial=00;start_type=ATG;rbs_motif=AGGA;rbs_spacer=5-10bp;gc_cont=0.647
NODE_27_length_63892_cov_2.787705_43  -            430 8435at72274          -            458   0.00017   19.0   0.5   2   2    0.0058      0.68    7.1   0.0   204   234   166   196   157   202 0.90 # 35779 # 37068 # 1 # ID=27_43;partial=00;start_type=ATG;rbs_motif=AGGA;rbs_spacer=5-10bp;gc_cont=0.647
NODE_37_length_55328_cov_2.659318_35  -            518 8435at72274          -            458   0.00033   18.1   2.6   1   2    0.0092       1.1    6.5   1.0   185   233   187   238   178   246 0.77 # 26280 # 27833 # 1 # ID=37_35;partial=00;start_type=ATG;rbs_motif=AGGA;rbs_spacer=5-10bp;gc_cont=0.600
NODE_37_length_55328_cov_2.659318_35  -            518 8435at72274          -            458   0.00033   18.1   2.6   2   2    0.0004     0.047   11.0   0.0   204   240   352   388   347   412 0.84 # 26280 # 27833 # 1 # ID=37_35;partial=00;start_type=ATG;rbs_motif=AGGA;rbs_spacer=5-10bp;gc_cont=0.600
NODE_1_length_170490_cov_2.833843_27  -            568 8435at72274          -            458   0.00037   17.9   0.3   1   2   2.8e-05    0.0033   14.8   0.2   192   238    38    84    35    90 0.86 # 32585 # 34288 # 1 # ID=1_27;partial=00;start_type=ATG;rbs_motif=GGA/GAG/AGG;rbs_spacer=5-10bp;gc_cont=0.616
NODE_1_length_170490_cov_2.833843_27  -            568 8435at72274          -            458   0.00037   17.9   0.3   2   2       0.5        59    0.8   0.0    91   166   288   366   220   377 0.75 # 32585 # 34288 # 1 # ID=1_27;partial=00;start_type=ATG;rbs_motif=GGA/GAG/AGG;rbs_spacer=5-10bp;gc_cont=0.616
NODE_40_length_54044_cov_2.659031_51  -            411 8435at72274          -            458    0.0005   17.5   0.0   1   1   5.8e-06   0.00068   17.0   0.0   207   320     9   124     3   138 0.75 # 51979 # 53211 # -1 # ID=40_51;partial=00;start_type=ATG;rbs_motif=None;rbs_spacer=None;gc_cont=0.624
NODE_14_length_85343_cov_2.706687_39  -            465 8435at72274          -            458   0.00094   16.6   0.2   1   3    0.0082      0.96    6.6   0.1   208   253     7    52     2    73 0.81 # 46987 # 48381 # 1 # ID=14_39;partial=00;start_type=ATG;rbs_motif=AGGAG;rbs_spacer=5-10bp;gc_cont=0.599
NODE_14_length_85343_cov_2.706687_39  -            465 8435at72274          -            458   0.00094   16.6   0.2   2   3    0.0062      0.72    7.0   0.0   207   237   176   206   171   222 0.90 # 46987 # 48381 # 1 # ID=14_39;partial=00;start_type=ATG;rbs_motif=AGGAG;rbs_spacer=5-10bp;gc_cont=0.599
NODE_14_length_85343_cov_2.706687_39  -            465 8435at72274          -            458   0.00094   16.6   0.2   3   3       5.1   5.9e+02   -2.6   0.0   241   272   384   413   339   428 0.60 # 46987 # 48381 # 1 # ID=14_39;partial=00;start_type=ATG;rbs_motif=AGGAG;rbs_spacer=5-10bp;gc_cont=0.599
NODE_63_length_40412_cov_2.705970_11  -            506 8435at72274          -            458    0.0033   14.8   1.0   1   2     0.025       2.9    5.1   0.0   206   235   115   144   109   161 0.84 # 10200 # 11717 # 1 # ID=63_11;partial=00;start_type=ATG;rbs_motif=AGGAG;rbs_spacer=5-10bp;gc_cont=0.628
NODE_63_length_40412_cov_2.705970_11  -            506 8435at72274          -            458    0.0033   14.8   1.0   2   2     0.003      0.35    8.1   0.2   206   238   254   286   241   304 0.87 # 10200 # 11717 # 1 # ID=63_11;partial=00;start_type=ATG;rbs_motif=AGGAG;rbs_spacer=5-10bp;gc_cont=0.628
NODE_168_length_9255_cov_2.443799_1   -            247 8435at72274          -            458    0.0055   14.0   0.0   1   1   6.6e-05    0.0077   13.5   0.0   199   241     6    49     2   100 0.79 # 145 # 885 # 1 # ID=168_1;partial=00;start_type=ATG;rbs_motif=GGAG/GAGG;rbs_spacer=5-10bp;gc_cont=0.625
NODE_31_length_59263_cov_2.718209_8   -            818 8435at72274          -            458    0.0063   13.8   0.1   1   2       5.1     6e+02   -2.6   0.0   207   225     4    22     1    43 0.78 # 10158 # 12611 # 1 # ID=31_8;partial=00;start_type=ATG;rbs_motif=GGAG/GAGG;rbs_spacer=5-10bp;gc_cont=0.604
NODE_31_length_59263_cov_2.718209_8   -            818 8435at72274          -            458    0.0063   13.8   0.1   2   2   0.00015     0.017   12.4   0.2   206   236   145   175   132   191 0.89 # 10158 # 12611 # 1 # ID=31_8;partial=00;start_type=ATG;rbs_motif=GGAG/GAGG;rbs_spacer=5-10bp;gc_cont=0.604
NODE_13_length_88136_cov_2.778170_58  -            416 8435at72274          -            458    0.0083   13.4   0.2   1   1   0.00012     0.014   12.7   0.1   208   237     2    30     1    42 0.85 # 51325 # 52572 # -1 # ID=13_58;partial=00;start_type=GTG;rbs_motif=AGGA;rbs_spacer=5-10bp;gc_cont=0.606
NODE_69_length_36162_cov_2.788150_24  -            532 8435at72274          -            458    0.0089   13.3   0.0   1   1   0.00013     0.015   12.6   0.0   182   242     8    66     3    73 0.78 # 20654 # 22249 # 1 # ID=69_24;partial=00;start_type=ATG;rbs_motif=GGA/GAG/AGG;rbs_spacer=5-10bp;gc_cont=0.629
NODE_68_length_37260_cov_2.562384_32  -            433 8435at72274          -            458    0.0096   13.2   0.5   1   1   0.00017      0.02   12.2   0.5   208   237    30    60    23    80 0.80 # 30294 # 31592 # 1 # ID=68_32;partial=00;start_type=ATG;rbs_motif=GGA/GAG/AGG;rbs_spacer=5-10bp;gc_cont=0.614
NODE_111_length_20885_cov_2.819588_7  -            379 8435at72274          -            458      0.01   13.1   0.2   1   2    0.0023      0.26    8.5   0.1   207   242     4    38     1    63 0.74 # 8528 # 9664 # -1 # ID=111_7;partial=00;start_type=ATG;rbs_motif=AGGAG;rbs_spacer=5-10bp;gc_cont=0.645
NODE_111_length_20885_cov_2.819588_7  -            379 8435at72274          -            458      0.01   13.1   0.2   2   2      0.12        15    2.8   0.0   406   441   321   356   274   375 0.80 # 8528 # 9664 # -1 # ID=111_7;partial=00;start_type=ATG;rbs_motif=AGGAG;rbs_spacer=5-10bp;gc_cont=0.645
NODE_33_length_57502_cov_2.751059_3   -            473 8435at72274          -            458     0.014   12.7   0.0   1   1    0.0002     0.023   12.0   0.0   205   242   148   185   117   239 0.88 # 5278 # 6696 # 1 # ID=33_3;partial=00;start_type=ATG;rbs_motif=GGAG/GAGG;rbs_spacer=5-10bp;gc_cont=0.611
NODE_1_length_170490_cov_2.833843_79  -           1006 8435at72274          -            458     0.017   12.5   0.1   1   1   0.00024     0.028   11.7   0.1   206   243   170   207   162   210 0.86 # 88001 # 91018 # -1 # ID=1_79;partial=00;start_type=ATG;rbs_motif=GGAG/GAGG;rbs_spacer=5-10bp;gc_cont=0.627
NODE_48_length_49939_cov_2.805107_17  -            392 8435at72274          -            458     0.017   12.5   0.8   1   1   0.00022     0.026   11.8   0.8   207   251     7    52     3    63 0.84 # 18465 # 19640 # 1 # ID=48_17;partial=00;start_type=ATG;rbs_motif=GGAG/GAGG;rbs_spacer=5-10bp;gc_cont=0.654
NODE_57_length_43428_cov_2.690654_32  -            469 8435at72274          -            458     0.018   12.3   0.2   1   2    0.0005     0.059   10.6   0.1   208   265    31    91    27   134 0.77 # 37505 # 38911 # 1 # ID=57_32;partial=00;start_type=ATG;rbs_motif=GGAG/GAGG;rbs_spacer=5-10bp;gc_cont=0.647
NODE_57_length_43428_cov_2.690654_32  -            469 8435at72274          -            458     0.018   12.3   0.2   2   2       4.6   5.4e+02   -2.4   0.0   408   443   367   402   323   406 0.85 # 37505 # 38911 # 1 # ID=57_32;partial=00;start_type=ATG;rbs_motif=GGAG/GAGG;rbs_spacer=5-10bp;gc_cont=0.647
NODE_9_length_101782_cov_2.670139_28  -            700 8435at72274          -            458     0.023   12.0   0.0   1   1   0.00033     0.039   11.2   0.0   175   267   313   398   305   430 0.77 # 28435 # 30534 # -1 # ID=9_28;partial=00;start_type=ATG;rbs_motif=GGAG/GAGG;rbs_spacer=5-10bp;gc_cont=0.568
NODE_53_length_47106_cov_3.019796_27  -            377 8435at72274          -            458     0.024   11.9   0.1   1   1    0.0004     0.047   11.0   0.1   208   249    12    57     7    63 0.84 # 33286 # 34416 # 1 # ID=53_27;partial=00;start_type=ATG;rbs_motif=None;rbs_spacer=None;gc_cont=0.452
NODE_10_length_99402_cov_2.843808_76  -            595 8435at72274          -            458     0.027   11.7   0.0   1   1   0.00035     0.041   11.1   0.0   203   243     4    44     2    81 0.86 # 77003 # 78787 # 1 # ID=10_76;partial=00;start_type=GTG;rbs_motif=GGAG/GAGG;rbs_spacer=5-10bp;gc_cont=0.603
NODE_16_length_77070_cov_2.785296_43  -            578 8435at72274          -            458     0.032   11.5   0.0   1   2     0.003      0.35    8.1   0.0   208   242    11    47     2    71 0.82 # 41346 # 43079 # -1 # ID=16_43;partial=00;start_type=GTG;rbs_motif=GGAG/GAGG;rbs_spacer=5-10bp;gc_cont=0.618
NODE_16_length_77070_cov_2.785296_43  -            578 8435at72274          -            458     0.032   11.5   0.0   2   2      0.45        52    0.9   0.0   270   330   137   197   119   203 0.89 # 41346 # 43079 # -1 # ID=16_43;partial=00;start_type=GTG;rbs_motif=GGAG/GAGG;rbs_spacer=5-10bp;gc_cont=0.618
NODE_82_length_29491_cov_2.964310_22  -            479 8435at72274          -            458     0.038   11.3   1.4   1   2     0.037       4.3    4.5   0.2   208   240     6    38     1    47 0.86 # 26983 # 28419 # -1 # ID=82_22;partial=00;start_type=ATG;rbs_motif=GGAG/GAGG;rbs_spacer=5-10bp;gc_cont=0.576
NODE_82_length_29491_cov_2.964310_22  -            479 8435at72274          -            458     0.038   11.3   1.4   2   2      0.02       2.4    5.4   0.1   208   237   183   212   178   230 0.88 # 26983 # 28419 # -1 # ID=82_22;partial=00;start_type=ATG;rbs_motif=GGAG/GAGG;rbs_spacer=5-10bp;gc_cont=0.576
NODE_110_length_21191_cov_2.862847_10 -            512 8435at72274          -            458      0.04   11.2   0.0   1   2    0.0065      0.76    7.0   0.1   207   231     7    31     2    46 0.80 # 12072 # 13607 # 1 # ID=110_10;partial=00;start_type=ATG;rbs_motif=GGAG/GAGG;rbs_spacer=5-10bp;gc_cont=0.630
NODE_110_length_21191_cov_2.862847_10 -            512 8435at72274          -            458      0.04   11.2   0.0   2   2       0.3        35    1.5   0.0   203   238   169   204   153   207 0.83 # 12072 # 13607 # 1 # ID=110_10;partial=00;start_type=ATG;rbs_motif=GGAG/GAGG;rbs_spacer=5-10bp;gc_cont=0.630
NODE_35_length_56262_cov_2.748784_1   -            188 8435at72274          -            458     0.044   11.0   0.0   1   2      0.17        20    2.3   0.0   209   227     5    23     1    40 0.82 # 1 # 564 # -1 # ID=35_1;partial=10;start_type=ATG;rbs_motif=AGGAG;rbs_spacer=5-10bp;gc_cont=0.640
NODE_35_length_56262_cov_2.748784_1   -            188 8435at72274          -            458     0.044   11.0   0.0   2   2    0.0071      0.84    6.8   0.0   206   235   143   172   123   179 0.82 # 1 # 564 # -1 # ID=35_1;partial=10;start_type=ATG;rbs_motif=AGGAG;rbs_spacer=5-10bp;gc_cont=0.640
NODE_11_length_99293_cov_2.901488_92  -            398 8435at72274          -            458     0.046   11.0   0.0   1   2    0.0013      0.15    9.3   0.0   209   253     5    53     2    81 0.74 # 82999 # 84192 # -1 # ID=11_92;partial=00;start_type=ATG;rbs_motif=GGA/GAG/AGG;rbs_spacer=11-12bp;gc_cont=0.619
NODE_11_length_99293_cov_2.901488_92  -            398 8435at72274          -            458     0.046   11.0   0.0   2   2       2.5   2.9e+02   -1.6   0.0   260   315   312   368   301   379 0.82 # 82999 # 84192 # -1 # ID=11_92;partial=00;start_type=ATG;rbs_motif=GGA/GAG/AGG;rbs_spacer=11-12bp;gc_cont=0.619
NODE_3_length_136382_cov_3.131195_4   -            339 8435at72274          -            458     0.054   10.8   0.1   1   1   0.00069     0.081   10.2   0.1   202   250    12    61     6   100 0.80 # 2967 # 3983 # -1 # ID=3_4;partial=00;start_type=ATG;rbs_motif=GGAG/GAGG;rbs_spacer=5-10bp;gc_cont=0.570
NODE_49_length_49656_cov_2.774556_34  -            716 8435at72274          -            458     0.076   10.3   0.5   1   1    0.0011      0.13    9.5   0.5   206   258   316   370   304   382 0.81 # 29332 # 31479 # 1 # ID=49_34;partial=00;start_type=ATG;rbs_motif=AGGA;rbs_spacer=5-10bp;gc_cont=0.622
NODE_17_length_74771_cov_2.676277_70  -            592 8435at72274          -            458      0.09   10.0   0.6   1   1    0.0012      0.14    9.4   0.6   208   237    11    40     6    61 0.86 # 68805 # 70580 # 1 # ID=17_70;partial=00;start_type=ATG;rbs_motif=None;rbs_spacer=None;gc_cont=0.594
#
# Program:         hmmsearch
# Version:         3.1b2 (February 2015)
# Pipeline mode:   SEARCH
# Query file:      /data2/PEG/hoaxaca/REAA/Pseudomonas/bin/busco_downloads/lineages/pseudomonadales_odb10/hmms/8435at72274.hmm
# Target file:     /data2/PEG/hoaxaca/REAA/Pseudomonas/bin/../out/busco/trim_130clip.spades_kmer/prodigal_output/predicted_genes/predicted.faa
# Option settings: hmmsearch --domtblout /data2/PEG/hoaxaca/REAA/Pseudomonas/bin/../out/busco/trim_130clip.spades_kmer/run_pseudomonadales_odb10/hmmer_output/8435at72274.out --cpu 1 /data2/PEG/hoaxaca/REAA/Pseudomonas/bin/busco_downloads/lineages/pseudomonadales_odb10/hmms/8435at72274.hmm /data2/PEG/hoaxaca/REAA/Pseudomonas/bin/../out/busco/trim_130clip.spades_kmer/prodigal_output/predicted_genes/predicted.faa 
# Current dir:     /data2/PEG/hoaxaca/REAA/Pseudomonas/bin
# Date:            Mon Feb 20 00:28:21 2023
# [ok]
