#                                                                                            --- full sequence --- -------------- this domain -------------   hmm coord   ali coord   env coord
# target name                        accession   tlen query name           accession   qlen   E-value  score  bias   #  of  c-Evalue  i-Evalue  score  bias  from    to  from    to  from    to  acc description of target
#                ------------------- ---------- ----- -------------------- ---------- ----- --------- ------ ----- --- --- --------- --------- ------ ----- ----- ----- ----- ----- ----- ----- ---- ---------------------
NODE_8_length_105283_cov_2.931587_6  -            445 9960at72274          -            244   1.6e-97  324.1   7.2   1   2   2.8e-16   3.5e-13   47.9   0.0    11    53     1    46     1    53 0.90 # 7326 # 8660 # 1 # ID=8_6;partial=00;start_type=TTG;rbs_motif=AGGAG;rbs_spacer=5-10bp;gc_cont=0.606
NODE_8_length_105283_cov_2.931587_6  -            445 9960at72274          -            244   1.6e-97  324.1   7.2   2   2   4.7e-85     6e-82  273.1   4.7    56   244   196   414   186   414 0.85 # 7326 # 8660 # 1 # ID=8_6;partial=00;start_type=TTG;rbs_motif=AGGAG;rbs_spacer=5-10bp;gc_cont=0.606
NODE_75_length_31643_cov_2.758599_10 -            474 9960at72274          -            244   5.5e-33  112.8   0.4   1   2      0.48   6.1e+02   -2.0   0.0     2    42    39    82    38    85 0.76 # 8340 # 9761 # 1 # ID=75_10;partial=00;start_type=ATG;rbs_motif=GGAG/GAGG;rbs_spacer=5-10bp;gc_cont=0.620
NODE_75_length_31643_cov_2.758599_10 -            474 9960at72274          -            244   5.5e-33  112.8   0.4   2   2     1e-35   1.3e-32  111.6   0.2    61   236   266   452   251   459 0.85 # 8340 # 9761 # 1 # ID=75_10;partial=00;start_type=ATG;rbs_motif=GGAG/GAGG;rbs_spacer=5-10bp;gc_cont=0.620
NODE_14_length_85343_cov_2.706687_19 -            643 9960at72274          -            244   7.9e-09   33.7   0.2   1   1   1.3e-11   1.6e-08   32.7   0.2    89   202   468   590   434   621 0.74 # 19377 # 21305 # -1 # ID=14_19;partial=00;start_type=ATG;rbs_motif=GGA/GAG/AGG;rbs_spacer=5-10bp;gc_cont=0.623
NODE_34_length_56795_cov_2.750882_24 -            471 9960at72274          -            244    0.0093   13.8   0.0   1   1   1.3e-05     0.016   13.0   0.0   118   212   135   234    93   245 0.75 # 31279 # 32691 # 1 # ID=34_24;partial=00;start_type=ATG;rbs_motif=3Base/5BMM;rbs_spacer=13-15bp;gc_cont=0.598
NODE_5_length_127372_cov_2.791748_91 -            268 9960at72274          -            244     0.019   12.8   0.0   1   2   0.00048      0.61    7.8   0.0    27    64    57    94    27   120 0.84 # 98865 # 99668 # 1 # ID=5_91;partial=00;start_type=ATG;rbs_motif=GGxGG;rbs_spacer=5-10bp;gc_cont=0.598
NODE_5_length_127372_cov_2.791748_91 -            268 9960at72274          -            244     0.019   12.8   0.0   2   2     0.016        20    2.9   0.0    59    85   233   260   224   265 0.83 # 98865 # 99668 # 1 # ID=5_91;partial=00;start_type=ATG;rbs_motif=GGxGG;rbs_spacer=5-10bp;gc_cont=0.598
#
# Program:         hmmsearch
# Version:         3.1b2 (February 2015)
# Pipeline mode:   SEARCH
# Query file:      /data2/PEG/hoaxaca/REAA/Pseudomonas/bin/busco_downloads/lineages/pseudomonadales_odb10/hmms/9960at72274.hmm
# Target file:     /data2/PEG/hoaxaca/REAA/Pseudomonas/bin/../out/busco/trim_130clip.spades_kmer/prodigal_output/predicted_genes/predicted.faa
# Option settings: hmmsearch --domtblout /data2/PEG/hoaxaca/REAA/Pseudomonas/bin/../out/busco/trim_130clip.spades_kmer/run_pseudomonadales_odb10/hmmer_output/9960at72274.out --cpu 1 /data2/PEG/hoaxaca/REAA/Pseudomonas/bin/busco_downloads/lineages/pseudomonadales_odb10/hmms/9960at72274.hmm /data2/PEG/hoaxaca/REAA/Pseudomonas/bin/../out/busco/trim_130clip.spades_kmer/prodigal_output/predicted_genes/predicted.faa 
# Current dir:     /data2/PEG/hoaxaca/REAA/Pseudomonas/bin
# Date:            Mon Feb 20 00:28:24 2023
# [ok]
