-------------------------------------
PRODIGAL v2.6.3 [February, 2016]         
Univ of Tenn / Oak Ridge National Lab
Doug Hyatt, Loren Hauser, et al.     
-------------------------------------
Request:  Single Genome, Phase:  Training
Reading in the sequence(s) to train...6881499 bp seq created, 60.51 pct GC
Locating all potential starts and stops...469335 nodes
Looking for GC bias in different frames...frame bias scores: 0.63 0.12 2.26
Building initial set of genes to train from...done!
Creating coding model and scoring nodes...done!
Examining upstream regions and training starts...done!
-------------------------------------
Request:  Single Genome, Phase:  Gene Finding
Finding genes in sequence #1 (352372 bp)...done!
Finding genes in sequence #2 (234130 bp)...done!
Finding genes in sequence #3 (212343 bp)...done!
Finding genes in sequence #4 (205573 bp)...done!
Finding genes in sequence #5 (205536 bp)...done!
Finding genes in sequence #6 (186800 bp)...done!
Finding genes in sequence #7 (179149 bp)...done!
Finding genes in sequence #8 (160420 bp)...done!
Finding genes in sequence #9 (148151 bp)...done!
Finding genes in sequence #10 (140278 bp)...done!
Finding genes in sequence #11 (139104 bp)...done!
Finding genes in sequence #12 (120342 bp)...done!
Finding genes in sequence #13 (119673 bp)...done!
Finding genes in sequence #14 (115769 bp)...done!
Finding genes in sequence #15 (113069 bp)...done!
Finding genes in sequence #16 (109679 bp)...done!
Finding genes in sequence #17 (107317 bp)...done!
Finding genes in sequence #18 (105322 bp)...done!
Finding genes in sequence #19 (101432 bp)...done!
Finding genes in sequence #20 (101354 bp)...done!
Finding genes in sequence #21 (98802 bp)...done!
Finding genes in sequence #22 (97006 bp)...done!
Finding genes in sequence #23 (96875 bp)...done!
Finding genes in sequence #24 (96862 bp)...done!
Finding genes in sequence #25 (94792 bp)...done!
Finding genes in sequence #26 (93713 bp)...done!
Finding genes in sequence #27 (88680 bp)...done!
Finding genes in sequence #28 (84268 bp)...done!
Finding genes in sequence #29 (79509 bp)...done!
Finding genes in sequence #30 (78558 bp)...done!
Finding genes in sequence #31 (74897 bp)...done!
Finding genes in sequence #32 (72113 bp)...done!
Finding genes in sequence #33 (71423 bp)...done!
Finding genes in sequence #34 (70545 bp)...done!
Finding genes in sequence #35 (68898 bp)...done!
Finding genes in sequence #36 (67201 bp)...done!
Finding genes in sequence #37 (65238 bp)...done!
Finding genes in sequence #38 (63635 bp)...done!
Finding genes in sequence #39 (62408 bp)...done!
Finding genes in sequence #40 (61806 bp)...done!
Finding genes in sequence #41 (61612 bp)...done!
Finding genes in sequence #42 (60120 bp)...done!
Finding genes in sequence #43 (58914 bp)...done!
Finding genes in sequence #44 (58074 bp)...done!
Finding genes in sequence #45 (57495 bp)...done!
Finding genes in sequence #46 (54711 bp)...done!
Finding genes in sequence #47 (54539 bp)...done!
Finding genes in sequence #48 (54482 bp)...done!
Finding genes in sequence #49 (53283 bp)...done!
Finding genes in sequence #50 (52400 bp)...done!
Finding genes in sequence #51 (52356 bp)...done!
Finding genes in sequence #52 (50388 bp)...done!
Finding genes in sequence #53 (49457 bp)...done!
Finding genes in sequence #54 (48488 bp)...done!
Finding genes in sequence #55 (47108 bp)...done!
Finding genes in sequence #56 (46114 bp)...done!
Finding genes in sequence #57 (41705 bp)...done!
Finding genes in sequence #58 (38741 bp)...done!
Finding genes in sequence #59 (38646 bp)...done!
Finding genes in sequence #60 (38038 bp)...done!
Finding genes in sequence #61 (36603 bp)...done!
Finding genes in sequence #62 (36136 bp)...done!
Finding genes in sequence #63 (35873 bp)...done!
Finding genes in sequence #64 (33288 bp)...done!
Finding genes in sequence #65 (31508 bp)...done!
Finding genes in sequence #66 (31151 bp)...done!
Finding genes in sequence #67 (29926 bp)...done!
Finding genes in sequence #68 (29834 bp)...done!
Finding genes in sequence #69 (28807 bp)...done!
Finding genes in sequence #70 (27195 bp)...done!
Finding genes in sequence #71 (26255 bp)...done!
Finding genes in sequence #72 (25263 bp)...done!
Finding genes in sequence #73 (24952 bp)...done!
Finding genes in sequence #74 (24726 bp)...done!
Finding genes in sequence #75 (23360 bp)...done!
Finding genes in sequence #76 (23120 bp)...done!
Finding genes in sequence #77 (22935 bp)...done!
Finding genes in sequence #78 (20348 bp)...done!
Finding genes in sequence #79 (19972 bp)...done!
Finding genes in sequence #80 (19695 bp)...done!
Finding genes in sequence #81 (19081 bp)...done!
Finding genes in sequence #82 (18774 bp)...done!
Finding genes in sequence #83 (18550 bp)...done!
Finding genes in sequence #84 (17872 bp)...done!
Finding genes in sequence #85 (17597 bp)...done!
Finding genes in sequence #86 (17213 bp)...done!
Finding genes in sequence #87 (17124 bp)...done!
Finding genes in sequence #88 (16291 bp)...done!
Finding genes in sequence #89 (15638 bp)...done!
Finding genes in sequence #90 (15524 bp)...done!
Finding genes in sequence #91 (14777 bp)...done!
Finding genes in sequence #92 (14429 bp)...done!
Finding genes in sequence #93 (14248 bp)...done!
Finding genes in sequence #94 (14122 bp)...done!
Finding genes in sequence #95 (12649 bp)...done!
Finding genes in sequence #96 (12646 bp)...done!
Finding genes in sequence #97 (11334 bp)...done!
Finding genes in sequence #98 (11090 bp)...done!
Finding genes in sequence #99 (10734 bp)...done!
Finding genes in sequence #100 (10489 bp)...done!
Finding genes in sequence #101 (10426 bp)...done!
Finding genes in sequence #102 (10407 bp)...done!
Finding genes in sequence #103 (9445 bp)...done!
Finding genes in sequence #104 (9387 bp)...done!
Finding genes in sequence #105 (9225 bp)...done!
Finding genes in sequence #106 (9209 bp)...done!
Finding genes in sequence #107 (9116 bp)...done!
Finding genes in sequence #108 (8967 bp)...done!
Finding genes in sequence #109 (8465 bp)...done!
Finding genes in sequence #110 (8147 bp)...done!
Finding genes in sequence #111 (7821 bp)...done!
Finding genes in sequence #112 (7610 bp)...done!
Finding genes in sequence #113 (6639 bp)...done!
Finding genes in sequence #114 (6137 bp)...done!
Finding genes in sequence #115 (6020 bp)...done!
Finding genes in sequence #116 (5986 bp)...done!
Finding genes in sequence #117 (5890 bp)...done!
Finding genes in sequence #118 (5180 bp)...done!
Finding genes in sequence #119 (3972 bp)...done!
Finding genes in sequence #120 (3016 bp)...done!
Finding genes in sequence #121 (2921 bp)...done!
Finding genes in sequence #122 (2394 bp)...done!
Finding genes in sequence #123 (2214 bp)...done!
Finding genes in sequence #124 (2082 bp)...done!
Finding genes in sequence #125 (1729 bp)...done!
Finding genes in sequence #126 (1676 bp)...done!
Finding genes in sequence #127 (1263 bp)...done!
Finding genes in sequence #128 (1138 bp)...done!
Finding genes in sequence #129 (1065 bp)...done!
Finding genes in sequence #130 (832 bp)...done!
Finding genes in sequence #131 (591 bp)...done!
Finding genes in sequence #132 (584 bp)...done!
Finding genes in sequence #133 (533 bp)...done!
Finding genes in sequence #134 (469 bp)...done!
Finding genes in sequence #135 (419 bp)...done!
Finding genes in sequence #136 (375 bp)...done!
Finding genes in sequence #137 (351 bp)...done!
Finding genes in sequence #138 (334 bp)...done!
Finding genes in sequence #139 (317 bp)...done!
Finding genes in sequence #140 (287 bp)...done!
Finding genes in sequence #141 (286 bp)...done!
Finding genes in sequence #142 (282 bp)...done!
Finding genes in sequence #143 (280 bp)...done!
Finding genes in sequence #144 (261 bp)...done!
Finding genes in sequence #145 (256 bp)...done!
Finding genes in sequence #146 (253 bp)...done!
Finding genes in sequence #147 (253 bp)...done!
Finding genes in sequence #148 (251 bp)...done!
Finding genes in sequence #149 (247 bp)...done!
Finding genes in sequence #150 (246 bp)...done!
Finding genes in sequence #151 (245 bp)...done!
Finding genes in sequence #152 (244 bp)...done!
Finding genes in sequence #153 (243 bp)...done!
Finding genes in sequence #154 (243 bp)...done!
Finding genes in sequence #155 (242 bp)...done!
Finding genes in sequence #156 (242 bp)...done!
Finding genes in sequence #157 (242 bp)...done!
Finding genes in sequence #158 (242 bp)...done!
Finding genes in sequence #159 (241 bp)...done!
Finding genes in sequence #160 (241 bp)...done!
Finding genes in sequence #161 (241 bp)...done!
Finding genes in sequence #162 (241 bp)...done!
Finding genes in sequence #163 (241 bp)...done!
Finding genes in sequence #164 (241 bp)...done!
Finding genes in sequence #165 (240 bp)...done!
Finding genes in sequence #166 (240 bp)...done!
Finding genes in sequence #167 (239 bp)...done!
Finding genes in sequence #168 (239 bp)...done!
Finding genes in sequence #169 (239 bp)...done!
Finding genes in sequence #170 (238 bp)...done!
Finding genes in sequence #171 (238 bp)...done!
Finding genes in sequence #172 (238 bp)...done!
Finding genes in sequence #173 (238 bp)...done!
Finding genes in sequence #174 (237 bp)...done!
Finding genes in sequence #175 (237 bp)...done!
Finding genes in sequence #176 (236 bp)...done!
Finding genes in sequence #177 (235 bp)...done!
Finding genes in sequence #178 (234 bp)...done!
Finding genes in sequence #179 (234 bp)...done!
Finding genes in sequence #180 (234 bp)...done!
Finding genes in sequence #181 (234 bp)...done!
Finding genes in sequence #182 (234 bp)...done!
Finding genes in sequence #183 (233 bp)...done!
Finding genes in sequence #184 (233 bp)...done!
Finding genes in sequence #185 (233 bp)...done!
Finding genes in sequence #186 (232 bp)...done!
Finding genes in sequence #187 (231 bp)...done!
Finding genes in sequence #188 (230 bp)...done!
Finding genes in sequence #189 (230 bp)...done!
Finding genes in sequence #190 (230 bp)...done!
Finding genes in sequence #191 (230 bp)...done!
Finding genes in sequence #192 (229 bp)...done!
Finding genes in sequence #193 (228 bp)...done!
Finding genes in sequence #194 (228 bp)...done!
Finding genes in sequence #195 (227 bp)...done!
Finding genes in sequence #196 (227 bp)...done!
Finding genes in sequence #197 (227 bp)...done!
Finding genes in sequence #198 (227 bp)...done!
Finding genes in sequence #199 (226 bp)...done!
Finding genes in sequence #200 (226 bp)...done!
Finding genes in sequence #201 (226 bp)...done!
Finding genes in sequence #202 (226 bp)...done!
Finding genes in sequence #203 (226 bp)...done!
Finding genes in sequence #204 (225 bp)...done!
Finding genes in sequence #205 (225 bp)...done!
Finding genes in sequence #206 (224 bp)...done!
Finding genes in sequence #207 (224 bp)...done!
Finding genes in sequence #208 (224 bp)...done!
Finding genes in sequence #209 (223 bp)...done!
Finding genes in sequence #210 (223 bp)...done!
Finding genes in sequence #211 (223 bp)...done!
Finding genes in sequence #212 (223 bp)...done!
Finding genes in sequence #213 (223 bp)...done!
Finding genes in sequence #214 (223 bp)...done!
Finding genes in sequence #215 (222 bp)...done!
Finding genes in sequence #216 (222 bp)...done!
Finding genes in sequence #217 (222 bp)...done!
Finding genes in sequence #218 (221 bp)...done!
Finding genes in sequence #219 (220 bp)...done!
Finding genes in sequence #220 (220 bp)...done!
Finding genes in sequence #221 (220 bp)...done!
Finding genes in sequence #222 (220 bp)...done!
Finding genes in sequence #223 (220 bp)...done!
Finding genes in sequence #224 (219 bp)...done!
Finding genes in sequence #225 (219 bp)...done!
Finding genes in sequence #226 (218 bp)...done!
Finding genes in sequence #227 (218 bp)...done!
Finding genes in sequence #228 (218 bp)...done!
Finding genes in sequence #229 (217 bp)...done!
Finding genes in sequence #230 (216 bp)...done!
Finding genes in sequence #231 (216 bp)...done!
Finding genes in sequence #232 (216 bp)...done!
Finding genes in sequence #233 (216 bp)...done!
Finding genes in sequence #234 (216 bp)...done!
Finding genes in sequence #235 (215 bp)...done!
Finding genes in sequence #236 (215 bp)...done!
Finding genes in sequence #237 (215 bp)...done!
Finding genes in sequence #238 (214 bp)...done!
Finding genes in sequence #239 (214 bp)...done!
Finding genes in sequence #240 (214 bp)...done!
Finding genes in sequence #241 (214 bp)...done!
Finding genes in sequence #242 (213 bp)...done!
Finding genes in sequence #243 (212 bp)...done!
Finding genes in sequence #244 (212 bp)...done!
Finding genes in sequence #245 (212 bp)...done!
Finding genes in sequence #246 (212 bp)...done!
Finding genes in sequence #247 (211 bp)...done!
Finding genes in sequence #248 (211 bp)...done!
Finding genes in sequence #249 (210 bp)...done!
Finding genes in sequence #250 (210 bp)...done!
Finding genes in sequence #251 (209 bp)...done!
Finding genes in sequence #252 (209 bp)...done!
Finding genes in sequence #253 (209 bp)...done!
Finding genes in sequence #254 (208 bp)...done!
Finding genes in sequence #255 (208 bp)...done!
Finding genes in sequence #256 (208 bp)...done!
Finding genes in sequence #257 (207 bp)...done!
Finding genes in sequence #258 (207 bp)...done!
Finding genes in sequence #259 (207 bp)...done!
Finding genes in sequence #260 (206 bp)...done!
Finding genes in sequence #261 (206 bp)...done!
Finding genes in sequence #262 (205 bp)...done!
Finding genes in sequence #263 (204 bp)...done!
Finding genes in sequence #264 (192 bp)...done!
Finding genes in sequence #265 (191 bp)...done!
Finding genes in sequence #266 (189 bp)...done!
Finding genes in sequence #267 (186 bp)...done!
Finding genes in sequence #268 (185 bp)...done!
Finding genes in sequence #269 (183 bp)...done!
Finding genes in sequence #270 (182 bp)...done!
Finding genes in sequence #271 (180 bp)...done!
Finding genes in sequence #272 (176 bp)...done!
Finding genes in sequence #273 (176 bp)...done!
Finding genes in sequence #274 (168 bp)...done!
Finding genes in sequence #275 (166 bp)...done!
Finding genes in sequence #276 (163 bp)...done!
Finding genes in sequence #277 (163 bp)...done!
Finding genes in sequence #278 (160 bp)...done!
Finding genes in sequence #279 (159 bp)...done!
Finding genes in sequence #280 (157 bp)...done!
Finding genes in sequence #281 (155 bp)...done!
Finding genes in sequence #282 (153 bp)...done!
Finding genes in sequence #283 (151 bp)...done!
Finding genes in sequence #284 (149 bp)...done!
Finding genes in sequence #285 (146 bp)...done!
Finding genes in sequence #286 (146 bp)...done!
Finding genes in sequence #287 (145 bp)...done!
Finding genes in sequence #288 (144 bp)...done!
Finding genes in sequence #289 (142 bp)...done!
Finding genes in sequence #290 (142 bp)...done!
Finding genes in sequence #291 (140 bp)...done!
Finding genes in sequence #292 (140 bp)...done!
Finding genes in sequence #293 (139 bp)...done!
Finding genes in sequence #294 (139 bp)...done!
Finding genes in sequence #295 (138 bp)...done!
Finding genes in sequence #296 (137 bp)...done!
Finding genes in sequence #297 (137 bp)...done!
Finding genes in sequence #298 (135 bp)...done!
Finding genes in sequence #299 (134 bp)...done!
Finding genes in sequence #300 (134 bp)...done!
Finding genes in sequence #301 (132 bp)...done!
Finding genes in sequence #302 (132 bp)...done!
Finding genes in sequence #303 (131 bp)...done!
Finding genes in sequence #304 (131 bp)...done!
Finding genes in sequence #305 (130 bp)...done!
Finding genes in sequence #306 (129 bp)...done!
Finding genes in sequence #307 (127 bp)...done!
Finding genes in sequence #308 (127 bp)...done!
Finding genes in sequence #309 (127 bp)...done!
Finding genes in sequence #310 (126 bp)...done!
Finding genes in sequence #311 (126 bp)...done!
Finding genes in sequence #312 (125 bp)...done!
Finding genes in sequence #313 (124 bp)...done!
Finding genes in sequence #314 (123 bp)...done!
Finding genes in sequence #315 (123 bp)...done!
Finding genes in sequence #316 (123 bp)...done!
Finding genes in sequence #317 (121 bp)...done!
Finding genes in sequence #318 (120 bp)...done!
Finding genes in sequence #319 (120 bp)...done!
Finding genes in sequence #320 (119 bp)...done!
Finding genes in sequence #321 (119 bp)...done!
Finding genes in sequence #322 (118 bp)...done!
Finding genes in sequence #323 (118 bp)...done!
Finding genes in sequence #324 (118 bp)...done!
Finding genes in sequence #325 (118 bp)...done!
Finding genes in sequence #326 (117 bp)...done!
Finding genes in sequence #327 (117 bp)...done!
Finding genes in sequence #328 (117 bp)...done!
Finding genes in sequence #329 (116 bp)...done!
Finding genes in sequence #330 (116 bp)...done!
Finding genes in sequence #331 (114 bp)...done!
Finding genes in sequence #332 (114 bp)...done!
Finding genes in sequence #333 (113 bp)...done!
Finding genes in sequence #334 (113 bp)...done!
Finding genes in sequence #335 (113 bp)...done!
Finding genes in sequence #336 (112 bp)...done!
Finding genes in sequence #337 (111 bp)...done!
Finding genes in sequence #338 (111 bp)...done!
Finding genes in sequence #339 (111 bp)...done!
Finding genes in sequence #340 (111 bp)...done!
Finding genes in sequence #341 (111 bp)...done!
Finding genes in sequence #342 (111 bp)...done!
Finding genes in sequence #343 (111 bp)...done!
Finding genes in sequence #344 (111 bp)...done!
Finding genes in sequence #345 (111 bp)...done!
Finding genes in sequence #346 (111 bp)...done!
Finding genes in sequence #347 (111 bp)...done!
Finding genes in sequence #348 (111 bp)...done!
Finding genes in sequence #349 (111 bp)...done!
Finding genes in sequence #350 (111 bp)...done!
Finding genes in sequence #351 (111 bp)...done!
Finding genes in sequence #352 (111 bp)...done!
Finding genes in sequence #353 (111 bp)...done!
Finding genes in sequence #354 (111 bp)...done!
Finding genes in sequence #355 (111 bp)...done!
Finding genes in sequence #356 (111 bp)...done!
Finding genes in sequence #357 (111 bp)...done!
Finding genes in sequence #358 (111 bp)...done!
Finding genes in sequence #359 (111 bp)...done!
Finding genes in sequence #360 (111 bp)...done!
Finding genes in sequence #361 (111 bp)...done!
Finding genes in sequence #362 (110 bp)...done!
Finding genes in sequence #363 (110 bp)...done!
Finding genes in sequence #364 (109 bp)...done!
Finding genes in sequence #365 (109 bp)...done!
Finding genes in sequence #366 (109 bp)...done!
Finding genes in sequence #367 (108 bp)...done!
Finding genes in sequence #368 (108 bp)...done!
Finding genes in sequence #369 (108 bp)...done!
Finding genes in sequence #370 (108 bp)...done!
Finding genes in sequence #371 (108 bp)...done!
Finding genes in sequence #372 (108 bp)...done!
Finding genes in sequence #373 (108 bp)...done!
Finding genes in sequence #374 (107 bp)...done!
Finding genes in sequence #375 (107 bp)...done!
Finding genes in sequence #376 (107 bp)...done!
Finding genes in sequence #377 (107 bp)...done!
Finding genes in sequence #378 (107 bp)...done!
Finding genes in sequence #379 (106 bp)...done!
Finding genes in sequence #380 (106 bp)...done!
Finding genes in sequence #381 (105 bp)...done!
Finding genes in sequence #382 (105 bp)...done!
Finding genes in sequence #383 (105 bp)...done!
Finding genes in sequence #384 (104 bp)...done!
Finding genes in sequence #385 (104 bp)...done!
Finding genes in sequence #386 (104 bp)...done!
Finding genes in sequence #387 (104 bp)...done!
Finding genes in sequence #388 (104 bp)...done!
Finding genes in sequence #389 (104 bp)...done!
Finding genes in sequence #390 (103 bp)...done!
Finding genes in sequence #391 (103 bp)...done!
Finding genes in sequence #392 (101 bp)...done!
Finding genes in sequence #393 (101 bp)...done!
Finding genes in sequence #394 (101 bp)...done!
Finding genes in sequence #395 (101 bp)...done!
Finding genes in sequence #396 (101 bp)...done!
Finding genes in sequence #397 (101 bp)...done!
Finding genes in sequence #398 (100 bp)...done!
Finding genes in sequence #399 (100 bp)...done!
Finding genes in sequence #400 (100 bp)...done!
Finding genes in sequence #401 (99 bp)...done!
Finding genes in sequence #402 (99 bp)...done!
Finding genes in sequence #403 (99 bp)...done!
Finding genes in sequence #404 (99 bp)...done!
Finding genes in sequence #405 (99 bp)...done!
Finding genes in sequence #406 (99 bp)...done!
Finding genes in sequence #407 (99 bp)...done!
Finding genes in sequence #408 (98 bp)...done!
Finding genes in sequence #409 (98 bp)...done!
Finding genes in sequence #410 (97 bp)...done!
Finding genes in sequence #411 (97 bp)...done!
Finding genes in sequence #412 (97 bp)...done!
Finding genes in sequence #413 (97 bp)...done!
Finding genes in sequence #414 (96 bp)...done!
Finding genes in sequence #415 (96 bp)...done!
Finding genes in sequence #416 (96 bp)...done!
Finding genes in sequence #417 (96 bp)...done!
Finding genes in sequence #418 (96 bp)...done!
Finding genes in sequence #419 (95 bp)...done!
Finding genes in sequence #420 (95 bp)...done!
Finding genes in sequence #421 (95 bp)...done!
Finding genes in sequence #422 (95 bp)...done!
Finding genes in sequence #423 (95 bp)...done!
Finding genes in sequence #424 (94 bp)...done!
Finding genes in sequence #425 (94 bp)...done!
Finding genes in sequence #426 (94 bp)...done!
Finding genes in sequence #427 (93 bp)...done!
Finding genes in sequence #428 (92 bp)...done!
Finding genes in sequence #429 (92 bp)...done!
Finding genes in sequence #430 (92 bp)...done!
Finding genes in sequence #431 (92 bp)...done!
Finding genes in sequence #432 (91 bp)...done!
Finding genes in sequence #433 (91 bp)...done!
Finding genes in sequence #434 (91 bp)...done!
Finding genes in sequence #435 (91 bp)...done!
Finding genes in sequence #436 (90 bp)...done!
Finding genes in sequence #437 (90 bp)...done!
Finding genes in sequence #438 (90 bp)...done!
Finding genes in sequence #439 (90 bp)...done!
Finding genes in sequence #440 (90 bp)...done!
Finding genes in sequence #441 (90 bp)...done!
Finding genes in sequence #442 (88 bp)...done!
Finding genes in sequence #443 (88 bp)...done!
Finding genes in sequence #444 (87 bp)...done!
Finding genes in sequence #445 (87 bp)...done!
Finding genes in sequence #446 (87 bp)...done!
Finding genes in sequence #447 (87 bp)...done!
Finding genes in sequence #448 (87 bp)...done!
Finding genes in sequence #449 (87 bp)...done!
Finding genes in sequence #450 (86 bp)...done!
Finding genes in sequence #451 (86 bp)...done!
Finding genes in sequence #452 (86 bp)...done!
Finding genes in sequence #453 (86 bp)...done!
Finding genes in sequence #454 (86 bp)...done!
Finding genes in sequence #455 (86 bp)...done!
Finding genes in sequence #456 (86 bp)...done!
Finding genes in sequence #457 (86 bp)...done!
Finding genes in sequence #458 (86 bp)...done!
Finding genes in sequence #459 (85 bp)...done!
Finding genes in sequence #460 (85 bp)...done!
Finding genes in sequence #461 (85 bp)...done!
Finding genes in sequence #462 (85 bp)...done!
Finding genes in sequence #463 (85 bp)...done!
Finding genes in sequence #464 (85 bp)...done!
Finding genes in sequence #465 (84 bp)...done!
Finding genes in sequence #466 (84 bp)...done!
Finding genes in sequence #467 (84 bp)...done!
Finding genes in sequence #468 (84 bp)...done!
Finding genes in sequence #469 (84 bp)...done!
Finding genes in sequence #470 (84 bp)...done!
Finding genes in sequence #471 (84 bp)...done!
Finding genes in sequence #472 (84 bp)...done!
Finding genes in sequence #473 (83 bp)...done!
Finding genes in sequence #474 (83 bp)...done!
Finding genes in sequence #475 (83 bp)...done!
Finding genes in sequence #476 (83 bp)...done!
Finding genes in sequence #477 (83 bp)...done!
Finding genes in sequence #478 (83 bp)...done!
Finding genes in sequence #479 (83 bp)...done!
Finding genes in sequence #480 (83 bp)...done!
Finding genes in sequence #481 (83 bp)...done!
Finding genes in sequence #482 (83 bp)...done!
Finding genes in sequence #483 (83 bp)...done!
Finding genes in sequence #484 (83 bp)...done!
Finding genes in sequence #485 (83 bp)...done!
Finding genes in sequence #486 (82 bp)...done!
Finding genes in sequence #487 (82 bp)...done!
Finding genes in sequence #488 (81 bp)...done!
Finding genes in sequence #489 (83 bp)...done!
Finding genes in sequence #490 (82 bp)...done!
Finding genes in sequence #491 (82 bp)...done!
Finding genes in sequence #492 (81 bp)...done!
Finding genes in sequence #493 (81 bp)...done!
Finding genes in sequence #494 (81 bp)...done!
Finding genes in sequence #495 (81 bp)...done!
Finding genes in sequence #496 (81 bp)...done!
Finding genes in sequence #497 (80 bp)...done!
Finding genes in sequence #498 (80 bp)...done!
Finding genes in sequence #499 (80 bp)...done!
Finding genes in sequence #500 (80 bp)...done!
Finding genes in sequence #501 (80 bp)...done!
Finding genes in sequence #502 (80 bp)...done!
Finding genes in sequence #503 (80 bp)...done!
Finding genes in sequence #504 (80 bp)...done!
Finding genes in sequence #505 (80 bp)...done!
Finding genes in sequence #506 (80 bp)...done!
Finding genes in sequence #507 (79 bp)...done!
Finding genes in sequence #508 (80 bp)...done!
Finding genes in sequence #509 (79 bp)...done!
Finding genes in sequence #510 (79 bp)...done!
Finding genes in sequence #511 (79 bp)...done!
Finding genes in sequence #512 (79 bp)...done!
Finding genes in sequence #513 (79 bp)...done!
Finding genes in sequence #514 (79 bp)...done!
Finding genes in sequence #515 (79 bp)...done!
Finding genes in sequence #516 (78 bp)...done!
Finding genes in sequence #517 (78 bp)...done!
Finding genes in sequence #518 (78 bp)...done!
Finding genes in sequence #519 (77 bp)...done!
Finding genes in sequence #520 (77 bp)...done!
Finding genes in sequence #521 (77 bp)...done!
Finding genes in sequence #522 (77 bp)...done!
Finding genes in sequence #523 (77 bp)...done!
Finding genes in sequence #524 (77 bp)...done!
Finding genes in sequence #525 (76 bp)...done!
Finding genes in sequence #526 (76 bp)...done!
Finding genes in sequence #527 (76 bp)...done!
Finding genes in sequence #528 (76 bp)...done!
Finding genes in sequence #529 (76 bp)...done!
Finding genes in sequence #530 (76 bp)...done!
Finding genes in sequence #531 (75 bp)...done!
Finding genes in sequence #532 (75 bp)...done!
Finding genes in sequence #533 (75 bp)...done!
Finding genes in sequence #534 (75 bp)...done!
Finding genes in sequence #535 (75 bp)...done!
Finding genes in sequence #536 (75 bp)...done!
Finding genes in sequence #537 (75 bp)...done!
Finding genes in sequence #538 (75 bp)...done!
Finding genes in sequence #539 (75 bp)...done!
Finding genes in sequence #540 (75 bp)...done!
Finding genes in sequence #541 (74 bp)...done!
Finding genes in sequence #542 (74 bp)...done!
Finding genes in sequence #543 (74 bp)...done!
Finding genes in sequence #544 (74 bp)...done!
Finding genes in sequence #545 (74 bp)...done!
Finding genes in sequence #546 (74 bp)...done!
Finding genes in sequence #547 (74 bp)...done!
Finding genes in sequence #548 (74 bp)...done!
Finding genes in sequence #549 (74 bp)...done!
Finding genes in sequence #550 (74 bp)...done!
Finding genes in sequence #551 (74 bp)...done!
Finding genes in sequence #552 (74 bp)...done!
Finding genes in sequence #553 (74 bp)...done!
Finding genes in sequence #554 (74 bp)...done!
Finding genes in sequence #555 (73 bp)...done!
Finding genes in sequence #556 (73 bp)...done!
Finding genes in sequence #557 (73 bp)...done!
Finding genes in sequence #558 (73 bp)...done!
Finding genes in sequence #559 (73 bp)...done!
Finding genes in sequence #560 (73 bp)...done!
Finding genes in sequence #561 (72 bp)...done!
Finding genes in sequence #562 (72 bp)...done!
Finding genes in sequence #563 (72 bp)...done!
Finding genes in sequence #564 (72 bp)...done!
Finding genes in sequence #565 (72 bp)...done!
Finding genes in sequence #566 (72 bp)...done!
Finding genes in sequence #567 (72 bp)...done!
Finding genes in sequence #568 (72 bp)...done!
Finding genes in sequence #569 (72 bp)...done!
Finding genes in sequence #570 (72 bp)...done!
Finding genes in sequence #571 (72 bp)...done!
Finding genes in sequence #572 (72 bp)...done!
Finding genes in sequence #573 (71 bp)...done!
Finding genes in sequence #574 (71 bp)...done!
Finding genes in sequence #575 (71 bp)...done!
Finding genes in sequence #576 (71 bp)...done!
Finding genes in sequence #577 (71 bp)...done!
Finding genes in sequence #578 (71 bp)...done!
Finding genes in sequence #579 (70 bp)...done!
Finding genes in sequence #580 (71 bp)...done!
Finding genes in sequence #581 (71 bp)...done!
Finding genes in sequence #582 (71 bp)...done!
Finding genes in sequence #583 (71 bp)...done!
Finding genes in sequence #584 (70 bp)...done!
Finding genes in sequence #585 (70 bp)...done!
Finding genes in sequence #586 (75 bp)...done!
Finding genes in sequence #587 (70 bp)...done!
Finding genes in sequence #588 (70 bp)...done!
Finding genes in sequence #589 (70 bp)...done!
Finding genes in sequence #590 (70 bp)...done!
Finding genes in sequence #591 (70 bp)...done!
Finding genes in sequence #592 (70 bp)...done!
Finding genes in sequence #593 (70 bp)...done!
Finding genes in sequence #594 (70 bp)...done!
Finding genes in sequence #595 (69 bp)...done!
Finding genes in sequence #596 (69 bp)...done!
Finding genes in sequence #597 (69 bp)...done!
Finding genes in sequence #598 (69 bp)...done!
Finding genes in sequence #599 (69 bp)...done!
Finding genes in sequence #600 (69 bp)...done!
Finding genes in sequence #601 (69 bp)...done!
Finding genes in sequence #602 (69 bp)...done!
Finding genes in sequence #603 (69 bp)...done!
Finding genes in sequence #604 (69 bp)...done!
Finding genes in sequence #605 (68 bp)...done!
Finding genes in sequence #606 (68 bp)...done!
Finding genes in sequence #607 (68 bp)...done!
Finding genes in sequence #608 (68 bp)...done!
Finding genes in sequence #609 (68 bp)...done!
Finding genes in sequence #610 (68 bp)...done!
Finding genes in sequence #611 (68 bp)...done!
Finding genes in sequence #612 (68 bp)...done!
Finding genes in sequence #613 (68 bp)...done!
Finding genes in sequence #614 (68 bp)...done!
Finding genes in sequence #615 (68 bp)...done!
Finding genes in sequence #616 (68 bp)...done!
Finding genes in sequence #617 (68 bp)...done!
Finding genes in sequence #618 (68 bp)...done!
Finding genes in sequence #619 (68 bp)...done!
Finding genes in sequence #620 (68 bp)...done!
Finding genes in sequence #621 (68 bp)...done!
Finding genes in sequence #622 (67 bp)...done!
Finding genes in sequence #623 (67 bp)...done!
Finding genes in sequence #624 (67 bp)...done!
Finding genes in sequence #625 (67 bp)...done!
Finding genes in sequence #626 (67 bp)...done!
Finding genes in sequence #627 (67 bp)...done!
Finding genes in sequence #628 (67 bp)...done!
Finding genes in sequence #629 (67 bp)...done!
Finding genes in sequence #630 (67 bp)...done!
Finding genes in sequence #631 (66 bp)...done!
Finding genes in sequence #632 (66 bp)...done!
Finding genes in sequence #633 (66 bp)...done!
Finding genes in sequence #634 (66 bp)...done!
Finding genes in sequence #635 (66 bp)...done!
Finding genes in sequence #636 (66 bp)...done!
Finding genes in sequence #637 (66 bp)...done!
Finding genes in sequence #638 (66 bp)...done!
Finding genes in sequence #639 (66 bp)...done!
Finding genes in sequence #640 (66 bp)...done!
Finding genes in sequence #641 (66 bp)...done!
Finding genes in sequence #642 (66 bp)...done!
Finding genes in sequence #643 (66 bp)...done!
Finding genes in sequence #644 (66 bp)...done!
Finding genes in sequence #645 (66 bp)...done!
Finding genes in sequence #646 (66 bp)...done!
Finding genes in sequence #647 (66 bp)...done!
Finding genes in sequence #648 (66 bp)...done!
Finding genes in sequence #649 (65 bp)...done!
Finding genes in sequence #650 (65 bp)...done!
Finding genes in sequence #651 (65 bp)...done!
Finding genes in sequence #652 (65 bp)...done!
Finding genes in sequence #653 (65 bp)...done!
Finding genes in sequence #654 (65 bp)...done!
Finding genes in sequence #655 (65 bp)...done!
Finding genes in sequence #656 (65 bp)...done!
Finding genes in sequence #657 (65 bp)...done!
Finding genes in sequence #658 (65 bp)...done!
Finding genes in sequence #659 (65 bp)...done!
Finding genes in sequence #660 (65 bp)...done!
Finding genes in sequence #661 (65 bp)...done!
Finding genes in sequence #662 (65 bp)...done!
Finding genes in sequence #663 (65 bp)...done!
Finding genes in sequence #664 (65 bp)...done!
Finding genes in sequence #665 (65 bp)...done!
Finding genes in sequence #666 (65 bp)...done!
Finding genes in sequence #667 (65 bp)...done!
Finding genes in sequence #668 (65 bp)...done!
Finding genes in sequence #669 (65 bp)...done!
Finding genes in sequence #670 (65 bp)...done!
Finding genes in sequence #671 (65 bp)...done!
Finding genes in sequence #672 (65 bp)...done!
Finding genes in sequence #673 (65 bp)...done!
Finding genes in sequence #674 (65 bp)...done!
Finding genes in sequence #675 (65 bp)...done!
Finding genes in sequence #676 (65 bp)...done!
Finding genes in sequence #677 (65 bp)...done!
Finding genes in sequence #678 (65 bp)...done!
Finding genes in sequence #679 (65 bp)...done!
Finding genes in sequence #680 (64 bp)...done!
Finding genes in sequence #681 (64 bp)...done!
Finding genes in sequence #682 (64 bp)...done!
Finding genes in sequence #683 (64 bp)...done!
Finding genes in sequence #684 (64 bp)...done!
Finding genes in sequence #685 (64 bp)...done!
Finding genes in sequence #686 (64 bp)...done!
Finding genes in sequence #687 (64 bp)...done!
Finding genes in sequence #688 (64 bp)...done!
Finding genes in sequence #689 (64 bp)...done!
Finding genes in sequence #690 (64 bp)...done!
Finding genes in sequence #691 (64 bp)...done!
Finding genes in sequence #692 (64 bp)...done!
Finding genes in sequence #693 (64 bp)...done!
Finding genes in sequence #694 (64 bp)...done!
Finding genes in sequence #695 (64 bp)...done!
Finding genes in sequence #696 (64 bp)...done!
Finding genes in sequence #697 (64 bp)...done!
Finding genes in sequence #698 (64 bp)...done!
Finding genes in sequence #699 (63 bp)...done!
Finding genes in sequence #700 (63 bp)...done!
Finding genes in sequence #701 (63 bp)...done!
Finding genes in sequence #702 (63 bp)...done!
Finding genes in sequence #703 (63 bp)...done!
Finding genes in sequence #704 (63 bp)...done!
Finding genes in sequence #705 (63 bp)...done!
Finding genes in sequence #706 (63 bp)...done!
Finding genes in sequence #707 (63 bp)...done!
Finding genes in sequence #708 (63 bp)...done!
Finding genes in sequence #709 (63 bp)...done!
Finding genes in sequence #710 (63 bp)...done!
Finding genes in sequence #711 (63 bp)...done!
Finding genes in sequence #712 (63 bp)...done!
Finding genes in sequence #713 (63 bp)...done!
Finding genes in sequence #714 (63 bp)...done!
Finding genes in sequence #715 (63 bp)...done!
Finding genes in sequence #716 (63 bp)...done!
Finding genes in sequence #717 (63 bp)...done!
Finding genes in sequence #718 (63 bp)...done!
Finding genes in sequence #719 (63 bp)...done!
Finding genes in sequence #720 (63 bp)...done!
Finding genes in sequence #721 (63 bp)...done!
Finding genes in sequence #722 (62 bp)...done!
Finding genes in sequence #723 (62 bp)...done!
Finding genes in sequence #724 (62 bp)...done!
Finding genes in sequence #725 (62 bp)...done!
Finding genes in sequence #726 (62 bp)...done!
Finding genes in sequence #727 (62 bp)...done!
Finding genes in sequence #728 (62 bp)...done!
Finding genes in sequence #729 (62 bp)...done!
Finding genes in sequence #730 (62 bp)...done!
Finding genes in sequence #731 (62 bp)...done!
Finding genes in sequence #732 (62 bp)...done!
Finding genes in sequence #733 (62 bp)...done!
Finding genes in sequence #734 (62 bp)...done!
Finding genes in sequence #735 (62 bp)...done!
Finding genes in sequence #736 (62 bp)...done!
Finding genes in sequence #737 (62 bp)...done!
Finding genes in sequence #738 (62 bp)...done!
Finding genes in sequence #739 (62 bp)...done!
Finding genes in sequence #740 (62 bp)...done!
Finding genes in sequence #741 (62 bp)...done!
Finding genes in sequence #742 (62 bp)...done!
Finding genes in sequence #743 (62 bp)...done!
Finding genes in sequence #744 (62 bp)...done!
Finding genes in sequence #745 (62 bp)...done!
Finding genes in sequence #746 (62 bp)...done!
Finding genes in sequence #747 (62 bp)...done!
Finding genes in sequence #748 (62 bp)...done!
Finding genes in sequence #749 (62 bp)...done!
Finding genes in sequence #750 (62 bp)...done!
Finding genes in sequence #751 (62 bp)...done!
Finding genes in sequence #752 (62 bp)...done!
Finding genes in sequence #753 (62 bp)...done!
Finding genes in sequence #754 (62 bp)...done!
Finding genes in sequence #755 (62 bp)...done!
Finding genes in sequence #756 (62 bp)...done!
Finding genes in sequence #757 (61 bp)...done!
Finding genes in sequence #758 (61 bp)...done!
Finding genes in sequence #759 (61 bp)...done!
Finding genes in sequence #760 (61 bp)...done!
Finding genes in sequence #761 (61 bp)...done!
Finding genes in sequence #762 (61 bp)...done!
Finding genes in sequence #763 (61 bp)...done!
Finding genes in sequence #764 (61 bp)...done!
Finding genes in sequence #765 (61 bp)...done!
Finding genes in sequence #766 (61 bp)...done!
Finding genes in sequence #767 (61 bp)...done!
Finding genes in sequence #768 (61 bp)...done!
Finding genes in sequence #769 (61 bp)...done!
Finding genes in sequence #770 (60 bp)...done!
Finding genes in sequence #771 (61 bp)...done!
Finding genes in sequence #772 (61 bp)...done!
Finding genes in sequence #773 (61 bp)...done!
Finding genes in sequence #774 (61 bp)...done!
Finding genes in sequence #775 (61 bp)...done!
Finding genes in sequence #776 (61 bp)...done!
Finding genes in sequence #777 (61 bp)...done!
Finding genes in sequence #778 (61 bp)...done!
Finding genes in sequence #779 (61 bp)...done!
Finding genes in sequence #780 (61 bp)...done!
Finding genes in sequence #781 (61 bp)...done!
Finding genes in sequence #782 (61 bp)...done!
Finding genes in sequence #783 (61 bp)...done!
Finding genes in sequence #784 (61 bp)...done!
Finding genes in sequence #785 (61 bp)...done!
Finding genes in sequence #786 (61 bp)...done!
Finding genes in sequence #787 (61 bp)...done!
Finding genes in sequence #788 (60 bp)...done!
Finding genes in sequence #789 (60 bp)...done!
Finding genes in sequence #790 (60 bp)...done!
Finding genes in sequence #791 (60 bp)...done!
Finding genes in sequence #792 (60 bp)...done!
Finding genes in sequence #793 (60 bp)...done!
Finding genes in sequence #794 (60 bp)...done!
Finding genes in sequence #795 (60 bp)...done!
Finding genes in sequence #796 (60 bp)...done!
Finding genes in sequence #797 (60 bp)...done!
Finding genes in sequence #798 (60 bp)...done!
Finding genes in sequence #799 (60 bp)...done!
Finding genes in sequence #800 (60 bp)...done!
Finding genes in sequence #801 (60 bp)...done!
Finding genes in sequence #802 (60 bp)...done!
Finding genes in sequence #803 (60 bp)...done!
Finding genes in sequence #804 (60 bp)...done!
Finding genes in sequence #805 (60 bp)...done!
Finding genes in sequence #806 (60 bp)...done!
Finding genes in sequence #807 (60 bp)...done!
Finding genes in sequence #808 (60 bp)...done!
Finding genes in sequence #809 (60 bp)...done!
Finding genes in sequence #810 (60 bp)...done!
Finding genes in sequence #811 (59 bp)...done!
Finding genes in sequence #812 (59 bp)...done!
Finding genes in sequence #813 (59 bp)...done!
Finding genes in sequence #814 (59 bp)...done!
Finding genes in sequence #815 (59 bp)...done!
Finding genes in sequence #816 (59 bp)...done!
Finding genes in sequence #817 (59 bp)...done!
Finding genes in sequence #818 (59 bp)...done!
Finding genes in sequence #819 (59 bp)...done!
Finding genes in sequence #820 (59 bp)...done!
Finding genes in sequence #821 (59 bp)...done!
Finding genes in sequence #822 (59 bp)...done!
Finding genes in sequence #823 (59 bp)...done!
Finding genes in sequence #824 (59 bp)...done!
Finding genes in sequence #825 (59 bp)...done!
Finding genes in sequence #826 (59 bp)...done!
Finding genes in sequence #827 (59 bp)...done!
Finding genes in sequence #828 (59 bp)...done!
Finding genes in sequence #829 (59 bp)...done!
Finding genes in sequence #830 (59 bp)...done!
Finding genes in sequence #831 (59 bp)...done!
Finding genes in sequence #832 (59 bp)...done!
Finding genes in sequence #833 (59 bp)...done!
Finding genes in sequence #834 (59 bp)...done!
Finding genes in sequence #835 (59 bp)...done!
Finding genes in sequence #836 (59 bp)...done!
Finding genes in sequence #837 (59 bp)...done!
Finding genes in sequence #838 (59 bp)...done!
Finding genes in sequence #839 (59 bp)...done!
Finding genes in sequence #840 (59 bp)...done!
Finding genes in sequence #841 (59 bp)...done!
Finding genes in sequence #842 (59 bp)...done!
Finding genes in sequence #843 (59 bp)...done!
Finding genes in sequence #844 (59 bp)...done!
Finding genes in sequence #845 (59 bp)...done!
Finding genes in sequence #846 (59 bp)...done!
Finding genes in sequence #847 (59 bp)...done!
Finding genes in sequence #848 (59 bp)...done!
Finding genes in sequence #849 (58 bp)...done!
Finding genes in sequence #850 (58 bp)...done!
Finding genes in sequence #851 (58 bp)...done!
Finding genes in sequence #852 (58 bp)...done!
Finding genes in sequence #853 (58 bp)...done!
Finding genes in sequence #854 (58 bp)...done!
Finding genes in sequence #855 (58 bp)...done!
Finding genes in sequence #856 (58 bp)...done!
Finding genes in sequence #857 (58 bp)...done!
Finding genes in sequence #858 (58 bp)...done!
Finding genes in sequence #859 (58 bp)...done!
Finding genes in sequence #860 (58 bp)...done!
Finding genes in sequence #861 (58 bp)...done!
Finding genes in sequence #862 (58 bp)...done!
Finding genes in sequence #863 (58 bp)...done!
Finding genes in sequence #864 (58 bp)...done!
Finding genes in sequence #865 (58 bp)...done!
Finding genes in sequence #866 (58 bp)...done!
Finding genes in sequence #867 (58 bp)...done!
Finding genes in sequence #868 (58 bp)...done!
Finding genes in sequence #869 (58 bp)...done!
Finding genes in sequence #870 (58 bp)...done!
Finding genes in sequence #871 (58 bp)...done!
Finding genes in sequence #872 (58 bp)...done!
Finding genes in sequence #873 (58 bp)...done!
Finding genes in sequence #874 (58 bp)...done!
Finding genes in sequence #875 (58 bp)...done!
Finding genes in sequence #876 (58 bp)...done!
Finding genes in sequence #877 (58 bp)...done!
Finding genes in sequence #878 (58 bp)...done!
Finding genes in sequence #879 (58 bp)...done!
Finding genes in sequence #880 (58 bp)...done!
Finding genes in sequence #881 (58 bp)...done!
Finding genes in sequence #882 (58 bp)...done!
Finding genes in sequence #883 (58 bp)...done!
Finding genes in sequence #884 (58 bp)...done!
Finding genes in sequence #885 (58 bp)...done!
Finding genes in sequence #886 (58 bp)...done!
Finding genes in sequence #887 (58 bp)...done!
Finding genes in sequence #888 (58 bp)...done!
Finding genes in sequence #889 (58 bp)...done!
Finding genes in sequence #890 (58 bp)...done!
Finding genes in sequence #891 (57 bp)...done!
Finding genes in sequence #892 (57 bp)...done!
Finding genes in sequence #893 (57 bp)...done!
Finding genes in sequence #894 (57 bp)...done!
Finding genes in sequence #895 (57 bp)...done!
Finding genes in sequence #896 (57 bp)...done!
Finding genes in sequence #897 (57 bp)...done!
Finding genes in sequence #898 (57 bp)...done!
Finding genes in sequence #899 (57 bp)...done!
Finding genes in sequence #900 (57 bp)...done!
Finding genes in sequence #901 (57 bp)...done!
Finding genes in sequence #902 (57 bp)...done!
Finding genes in sequence #903 (57 bp)...done!
Finding genes in sequence #904 (57 bp)...done!
Finding genes in sequence #905 (57 bp)...done!
Finding genes in sequence #906 (57 bp)...done!
Finding genes in sequence #907 (57 bp)...done!
Finding genes in sequence #908 (57 bp)...done!
Finding genes in sequence #909 (57 bp)...done!
Finding genes in sequence #910 (57 bp)...done!
Finding genes in sequence #911 (57 bp)...done!
Finding genes in sequence #912 (57 bp)...done!
Finding genes in sequence #913 (57 bp)...done!
Finding genes in sequence #914 (57 bp)...done!
Finding genes in sequence #915 (57 bp)...done!
Finding genes in sequence #916 (57 bp)...done!
Finding genes in sequence #917 (57 bp)...done!
Finding genes in sequence #918 (57 bp)...done!
Finding genes in sequence #919 (57 bp)...done!
Finding genes in sequence #920 (57 bp)...done!
Finding genes in sequence #921 (56 bp)...done!
Finding genes in sequence #922 (56 bp)...done!
Finding genes in sequence #923 (56 bp)...done!
Finding genes in sequence #924 (56 bp)...done!
Finding genes in sequence #925 (56 bp)...done!
Finding genes in sequence #926 (56 bp)...done!
Finding genes in sequence #927 (56 bp)...done!
Finding genes in sequence #928 (56 bp)...done!
Finding genes in sequence #929 (56 bp)...done!
Finding genes in sequence #930 (56 bp)...done!
Finding genes in sequence #931 (56 bp)...done!
Finding genes in sequence #932 (56 bp)...done!
Finding genes in sequence #933 (56 bp)...done!
Finding genes in sequence #934 (56 bp)...done!
Finding genes in sequence #935 (56 bp)...done!
Finding genes in sequence #936 (56 bp)...done!
Finding genes in sequence #937 (56 bp)...done!
Finding genes in sequence #938 (56 bp)...done!
Finding genes in sequence #939 (56 bp)...done!
Finding genes in sequence #940 (56 bp)...done!
Finding genes in sequence #941 (56 bp)...done!
Finding genes in sequence #942 (56 bp)...done!
Finding genes in sequence #943 (56 bp)...done!
Finding genes in sequence #944 (56 bp)...done!
Finding genes in sequence #945 (56 bp)...done!
Finding genes in sequence #946 (56 bp)...done!
Finding genes in sequence #947 (56 bp)...done!
Finding genes in sequence #948 (56 bp)...done!
Finding genes in sequence #949 (56 bp)...done!
Finding genes in sequence #950 (56 bp)...done!
Finding genes in sequence #951 (56 bp)...done!
Finding genes in sequence #952 (56 bp)...done!
Finding genes in sequence #953 (56 bp)...done!
Finding genes in sequence #954 (56 bp)...done!
Finding genes in sequence #955 (56 bp)...done!
Finding genes in sequence #956 (56 bp)...done!
Finding genes in sequence #957 (56 bp)...done!
Finding genes in sequence #958 (56 bp)...done!
Finding genes in sequence #959 (56 bp)...done!
Finding genes in sequence #960 (56 bp)...done!
Finding genes in sequence #961 (56 bp)...done!
Finding genes in sequence #962 (56 bp)...done!
Finding genes in sequence #963 (56 bp)...done!
Finding genes in sequence #964 (56 bp)...done!
Finding genes in sequence #965 (56 bp)...done!
Finding genes in sequence #966 (56 bp)...done!
Finding genes in sequence #967 (56 bp)...done!
Finding genes in sequence #968 (56 bp)...done!
Finding genes in sequence #969 (56 bp)...done!
Finding genes in sequence #970 (56 bp)...done!
Finding genes in sequence #971 (56 bp)...done!
Finding genes in sequence #972 (56 bp)...done!
Finding genes in sequence #973 (56 bp)...done!
Finding genes in sequence #974 (56 bp)...done!
Finding genes in sequence #975 (56 bp)...done!
Finding genes in sequence #976 (56 bp)...done!
Finding genes in sequence #977 (56 bp)...done!
Finding genes in sequence #978 (56 bp)...done!
