#                                                                                              --- full sequence --- -------------- this domain -------------   hmm coord   ali coord   env coord
# target name                          accession   tlen query name           accession   qlen   E-value  score  bias   #  of  c-Evalue  i-Evalue  score  bias  from    to  from    to  from    to  acc description of target
#                  ------------------- ---------- ----- -------------------- ---------- ----- --------- ------ ----- --- --- --------- --------- ------ ----- ----- ----- ----- ----- ----- ----- ---- ---------------------
NODE_3_length_212343_cov_42.826340_152 -            465 11418at72274         -            383  1.1e-192  638.5   0.1   1   2   4.4e-18     7e-15   53.3   0.0     1    50    18    73    18    87 0.89 # 174322 # 175716 # -1 # ID=3_152;partial=00;start_type=ATG;rbs_motif=None;rbs_spacer=None;gc_cont=0.608
NODE_3_length_212343_cov_42.826340_152 -            465 11418at72274         -            383  1.1e-192  638.5   0.1   2   2  3.7e-179  5.9e-176  583.5   0.1    45   382    90   456    85   457 0.94 # 174322 # 175716 # -1 # ID=3_152;partial=00;start_type=ATG;rbs_motif=None;rbs_spacer=None;gc_cont=0.608
NODE_9_length_148151_cov_43.734132_73  -            470 11418at72274         -            383   4.9e-67  225.0   1.0   1   2      0.28   4.5e+02   -2.0   0.0     8    35    14    44     9    56 0.77 # 54639 # 56048 # -1 # ID=9_73;partial=00;start_type=ATG;rbs_motif=GGAGG;rbs_spacer=3-4bp;gc_cont=0.617
NODE_9_length_148151_cov_43.734132_73  -            470 11418at72274         -            383   4.9e-67  225.0   1.0   2   2   6.9e-70   1.1e-66  223.8   0.9    56   381    88   438    77   440 0.86 # 54639 # 56048 # -1 # ID=9_73;partial=00;start_type=ATG;rbs_motif=GGAGG;rbs_spacer=3-4bp;gc_cont=0.617
NODE_57_length_41705_cov_40.836927_3   -            501 11418at72274         -            383    0.0029   15.1   0.1   1   2   0.00012       0.2    9.0   0.0   134   173    13    53     4    57 0.86 # 2332 # 3834 # 1 # ID=57_3;partial=00;start_type=TTG;rbs_motif=GGAG/GAGG;rbs_spacer=5-10bp;gc_cont=0.603
NODE_57_length_41705_cov_40.836927_3   -            501 11418at72274         -            383    0.0029   15.1   0.1   2   2    0.0065        10    3.4   0.0   227   265   333   372   319   385 0.76 # 2332 # 3834 # 1 # ID=57_3;partial=00;start_type=TTG;rbs_motif=GGAG/GAGG;rbs_spacer=5-10bp;gc_cont=0.603
NODE_21_length_98802_cov_44.897283_75  -            487 11418at72274         -            383     0.064   10.6   0.1   1   2    0.0014       2.2    5.6   0.0   130   170     4    45     1    85 0.80 # 75797 # 77257 # 1 # ID=21_75;partial=00;start_type=GTG;rbs_motif=GGA/GAG/AGG;rbs_spacer=5-10bp;gc_cont=0.555
NODE_21_length_98802_cov_44.897283_75  -            487 11418at72274         -            383     0.064   10.6   0.1   2   2    0.0096        15    2.8   0.1   130   172   239   282   235   291 0.81 # 75797 # 77257 # 1 # ID=21_75;partial=00;start_type=GTG;rbs_motif=GGA/GAG/AGG;rbs_spacer=5-10bp;gc_cont=0.555
#
# Program:         hmmsearch
# Version:         3.1b2 (February 2015)
# Pipeline mode:   SEARCH
# Query file:      /data2/PEG/hoaxaca/REAA/Pseudomonas/bin/busco_downloads/lineages/pseudomonadales_odb10/hmms/11418at72274.hmm
# Target file:     /data2/PEG/hoaxaca/REAA/Pseudomonas/bin/../out/busco/trim_75clip.spades_def/prodigal_output/predicted_genes/predicted.faa
# Option settings: hmmsearch --domtblout /data2/PEG/hoaxaca/REAA/Pseudomonas/bin/../out/busco/trim_75clip.spades_def/run_pseudomonadales_odb10/hmmer_output/11418at72274.out --cpu 1 /data2/PEG/hoaxaca/REAA/Pseudomonas/bin/busco_downloads/lineages/pseudomonadales_odb10/hmms/11418at72274.hmm /data2/PEG/hoaxaca/REAA/Pseudomonas/bin/../out/busco/trim_75clip.spades_def/prodigal_output/predicted_genes/predicted.faa 
# Current dir:     /data2/PEG/hoaxaca/REAA/Pseudomonas/bin
# Date:            Mon Feb 20 00:31:47 2023
# [ok]
