#                                                                                              --- full sequence --- -------------- this domain -------------   hmm coord   ali coord   env coord
# target name                          accession   tlen query name           accession   qlen   E-value  score  bias   #  of  c-Evalue  i-Evalue  score  bias  from    to  from    to  from    to  acc description of target
#                  ------------------- ---------- ----- -------------------- ---------- ----- --------- ------ ----- --- --- --------- --------- ------ ----- ----- ----- ----- ----- ----- ----- ---- ---------------------
NODE_28_length_84268_cov_43.335233_42  -            428 13283at72274         -            358  7.5e-208  688.3   7.3   1   1  5.4e-210  3.1e-207  686.2   7.3     6   358    15   404    11   404 0.97 # 49383 # 50666 # -1 # ID=28_42;partial=00;start_type=ATG;rbs_motif=GGA/GAG/AGG;rbs_spacer=5-10bp;gc_cont=0.551
NODE_10_length_140278_cov_43.717628_16 -            446 13283at72274         -            358   1.7e-43  147.5   0.5   1   3   1.9e-25   1.1e-22   79.1   0.0    39   130     4   105     1   122 0.89 # 17851 # 19188 # 1 # ID=10_16;partial=00;start_type=ATG;rbs_motif=AGGA/GGAG/GAGG;rbs_spacer=11-12bp;gc_cont=0.602
NODE_10_length_140278_cov_43.717628_16 -            446 13283at72274         -            358   1.7e-43  147.5   0.5   2   3   4.4e-11   2.6e-08   31.8   0.1   138   183   246   289   230   313 0.78 # 17851 # 19188 # 1 # ID=10_16;partial=00;start_type=ATG;rbs_motif=AGGA/GGAG/GAGG;rbs_spacer=11-12bp;gc_cont=0.602
NODE_10_length_140278_cov_43.717628_16 -            446 13283at72274         -            358   1.7e-43  147.5   0.5   3   3   1.8e-11   1.1e-08   33.1   0.0   258   342   316   408   306   425 0.80 # 17851 # 19188 # 1 # ID=10_16;partial=00;start_type=ATG;rbs_motif=AGGA/GGAG/GAGG;rbs_spacer=11-12bp;gc_cont=0.602
NODE_7_length_179149_cov_44.188672_166 -            757 13283at72274         -            358   4.8e-06   24.4   0.0   1   3     9e-05     0.053   11.1   0.0    73   151   210   294   199   308 0.78 # 163337 # 165607 # -1 # ID=7_166;partial=00;start_type=ATG;rbs_motif=GGAG/GAGG;rbs_spacer=5-10bp;gc_cont=0.605
NODE_7_length_179149_cov_44.188672_166 -            757 13283at72274         -            358   4.8e-06   24.4   0.0   2   3   0.00028      0.16    9.5   0.0    22   107   438   525   428   562 0.78 # 163337 # 165607 # -1 # ID=7_166;partial=00;start_type=ATG;rbs_motif=GGAG/GAGG;rbs_spacer=5-10bp;gc_cont=0.605
NODE_7_length_179149_cov_44.188672_166 -            757 13283at72274         -            358   4.8e-06   24.4   0.0   3   3      0.35     2e+02   -0.7   0.0   248   294   630   676   581   717 0.72 # 163337 # 165607 # -1 # ID=7_166;partial=00;start_type=ATG;rbs_motif=GGAG/GAGG;rbs_spacer=5-10bp;gc_cont=0.605
NODE_29_length_79509_cov_43.985702_53  -            855 13283at72274         -            358   5.4e-06   24.2   0.0   1   3    0.0061       3.6    5.1   0.0    72    97   197   222   161   242 0.88 # 55342 # 57906 # 1 # ID=29_53;partial=00;start_type=ATG;rbs_motif=AGGA;rbs_spacer=5-10bp;gc_cont=0.588
NODE_29_length_79509_cov_43.985702_53  -            855 13283at72274         -            358   5.4e-06   24.2   0.0   2   3       2.1   1.2e+03   -3.3   0.0   213   270   455   517   451   539 0.61 # 55342 # 57906 # 1 # ID=29_53;partial=00;start_type=ATG;rbs_motif=AGGA;rbs_spacer=5-10bp;gc_cont=0.588
NODE_29_length_79509_cov_43.985702_53  -            855 13283at72274         -            358   5.4e-06   24.2   0.0   3   3   3.3e-06    0.0019   15.8   0.0    40    98   562   622   550   636 0.86 # 55342 # 57906 # 1 # ID=29_53;partial=00;start_type=ATG;rbs_motif=AGGA;rbs_spacer=5-10bp;gc_cont=0.588
NODE_11_length_139104_cov_53.491280_67 -            640 13283at72274         -            358   2.1e-05   22.2   0.0   1   1   7.7e-08   4.5e-05   21.2   0.0    76   154   192   264   154   287 0.83 # 85924 # 87843 # 1 # ID=11_67;partial=00;start_type=TTG;rbs_motif=GGAG/GAGG;rbs_spacer=5-10bp;gc_cont=0.582
NODE_33_length_71423_cov_44.044782_53  -            807 13283at72274         -            358    0.0001   20.0   0.0   1   1     3e-07   0.00018   19.2   0.0    37   153   349   466   344   475 0.76 # 51126 # 53546 # 1 # ID=33_53;partial=00;start_type=ATG;rbs_motif=GGA/GAG/AGG;rbs_spacer=5-10bp;gc_cont=0.613
NODE_28_length_84268_cov_43.335233_41  -            799 13283at72274         -            358     0.011   13.3   0.0   1   1   5.1e-05      0.03   11.9   0.0    38   117   310   389   303   434 0.67 # 46835 # 49231 # -1 # ID=28_41;partial=00;start_type=ATG;rbs_motif=GGAG/GAGG;rbs_spacer=5-10bp;gc_cont=0.579
NODE_83_length_18550_cov_45.798810_9   -            368 13283at72274         -            358     0.017   12.7   0.0   1   1   5.1e-05      0.03   11.9   0.0    72   150    40   124    25   132 0.79 # 7014 # 8117 # -1 # ID=83_9;partial=00;start_type=ATG;rbs_motif=GGAG/GAGG;rbs_spacer=5-10bp;gc_cont=0.620
NODE_71_length_26255_cov_41.809618_14  -            363 13283at72274         -            358     0.029   11.9   0.0   1   1   7.8e-05     0.046   11.3   0.0    71   150    39   124    26   134 0.78 # 14523 # 15611 # 1 # ID=71_14;partial=00;start_type=ATG;rbs_motif=GGA/GAG/AGG;rbs_spacer=5-10bp;gc_cont=0.622
NODE_53_length_49457_cov_44.253229_7   -            536 13283at72274         -            358     0.038   11.5   0.0   1   1   9.8e-05     0.057   10.9   0.0    68    97   207   236   199   300 0.86 # 8196 # 9803 # -1 # ID=53_7;partial=00;start_type=ATG;rbs_motif=None;rbs_spacer=None;gc_cont=0.627
NODE_1_length_352372_cov_43.300394_289 -            641 13283at72274         -            358      0.04   11.5   0.0   1   1   0.00012     0.068   10.7   0.0    60   103    89   133    82   143 0.84 # 309016 # 310938 # -1 # ID=1_289;partial=00;start_type=ATG;rbs_motif=GGAG/GAGG;rbs_spacer=5-10bp;gc_cont=0.576
#
# Program:         hmmsearch
# Version:         3.1b2 (February 2015)
# Pipeline mode:   SEARCH
# Query file:      /data2/PEG/hoaxaca/REAA/Pseudomonas/bin/busco_downloads/lineages/pseudomonadales_odb10/hmms/13283at72274.hmm
# Target file:     /data2/PEG/hoaxaca/REAA/Pseudomonas/bin/../out/busco/trim_75clip.spades_def/prodigal_output/predicted_genes/predicted.faa
# Option settings: hmmsearch --domtblout /data2/PEG/hoaxaca/REAA/Pseudomonas/bin/../out/busco/trim_75clip.spades_def/run_pseudomonadales_odb10/hmmer_output/13283at72274.out --cpu 1 /data2/PEG/hoaxaca/REAA/Pseudomonas/bin/busco_downloads/lineages/pseudomonadales_odb10/hmms/13283at72274.hmm /data2/PEG/hoaxaca/REAA/Pseudomonas/bin/../out/busco/trim_75clip.spades_def/prodigal_output/predicted_genes/predicted.faa 
# Current dir:     /data2/PEG/hoaxaca/REAA/Pseudomonas/bin
# Date:            Mon Feb 20 00:31:49 2023
# [ok]
