#                                                                                               --- full sequence --- -------------- this domain -------------   hmm coord   ali coord   env coord
# target name                           accession   tlen query name           accession   qlen   E-value  score  bias   #  of  c-Evalue  i-Evalue  score  bias  from    to  from    to  from    to  acc description of target
#                   ------------------- ---------- ----- -------------------- ---------- ----- --------- ------ ----- --- --- --------- --------- ------ ----- ----- ----- ----- ----- ----- ----- ---- ---------------------
NODE_1_length_352372_cov_43.300394_43   -            410 14523at72274         -            362    2e-206  683.6   1.0   1   1  7.2e-209  3.9e-206  682.7   1.0     1   362     5   409     5   409 0.93 # 42440 # 43669 # -1 # ID=1_43;partial=00;start_type=ATG;rbs_motif=GGA/GAG/AGG;rbs_spacer=5-10bp;gc_cont=0.589
NODE_12_length_120342_cov_44.792762_8   -            352 14523at72274         -            362   2.5e-39  133.9   0.2   1   1   8.4e-42   4.5e-39  133.1   0.2    63   281   103   338    97   347 0.85 # 6879 # 7934 # 1 # ID=12_8;partial=00;start_type=ATG;rbs_motif=AGGAG;rbs_spacer=5-10bp;gc_cont=0.610
NODE_55_length_47108_cov_43.879625_17   -            317 14523at72274         -            362   1.2e-31  108.6   0.0   1   1   4.4e-34   2.3e-31  107.7   0.0    59   295    64   308    49   314 0.86 # 21446 # 22396 # -1 # ID=55_17;partial=00;start_type=ATG;rbs_motif=GGA/GAG/AGG;rbs_spacer=5-10bp;gc_cont=0.656
NODE_4_length_205573_cov_43.972436_35   -            325 14523at72274         -            362   1.8e-29  101.5   0.0   1   1   7.1e-32   3.8e-29  100.4   0.0    39   279    44   302    33   307 0.82 # 43866 # 44840 # -1 # ID=4_35;partial=00;start_type=ATG;rbs_motif=GGA/GAG/AGG;rbs_spacer=5-10bp;gc_cont=0.625
NODE_63_length_35873_cov_42.173767_26   -            326 14523at72274         -            362   5.4e-29   99.9   0.0   1   1   1.9e-31     1e-28   99.0   0.0    14   276    18   297     8   309 0.82 # 30399 # 31376 # 1 # ID=63_26;partial=00;start_type=ATG;rbs_motif=GGA/GAG/AGG;rbs_spacer=5-10bp;gc_cont=0.623
NODE_4_length_205573_cov_43.972436_73   -            321 14523at72274         -            362   6.3e-28   96.4   0.0   1   1     2e-30     1e-27   95.7   0.0    32   276    40   299    28   312 0.81 # 87772 # 88734 # 1 # ID=4_73;partial=00;start_type=ATG;rbs_motif=GGA/GAG/AGG;rbs_spacer=11-12bp;gc_cont=0.644
NODE_9_length_148151_cov_43.734132_138  -            318 14523at72274         -            362   3.6e-24   84.0   0.0   1   1     1e-26   5.5e-24   83.4   0.0    34   268    43   288    34   305 0.78 # 113079 # 114032 # 1 # ID=9_138;partial=00;start_type=ATG;rbs_motif=GGAG/GAGG;rbs_spacer=5-10bp;gc_cont=0.635
NODE_8_length_160420_cov_42.382234_127  -            330 14523at72274         -            362   2.8e-22   77.8   0.0   1   1   1.2e-24   6.6e-22   76.6   0.0    69   276    76   307    62   319 0.84 # 125119 # 126108 # 1 # ID=8_127;partial=00;start_type=ATG;rbs_motif=AGGA;rbs_spacer=5-10bp;gc_cont=0.648
NODE_2_length_234130_cov_42.625966_61   -            381 14523at72274         -            362   1.7e-17   62.0   0.0   1   2     2e-09   1.1e-06   26.5   0.0    36   109    33   106    27   113 0.93 # 73788 # 74930 # 1 # ID=2_61;partial=00;start_type=ATG;rbs_motif=AGGAG;rbs_spacer=5-10bp;gc_cont=0.645
NODE_2_length_234130_cov_42.625966_61   -            381 14523at72274         -            362   1.7e-17   62.0   0.0   2   2   5.6e-11     3e-08   31.6   0.0   137   287   116   276   107   288 0.77 # 73788 # 74930 # 1 # ID=2_61;partial=00;start_type=ATG;rbs_motif=AGGAG;rbs_spacer=5-10bp;gc_cont=0.645
NODE_50_length_52400_cov_41.716649_9    -            320 14523at72274         -            362     2e-11   42.1   0.0   1   1   7.2e-14   3.8e-11   41.2   0.0    92   273   101   289    89   306 0.78 # 9096 # 10055 # 1 # ID=50_9;partial=00;start_type=ATG;rbs_motif=AGGA;rbs_spacer=5-10bp;gc_cont=0.619
NODE_19_length_101432_cov_42.268157_10  -            311 14523at72274         -            362     2e-08   32.2   0.0   1   1   6.3e-11   3.4e-08   31.5   0.0    99   244    98   256    84   269 0.80 # 8172 # 9104 # 1 # ID=19_10;partial=00;start_type=ATG;rbs_motif=GGA/GAG/AGG;rbs_spacer=5-10bp;gc_cont=0.638
NODE_11_length_139104_cov_53.491280_108 -            339 14523at72274         -            362    0.0079   13.8   0.1   1   1   2.4e-05     0.013   13.1   0.1   135   246    14   132     5   142 0.71 # 135327 # 136343 # 1 # ID=11_108;partial=00;start_type=ATG;rbs_motif=GGAG/GAGG;rbs_spacer=5-10bp;gc_cont=0.570
#
# Program:         hmmsearch
# Version:         3.1b2 (February 2015)
# Pipeline mode:   SEARCH
# Query file:      /data2/PEG/hoaxaca/REAA/Pseudomonas/bin/busco_downloads/lineages/pseudomonadales_odb10/hmms/14523at72274.hmm
# Target file:     /data2/PEG/hoaxaca/REAA/Pseudomonas/bin/../out/busco/trim_75clip.spades_def/prodigal_output/predicted_genes/predicted.faa
# Option settings: hmmsearch --domtblout /data2/PEG/hoaxaca/REAA/Pseudomonas/bin/../out/busco/trim_75clip.spades_def/run_pseudomonadales_odb10/hmmer_output/14523at72274.out --cpu 1 /data2/PEG/hoaxaca/REAA/Pseudomonas/bin/busco_downloads/lineages/pseudomonadales_odb10/hmms/14523at72274.hmm /data2/PEG/hoaxaca/REAA/Pseudomonas/bin/../out/busco/trim_75clip.spades_def/prodigal_output/predicted_genes/predicted.faa 
# Current dir:     /data2/PEG/hoaxaca/REAA/Pseudomonas/bin
# Date:            Mon Feb 20 00:31:51 2023
# [ok]
