#                                                                                              --- full sequence --- -------------- this domain -------------   hmm coord   ali coord   env coord
# target name                          accession   tlen query name           accession   qlen   E-value  score  bias   #  of  c-Evalue  i-Evalue  score  bias  from    to  from    to  from    to  acc description of target
#                  ------------------- ---------- ----- -------------------- ---------- ----- --------- ------ ----- --- --- --------- --------- ------ ----- ----- ----- ----- ----- ----- ----- ---- ---------------------
NODE_35_length_68898_cov_43.150153_41  -            400 14552at72274         -            324  2.7e-151  501.7   0.0   1   1  2.5e-152  6.4e-150  497.2   0.0     1   323     8   392     8   393 0.91 # 46518 # 47717 # 1 # ID=35_41;partial=00;start_type=ATG;rbs_motif=GGA/GAG/AGG;rbs_spacer=5-10bp;gc_cont=0.636
NODE_14_length_115769_cov_42.456539_55 -            406 14552at72274         -            324   1.1e-33  115.2   0.0   1   1   3.9e-34   9.9e-32  108.8   0.0    15   323    39   391    31   392 0.75 # 51097 # 52314 # 1 # ID=14_55;partial=00;start_type=ATG;rbs_motif=GGAG/GAGG;rbs_spacer=5-10bp;gc_cont=0.613
NODE_15_length_113069_cov_45.201338_29 -            383 14552at72274         -            324   1.1e-30  105.5   0.0   1   2   1.8e-32   4.6e-30  103.4   0.0    14   268    26   296    13   310 0.83 # 24753 # 25901 # 1 # ID=15_29;partial=00;start_type=ATG;rbs_motif=GGA/GAG/AGG;rbs_spacer=5-10bp;gc_cont=0.610
NODE_15_length_113069_cov_45.201338_29 -            383 14552at72274         -            324   1.1e-30  105.5   0.0   2   2      0.69   1.8e+02   -0.4   0.0   274   321   329   378   309   380 0.76 # 24753 # 25901 # 1 # ID=15_29;partial=00;start_type=ATG;rbs_motif=GGA/GAG/AGG;rbs_spacer=5-10bp;gc_cont=0.610
NODE_16_length_109679_cov_42.398024_15 -            665 14552at72274         -            324   6.6e-28   96.3   0.0   1   1   4.3e-30   1.1e-27   95.5   0.0    15   267    35   302    30   384 0.80 # 14619 # 16613 # -1 # ID=16_15;partial=00;start_type=ATG;rbs_motif=GGAG/GAGG;rbs_spacer=5-10bp;gc_cont=0.625
NODE_42_length_60120_cov_44.104537_10  -            401 14552at72274         -            324   4.6e-26   90.2   0.0   1   1   2.7e-28     7e-26   89.6   0.0    14   294    34   339    24   352 0.81 # 9092 # 10294 # -1 # ID=42_10;partial=00;start_type=ATG;rbs_motif=AGGAG;rbs_spacer=5-10bp;gc_cont=0.633
NODE_27_length_88680_cov_41.567210_82  -            404 14552at72274         -            324   2.6e-25   87.8   0.0   1   1   1.4e-27   3.7e-25   87.2   0.0    15   218    35   253    28   274 0.83 # 81622 # 82833 # 1 # ID=27_82;partial=00;start_type=ATG;rbs_motif=AGGA;rbs_spacer=5-10bp;gc_cont=0.618
NODE_61_length_36603_cov_40.676426_3   -            410 14552at72274         -            324   4.7e-22   77.0   0.0   1   1   2.4e-24   6.2e-22   76.7   0.0    15   268    38   309    30   365 0.77 # 1708 # 2937 # 1 # ID=61_3;partial=00;start_type=ATG;rbs_motif=GGAG/GAGG;rbs_spacer=5-10bp;gc_cont=0.649
NODE_44_length_58074_cov_43.351126_13  -            404 14552at72274         -            324   1.9e-20   71.7   0.0   1   1   1.1e-22   2.9e-20   71.1   0.0    16   269    36   307    31   338 0.71 # 21470 # 22681 # -1 # ID=44_13;partial=00;start_type=ATG;rbs_motif=GGAGG;rbs_spacer=5-10bp;gc_cont=0.649
NODE_36_length_67201_cov_42.906889_60  -            403 14552at72274         -            324   3.4e-19   67.6   0.0   1   1   2.1e-21   5.3e-19   67.0   0.0    15   283    36   332    27   341 0.79 # 57073 # 58281 # 1 # ID=36_60;partial=00;start_type=ATG;rbs_motif=GGA/GAG/AGG;rbs_spacer=5-10bp;gc_cont=0.639
NODE_11_length_139104_cov_53.491280_94 -            391 14552at72274         -            324     1e-12   46.4   0.0   1   1   7.4e-13   1.9e-10   38.9   0.0    15   322    35   381    28   383 0.69 # 121301 # 122473 # 1 # ID=11_94;partial=00;start_type=ATG;rbs_motif=AGGA;rbs_spacer=5-10bp;gc_cont=0.619
NODE_38_length_63635_cov_41.113825_16  -            475 14552at72274         -            324   2.4e-11   41.9   0.0   1   1   1.3e-13   3.3e-11   41.4   0.0    40   251   144   360   121   403 0.78 # 18927 # 20351 # -1 # ID=38_16;partial=00;start_type=ATG;rbs_motif=GGA/GAG/AGG;rbs_spacer=5-10bp;gc_cont=0.620
NODE_94_length_14122_cov_40.238359_6   -            383 14552at72274         -            324   7.6e-10   36.9   0.0   1   1   7.6e-12   1.9e-09   35.6   0.0    19   220    31   246    26   265 0.77 # 6860 # 8008 # -1 # ID=94_6;partial=00;start_type=ATG;rbs_motif=GGA/GAG/AGG;rbs_spacer=5-10bp;gc_cont=0.637
NODE_4_length_205573_cov_43.972436_93  -            351 14552at72274         -            324     2e-08   32.2   0.0   1   1   1.5e-10   3.8e-08   31.4   0.0    22   259    35   267    17   287 0.74 # 104953 # 106005 # -1 # ID=4_93;partial=00;start_type=ATG;rbs_motif=GGA/GAG/AGG;rbs_spacer=5-10bp;gc_cont=0.617
NODE_32_length_72113_cov_43.969136_50  -            475 14552at72274         -            324   1.1e-07   29.9   0.0   1   1   1.9e-09   4.9e-07   27.7   0.0   136   268   246   379   106   407 0.73 # 48299 # 49723 # 1 # ID=32_50;partial=00;start_type=ATG;rbs_motif=GGA/GAG/AGG;rbs_spacer=5-10bp;gc_cont=0.618
NODE_8_length_160420_cov_42.382234_67  -            480 14552at72274         -            324   1.2e-07   29.7   0.0   1   1     8e-10     2e-07   28.9   0.0   123   271   236   385   134   429 0.75 # 65351 # 66790 # -1 # ID=8_67;partial=00;start_type=ATG;rbs_motif=GGA/GAG/AGG;rbs_spacer=5-10bp;gc_cont=0.622
NODE_2_length_234130_cov_42.625966_139 -            371 14552at72274         -            324   1.7e-07   29.2   0.0   1   1   9.8e-10   2.5e-07   28.6   0.0    26   258    52   283    37   296 0.63 # 161629 # 162741 # 1 # ID=2_139;partial=00;start_type=ATG;rbs_motif=GGAG/GAGG;rbs_spacer=5-10bp;gc_cont=0.615
NODE_9_length_148151_cov_43.734132_28  -            462 14552at72274         -            324   4.5e-07   27.8   0.0   1   1   3.3e-09   8.3e-07   26.9   0.0   119   225   226   330   126   403 0.66 # 17866 # 19251 # -1 # ID=9_28;partial=00;start_type=ATG;rbs_motif=GGA/GAG/AGG;rbs_spacer=5-10bp;gc_cont=0.543
NODE_62_length_36136_cov_43.904077_12  -            475 14552at72274         -            324   8.7e-07   26.9   0.0   1   1   4.8e-09   1.2e-06   26.4   0.0    40   235   142   344   127   403 0.77 # 11273 # 12697 # 1 # ID=62_12;partial=00;start_type=ATG;rbs_motif=GGA/GAG/AGG;rbs_spacer=5-10bp;gc_cont=0.624
NODE_11_length_139104_cov_53.491280_42 -            424 14552at72274         -            324     1e-06   26.7   0.0   1   1   7.2e-09   1.9e-06   25.8   0.0    66   226   103   268    67   288 0.74 # 57337 # 58608 # -1 # ID=11_42;partial=00;start_type=ATG;rbs_motif=GGA/GAG/AGG;rbs_spacer=5-10bp;gc_cont=0.489
NODE_5_length_205536_cov_43.475207_32  -            443 14552at72274         -            324   1.9e-06   25.8   0.0   1   1   1.1e-08   2.7e-06   25.3   0.0   140   266   231   352   110   379 0.77 # 31111 # 32439 # 1 # ID=5_32;partial=00;start_type=ATG;rbs_motif=GGA/GAG/AGG;rbs_spacer=5-10bp;gc_cont=0.664
NODE_19_length_101432_cov_42.268157_96 -            330 14552at72274         -            324   1.3e-05   23.0   0.0   1   1   9.2e-08   2.4e-05   22.2   0.0   130   227   123   215   111   220 0.77 # 98893 # 99882 # 1 # ID=19_96;partial=00;start_type=ATG;rbs_motif=GGxGG;rbs_spacer=5-10bp;gc_cont=0.649
NODE_51_length_52356_cov_42.871150_32  -            442 14552at72274         -            324   2.1e-05   22.3   0.0   1   1   1.1e-07   2.8e-05   21.9   0.0   119   281   208   378   118   389 0.79 # 38566 # 39891 # -1 # ID=51_32;partial=00;start_type=ATG;rbs_motif=GGA/GAG/AGG;rbs_spacer=5-10bp;gc_cont=0.645
NODE_9_length_148151_cov_43.734132_157 -            470 14552at72274         -            324    0.0003   18.5   0.0   1   1   2.4e-06   0.00062   17.5   0.0   138   266   249   378   232   410 0.69 # 142590 # 143999 # 1 # ID=9_157;partial=00;start_type=ATG;rbs_motif=GGA/GAG/AGG;rbs_spacer=5-10bp;gc_cont=0.623
NODE_31_length_74897_cov_42.638144_9   -            404 14552at72274         -            324   0.00069   17.4   0.1   1   2   8.9e-06    0.0023   15.6   0.0   120   178   147   205   137   217 0.86 # 8656 # 9867 # 1 # ID=31_9;partial=00;start_type=ATG;rbs_motif=AGGAG;rbs_spacer=5-10bp;gc_cont=0.631
NODE_31_length_74897_cov_42.638144_9   -            404 14552at72274         -            324   0.00069   17.4   0.1   2   2       2.3     6e+02   -2.2   0.0    40    82   294   337   275   342 0.66 # 8656 # 9867 # 1 # ID=31_9;partial=00;start_type=ATG;rbs_motif=AGGAG;rbs_spacer=5-10bp;gc_cont=0.631
NODE_27_length_88680_cov_41.567210_33  -            389 14552at72274         -            324   0.00094   16.9   0.0   1   1     7e-06    0.0018   16.0   0.0   118   269   138   293    46   320 0.63 # 29520 # 30686 # -1 # ID=27_33;partial=00;start_type=ATG;rbs_motif=None;rbs_spacer=None;gc_cont=0.621
#
# Program:         hmmsearch
# Version:         3.1b2 (February 2015)
# Pipeline mode:   SEARCH
# Query file:      /data2/PEG/hoaxaca/REAA/Pseudomonas/bin/busco_downloads/lineages/pseudomonadales_odb10/hmms/14552at72274.hmm
# Target file:     /data2/PEG/hoaxaca/REAA/Pseudomonas/bin/../out/busco/trim_75clip.spades_def/prodigal_output/predicted_genes/predicted.faa
# Option settings: hmmsearch --domtblout /data2/PEG/hoaxaca/REAA/Pseudomonas/bin/../out/busco/trim_75clip.spades_def/run_pseudomonadales_odb10/hmmer_output/14552at72274.out --cpu 1 /data2/PEG/hoaxaca/REAA/Pseudomonas/bin/busco_downloads/lineages/pseudomonadales_odb10/hmms/14552at72274.hmm /data2/PEG/hoaxaca/REAA/Pseudomonas/bin/../out/busco/trim_75clip.spades_def/prodigal_output/predicted_genes/predicted.faa 
# Current dir:     /data2/PEG/hoaxaca/REAA/Pseudomonas/bin
# Date:            Mon Feb 20 00:31:51 2023
# [ok]
