#                                                                                              --- full sequence --- -------------- this domain -------------   hmm coord   ali coord   env coord
# target name                          accession   tlen query name           accession   qlen   E-value  score  bias   #  of  c-Evalue  i-Evalue  score  bias  from    to  from    to  from    to  acc description of target
#                  ------------------- ---------- ----- -------------------- ---------- ----- --------- ------ ----- --- --- --------- --------- ------ ----- ----- ----- ----- ----- ----- ----- ---- ---------------------
NODE_3_length_212343_cov_42.826340_166 -            434 17132at72274         -            361  2.3e-183  607.5   2.5   1   1  1.9e-185    2e-182  604.4   2.5     1   360     3   417     3   418 0.90 # 192116 # 193417 # -1 # ID=3_166;partial=00;start_type=TTG;rbs_motif=AGGAG;rbs_spacer=5-10bp;gc_cont=0.586
NODE_15_length_113069_cov_45.201338_28 -            490 17132at72274         -            361   1.1e-11   42.8   0.0   1   2   7.3e-09   7.9e-06   23.5   0.0   176   299     2   125     1   133 0.84 # 23175 # 24644 # 1 # ID=15_28;partial=00;start_type=ATG;rbs_motif=GGAG/GAGG;rbs_spacer=5-10bp;gc_cont=0.591
NODE_15_length_113069_cov_45.201338_28 -            490 17132at72274         -            361   1.1e-11   42.8   0.0   2   2     6e-07   0.00065   17.2   0.0   178   271   196   292   180   336 0.81 # 23175 # 24644 # 1 # ID=15_28;partial=00;start_type=ATG;rbs_motif=GGAG/GAGG;rbs_spacer=5-10bp;gc_cont=0.591
NODE_6_length_186800_cov_43.969648_58  -            457 17132at72274         -            361     4e-06   24.4   0.1   1   1   5.8e-09   6.2e-06   23.8   0.1   175   324   215   374   186   385 0.74 # 61416 # 62786 # -1 # ID=6_58;partial=00;start_type=ATG;rbs_motif=None;rbs_spacer=None;gc_cont=0.611
NODE_29_length_79509_cov_43.985702_33  -            408 17132at72274         -            361   4.3e-06   24.3   0.0   1   1     7e-09   7.5e-06   23.5   0.0   177   271   160   253   148   300 0.85 # 36931 # 38154 # 1 # ID=29_33;partial=00;start_type=ATG;rbs_motif=GGAG/GAGG;rbs_spacer=5-10bp;gc_cont=0.592
NODE_33_length_71423_cov_44.044782_63  -            301 17132at72274         -            361   1.3e-05   22.7   0.0   1   1   1.8e-08   1.9e-05   22.2   0.0   178   309    11   143     4   178 0.87 # 61106 # 62008 # -1 # ID=33_63;partial=00;start_type=ATG;rbs_motif=GGAG/GAGG;rbs_spacer=5-10bp;gc_cont=0.590
NODE_22_length_97006_cov_43.305319_72  -            367 17132at72274         -            361   2.4e-05   21.9   0.0   1   1   4.1e-08   4.4e-05   21.0   0.0   180   218     6    44     3   166 0.88 # 71889 # 72989 # -1 # ID=22_72;partial=00;start_type=ATG;rbs_motif=GGAG/GAGG;rbs_spacer=5-10bp;gc_cont=0.590
#
# Program:         hmmsearch
# Version:         3.1b2 (February 2015)
# Pipeline mode:   SEARCH
# Query file:      /data2/PEG/hoaxaca/REAA/Pseudomonas/bin/busco_downloads/lineages/pseudomonadales_odb10/hmms/17132at72274.hmm
# Target file:     /data2/PEG/hoaxaca/REAA/Pseudomonas/bin/../out/busco/trim_75clip.spades_def/prodigal_output/predicted_genes/predicted.faa
# Option settings: hmmsearch --domtblout /data2/PEG/hoaxaca/REAA/Pseudomonas/bin/../out/busco/trim_75clip.spades_def/run_pseudomonadales_odb10/hmmer_output/17132at72274.out --cpu 1 /data2/PEG/hoaxaca/REAA/Pseudomonas/bin/busco_downloads/lineages/pseudomonadales_odb10/hmms/17132at72274.hmm /data2/PEG/hoaxaca/REAA/Pseudomonas/bin/../out/busco/trim_75clip.spades_def/prodigal_output/predicted_genes/predicted.faa 
# Current dir:     /data2/PEG/hoaxaca/REAA/Pseudomonas/bin
# Date:            Mon Feb 20 00:31:55 2023
# [ok]
