#                                                                                              --- full sequence --- -------------- this domain -------------   hmm coord   ali coord   env coord
# target name                          accession   tlen query name           accession   qlen   E-value  score  bias   #  of  c-Evalue  i-Evalue  score  bias  from    to  from    to  from    to  acc description of target
#                  ------------------- ---------- ----- -------------------- ---------- ----- --------- ------ ----- --- --- --------- --------- ------ ----- ----- ----- ----- ----- ----- ----- ---- ---------------------
NODE_3_length_212343_cov_42.826340_158 -            878 1843at72274          -            652         0 1032.8   0.0   1   2   7.6e-52   1.2e-48  164.3   0.0     1   134     1   160     1   178 0.91 # 178989 # 181622 # -1 # ID=3_158;partial=00;start_type=ATG;rbs_motif=3Base/5BMM;rbs_spacer=13-15bp;gc_cont=0.621
NODE_3_length_212343_cov_42.826340_158 -            878 1843at72274          -            652         0 1032.8   0.0   2   2  2.3e-264  3.6e-261  866.5   0.0   132   637   188   759   164   774 0.91 # 178989 # 181622 # -1 # ID=3_158;partial=00;start_type=ATG;rbs_motif=3Base/5BMM;rbs_spacer=13-15bp;gc_cont=0.621
NODE_2_length_234130_cov_42.625966_142 -            565 1843at72274          -            652   7.3e-16   56.0  10.4   1   4   2.1e-06    0.0034   14.2   0.1   548   627   193   263   152   281 0.82 # 165786 # 167480 # 1 # ID=2_142;partial=00;start_type=ATG;rbs_motif=AGGA;rbs_spacer=5-10bp;gc_cont=0.537
NODE_2_length_234130_cov_42.625966_142 -            565 1843at72274          -            652   7.3e-16   56.0  10.4   2   4   5.1e-08   8.2e-05   19.5   0.0   553   627   283   350   272   358 0.84 # 165786 # 167480 # 1 # ID=2_142;partial=00;start_type=ATG;rbs_motif=AGGA;rbs_spacer=5-10bp;gc_cont=0.537
NODE_2_length_234130_cov_42.625966_142 -            565 1843at72274          -            652   7.3e-16   56.0  10.4   3   4   2.4e-09   3.9e-06   23.9   0.1   549   627   366   437   359   461 0.87 # 165786 # 167480 # 1 # ID=2_142;partial=00;start_type=ATG;rbs_motif=AGGA;rbs_spacer=5-10bp;gc_cont=0.537
NODE_2_length_234130_cov_42.625966_142 -            565 1843at72274          -            652   7.3e-16   56.0  10.4   4   4    0.0056         9    2.9   0.4   599   647   495   543   486   547 0.87 # 165786 # 167480 # 1 # ID=2_142;partial=00;start_type=ATG;rbs_motif=AGGA;rbs_spacer=5-10bp;gc_cont=0.537
NODE_43_length_58914_cov_43.035373_17  -            775 1843at72274          -            652   7.7e-09   32.8   0.0   1   1   7.3e-12   1.2e-08   32.2   0.0   547   627   647   719   640   735 0.88 # 15066 # 17390 # 1 # ID=43_17;partial=00;start_type=ATG;rbs_motif=AGxAGG/AGGxGG;rbs_spacer=3-4bp;gc_cont=0.623
NODE_31_length_74897_cov_42.638144_56  -             71 1843at72274          -            652     0.014   12.2   0.1   1   1   9.2e-06     0.015   12.1   0.1    73   118    13    62     3    68 0.70 # 51784 # 51996 # -1 # ID=31_56;partial=00;start_type=ATG;rbs_motif=GGAG/GAGG;rbs_spacer=5-10bp;gc_cont=0.502
#
# Program:         hmmsearch
# Version:         3.1b2 (February 2015)
# Pipeline mode:   SEARCH
# Query file:      /data2/PEG/hoaxaca/REAA/Pseudomonas/bin/busco_downloads/lineages/pseudomonadales_odb10/hmms/1843at72274.hmm
# Target file:     /data2/PEG/hoaxaca/REAA/Pseudomonas/bin/../out/busco/trim_75clip.spades_def/prodigal_output/predicted_genes/predicted.faa
# Option settings: hmmsearch --domtblout /data2/PEG/hoaxaca/REAA/Pseudomonas/bin/../out/busco/trim_75clip.spades_def/run_pseudomonadales_odb10/hmmer_output/1843at72274.out --cpu 1 /data2/PEG/hoaxaca/REAA/Pseudomonas/bin/busco_downloads/lineages/pseudomonadales_odb10/hmms/1843at72274.hmm /data2/PEG/hoaxaca/REAA/Pseudomonas/bin/../out/busco/trim_75clip.spades_def/prodigal_output/predicted_genes/predicted.faa 
# Current dir:     /data2/PEG/hoaxaca/REAA/Pseudomonas/bin
# Date:            Mon Feb 20 00:31:57 2023
# [ok]
