#                                                                                              --- full sequence --- -------------- this domain -------------   hmm coord   ali coord   env coord
# target name                          accession   tlen query name           accession   qlen   E-value  score  bias   #  of  c-Evalue  i-Evalue  score  bias  from    to  from    to  from    to  acc description of target
#                  ------------------- ---------- ----- -------------------- ---------- ----- --------- ------ ----- --- --- --------- --------- ------ ----- ----- ----- ----- ----- ----- ----- ---- ---------------------
NODE_25_length_94792_cov_41.391822_47  -            479 19211at72274         -            366  1.8e-164  545.6   8.0   1   3   5.6e-14     9e-11   39.9   0.0     8    53    28    80    21    83 0.84 # 44918 # 46354 # 1 # ID=25_47;partial=00;start_type=ATG;rbs_motif=GGA/GAG/AGG;rbs_spacer=5-10bp;gc_cont=0.608
NODE_25_length_94792_cov_41.391822_47  -            479 19211at72274         -            366  1.8e-164  545.6   8.0   2   3  1.7e-135  2.7e-132  439.8   2.4    47   293    94   357    91   378 0.92 # 44918 # 46354 # 1 # ID=25_47;partial=00;start_type=ATG;rbs_motif=GGA/GAG/AGG;rbs_spacer=5-10bp;gc_cont=0.608
NODE_25_length_94792_cov_41.391822_47  -            479 19211at72274         -            366  1.8e-164  545.6   8.0   3   3   1.8e-22     3e-19   67.8   0.1   290   365   386   477   368   478 0.85 # 44918 # 46354 # 1 # ID=25_47;partial=00;start_type=ATG;rbs_motif=GGA/GAG/AGG;rbs_spacer=5-10bp;gc_cont=0.608
NODE_70_length_27195_cov_43.730361_3   -            385 19211at72274         -            366   1.5e-81  272.8   1.7   1   1   1.5e-84   2.4e-81  272.1   1.7    13   290    55   351    44   372 0.90 # 2972 # 4126 # -1 # ID=70_3;partial=00;start_type=ATG;rbs_motif=AGGA;rbs_spacer=5-10bp;gc_cont=0.626
NODE_35_length_68898_cov_43.150153_31  -            451 19211at72274         -            366   9.5e-06   23.4   0.1   1   2    0.0044       7.1    4.0   0.0   245   276   129   160   123   196 0.81 # 35066 # 36418 # -1 # ID=35_31;partial=00;start_type=ATG;rbs_motif=GGAG/GAGG;rbs_spacer=5-10bp;gc_cont=0.599
NODE_35_length_68898_cov_43.150153_31  -            451 19211at72274         -            366   9.5e-06   23.4   0.1   2   2   4.5e-07   0.00072   17.2   0.0   245   296   225   276   219   288 0.90 # 35066 # 36418 # -1 # ID=35_31;partial=00;start_type=ATG;rbs_motif=GGAG/GAGG;rbs_spacer=5-10bp;gc_cont=0.599
NODE_10_length_140278_cov_43.717628_80 -            436 19211at72274         -            366    0.0018   15.9   0.0   1   1   1.9e-06    0.0031   15.1   0.0   250   284   124   160   113   192 0.79 # 91013 # 92320 # 1 # ID=10_80;partial=00;start_type=ATG;rbs_motif=AGGAG;rbs_spacer=5-10bp;gc_cont=0.639
#
# Program:         hmmsearch
# Version:         3.1b2 (February 2015)
# Pipeline mode:   SEARCH
# Query file:      /data2/PEG/hoaxaca/REAA/Pseudomonas/bin/busco_downloads/lineages/pseudomonadales_odb10/hmms/19211at72274.hmm
# Target file:     /data2/PEG/hoaxaca/REAA/Pseudomonas/bin/../out/busco/trim_75clip.spades_def/prodigal_output/predicted_genes/predicted.faa
# Option settings: hmmsearch --domtblout /data2/PEG/hoaxaca/REAA/Pseudomonas/bin/../out/busco/trim_75clip.spades_def/run_pseudomonadales_odb10/hmmer_output/19211at72274.out --cpu 1 /data2/PEG/hoaxaca/REAA/Pseudomonas/bin/busco_downloads/lineages/pseudomonadales_odb10/hmms/19211at72274.hmm /data2/PEG/hoaxaca/REAA/Pseudomonas/bin/../out/busco/trim_75clip.spades_def/prodigal_output/predicted_genes/predicted.faa 
# Current dir:     /data2/PEG/hoaxaca/REAA/Pseudomonas/bin
# Date:            Mon Feb 20 00:31:57 2023
# [ok]
