#                                                                                               --- full sequence --- -------------- this domain -------------   hmm coord   ali coord   env coord
# target name                           accession   tlen query name           accession   qlen   E-value  score  bias   #  of  c-Evalue  i-Evalue  score  bias  from    to  from    to  from    to  acc description of target
#                   ------------------- ---------- ----- -------------------- ---------- ----- --------- ------ ----- --- --- --------- --------- ------ ----- ----- ----- ----- ----- ----- ----- ---- ---------------------
NODE_10_length_140278_cov_43.717628_72  -            479 19630at72274         -            384  2.2e-211  700.0   7.0   1   3   6.4e-08   4.5e-06   24.2   0.3     1    23     7    29     7    45 0.89 # 83555 # 84991 # 1 # ID=10_72;partial=00;start_type=ATG;rbs_motif=AGGAG;rbs_spacer=5-10bp;gc_cont=0.634
NODE_10_length_140278_cov_43.717628_72  -            479 19630at72274         -            384  2.2e-211  700.0   7.0   2   3   5.2e-33   3.7e-31  106.8   0.0    18    90    44   125    36   137 0.88 # 83555 # 84991 # 1 # ID=10_72;partial=00;start_type=ATG;rbs_motif=AGGAG;rbs_spacer=5-10bp;gc_cont=0.634
NODE_10_length_140278_cov_43.717628_72  -            479 19630at72274         -            384  2.2e-211  700.0   7.0   3   3  2.2e-174  1.5e-172  572.1   0.4    81   384   135   465   127   465 0.96 # 83555 # 84991 # 1 # ID=10_72;partial=00;start_type=ATG;rbs_motif=AGGAG;rbs_spacer=5-10bp;gc_cont=0.634
NODE_109_length_8465_cov_46.036029_7    -            466 19630at72274         -            384     4e-96  320.6   0.5   1   1   3.4e-95   2.4e-93  311.4   0.2    16   383    40   457    36   458 0.85 # 6955 # 8352 # 1 # ID=109_7;partial=00;start_type=ATG;rbs_motif=GGAG/GAGG;rbs_spacer=5-10bp;gc_cont=0.628
NODE_11_length_139104_cov_53.491280_89  -            479 19630at72274         -            384   8.6e-96  319.5   0.1   1   2   6.4e-14   4.5e-12   43.9   0.0    23    84    46   112    35   121 0.87 # 114937 # 116373 # -1 # ID=11_89;partial=00;start_type=ATG;rbs_motif=GGA/GAG/AGG;rbs_spacer=5-10bp;gc_cont=0.608
NODE_11_length_139104_cov_53.491280_89  -            479 19630at72274         -            384   8.6e-96  319.5   0.1   2   2   1.2e-83   8.4e-82  273.4   0.0    85   317   148   386   141   408 0.94 # 114937 # 116373 # -1 # ID=11_89;partial=00;start_type=ATG;rbs_motif=GGA/GAG/AGG;rbs_spacer=5-10bp;gc_cont=0.608
NODE_10_length_140278_cov_43.717628_120 -            462 19630at72274         -            384   1.5e-86  289.1   0.8   1   3       2.3   1.6e+02   -0.7   0.0     2    26    10    34     9    47 0.82 # 130466 # 131851 # 1 # ID=10_120;partial=00;start_type=ATG;rbs_motif=GGAG/GAGG;rbs_spacer=5-10bp;gc_cont=0.640
NODE_10_length_140278_cov_43.717628_120 -            462 19630at72274         -            384   1.5e-86  289.1   0.8   2   3     2e-15   1.4e-13   48.9   0.0    17    86    45   123    39   127 0.89 # 130466 # 131851 # 1 # ID=10_120;partial=00;start_type=ATG;rbs_motif=GGAG/GAGG;rbs_spacer=5-10bp;gc_cont=0.640
NODE_10_length_140278_cov_43.717628_120 -            462 19630at72274         -            384   1.5e-86  289.1   0.8   3   3   8.7e-73   6.1e-71  237.7   0.1    85   382   146   446   135   448 0.92 # 130466 # 131851 # 1 # ID=10_120;partial=00;start_type=ATG;rbs_motif=GGAG/GAGG;rbs_spacer=5-10bp;gc_cont=0.640
NODE_8_length_160420_cov_42.382234_10   -            461 19630at72274         -            384   2.8e-86  288.2   1.6   1   1   1.2e-86   8.6e-85  283.3   1.6    16   381    40   445     5   448 0.83 # 8435 # 9817 # -1 # ID=8_10;partial=00;start_type=ATG;rbs_motif=GGAG/GAGG;rbs_spacer=5-10bp;gc_cont=0.652
NODE_58_length_38741_cov_46.472729_3    -            447 19630at72274         -            384   5.9e-86  287.1   0.6   1   2   1.6e-12   1.1e-10   39.4   0.0    23    94    53   133    39   146 0.82 # 472 # 1812 # -1 # ID=58_3;partial=00;start_type=ATG;rbs_motif=GGA/GAG/AGG;rbs_spacer=5-10bp;gc_cont=0.623
NODE_58_length_38741_cov_46.472729_3    -            447 19630at72274         -            384   5.9e-86  287.1   0.6   2   2   6.7e-75   4.7e-73  244.6   0.3    86   383   149   443   140   444 0.93 # 472 # 1812 # -1 # ID=58_3;partial=00;start_type=ATG;rbs_motif=GGA/GAG/AGG;rbs_spacer=5-10bp;gc_cont=0.623
NODE_23_length_96875_cov_43.769438_22   -            444 19630at72274         -            384     5e-84  280.8   0.4   1   3       2.5   1.8e+02   -0.8   0.0     1    25     5    29     5    33 0.84 # 24309 # 25640 # -1 # ID=23_22;partial=00;start_type=ATG;rbs_motif=AGGA/GGAG/GAGG;rbs_spacer=11-12bp;gc_cont=0.642
NODE_23_length_96875_cov_43.769438_22   -            444 19630at72274         -            384     5e-84  280.8   0.4   2   3   8.2e-14   5.8e-12   43.6   0.0    20    86    44   119    36   133 0.87 # 24309 # 25640 # -1 # ID=23_22;partial=00;start_type=ATG;rbs_motif=AGGA/GGAG/GAGG;rbs_spacer=11-12bp;gc_cont=0.642
NODE_23_length_96875_cov_43.769438_22   -            444 19630at72274         -            384     5e-84  280.8   0.4   3   3   1.2e-71   8.4e-70  233.9   0.0    86   306   143   369   133   436 0.93 # 24309 # 25640 # -1 # ID=23_22;partial=00;start_type=ATG;rbs_motif=AGGA/GGAG/GAGG;rbs_spacer=11-12bp;gc_cont=0.642
NODE_93_length_14248_cov_46.916860_13   -            339 19630at72274         -            384   3.4e-79  264.9   0.0   1   1     6e-81   4.2e-79  264.6   0.0    84   383    24   328    19   329 0.96 # 13231 # 14247 # -1 # ID=93_13;partial=01;start_type=Edge;rbs_motif=None;rbs_spacer=None;gc_cont=0.616
NODE_49_length_53283_cov_43.006651_18   -            443 19630at72274         -            384   1.8e-78  262.5   0.1   1   1   3.6e-80   2.5e-78  262.0   0.1    85   380   137   437   134   441 0.96 # 19463 # 20791 # -1 # ID=49_18;partial=00;start_type=ATG;rbs_motif=AGGA;rbs_spacer=5-10bp;gc_cont=0.631
NODE_8_length_160420_cov_42.382234_12   -            492 19630at72274         -            384   2.4e-78  262.0   0.3   1   2   4.6e-78   3.3e-76  255.0   0.1    86   316   145   380   141   416 0.91 # 11145 # 12620 # -1 # ID=8_12;partial=00;start_type=ATG;rbs_motif=GGA/GAG/AGG;rbs_spacer=11-12bp;gc_cont=0.614
NODE_8_length_160420_cov_42.382234_12   -            492 19630at72274         -            384   2.4e-78  262.0   0.3   2   2      0.04       2.8    5.1   0.0   338   384   434   480   429   480 0.90 # 11145 # 12620 # -1 # ID=8_12;partial=00;start_type=ATG;rbs_motif=GGA/GAG/AGG;rbs_spacer=11-12bp;gc_cont=0.614
NODE_6_length_186800_cov_43.969648_150  -            449 19630at72274         -            384   3.8e-78  261.4   0.1   1   1   3.3e-78   2.3e-76  255.5   0.1    39   382    78   446    43   448 0.82 # 156908 # 158254 # -1 # ID=6_150;partial=00;start_type=ATG;rbs_motif=GGAG/GAGG;rbs_spacer=5-10bp;gc_cont=0.613
NODE_65_length_31508_cov_42.704257_24   -            503 19630at72274         -            384   4.7e-75  251.2   0.0   1   1   8.2e-77   5.8e-75  250.9   0.0    86   366   192   481   145   498 0.87 # 22383 # 23891 # 1 # ID=65_24;partial=00;start_type=ATG;rbs_motif=None;rbs_spacer=None;gc_cont=0.657
NODE_83_length_18550_cov_45.798810_9    -            368 19630at72274         -            384   2.4e-74  248.9   0.1   1   1   5.9e-75   4.1e-73  244.8   0.1    77   379    11   341     8   347 0.82 # 7014 # 8117 # -1 # ID=83_9;partial=00;start_type=ATG;rbs_motif=GGAG/GAGG;rbs_spacer=5-10bp;gc_cont=0.620
NODE_71_length_26255_cov_41.809618_14   -            363 19630at72274         -            384   1.7e-73  246.1   0.2   1   1   9.3e-75   6.6e-73  244.2   0.2    78   377    12   332     9   340 0.85 # 14523 # 15611 # 1 # ID=71_14;partial=00;start_type=ATG;rbs_motif=GGA/GAG/AGG;rbs_spacer=5-10bp;gc_cont=0.622
NODE_24_length_96862_cov_42.248928_19   -            635 19630at72274         -            384   2.1e-70  235.9   0.0   1   1   4.2e-72     3e-70  235.4   0.0    91   382   335   630   316   632 0.89 # 20227 # 22131 # 1 # ID=24_19;partial=00;start_type=ATG;rbs_motif=AGGA/GGAG/GAGG;rbs_spacer=11-12bp;gc_cont=0.633
NODE_56_length_46114_cov_46.212184_24   -            466 19630at72274         -            384   5.2e-70  234.6   0.0   1   1   1.2e-71   8.3e-70  234.0   0.0    86   383   157   463   148   464 0.85 # 22670 # 24067 # -1 # ID=56_24;partial=00;start_type=ATG;rbs_motif=GGxGG;rbs_spacer=5-10bp;gc_cont=0.616
NODE_54_length_48488_cov_43.938472_36   -            515 19630at72274         -            384   1.1e-69  233.6   0.2   1   1   3.4e-71   2.4e-69  232.4   0.2    83   383   190   512   184   513 0.88 # 38386 # 39930 # -1 # ID=54_36;partial=00;start_type=ATG;rbs_motif=AGGAG;rbs_spacer=5-10bp;gc_cont=0.665
NODE_8_length_160420_cov_42.382234_26   -            522 19630at72274         -            384   3.4e-63  212.2   0.0   1   1   5.9e-65   4.2e-63  211.9   0.0    86   314   207   442   175   515 0.86 # 27183 # 28748 # -1 # ID=8_26;partial=00;start_type=ATG;rbs_motif=None;rbs_spacer=None;gc_cont=0.625
NODE_18_length_105322_cov_43.609203_11  -            609 19630at72274         -            384     1e-58  197.4   0.0   1   1   2.2e-60   1.5e-58  196.9   0.0    94   381   316   603   304   606 0.85 # 11137 # 12963 # 1 # ID=18_11;partial=00;start_type=ATG;rbs_motif=GGA/GAG/AGG;rbs_spacer=5-10bp;gc_cont=0.610
NODE_43_length_58914_cov_43.035373_53   -            309 19630at72274         -            384   3.2e-56  189.2   0.0   1   1   5.6e-58   3.9e-56  188.9   0.0   100   347    42   295    18   306 0.88 # 57141 # 58067 # -1 # ID=43_53;partial=00;start_type=ATG;rbs_motif=GGAG/GAGG;rbs_spacer=5-10bp;gc_cont=0.631
NODE_22_length_97006_cov_43.305319_71   -            308 19630at72274         -            384   6.6e-52  175.0   0.0   1   1   1.5e-53     1e-51  174.4   0.0   101   383    25   303    15   304 0.91 # 70544 # 71467 # -1 # ID=22_71;partial=00;start_type=ATG;rbs_motif=GGAG/GAGG;rbs_spacer=5-10bp;gc_cont=0.577
NODE_53_length_49457_cov_44.253229_7    -            536 19630at72274         -            384   2.2e-39  133.8   0.1   1   1   4.3e-41   3.1e-39  133.3   0.1    86   318   190   437   160   454 0.84 # 8196 # 9803 # -1 # ID=53_7;partial=00;start_type=ATG;rbs_motif=None;rbs_spacer=None;gc_cont=0.627
NODE_4_length_205573_cov_43.972436_156  -            187 19630at72274         -            384   3.9e-09   34.2   1.2   1   3       2.9     2e+02   -1.0   0.0     3    25    17    39    15    57 0.83 # 166791 # 167351 # -1 # ID=4_156;partial=00;start_type=ATG;rbs_motif=AGGAG;rbs_spacer=5-10bp;gc_cont=0.654
NODE_4_length_205573_cov_43.972436_156  -            187 19630at72274         -            384   3.9e-09   34.2   1.2   2   3   3.3e-09   2.3e-07   28.4   0.0    32    81    75   124    68   140 0.91 # 166791 # 167351 # -1 # ID=4_156;partial=00;start_type=ATG;rbs_motif=AGGAG;rbs_spacer=5-10bp;gc_cont=0.654
NODE_4_length_205573_cov_43.972436_156  -            187 19630at72274         -            384   3.9e-09   34.2   1.2   3   3     0.098       6.9    3.8   0.2   350   381   150   181   133   184 0.89 # 166791 # 167351 # -1 # ID=4_156;partial=00;start_type=ATG;rbs_motif=AGGAG;rbs_spacer=5-10bp;gc_cont=0.654
NODE_118_length_5180_cov_46.806244_5    -            202 19630at72274         -            384   7.3e-09   33.3   0.3   1   2       1.2        83    0.3   0.1     1    17     8    24     8    35 0.80 # 4466 # 5071 # 1 # ID=118_5;partial=00;start_type=ATG;rbs_motif=None;rbs_spacer=None;gc_cont=0.607
NODE_118_length_5180_cov_46.806244_5    -            202 19630at72274         -            384   7.3e-09   33.3   0.3   2   2   4.5e-10   3.2e-08   31.2   0.0    20    99    47   135    36   178 0.79 # 4466 # 5071 # 1 # ID=118_5;partial=00;start_type=ATG;rbs_motif=None;rbs_spacer=None;gc_cont=0.607
NODE_33_length_71423_cov_44.044782_30   -            237 19630at72274         -            384   8.3e-08   29.9   0.0   1   2       7.7   5.4e+02   -2.4   0.0     2    24     5    27     4    31 0.83 # 25532 # 26242 # -1 # ID=33_30;partial=00;start_type=GTG;rbs_motif=None;rbs_spacer=None;gc_cont=0.626
NODE_33_length_71423_cov_44.044782_30   -            237 19630at72274         -            384   8.3e-08   29.9   0.0   2   2   2.8e-09     2e-07   28.7   0.0    17   105    40   137    34   144 0.83 # 25532 # 26242 # -1 # ID=33_30;partial=00;start_type=GTG;rbs_motif=None;rbs_spacer=None;gc_cont=0.626
NODE_2_length_234130_cov_42.625966_97   -            394 19630at72274         -            384   1.7e-07   28.9   0.2   1   1   1.9e-08   1.3e-06   25.9   0.2    17    73    44   109     8   138 0.84 # 117067 # 118248 # 1 # ID=2_97;partial=00;start_type=ATG;rbs_motif=None;rbs_spacer=None;gc_cont=0.596
NODE_25_length_94792_cov_41.391822_37   -            224 19630at72274         -            384     2e-07   28.6   0.0   1   1   4.1e-09   2.9e-07   28.1   0.0    17    82    39   113    32   131 0.82 # 35766 # 36437 # 1 # ID=25_37;partial=00;start_type=ATG;rbs_motif=GGAG/GAGG;rbs_spacer=5-10bp;gc_cont=0.631
NODE_20_length_101354_cov_42.563313_37  -            300 19630at72274         -            384   2.7e-07   28.2   0.0   1   2         3   2.1e+02   -1.1   0.0     1    29     6    34     6    42 0.88 # 48171 # 49070 # 1 # ID=20_37;partial=00;start_type=ATG;rbs_motif=AGGA;rbs_spacer=5-10bp;gc_cont=0.611
NODE_20_length_101354_cov_42.563313_37  -            300 19630at72274         -            384   2.7e-07   28.2   0.0   2   2   1.3e-08   9.1e-07   26.4   0.0    18    94    45   132    34   153 0.86 # 48171 # 49070 # 1 # ID=20_37;partial=00;start_type=ATG;rbs_motif=AGGA;rbs_spacer=5-10bp;gc_cont=0.611
NODE_57_length_41705_cov_40.836927_6    -            402 19630at72274         -            384   3.3e-07   27.9   0.2   1   3   1.9e-08   1.3e-06   25.9   0.0    25   103    53   143    36   166 0.74 # 5976 # 7181 # -1 # ID=57_6;partial=00;start_type=ATG;rbs_motif=GGA/GAG/AGG;rbs_spacer=5-10bp;gc_cont=0.606
NODE_57_length_41705_cov_40.836927_6    -            402 19630at72274         -            384   3.3e-07   27.9   0.2   2   3     0.063       4.4    4.4   0.1   212   278   124   191   118   234 0.81 # 5976 # 7181 # -1 # ID=57_6;partial=00;start_type=ATG;rbs_motif=GGA/GAG/AGG;rbs_spacer=5-10bp;gc_cont=0.606
NODE_57_length_41705_cov_40.836927_6    -            402 19630at72274         -            384   3.3e-07   27.9   0.2   3   3       5.1   3.6e+02   -1.9   0.0   242   280   233   273   205   283 0.77 # 5976 # 7181 # -1 # ID=57_6;partial=00;start_type=ATG;rbs_motif=GGA/GAG/AGG;rbs_spacer=5-10bp;gc_cont=0.606
NODE_30_length_78558_cov_43.218259_5    -            242 19630at72274         -            384   4.4e-07   27.5   0.0   1   1   9.1e-09   6.4e-07   26.9   0.0    17    85    59   136    49   150 0.81 # 3088 # 3813 # 1 # ID=30_5;partial=00;start_type=ATG;rbs_motif=GGA/GAG/AGG;rbs_spacer=5-10bp;gc_cont=0.635
NODE_43_length_58914_cov_43.035373_16   -            247 19630at72274         -            384     5e-07   27.3   0.0   1   2       5.2   3.7e+02   -1.9   0.0     1    22    13    34    13    37 0.87 # 13968 # 14708 # -1 # ID=43_16;partial=00;start_type=ATG;rbs_motif=AGGAG;rbs_spacer=5-10bp;gc_cont=0.619
NODE_43_length_58914_cov_43.035373_16   -            247 19630at72274         -            384     5e-07   27.3   0.0   2   2   1.9e-08   1.4e-06   25.9   0.0    25    83    57   124    44   132 0.77 # 13968 # 14708 # -1 # ID=43_16;partial=00;start_type=ATG;rbs_motif=AGGAG;rbs_spacer=5-10bp;gc_cont=0.619
NODE_87_length_17124_cov_44.864960_9    -            233 19630at72274         -            384   5.3e-07   27.2   0.1   1   2       4.6   3.3e+02   -1.7   0.0     1    33    13    45    13    62 0.73 # 7733 # 8431 # -1 # ID=87_9;partial=00;start_type=ATG;rbs_motif=AGGAG;rbs_spacer=5-10bp;gc_cont=0.641
NODE_87_length_17124_cov_44.864960_9    -            233 19630at72274         -            384   5.3e-07   27.2   0.1   2   2   1.5e-08     1e-06   26.3   0.0    18    82    50   125    30   143 0.82 # 7733 # 8431 # -1 # ID=87_9;partial=00;start_type=ATG;rbs_motif=AGGAG;rbs_spacer=5-10bp;gc_cont=0.641
NODE_80_length_19695_cov_40.396690_4    -            227 19630at72274         -            384   5.3e-07   27.2   0.0   1   1   9.9e-09     7e-07   26.8   0.0    19    83    41   114    33   149 0.76 # 3614 # 4294 # 1 # ID=80_4;partial=00;start_type=ATG;rbs_motif=GGA/GAG/AGG;rbs_spacer=5-10bp;gc_cont=0.656
NODE_8_length_160420_cov_42.382234_125  -            243 19630at72274         -            384   6.9e-07   26.9   0.0   1   1     2e-08   1.4e-06   25.8   0.0    20    77    50   115    43   130 0.82 # 121318 # 122046 # -1 # ID=8_125;partial=00;start_type=ATG;rbs_motif=None;rbs_spacer=None;gc_cont=0.627
NODE_1_length_352372_cov_43.300394_117  -            122 19630at72274         -            384   7.4e-07   26.7   0.0   1   1   1.9e-08   1.3e-06   25.9   0.0    19    84    42   118    38   120 0.83 # 117072 # 117437 # 1 # ID=1_117;partial=00;start_type=ATG;rbs_motif=GGA/GAG/AGG;rbs_spacer=5-10bp;gc_cont=0.593
NODE_33_length_71423_cov_44.044782_8    -            221 19630at72274         -            384   9.8e-07   26.3   0.0   1   1   2.1e-08   1.5e-06   25.8   0.0    16    82    38   113    31   128 0.84 # 4887 # 5549 # -1 # ID=33_8;partial=00;start_type=ATG;rbs_motif=GGA/GAG/AGG;rbs_spacer=5-10bp;gc_cont=0.650
NODE_39_length_62408_cov_42.438215_16   -            237 19630at72274         -            384   1.1e-06   26.2   0.3   1   2      0.22        16    2.6   0.0     2    25     8    31     7    37 0.90 # 17778 # 18488 # 1 # ID=39_16;partial=00;start_type=ATG;rbs_motif=GGA/GAG/AGG;rbs_spacer=11-12bp;gc_cont=0.636
NODE_39_length_62408_cov_42.438215_16   -            237 19630at72274         -            384   1.1e-06   26.2   0.3   2   2   3.8e-07   2.7e-05   21.6   0.0    23    82    49   116    38   126 0.81 # 17778 # 18488 # 1 # ID=39_16;partial=00;start_type=ATG;rbs_motif=GGA/GAG/AGG;rbs_spacer=11-12bp;gc_cont=0.636
NODE_31_length_74897_cov_42.638144_34   -            224 19630at72274         -            384   1.3e-06   26.0   0.0   1   1   2.9e-08     2e-06   25.3   0.0    22    81    44   111    35   123 0.83 # 35654 # 36325 # -1 # ID=31_34;partial=00;start_type=ATG;rbs_motif=GGA/GAG/AGG;rbs_spacer=5-10bp;gc_cont=0.631
NODE_31_length_74897_cov_42.638144_22   -            222 19630at72274         -            384   1.5e-06   25.7   0.0   1   1   3.1e-08   2.2e-06   25.2   0.0    17    82    39   113    26   124 0.83 # 24575 # 25240 # -1 # ID=31_22;partial=00;start_type=ATG;rbs_motif=AGGAG;rbs_spacer=5-10bp;gc_cont=0.643
NODE_37_length_65238_cov_44.961923_68   -            228 19630at72274         -            384   2.7e-06   24.9   0.0   1   1   5.6e-08   3.9e-06   24.4   0.0    21    82    43   114    37   127 0.79 # 61298 # 61981 # 1 # ID=37_68;partial=00;start_type=ATG;rbs_motif=GGAG/GAGG;rbs_spacer=5-10bp;gc_cont=0.599
NODE_73_length_24952_cov_43.342732_5    -            231 19630at72274         -            384   3.2e-06   24.7   0.1   1   3      0.75        53    0.9   0.0     1    29     6    34     6    42 0.89 # 7975 # 8667 # 1 # ID=73_5;partial=00;start_type=ATG;rbs_motif=GGA/GAG/AGG;rbs_spacer=5-10bp;gc_cont=0.646
NODE_73_length_24952_cov_43.342732_5    -            231 19630at72274         -            384   3.2e-06   24.7   0.1   2   3   9.9e-07     7e-05   20.3   0.0    20    90    45   123    30   139 0.77 # 7975 # 8667 # 1 # ID=73_5;partial=00;start_type=ATG;rbs_motif=GGA/GAG/AGG;rbs_spacer=5-10bp;gc_cont=0.646
NODE_73_length_24952_cov_43.342732_5    -            231 19630at72274         -            384   3.2e-06   24.7   0.1   3   3       1.3        93    0.1   0.0   237   269   188   220   140   226 0.83 # 7975 # 8667 # 1 # ID=73_5;partial=00;start_type=ATG;rbs_motif=GGA/GAG/AGG;rbs_spacer=5-10bp;gc_cont=0.646
NODE_90_length_15524_cov_39.723705_2    -            247 19630at72274         -            384   3.9e-06   24.4   0.3   1   2      0.21        15    2.7   0.0     1    29     7    36     7    42 0.78 # 1409 # 2149 # -1 # ID=90_2;partial=00;start_type=ATG;rbs_motif=GGAG/GAGG;rbs_spacer=5-10bp;gc_cont=0.637
NODE_90_length_15524_cov_39.723705_2    -            247 19630at72274         -            384   3.9e-06   24.4   0.3   2   2   8.7e-07   6.1e-05   20.4   0.1     4    82    34   118    31   125 0.78 # 1409 # 2149 # -1 # ID=90_2;partial=00;start_type=ATG;rbs_motif=GGAG/GAGG;rbs_spacer=5-10bp;gc_cont=0.637
NODE_20_length_101354_cov_42.563313_41  -            230 19630at72274         -            384   4.5e-06   24.2   0.0   1   2       2.1   1.5e+02   -0.6   0.0     1    25     6    30     6    34 0.87 # 52625 # 53314 # -1 # ID=20_41;partial=00;start_type=ATG;rbs_motif=GGAG/GAGG;rbs_spacer=5-10bp;gc_cont=0.626
NODE_20_length_101354_cov_42.563313_41  -            230 19630at72274         -            384   4.5e-06   24.2   0.0   2   2   3.7e-07   2.6e-05   21.7   0.0    20    84    45   120    35   136 0.73 # 52625 # 53314 # -1 # ID=20_41;partial=00;start_type=ATG;rbs_motif=GGAG/GAGG;rbs_spacer=5-10bp;gc_cont=0.626
NODE_62_length_36136_cov_43.904077_8    -            277 19630at72274         -            384     1e-05   23.0   0.0   1   1   2.6e-07   1.8e-05   22.2   0.0    14    85    82   161    76   178 0.85 # 7180 # 8010 # -1 # ID=62_8;partial=00;start_type=ATG;rbs_motif=None;rbs_spacer=None;gc_cont=0.638
NODE_57_length_41705_cov_40.836927_9    -           1166 19630at72274         -            384   2.4e-05   21.8   0.1   1   2      0.84        59    0.7   0.0    20    40   814   834   809   888 0.71 # 8587 # 12084 # -1 # ID=57_9;partial=00;start_type=ATG;rbs_motif=GGA/GAG/AGG;rbs_spacer=5-10bp;gc_cont=0.602
NODE_57_length_41705_cov_40.836927_9    -           1166 19630at72274         -            384   2.4e-05   21.8   0.1   2   2     5e-06   0.00035   17.9   0.0    13    82  1076  1156  1044  1160 0.85 # 8587 # 12084 # -1 # ID=57_9;partial=00;start_type=ATG;rbs_motif=GGA/GAG/AGG;rbs_spacer=5-10bp;gc_cont=0.602
NODE_1_length_352372_cov_43.300394_174  -            704 19630at72274         -            384   2.8e-05   21.6   0.0   1   1   6.7e-07   4.7e-05   20.8   0.0    20    77    54   123    48   167 0.73 # 174404 # 176515 # 1 # ID=1_174;partial=00;start_type=ATG;rbs_motif=GGA/GAG/AGG;rbs_spacer=5-10bp;gc_cont=0.630
NODE_4_length_205573_cov_43.972436_26   -            226 19630at72274         -            384   4.3e-05   21.0   0.0   1   1   1.2e-06   8.2e-05   20.0   0.0    21    82    43   112    37   131 0.80 # 33324 # 34001 # -1 # ID=4_26;partial=00;start_type=ATG;rbs_motif=GGA/GAG/AGG;rbs_spacer=11-12bp;gc_cont=0.630
NODE_16_length_109679_cov_42.398024_8   -            423 19630at72274         -            384   5.2e-05   20.7   0.0   1   2       1.9   1.3e+02   -0.4   0.0     2    25     9    32     8    36 0.88 # 8197 # 9465 # 1 # ID=16_8;partial=00;start_type=ATG;rbs_motif=GGA/GAG/AGG;rbs_spacer=5-10bp;gc_cont=0.599
NODE_16_length_109679_cov_42.398024_8   -            423 19630at72274         -            384   5.2e-05   20.7   0.0   2   2   4.4e-06   0.00031   18.1   0.0    18    73    45   111    39   130 0.81 # 8197 # 9465 # 1 # ID=16_8;partial=00;start_type=ATG;rbs_motif=GGA/GAG/AGG;rbs_spacer=5-10bp;gc_cont=0.599
NODE_23_length_96875_cov_43.769438_14   -            244 19630at72274         -            384   5.9e-05   20.5   0.0   1   2      0.46        32    1.6   0.0     2    25     9    32     8    35 0.87 # 16740 # 17471 # 1 # ID=23_14;partial=00;start_type=GTG;rbs_motif=AGGA;rbs_spacer=5-10bp;gc_cont=0.648
NODE_23_length_96875_cov_43.769438_14   -            244 19630at72274         -            384   5.9e-05   20.5   0.0   2   2   1.3e-05   0.00091   16.6   0.0    16    82    43   120    40   138 0.76 # 16740 # 17471 # 1 # ID=23_14;partial=00;start_type=GTG;rbs_motif=AGGA;rbs_spacer=5-10bp;gc_cont=0.648
NODE_30_length_78558_cov_43.218259_9    -            121 19630at72274         -            384   7.2e-05   20.2   0.5   1   2      0.84        59    0.7   0.0     1    27     4    30     4    40 0.87 # 6424 # 6786 # -1 # ID=30_9;partial=00;start_type=ATG;rbs_motif=3Base/5BMM;rbs_spacer=13-15bp;gc_cont=0.477
NODE_30_length_78558_cov_43.218259_9    -            121 19630at72274         -            384   7.2e-05   20.2   0.5   2   2   5.2e-06   0.00037   17.9   0.1    16    83    39   115    34   119 0.72 # 6424 # 6786 # -1 # ID=30_9;partial=00;start_type=ATG;rbs_motif=3Base/5BMM;rbs_spacer=13-15bp;gc_cont=0.477
NODE_16_length_109679_cov_42.398024_29  -            237 19630at72274         -            384   7.9e-05   20.1   0.0   1   1   1.6e-06   0.00011   19.5   0.0    18    84    44   119    39   148 0.80 # 28868 # 29578 # 1 # ID=16_29;partial=00;start_type=ATG;rbs_motif=GGA/GAG/AGG;rbs_spacer=5-10bp;gc_cont=0.640
NODE_2_length_234130_cov_42.625966_175  -            232 19630at72274         -            384   0.00012   19.5   0.0   1   2       1.4     1e+02   -0.0   0.0     1    26     7    32     7    42 0.90 # 203779 # 204474 # 1 # ID=2_175;partial=00;start_type=ATG;rbs_motif=3Base/5BMM;rbs_spacer=13-15bp;gc_cont=0.618
NODE_2_length_234130_cov_42.625966_175  -            232 19630at72274         -            384   0.00012   19.5   0.0   2   2   7.4e-06   0.00053   17.4   0.0    22    84    48   118    38   174 0.80 # 203779 # 204474 # 1 # ID=2_175;partial=00;start_type=ATG;rbs_motif=3Base/5BMM;rbs_spacer=13-15bp;gc_cont=0.618
NODE_1_length_352372_cov_43.300394_116  -            136 19630at72274         -            384   0.00015   19.2   0.3   1   2     0.048       3.4    4.8   0.0     1    27    10    36    10    44 0.91 # 116617 # 117024 # 1 # ID=1_116;partial=00;start_type=ATG;rbs_motif=GGA/GAG/AGG;rbs_spacer=5-10bp;gc_cont=0.529
NODE_1_length_352372_cov_43.300394_116  -            136 19630at72274         -            384   0.00015   19.2   0.3   2   2    0.0002     0.014   12.7   0.0    19    82    48   122    41   130 0.82 # 116617 # 117024 # 1 # ID=1_116;partial=00;start_type=ATG;rbs_motif=GGA/GAG/AGG;rbs_spacer=5-10bp;gc_cont=0.529
NODE_86_length_17213_cov_43.079904_14   -            125 19630at72274         -            384   0.00016   19.1   0.1   1   1   5.5e-06   0.00039   17.8   0.1    20    88    43   122     3   124 0.81 # 13246 # 13620 # 1 # ID=86_14;partial=00;start_type=ATG;rbs_motif=GGA/GAG/AGG;rbs_spacer=5-10bp;gc_cont=0.539
NODE_32_length_72113_cov_43.969136_9    -            249 19630at72274         -            384   0.00019   18.9   0.0   1   1   3.8e-06   0.00027   18.3   0.0    21    85    46   117    38   125 0.80 # 7309 # 8055 # -1 # ID=32_9;partial=00;start_type=ATG;rbs_motif=AGGA/GGAG/GAGG;rbs_spacer=11-12bp;gc_cont=0.612
NODE_7_length_179149_cov_44.188672_91   -            228 19630at72274         -            384   0.00024   18.5   0.0   1   1   4.7e-06   0.00033   18.0   0.0    39    82    71   114    43   140 0.81 # 96290 # 96973 # 1 # ID=7_91;partial=00;start_type=ATG;rbs_motif=GGA/GAG/AGG;rbs_spacer=5-10bp;gc_cont=0.610
NODE_8_length_160420_cov_42.382234_142  -            226 19630at72274         -            384   0.00031   18.1   0.0   1   1   6.9e-06   0.00049   17.5   0.0    22    78    44   109    20   126 0.79 # 137932 # 138609 # -1 # ID=8_142;partial=00;start_type=ATG;rbs_motif=GGAG/GAGG;rbs_spacer=5-10bp;gc_cont=0.633
NODE_2_length_234130_cov_42.625966_91   -            227 19630at72274         -            384   0.00052   17.4   0.0   1   1   1.2e-05   0.00084   16.7   0.0    39    82    70   113    39   127 0.76 # 112471 # 113151 # -1 # ID=2_91;partial=00;start_type=ATG;rbs_motif=GGA/GAG/AGG;rbs_spacer=5-10bp;gc_cont=0.631
NODE_13_length_119673_cov_43.134946_8   -            209 19630at72274         -            384   0.00058   17.2   0.0   1   1   9.5e-06   0.00067   17.0   0.0    19    84    43   117    36   185 0.86 # 8076 # 8702 # 1 # ID=13_8;partial=00;start_type=ATG;rbs_motif=AGGAGG;rbs_spacer=3-4bp;gc_cont=0.558
NODE_63_length_35873_cov_42.173767_11   -            234 19630at72274         -            384   0.00063   17.1   0.0   1   1   1.6e-05    0.0012   16.2   0.0    21    76    44   108    36   123 0.82 # 10226 # 10927 # -1 # ID=63_11;partial=00;start_type=ATG;rbs_motif=GGA/GAG/AGG;rbs_spacer=5-10bp;gc_cont=0.645
NODE_22_length_97006_cov_43.305319_20   -            225 19630at72274         -            384     0.001   16.4   0.0   1   1   2.2e-05    0.0016   15.8   0.0    20    83    42   113    37   129 0.81 # 21425 # 22099 # -1 # ID=22_20;partial=00;start_type=ATG;rbs_motif=GGA/GAG/AGG;rbs_spacer=5-10bp;gc_cont=0.597
NODE_8_length_160420_cov_42.382234_126  -            918 19630at72274         -            384    0.0011   16.3   0.1   1   2       1.8   1.2e+02   -0.3   0.0   259   354   530   624   506   636 0.74 # 122252 # 125005 # 1 # ID=8_126;partial=00;start_type=GTG;rbs_motif=AGGAG;rbs_spacer=5-10bp;gc_cont=0.634
NODE_8_length_160420_cov_42.382234_126  -            918 19630at72274         -            384    0.0011   16.3   0.1   2   2   0.00018     0.013   12.8   0.0    16    78   704   780   700   790 0.78 # 122252 # 125005 # 1 # ID=8_126;partial=00;start_type=GTG;rbs_motif=AGGAG;rbs_spacer=5-10bp;gc_cont=0.634
NODE_23_length_96875_cov_43.769438_31   -            327 19630at72274         -            384    0.0012   16.2   0.0   1   1     2e-05    0.0014   15.9   0.0    84   223    25   157     8   251 0.78 # 35226 # 36206 # -1 # ID=23_31;partial=00;start_type=ATG;rbs_motif=AGGA;rbs_spacer=5-10bp;gc_cont=0.640
NODE_23_length_96875_cov_43.769438_80   -            674 19630at72274         -            384    0.0012   16.1   0.0   1   1   2.9e-05    0.0021   15.4   0.0    19    83   588   661   573   667 0.79 # 90223 # 92244 # -1 # ID=23_80;partial=00;start_type=ATG;rbs_motif=None;rbs_spacer=None;gc_cont=0.621
NODE_1_length_352372_cov_43.300394_240  -            179 19630at72274         -            384    0.0013   16.1   1.3   1   2       1.4        98    0.0   0.1     1    29    29    57    29    74 0.81 # 251711 # 252247 # 1 # ID=1_240;partial=00;start_type=ATG;rbs_motif=GGA/GAG/AGG;rbs_spacer=5-10bp;gc_cont=0.570
NODE_1_length_352372_cov_43.300394_240  -            179 19630at72274         -            384    0.0013   16.1   1.3   2   2   4.1e-05    0.0029   14.9   0.2    25    88    74   147    65   162 0.82 # 251711 # 252247 # 1 # ID=1_240;partial=00;start_type=ATG;rbs_motif=GGA/GAG/AGG;rbs_spacer=5-10bp;gc_cont=0.570
NODE_86_length_17213_cov_43.079904_17   -            167 19630at72274         -            384    0.0014   16.0   0.0   1   1   2.4e-05    0.0017   15.7   0.0    21    73    47   109    16   127 0.78 # 16711 # 17211 # 1 # ID=86_17;partial=01;start_type=ATG;rbs_motif=GGAG/GAGG;rbs_spacer=5-10bp;gc_cont=0.627
NODE_22_length_97006_cov_43.305319_25   -            225 19630at72274         -            384    0.0014   15.9   0.0   1   1   3.7e-05    0.0026   15.1   0.0    21    83    43   113    28   129 0.79 # 29237 # 29911 # -1 # ID=22_25;partial=00;start_type=ATG;rbs_motif=GGA/GAG/AGG;rbs_spacer=5-10bp;gc_cont=0.613
NODE_45_length_57495_cov_45.256337_36   -            223 19630at72274         -            384    0.0016   15.8   0.0   1   1     3e-05    0.0021   15.4   0.0    23    77    45   108    34   149 0.73 # 33637 # 34305 # 1 # ID=45_36;partial=00;start_type=ATG;rbs_motif=AGGA;rbs_spacer=5-10bp;gc_cont=0.629
NODE_34_length_70545_cov_43.776876_41   -            222 19630at72274         -            384    0.0018   15.6   0.1   1   1   5.6e-05    0.0039   14.5   0.1    19    71    45   106    35   126 0.78 # 65479 # 66144 # -1 # ID=34_41;partial=00;start_type=ATG;rbs_motif=GGA/GAG/AGG;rbs_spacer=5-10bp;gc_cont=0.598
NODE_60_length_38038_cov_42.289050_8    -            195 19630at72274         -            384     0.002   15.4   0.0   1   1   3.9e-05    0.0028   15.0   0.0    20    82    26    97    18   142 0.76 # 10977 # 11561 # -1 # ID=60_8;partial=00;start_type=ATG;rbs_motif=GGA/GAG/AGG;rbs_spacer=5-10bp;gc_cont=0.578
NODE_21_length_98802_cov_44.897283_76   -            121 19630at72274         -            384    0.0024   15.2   0.2   1   2      0.97        68    0.5   0.0     1    26     4    29     4    41 0.87 # 77264 # 77626 # 1 # ID=21_76;partial=00;start_type=ATG;rbs_motif=None;rbs_spacer=None;gc_cont=0.556
NODE_21_length_98802_cov_44.897283_76   -            121 19630at72274         -            384    0.0024   15.2   0.2   2   2   0.00018     0.013   12.8   0.1    17    83    40   115    36   119 0.67 # 77264 # 77626 # 1 # ID=21_76;partial=00;start_type=ATG;rbs_motif=None;rbs_spacer=None;gc_cont=0.556
NODE_16_length_109679_cov_42.398024_7   -            128 19630at72274         -            384    0.0025   15.1   0.0   1   1   5.1e-05    0.0036   14.6   0.0    19    81    42   115    21   122 0.80 # 7804 # 8187 # 1 # ID=16_7;partial=00;start_type=ATG;rbs_motif=GGAGG;rbs_spacer=3-4bp;gc_cont=0.609
NODE_37_length_65238_cov_44.961923_40   -            217 19630at72274         -            384    0.0026   15.1   0.1   1   1   7.1e-05     0.005   14.1   0.0    19    81    48   119    29   128 0.76 # 29018 # 29668 # 1 # ID=37_40;partial=00;start_type=ATG;rbs_motif=AGGA/GGAG/GAGG;rbs_spacer=11-12bp;gc_cont=0.604
NODE_58_length_38741_cov_46.472729_28   -            211 19630at72274         -            384    0.0029   14.9   0.0   1   1   5.7e-05    0.0041   14.4   0.0    19   109    43   146     4   174 0.78 # 28122 # 28754 # 1 # ID=58_28;partial=00;start_type=ATG;rbs_motif=GGA/GAG/AGG;rbs_spacer=5-10bp;gc_cont=0.572
NODE_3_length_212343_cov_42.826340_65   -            107 19630at72274         -            384    0.0031   14.8   0.0   1   1   4.8e-05    0.0034   14.7   0.0   344   382    65   103    43   105 0.90 # 65256 # 65576 # 1 # ID=3_65;partial=00;start_type=ATG;rbs_motif=GGA/GAG/AGG;rbs_spacer=5-10bp;gc_cont=0.555
NODE_3_length_212343_cov_42.826340_30   -            136 19630at72274         -            384    0.0034   14.7   0.0   1   1   6.6e-05    0.0046   14.2   0.0    20    76    51   118    34   129 0.72 # 29697 # 30104 # -1 # ID=3_30;partial=00;start_type=ATG;rbs_motif=GGA/GAG/AGG;rbs_spacer=5-10bp;gc_cont=0.569
NODE_65_length_31508_cov_42.704257_13   -            226 19630at72274         -            384    0.0034   14.7   0.1   1   2       2.7   1.9e+02   -0.9   0.0     2    25     5    28     4    33 0.89 # 9919 # 10596 # 1 # ID=65_13;partial=00;start_type=ATG;rbs_motif=GGA/GAG/AGG;rbs_spacer=5-10bp;gc_cont=0.656
NODE_65_length_31508_cov_42.704257_13   -            226 19630at72274         -            384    0.0034   14.7   0.1   2   2   0.00015     0.011   13.1   0.0    15    79    38   111    29   128 0.86 # 9919 # 10596 # 1 # ID=65_13;partial=00;start_type=ATG;rbs_motif=GGA/GAG/AGG;rbs_spacer=5-10bp;gc_cont=0.656
NODE_3_length_212343_cov_42.826340_57   -            557 19630at72274         -            384    0.0036   14.6   0.0   1   2       3.2   2.3e+02   -1.2   0.0    34    73   189   229   183   241 0.80 # 55330 # 57000 # 1 # ID=3_57;partial=00;start_type=ATG;rbs_motif=AGxAG;rbs_spacer=5-10bp;gc_cont=0.626
NODE_3_length_212343_cov_42.826340_57   -            557 19630at72274         -            384    0.0036   14.6   0.0   2   2   0.00022     0.016   12.5   0.0    18    83   288   364   279   395 0.81 # 55330 # 57000 # 1 # ID=3_57;partial=00;start_type=ATG;rbs_motif=AGxAG;rbs_spacer=5-10bp;gc_cont=0.626
NODE_57_length_41705_cov_40.836927_31   -            236 19630at72274         -            384    0.0063   13.8   0.0   1   1   0.00018     0.013   12.8   0.0    17    73    45   109    40   122 0.83 # 37410 # 38117 # -1 # ID=57_31;partial=00;start_type=ATG;rbs_motif=GGA/GAG/AGG;rbs_spacer=5-10bp;gc_cont=0.623
NODE_1_length_352372_cov_43.300394_302  -            210 19630at72274         -            384    0.0068   13.7   0.5   1   2    0.0004     0.028   11.7   0.1    15    82    40   116    28   137 0.79 # 325083 # 325712 # 1 # ID=1_302;partial=00;start_type=GTG;rbs_motif=GGAG/GAGG;rbs_spacer=5-10bp;gc_cont=0.622
NODE_1_length_352372_cov_43.300394_302  -            210 19630at72274         -            384    0.0068   13.7   0.5   2   2       1.5   1.1e+02   -0.1   0.0   267   293   166   192   147   199 0.84 # 325083 # 325712 # 1 # ID=1_302;partial=00;start_type=GTG;rbs_motif=GGAG/GAGG;rbs_spacer=5-10bp;gc_cont=0.622
NODE_27_length_88680_cov_41.567210_74   -            209 19630at72274         -            384    0.0072   13.6   0.2   1   2       1.1        81    0.3   0.0     1    26     4    29     4    33 0.91 # 71817 # 72443 # 1 # ID=27_74;partial=00;start_type=ATG;rbs_motif=GGA/GAG/AGG;rbs_spacer=5-10bp;gc_cont=0.477
NODE_27_length_88680_cov_41.567210_74   -            209 19630at72274         -            384    0.0072   13.6   0.2   2   2   0.00081     0.057   10.7   0.0    18    82    42   115    36   121 0.80 # 71817 # 72443 # 1 # ID=27_74;partial=00;start_type=ATG;rbs_motif=GGA/GAG/AGG;rbs_spacer=5-10bp;gc_cont=0.477
NODE_66_length_31151_cov_43.664973_24   -            334 19630at72274         -            384    0.0078   13.5   0.1   1   1   0.00021     0.015   12.6   0.1    22    82    60   131    50   157 0.79 # 22537 # 23538 # -1 # ID=66_24;partial=00;start_type=ATG;rbs_motif=GGA/GAG/AGG;rbs_spacer=5-10bp;gc_cont=0.618
NODE_19_length_101432_cov_42.268157_32  -            282 19630at72274         -            384     0.011   13.1   0.0   1   1    0.0017      0.12    9.6   0.0   112   242    30   177    17   205 0.68 # 29765 # 30610 # -1 # ID=19_32;partial=00;start_type=ATG;rbs_motif=GGAG/GAGG;rbs_spacer=5-10bp;gc_cont=0.592
NODE_42_length_60120_cov_44.104537_41   -            449 19630at72274         -            384     0.011   13.1   0.0   1   1   0.00026     0.019   12.3   0.0    21    85    55   129    47   138 0.81 # 49519 # 50865 # 1 # ID=42_41;partial=00;start_type=ATG;rbs_motif=AGGAG;rbs_spacer=5-10bp;gc_cont=0.610
NODE_37_length_65238_cov_44.961923_65   -            233 19630at72274         -            384     0.011   13.0   0.0   1   1   0.00023     0.016   12.5   0.0    17    79    41   111    37   125 0.79 # 57576 # 58274 # -1 # ID=37_65;partial=00;start_type=ATG;rbs_motif=None;rbs_spacer=None;gc_cont=0.621
NODE_27_length_88680_cov_41.567210_78   -            775 19630at72274         -            384     0.015   12.6   0.0   1   1   0.00052     0.037   11.3   0.0    17    80   689   763   686   767 0.82 # 77652 # 79976 # 1 # ID=27_78;partial=00;start_type=GTG;rbs_motif=AGGA;rbs_spacer=5-10bp;gc_cont=0.615
NODE_36_length_67201_cov_42.906889_50   -           1063 19630at72274         -            384     0.027   11.7   0.0   1   1   0.00083     0.059   10.6   0.0    21    79   884   951   875   973 0.79 # 44333 # 47521 # 1 # ID=36_50;partial=00;start_type=ATG;rbs_motif=GGA/GAG/AGG;rbs_spacer=5-10bp;gc_cont=0.627
NODE_2_length_234130_cov_42.625966_162  -            278 19630at72274         -            384     0.038   11.3   0.0   1   1    0.0008     0.057   10.7   0.0    85   146   188   251   178   262 0.82 # 189538 # 190371 # 1 # ID=2_162;partial=00;start_type=ATG;rbs_motif=GGA/GAG/AGG;rbs_spacer=5-10bp;gc_cont=0.487
NODE_1_length_352372_cov_43.300394_229  -            223 19630at72274         -            384     0.043   11.1   0.0   1   1   0.00084     0.059   10.6   0.0    20    91    43   122    33   138 0.78 # 238738 # 239406 # 1 # ID=1_229;partial=00;start_type=ATG;rbs_motif=GGA/GAG/AGG;rbs_spacer=5-10bp;gc_cont=0.629
NODE_6_length_186800_cov_43.969648_66   -            241 19630at72274         -            384     0.058   10.6   0.0   1   1     0.001      0.07   10.4   0.0    18    85    46   123    41   178 0.74 # 73237 # 73959 # -1 # ID=6_66;partial=00;start_type=ATG;rbs_motif=AGGA;rbs_spacer=5-10bp;gc_cont=0.591
NODE_49_length_53283_cov_43.006651_40   -            333 19630at72274         -            384     0.061   10.6   0.1   1   1    0.0013     0.094   10.0   0.1   111   201    34   126    26   143 0.82 # 42688 # 43686 # -1 # ID=49_40;partial=00;start_type=ATG;rbs_motif=GGA/GAG/AGG;rbs_spacer=5-10bp;gc_cont=0.659
#
# Program:         hmmsearch
# Version:         3.1b2 (February 2015)
# Pipeline mode:   SEARCH
# Query file:      /data2/PEG/hoaxaca/REAA/Pseudomonas/bin/busco_downloads/lineages/pseudomonadales_odb10/hmms/19630at72274.hmm
# Target file:     /data2/PEG/hoaxaca/REAA/Pseudomonas/bin/../out/busco/trim_75clip.spades_def/prodigal_output/predicted_genes/predicted.faa
# Option settings: hmmsearch --domtblout /data2/PEG/hoaxaca/REAA/Pseudomonas/bin/../out/busco/trim_75clip.spades_def/run_pseudomonadales_odb10/hmmer_output/19630at72274.out --cpu 1 /data2/PEG/hoaxaca/REAA/Pseudomonas/bin/busco_downloads/lineages/pseudomonadales_odb10/hmms/19630at72274.hmm /data2/PEG/hoaxaca/REAA/Pseudomonas/bin/../out/busco/trim_75clip.spades_def/prodigal_output/predicted_genes/predicted.faa 
# Current dir:     /data2/PEG/hoaxaca/REAA/Pseudomonas/bin
# Date:            Mon Feb 20 00:31:58 2023
# [ok]
