#                                                                                             --- full sequence --- -------------- this domain -------------   hmm coord   ali coord   env coord
# target name                         accession   tlen query name           accession   qlen   E-value  score  bias   #  of  c-Evalue  i-Evalue  score  bias  from    to  from    to  from    to  acc description of target
#                 ------------------- ---------- ----- -------------------- ---------- ----- --------- ------ ----- --- --- --------- --------- ------ ----- ----- ----- ----- ----- ----- ----- ---- ---------------------
NODE_6_length_186800_cov_43.969648_63 -            368 20904at72274         -            287  1.8e-111  370.4   0.3   1   1  4.4e-114    4e-111  369.2   0.3     1   287     1   360     1   360 0.87 # 68615 # 69718 # 1 # ID=6_63;partial=00;start_type=ATG;rbs_motif=AGxAG;rbs_spacer=5-10bp;gc_cont=0.582
NODE_3_length_212343_cov_42.826340_93 -            263 20904at72274         -            287   0.00093   16.9   0.0   1   2   1.5e-05     0.014   13.1   0.0    23    69    40    87    37   109 0.81 # 99186 # 99974 # 1 # ID=3_93;partial=00;start_type=ATG;rbs_motif=GGA/GAG/AGG;rbs_spacer=5-10bp;gc_cont=0.625
NODE_3_length_212343_cov_42.826340_93 -            263 20904at72274         -            287   0.00093   16.9   0.0   2   2     0.045        41    1.7   0.0   212   236   142   166   139   220 0.75 # 99186 # 99974 # 1 # ID=3_93;partial=00;start_type=ATG;rbs_motif=GGA/GAG/AGG;rbs_spacer=5-10bp;gc_cont=0.625
NODE_32_length_72113_cov_43.969136_58 -            225 20904at72274         -            287     0.014   13.0   0.0   1   1   2.2e-05      0.02   12.5   0.0    12    61    22    72    15   105 0.86 # 57412 # 58086 # -1 # ID=32_58;partial=00;start_type=ATG;rbs_motif=GGAGG;rbs_spacer=3-4bp;gc_cont=0.610
NODE_22_length_97006_cov_43.305319_71 -            308 20904at72274         -            287     0.014   13.0   0.0   1   1   2.4e-05     0.022   12.4   0.0    10    46    24    60    20   119 0.79 # 70544 # 71467 # -1 # ID=22_71;partial=00;start_type=ATG;rbs_motif=GGAG/GAGG;rbs_spacer=5-10bp;gc_cont=0.577
NODE_43_length_58914_cov_43.035373_47 -            387 20904at72274         -            287     0.029   12.0   0.7   1   2   4.4e-05      0.04   11.5   0.1     3    43     2    46     1    54 0.76 # 51404 # 52564 # 1 # ID=43_47;partial=00;start_type=ATG;rbs_motif=None;rbs_spacer=None;gc_cont=0.641
NODE_43_length_58914_cov_43.035373_47 -            387 20904at72274         -            287     0.029   12.0   0.7   2   2       1.9   1.7e+03   -3.7   0.0   239   268   312   343   285   352 0.60 # 51404 # 52564 # 1 # ID=43_47;partial=00;start_type=ATG;rbs_motif=None;rbs_spacer=None;gc_cont=0.641
NODE_92_length_14429_cov_44.582301_13 -            239 20904at72274         -            287      0.04   11.5   0.3   1   2   0.00067      0.61    7.7   0.1    23    39    36    52    18    69 0.87 # 10697 # 11413 # 1 # ID=92_13;partial=00;start_type=ATG;rbs_motif=GGAG/GAGG;rbs_spacer=5-10bp;gc_cont=0.642
NODE_92_length_14429_cov_44.582301_13 -            239 20904at72274         -            287      0.04   11.5   0.3   2   2     0.034        31    2.1   0.0   204   230   127   153   101   180 0.80 # 10697 # 11413 # 1 # ID=92_13;partial=00;start_type=ATG;rbs_motif=GGAG/GAGG;rbs_spacer=5-10bp;gc_cont=0.642
NODE_56_length_46114_cov_46.212184_14 -            262 20904at72274         -            287     0.054   11.1   0.1   1   2   0.00038      0.35    8.5   0.1    23    42    42    61    24    80 0.87 # 10591 # 11376 # 1 # ID=56_14;partial=00;start_type=ATG;rbs_motif=GGxGG;rbs_spacer=5-10bp;gc_cont=0.602
NODE_56_length_46114_cov_46.212184_14 -            262 20904at72274         -            287     0.054   11.1   0.1   2   2      0.11     1e+02    0.3   0.0   217   256   158   191   140   209 0.76 # 10591 # 11376 # 1 # ID=56_14;partial=00;start_type=ATG;rbs_motif=GGxGG;rbs_spacer=5-10bp;gc_cont=0.602
#
# Program:         hmmsearch
# Version:         3.1b2 (February 2015)
# Pipeline mode:   SEARCH
# Query file:      /data2/PEG/hoaxaca/REAA/Pseudomonas/bin/busco_downloads/lineages/pseudomonadales_odb10/hmms/20904at72274.hmm
# Target file:     /data2/PEG/hoaxaca/REAA/Pseudomonas/bin/../out/busco/trim_75clip.spades_def/prodigal_output/predicted_genes/predicted.faa
# Option settings: hmmsearch --domtblout /data2/PEG/hoaxaca/REAA/Pseudomonas/bin/../out/busco/trim_75clip.spades_def/run_pseudomonadales_odb10/hmmer_output/20904at72274.out --cpu 1 /data2/PEG/hoaxaca/REAA/Pseudomonas/bin/busco_downloads/lineages/pseudomonadales_odb10/hmms/20904at72274.hmm /data2/PEG/hoaxaca/REAA/Pseudomonas/bin/../out/busco/trim_75clip.spades_def/prodigal_output/predicted_genes/predicted.faa 
# Current dir:     /data2/PEG/hoaxaca/REAA/Pseudomonas/bin
# Date:            Mon Feb 20 00:32:01 2023
# [ok]
