#                                                                                              --- full sequence --- -------------- this domain -------------   hmm coord   ali coord   env coord
# target name                          accession   tlen query name           accession   qlen   E-value  score  bias   #  of  c-Evalue  i-Evalue  score  bias  from    to  from    to  from    to  acc description of target
#                  ------------------- ---------- ----- -------------------- ---------- ----- --------- ------ ----- --- --- --------- --------- ------ ----- ----- ----- ----- ----- ----- ----- ---- ---------------------
NODE_7_length_179149_cov_44.188672_78  -           1213 2251at72274          -            911  1.4e-279  928.8 168.1   1   3  2.1e-133  5.1e-131  437.2  39.7     1   402     1   408     1   427 0.83 # 77356 # 80994 # 1 # ID=7_78;partial=00;start_type=ATG;rbs_motif=AGGAGG;rbs_spacer=5-10bp;gc_cont=0.631
NODE_7_length_179149_cov_44.188672_78  -           1213 2251at72274          -            911  1.4e-279  928.8 168.1   2   3   1.3e-23   3.3e-21   73.8  61.3   234   611   379   761   370   774 0.69 # 77356 # 80994 # 1 # ID=7_78;partial=00;start_type=ATG;rbs_motif=AGGAGG;rbs_spacer=5-10bp;gc_cont=0.631
NODE_7_length_179149_cov_44.188672_78  -           1213 2251at72274          -            911  1.4e-279  928.8 168.1   3   3  1.2e-129  3.1e-127  424.7  60.0   524   910   797  1212   788  1212 0.79 # 77356 # 80994 # 1 # ID=7_78;partial=00;start_type=ATG;rbs_motif=AGGAGG;rbs_spacer=5-10bp;gc_cont=0.631
NODE_11_length_139104_cov_53.491280_56 -            558 2251at72274          -            911   7.4e-05   19.7   0.3   1   2     3e-07   7.4e-05   19.7   0.3    30    54    22    46    19    50 0.90 # 72266 # 73939 # -1 # ID=11_56;partial=00;start_type=ATG;rbs_motif=GGAG/GAGG;rbs_spacer=5-10bp;gc_cont=0.605
NODE_11_length_139104_cov_53.491280_56 -            558 2251at72274          -            911   7.4e-05   19.7   0.3   2   2      0.65   1.6e+02   -1.3  22.3   502   733   131   362   118   385 0.48 # 72266 # 73939 # -1 # ID=11_56;partial=00;start_type=ATG;rbs_motif=GGAG/GAGG;rbs_spacer=5-10bp;gc_cont=0.605
NODE_11_length_139104_cov_53.491280_99 -            256 2251at72274          -            911   0.00011   19.1   0.1   1   2   2.8e-05     0.007   13.1   0.0    34    51    31    48    24    70 0.89 # 125619 # 126386 # 1 # ID=11_99;partial=00;start_type=ATG;rbs_motif=GGAG/GAGG;rbs_spacer=5-10bp;gc_cont=0.633
NODE_11_length_139104_cov_53.491280_99 -            256 2251at72274          -            911   0.00011   19.1   0.1   2   2     0.015       3.8    4.1   0.0   813   883   129   196   125   209 0.88 # 125619 # 126386 # 1 # ID=11_99;partial=00;start_type=ATG;rbs_motif=GGAG/GAGG;rbs_spacer=5-10bp;gc_cont=0.633
NODE_34_length_70545_cov_43.776876_16  -            658 2251at72274          -            911   0.00036   17.4   2.9   1   2    0.0074       1.8    5.1   0.1    32    48    38    54    32    59 0.83 # 39981 # 41954 # -1 # ID=34_16;partial=00;start_type=ATG;rbs_motif=GGxGG;rbs_spacer=3-4bp;gc_cont=0.627
NODE_34_length_70545_cov_43.776876_16  -            658 2251at72274          -            911   0.00036   17.4   2.9   2   2   4.4e-05     0.011   12.5   0.3   849   893   170   214   143   221 0.80 # 39981 # 41954 # -1 # ID=34_16;partial=00;start_type=ATG;rbs_motif=GGxGG;rbs_spacer=3-4bp;gc_cont=0.627
NODE_39_length_62408_cov_42.438215_11  -            263 2251at72274          -            911   0.00086   16.2   0.6   1   2     7e-06    0.0017   15.1   0.0    25    50    26    51    10    72 0.88 # 11382 # 12170 # -1 # ID=39_11;partial=00;start_type=ATG;rbs_motif=GGAGG;rbs_spacer=5-10bp;gc_cont=0.602
NODE_39_length_62408_cov_42.438215_11  -            263 2251at72274          -            911   0.00086   16.2   0.6   2   2      0.76   1.9e+02   -1.5   0.1   816   829   140   153   138   157 0.89 # 11382 # 12170 # -1 # ID=39_11;partial=00;start_type=ATG;rbs_motif=GGAGG;rbs_spacer=5-10bp;gc_cont=0.602
NODE_2_length_234130_cov_42.625966_192 -            228 2251at72274          -            911    0.0028   14.4   0.3   1   2    0.0018      0.44    7.2   0.1    33    47    38    52    17    56 0.89 # 221603 # 222286 # -1 # ID=2_192;partial=00;start_type=ATG;rbs_motif=GGA/GAG/AGG;rbs_spacer=5-10bp;gc_cont=0.648
NODE_2_length_234130_cov_42.625966_192 -            228 2251at72274          -            911    0.0028   14.4   0.3   2   2     0.006       1.5    5.4   0.0   816   893   142   212   135   219 0.80 # 221603 # 222286 # -1 # ID=2_192;partial=00;start_type=ATG;rbs_motif=GGA/GAG/AGG;rbs_spacer=5-10bp;gc_cont=0.648
NODE_69_length_28807_cov_42.627609_14  -            255 2251at72274          -            911     0.003   14.3   0.0   1   2    0.0044       1.1    5.9   0.0    31    51    30    50    23   106 0.87 # 16346 # 17110 # -1 # ID=69_14;partial=00;start_type=ATG;rbs_motif=GGA/GAG/AGG;rbs_spacer=5-10bp;gc_cont=0.579
NODE_69_length_28807_cov_42.627609_14  -            255 2251at72274          -            911     0.003   14.3   0.0   2   2    0.0028      0.69    6.5   0.0   819   883   151   207   148   212 0.83 # 16346 # 17110 # -1 # ID=69_14;partial=00;start_type=ATG;rbs_motif=GGA/GAG/AGG;rbs_spacer=5-10bp;gc_cont=0.579
NODE_55_length_47108_cov_43.879625_5   -            573 2251at72274          -            911    0.0036   14.1   0.1   1   1   2.1e-05    0.0052   13.6   0.1    29    49   362   382   354   384 0.82 # 2729 # 4447 # -1 # ID=55_5;partial=00;start_type=ATG;rbs_motif=GGA/GAG/AGG;rbs_spacer=5-10bp;gc_cont=0.484
NODE_20_length_101354_cov_42.563313_68 -            235 2251at72274          -            911    0.0042   13.9   0.1   1   1     3e-05    0.0075   13.0   0.1    33    54    33    54    28    56 0.89 # 87664 # 88368 # 1 # ID=20_68;partial=00;start_type=ATG;rbs_motif=None;rbs_spacer=None;gc_cont=0.662
NODE_1_length_352372_cov_43.300394_106 -            345 2251at72274          -            911    0.0049   13.6   0.1   1   1   3.1e-05    0.0078   13.0   0.1    30    50   123   143   115   147 0.90 # 107849 # 108883 # 1 # ID=1_106;partial=00;start_type=ATG;rbs_motif=GGA/GAG/AGG;rbs_spacer=5-10bp;gc_cont=0.611
NODE_2_length_234130_cov_42.625966_63  -            590 2251at72274          -            911    0.0079   13.0   0.5   1   2   0.00077      0.19    8.4   0.1    33    49   374   390   358   396 0.86 # 75411 # 77180 # 1 # ID=2_63;partial=00;start_type=ATG;rbs_motif=GGA/GAG/AGG;rbs_spacer=11-12bp;gc_cont=0.627
NODE_2_length_234130_cov_42.625966_63  -            590 2251at72274          -            911    0.0079   13.0   0.5   2   2     0.044        11    2.6   0.1   847   883   503   538   495   554 0.88 # 75411 # 77180 # 1 # ID=2_63;partial=00;start_type=ATG;rbs_motif=GGA/GAG/AGG;rbs_spacer=11-12bp;gc_cont=0.627
NODE_114_length_6137_cov_43.768168_2   -            653 2251at72274          -            911     0.011   12.5   2.4   1   2     0.003      0.73    6.5   0.6    32    47    37    52    30    56 0.86 # 1275 # 3233 # 1 # ID=114_2;partial=00;start_type=ATG;rbs_motif=GGxGG;rbs_spacer=5-10bp;gc_cont=0.613
NODE_114_length_6137_cov_43.768168_2   -            653 2251at72274          -            911     0.011   12.5   2.4   2   2    0.0051       1.3    5.7   0.0   849   883   169   203   144   217 0.88 # 1275 # 3233 # 1 # ID=114_2;partial=00;start_type=ATG;rbs_motif=GGxGG;rbs_spacer=5-10bp;gc_cont=0.613
NODE_87_length_17124_cov_44.864960_14  -            253 2251at72274          -            911     0.015   12.0   0.0   1   2   6.3e-05     0.015   12.0   0.0    35    51    43    59    36    61 0.93 # 15549 # 16307 # 1 # ID=87_14;partial=00;start_type=ATG;rbs_motif=GGAG/GAGG;rbs_spacer=5-10bp;gc_cont=0.588
NODE_87_length_17124_cov_44.864960_14  -            253 2251at72274          -            911     0.015   12.0   0.0   2   2         2     5e+02   -2.9   0.9   873   901   200   228   196   231 0.85 # 15549 # 16307 # 1 # ID=87_14;partial=00;start_type=ATG;rbs_motif=GGAG/GAGG;rbs_spacer=5-10bp;gc_cont=0.588
NODE_10_length_140278_cov_43.717628_98 -            258 2251at72274          -            911     0.025   11.3   0.0   1   2     0.015       3.8    4.1   0.0    32    50    35    53    10    94 0.92 # 110817 # 111590 # 1 # ID=10_98;partial=00;start_type=ATG;rbs_motif=GGAG/GAGG;rbs_spacer=5-10bp;gc_cont=0.603
NODE_10_length_140278_cov_43.717628_98 -            258 2251at72274          -            911     0.025   11.3   0.0   2   2    0.0068       1.7    5.3   0.0   850   883   178   211   170   214 0.92 # 110817 # 111590 # 1 # ID=10_98;partial=00;start_type=ATG;rbs_motif=GGAG/GAGG;rbs_spacer=5-10bp;gc_cont=0.603
NODE_58_length_38741_cov_46.472729_5   -            245 2251at72274          -            911      0.03   11.0   0.0   1   2     0.003      0.75    6.4   0.0     6    47     2    44     1    48 0.83 # 3778 # 4512 # -1 # ID=58_5;partial=00;start_type=ATG;rbs_motif=GGA/GAG/AGG;rbs_spacer=5-10bp;gc_cont=0.600
NODE_58_length_38741_cov_46.472729_5   -            245 2251at72274          -            911      0.03   11.0   0.0   2   2     0.048        12    2.5   0.0   849   883   160   194   131   197 0.78 # 3778 # 4512 # -1 # ID=58_5;partial=00;start_type=ATG;rbs_motif=GGA/GAG/AGG;rbs_spacer=5-10bp;gc_cont=0.600
NODE_3_length_212343_cov_42.826340_133 -            292 2251at72274          -            911     0.038   10.7   0.0   1   1   0.00022     0.054   10.2   0.0    29    48    31    50    28    56 0.87 # 150237 # 151112 # -1 # ID=3_133;partial=00;start_type=ATG;rbs_motif=AGGAG;rbs_spacer=5-10bp;gc_cont=0.598
NODE_40_length_61806_cov_42.990122_39  -            246 2251at72274          -            911     0.043   10.5   0.1   1   3   0.00069      0.17    8.5   0.0    32    47    31    46     6    50 0.90 # 38012 # 38749 # 1 # ID=40_39;partial=00;start_type=ATG;rbs_motif=AGGAG;rbs_spacer=5-10bp;gc_cont=0.602
NODE_40_length_61806_cov_42.990122_39  -            246 2251at72274          -            911     0.043   10.5   0.1   2   3         2     5e+02   -2.9   0.0   129   158    60    88    51    89 0.79 # 38012 # 38749 # 1 # ID=40_39;partial=00;start_type=ATG;rbs_motif=AGGAG;rbs_spacer=5-10bp;gc_cont=0.602
NODE_40_length_61806_cov_42.990122_39  -            246 2251at72274          -            911     0.043   10.5   0.1   3   3      0.75   1.8e+02   -1.5   0.0   818   883   139   196   137   198 0.72 # 38012 # 38749 # 1 # ID=40_39;partial=00;start_type=ATG;rbs_motif=AGGAG;rbs_spacer=5-10bp;gc_cont=0.602
NODE_86_length_17213_cov_43.079904_11  -            439 2251at72274          -            911     0.051   10.3   0.2   1   1   0.00032     0.079    9.7   0.2    25    47   213   235   207   239 0.92 # 10083 # 11399 # 1 # ID=86_11;partial=00;start_type=ATG;rbs_motif=GGAG/GAGG;rbs_spacer=5-10bp;gc_cont=0.631
NODE_39_length_62408_cov_42.438215_44  -            234 2251at72274          -            911     0.057   10.1   0.0   1   1    0.0003     0.073    9.8   0.0    32    51    29    48     2    80 0.74 # 42486 # 43187 # -1 # ID=39_44;partial=00;start_type=ATG;rbs_motif=GGA/GAG/AGG;rbs_spacer=5-10bp;gc_cont=0.603
NODE_61_length_36603_cov_40.676426_18  -            565 2251at72274          -            911     0.065    9.9   0.0   1   1   0.00041       0.1    9.3   0.0    30    71   314   348   310   357 0.78 # 14511 # 16205 # -1 # ID=61_18;partial=00;start_type=ATG;rbs_motif=None;rbs_spacer=None;gc_cont=0.654
NODE_31_length_74897_cov_42.638144_47  -            518 2251at72274          -            911     0.084    9.6   0.8   1   2      0.01       2.6    4.6   0.1    32    46    36    50    29    52 0.87 # 44598 # 46151 # 1 # ID=31_47;partial=00;start_type=ATG;rbs_motif=GGAG/GAGG;rbs_spacer=5-10bp;gc_cont=0.619
NODE_31_length_74897_cov_42.638144_47  -            518 2251at72274          -            911     0.084    9.6   0.8   2   2     0.028       6.9    3.2   0.1   848   899   168   219   164   222 0.81 # 44598 # 46151 # 1 # ID=31_47;partial=00;start_type=ATG;rbs_motif=GGAG/GAGG;rbs_spacer=5-10bp;gc_cont=0.619
NODE_43_length_58914_cov_43.035373_34  -            249 2251at72274          -            911      0.09    9.5   0.0   1   2    0.0013      0.33    7.6   0.0    32    48    29    45    13    52 0.88 # 34407 # 35153 # 1 # ID=43_34;partial=00;start_type=ATG;rbs_motif=GGAG/GAGG;rbs_spacer=5-10bp;gc_cont=0.594
NODE_43_length_58914_cov_43.035373_34  -            249 2251at72274          -            911      0.09    9.5   0.0   2   2      0.52   1.3e+02   -1.0   0.0   845   883   162   200   141   203 0.80 # 34407 # 35153 # 1 # ID=43_34;partial=00;start_type=ATG;rbs_motif=GGAG/GAGG;rbs_spacer=5-10bp;gc_cont=0.594
NODE_3_length_212343_cov_42.826340_127 -            205 2251at72274          -            911     0.095    9.4   0.0   1   1   0.00048      0.12    9.1   0.0    35    55    10    30     7    54 0.91 # 144410 # 145024 # 1 # ID=3_127;partial=00;start_type=ATG;rbs_motif=GGAG/GAGG;rbs_spacer=5-10bp;gc_cont=0.642
NODE_41_length_61612_cov_42.304709_32  -            272 2251at72274          -            911     0.098    9.3   0.1   1   2    0.0018      0.45    7.1   0.0    32    47    37    52    30    55 0.88 # 45469 # 46284 # -1 # ID=41_32;partial=00;start_type=ATG;rbs_motif=GGAGG;rbs_spacer=5-10bp;gc_cont=0.629
NODE_41_length_61612_cov_42.304709_32  -            272 2251at72274          -            911     0.098    9.3   0.1   2   2      0.34        85   -0.4   0.0   847   862   158   173   136   198 0.81 # 45469 # 46284 # -1 # ID=41_32;partial=00;start_type=ATG;rbs_motif=GGAGG;rbs_spacer=5-10bp;gc_cont=0.629
NODE_30_length_78558_cov_43.218259_40  -            280 2251at72274          -            911      0.22    8.2   0.9   1   2    0.0013      0.31    7.7   0.1    33    50    40    57    34    61 0.90 # 39490 # 40329 # -1 # ID=30_40;partial=00;start_type=ATG;rbs_motif=GGAG/GAGG;rbs_spacer=5-10bp;gc_cont=0.627
NODE_30_length_78558_cov_43.218259_40  -            280 2251at72274          -            911      0.22    8.2   0.9   2   2       1.3   3.2e+02   -2.3   0.1   847   866   160   178   160   181 0.74 # 39490 # 40329 # -1 # ID=30_40;partial=00;start_type=ATG;rbs_motif=GGAG/GAGG;rbs_spacer=5-10bp;gc_cont=0.627
NODE_23_length_96875_cov_43.769438_66  -            358 2251at72274          -            911       4.5    3.9  53.3   1   1     0.023       5.7    3.5  53.3   470   670    50   251    42   265 0.43 # 71526 # 72599 # 1 # ID=23_66;partial=00;start_type=ATG;rbs_motif=GGAG/GAGG;rbs_spacer=5-10bp;gc_cont=0.556
#
# Program:         hmmsearch
# Version:         3.1b2 (February 2015)
# Pipeline mode:   SEARCH
# Query file:      /data2/PEG/hoaxaca/REAA/Pseudomonas/bin/busco_downloads/lineages/pseudomonadales_odb10/hmms/2251at72274.hmm
# Target file:     /data2/PEG/hoaxaca/REAA/Pseudomonas/bin/../out/busco/trim_75clip.spades_def/prodigal_output/predicted_genes/predicted.faa
# Option settings: hmmsearch --domtblout /data2/PEG/hoaxaca/REAA/Pseudomonas/bin/../out/busco/trim_75clip.spades_def/run_pseudomonadales_odb10/hmmer_output/2251at72274.out --cpu 1 /data2/PEG/hoaxaca/REAA/Pseudomonas/bin/busco_downloads/lineages/pseudomonadales_odb10/hmms/2251at72274.hmm /data2/PEG/hoaxaca/REAA/Pseudomonas/bin/../out/busco/trim_75clip.spades_def/prodigal_output/predicted_genes/predicted.faa 
# Current dir:     /data2/PEG/hoaxaca/REAA/Pseudomonas/bin
# Date:            Mon Feb 20 00:32:03 2023
# [ok]
