#                                                                                              --- full sequence --- -------------- this domain -------------   hmm coord   ali coord   env coord
# target name                          accession   tlen query name           accession   qlen   E-value  score  bias   #  of  c-Evalue  i-Evalue  score  bias  from    to  from    to  from    to  acc description of target
#                  ------------------- ---------- ----- -------------------- ---------- ----- --------- ------ ----- --- --- --------- --------- ------ ----- ----- ----- ----- ----- ----- ----- ---- ---------------------
NODE_2_length_234130_cov_42.625966_69  -            392 22679at72274         -            351  3.3e-200  662.8   6.5   1   1  6.2e-203    4e-200  662.6   6.5     1   351     3   391     3   391 0.95 # 85113 # 86288 # 1 # ID=2_69;partial=00;start_type=ATG;rbs_motif=GGA/GAG/AGG;rbs_spacer=5-10bp;gc_cont=0.597
NODE_98_length_11090_cov_60.495336_2   -            404 22679at72274         -            351   3.5e-87  291.1   3.5   1   2   7.9e-28   5.1e-25   86.7   0.0     4   126     2   131     1   146 0.87 # 1574 # 2785 # -1 # ID=98_2;partial=00;start_type=ATG;rbs_motif=AGGAG;rbs_spacer=5-10bp;gc_cont=0.681
NODE_98_length_11090_cov_60.495336_2   -            404 22679at72274         -            351   3.5e-87  291.1   3.5   2   2   1.2e-63   7.5e-61  204.5   1.6   130   351   157   401   148   401 0.90 # 1574 # 2785 # -1 # ID=98_2;partial=00;start_type=ATG;rbs_motif=AGGAG;rbs_spacer=5-10bp;gc_cont=0.681
NODE_59_length_38646_cov_42.936410_8   -            401 22679at72274         -            351   9.7e-82  273.2   5.6   1   1   1.5e-82   9.3e-80  266.7   5.6     4   351     2   400     1   400 0.85 # 6940 # 8142 # 1 # ID=59_8;partial=00;start_type=ATG;rbs_motif=GGAG/GAGG;rbs_spacer=5-10bp;gc_cont=0.632
NODE_119_length_3972_cov_39.007914_1   -            395 22679at72274         -            351   9.8e-81  269.9   1.1   1   1   2.5e-83   1.6e-80  269.2   1.1     4   351     2   393     1   393 0.84 # 92 # 1276 # -1 # ID=119_1;partial=00;start_type=ATG;rbs_motif=GGAG/GAGG;rbs_spacer=5-10bp;gc_cont=0.598
NODE_7_length_179149_cov_44.188672_52  -            394 22679at72274         -            351   1.4e-80  269.4   4.2   1   1   3.2e-82   2.1e-79  265.6   4.2     4   350     2   392     1   393 0.83 # 53725 # 54906 # 1 # ID=7_52;partial=00;start_type=ATG;rbs_motif=GGAG/GAGG;rbs_spacer=5-10bp;gc_cont=0.663
NODE_8_length_160420_cov_42.382234_56  -            402 22679at72274         -            351   6.6e-69  231.0   8.2   1   1     5e-70   3.2e-67  225.4   8.2     6   351     4   401     2   401 0.82 # 56390 # 57595 # -1 # ID=8_56;partial=00;start_type=ATG;rbs_motif=GGAG/GAGG;rbs_spacer=5-10bp;gc_cont=0.643
NODE_30_length_78558_cov_43.218259_73  -            395 22679at72274         -            351   2.2e-55  186.5   5.7   1   1   3.6e-57   2.3e-54  183.2   5.7     6   349     5   391     2   393 0.81 # 74706 # 75890 # -1 # ID=30_73;partial=00;start_type=ATG;rbs_motif=AGGAG;rbs_spacer=5-10bp;gc_cont=0.628
NODE_3_length_212343_cov_42.826340_24  -            426 22679at72274         -            351   4.4e-33  113.2   0.2   1   2    0.0084       5.4    4.4   0.0     4   117     5   123     2   156 0.72 # 22196 # 23473 # -1 # ID=3_24;partial=00;start_type=ATG;rbs_motif=GGAG/GAGG;rbs_spacer=5-10bp;gc_cont=0.635
NODE_3_length_212343_cov_42.826340_24  -            426 22679at72274         -            351   4.4e-33  113.2   0.2   2   2   4.3e-31   2.8e-28   97.4   0.1   129   350   169   425   161   425 0.79 # 22196 # 23473 # -1 # ID=3_24;partial=00;start_type=ATG;rbs_motif=GGAG/GAGG;rbs_spacer=5-10bp;gc_cont=0.635
NODE_18_length_105322_cov_43.609203_46 -            433 22679at72274         -            351   7.6e-30  102.5   3.5   1   3     0.047        30    1.9   0.0     4    98    12   106     9   151 0.73 # 48457 # 49755 # -1 # ID=18_46;partial=00;start_type=ATG;rbs_motif=GGA/GAG/AGG;rbs_spacer=5-10bp;gc_cont=0.655
NODE_18_length_105322_cov_43.609203_46 -            433 22679at72274         -            351   7.6e-30  102.5   3.5   2   3   1.6e-26     1e-23   82.4   0.0   130   298   178   353   171   371 0.83 # 48457 # 49755 # -1 # ID=18_46;partial=00;start_type=ATG;rbs_motif=GGA/GAG/AGG;rbs_spacer=5-10bp;gc_cont=0.655
NODE_18_length_105322_cov_43.609203_46 -            433 22679at72274         -            351   7.6e-30  102.5   3.5   3   3   1.2e-05    0.0074   13.8   4.4   299   350   377   432   367   432 0.89 # 48457 # 49755 # -1 # ID=18_46;partial=00;start_type=ATG;rbs_motif=GGA/GAG/AGG;rbs_spacer=5-10bp;gc_cont=0.655
NODE_53_length_49457_cov_44.253229_33  -            393 22679at72274         -            351   4.4e-06   24.4   3.0   1   3     0.082        52    1.1   0.0    15   120    10   122     2   181 0.67 # 35356 # 36534 # 1 # ID=53_33;partial=00;start_type=ATG;rbs_motif=AGxAG;rbs_spacer=5-10bp;gc_cont=0.642
NODE_53_length_49457_cov_44.253229_33  -            393 22679at72274         -            351   4.4e-06   24.4   3.0   2   3   1.9e-06    0.0012   16.3   0.0   217   290   213   290   201   304 0.73 # 35356 # 36534 # 1 # ID=53_33;partial=00;start_type=ATG;rbs_motif=AGxAG;rbs_spacer=5-10bp;gc_cont=0.642
NODE_53_length_49457_cov_44.253229_33  -            393 22679at72274         -            351   4.4e-06   24.4   3.0   3   3    0.0028       1.8    5.9   0.2   300   322   327   349   323   365 0.83 # 35356 # 36534 # 1 # ID=53_33;partial=00;start_type=ATG;rbs_motif=AGxAG;rbs_spacer=5-10bp;gc_cont=0.642
#
# Program:         hmmsearch
# Version:         3.1b2 (February 2015)
# Pipeline mode:   SEARCH
# Query file:      /data2/PEG/hoaxaca/REAA/Pseudomonas/bin/busco_downloads/lineages/pseudomonadales_odb10/hmms/22679at72274.hmm
# Target file:     /data2/PEG/hoaxaca/REAA/Pseudomonas/bin/../out/busco/trim_75clip.spades_def/prodigal_output/predicted_genes/predicted.faa
# Option settings: hmmsearch --domtblout /data2/PEG/hoaxaca/REAA/Pseudomonas/bin/../out/busco/trim_75clip.spades_def/run_pseudomonadales_odb10/hmmer_output/22679at72274.out --cpu 1 /data2/PEG/hoaxaca/REAA/Pseudomonas/bin/busco_downloads/lineages/pseudomonadales_odb10/hmms/22679at72274.hmm /data2/PEG/hoaxaca/REAA/Pseudomonas/bin/../out/busco/trim_75clip.spades_def/prodigal_output/predicted_genes/predicted.faa 
# Current dir:     /data2/PEG/hoaxaca/REAA/Pseudomonas/bin
# Date:            Mon Feb 20 00:32:03 2023
# [ok]
