#                                                                                              --- full sequence --- -------------- this domain -------------   hmm coord   ali coord   env coord
# target name                          accession   tlen query name           accession   qlen   E-value  score  bias   #  of  c-Evalue  i-Evalue  score  bias  from    to  from    to  from    to  acc description of target
#                  ------------------- ---------- ----- -------------------- ---------- ----- --------- ------ ----- --- --- --------- --------- ------ ----- ----- ----- ----- ----- ----- ----- ---- ---------------------
NODE_1_length_352372_cov_43.300394_295 -            448 24002at72274         -            320  8.2e-130  431.3  18.7   1   3   3.2e-56   4.1e-53  179.3  10.9     1   149    34   196    34   203 0.91 # 314720 # 316063 # -1 # ID=1_295;partial=00;start_type=GTG;rbs_motif=GGA/GAG/AGG;rbs_spacer=5-10bp;gc_cont=0.599
NODE_1_length_352372_cov_43.300394_295 -            448 24002at72274         -            320  8.2e-130  431.3  18.7   2   3   1.1e-05     0.014   13.2   0.2   200   230   198   228   195   233 0.85 # 314720 # 316063 # -1 # ID=1_295;partial=00;start_type=GTG;rbs_motif=GGA/GAG/AGG;rbs_spacer=5-10bp;gc_cont=0.599
NODE_1_length_352372_cov_43.300394_295 -            448 24002at72274         -            320  8.2e-130  431.3  18.7   3   3     8e-76     1e-72  243.7   0.1   144   319   233   432   230   433 0.89 # 314720 # 316063 # -1 # ID=1_295;partial=00;start_type=GTG;rbs_motif=GGA/GAG/AGG;rbs_spacer=5-10bp;gc_cont=0.599
NODE_28_length_84268_cov_43.335233_40  -            625 24002at72274         -            320   1.2e-27   95.6   5.4   1   2   5.4e-29   6.9e-26   89.9   5.4    17   285    72   365    42   403 0.75 # 44311 # 46185 # -1 # ID=28_40;partial=00;start_type=ATG;rbs_motif=GGxGG;rbs_spacer=3-4bp;gc_cont=0.592
NODE_28_length_84268_cov_43.335233_40  -            625 24002at72274         -            320   1.2e-27   95.6   5.4   2   2     0.035        45    1.8   0.1    85   128   370   410   367   431 0.80 # 44311 # 46185 # -1 # ID=28_40;partial=00;start_type=ATG;rbs_motif=GGxGG;rbs_spacer=3-4bp;gc_cont=0.592
NODE_56_length_46114_cov_46.212184_29  -             94 24002at72274         -            320     5e-17   60.8   0.0   1   1   4.5e-20   5.8e-17   60.5   0.0   192   284     6    92     2    93 0.90 # 29730 # 30011 # -1 # ID=56_29;partial=00;start_type=ATG;rbs_motif=AGGAG;rbs_spacer=5-10bp;gc_cont=0.589
NODE_100_length_10489_cov_42.880295_2  -            312 24002at72274         -            320   3.9e-16   57.8   0.0   1   1   5.2e-19   6.7e-16   57.0   0.0   198   301   171   275   146   301 0.78 # 1218 # 2153 # -1 # ID=100_2;partial=00;start_type=GTG;rbs_motif=GGAG/GAGG;rbs_spacer=5-10bp;gc_cont=0.665
NODE_56_length_46114_cov_46.212184_19  -             92 24002at72274         -            320   5.4e-16   57.4   0.0   1   1   4.5e-19   5.7e-16   57.3   0.0   190   281     3    88     1    91 0.93 # 15106 # 15381 # -1 # ID=56_19;partial=00;start_type=ATG;rbs_motif=AGGA;rbs_spacer=5-10bp;gc_cont=0.558
#
# Program:         hmmsearch
# Version:         3.1b2 (February 2015)
# Pipeline mode:   SEARCH
# Query file:      /data2/PEG/hoaxaca/REAA/Pseudomonas/bin/busco_downloads/lineages/pseudomonadales_odb10/hmms/24002at72274.hmm
# Target file:     /data2/PEG/hoaxaca/REAA/Pseudomonas/bin/../out/busco/trim_75clip.spades_def/prodigal_output/predicted_genes/predicted.faa
# Option settings: hmmsearch --domtblout /data2/PEG/hoaxaca/REAA/Pseudomonas/bin/../out/busco/trim_75clip.spades_def/run_pseudomonadales_odb10/hmmer_output/24002at72274.out --cpu 1 /data2/PEG/hoaxaca/REAA/Pseudomonas/bin/busco_downloads/lineages/pseudomonadales_odb10/hmms/24002at72274.hmm /data2/PEG/hoaxaca/REAA/Pseudomonas/bin/../out/busco/trim_75clip.spades_def/prodigal_output/predicted_genes/predicted.faa 
# Current dir:     /data2/PEG/hoaxaca/REAA/Pseudomonas/bin
# Date:            Mon Feb 20 00:32:05 2023
# [ok]
