#                                                                                              --- full sequence --- -------------- this domain -------------   hmm coord   ali coord   env coord
# target name                          accession   tlen query name           accession   qlen   E-value  score  bias   #  of  c-Evalue  i-Evalue  score  bias  from    to  from    to  from    to  acc description of target
#                  ------------------- ---------- ----- -------------------- ---------- ----- --------- ------ ----- --- --- --------- --------- ------ ----- ----- ----- ----- ----- ----- ----- ---- ---------------------
NODE_10_length_140278_cov_43.717628_4  -            465 26676at72274         -            494    2e-174  579.3  11.8   1   2   9.4e-88   6.7e-85  284.0   2.9   136   320    47   242    39   252 0.91 # 2899 # 4293 # -1 # ID=10_4;partial=00;start_type=ATG;rbs_motif=GGA/GAG/AGG;rbs_spacer=5-10bp;gc_cont=0.594
NODE_10_length_140278_cov_43.717628_4  -            465 26676at72274         -            494    2e-174  579.3  11.8   2   2     1e-92   7.3e-90  300.4   1.6   317   494   271   461   270   461 0.93 # 2899 # 4293 # -1 # ID=10_4;partial=00;start_type=ATG;rbs_motif=GGA/GAG/AGG;rbs_spacer=5-10bp;gc_cont=0.594
NODE_112_length_7610_cov_38.361218_1   -            770 26676at72274         -            494   8.2e-51  171.6   0.7   1   4   3.2e-13   2.3e-10   38.1   0.0   138   290    90   249    65   260 0.85 # 90 # 2399 # -1 # ID=112_1;partial=00;start_type=ATG;rbs_motif=AGGA;rbs_spacer=5-10bp;gc_cont=0.635
NODE_112_length_7610_cov_38.361218_1   -            770 26676at72274         -            494   8.2e-51  171.6   0.7   2   4     0.017        12    2.8   0.2   232   289   252   319   250   323 0.65 # 90 # 2399 # -1 # ID=112_1;partial=00;start_type=ATG;rbs_motif=AGGA;rbs_spacer=5-10bp;gc_cont=0.635
NODE_112_length_7610_cov_38.361218_1   -            770 26676at72274         -            494   8.2e-51  171.6   0.7   3   4   1.2e-11   8.3e-09   33.0   0.0   258   320   421   484   412   497 0.89 # 90 # 2399 # -1 # ID=112_1;partial=00;start_type=ATG;rbs_motif=AGGA;rbs_spacer=5-10bp;gc_cont=0.635
NODE_112_length_7610_cov_38.361218_1   -            770 26676at72274         -            494   8.2e-51  171.6   0.7   4   4   8.1e-30   5.8e-27   92.9   0.1   335   491   532   710   514   712 0.83 # 90 # 2399 # -1 # ID=112_1;partial=00;start_type=ATG;rbs_motif=AGGA;rbs_spacer=5-10bp;gc_cont=0.635
NODE_61_length_36603_cov_40.676426_8   -            738 26676at72274         -            494   9.4e-45  151.6   2.9   1   3   2.3e-09   1.6e-06   25.4   0.0   141   290   101   258    92   264 0.85 # 6383 # 8596 # -1 # ID=61_8;partial=00;start_type=TTG;rbs_motif=GGA/GAG/AGG;rbs_spacer=5-10bp;gc_cont=0.637
NODE_61_length_36603_cov_40.676426_8   -            738 26676at72274         -            494   9.4e-45  151.6   2.9   2   3   9.5e-09   6.8e-06   23.4   0.0   258   316   439   497   432   507 0.93 # 6383 # 8596 # -1 # ID=61_8;partial=00;start_type=TTG;rbs_motif=GGA/GAG/AGG;rbs_spacer=5-10bp;gc_cont=0.637
NODE_61_length_36603_cov_40.676426_8   -            738 26676at72274         -            494   9.4e-45  151.6   2.9   3   3   8.3e-32   5.9e-29   99.5   1.6   324   490   531   715   523   719 0.81 # 6383 # 8596 # -1 # ID=61_8;partial=00;start_type=TTG;rbs_motif=GGA/GAG/AGG;rbs_spacer=5-10bp;gc_cont=0.637
NODE_22_length_97006_cov_43.305319_63  -            714 26676at72274         -            494   8.7e-28   95.6   0.2   1   1   2.5e-30   1.7e-27   94.6   0.2   254   492   293   551   290   553 0.80 # 64947 # 67088 # -1 # ID=22_63;partial=00;start_type=ATG;rbs_motif=GGA/GAG/AGG;rbs_spacer=5-10bp;gc_cont=0.618
NODE_101_length_10426_cov_41.163919_8  -            427 26676at72274         -            494   5.7e-22   76.4   0.0   1   1   2.9e-24   2.1e-21   74.6   0.0   333   489   221   392   162   397 0.88 # 8383 # 9663 # 1 # ID=101_8;partial=00;start_type=ATG;rbs_motif=None;rbs_spacer=None;gc_cont=0.632
NODE_3_length_212343_cov_42.826340_33  -            408 26676at72274         -            494   3.4e-21   73.9   0.0   1   1   1.2e-23   8.8e-21   72.5   0.0   341   489   201   365   194   370 0.82 # 31632 # 32855 # 1 # ID=3_33;partial=00;start_type=ATG;rbs_motif=AGGA;rbs_spacer=5-10bp;gc_cont=0.618
NODE_2_length_234130_cov_42.625966_3   -            488 26676at72274         -            494   3.8e-06   24.2   0.0   1   1   7.6e-09   5.4e-06   23.7   0.0   264   366   234   335   222   390 0.83 # 2128 # 3591 # 1 # ID=2_3;partial=00;start_type=ATG;rbs_motif=None;rbs_spacer=None;gc_cont=0.627
NODE_7_length_179149_cov_44.188672_177 -            246 26676at72274         -            494   3.7e-05   20.9   1.9   1   2   4.1e-06    0.0029   14.7   0.0   234   298    22    86    12    98 0.80 # 176401 # 177138 # 1 # ID=7_177;partial=00;start_type=ATG;rbs_motif=GGA/GAG/AGG;rbs_spacer=5-10bp;gc_cont=0.603
NODE_7_length_179149_cov_44.188672_177 -            246 26676at72274         -            494   3.7e-05   20.9   1.9   2   2    0.0028         2    5.3   0.8   365   450   125   220   116   224 0.76 # 176401 # 177138 # 1 # ID=7_177;partial=00;start_type=ATG;rbs_motif=GGA/GAG/AGG;rbs_spacer=5-10bp;gc_cont=0.603
NODE_81_length_19081_cov_42.637233_2   -            189 26676at72274         -            494    0.0011   16.1   0.0   1   1   2.1e-06    0.0015   15.6   0.0   148   220    34   106    27   131 0.90 # 1031 # 1597 # 1 # ID=81_2;partial=00;start_type=ATG;rbs_motif=None;rbs_spacer=None;gc_cont=0.635
#
# Program:         hmmsearch
# Version:         3.1b2 (February 2015)
# Pipeline mode:   SEARCH
# Query file:      /data2/PEG/hoaxaca/REAA/Pseudomonas/bin/busco_downloads/lineages/pseudomonadales_odb10/hmms/26676at72274.hmm
# Target file:     /data2/PEG/hoaxaca/REAA/Pseudomonas/bin/../out/busco/trim_75clip.spades_def/prodigal_output/predicted_genes/predicted.faa
# Option settings: hmmsearch --domtblout /data2/PEG/hoaxaca/REAA/Pseudomonas/bin/../out/busco/trim_75clip.spades_def/run_pseudomonadales_odb10/hmmer_output/26676at72274.out --cpu 1 /data2/PEG/hoaxaca/REAA/Pseudomonas/bin/busco_downloads/lineages/pseudomonadales_odb10/hmms/26676at72274.hmm /data2/PEG/hoaxaca/REAA/Pseudomonas/bin/../out/busco/trim_75clip.spades_def/prodigal_output/predicted_genes/predicted.faa 
# Current dir:     /data2/PEG/hoaxaca/REAA/Pseudomonas/bin
# Date:            Mon Feb 20 00:32:08 2023
# [ok]
