#                                                                                               --- full sequence --- -------------- this domain -------------   hmm coord   ali coord   env coord
# target name                           accession   tlen query name           accession   qlen   E-value  score  bias   #  of  c-Evalue  i-Evalue  score  bias  from    to  from    to  from    to  acc description of target
#                   ------------------- ---------- ----- -------------------- ---------- ----- --------- ------ ----- --- --- --------- --------- ------ ----- ----- ----- ----- ----- ----- ----- ---- ---------------------
NODE_23_length_96875_cov_43.769438_45   -            315 30458at72274         -            233   3.1e-76  254.5   0.0   1   1   6.4e-78   3.1e-75  251.2   0.0     1   233     1   312     1   312 0.86 # 52684 # 53628 # 1 # ID=23_45;partial=00;start_type=GTG;rbs_motif=GGAG/GAGG;rbs_spacer=5-10bp;gc_cont=0.622
NODE_42_length_60120_cov_44.104537_42   -            137 30458at72274         -            233   1.5e-10   39.5   0.1   1   1   5.5e-13   2.7e-10   38.7   0.0     2    61     3    60     2    66 0.84 # 50914 # 51324 # 1 # ID=42_42;partial=00;start_type=ATG;rbs_motif=GGA/GAG/AGG;rbs_spacer=5-10bp;gc_cont=0.659
NODE_18_length_105322_cov_43.609203_60  -            139 30458at72274         -            233   3.7e-09   35.0   0.1   1   1     1e-11     5e-09   34.5   0.1     3    61    18    73    16   135 0.80 # 65722 # 66138 # 1 # ID=18_60;partial=00;start_type=ATG;rbs_motif=AGGA/GGAG/GAGG;rbs_spacer=11-12bp;gc_cont=0.583
NODE_1_length_352372_cov_43.300394_52   -            160 30458at72274         -            233   1.8e-08   32.7   0.0   1   1   5.7e-11   2.8e-08   32.1   0.0     7    59    12    61     8    67 0.86 # 51978 # 52457 # 1 # ID=1_52;partial=00;start_type=GTG;rbs_motif=GGAG/GAGG;rbs_spacer=5-10bp;gc_cont=0.558
NODE_15_length_113069_cov_45.201338_58  -            221 30458at72274         -            233   2.8e-05   22.2   0.0   1   1   7.3e-08   3.6e-05   21.9   0.0    13    60    85   132    73   151 0.86 # 68815 # 69477 # -1 # ID=15_58;partial=00;start_type=ATG;rbs_motif=None;rbs_spacer=None;gc_cont=0.614
NODE_33_length_71423_cov_44.044782_22   -            149 30458at72274         -            233     3e-05   22.1   0.2   1   1   8.2e-08   4.1e-05   21.7   0.2     6    57     9    61     4    67 0.87 # 18143 # 18589 # -1 # ID=33_22;partial=00;start_type=ATG;rbs_motif=AGGA;rbs_spacer=5-10bp;gc_cont=0.586
NODE_26_length_93713_cov_43.358079_24   -            137 30458at72274         -            233   0.00021   19.4   0.0   1   1   5.8e-07   0.00028   19.0   0.0    34    66    32    64    21    78 0.86 # 18820 # 19230 # -1 # ID=26_24;partial=00;start_type=ATG;rbs_motif=GGA/GAG/AGG;rbs_spacer=5-10bp;gc_cont=0.574
NODE_63_length_35873_cov_42.173767_8    -            278 30458at72274         -            233   0.00059   17.9   0.0   1   1   1.9e-06   0.00094   17.3   0.0    10    61   148   199   140   213 0.81 # 7051 # 7884 # -1 # ID=63_8;partial=00;start_type=ATG;rbs_motif=GGA/GAG/AGG;rbs_spacer=5-10bp;gc_cont=0.647
NODE_45_length_57495_cov_45.256337_30   -            208 30458at72274         -            233    0.0049   14.9   0.0   1   1   1.4e-05    0.0069   14.4   0.0     3    67    69   129    67   139 0.79 # 30050 # 30673 # -1 # ID=45_30;partial=00;start_type=ATG;rbs_motif=AGGAG;rbs_spacer=5-10bp;gc_cont=0.603
NODE_7_length_179149_cov_44.188672_171  -            149 30458at72274         -            233    0.0071   14.4   0.0   1   1   1.5e-05    0.0074   14.3   0.0     5    61     6    62     4   121 0.83 # 170767 # 171213 # 1 # ID=7_171;partial=00;start_type=ATG;rbs_motif=GGAG/GAGG;rbs_spacer=5-10bp;gc_cont=0.609
NODE_3_length_212343_cov_42.826340_55   -            179 30458at72274         -            233    0.0085   14.1   0.0   1   1   2.5e-05     0.013   13.6   0.0    34    59    78   103    67   116 0.87 # 53449 # 53985 # -1 # ID=3_55;partial=00;start_type=ATG;rbs_motif=GGA/GAG/AGG;rbs_spacer=5-10bp;gc_cont=0.644
NODE_17_length_107317_cov_43.740570_9   -            206 30458at72274         -            233     0.027   12.5   0.1   1   1   0.00011     0.054   11.5   0.1    31    60    88   117    72   123 0.91 # 8728 # 9345 # -1 # ID=17_9;partial=00;start_type=ATG;rbs_motif=GGAG/GAGG;rbs_spacer=5-10bp;gc_cont=0.576
NODE_10_length_140278_cov_43.717628_123 -            189 30458at72274         -            233     0.028   12.4   0.1   1   1     9e-05     0.045   11.8   0.1    33    59    77   103    49   111 0.77 # 133294 # 133860 # -1 # ID=10_123;partial=00;start_type=ATG;rbs_motif=AGGAG;rbs_spacer=5-10bp;gc_cont=0.623
#
# Program:         hmmsearch
# Version:         3.1b2 (February 2015)
# Pipeline mode:   SEARCH
# Query file:      /data2/PEG/hoaxaca/REAA/Pseudomonas/bin/busco_downloads/lineages/pseudomonadales_odb10/hmms/30458at72274.hmm
# Target file:     /data2/PEG/hoaxaca/REAA/Pseudomonas/bin/../out/busco/trim_75clip.spades_def/prodigal_output/predicted_genes/predicted.faa
# Option settings: hmmsearch --domtblout /data2/PEG/hoaxaca/REAA/Pseudomonas/bin/../out/busco/trim_75clip.spades_def/run_pseudomonadales_odb10/hmmer_output/30458at72274.out --cpu 1 /data2/PEG/hoaxaca/REAA/Pseudomonas/bin/busco_downloads/lineages/pseudomonadales_odb10/hmms/30458at72274.hmm /data2/PEG/hoaxaca/REAA/Pseudomonas/bin/../out/busco/trim_75clip.spades_def/prodigal_output/predicted_genes/predicted.faa 
# Current dir:     /data2/PEG/hoaxaca/REAA/Pseudomonas/bin
# Date:            Mon Feb 20 00:32:12 2023
# [ok]
