#                                                                                              --- full sequence --- -------------- this domain -------------   hmm coord   ali coord   env coord
# target name                          accession   tlen query name           accession   qlen   E-value  score  bias   #  of  c-Evalue  i-Evalue  score  bias  from    to  from    to  from    to  acc description of target
#                  ------------------- ---------- ----- -------------------- ---------- ----- --------- ------ ----- --- --- --------- --------- ------ ----- ----- ----- ----- ----- ----- ----- ---- ---------------------
NODE_54_length_48488_cov_43.938472_8   -            496 30483at72274         -            371  1.6e-199  660.7   0.0   1   1  2.9e-202  1.9e-199  660.5   0.0     2   366    92   480    91   485 0.95 # 9758 # 11245 # -1 # ID=54_8;partial=00;start_type=ATG;rbs_motif=None;rbs_spacer=None;gc_cont=0.616
NODE_1_length_352372_cov_43.300394_149 -            629 30483at72274         -            371   3.1e-97  324.2   0.0   1   1  6.7e-100   4.3e-97  323.7   0.0    18   364    12   373     3   377 0.93 # 147792 # 149678 # -1 # ID=1_149;partial=00;start_type=ATG;rbs_motif=AGGA;rbs_spacer=5-10bp;gc_cont=0.656
NODE_24_length_96862_cov_42.248928_78  -            444 30483at72274         -            371   6.3e-96  319.8   0.3   1   1   1.3e-98   8.5e-96  319.4   0.3    19   366    13   370     4   374 0.93 # 80659 # 81990 # 1 # ID=24_78;partial=00;start_type=ATG;rbs_motif=None;rbs_spacer=None;gc_cont=0.621
NODE_19_length_101432_cov_42.268157_58 -            449 30483at72274         -            371   1.8e-84  282.2   2.7   1   1   3.5e-87   2.3e-84  281.8   2.7    14   369     7   372     2   374 0.92 # 60659 # 62005 # 1 # ID=19_58;partial=00;start_type=GTG;rbs_motif=GGAG/GAGG;rbs_spacer=5-10bp;gc_cont=0.611
NODE_1_length_352372_cov_43.300394_181 -            462 30483at72274         -            371     2e-81  272.1   0.1   1   1   4.3e-84   2.7e-81  271.7   0.1    18   362    20   366     3   374 0.91 # 182754 # 184139 # -1 # ID=1_181;partial=00;start_type=GTG;rbs_motif=GGA/GAG/AGG;rbs_spacer=5-10bp;gc_cont=0.631
NODE_27_length_88680_cov_41.567210_86  -            558 30483at72274         -            371     3e-81  271.5   0.8   1   1   6.7e-84   4.3e-81  271.0   0.8    21   364    20   369     5   375 0.91 # 85683 # 87356 # -1 # ID=27_86;partial=00;start_type=ATG;rbs_motif=GGAG/GAGG;rbs_spacer=5-10bp;gc_cont=0.606
NODE_43_length_58914_cov_43.035373_3   -            646 30483at72274         -            371   1.7e-14   51.9   0.1   1   2      0.89   5.7e+02   -2.5   0.0    31    62    18    49    13    51 0.86 # 1594 # 3531 # -1 # ID=43_3;partial=00;start_type=ATG;rbs_motif=GGAG/GAGG;rbs_spacer=5-10bp;gc_cont=0.592
NODE_43_length_58914_cov_43.035373_3   -            646 30483at72274         -            371   1.7e-14   51.9   0.1   2   2   6.7e-17   4.3e-14   50.6   0.0   142   346   120   332    94   342 0.80 # 1594 # 3531 # -1 # ID=43_3;partial=00;start_type=ATG;rbs_motif=GGAG/GAGG;rbs_spacer=5-10bp;gc_cont=0.592
NODE_21_length_98802_cov_44.897283_72  -           1463 30483at72274         -            371   2.7e-06   24.9   0.1   1   2     0.076        49    1.0   0.0    31    70    69   108    64   152 0.78 # 69001 # 73389 # -1 # ID=21_72;partial=00;start_type=ATG;rbs_motif=GGA/GAG/AGG;rbs_spacer=5-10bp;gc_cont=0.655
NODE_21_length_98802_cov_44.897283_72  -           1463 30483at72274         -            371   2.7e-06   24.9   0.1   2   2   5.7e-08   3.6e-05   21.2   0.0   235   333   303   408   290   432 0.80 # 69001 # 73389 # -1 # ID=21_72;partial=00;start_type=ATG;rbs_motif=GGA/GAG/AGG;rbs_spacer=5-10bp;gc_cont=0.655
NODE_8_length_160420_cov_42.382234_37  -            709 30483at72274         -            371   0.00014   19.2   0.0   1   2     0.069        44    1.2   0.0    71   187   103   220    73   230 0.72 # 38035 # 40161 # -1 # ID=8_37;partial=00;start_type=ATG;rbs_motif=GGAG/GAGG;rbs_spacer=5-10bp;gc_cont=0.626
NODE_8_length_160420_cov_42.382234_37  -            709 30483at72274         -            371   0.00014   19.2   0.0   2   2     4e-06    0.0026   15.1   0.0   278   337   266   325   258   351 0.85 # 38035 # 40161 # -1 # ID=8_37;partial=00;start_type=ATG;rbs_motif=GGAG/GAGG;rbs_spacer=5-10bp;gc_cont=0.626
NODE_39_length_62408_cov_42.438215_53  -            949 30483at72274         -            371     0.026   11.8   0.0   1   1   7.1e-05     0.046   11.0   0.0   280   339   527   588   476   593 0.75 # 55531 # 58377 # -1 # ID=39_53;partial=00;start_type=ATG;rbs_motif=GGAG/GAGG;rbs_spacer=5-10bp;gc_cont=0.639
#
# Program:         hmmsearch
# Version:         3.1b2 (February 2015)
# Pipeline mode:   SEARCH
# Query file:      /data2/PEG/hoaxaca/REAA/Pseudomonas/bin/busco_downloads/lineages/pseudomonadales_odb10/hmms/30483at72274.hmm
# Target file:     /data2/PEG/hoaxaca/REAA/Pseudomonas/bin/../out/busco/trim_75clip.spades_def/prodigal_output/predicted_genes/predicted.faa
# Option settings: hmmsearch --domtblout /data2/PEG/hoaxaca/REAA/Pseudomonas/bin/../out/busco/trim_75clip.spades_def/run_pseudomonadales_odb10/hmmer_output/30483at72274.out --cpu 1 /data2/PEG/hoaxaca/REAA/Pseudomonas/bin/busco_downloads/lineages/pseudomonadales_odb10/hmms/30483at72274.hmm /data2/PEG/hoaxaca/REAA/Pseudomonas/bin/../out/busco/trim_75clip.spades_def/prodigal_output/predicted_genes/predicted.faa 
# Current dir:     /data2/PEG/hoaxaca/REAA/Pseudomonas/bin
# Date:            Mon Feb 20 00:32:13 2023
# [ok]
