#                                                                                              --- full sequence --- -------------- this domain -------------   hmm coord   ali coord   env coord
# target name                          accession   tlen query name           accession   qlen   E-value  score  bias   #  of  c-Evalue  i-Evalue  score  bias  from    to  from    to  from    to  acc description of target
#                  ------------------- ---------- ----- -------------------- ---------- ----- --------- ------ ----- --- --- --------- --------- ------ ----- ----- ----- ----- ----- ----- ----- ---- ---------------------
NODE_63_length_35873_cov_42.173767_8   -            278 31899at72274         -            191   4.9e-77  256.4   0.0   1   1   7.9e-79   4.6e-76  253.2   0.0    19   188    51   262    38   265 0.83 # 7051 # 7884 # -1 # ID=63_8;partial=00;start_type=ATG;rbs_motif=GGA/GAG/AGG;rbs_spacer=5-10bp;gc_cont=0.647
NODE_15_length_113069_cov_45.201338_58 -            221 31899at72274         -            191   9.2e-10   37.0   0.5   1   1   7.2e-12   4.2e-09   34.8   0.5    65   163    65   170    24   189 0.72 # 68815 # 69477 # -1 # ID=15_58;partial=00;start_type=ATG;rbs_motif=None;rbs_spacer=None;gc_cont=0.614
NODE_26_length_93713_cov_43.358079_24  -            137 31899at72274         -            191   6.8e-05   21.1   0.0   1   1   1.4e-07   8.4e-05   20.8   0.0    76   132     7    65     3    83 0.74 # 18820 # 19230 # -1 # ID=26_24;partial=00;start_type=ATG;rbs_motif=GGA/GAG/AGG;rbs_spacer=5-10bp;gc_cont=0.574
NODE_1_length_352372_cov_43.300394_52  -            160 31899at72274         -            191   0.00048   18.3   0.0   1   1   1.1e-06   0.00065   17.9   0.0    75   133     9    70     6    82 0.79 # 51978 # 52457 # 1 # ID=1_52;partial=00;start_type=GTG;rbs_motif=GGAG/GAGG;rbs_spacer=5-10bp;gc_cont=0.558
NODE_33_length_71423_cov_44.044782_22  -            149 31899at72274         -            191   0.00073   17.7   0.0   1   1   1.6e-06   0.00094   17.4   0.0    72   132     5    71     2    80 0.76 # 18143 # 18589 # -1 # ID=33_22;partial=00;start_type=ATG;rbs_motif=AGGA;rbs_spacer=5-10bp;gc_cont=0.586
NODE_23_length_96875_cov_43.769438_45  -            315 31899at72274         -            191   0.00096   17.3   0.0   1   1   2.5e-06    0.0015   16.7   0.0    86   139    17    76     3    92 0.73 # 52684 # 53628 # 1 # ID=23_45;partial=00;start_type=GTG;rbs_motif=GGAG/GAGG;rbs_spacer=5-10bp;gc_cont=0.622
NODE_45_length_57495_cov_45.256337_30  -            208 31899at72274         -            191    0.0044   15.2   0.0   1   2   2.4e-05     0.014   13.5   0.0    80   127    75   124    62   132 0.85 # 30050 # 30673 # -1 # ID=45_30;partial=00;start_type=ATG;rbs_motif=AGGAG;rbs_spacer=5-10bp;gc_cont=0.603
NODE_45_length_57495_cov_45.256337_30  -            208 31899at72274         -            191    0.0044   15.2   0.0   2   2       1.1   6.5e+02   -1.7   0.0   161   181   165   186   161   192 0.73 # 30050 # 30673 # -1 # ID=45_30;partial=00;start_type=ATG;rbs_motif=AGGAG;rbs_spacer=5-10bp;gc_cont=0.603
NODE_42_length_60120_cov_44.104537_42  -            137 31899at72274         -            191    0.0082   14.3   0.0   1   1   1.7e-05      0.01   14.0   0.0    80   140    12    76     4   110 0.66 # 50914 # 51324 # 1 # ID=42_42;partial=00;start_type=ATG;rbs_motif=GGA/GAG/AGG;rbs_spacer=5-10bp;gc_cont=0.659
NODE_18_length_105322_cov_43.609203_60 -            139 31899at72274         -            191     0.014   13.6   0.0   1   1   2.9e-05     0.017   13.3   0.0    79   173    25   118    16   135 0.80 # 65722 # 66138 # 1 # ID=18_60;partial=00;start_type=ATG;rbs_motif=AGGA/GGAG/GAGG;rbs_spacer=11-12bp;gc_cont=0.583
NODE_3_length_212343_cov_42.826340_55  -            179 31899at72274         -            191     0.021   13.0   0.0   1   1   5.9e-05     0.035   12.2   0.0    98   170    76   150    53   158 0.74 # 53449 # 53985 # -1 # ID=3_55;partial=00;start_type=ATG;rbs_motif=GGA/GAG/AGG;rbs_spacer=5-10bp;gc_cont=0.644
NODE_7_length_179149_cov_44.188672_171 -            149 31899at72274         -            191     0.023   12.8   0.0   1   1   3.9e-05     0.023   12.8   0.0    99   132    35    68     9   114 0.87 # 170767 # 171213 # 1 # ID=7_171;partial=00;start_type=ATG;rbs_motif=GGAG/GAGG;rbs_spacer=5-10bp;gc_cont=0.609
#
# Program:         hmmsearch
# Version:         3.1b2 (February 2015)
# Pipeline mode:   SEARCH
# Query file:      /data2/PEG/hoaxaca/REAA/Pseudomonas/bin/busco_downloads/lineages/pseudomonadales_odb10/hmms/31899at72274.hmm
# Target file:     /data2/PEG/hoaxaca/REAA/Pseudomonas/bin/../out/busco/trim_75clip.spades_def/prodigal_output/predicted_genes/predicted.faa
# Option settings: hmmsearch --domtblout /data2/PEG/hoaxaca/REAA/Pseudomonas/bin/../out/busco/trim_75clip.spades_def/run_pseudomonadales_odb10/hmmer_output/31899at72274.out --cpu 1 /data2/PEG/hoaxaca/REAA/Pseudomonas/bin/busco_downloads/lineages/pseudomonadales_odb10/hmms/31899at72274.hmm /data2/PEG/hoaxaca/REAA/Pseudomonas/bin/../out/busco/trim_75clip.spades_def/prodigal_output/predicted_genes/predicted.faa 
# Current dir:     /data2/PEG/hoaxaca/REAA/Pseudomonas/bin
# Date:            Mon Feb 20 00:32:14 2023
# [ok]
