#                                                                                              --- full sequence --- -------------- this domain -------------   hmm coord   ali coord   env coord
# target name                          accession   tlen query name           accession   qlen   E-value  score  bias   #  of  c-Evalue  i-Evalue  score  bias  from    to  from    to  from    to  acc description of target
#                  ------------------- ---------- ----- -------------------- ---------- ----- --------- ------ ----- --- --- --------- --------- ------ ----- ----- ----- ----- ----- ----- ----- ---- ---------------------
NODE_29_length_79509_cov_43.985702_6   -            259 32857at72274         -            199   4.8e-89  295.4   1.3   1   2   1.5e-63     1e-60  202.9   0.7     1   130     4   150     4   167 0.92 # 5416 # 6192 # 1 # ID=29_6;partial=00;start_type=ATG;rbs_motif=GGAG/GAGG;rbs_spacer=5-10bp;gc_cont=0.600
NODE_29_length_79509_cov_43.985702_6   -            259 32857at72274         -            199   4.8e-89  295.4   1.3   2   2   2.4e-29   1.7e-26   91.3   0.0   128   199   174   258   166   258 0.88 # 5416 # 6192 # 1 # ID=29_6;partial=00;start_type=ATG;rbs_motif=GGAG/GAGG;rbs_spacer=5-10bp;gc_cont=0.600
NODE_37_length_65238_cov_44.961923_43  -            260 32857at72274         -            199   2.4e-45  152.8   0.0   1   2   1.4e-38   9.9e-36  121.4   0.0     9   144    11   158     2   172 0.85 # 31154 # 31933 # 1 # ID=37_43;partial=00;start_type=ATG;rbs_motif=AGGAG;rbs_spacer=5-10bp;gc_cont=0.585
NODE_37_length_65238_cov_44.961923_43  -            260 32857at72274         -            199   2.4e-45  152.8   0.0   2   2     2e-10   1.4e-07   29.5   0.0   130   184   174   234   169   243 0.86 # 31154 # 31933 # 1 # ID=37_43;partial=00;start_type=ATG;rbs_motif=AGGAG;rbs_spacer=5-10bp;gc_cont=0.585
NODE_16_length_109679_cov_42.398024_70 -            341 32857at72274         -            199   1.6e-13   49.0   0.0   1   1   7.5e-15   5.4e-12   44.0   0.0    27   185   134   316   124   329 0.75 # 86338 # 87360 # -1 # ID=16_70;partial=00;start_type=ATG;rbs_motif=GGAG/GAGG;rbs_spacer=5-10bp;gc_cont=0.633
NODE_11_length_139104_cov_53.491280_14 -            336 32857at72274         -            199   3.3e-12   44.7   0.0   1   2     2e-12   1.5e-09   36.0   0.0    15   130   121   242   108   258 0.83 # 22430 # 23437 # -1 # ID=11_14;partial=00;start_type=ATG;rbs_motif=GGA/GAG/AGG;rbs_spacer=5-10bp;gc_cont=0.596
NODE_11_length_139104_cov_53.491280_14 -            336 32857at72274         -            199   3.3e-12   44.7   0.0   2   2    0.0022       1.6    6.5   0.0   158   183   290   315   279   328 0.79 # 22430 # 23437 # -1 # ID=11_14;partial=00;start_type=ATG;rbs_motif=GGA/GAG/AGG;rbs_spacer=5-10bp;gc_cont=0.596
NODE_23_length_96875_cov_43.769438_25  -            311 32857at72274         -            199   4.5e-12   44.2   0.0   1   1   1.4e-14   9.9e-12   43.1   0.0     8   183    96   291    92   299 0.75 # 29373 # 30305 # 1 # ID=23_25;partial=00;start_type=ATG;rbs_motif=GGA/GAG/AGG;rbs_spacer=5-10bp;gc_cont=0.662
NODE_64_length_33288_cov_42.229772_22  -            359 32857at72274         -            199   1.7e-06   26.0   0.0   1   2   7.5e-07   0.00053   17.9   0.0    24   130    33   150    13   156 0.76 # 29327 # 30403 # -1 # ID=64_22;partial=00;start_type=ATG;rbs_motif=GGAG/GAGG;rbs_spacer=5-10bp;gc_cont=0.627
NODE_64_length_33288_cov_42.229772_22  -            359 32857at72274         -            199   1.7e-06   26.0   0.0   2   2    0.0033       2.3    6.0   0.0   119   186   160   232   157   244 0.72 # 29327 # 30403 # -1 # ID=64_22;partial=00;start_type=ATG;rbs_motif=GGAG/GAGG;rbs_spacer=5-10bp;gc_cont=0.627
NODE_40_length_61806_cov_42.990122_30  -            323 32857at72274         -            199    0.0013   16.6   0.0   1   2   4.3e-06    0.0031   15.4   0.0    25   116   120   216   111   232 0.79 # 28342 # 29310 # -1 # ID=40_30;partial=00;start_type=ATG;rbs_motif=AGGA;rbs_spacer=5-10bp;gc_cont=0.627
NODE_40_length_61806_cov_42.990122_30  -            323 32857at72274         -            199    0.0013   16.6   0.0   2   2       1.7   1.2e+03   -2.9   0.0   162   182   280   300   267   303 0.71 # 28342 # 29310 # -1 # ID=40_30;partial=00;start_type=ATG;rbs_motif=AGGA;rbs_spacer=5-10bp;gc_cont=0.627
NODE_1_length_352372_cov_43.300394_211 -            367 32857at72274         -            199    0.0024   15.7   0.0   1   1   4.9e-06    0.0035   15.2   0.0    24   131    45   162    23   189 0.74 # 221073 # 222173 # 1 # ID=1_211;partial=00;start_type=ATG;rbs_motif=GGAG/GAGG;rbs_spacer=5-10bp;gc_cont=0.601
NODE_36_length_67201_cov_42.906889_24  -            558 32857at72274         -            199     0.007   14.2   0.0   1   1    0.0001     0.072   10.9   0.0    10   182   113   303   104   311 0.60 # 19537 # 21210 # 1 # ID=36_24;partial=00;start_type=ATG;rbs_motif=GGAG/GAGG;rbs_spacer=5-10bp;gc_cont=0.637
#
# Program:         hmmsearch
# Version:         3.1b2 (February 2015)
# Pipeline mode:   SEARCH
# Query file:      /data2/PEG/hoaxaca/REAA/Pseudomonas/bin/busco_downloads/lineages/pseudomonadales_odb10/hmms/32857at72274.hmm
# Target file:     /data2/PEG/hoaxaca/REAA/Pseudomonas/bin/../out/busco/trim_75clip.spades_def/prodigal_output/predicted_genes/predicted.faa
# Option settings: hmmsearch --domtblout /data2/PEG/hoaxaca/REAA/Pseudomonas/bin/../out/busco/trim_75clip.spades_def/run_pseudomonadales_odb10/hmmer_output/32857at72274.out --cpu 1 /data2/PEG/hoaxaca/REAA/Pseudomonas/bin/busco_downloads/lineages/pseudomonadales_odb10/hmms/32857at72274.hmm /data2/PEG/hoaxaca/REAA/Pseudomonas/bin/../out/busco/trim_75clip.spades_def/prodigal_output/predicted_genes/predicted.faa 
# Current dir:     /data2/PEG/hoaxaca/REAA/Pseudomonas/bin
# Date:            Mon Feb 20 00:32:16 2023
# [ok]
