#                                                                                             --- full sequence --- -------------- this domain -------------   hmm coord   ali coord   env coord
# target name                         accession   tlen query name           accession   qlen   E-value  score  bias   #  of  c-Evalue  i-Evalue  score  bias  from    to  from    to  from    to  acc description of target
#                 ------------------- ---------- ----- -------------------- ---------- ----- --------- ------ ----- --- --- --------- --------- ------ ----- ----- ----- ----- ----- ----- ----- ---- ---------------------
NODE_6_length_186800_cov_43.969648_7  -            324 32976at72274         -            200   1.3e-76  255.3  10.2   1   2   1.8e-72   1.6e-69  232.1   0.4     1   148     4   165     4   176 0.90 # 5245 # 6216 # -1 # ID=6_7;partial=00;start_type=ATG;rbs_motif=None;rbs_spacer=None;gc_cont=0.616
NODE_6_length_186800_cov_43.969648_7  -            324 32976at72274         -            200   1.3e-76  255.3  10.2   2   2   5.9e-08   5.4e-05   21.5   3.8   149   195   239   309   225   314 0.72 # 5245 # 6216 # -1 # ID=6_7;partial=00;start_type=ATG;rbs_motif=None;rbs_spacer=None;gc_cont=0.616
NODE_49_length_53283_cov_43.006651_42 -            354 32976at72274         -            200   1.4e-27   95.2   0.5   1   3   3.3e-29     3e-26   90.9   0.1     3   130     5   143     3   150 0.85 # 47463 # 48524 # -1 # ID=49_42;partial=00;start_type=ATG;rbs_motif=GGA/GAG/AGG;rbs_spacer=5-10bp;gc_cont=0.633
NODE_49_length_53283_cov_43.006651_42 -            354 32976at72274         -            200   1.4e-27   95.2   0.5   2   3     0.078        72    1.5   0.0   129   147   174   192   171   199 0.87 # 47463 # 48524 # -1 # ID=49_42;partial=00;start_type=ATG;rbs_motif=GGA/GAG/AGG;rbs_spacer=5-10bp;gc_cont=0.633
NODE_49_length_53283_cov_43.006651_42 -            354 32976at72274         -            200   1.4e-27   95.2   0.5   3   3       1.3   1.2e+03   -2.5   0.0    87   137   301   346   298   349 0.57 # 47463 # 48524 # -1 # ID=49_42;partial=00;start_type=ATG;rbs_motif=GGA/GAG/AGG;rbs_spacer=5-10bp;gc_cont=0.633
NODE_29_length_79509_cov_43.985702_14 -            322 32976at72274         -            200     2e-26   91.4   0.0   1   1   3.5e-29   3.2e-26   90.8   0.0     2   136     2   143     1   192 0.83 # 13562 # 14527 # 1 # ID=29_14;partial=00;start_type=TTG;rbs_motif=AGGAG;rbs_spacer=5-10bp;gc_cont=0.610
NODE_33_length_71423_cov_44.044782_45 -            325 32976at72274         -            200   3.1e-23   81.1   0.2   1   1   5.5e-26   5.1e-23   80.3   0.2     5   133     3   141     1   169 0.80 # 43011 # 43985 # -1 # ID=33_45;partial=00;start_type=ATG;rbs_motif=GGAG/GAGG;rbs_spacer=5-10bp;gc_cont=0.624
NODE_6_length_186800_cov_43.969648_9  -            402 32976at72274         -            200   1.3e-20   72.5   0.0   1   2   4.6e-23   4.3e-20   70.8   0.0     3   137     3   149     1   159 0.82 # 6897 # 8102 # -1 # ID=6_9;partial=00;start_type=ATG;rbs_motif=GGAG/GAGG;rbs_spacer=5-10bp;gc_cont=0.600
NODE_6_length_186800_cov_43.969648_9  -            402 32976at72274         -            200   1.3e-20   72.5   0.0   2   2      0.99   9.1e+02   -2.1   0.0   129   149   170   190   167   193 0.84 # 6897 # 8102 # -1 # ID=6_9;partial=00;start_type=ATG;rbs_motif=GGAG/GAGG;rbs_spacer=5-10bp;gc_cont=0.600
NODE_80_length_19695_cov_40.396690_12 -            249 32976at72274         -            200     0.063   11.5   0.1   1   2   0.00016      0.15   10.3   0.1     7    32    43    68    37    75 0.89 # 10641 # 11387 # -1 # ID=80_12;partial=00;start_type=ATG;rbs_motif=AGGAG;rbs_spacer=5-10bp;gc_cont=0.669
NODE_80_length_19695_cov_40.396690_12 -            249 32976at72274         -            200     0.063   11.5   0.1   2   2       1.2   1.1e+03   -2.3   0.0   137   166   163   193   152   207 0.66 # 10641 # 11387 # -1 # ID=80_12;partial=00;start_type=ATG;rbs_motif=AGGAG;rbs_spacer=5-10bp;gc_cont=0.669
NODE_31_length_74897_cov_42.638144_25 -            352 32976at72274         -            200     0.077   11.2   1.1   1   3    0.0011      0.99    7.6   0.0     8    26    32    50    25    75 0.81 # 26603 # 27658 # -1 # ID=31_25;partial=00;start_type=ATG;rbs_motif=None;rbs_spacer=None;gc_cont=0.628
NODE_31_length_74897_cov_42.638144_25 -            352 32976at72274         -            200     0.077   11.2   1.1   2   3      0.67   6.1e+02   -1.5   0.0    75   144   143   211   137   222 0.61 # 26603 # 27658 # -1 # ID=31_25;partial=00;start_type=ATG;rbs_motif=None;rbs_spacer=None;gc_cont=0.628
NODE_31_length_74897_cov_42.638144_25 -            352 32976at72274         -            200     0.077   11.2   1.1   3   3      0.11     1e+02    1.0   0.1    36   100   258   328   241   337 0.75 # 26603 # 27658 # -1 # ID=31_25;partial=00;start_type=ATG;rbs_motif=None;rbs_spacer=None;gc_cont=0.628
#
# Program:         hmmsearch
# Version:         3.1b2 (February 2015)
# Pipeline mode:   SEARCH
# Query file:      /data2/PEG/hoaxaca/REAA/Pseudomonas/bin/busco_downloads/lineages/pseudomonadales_odb10/hmms/32976at72274.hmm
# Target file:     /data2/PEG/hoaxaca/REAA/Pseudomonas/bin/../out/busco/trim_75clip.spades_def/prodigal_output/predicted_genes/predicted.faa
# Option settings: hmmsearch --domtblout /data2/PEG/hoaxaca/REAA/Pseudomonas/bin/../out/busco/trim_75clip.spades_def/run_pseudomonadales_odb10/hmmer_output/32976at72274.out --cpu 1 /data2/PEG/hoaxaca/REAA/Pseudomonas/bin/busco_downloads/lineages/pseudomonadales_odb10/hmms/32976at72274.hmm /data2/PEG/hoaxaca/REAA/Pseudomonas/bin/../out/busco/trim_75clip.spades_def/prodigal_output/predicted_genes/predicted.faa 
# Current dir:     /data2/PEG/hoaxaca/REAA/Pseudomonas/bin
# Date:            Mon Feb 20 00:32:16 2023
# [ok]
