#                                                                                              --- full sequence --- -------------- this domain -------------   hmm coord   ali coord   env coord
# target name                          accession   tlen query name           accession   qlen   E-value  score  bias   #  of  c-Evalue  i-Evalue  score  bias  from    to  from    to  from    to  acc description of target
#                  ------------------- ---------- ----- -------------------- ---------- ----- --------- ------ ----- --- --- --------- --------- ------ ----- ----- ----- ----- ----- ----- ----- ---- ---------------------
NODE_3_length_212343_cov_42.826340_62  -            293 34866at72274         -            238  1.3e-112  373.6   0.4   1   2   4.6e-16   2.7e-13   48.5   0.1     1    51     1    63     1    71 0.84 # 61889 # 62767 # 1 # ID=3_62;partial=00;start_type=ATG;rbs_motif=GGA/GAG/AGG;rbs_spacer=5-10bp;gc_cont=0.652
NODE_3_length_212343_cov_42.826340_62  -            293 34866at72274         -            238  1.3e-112  373.6   0.4   2   2  4.7e-100   2.7e-97  323.4   0.0    48   238    85   291    79   291 0.94 # 61889 # 62767 # 1 # ID=3_62;partial=00;start_type=ATG;rbs_motif=GGA/GAG/AGG;rbs_spacer=5-10bp;gc_cont=0.652
NODE_21_length_98802_cov_44.897283_84  -            219 34866at72274         -            238   5.9e-14   50.6   0.1   1   1   1.5e-16   8.8e-14   50.1   0.1   119   188    80   154    67   187 0.79 # 83304 # 83960 # -1 # ID=21_84;partial=00;start_type=ATG;rbs_motif=None;rbs_spacer=None;gc_cont=0.670
NODE_4_length_205573_cov_43.972436_74  -            333 34866at72274         -            238   1.3e-05   23.3   0.0   1   1   3.2e-08   1.9e-05   22.8   0.0   104   176   177   248   156   284 0.76 # 88765 # 89763 # 1 # ID=4_74;partial=00;start_type=ATG;rbs_motif=AGGAG;rbs_spacer=5-10bp;gc_cont=0.618
NODE_3_length_212343_cov_42.826340_85  -            249 34866at72274         -            238   2.1e-05   22.6   0.0   1   1   4.6e-08   2.7e-05   22.3   0.0   118   173    40    95    24   140 0.91 # 90166 # 90912 # -1 # ID=3_85;partial=00;start_type=ATG;rbs_motif=GGA/GAG/AGG;rbs_spacer=5-10bp;gc_cont=0.580
NODE_2_length_234130_cov_42.625966_133 -            233 34866at72274         -            238   7.7e-05   20.8   0.0   1   1   1.9e-07   0.00011   20.3   0.0   104   154    30    80    27   108 0.81 # 153084 # 153782 # -1 # ID=2_133;partial=00;start_type=ATG;rbs_motif=GGAG/GAGG;rbs_spacer=5-10bp;gc_cont=0.612
NODE_29_length_79509_cov_43.985702_4   -            394 34866at72274         -            238    0.0012   16.8   0.0   1   1   3.2e-06    0.0019   16.2   0.0   117   162   247   293   216   305 0.79 # 3049 # 4230 # -1 # ID=29_4;partial=00;start_type=ATG;rbs_motif=GGA/GAG/AGG;rbs_spacer=5-10bp;gc_cont=0.644
NODE_8_length_160420_cov_42.382234_87  -            243 34866at72274         -            238    0.0037   15.3   0.0   1   1   7.8e-06    0.0045   15.0   0.0   121   170    43    92    34   142 0.81 # 84843 # 85571 # -1 # ID=8_87;partial=00;start_type=ATG;rbs_motif=GGAG/GAGG;rbs_spacer=5-10bp;gc_cont=0.608
NODE_33_length_71423_cov_44.044782_58  -            319 34866at72274         -            238    0.0061   14.6   0.2   1   1   3.4e-05      0.02   12.9   0.2   116   150   114   148    94   250 0.79 # 56255 # 57211 # 1 # ID=33_58;partial=00;start_type=ATG;rbs_motif=None;rbs_spacer=None;gc_cont=0.618
NODE_27_length_88680_cov_41.567210_22  -            303 34866at72274         -            238    0.0099   13.9   0.0   1   1   2.6e-05     0.015   13.3   0.0   123   173   128   179   121   203 0.83 # 20860 # 21768 # -1 # ID=27_22;partial=00;start_type=GTG;rbs_motif=AGGAG;rbs_spacer=5-10bp;gc_cont=0.609
NODE_1_length_352372_cov_43.300394_74  -            399 34866at72274         -            238    0.0099   13.9   0.0   1   1   3.6e-05     0.021   12.8   0.0   120   172   220   272   204   283 0.91 # 79118 # 80314 # -1 # ID=1_74;partial=00;start_type=ATG;rbs_motif=GGAG/GAGG;rbs_spacer=5-10bp;gc_cont=0.623
NODE_63_length_35873_cov_42.173767_5   -            309 34866at72274         -            238     0.012   13.6   0.0   1   1   3.1e-05     0.018   13.0   0.0   111   170   135   193   108   204 0.78 # 4224 # 5150 # 1 # ID=63_5;partial=00;start_type=ATG;rbs_motif=None;rbs_spacer=None;gc_cont=0.622
#
# Program:         hmmsearch
# Version:         3.1b2 (February 2015)
# Pipeline mode:   SEARCH
# Query file:      /data2/PEG/hoaxaca/REAA/Pseudomonas/bin/busco_downloads/lineages/pseudomonadales_odb10/hmms/34866at72274.hmm
# Target file:     /data2/PEG/hoaxaca/REAA/Pseudomonas/bin/../out/busco/trim_75clip.spades_def/prodigal_output/predicted_genes/predicted.faa
# Option settings: hmmsearch --domtblout /data2/PEG/hoaxaca/REAA/Pseudomonas/bin/../out/busco/trim_75clip.spades_def/run_pseudomonadales_odb10/hmmer_output/34866at72274.out --cpu 1 /data2/PEG/hoaxaca/REAA/Pseudomonas/bin/busco_downloads/lineages/pseudomonadales_odb10/hmms/34866at72274.hmm /data2/PEG/hoaxaca/REAA/Pseudomonas/bin/../out/busco/trim_75clip.spades_def/prodigal_output/predicted_genes/predicted.faa 
# Current dir:     /data2/PEG/hoaxaca/REAA/Pseudomonas/bin
# Date:            Mon Feb 20 00:32:19 2023
# [ok]
