#                                                                                               --- full sequence --- -------------- this domain -------------   hmm coord   ali coord   env coord
# target name                           accession   tlen query name           accession   qlen   E-value  score  bias   #  of  c-Evalue  i-Evalue  score  bias  from    to  from    to  from    to  acc description of target
#                   ------------------- ---------- ----- -------------------- ---------- ----- --------- ------ ----- --- --- --------- --------- ------ ----- ----- ----- ----- ----- ----- ----- ---- ---------------------
NODE_20_length_101354_cov_42.563313_41  -            230 37262at72274         -            196  2.9e-109  361.5   0.0   1   1  5.8e-111  3.5e-109  361.2   0.0     1   196     6   227     6   227 0.92 # 52625 # 53314 # -1 # ID=20_41;partial=00;start_type=ATG;rbs_motif=GGAG/GAGG;rbs_spacer=5-10bp;gc_cont=0.626
NODE_90_length_15524_cov_39.723705_2    -            247 37262at72274         -            196   2.5e-43  146.3   3.6   1   1   9.4e-43   5.7e-41  138.6   3.6     1   195     7   236     7   237 0.80 # 1409 # 2149 # -1 # ID=90_2;partial=00;start_type=ATG;rbs_motif=GGAG/GAGG;rbs_spacer=5-10bp;gc_cont=0.637
NODE_62_length_36136_cov_43.904077_8    -            277 37262at72274         -            196   2.7e-42  143.0   0.7   1   1   1.4e-43   8.5e-42  141.3   0.7     2   195    50   271    49   272 0.81 # 7180 # 8010 # -1 # ID=62_8;partial=00;start_type=ATG;rbs_motif=None;rbs_spacer=None;gc_cont=0.638
NODE_39_length_62408_cov_42.438215_16   -            237 37262at72274         -            196   2.9e-42  142.8   0.1   1   1   1.7e-42     1e-40  137.8   0.1     1   194     7   227     7   229 0.86 # 17778 # 18488 # 1 # ID=39_16;partial=00;start_type=ATG;rbs_motif=GGA/GAG/AGG;rbs_spacer=11-12bp;gc_cont=0.636
NODE_31_length_74897_cov_42.638144_34   -            224 37262at72274         -            196   5.2e-42  142.0   0.6   1   1   1.1e-43   6.4e-42  141.7   0.6     1   196     3   221     3   221 0.87 # 35654 # 36325 # -1 # ID=31_34;partial=00;start_type=ATG;rbs_motif=GGA/GAG/AGG;rbs_spacer=5-10bp;gc_cont=0.631
NODE_23_length_96875_cov_43.769438_14   -            244 37262at72274         -            196   2.4e-41  139.9   0.0   1   1   7.4e-43   4.5e-41  139.0   0.0     1   194     8   233     8   235 0.82 # 16740 # 17471 # 1 # ID=23_14;partial=00;start_type=GTG;rbs_motif=AGGA;rbs_spacer=5-10bp;gc_cont=0.648
NODE_33_length_71423_cov_44.044782_30   -            237 37262at72274         -            196   1.6e-40  137.1   1.5   1   1   3.7e-40   2.3e-38  130.2   1.5     1   195     4   230     4   231 0.81 # 25532 # 26242 # -1 # ID=33_30;partial=00;start_type=GTG;rbs_motif=None;rbs_spacer=None;gc_cont=0.626
NODE_1_length_352372_cov_43.300394_229  -            223 37262at72274         -            196   2.3e-40  136.6   0.0   1   1   4.9e-42   2.9e-40  136.3   0.0     1   195     4   218     4   219 0.82 # 238738 # 239406 # 1 # ID=1_229;partial=00;start_type=ATG;rbs_motif=GGA/GAG/AGG;rbs_spacer=5-10bp;gc_cont=0.629
NODE_16_length_109679_cov_42.398024_29  -            237 37262at72274         -            196   1.9e-39  133.7   0.3   1   1   8.8e-40   5.3e-38  128.9   0.3     1   195     7   232     7   233 0.81 # 28868 # 29578 # 1 # ID=16_29;partial=00;start_type=ATG;rbs_motif=GGA/GAG/AGG;rbs_spacer=5-10bp;gc_cont=0.640
NODE_63_length_35873_cov_42.173767_11   -            234 37262at72274         -            196   2.2e-38  130.2   0.2   1   1   7.6e-40   4.6e-38  129.2   0.2     1   195     4   227     4   228 0.84 # 10226 # 10927 # -1 # ID=63_11;partial=00;start_type=ATG;rbs_motif=GGA/GAG/AGG;rbs_spacer=5-10bp;gc_cont=0.645
NODE_43_length_58914_cov_43.035373_16   -            247 37262at72274         -            196   5.4e-37  125.7   0.0   1   1   4.2e-37   2.6e-35  120.2   0.0     1   194    13   238    13   240 0.81 # 13968 # 14708 # -1 # ID=43_16;partial=00;start_type=ATG;rbs_motif=AGGAG;rbs_spacer=5-10bp;gc_cont=0.619
NODE_73_length_24952_cov_43.342732_5    -            231 37262at72274         -            196   2.2e-36  123.7   0.4   1   1   7.4e-38   4.5e-36  122.7   0.4     1   183     6   207     6   211 0.88 # 7975 # 8667 # 1 # ID=73_5;partial=00;start_type=ATG;rbs_motif=GGA/GAG/AGG;rbs_spacer=5-10bp;gc_cont=0.646
NODE_22_length_97006_cov_43.305319_25   -            225 37262at72274         -            196     8e-36  121.8   0.8   1   1   1.6e-37   9.7e-36  121.6   0.8     1   194     3   220     3   222 0.86 # 29237 # 29911 # -1 # ID=22_25;partial=00;start_type=ATG;rbs_motif=GGA/GAG/AGG;rbs_spacer=5-10bp;gc_cont=0.613
NODE_33_length_71423_cov_44.044782_8    -            221 37262at72274         -            196   4.4e-35  119.4   0.1   1   1   9.3e-37   5.6e-35  119.1   0.1     1   193     3   215     3   217 0.87 # 4887 # 5549 # -1 # ID=33_8;partial=00;start_type=ATG;rbs_motif=GGA/GAG/AGG;rbs_spacer=5-10bp;gc_cont=0.650
NODE_45_length_57495_cov_45.256337_36   -            223 37262at72274         -            196   4.8e-34  116.0   0.0   1   1     1e-35   6.2e-34  115.7   0.0     1   195     3   218     3   219 0.86 # 33637 # 34305 # 1 # ID=45_36;partial=00;start_type=ATG;rbs_motif=AGGA;rbs_spacer=5-10bp;gc_cont=0.629
NODE_80_length_19695_cov_40.396690_4    -            227 37262at72274         -            196   7.1e-34  115.5   0.0   1   1   1.4e-35   8.3e-34  115.2   0.0     1   194     3   216     3   218 0.88 # 3614 # 4294 # 1 # ID=80_4;partial=00;start_type=ATG;rbs_motif=GGA/GAG/AGG;rbs_spacer=5-10bp;gc_cont=0.656
NODE_22_length_97006_cov_43.305319_20   -            225 37262at72274         -            196     8e-34  115.3   0.5   1   1   1.7e-35     1e-33  115.0   0.5     1   194     3   220     3   222 0.85 # 21425 # 22099 # -1 # ID=22_20;partial=00;start_type=ATG;rbs_motif=GGA/GAG/AGG;rbs_spacer=5-10bp;gc_cont=0.597
NODE_4_length_205573_cov_43.972436_26   -            226 37262at72274         -            196   1.1e-33  114.9   0.4   1   1   2.2e-35   1.4e-33  114.6   0.4     1   194     3   219     3   221 0.87 # 33324 # 34001 # -1 # ID=4_26;partial=00;start_type=ATG;rbs_motif=GGA/GAG/AGG;rbs_spacer=11-12bp;gc_cont=0.630
NODE_37_length_65238_cov_44.961923_68   -            228 37262at72274         -            196   1.2e-33  114.8   0.0   1   1   2.6e-35   1.5e-33  114.4   0.0     1   195     3   221     3   222 0.84 # 61298 # 61981 # 1 # ID=37_68;partial=00;start_type=ATG;rbs_motif=GGAG/GAGG;rbs_spacer=5-10bp;gc_cont=0.599
NODE_8_length_160420_cov_42.382234_146  -            242 37262at72274         -            196   1.5e-33  114.4   0.4   1   1   3.5e-34   2.1e-32  110.7   0.4     1   194     8   231     8   233 0.83 # 141542 # 142267 # -1 # ID=8_146;partial=00;start_type=GTG;rbs_motif=GGAG/GAGG;rbs_spacer=5-10bp;gc_cont=0.645
NODE_8_length_160420_cov_42.382234_142  -            226 37262at72274         -            196   1.9e-33  114.1   0.0   1   1   3.8e-35   2.3e-33  113.8   0.0     1   195     3   221     3   222 0.85 # 137932 # 138609 # -1 # ID=8_142;partial=00;start_type=ATG;rbs_motif=GGAG/GAGG;rbs_spacer=5-10bp;gc_cont=0.633
NODE_65_length_31508_cov_42.704257_13   -            226 37262at72274         -            196   2.7e-33  113.6   0.0   1   1   5.5e-35   3.4e-33  113.3   0.0     2   183     5   203     4   223 0.89 # 9919 # 10596 # 1 # ID=65_13;partial=00;start_type=ATG;rbs_motif=GGA/GAG/AGG;rbs_spacer=5-10bp;gc_cont=0.656
NODE_57_length_41705_cov_40.836927_31   -            236 37262at72274         -            196   8.9e-33  111.9   0.0   1   1     2e-34   1.2e-32  111.4   0.0     1   194     9   228     9   230 0.85 # 37410 # 38117 # -1 # ID=57_31;partial=00;start_type=ATG;rbs_motif=GGA/GAG/AGG;rbs_spacer=5-10bp;gc_cont=0.623
NODE_7_length_179149_cov_44.188672_91   -            228 37262at72274         -            196   1.1e-32  111.6   0.1   1   1   2.8e-34   1.7e-32  111.0   0.1     1   194     4   223     4   225 0.83 # 96290 # 96973 # 1 # ID=7_91;partial=00;start_type=ATG;rbs_motif=GGA/GAG/AGG;rbs_spacer=5-10bp;gc_cont=0.610
NODE_2_length_234130_cov_42.625966_175  -            232 37262at72274         -            196   1.3e-31  108.1   0.0   1   1   3.3e-33     2e-31  107.5   0.0     1   185     7   208     7   227 0.85 # 203779 # 204474 # 1 # ID=2_175;partial=00;start_type=ATG;rbs_motif=3Base/5BMM;rbs_spacer=13-15bp;gc_cont=0.618
NODE_2_length_234130_cov_42.625966_91   -            227 37262at72274         -            196     1e-30  105.2   0.1   1   1   2.1e-32   1.3e-30  104.8   0.1     1   194     3   221     3   223 0.86 # 112471 # 113151 # -1 # ID=2_91;partial=00;start_type=ATG;rbs_motif=GGA/GAG/AGG;rbs_spacer=5-10bp;gc_cont=0.631
NODE_30_length_78558_cov_43.218259_5    -            242 37262at72274         -            196   1.8e-30  104.3   0.0   1   1   5.4e-32   3.3e-30  103.5   0.0     1   195    23   238    23   239 0.82 # 3088 # 3813 # 1 # ID=30_5;partial=00;start_type=ATG;rbs_motif=GGA/GAG/AGG;rbs_spacer=5-10bp;gc_cont=0.635
NODE_8_length_160420_cov_42.382234_125  -            243 37262at72274         -            196   1.3e-29  101.5   0.2   1   1   6.7e-30   4.1e-28   96.7   0.2     1   194    11   235    11   237 0.81 # 121318 # 122046 # -1 # ID=8_125;partial=00;start_type=ATG;rbs_motif=None;rbs_spacer=None;gc_cont=0.627
NODE_31_length_74897_cov_42.638144_22   -            222 37262at72274         -            196   1.8e-29  101.1   0.0   1   1   4.9e-31     3e-29  100.4   0.0     1   195     3   218     3   219 0.82 # 24575 # 25240 # -1 # ID=31_22;partial=00;start_type=ATG;rbs_motif=AGGAG;rbs_spacer=5-10bp;gc_cont=0.643
NODE_37_length_65238_cov_44.961923_65   -            233 37262at72274         -            196   2.2e-29  100.8   0.0   1   1   6.9e-31   4.2e-29   99.9   0.0     2   194     6   221     5   223 0.84 # 57576 # 58274 # -1 # ID=37_65;partial=00;start_type=ATG;rbs_motif=None;rbs_spacer=None;gc_cont=0.621
NODE_25_length_94792_cov_41.391822_37   -            224 37262at72274         -            196   1.2e-28   98.4   0.1   1   1   2.6e-30   1.6e-28   98.0   0.1     1   193     3   217     3   220 0.83 # 35766 # 36437 # 1 # ID=25_37;partial=00;start_type=ATG;rbs_motif=GGAG/GAGG;rbs_spacer=5-10bp;gc_cont=0.631
NODE_6_length_186800_cov_43.969648_66   -            241 37262at72274         -            196   1.9e-27   94.5   0.0   1   1     5e-29     3e-27   93.8   0.0    33   186    44   214     5   232 0.81 # 73237 # 73959 # -1 # ID=6_66;partial=00;start_type=ATG;rbs_motif=AGGA;rbs_spacer=5-10bp;gc_cont=0.591
NODE_16_length_109679_cov_42.398024_8   -            423 37262at72274         -            196   2.4e-25   87.7   0.0   1   1   6.7e-27   4.1e-25   86.9   0.0     1   113     8   126     8   154 0.88 # 8197 # 9465 # 1 # ID=16_8;partial=00;start_type=ATG;rbs_motif=GGA/GAG/AGG;rbs_spacer=5-10bp;gc_cont=0.599
NODE_87_length_17124_cov_44.864960_9    -            233 37262at72274         -            196   2.1e-24   84.6   0.0   1   1   3.9e-26   2.3e-24   84.4   0.0     1   118    13   136    13   209 0.87 # 7733 # 8431 # -1 # ID=87_9;partial=00;start_type=ATG;rbs_motif=AGGAG;rbs_spacer=5-10bp;gc_cont=0.641
NODE_57_length_41705_cov_40.836927_9    -           1166 37262at72274         -            196   4.5e-21   73.7   5.9   1   3   5.6e-11   3.4e-09   34.9   0.1     1   113   775   893   775   914 0.82 # 8587 # 12084 # -1 # ID=57_9;partial=00;start_type=ATG;rbs_motif=GGA/GAG/AGG;rbs_spacer=5-10bp;gc_cont=0.602
NODE_57_length_41705_cov_40.836927_9    -           1166 37262at72274         -            196   4.5e-21   73.7   5.9   2   3      0.19        12    3.8   0.2     2    78   898   980   897  1019 0.75 # 8587 # 12084 # -1 # ID=57_9;partial=00;start_type=ATG;rbs_motif=GGA/GAG/AGG;rbs_spacer=5-10bp;gc_cont=0.602
NODE_57_length_41705_cov_40.836927_9    -           1166 37262at72274         -            196   4.5e-21   73.7   5.9   3   3   1.7e-11     1e-09   36.6   0.6     1   109  1043  1158  1043  1163 0.77 # 8587 # 12084 # -1 # ID=57_9;partial=00;start_type=ATG;rbs_motif=GGA/GAG/AGG;rbs_spacer=5-10bp;gc_cont=0.602
NODE_1_length_352372_cov_43.300394_116  -            136 37262at72274         -            196   6.2e-21   73.2   0.0   1   1   1.2e-22   7.3e-21   73.0   0.0     1   109    10   124    10   132 0.92 # 116617 # 117024 # 1 # ID=1_116;partial=00;start_type=ATG;rbs_motif=GGA/GAG/AGG;rbs_spacer=5-10bp;gc_cont=0.529
NODE_41_length_61612_cov_42.304709_28   -            122 37262at72274         -            196   7.5e-20   69.7   0.1   1   1   1.5e-21   9.2e-20   69.4   0.1     1   113     3   118     3   119 0.92 # 41176 # 41541 # 1 # ID=41_28;partial=00;start_type=ATG;rbs_motif=GGAG/GAGG;rbs_spacer=5-10bp;gc_cont=0.612
NODE_1_length_352372_cov_43.300394_117  -            122 37262at72274         -            196   3.2e-19   67.6   0.1   1   1   5.8e-21   3.5e-19   67.5   0.1     1   110     4   119     4   121 0.90 # 117072 # 117437 # 1 # ID=1_117;partial=00;start_type=ATG;rbs_motif=GGA/GAG/AGG;rbs_spacer=5-10bp;gc_cont=0.593
NODE_23_length_96875_cov_43.769438_22   -            444 37262at72274         -            196   5.9e-19   66.8   0.0   1   1   1.7e-20     1e-18   66.0   0.0     1   124     5   132     5   145 0.83 # 24309 # 25640 # -1 # ID=23_22;partial=00;start_type=ATG;rbs_motif=AGGA/GGAG/GAGG;rbs_spacer=11-12bp;gc_cont=0.642
NODE_20_length_101354_cov_42.563313_37  -            300 37262at72274         -            196   8.7e-18   63.0   0.0   1   1   2.4e-19   1.5e-17   62.2   0.0     1   112     6   125     6   142 0.86 # 48171 # 49070 # 1 # ID=20_37;partial=00;start_type=ATG;rbs_motif=AGGA;rbs_spacer=5-10bp;gc_cont=0.611
NODE_16_length_109679_cov_42.398024_7   -            128 37262at72274         -            196   6.3e-17   60.2   0.2   1   1   1.2e-18   7.2e-17   60.0   0.2     1   113     4   122     4   125 0.90 # 7804 # 8187 # 1 # ID=16_7;partial=00;start_type=ATG;rbs_motif=GGAGG;rbs_spacer=3-4bp;gc_cont=0.609
NODE_3_length_212343_cov_42.826340_57   -            557 37262at72274         -            196   8.6e-17   59.7   0.1   1   2      0.56        34    2.3   0.0    31   109   158   240   129   255 0.75 # 55330 # 57000 # 1 # ID=3_57;partial=00;start_type=ATG;rbs_motif=AGxAG;rbs_spacer=5-10bp;gc_cont=0.626
NODE_3_length_212343_cov_42.826340_57   -            557 37262at72274         -            196   8.6e-17   59.7   0.1   2   2   5.5e-17   3.4e-15   54.5   0.2     1   112   251   368   251   382 0.84 # 55330 # 57000 # 1 # ID=3_57;partial=00;start_type=ATG;rbs_motif=AGxAG;rbs_spacer=5-10bp;gc_cont=0.626
NODE_86_length_17213_cov_43.079904_14   -            125 37262at72274         -            196   2.5e-16   58.2   0.1   1   1   4.6e-18   2.8e-16   58.0   0.1     1   112     3   121     3   123 0.86 # 13246 # 13620 # 1 # ID=86_14;partial=00;start_type=ATG;rbs_motif=GGA/GAG/AGG;rbs_spacer=5-10bp;gc_cont=0.539
NODE_10_length_140278_cov_43.717628_72  -            479 37262at72274         -            196   3.9e-16   57.6   0.0   1   1   1.1e-17   6.8e-16   56.8   0.0     2   109     8   119     7   131 0.87 # 83555 # 84991 # 1 # ID=10_72;partial=00;start_type=ATG;rbs_motif=AGGAG;rbs_spacer=5-10bp;gc_cont=0.634
NODE_109_length_8465_cov_46.036029_7    -            466 37262at72274         -            196     2e-15   55.3   0.2   1   1   5.6e-17   3.4e-15   54.5   0.2     1   115     5   124     5   144 0.85 # 6955 # 8352 # 1 # ID=109_7;partial=00;start_type=ATG;rbs_motif=GGAG/GAGG;rbs_spacer=5-10bp;gc_cont=0.628
NODE_8_length_160420_cov_42.382234_2    -            573 37262at72274         -            196   7.2e-15   53.4   0.3   1   1     2e-16   1.2e-14   52.7   0.3     1   123    13   141    13   164 0.83 # 485 # 2203 # -1 # ID=8_2;partial=00;start_type=TTG;rbs_motif=None;rbs_spacer=None;gc_cont=0.635
NODE_10_length_140278_cov_43.717628_120 -            462 37262at72274         -            196     1e-14   53.0   0.0   1   1   3.2e-16     2e-14   52.0   0.0     2   125    10   139     9   160 0.84 # 130466 # 131851 # 1 # ID=10_120;partial=00;start_type=ATG;rbs_motif=GGAG/GAGG;rbs_spacer=5-10bp;gc_cont=0.640
NODE_1_length_352372_cov_43.300394_120  -           1947 37262at72274         -            196   1.8e-14   52.2   1.7   1   1   4.2e-16   2.5e-14   51.7   0.3     1   103  1827  1935  1827  1941 0.90 # 120208 # 126048 # 1 # ID=1_120;partial=00;start_type=ATG;rbs_motif=GGAG/GAGG;rbs_spacer=5-10bp;gc_cont=0.638
NODE_118_length_5180_cov_46.806244_5    -            202 37262at72274         -            196   4.2e-14   50.9   0.1   1   1   2.2e-15   1.3e-13   49.3   0.1     2   138     9   150     8   193 0.77 # 4466 # 5071 # 1 # ID=118_5;partial=00;start_type=ATG;rbs_motif=None;rbs_spacer=None;gc_cont=0.607
NODE_8_length_160420_cov_42.382234_10   -            461 37262at72274         -            196   9.2e-14   49.8   0.0   1   1   2.6e-15   1.6e-13   49.1   0.0     1   105     5   113     5   145 0.88 # 8435 # 9817 # -1 # ID=8_10;partial=00;start_type=ATG;rbs_motif=GGAG/GAGG;rbs_spacer=5-10bp;gc_cont=0.652
NODE_3_length_212343_cov_42.826340_68   -            925 37262at72274         -            196     1e-13   49.7   0.3   1   3       7.2   4.4e+02   -1.3   0.0    86   127   430   472   427   481 0.81 # 68802 # 71576 # 1 # ID=3_68;partial=00;start_type=GTG;rbs_motif=GGA/GAG/AGG;rbs_spacer=5-10bp;gc_cont=0.624
NODE_3_length_212343_cov_42.826340_68   -            925 37262at72274         -            196     1e-13   49.7   0.3   2   3   4.3e-08   2.6e-06   25.5   0.0     1   106   644   761   644   796 0.73 # 68802 # 71576 # 1 # ID=3_68;partial=00;start_type=GTG;rbs_motif=GGA/GAG/AGG;rbs_spacer=5-10bp;gc_cont=0.624
NODE_3_length_212343_cov_42.826340_68   -            925 37262at72274         -            196     1e-13   49.7   0.3   3   3   9.7e-07   5.9e-05   21.1   0.0     1   103   794   908   794   918 0.74 # 68802 # 71576 # 1 # ID=3_68;partial=00;start_type=GTG;rbs_motif=GGA/GAG/AGG;rbs_spacer=5-10bp;gc_cont=0.624
NODE_2_length_234130_cov_42.625966_97   -            394 37262at72274         -            196   2.2e-13   48.6   0.1   1   1     5e-15     3e-13   48.2   0.1     1   125     8   132     8   158 0.82 # 117067 # 118248 # 1 # ID=2_97;partial=00;start_type=ATG;rbs_motif=None;rbs_spacer=None;gc_cont=0.596
NODE_66_length_31151_cov_43.664973_24   -            334 37262at72274         -            196   2.4e-13   48.5   0.1   1   1   5.7e-15   3.4e-13   48.0   0.1     1   109    18   133    18   162 0.87 # 22537 # 23538 # -1 # ID=66_24;partial=00;start_type=ATG;rbs_motif=GGA/GAG/AGG;rbs_spacer=5-10bp;gc_cont=0.618
NODE_3_length_212343_cov_42.826340_40   -            263 37262at72274         -            196   5.6e-13   47.3   0.1   1   1   1.3e-14     8e-13   46.8   0.1     1   108    10   125    10   156 0.80 # 38122 # 38910 # -1 # ID=3_40;partial=00;start_type=GTG;rbs_motif=GGAG/GAGG;rbs_spacer=5-10bp;gc_cont=0.574
NODE_32_length_72113_cov_43.969136_9    -            249 37262at72274         -            196     7e-13   47.0   0.0   1   1   1.7e-14     1e-12   46.4   0.0     1   121     3   128     3   134 0.88 # 7309 # 8055 # -1 # ID=32_9;partial=00;start_type=ATG;rbs_motif=AGGA/GGAG/GAGG;rbs_spacer=11-12bp;gc_cont=0.612
NODE_87_length_17124_cov_44.864960_10   -           1129 37262at72274         -            196   1.2e-12   46.2   0.0   1   1   4.8e-14   2.9e-12   44.9   0.0     1   110   923  1037   923  1053 0.87 # 8406 # 11792 # -1 # ID=87_10;partial=00;start_type=GTG;rbs_motif=GGAG/GAGG;rbs_spacer=5-10bp;gc_cont=0.634
NODE_27_length_88680_cov_41.567210_74   -            209 37262at72274         -            196   1.6e-12   45.8   0.0   1   1     4e-14   2.4e-12   45.2   0.0     1   111     4   119     4   194 0.91 # 71817 # 72443 # 1 # ID=27_74;partial=00;start_type=ATG;rbs_motif=GGA/GAG/AGG;rbs_spacer=5-10bp;gc_cont=0.477
NODE_6_length_186800_cov_43.969648_150  -            449 37262at72274         -            196   2.8e-12   45.0   0.1   1   1     1e-13   6.3e-12   43.8   0.1     1   102    11   116    11   139 0.86 # 156908 # 158254 # -1 # ID=6_150;partial=00;start_type=ATG;rbs_motif=GGAG/GAGG;rbs_spacer=5-10bp;gc_cont=0.613
NODE_1_length_352372_cov_43.300394_174  -            704 37262at72274         -            196   3.6e-12   44.7   0.1   1   1   1.5e-13   8.8e-12   43.4   0.0     2   125    16   148    14   159 0.75 # 174404 # 176515 # 1 # ID=1_174;partial=00;start_type=ATG;rbs_motif=GGA/GAG/AGG;rbs_spacer=5-10bp;gc_cont=0.630
NODE_58_length_38741_cov_46.472729_28   -            211 37262at72274         -            196   7.4e-12   43.6   0.0   1   1   1.4e-13   8.4e-12   43.5   0.0     1   111     4   121     4   181 0.89 # 28122 # 28754 # 1 # ID=58_28;partial=00;start_type=ATG;rbs_motif=GGA/GAG/AGG;rbs_spacer=5-10bp;gc_cont=0.572
NODE_36_length_67201_cov_42.906889_50   -           1063 37262at72274         -            196   1.5e-11   42.6   0.1   1   1   6.9e-13   4.1e-11   41.2   0.0     1   118   844   964   844   980 0.81 # 44333 # 47521 # 1 # ID=36_50;partial=00;start_type=ATG;rbs_motif=GGA/GAG/AGG;rbs_spacer=5-10bp;gc_cont=0.627
NODE_66_length_31151_cov_43.664973_26   -            764 37262at72274         -            196   1.8e-11   42.4   0.3   1   1   6.4e-13   3.9e-11   41.3   0.3     1    96   642   743   642   757 0.87 # 24597 # 26888 # -1 # ID=66_26;partial=00;start_type=ATG;rbs_motif=GGAG/GAGG;rbs_spacer=5-10bp;gc_cont=0.638
NODE_11_length_139104_cov_53.491280_89  -            479 37262at72274         -            196   1.9e-11   42.3   0.0   1   1   5.7e-13   3.5e-11   41.4   0.0     1   112     4   115     4   122 0.90 # 114937 # 116373 # -1 # ID=11_89;partial=00;start_type=ATG;rbs_motif=GGA/GAG/AGG;rbs_spacer=5-10bp;gc_cont=0.608
NODE_8_length_160420_cov_42.382234_126  -            918 37262at72274         -            196   2.8e-11   41.8   0.1   1   2         2   1.2e+02    0.5   0.0    96   132   327   363   318   373 0.81 # 122252 # 125005 # 1 # ID=8_126;partial=00;start_type=GTG;rbs_motif=AGGAG;rbs_spacer=5-10bp;gc_cont=0.634
NODE_8_length_160420_cov_42.382234_126  -            918 37262at72274         -            196   2.8e-11   41.8   0.1   2   2   4.9e-12     3e-10   38.4   0.1     1   103   669   780   669   791 0.80 # 122252 # 125005 # 1 # ID=8_126;partial=00;start_type=GTG;rbs_motif=AGGAG;rbs_spacer=5-10bp;gc_cont=0.634
NODE_58_length_38741_cov_46.472729_3    -            447 37262at72274         -            196   3.4e-11   41.5   0.0   1   1   9.3e-13   5.6e-11   40.7   0.0     1   110    11   124    11   144 0.84 # 472 # 1812 # -1 # ID=58_3;partial=00;start_type=ATG;rbs_motif=GGA/GAG/AGG;rbs_spacer=5-10bp;gc_cont=0.623
NODE_30_length_78558_cov_43.218259_9    -            121 37262at72274         -            196   5.9e-11   40.7   0.2   1   1   1.1e-12   6.7e-11   40.5   0.2     1    74     4    83     4   118 0.78 # 6424 # 6786 # -1 # ID=30_9;partial=00;start_type=ATG;rbs_motif=3Base/5BMM;rbs_spacer=13-15bp;gc_cont=0.477
NODE_248_length_211_cov_0.788462_1      -             70 37262at72274         -            196   7.8e-11   40.3   0.0   1   1   1.3e-12   7.9e-11   40.3   0.0    79   117     4    42     1    67 0.75 # 1 # 210 # -1 # ID=248_1;partial=11;start_type=Edge;rbs_motif=None;rbs_spacer=None;gc_cont=0.590
NODE_57_length_41705_cov_40.836927_10   -            120 37262at72274         -            196   8.5e-11   40.2   0.4   1   1   1.6e-12   9.7e-11   40.0   0.4     1   110     8   118     8   119 0.80 # 12341 # 12700 # 1 # ID=57_10;partial=00;start_type=ATG;rbs_motif=GGA/GAG/AGG;rbs_spacer=5-10bp;gc_cont=0.564
NODE_105_length_9225_cov_45.535333_6    -            634 37262at72274         -            196   9.8e-11   40.0   0.0   1   1   2.9e-12   1.8e-10   39.1   0.0     1   102   517   624   517   631 0.87 # 5175 # 7076 # 1 # ID=105_6;partial=00;start_type=ATG;rbs_motif=AGGAG;rbs_spacer=5-10bp;gc_cont=0.612
NODE_21_length_98802_cov_44.897283_76   -            121 37262at72274         -            196   1.5e-10   39.4   0.2   1   1   2.7e-12   1.6e-10   39.2   0.2     1   109     4   116     4   120 0.72 # 77264 # 77626 # 1 # ID=21_76;partial=00;start_type=ATG;rbs_motif=None;rbs_spacer=None;gc_cont=0.556
NODE_13_length_119673_cov_43.134946_8   -            209 37262at72274         -            196   3.2e-10   38.3   0.1   1   1   6.9e-12   4.2e-10   37.9   0.1     2   183     5   190     4   198 0.80 # 8076 # 8702 # 1 # ID=13_8;partial=00;start_type=ATG;rbs_motif=AGGAGG;rbs_spacer=3-4bp;gc_cont=0.558
NODE_57_length_41705_cov_40.836927_4    -            557 37262at72274         -            196   3.6e-10   38.1   0.1   1   3     0.005      0.31    9.0   0.0    18   123    28   144    21   172 0.65 # 3831 # 5501 # 1 # ID=57_4;partial=00;start_type=ATG;rbs_motif=AGGA;rbs_spacer=5-10bp;gc_cont=0.607
NODE_57_length_41705_cov_40.836927_4    -            557 37262at72274         -            196   3.6e-10   38.1   0.1   2   3       8.3     5e+02   -1.5   0.0   101   125   239   263   218   293 0.60 # 3831 # 5501 # 1 # ID=57_4;partial=00;start_type=ATG;rbs_motif=AGGA;rbs_spacer=5-10bp;gc_cont=0.607
NODE_57_length_41705_cov_40.836927_4    -            557 37262at72274         -            196   3.6e-10   38.1   0.1   3   3   3.2e-08   1.9e-06   25.9   0.0     1   109   440   553   440   556 0.81 # 3831 # 5501 # 1 # ID=57_4;partial=00;start_type=ATG;rbs_motif=AGGA;rbs_spacer=5-10bp;gc_cont=0.607
NODE_57_length_41705_cov_40.836927_6    -            402 37262at72274         -            196   4.6e-10   37.8   0.1   1   1   1.4e-11   8.5e-10   36.9   0.1    11   108    23   123     9   164 0.77 # 5976 # 7181 # -1 # ID=57_6;partial=00;start_type=ATG;rbs_motif=GGA/GAG/AGG;rbs_spacer=5-10bp;gc_cont=0.606
NODE_27_length_88680_cov_41.567210_78   -            775 37262at72274         -            196   6.9e-10   37.2   0.0   1   1   2.8e-11   1.7e-09   35.9   0.0     1   105   653   763   653   768 0.83 # 77652 # 79976 # 1 # ID=27_78;partial=00;start_type=GTG;rbs_motif=AGGA;rbs_spacer=5-10bp;gc_cont=0.615
NODE_13_length_119673_cov_43.134946_9   -           1198 37262at72274         -            196   9.1e-10   36.8   0.0   1   1   5.9e-11   3.6e-09   34.9   0.0     1   107   956  1071   956  1076 0.86 # 8703 # 12296 # 1 # ID=13_9;partial=00;start_type=ATG;rbs_motif=None;rbs_spacer=None;gc_cont=0.617
NODE_41_length_61612_cov_42.304709_17   -            403 37262at72274         -            196   9.3e-10   36.8   0.0   1   1   2.5e-11   1.5e-09   36.1   0.0    25   110    41   129    12   138 0.85 # 29489 # 30697 # 1 # ID=41_17;partial=00;start_type=ATG;rbs_motif=GGAG/GAGG;rbs_spacer=5-10bp;gc_cont=0.647
NODE_7_length_179149_cov_44.188672_18   -            221 37262at72274         -            196   2.4e-09   35.4   0.0   1   1   4.6e-11   2.8e-09   35.2   0.0     2   113    17   133    16   207 0.82 # 22212 # 22874 # -1 # ID=7_18;partial=00;start_type=ATG;rbs_motif=GGA/GAG/AGG;rbs_spacer=5-10bp;gc_cont=0.570
NODE_54_length_48488_cov_43.938472_26   -            274 37262at72274         -            196   3.1e-09   35.1   0.0   1   1   8.5e-11   5.2e-09   34.3   0.0     1   103    30   141    30   150 0.84 # 27546 # 28367 # 1 # ID=54_26;partial=00;start_type=ATG;rbs_motif=GGAG/GAGG;rbs_spacer=5-10bp;gc_cont=0.613
NODE_56_length_46114_cov_46.212184_20   -            846 37262at72274         -            196   4.4e-09   34.6   0.0   1   2       7.6   4.6e+02   -1.4   0.0    95   114   542   561   538   606 0.79 # 15424 # 17961 # -1 # ID=56_20;partial=00;start_type=ATG;rbs_motif=GGA/GAG/AGG;rbs_spacer=5-10bp;gc_cont=0.638
NODE_56_length_46114_cov_46.212184_20   -            846 37262at72274         -            196   4.4e-09   34.6   0.0   2   2   3.3e-10     2e-08   32.4   0.1     1   110   727   841   727   844 0.88 # 15424 # 17961 # -1 # ID=56_20;partial=00;start_type=ATG;rbs_motif=GGA/GAG/AGG;rbs_spacer=5-10bp;gc_cont=0.638
NODE_4_length_205573_cov_43.972436_156  -            187 37262at72274         -            196   8.5e-09   33.6   0.1   1   1   2.1e-10   1.2e-08   33.1   0.0     1   106    15   124    15   160 0.81 # 166791 # 167351 # -1 # ID=4_156;partial=00;start_type=ATG;rbs_motif=AGGAG;rbs_spacer=5-10bp;gc_cont=0.654
NODE_3_length_212343_cov_42.826340_30   -            136 37262at72274         -            196   9.2e-09   33.5   0.1   1   1   1.7e-10     1e-08   33.3   0.1     1   107    11   124    11   133 0.83 # 29697 # 30104 # -1 # ID=3_30;partial=00;start_type=ATG;rbs_motif=GGA/GAG/AGG;rbs_spacer=5-10bp;gc_cont=0.569
NODE_15_length_113069_cov_45.201338_77  -           1194 37262at72274         -            196   3.9e-08   31.5   0.3   1   2         2   1.2e+02    0.5   0.0    98   132   754   788   744   803 0.85 # 85796 # 89377 # 1 # ID=15_77;partial=00;start_type=GTG;rbs_motif=AGGA;rbs_spacer=5-10bp;gc_cont=0.620
NODE_15_length_113069_cov_45.201338_77  -           1194 37262at72274         -            196   3.9e-08   31.5   0.3   2   2   6.5e-09   3.9e-07   28.2   0.1     1   105   960  1072   960  1131 0.79 # 85796 # 89377 # 1 # ID=15_77;partial=00;start_type=GTG;rbs_motif=AGGA;rbs_spacer=5-10bp;gc_cont=0.620
NODE_7_length_179149_cov_44.188672_7    -            570 37262at72274         -            196   4.3e-08   31.3   0.0   1   1   1.1e-09   6.9e-08   30.7   0.0     1   112   449   566   449   569 0.77 # 5910 # 7619 # -1 # ID=7_7;partial=00;start_type=ATG;rbs_motif=GGA/GAG/AGG;rbs_spacer=5-10bp;gc_cont=0.630
NODE_1_length_352372_cov_43.300394_302  -            210 37262at72274         -            196   4.4e-08   31.3   0.1   1   1   9.3e-10   5.6e-08   31.0   0.1     2   183     5   191     4   201 0.69 # 325083 # 325712 # 1 # ID=1_302;partial=00;start_type=GTG;rbs_motif=GGAG/GAGG;rbs_spacer=5-10bp;gc_cont=0.622
NODE_1_length_352372_cov_43.300394_240  -            179 37262at72274         -            196   7.8e-08   30.5   0.4   1   1   1.6e-09     1e-07   30.2   0.4     1   107    29   141    29   148 0.83 # 251711 # 252247 # 1 # ID=1_240;partial=00;start_type=ATG;rbs_motif=GGA/GAG/AGG;rbs_spacer=5-10bp;gc_cont=0.570
NODE_36_length_67201_cov_42.906889_48   -            937 37262at72274         -            196   1.2e-07   29.9   0.0   1   1   6.9e-09   4.2e-07   28.1   0.0     2   106   817   925   816   932 0.83 # 40258 # 43068 # 1 # ID=36_48;partial=00;start_type=ATG;rbs_motif=None;rbs_spacer=None;gc_cont=0.603
NODE_60_length_38038_cov_42.289050_8    -            195 37262at72274         -            196   1.6e-07   29.5   0.0   1   1   3.6e-09   2.2e-07   29.1   0.0    35   110    24   100     3   119 0.83 # 10977 # 11561 # -1 # ID=60_8;partial=00;start_type=ATG;rbs_motif=GGA/GAG/AGG;rbs_spacer=5-10bp;gc_cont=0.578
NODE_86_length_17213_cov_43.079904_17   -            167 37262at72274         -            196   1.6e-07   29.5   0.0   1   1   3.1e-09   1.8e-07   29.3   0.0     2    98     6   109     5   131 0.76 # 16711 # 17211 # 1 # ID=86_17;partial=01;start_type=ATG;rbs_motif=GGAG/GAGG;rbs_spacer=5-10bp;gc_cont=0.627
NODE_95_length_12649_cov_43.952993_5    -            220 37262at72274         -            196   3.4e-07   28.4   0.0   1   1   9.5e-09   5.8e-07   27.7   0.0     2   108     6   118     5   130 0.82 # 4943 # 5602 # -1 # ID=95_5;partial=00;start_type=GTG;rbs_motif=GGA/GAG/AGG;rbs_spacer=5-10bp;gc_cont=0.615
NODE_34_length_70545_cov_43.776876_41   -            222 37262at72274         -            196   8.2e-07   27.2   0.1   1   1     3e-08   1.8e-06   26.1   0.0     1   107     4   117     4   135 0.76 # 65479 # 66144 # -1 # ID=34_41;partial=00;start_type=ATG;rbs_motif=GGA/GAG/AGG;rbs_spacer=5-10bp;gc_cont=0.598
NODE_42_length_60120_cov_44.104537_41   -            449 37262at72274         -            196   4.2e-06   24.8   0.9   1   1   1.1e-07   6.6e-06   24.2   0.9     1   128    15   147    15   194 0.81 # 49519 # 50865 # 1 # ID=42_41;partial=00;start_type=ATG;rbs_motif=AGGAG;rbs_spacer=5-10bp;gc_cont=0.610
NODE_27_length_88680_cov_41.567210_75   -           1211 37262at72274         -            196   4.4e-06   24.8   0.0   1   1   2.6e-07   1.6e-05   23.0   0.0     1   107   970  1085   970  1104 0.83 # 72452 # 76084 # 1 # ID=27_75;partial=00;start_type=ATG;rbs_motif=GGA/GAG/AGG;rbs_spacer=5-10bp;gc_cont=0.594
NODE_37_length_65238_cov_44.961923_40   -            217 37262at72274         -            196   6.2e-06   24.3   0.0   1   1   1.6e-07   9.5e-06   23.7   0.0     2   111     7   124     6   203 0.72 # 29018 # 29668 # 1 # ID=37_40;partial=00;start_type=ATG;rbs_motif=AGGA/GGAG/GAGG;rbs_spacer=11-12bp;gc_cont=0.604
NODE_2_length_234130_cov_42.625966_1    -            192 37262at72274         -            196   1.6e-05   22.9   0.6   1   1   3.1e-07   1.9e-05   22.7   0.6     1   136     4   144     4   179 0.77 # 103 # 678 # -1 # ID=2_1;partial=00;start_type=ATG;rbs_motif=AGGAG;rbs_spacer=5-10bp;gc_cont=0.592
NODE_5_length_205536_cov_43.475207_138  -            559 37262at72274         -            196   1.7e-05   22.9   0.0   1   1   6.2e-07   3.8e-05   21.7   0.0     1   101   443   546   443   557 0.73 # 127487 # 129163 # -1 # ID=5_138;partial=00;start_type=ATG;rbs_motif=GGA/GAG/AGG;rbs_spacer=5-10bp;gc_cont=0.627
NODE_23_length_96875_cov_43.769438_80   -            674 37262at72274         -            196   6.7e-05   20.9   0.0   1   1   2.1e-06   0.00013   20.0   0.0     1   111   548   664   548   672 0.86 # 90223 # 92244 # -1 # ID=23_80;partial=00;start_type=ATG;rbs_motif=None;rbs_spacer=None;gc_cont=0.621
NODE_57_length_41705_cov_40.836927_5    -            126 37262at72274         -            196   7.1e-05   20.8   0.0   1   1   1.2e-06   7.5e-05   20.8   0.0     1    79     9    93     9   125 0.74 # 5532 # 5909 # -1 # ID=57_5;partial=00;start_type=ATG;rbs_motif=GGA/GAG/AGG;rbs_spacer=5-10bp;gc_cont=0.563
NODE_60_length_38038_cov_42.289050_4    -            806 37262at72274         -            196   7.8e-05   20.7   0.0   1   1   2.3e-06   0.00014   19.9   0.0     1    98   571   677   571   686 0.78 # 5384 # 7801 # 1 # ID=60_4;partial=00;start_type=ATG;rbs_motif=GGA/GAG/AGG;rbs_spacer=5-10bp;gc_cont=0.588
NODE_66_length_31151_cov_43.664973_25   -            337 37262at72274         -            196   0.00038   18.5   0.1   1   1   8.5e-06   0.00051   18.0   0.1    25    93    32   102     3   138 0.69 # 23590 # 24600 # -1 # ID=66_25;partial=00;start_type=ATG;rbs_motif=GGAGG;rbs_spacer=5-10bp;gc_cont=0.644
NODE_8_length_160420_cov_42.382234_154  -            311 37262at72274         -            196   0.00061   17.8   0.3   1   1   2.2e-05    0.0013   16.7   0.3     1   107   181   301   181   308 0.78 # 151330 # 152262 # -1 # ID=8_154;partial=00;start_type=ATG;rbs_motif=AGGAG;rbs_spacer=5-10bp;gc_cont=0.584
NODE_60_length_38038_cov_42.289050_3    -            220 37262at72274         -            196    0.0025   15.8   0.0   1   1   5.7e-05    0.0034   15.3   0.0     2   110     7   123     6   139 0.76 # 4722 # 5381 # 1 # ID=60_3;partial=00;start_type=ATG;rbs_motif=3Base/5BMM;rbs_spacer=13-15bp;gc_cont=0.564
NODE_2_length_234130_cov_42.625966_4    -            122 37262at72274         -            196     0.008   14.1   0.0   1   1   0.00016    0.0095   13.9   0.0   131   194    34   102    20   104 0.79 # 3765 # 4130 # 1 # ID=2_4;partial=00;start_type=ATG;rbs_motif=GGAG/GAGG;rbs_spacer=5-10bp;gc_cont=0.593
NODE_13_length_119673_cov_43.134946_41  -            649 37262at72274         -            196     0.027   12.4   0.0   1   1   0.00078     0.047   11.6   0.0     1    72   530   606   530   644 0.83 # 53515 # 55461 # 1 # ID=13_41;partial=00;start_type=ATG;rbs_motif=GGA/GAG/AGG;rbs_spacer=5-10bp;gc_cont=0.590
NODE_50_length_52400_cov_41.716649_21   -            486 37262at72274         -            196     0.029   12.3   0.0   1   1   0.00095     0.058   11.3   0.0   137   192    29    83    14    87 0.84 # 25639 # 27096 # -1 # ID=50_21;partial=00;start_type=GTG;rbs_motif=GGA/GAG/AGG;rbs_spacer=5-10bp;gc_cont=0.659
NODE_101_length_10426_cov_41.163919_1   -            149 37262at72274         -            196     0.035   12.0   0.0   1   1   0.00073     0.044   11.7   0.0   132   194    39   107    28   109 0.82 # 60 # 506 # -1 # ID=101_1;partial=00;start_type=ATG;rbs_motif=GGA/GAG/AGG;rbs_spacer=5-10bp;gc_cont=0.584
NODE_36_length_67201_cov_42.906889_49   -            399 37262at72274         -            196     0.041   11.8   0.1   1   1    0.0011     0.066   11.2   0.1     1    68     6    77     6   132 0.62 # 43055 # 44251 # 1 # ID=36_49;partial=00;start_type=ATG;rbs_motif=GGA/GAG/AGG;rbs_spacer=5-10bp;gc_cont=0.601
#
# Program:         hmmsearch
# Version:         3.1b2 (February 2015)
# Pipeline mode:   SEARCH
# Query file:      /data2/PEG/hoaxaca/REAA/Pseudomonas/bin/busco_downloads/lineages/pseudomonadales_odb10/hmms/37262at72274.hmm
# Target file:     /data2/PEG/hoaxaca/REAA/Pseudomonas/bin/../out/busco/trim_75clip.spades_def/prodigal_output/predicted_genes/predicted.faa
# Option settings: hmmsearch --domtblout /data2/PEG/hoaxaca/REAA/Pseudomonas/bin/../out/busco/trim_75clip.spades_def/run_pseudomonadales_odb10/hmmer_output/37262at72274.out --cpu 1 /data2/PEG/hoaxaca/REAA/Pseudomonas/bin/busco_downloads/lineages/pseudomonadales_odb10/hmms/37262at72274.hmm /data2/PEG/hoaxaca/REAA/Pseudomonas/bin/../out/busco/trim_75clip.spades_def/prodigal_output/predicted_genes/predicted.faa 
# Current dir:     /data2/PEG/hoaxaca/REAA/Pseudomonas/bin
# Date:            Mon Feb 20 00:32:21 2023
# [ok]
