#                                                                                              --- full sequence --- -------------- this domain -------------   hmm coord   ali coord   env coord
# target name                          accession   tlen query name           accession   qlen   E-value  score  bias   #  of  c-Evalue  i-Evalue  score  bias  from    to  from    to  from    to  acc description of target
#                  ------------------- ---------- ----- -------------------- ---------- ----- --------- ------ ----- --- --- --------- --------- ------ ----- ----- ----- ----- ----- ----- ----- ---- ---------------------
NODE_10_length_140278_cov_43.717628_87 -            213 43102at72274         -            162     1e-75  251.6   2.1   1   2   3.6e-65   3.8e-62  207.5   0.4     1   132     3   159     3   165 0.91 # 97075 # 97713 # -1 # ID=10_87;partial=00;start_type=ATG;rbs_motif=GGA/GAG/AGG;rbs_spacer=5-10bp;gc_cont=0.635
NODE_10_length_140278_cov_43.717628_87 -            213 43102at72274         -            162     1e-75  251.6   2.1   2   2     1e-14   1.1e-11   43.4   0.1   131   162   175   209   169   209 0.85 # 97075 # 97713 # -1 # ID=10_87;partial=00;start_type=ATG;rbs_motif=GGA/GAG/AGG;rbs_spacer=5-10bp;gc_cont=0.635
NODE_35_length_68898_cov_43.150153_20  -            544 43102at72274         -            162   0.00022   19.7   0.8   1   3      0.65   6.9e+02   -1.4   0.1    35    69   120   153   109   159 0.81 # 19817 # 21448 # -1 # ID=35_20;partial=00;start_type=ATG;rbs_motif=GGA/GAG/AGG;rbs_spacer=5-10bp;gc_cont=0.604
NODE_35_length_68898_cov_43.150153_20  -            544 43102at72274         -            162   0.00022   19.7   0.8   2   3   2.1e-06    0.0022   16.4   0.0    18    78   323   384   310   397 0.77 # 19817 # 21448 # -1 # ID=35_20;partial=00;start_type=ATG;rbs_motif=GGA/GAG/AGG;rbs_spacer=5-10bp;gc_cont=0.604
NODE_35_length_68898_cov_43.150153_20  -            544 43102at72274         -            162   0.00022   19.7   0.8   3   3      0.24   2.6e+02   -0.0   0.0   138   159   509   532   507   535 0.70 # 19817 # 21448 # -1 # ID=35_20;partial=00;start_type=ATG;rbs_motif=GGA/GAG/AGG;rbs_spacer=5-10bp;gc_cont=0.604
NODE_59_length_38646_cov_42.936410_29  -            198 43102at72274         -            162   0.00043   18.7   0.0   1   2   9.3e-05       0.1   11.1   0.0    43    78    53    86     2   107 0.81 # 31889 # 32482 # 1 # ID=59_29;partial=00;start_type=ATG;rbs_motif=AGGAG;rbs_spacer=5-10bp;gc_cont=0.534
NODE_59_length_38646_cov_42.936410_29  -            198 43102at72274         -            162   0.00043   18.7   0.0   2   2    0.0038       4.1    5.8   0.0   139   160   167   189   158   191 0.83 # 31889 # 32482 # 1 # ID=59_29;partial=00;start_type=ATG;rbs_motif=AGGAG;rbs_spacer=5-10bp;gc_cont=0.534
NODE_1_length_352372_cov_43.300394_312 -            198 43102at72274         -            162   0.00048   18.6   0.2   1   2    0.0006      0.64    8.4   0.0    38    92    45    98     2   113 0.62 # 337246 # 337839 # 1 # ID=1_312;partial=00;start_type=ATG;rbs_motif=AGGA/GGAG/GAGG;rbs_spacer=11-12bp;gc_cont=0.609
NODE_1_length_352372_cov_43.300394_312 -            198 43102at72274         -            162   0.00048   18.6   0.2   2   2   0.00061      0.65    8.4   0.1   134   160   164   191   160   193 0.83 # 337246 # 337839 # 1 # ID=1_312;partial=00;start_type=ATG;rbs_motif=AGGA/GGAG/GAGG;rbs_spacer=11-12bp;gc_cont=0.609
NODE_15_length_113069_cov_45.201338_39 -            526 43102at72274         -            162    0.0043   15.5   0.0   1   2    0.0016       1.8    7.0   0.0    66    81    80    95    10   108 0.89 # 39587 # 41164 # 1 # ID=15_39;partial=00;start_type=ATG;rbs_motif=GGA/GAG/AGG;rbs_spacer=5-10bp;gc_cont=0.617
NODE_15_length_113069_cov_45.201338_39 -            526 43102at72274         -            162    0.0043   15.5   0.0   2   2    0.0033       3.5    6.0   0.0   137   159   175   198   167   200 0.80 # 39587 # 41164 # 1 # ID=15_39;partial=00;start_type=ATG;rbs_motif=GGA/GAG/AGG;rbs_spacer=5-10bp;gc_cont=0.617
NODE_19_length_101432_cov_42.268157_97 -            484 43102at72274         -            162     0.042   12.3   0.0   1   1   7.6e-05     0.081   11.3   0.0    32    83   283   340   274   347 0.81 # 99879 # 101330 # 1 # ID=19_97;partial=00;start_type=ATG;rbs_motif=GGA/GAG/AGG;rbs_spacer=5-10bp;gc_cont=0.614
#
# Program:         hmmsearch
# Version:         3.1b2 (February 2015)
# Pipeline mode:   SEARCH
# Query file:      /data2/PEG/hoaxaca/REAA/Pseudomonas/bin/busco_downloads/lineages/pseudomonadales_odb10/hmms/43102at72274.hmm
# Target file:     /data2/PEG/hoaxaca/REAA/Pseudomonas/bin/../out/busco/trim_75clip.spades_def/prodigal_output/predicted_genes/predicted.faa
# Option settings: hmmsearch --domtblout /data2/PEG/hoaxaca/REAA/Pseudomonas/bin/../out/busco/trim_75clip.spades_def/run_pseudomonadales_odb10/hmmer_output/43102at72274.out --cpu 1 /data2/PEG/hoaxaca/REAA/Pseudomonas/bin/busco_downloads/lineages/pseudomonadales_odb10/hmms/43102at72274.hmm /data2/PEG/hoaxaca/REAA/Pseudomonas/bin/../out/busco/trim_75clip.spades_def/prodigal_output/predicted_genes/predicted.faa 
# Current dir:     /data2/PEG/hoaxaca/REAA/Pseudomonas/bin
# Date:            Mon Feb 20 00:32:27 2023
# [ok]
