#                                                                                              --- full sequence --- -------------- this domain -------------   hmm coord   ali coord   env coord
# target name                          accession   tlen query name           accession   qlen   E-value  score  bias   #  of  c-Evalue  i-Evalue  score  bias  from    to  from    to  from    to  acc description of target
#                  ------------------- ---------- ----- -------------------- ---------- ----- --------- ------ ----- --- --- --------- --------- ------ ----- ----- ----- ----- ----- ----- ----- ---- ---------------------
NODE_4_length_205573_cov_43.972436_142 -            206 43900at72274         -            173   1.6e-77  257.8   0.0   1   1   3.5e-80   1.9e-77  257.6   0.0     2   173     6   198     5   198 0.91 # 152675 # 153292 # -1 # ID=4_142;partial=00;start_type=ATG;rbs_motif=AGGAG;rbs_spacer=5-10bp;gc_cont=0.579
NODE_12_length_120342_cov_44.792762_68 -            211 43900at72274         -            173   1.5e-11   43.0   0.0   1   1   1.3e-13   6.8e-11   40.9   0.0    16   170    26   201     6   204 0.75 # 56665 # 57297 # -1 # ID=12_68;partial=00;start_type=GTG;rbs_motif=AGGAG;rbs_spacer=5-10bp;gc_cont=0.633
NODE_52_length_50388_cov_44.376413_33  -            212 43900at72274         -            173   3.3e-08   32.1   0.0   1   1   6.1e-10   3.2e-07   28.9   0.0     8   149    11   182     2   202 0.76 # 38629 # 39264 # -1 # ID=52_33;partial=00;start_type=ATG;rbs_motif=GGAG/GAGG;rbs_spacer=5-10bp;gc_cont=0.618
NODE_62_length_36136_cov_43.904077_32  -            208 43900at72274         -            173     6e-08   31.3   0.0   1   1   3.1e-09   1.6e-06   26.6   0.0    31   172    45   202    38   203 0.77 # 33523 # 34146 # 1 # ID=62_32;partial=00;start_type=ATG;rbs_motif=None;rbs_spacer=None;gc_cont=0.601
NODE_14_length_115769_cov_42.456539_61 -            211 43900at72274         -            173   1.6e-06   26.6   0.0   1   1   1.9e-08     1e-05   24.0   0.0    30    79    47   100    40   205 0.72 # 57071 # 57703 # 1 # ID=14_61;partial=00;start_type=ATG;rbs_motif=AGGA;rbs_spacer=5-10bp;gc_cont=0.608
NODE_32_length_72113_cov_43.969136_11  -            220 43900at72274         -            173   0.00023   19.6   0.0   1   1   6.9e-07   0.00037   18.9   0.0    10    83    14    97     5   159 0.80 # 10125 # 10784 # -1 # ID=32_11;partial=00;start_type=ATG;rbs_motif=GGAGG;rbs_spacer=5-10bp;gc_cont=0.602
NODE_110_length_8147_cov_42.789669_5   -            207 43900at72274         -            173    0.0012   17.3   0.0   1   1   8.3e-06    0.0044   15.4   0.0     8    67    12    82     6   100 0.72 # 4422 # 5042 # -1 # ID=110_5;partial=00;start_type=ATG;rbs_motif=GGAG/GAGG;rbs_spacer=5-10bp;gc_cont=0.636
NODE_36_length_67201_cov_42.906889_62  -            278 43900at72274         -            173    0.0017   16.8   0.0   1   2   1.5e-05    0.0081   14.6   0.0    32    75    92   141    86   151 0.86 # 59663 # 60496 # -1 # ID=36_62;partial=00;start_type=ATG;rbs_motif=AGGAG;rbs_spacer=5-10bp;gc_cont=0.628
NODE_36_length_67201_cov_42.906889_62  -            278 43900at72274         -            173    0.0017   16.8   0.0   2   2      0.65   3.5e+02   -0.5   0.0   114   168   191   250   173   253 0.68 # 59663 # 60496 # -1 # ID=36_62;partial=00;start_type=ATG;rbs_motif=AGGAG;rbs_spacer=5-10bp;gc_cont=0.628
NODE_27_length_88680_cov_41.567210_32  -            201 43900at72274         -            173    0.0031   15.9   0.0   1   1   4.9e-05     0.026   12.9   0.0    30   134    44   163    10   178 0.66 # 28907 # 29509 # -1 # ID=27_32;partial=00;start_type=ATG;rbs_motif=GGAG/GAGG;rbs_spacer=5-10bp;gc_cont=0.577
NODE_14_length_115769_cov_42.456539_67 -            201 43900at72274         -            173    0.0036   15.7   0.1   1   1   2.8e-05     0.015   13.7   0.1   101   172   126   195    13   196 0.69 # 63113 # 63715 # 1 # ID=14_67;partial=00;start_type=ATG;rbs_motif=GGAG/GAGG;rbs_spacer=5-10bp;gc_cont=0.600
NODE_7_length_179149_cov_44.188672_79  -            198 43900at72274         -            173    0.0086   14.5   0.1   1   1   3.5e-05     0.019   13.4   0.1    12   146    18   167     9   195 0.66 # 80991 # 81584 # 1 # ID=7_79;partial=00;start_type=GTG;rbs_motif=GGAGG;rbs_spacer=3-4bp;gc_cont=0.596
NODE_7_length_179149_cov_44.188672_59  -            233 43900at72274         -            173      0.03   12.7   0.0   1   2   0.00013     0.069   11.5   0.0    26    77    58   117    33   136 0.84 # 60144 # 60842 # -1 # ID=7_59;partial=00;start_type=ATG;rbs_motif=AGGAG;rbs_spacer=5-10bp;gc_cont=0.621
NODE_7_length_179149_cov_44.188672_59  -            233 43900at72274         -            173      0.03   12.7   0.0   2   2       2.8   1.5e+03   -2.6   0.0   119   135   172   188   157   193 0.79 # 60144 # 60842 # -1 # ID=7_59;partial=00;start_type=ATG;rbs_motif=AGGAG;rbs_spacer=5-10bp;gc_cont=0.621
#
# Program:         hmmsearch
# Version:         3.1b2 (February 2015)
# Pipeline mode:   SEARCH
# Query file:      /data2/PEG/hoaxaca/REAA/Pseudomonas/bin/busco_downloads/lineages/pseudomonadales_odb10/hmms/43900at72274.hmm
# Target file:     /data2/PEG/hoaxaca/REAA/Pseudomonas/bin/../out/busco/trim_75clip.spades_def/prodigal_output/predicted_genes/predicted.faa
# Option settings: hmmsearch --domtblout /data2/PEG/hoaxaca/REAA/Pseudomonas/bin/../out/busco/trim_75clip.spades_def/run_pseudomonadales_odb10/hmmer_output/43900at72274.out --cpu 1 /data2/PEG/hoaxaca/REAA/Pseudomonas/bin/busco_downloads/lineages/pseudomonadales_odb10/hmms/43900at72274.hmm /data2/PEG/hoaxaca/REAA/Pseudomonas/bin/../out/busco/trim_75clip.spades_def/prodigal_output/predicted_genes/predicted.faa 
# Current dir:     /data2/PEG/hoaxaca/REAA/Pseudomonas/bin
# Date:            Mon Feb 20 00:32:28 2023
# [ok]
