#                                                                                              --- full sequence --- -------------- this domain -------------   hmm coord   ali coord   env coord
# target name                          accession   tlen query name           accession   qlen   E-value  score  bias   #  of  c-Evalue  i-Evalue  score  bias  from    to  from    to  from    to  acc description of target
#                  ------------------- ---------- ----- -------------------- ---------- ----- --------- ------ ----- --- --- --------- --------- ------ ----- ----- ----- ----- ----- ----- ----- ---- ---------------------
NODE_46_length_54711_cov_41.720342_14  -            227 44589at72274         -            183   9.9e-76  252.1  11.5   1   1   7.1e-78   1.4e-75  251.6  11.5     2   183     9   214     8   214 0.91 # 9471 # 10151 # -1 # ID=46_14;partial=00;start_type=ATG;rbs_motif=GGA/GAG/AGG;rbs_spacer=5-10bp;gc_cont=0.609
NODE_1_length_352372_cov_43.300394_306 -            275 44589at72274         -            183   4.7e-29   99.9  19.7   1   1   4.1e-31   8.2e-29   99.2  19.7     1   182    68   255    68   257 0.89 # 329480 # 330304 # 1 # ID=1_306;partial=00;start_type=ATG;rbs_motif=AGGAG;rbs_spacer=5-10bp;gc_cont=0.627
NODE_41_length_61612_cov_42.304709_23  -            273 44589at72274         -            183   1.2e-28   98.7  13.5   1   2       2.9   5.9e+02   -1.4   0.1    74    99    13    38    11    50 0.56 # 37034 # 37852 # 1 # ID=41_23;partial=00;start_type=ATG;rbs_motif=AGGA;rbs_spacer=5-10bp;gc_cont=0.607
NODE_41_length_61612_cov_42.304709_23  -            273 44589at72274         -            183   1.2e-28   98.7  13.5   2   2   5.8e-31   1.2e-28   98.7  13.5     1   182    56   260    56   261 0.86 # 37034 # 37852 # 1 # ID=41_23;partial=00;start_type=ATG;rbs_motif=AGGA;rbs_spacer=5-10bp;gc_cont=0.607
NODE_41_length_61612_cov_42.304709_24  -            291 44589at72274         -            183   2.3e-26   91.2  13.1   1   1   1.8e-28   3.6e-26   90.6  13.1     1   180    67   269    67   272 0.80 # 37866 # 38738 # 1 # ID=41_24;partial=00;start_type=ATG;rbs_motif=AGGAG;rbs_spacer=5-10bp;gc_cont=0.614
NODE_3_length_212343_cov_42.826340_160 -            522 44589at72274         -            183   8.3e-21   73.1  34.8   1   2   1.5e-15   3.1e-13   48.4  12.2     4   182    68   249    65   250 0.76 # 183394 # 184959 # 1 # ID=3_160;partial=00;start_type=ATG;rbs_motif=None;rbs_spacer=None;gc_cont=0.621
NODE_3_length_212343_cov_42.826340_160 -            522 44589at72274         -            183   8.3e-21   73.1  34.8   2   2   6.9e-10   1.4e-07   30.0  14.6     2   169   321   493   320   508 0.77 # 183394 # 184959 # 1 # ID=3_160;partial=00;start_type=ATG;rbs_motif=None;rbs_spacer=None;gc_cont=0.621
NODE_12_length_120342_cov_44.792762_85 -            265 44589at72274         -            183   1.9e-20   71.9  13.4   1   1   9.5e-23   1.9e-20   71.9  13.4     4   171    61   233    58   251 0.81 # 75726 # 76520 # -1 # ID=12_85;partial=00;start_type=GTG;rbs_motif=GGA/GAG/AGG;rbs_spacer=5-10bp;gc_cont=0.635
NODE_87_length_17124_cov_44.864960_5   -            265 44589at72274         -            183     3e-19   68.0  17.2   1   2       4.2   8.5e+02   -1.9   0.3    37    90    14    27     7    45 0.52 # 3875 # 4669 # -1 # ID=87_5;partial=00;start_type=ATG;rbs_motif=GGAG/GAGG;rbs_spacer=5-10bp;gc_cont=0.623
NODE_87_length_17124_cov_44.864960_5   -            265 44589at72274         -            183     3e-19   68.0  17.2   2   2   1.5e-21     3e-19   68.0  17.2     2   180    60   239    59   249 0.81 # 3875 # 4669 # -1 # ID=87_5;partial=00;start_type=ATG;rbs_motif=GGAG/GAGG;rbs_spacer=5-10bp;gc_cont=0.623
NODE_1_length_352372_cov_43.300394_24  -            307 44589at72274         -            183   3.7e-19   67.7  12.3   1   1     7e-21   1.4e-18   65.8  12.3     4   179    88   284    85   291 0.73 # 25197 # 26117 # 1 # ID=1_24;partial=00;start_type=ATG;rbs_motif=None;rbs_spacer=None;gc_cont=0.570
NODE_12_length_120342_cov_44.792762_86 -            274 44589at72274         -            183   2.5e-18   65.0  16.6   1   1   2.4e-20   4.8e-18   64.1  16.6     3   176    58   251    56   260 0.82 # 76517 # 77338 # -1 # ID=12_86;partial=00;start_type=GTG;rbs_motif=GGAG/GAGG;rbs_spacer=5-10bp;gc_cont=0.653
NODE_1_length_352372_cov_43.300394_62  -            575 44589at72274         -            183   3.6e-17   61.2   9.4   1   3   1.8e-19   3.6e-17   61.2   9.4     6   167    83   254    79   270 0.82 # 63343 # 65067 # 1 # ID=1_62;partial=00;start_type=ATG;rbs_motif=GGA/GAG/AGG;rbs_spacer=11-12bp;gc_cont=0.638
NODE_1_length_352372_cov_43.300394_62  -            575 44589at72274         -            183   3.6e-17   61.2   9.4   2   3       8.7   1.7e+03   -2.9   0.3    13    82   314   327   306   341 0.57 # 63343 # 65067 # 1 # ID=1_62;partial=00;start_type=ATG;rbs_motif=GGA/GAG/AGG;rbs_spacer=11-12bp;gc_cont=0.638
NODE_1_length_352372_cov_43.300394_62  -            575 44589at72274         -            183   3.6e-17   61.2   9.4   3   3    0.0076       1.5    7.0  11.2     3   146   357   513   355   552 0.76 # 63343 # 65067 # 1 # ID=1_62;partial=00;start_type=ATG;rbs_motif=GGA/GAG/AGG;rbs_spacer=11-12bp;gc_cont=0.638
NODE_15_length_113069_cov_45.201338_94 -            310 44589at72274         -            183   3.8e-17   61.1  15.7   1   3   2.8e-05    0.0057   14.9   3.1     3    67    82   152    80   156 0.80 # 106172 # 107101 # -1 # ID=15_94;partial=00;start_type=ATG;rbs_motif=GGAG/GAGG;rbs_spacer=5-10bp;gc_cont=0.617
NODE_15_length_113069_cov_45.201338_94 -            310 44589at72274         -            183   3.8e-17   61.1  15.7   2   3   3.4e-17   6.8e-15   53.8   1.6    56   144   165   258   160   266 0.88 # 106172 # 107101 # -1 # ID=15_94;partial=00;start_type=ATG;rbs_motif=GGAG/GAGG;rbs_spacer=5-10bp;gc_cont=0.617
NODE_15_length_113069_cov_45.201338_94 -            310 44589at72274         -            183   3.8e-17   61.1  15.7   3   3       2.5   5.1e+02   -1.2   0.1    62    93   275   297   256   306 0.53 # 106172 # 107101 # -1 # ID=15_94;partial=00;start_type=ATG;rbs_motif=GGAG/GAGG;rbs_spacer=5-10bp;gc_cont=0.617
NODE_87_length_17124_cov_44.864960_6   -            282 44589at72274         -            183   4.8e-17   60.8  16.7   1   1   4.9e-19   9.8e-17   59.8  16.7     3   180    62   258    60   264 0.82 # 4674 # 5519 # -1 # ID=87_6;partial=00;start_type=ATG;rbs_motif=GGAG/GAGG;rbs_spacer=5-10bp;gc_cont=0.619
NODE_15_length_113069_cov_45.201338_93 -            270 44589at72274         -            183   8.3e-15   53.5  12.9   1   2       1.5     3e+02   -0.4   0.0     5    37     7    39     4    45 0.73 # 105373 # 106182 # -1 # ID=15_93;partial=00;start_type=ATG;rbs_motif=GGxGG;rbs_spacer=5-10bp;gc_cont=0.606
NODE_15_length_113069_cov_45.201338_93 -            270 44589at72274         -            183   8.3e-15   53.5  12.9   2   2   7.5e-17   1.5e-14   52.7  11.4     1   180    62   242    62   250 0.80 # 105373 # 106182 # -1 # ID=15_93;partial=00;start_type=ATG;rbs_motif=GGxGG;rbs_spacer=5-10bp;gc_cont=0.606
NODE_1_length_352372_cov_43.300394_25  -            296 44589at72274         -            183   1.2e-14   53.0  13.9   1   2       5.4   1.1e+03   -2.3   0.4    70    92     6    28     3    36 0.75 # 26114 # 27001 # 1 # ID=1_25;partial=00;start_type=ATG;rbs_motif=GGAGG;rbs_spacer=5-10bp;gc_cont=0.618
NODE_1_length_352372_cov_43.300394_25  -            296 44589at72274         -            183   1.2e-14   53.0  13.9   2   2   5.9e-17   1.2e-14   53.0  13.9     6   165    62   231    57   256 0.72 # 26114 # 27001 # 1 # ID=1_25;partial=00;start_type=ATG;rbs_motif=GGAGG;rbs_spacer=5-10bp;gc_cont=0.618
NODE_40_length_61806_cov_42.990122_8   -            539 44589at72274         -            183   6.1e-13   47.4  28.2   1   2   1.9e-09   3.8e-07   28.5  13.0    18   146    71   216    53   252 0.68 # 5455 # 7071 # -1 # ID=40_8;partial=00;start_type=TTG;rbs_motif=GGA/GAG/AGG;rbs_spacer=5-10bp;gc_cont=0.652
NODE_40_length_61806_cov_42.990122_8   -            539 44589at72274         -            183   6.1e-13   47.4  28.2   2   2   9.4e-09   1.9e-06   26.3   3.5    63   171   400   511   321   523 0.74 # 5455 # 7071 # -1 # ID=40_8;partial=00;start_type=TTG;rbs_motif=GGA/GAG/AGG;rbs_spacer=5-10bp;gc_cont=0.652
NODE_31_length_74897_cov_42.638144_26  -            534 44589at72274         -            183   6.7e-12   44.0  33.6   1   3       2.8   5.6e+02   -1.3   0.5    16    55    46    85    37    87 0.66 # 27655 # 29256 # -1 # ID=31_26;partial=00;start_type=TTG;rbs_motif=GGA/GAG/AGG;rbs_spacer=5-10bp;gc_cont=0.652
NODE_31_length_74897_cov_42.638144_26  -            534 44589at72274         -            183   6.7e-12   44.0  33.6   2   3   4.3e-11   8.6e-09   33.9  11.9     4   145    77   221    74   259 0.81 # 27655 # 29256 # -1 # ID=31_26;partial=00;start_type=TTG;rbs_motif=GGA/GAG/AGG;rbs_spacer=5-10bp;gc_cont=0.652
NODE_31_length_74897_cov_42.638144_26  -            534 44589at72274         -            183   6.7e-12   44.0  33.6   3   3   6.9e-06    0.0014   16.9  11.1     3   176   332   510   330   518 0.77 # 27655 # 29256 # -1 # ID=31_26;partial=00;start_type=TTG;rbs_motif=GGA/GAG/AGG;rbs_spacer=5-10bp;gc_cont=0.652
NODE_113_length_6639_cov_46.619684_3   -            267 44589at72274         -            183   2.9e-10   38.7  16.0   1   1   1.4e-12   2.9e-10   38.7  16.0    22   153    89   225    64   254 0.70 # 1777 # 2577 # -1 # ID=113_3;partial=00;start_type=ATG;rbs_motif=AGGAG;rbs_spacer=5-10bp;gc_cont=0.607
NODE_1_length_352372_cov_43.300394_305 -            411 44589at72274         -            183   1.1e-08   33.5  15.5   1   2       6.9   1.4e+03   -2.6   0.3    10    29    29    48    19    53 0.64 # 328234 # 329466 # 1 # ID=1_305;partial=00;start_type=ATG;rbs_motif=GGAG/GAGG;rbs_spacer=5-10bp;gc_cont=0.626
NODE_1_length_352372_cov_43.300394_305 -            411 44589at72274         -            183   1.1e-08   33.5  15.5   2   2   5.7e-11   1.1e-08   33.5  15.5     3   164   195   374   189   396 0.73 # 328234 # 329466 # 1 # ID=1_305;partial=00;start_type=ATG;rbs_motif=GGAG/GAGG;rbs_spacer=5-10bp;gc_cont=0.626
NODE_13_length_119673_cov_43.134946_93 -            233 44589at72274         -            183   6.1e-08   31.1  13.6   1   2       1.1   2.2e+02   -0.0   0.6    16    55     8    47     2    48 0.68 # 118974 # 119672 # 1 # ID=13_93;partial=01;start_type=GTG;rbs_motif=GGA/GAG/AGG;rbs_spacer=5-10bp;gc_cont=0.658
NODE_13_length_119673_cov_43.134946_93 -            233 44589at72274         -            183   6.1e-08   31.1  13.6   2   2     5e-10     1e-07   30.4  11.1     4   145    39   183    36   221 0.79 # 118974 # 119672 # 1 # ID=13_93;partial=01;start_type=GTG;rbs_motif=GGA/GAG/AGG;rbs_spacer=5-10bp;gc_cont=0.658
NODE_113_length_6639_cov_46.619684_4   -            282 44589at72274         -            183   7.3e-07   27.6   5.7   1   1   1.8e-08   3.6e-06   25.4   5.4     2   164    61   241    60   267 0.66 # 2564 # 3409 # -1 # ID=113_4;partial=00;start_type=GTG;rbs_motif=GGAG/GAGG;rbs_spacer=5-10bp;gc_cont=0.599
NODE_20_length_101354_cov_42.563313_34 -            557 44589at72274         -            183   3.8e-06   25.3   2.4   1   2       4.5     9e+02   -2.0   0.4    10    29   314   333   306   370 0.61 # 44533 # 46203 # 1 # ID=20_34;partial=00;start_type=GTG;rbs_motif=GGA/GAG/AGG;rbs_spacer=5-10bp;gc_cont=0.630
NODE_20_length_101354_cov_42.563313_34 -            557 44589at72274         -            183   3.8e-06   25.3   2.4   2   2   1.9e-08   3.8e-06   25.3   2.4    99   147   429   476   390   485 0.77 # 44533 # 46203 # 1 # ID=20_34;partial=00;start_type=GTG;rbs_motif=GGA/GAG/AGG;rbs_spacer=5-10bp;gc_cont=0.630
NODE_20_length_101354_cov_42.563313_33 -            762 44589at72274         -            183   5.9e-06   24.7   0.8   1   3      0.77   1.5e+02    0.5   1.0    53    80    41    68    38    74 0.88 # 42232 # 44517 # 1 # ID=20_33;partial=00;start_type=ATG;rbs_motif=GGA/GAG/AGG;rbs_spacer=5-10bp;gc_cont=0.617
NODE_20_length_101354_cov_42.563313_33 -            762 44589at72274         -            183   5.9e-06   24.7   0.8   2   3      0.31        62    1.8   3.4     5    59   468   521   460   553 0.73 # 42232 # 44517 # 1 # ID=20_33;partial=00;start_type=ATG;rbs_motif=GGA/GAG/AGG;rbs_spacer=5-10bp;gc_cont=0.617
NODE_20_length_101354_cov_42.563313_33 -            762 44589at72274         -            183   5.9e-06   24.7   0.8   3   3     3e-08   5.9e-06   24.7   0.8   102   165   648   707   635   717 0.86 # 42232 # 44517 # 1 # ID=20_33;partial=00;start_type=ATG;rbs_motif=GGA/GAG/AGG;rbs_spacer=5-10bp;gc_cont=0.617
NODE_23_length_96875_cov_43.769438_73  -            291 44589at72274         -            183   9.2e-06   24.0  12.1   1   1   6.6e-08   1.3e-05   23.5  11.3     3   142    69   223    67   250 0.81 # 77823 # 78695 # -1 # ID=23_73;partial=00;start_type=ATG;rbs_motif=AGGAGG;rbs_spacer=3-4bp;gc_cont=0.617
NODE_10_length_140278_cov_43.717628_52 -            284 44589at72274         -            183   1.4e-05   23.4  14.3   1   2       4.6   9.3e+02   -2.1   0.8    20    42    57    79    46    86 0.66 # 57320 # 58171 # -1 # ID=10_52;partial=00;start_type=ATG;rbs_motif=GGA/GAG/AGG;rbs_spacer=5-10bp;gc_cont=0.595
NODE_10_length_140278_cov_43.717628_52 -            284 44589at72274         -            183   1.4e-05   23.4  14.3   2   2   7.2e-08   1.4e-05   23.4  14.3     1   162    89   250    89   270 0.78 # 57320 # 58171 # -1 # ID=10_52;partial=00;start_type=ATG;rbs_motif=GGA/GAG/AGG;rbs_spacer=5-10bp;gc_cont=0.595
NODE_14_length_115769_cov_42.456539_98 -            282 44589at72274         -            183   1.8e-05   23.1  10.5   1   2      0.25        51    2.1   0.6    26    57     9    40     2    58 0.70 # 94597 # 95442 # -1 # ID=14_98;partial=00;start_type=ATG;rbs_motif=AGGA;rbs_spacer=5-10bp;gc_cont=0.596
NODE_14_length_115769_cov_42.456539_98 -            282 44589at72274         -            183   1.8e-05   23.1  10.5   2   2     9e-08   1.8e-05   23.1  10.5     4   167    74   240    72   262 0.81 # 94597 # 95442 # -1 # ID=14_98;partial=00;start_type=ATG;rbs_motif=AGGA;rbs_spacer=5-10bp;gc_cont=0.596
NODE_23_length_96875_cov_43.769438_74  -            332 44589at72274         -            183   2.3e-05   22.7   0.9   1   2       2.6   5.2e+02   -1.2   0.5    10    30    95   115    86   180 0.66 # 78692 # 79687 # -1 # ID=23_74;partial=00;start_type=ATG;rbs_motif=GGA/GAG/AGG;rbs_spacer=5-10bp;gc_cont=0.589
NODE_23_length_96875_cov_43.769438_74  -            332 44589at72274         -            183   2.3e-05   22.7   0.9   2   2   1.1e-07   2.3e-05   22.7   0.9    87   149   206   267   183   275 0.75 # 78692 # 79687 # -1 # ID=23_74;partial=00;start_type=ATG;rbs_motif=GGA/GAG/AGG;rbs_spacer=5-10bp;gc_cont=0.589
NODE_18_length_105322_cov_43.609203_8  -            289 44589at72274         -            183   2.5e-05   22.6   7.9   1   1   1.6e-05    0.0033   15.7   7.9    12   154    74   240    65   273 0.65 # 7845 # 8711 # -1 # ID=18_8;partial=00;start_type=ATG;rbs_motif=GGAGG;rbs_spacer=5-10bp;gc_cont=0.606
NODE_30_length_78558_cov_43.218259_1   -            253 44589at72274         -            183    0.0049   15.1  11.2   1   1   4.8e-05    0.0097   14.2  11.2     3   179    51   232    49   238 0.70 # 3 # 761 # 1 # ID=30_1;partial=10;start_type=Edge;rbs_motif=None;rbs_spacer=None;gc_cont=0.679
NODE_43_length_58914_cov_43.035373_41  -            215 44589at72274         -            183    0.0053   15.0  12.6   1   1   4.9e-05    0.0099   14.2  12.6    10   143    16   163    10   202 0.77 # 42333 # 42977 # 1 # ID=43_41;partial=00;start_type=ATG;rbs_motif=GGAGG;rbs_spacer=5-10bp;gc_cont=0.606
NODE_30_length_78558_cov_43.218259_41  -            261 44589at72274         -            183     0.034   12.4   4.9   1   1   0.00029     0.059   11.6   4.9    88   148   148   207    60   243 0.70 # 40329 # 41111 # -1 # ID=30_41;partial=00;start_type=ATG;rbs_motif=GGAG/GAGG;rbs_spacer=5-10bp;gc_cont=0.644
NODE_5_length_205536_cov_43.475207_185 -            277 44589at72274         -            183     0.096   10.9  13.0   1   2         4     8e+02   -1.8   0.3     7    41    11    48     9    62 0.60 # 172124 # 172954 # -1 # ID=5_185;partial=00;start_type=ATG;rbs_motif=GGAG/GAGG;rbs_spacer=5-10bp;gc_cont=0.614
NODE_5_length_205536_cov_43.475207_185 -            277 44589at72274         -            183     0.096   10.9  13.0   2   2     3e-05     0.006   14.9   7.1     5   135    73   209    69   258 0.68 # 172124 # 172954 # -1 # ID=5_185;partial=00;start_type=ATG;rbs_motif=GGAG/GAGG;rbs_spacer=5-10bp;gc_cont=0.614
NODE_43_length_58914_cov_43.035373_22  -            279 44589at72274         -            183       2.4    6.4  15.6   1   2       1.6   3.2e+02   -0.5   0.4    19    47    33    59    24    82 0.62 # 21604 # 22440 # 1 # ID=43_22;partial=00;start_type=ATG;rbs_motif=GGA/GAG/AGG;rbs_spacer=5-10bp;gc_cont=0.657
NODE_43_length_58914_cov_43.035373_22  -            279 44589at72274         -            183       2.4    6.4  15.6   2   2    0.0011      0.23    9.7   8.8    17   133    96   212    80   259 0.68 # 21604 # 22440 # 1 # ID=43_22;partial=00;start_type=ATG;rbs_motif=GGA/GAG/AGG;rbs_spacer=5-10bp;gc_cont=0.657
#
# Program:         hmmsearch
# Version:         3.1b2 (February 2015)
# Pipeline mode:   SEARCH
# Query file:      /data2/PEG/hoaxaca/REAA/Pseudomonas/bin/busco_downloads/lineages/pseudomonadales_odb10/hmms/44589at72274.hmm
# Target file:     /data2/PEG/hoaxaca/REAA/Pseudomonas/bin/../out/busco/trim_75clip.spades_def/prodigal_output/predicted_genes/predicted.faa
# Option settings: hmmsearch --domtblout /data2/PEG/hoaxaca/REAA/Pseudomonas/bin/../out/busco/trim_75clip.spades_def/run_pseudomonadales_odb10/hmmer_output/44589at72274.out --cpu 1 /data2/PEG/hoaxaca/REAA/Pseudomonas/bin/busco_downloads/lineages/pseudomonadales_odb10/hmms/44589at72274.hmm /data2/PEG/hoaxaca/REAA/Pseudomonas/bin/../out/busco/trim_75clip.spades_def/prodigal_output/predicted_genes/predicted.faa 
# Current dir:     /data2/PEG/hoaxaca/REAA/Pseudomonas/bin
# Date:            Mon Feb 20 00:32:28 2023
# [ok]
