#                                                                                              --- full sequence --- -------------- this domain -------------   hmm coord   ali coord   env coord
# target name                          accession   tlen query name           accession   qlen   E-value  score  bias   #  of  c-Evalue  i-Evalue  score  bias  from    to  from    to  from    to  acc description of target
#                  ------------------- ---------- ----- -------------------- ---------- ----- --------- ------ ----- --- --- --------- --------- ------ ----- ----- ----- ----- ----- ----- ----- ---- ---------------------
NODE_4_length_205573_cov_43.972436_153 -            210 45682at72274         -            158   1.3e-65  218.3   0.6   1   2     4e-55     2e-52  175.5   0.0     1   123     6   143     6   149 0.89 # 163553 # 164182 # -1 # ID=4_153;partial=00;start_type=ATG;rbs_motif=3Base/5BMM;rbs_spacer=13-15bp;gc_cont=0.611
NODE_4_length_205573_cov_43.972436_153 -            210 45682at72274         -            158   1.3e-65  218.3   0.6   2   2   1.5e-13   7.5e-11   40.3   0.1   115   158   150   203   144   203 0.85 # 163553 # 164182 # -1 # ID=4_153;partial=00;start_type=ATG;rbs_motif=3Base/5BMM;rbs_spacer=13-15bp;gc_cont=0.611
NODE_1_length_352372_cov_43.300394_84  -            332 45682at72274         -            158   2.3e-07   29.0   0.0   1   1   8.7e-10   4.3e-07   28.1   0.0    27   105    71   151    59   197 0.84 # 88821 # 89816 # -1 # ID=1_84;partial=00;start_type=GTG;rbs_motif=GGA/GAG/AGG;rbs_spacer=5-10bp;gc_cont=0.631
NODE_12_length_120342_cov_44.792762_6  -            314 45682at72274         -            158   1.1e-05   23.6   0.0   1   1   4.2e-08   2.1e-05   22.6   0.0    41   110   110   180   101   194 0.87 # 4691 # 5632 # 1 # ID=12_6;partial=00;start_type=ATG;rbs_motif=GGA/GAG/AGG;rbs_spacer=5-10bp;gc_cont=0.628
NODE_66_length_31151_cov_43.664973_18  -            302 45682at72274         -            158   4.5e-05   21.6   0.0   1   1   1.4e-07   7.1e-05   20.9   0.0    43   103    90   151    86   174 0.83 # 15816 # 16721 # -1 # ID=66_18;partial=00;start_type=ATG;rbs_motif=GGAG/GAGG;rbs_spacer=5-10bp;gc_cont=0.640
NODE_10_length_140278_cov_43.717628_95 -            307 45682at72274         -            158   6.5e-05   21.0   0.2   1   1   2.6e-07   0.00013   20.1   0.2    42   102    60   126    46   146 0.75 # 107322 # 108242 # 1 # ID=10_95;partial=00;start_type=ATG;rbs_motif=GGA/GAG/AGG;rbs_spacer=5-10bp;gc_cont=0.620
NODE_74_length_24726_cov_41.189413_1   -           3806 45682at72274         -            158    0.0004   18.5   0.0   1   2      0.02       9.8    4.2   0.0    77   110  3303  3336  3294  3339 0.87 # 87 # 11504 # -1 # ID=74_1;partial=00;start_type=GTG;rbs_motif=GGAG/GAGG;rbs_spacer=5-10bp;gc_cont=0.646
NODE_74_length_24726_cov_41.189413_1   -           3806 45682at72274         -            158    0.0004   18.5   0.0   2   2   0.00014     0.067   11.2   0.0    74   110  3590  3626  3576  3637 0.88 # 87 # 11504 # -1 # ID=74_1;partial=00;start_type=GTG;rbs_motif=GGAG/GAGG;rbs_spacer=5-10bp;gc_cont=0.646
NODE_14_length_115769_cov_42.456539_86 -            315 45682at72274         -            158   0.00056   18.0   0.0   1   1   2.6e-06    0.0013   16.8   0.0    37   103    47   121    35   143 0.80 # 83037 # 83981 # 1 # ID=14_86;partial=00;start_type=ATG;rbs_motif=AGGA;rbs_spacer=5-10bp;gc_cont=0.631
NODE_37_length_65238_cov_44.961923_50  -            429 45682at72274         -            158   0.00088   17.4   0.0   1   1   3.5e-06    0.0017   16.4   0.0    63   109   275   321   271   328 0.90 # 38247 # 39533 # -1 # ID=37_50;partial=00;start_type=ATG;rbs_motif=3Base/5BMM;rbs_spacer=13-15bp;gc_cont=0.648
NODE_21_length_98802_cov_44.897283_65  -            251 45682at72274         -            158    0.0022   16.1   0.0   1   2   0.00099      0.49    8.4   0.0    45   125    55   138    47   154 0.70 # 60466 # 61218 # 1 # ID=21_65;partial=00;start_type=ATG;rbs_motif=None;rbs_spacer=None;gc_cont=0.629
NODE_21_length_98802_cov_44.897283_65  -            251 45682at72274         -            158    0.0022   16.1   0.0   2   2    0.0059       2.9    5.9   0.0    97   147   157   207   138   216 0.87 # 60466 # 61218 # 1 # ID=21_65;partial=00;start_type=ATG;rbs_motif=None;rbs_spacer=None;gc_cont=0.629
NODE_53_length_49457_cov_44.253229_23  -            273 45682at72274         -            158    0.0035   15.4   0.1   1   2   3.5e-05     0.017   13.1   0.0    41   115    43   120    35   131 0.69 # 24904 # 25722 # -1 # ID=53_23;partial=00;start_type=ATG;rbs_motif=AGGAG;rbs_spacer=5-10bp;gc_cont=0.611
NODE_53_length_49457_cov_44.253229_23  -            273 45682at72274         -            158    0.0035   15.4   0.1   2   2       0.5   2.5e+02   -0.3   0.0   112   133   209   230   177   241 0.82 # 24904 # 25722 # -1 # ID=53_23;partial=00;start_type=ATG;rbs_motif=AGGAG;rbs_spacer=5-10bp;gc_cont=0.611
NODE_27_length_88680_cov_41.567210_20  -            321 45682at72274         -            158     0.012   13.7   0.0   1   1   4.5e-05     0.022   12.8   0.0    36   117    80   166    67   182 0.76 # 18846 # 19808 # 1 # ID=27_20;partial=00;start_type=ATG;rbs_motif=None;rbs_spacer=None;gc_cont=0.632
NODE_2_length_234130_cov_42.625966_125 -            296 45682at72274         -            158     0.029   12.4   0.0   1   1   0.00011     0.056   11.5   0.0    41   103    53   115    49   133 0.91 # 145172 # 146059 # 1 # ID=2_125;partial=00;start_type=ATG;rbs_motif=AGGA;rbs_spacer=5-10bp;gc_cont=0.618
NODE_26_length_93713_cov_43.358079_61  -            433 45682at72274         -            158     0.072   11.1   0.0   1   1   0.00028      0.14   10.2   0.0    66   105   153   195   107   233 0.74 # 59316 # 60614 # -1 # ID=26_61;partial=00;start_type=ATG;rbs_motif=GGA/GAG/AGG;rbs_spacer=5-10bp;gc_cont=0.597
#
# Program:         hmmsearch
# Version:         3.1b2 (February 2015)
# Pipeline mode:   SEARCH
# Query file:      /data2/PEG/hoaxaca/REAA/Pseudomonas/bin/busco_downloads/lineages/pseudomonadales_odb10/hmms/45682at72274.hmm
# Target file:     /data2/PEG/hoaxaca/REAA/Pseudomonas/bin/../out/busco/trim_75clip.spades_def/prodigal_output/predicted_genes/predicted.faa
# Option settings: hmmsearch --domtblout /data2/PEG/hoaxaca/REAA/Pseudomonas/bin/../out/busco/trim_75clip.spades_def/run_pseudomonadales_odb10/hmmer_output/45682at72274.out --cpu 1 /data2/PEG/hoaxaca/REAA/Pseudomonas/bin/busco_downloads/lineages/pseudomonadales_odb10/hmms/45682at72274.hmm /data2/PEG/hoaxaca/REAA/Pseudomonas/bin/../out/busco/trim_75clip.spades_def/prodigal_output/predicted_genes/predicted.faa 
# Current dir:     /data2/PEG/hoaxaca/REAA/Pseudomonas/bin
# Date:            Mon Feb 20 00:32:29 2023
# [ok]
