#                                                                                              --- full sequence --- -------------- this domain -------------   hmm coord   ali coord   env coord
# target name                          accession   tlen query name           accession   qlen   E-value  score  bias   #  of  c-Evalue  i-Evalue  score  bias  from    to  from    to  from    to  acc description of target
#                  ------------------- ---------- ----- -------------------- ---------- ----- --------- ------ ----- --- --- --------- --------- ------ ----- ----- ----- ----- ----- ----- ----- ---- ---------------------
NODE_2_length_234130_cov_42.625966_133 -            233 45939at72274         -            226  6.7e-135  446.0   0.0   1   1  3.1e-137  7.5e-135  445.9   0.0     1   225     2   231     2   232 0.98 # 153084 # 153782 # -1 # ID=2_133;partial=00;start_type=ATG;rbs_motif=GGAG/GAGG;rbs_spacer=5-10bp;gc_cont=0.612
NODE_3_length_212343_cov_42.826340_47  -            250 45939at72274         -            226   1.6e-12   45.7   0.0   1   1     9e-15   2.2e-12   45.2   0.0    29   155    26   152     4   164 0.87 # 46137 # 46886 # -1 # ID=3_47;partial=00;start_type=ATG;rbs_motif=GGxGG;rbs_spacer=5-10bp;gc_cont=0.633
NODE_3_length_212343_cov_42.826340_85  -            249 45939at72274         -            226   1.3e-09   36.2   0.0   1   1   7.4e-12   1.8e-09   35.7   0.0    42   149    40   149    35   162 0.90 # 90166 # 90912 # -1 # ID=3_85;partial=00;start_type=ATG;rbs_motif=GGA/GAG/AGG;rbs_spacer=5-10bp;gc_cont=0.580
NODE_72_length_25263_cov_45.128412_19  -            271 45939at72274         -            226   4.8e-09   34.3   0.0   1   1   2.7e-11   6.7e-09   33.9   0.0    32   145    47   162    18   166 0.90 # 20804 # 21616 # -1 # ID=72_19;partial=00;start_type=ATG;rbs_motif=GGAG/GAGG;rbs_spacer=5-10bp;gc_cont=0.594
NODE_6_length_186800_cov_43.969648_22  -            395 45939at72274         -            226     2e-08   32.3   0.0   1   1   1.3e-10   3.2e-08   31.6   0.0    45   145   160   263   152   271 0.75 # 18382 # 19566 # -1 # ID=6_22;partial=00;start_type=ATG;rbs_motif=GGA/GAG/AGG;rbs_spacer=5-10bp;gc_cont=0.606
NODE_3_length_212343_cov_42.826340_62  -            293 45939at72274         -            226     2e-08   32.3   0.0   1   1   1.8e-10   4.5e-08   31.2   0.0    28   148   141   257   135   268 0.74 # 61889 # 62767 # 1 # ID=3_62;partial=00;start_type=ATG;rbs_motif=GGA/GAG/AGG;rbs_spacer=5-10bp;gc_cont=0.652
NODE_32_length_72113_cov_43.969136_29  -            385 45939at72274         -            226   2.2e-07   28.9   0.0   1   1   1.4e-09   3.4e-07   28.3   0.0    45   153   169   274   141   277 0.82 # 24209 # 25363 # -1 # ID=32_29;partial=00;start_type=GTG;rbs_motif=GGAG/GAGG;rbs_spacer=5-10bp;gc_cont=0.591
NODE_10_length_140278_cov_43.717628_25 -            292 45939at72274         -            226   4.2e-06   24.7   0.0   1   1   3.1e-08   7.6e-06   23.9   0.0    44   150   103   213    93   236 0.86 # 27175 # 28050 # 1 # ID=10_25;partial=00;start_type=ATG;rbs_motif=3Base/5BMM;rbs_spacer=13-15bp;gc_cont=0.596
NODE_52_length_50388_cov_44.376413_31  -            275 45939at72274         -            226     8e-06   23.8   0.0   1   1   4.7e-08   1.2e-05   23.3   0.0    47   143    53   148    47   162 0.80 # 36301 # 37125 # 1 # ID=52_31;partial=00;start_type=ATG;rbs_motif=GGAG/GAGG;rbs_spacer=5-10bp;gc_cont=0.615
NODE_8_length_160420_cov_42.382234_87  -            243 45939at72274         -            226   9.1e-06   23.6   0.0   1   1   5.4e-08   1.3e-05   23.1   0.0    43   146    41   142    38   147 0.87 # 84843 # 85571 # -1 # ID=8_87;partial=00;start_type=ATG;rbs_motif=GGAG/GAGG;rbs_spacer=5-10bp;gc_cont=0.608
NODE_79_length_19972_cov_40.987247_5   -            255 45939at72274         -            226   9.8e-06   23.5   0.0   1   1   6.1e-08   1.5e-05   22.9   0.0    45   146    45   146    35   156 0.92 # 4895 # 5659 # -1 # ID=79_5;partial=00;start_type=ATG;rbs_motif=AGGA;rbs_spacer=5-10bp;gc_cont=0.644
NODE_33_length_71423_cov_44.044782_58  -            319 45939at72274         -            226   1.4e-05   23.0   0.0   1   1   9.1e-08   2.2e-05   22.3   0.0    42   148   116   223    86   232 0.83 # 56255 # 57211 # 1 # ID=33_58;partial=00;start_type=ATG;rbs_motif=None;rbs_spacer=None;gc_cont=0.618
NODE_22_length_97006_cov_43.305319_87  -            424 45939at72274         -            226   1.9e-05   22.6   0.0   1   1   1.1e-07   2.8e-05   22.0   0.0    46   202   195   354   164   363 0.73 # 85329 # 86600 # -1 # ID=22_87;partial=00;start_type=ATG;rbs_motif=AGGA;rbs_spacer=5-10bp;gc_cont=0.602
NODE_1_length_352372_cov_43.300394_166 -            332 45939at72274         -            226     3e-05   21.9   0.0   1   1   1.8e-07   4.3e-05   21.4   0.0    47   154   168   273   125   281 0.78 # 165878 # 166873 # -1 # ID=1_166;partial=00;start_type=ATG;rbs_motif=None;rbs_spacer=None;gc_cont=0.617
NODE_17_length_107317_cov_43.740570_72 -            245 45939at72274         -            226   3.2e-05   21.8   0.0   1   1   1.8e-07   4.4e-05   21.4   0.0    30   146    35   151    12   164 0.81 # 91563 # 92297 # 1 # ID=17_72;partial=00;start_type=ATG;rbs_motif=AGGA;rbs_spacer=5-10bp;gc_cont=0.627
NODE_37_length_65238_cov_44.961923_70  -            227 45939at72274         -            226   0.00036   18.4   0.0   1   1   2.1e-06   0.00051   17.9   0.0    48   130    55   138    46   168 0.74 # 63440 # 64120 # 1 # ID=37_70;partial=00;start_type=ATG;rbs_motif=GGAG/GAGG;rbs_spacer=5-10bp;gc_cont=0.551
NODE_21_length_98802_cov_44.897283_84  -            219 45939at72274         -            226   0.00037   18.3   0.0   1   1     2e-06   0.00049   18.0   0.0    43    97    80   135    71   155 0.87 # 83304 # 83960 # -1 # ID=21_84;partial=00;start_type=ATG;rbs_motif=None;rbs_spacer=None;gc_cont=0.670
NODE_1_length_352372_cov_43.300394_101 -            207 45939at72274         -            226    0.0005   17.9   0.0   1   1   2.8e-06    0.0007   17.4   0.0    38   132     8    98     3   113 0.78 # 103643 # 104263 # -1 # ID=1_101;partial=00;start_type=ATG;rbs_motif=GGA/GAG/AGG;rbs_spacer=5-10bp;gc_cont=0.617
NODE_19_length_101432_cov_42.268157_7  -            217 45939at72274         -            226   0.00081   17.2   0.0   1   1   4.7e-06    0.0012   16.7   0.0    48   128    59   140    46   166 0.82 # 5859 # 6509 # 1 # ID=19_7;partial=00;start_type=ATG;rbs_motif=GGA/GAG/AGG;rbs_spacer=5-10bp;gc_cont=0.651
NODE_84_length_17872_cov_40.173542_9   -            360 45939at72274         -            226    0.0046   14.8   0.0   1   2         4   9.9e+02   -2.7   0.0   159   176   155   172   140   178 0.81 # 9662 # 10741 # -1 # ID=84_9;partial=00;start_type=ATG;rbs_motif=None;rbs_spacer=None;gc_cont=0.622
NODE_84_length_17872_cov_40.173542_9   -            360 45939at72274         -            226    0.0046   14.8   0.0   2   2   5.1e-05     0.013   13.3   0.0    28   107   186   267   172   271 0.87 # 9662 # 10741 # -1 # ID=84_9;partial=00;start_type=ATG;rbs_motif=None;rbs_spacer=None;gc_cont=0.622
NODE_21_length_98802_cov_44.897283_61  -            254 45939at72274         -            226     0.018   12.9   0.0   1   1   0.00011     0.027   12.3   0.0    47   144    33   126    19   139 0.77 # 56794 # 57555 # 1 # ID=21_61;partial=00;start_type=ATG;rbs_motif=AGGA;rbs_spacer=5-10bp;gc_cont=0.621
NODE_3_length_212343_cov_42.826340_25  -            451 45939at72274         -            226     0.024   12.4   0.3   1   2    0.0002      0.05   11.4   0.2    41   114   209   288   196   294 0.70 # 23588 # 24940 # 1 # ID=3_25;partial=00;start_type=ATG;rbs_motif=GGAG/GAGG;rbs_spacer=5-10bp;gc_cont=0.652
NODE_3_length_212343_cov_42.826340_25  -            451 45939at72274         -            226     0.024   12.4   0.3   2   2      0.31        77    0.9   0.0    63   117   257   314   252   319 0.73 # 23588 # 24940 # 1 # ID=3_25;partial=00;start_type=ATG;rbs_motif=GGAG/GAGG;rbs_spacer=5-10bp;gc_cont=0.652
NODE_1_length_352372_cov_43.300394_85  -            204 45939at72274         -            226     0.033   12.0   0.0   1   1   0.00019     0.046   11.5   0.0    36   114    54   134    44   137 0.77 # 89908 # 90519 # -1 # ID=1_85;partial=00;start_type=ATG;rbs_motif=GGAG/GAGG;rbs_spacer=5-10bp;gc_cont=0.634
NODE_4_length_205573_cov_43.972436_74  -            333 45939at72274         -            226     0.041   11.7   0.0   1   1   0.00028      0.07   10.9   0.0    43    91   190   240   181   247 0.78 # 88765 # 89763 # 1 # ID=4_74;partial=00;start_type=ATG;rbs_motif=AGGAG;rbs_spacer=5-10bp;gc_cont=0.618
NODE_29_length_79509_cov_43.985702_4   -            394 45939at72274         -            226     0.067   11.0   0.0   1   1   0.00043      0.11   10.3   0.0    43   116   249   324   246   330 0.67 # 3049 # 4230 # -1 # ID=29_4;partial=00;start_type=ATG;rbs_motif=GGA/GAG/AGG;rbs_spacer=5-10bp;gc_cont=0.644
NODE_1_length_352372_cov_43.300394_251 -            270 45939at72274         -            226      0.08   10.7   0.0   1   1   0.00087      0.21    9.3   0.0    42   145    50   150    46   157 0.63 # 264568 # 265377 # 1 # ID=1_251;partial=00;start_type=ATG;rbs_motif=GGA/GAG/AGG;rbs_spacer=5-10bp;gc_cont=0.622
#
# Program:         hmmsearch
# Version:         3.1b2 (February 2015)
# Pipeline mode:   SEARCH
# Query file:      /data2/PEG/hoaxaca/REAA/Pseudomonas/bin/busco_downloads/lineages/pseudomonadales_odb10/hmms/45939at72274.hmm
# Target file:     /data2/PEG/hoaxaca/REAA/Pseudomonas/bin/../out/busco/trim_75clip.spades_def/prodigal_output/predicted_genes/predicted.faa
# Option settings: hmmsearch --domtblout /data2/PEG/hoaxaca/REAA/Pseudomonas/bin/../out/busco/trim_75clip.spades_def/run_pseudomonadales_odb10/hmmer_output/45939at72274.out --cpu 1 /data2/PEG/hoaxaca/REAA/Pseudomonas/bin/busco_downloads/lineages/pseudomonadales_odb10/hmms/45939at72274.hmm /data2/PEG/hoaxaca/REAA/Pseudomonas/bin/../out/busco/trim_75clip.spades_def/prodigal_output/predicted_genes/predicted.faa 
# Current dir:     /data2/PEG/hoaxaca/REAA/Pseudomonas/bin
# Date:            Mon Feb 20 00:32:30 2023
# [ok]
