#                                                                                              --- full sequence --- -------------- this domain -------------   hmm coord   ali coord   env coord
# target name                          accession   tlen query name           accession   qlen   E-value  score  bias   #  of  c-Evalue  i-Evalue  score  bias  from    to  from    to  from    to  acc description of target
#                  ------------------- ---------- ----- -------------------- ---------- ----- --------- ------ ----- --- --- --------- --------- ------ ----- ----- ----- ----- ----- ----- ----- ---- ---------------------
NODE_24_length_96862_cov_42.248928_23  -            214 46542at72274         -            198     6e-82  272.8   0.0   1   1   6.2e-84   3.3e-81  270.4   0.0     1   197     4   212     4   213 0.93 # 24594 # 25235 # -1 # ID=24_23;partial=00;start_type=ATG;rbs_motif=GGA/GAG/AGG;rbs_spacer=5-10bp;gc_cont=0.640
NODE_25_length_94792_cov_41.391822_5   -            225 46542at72274         -            198   4.9e-15   54.4   0.0   1   1   3.5e-16   1.9e-13   49.2   0.0     4   193     2   216     1   221 0.73 # 3638 # 4312 # 1 # ID=25_5;partial=00;start_type=ATG;rbs_motif=AGGA;rbs_spacer=5-10bp;gc_cont=0.636
NODE_2_length_234130_cov_42.625966_156 -            320 46542at72274         -            198   8.7e-08   30.8   0.5   1   2   2.4e-06    0.0013   17.2   0.3     4    48     2    46     1    50 0.83 # 181398 # 182357 # 1 # ID=2_156;partial=00;start_type=ATG;rbs_motif=None;rbs_spacer=None;gc_cont=0.505
NODE_2_length_234130_cov_42.625966_156 -            320 46542at72274         -            198   8.7e-08   30.8   0.5   2   2   0.00017     0.089   11.1   0.0    70   104    87   121    83   126 0.91 # 181398 # 182357 # 1 # ID=2_156;partial=00;start_type=ATG;rbs_motif=None;rbs_spacer=None;gc_cont=0.505
NODE_13_length_119673_cov_43.134946_3  -            285 46542at72274         -            198    0.0004   18.8   0.4   1   2     0.036        19    3.5   0.0     6    36     3    31     1    43 0.78 # 2103 # 2957 # -1 # ID=13_3;partial=00;start_type=ATG;rbs_motif=GGA/GAG/AGG;rbs_spacer=5-10bp;gc_cont=0.632
NODE_13_length_119673_cov_43.134946_3  -            285 46542at72274         -            198    0.0004   18.8   0.4   2   2   3.2e-05     0.017   13.5   0.1    78   189    87   199    84   217 0.76 # 2103 # 2957 # -1 # ID=13_3;partial=00;start_type=ATG;rbs_motif=GGA/GAG/AGG;rbs_spacer=5-10bp;gc_cont=0.632
NODE_25_length_94792_cov_41.391822_92  -            205 46542at72274         -            198   0.00041   18.8   0.3   1   1   1.3e-06   0.00071   18.0   0.3     4    40     3    37     1    52 0.90 # 88070 # 88684 # -1 # ID=25_92;partial=00;start_type=ATG;rbs_motif=GGAG/GAGG;rbs_spacer=5-10bp;gc_cont=0.623
NODE_1_length_352372_cov_43.300394_324 -            345 46542at72274         -            198    0.0048   15.3   0.3   1   1   1.5e-05    0.0079   14.6   0.3     5    38     4    37     1    45 0.89 # 346459 # 347493 # 1 # ID=1_324;partial=00;start_type=ATG;rbs_motif=GGAG/GAGG;rbs_spacer=5-10bp;gc_cont=0.622
NODE_22_length_97006_cov_43.305319_97  -            300 46542at72274         -            198    0.0064   14.9   0.1   1   1   1.8e-05    0.0096   14.3   0.1     4    41     2    37     1    46 0.89 # 94699 # 95598 # 1 # ID=22_97;partial=00;start_type=ATG;rbs_motif=GGAG/GAGG;rbs_spacer=5-10bp;gc_cont=0.627
NODE_39_length_62408_cov_42.438215_37  -            200 46542at72274         -            198    0.0073   14.7   0.0   1   1     2e-05     0.011   14.1   0.0     4    38     2    33     1    65 0.78 # 38178 # 38777 # -1 # ID=39_37;partial=00;start_type=ATG;rbs_motif=GGAGG;rbs_spacer=5-10bp;gc_cont=0.615
NODE_2_length_234130_cov_42.625966_150 -            336 46542at72274         -            198     0.015   13.7   0.0   1   1   5.9e-05     0.032   12.6   0.0     4    42     6    43     3    56 0.85 # 174916 # 175923 # 1 # ID=2_150;partial=00;start_type=ATG;rbs_motif=GGA/GAG/AGG;rbs_spacer=11-12bp;gc_cont=0.450
NODE_79_length_19972_cov_40.987247_2   -            337 46542at72274         -            198     0.015   13.7   0.1   1   1   5.2e-05     0.028   12.8   0.1     5    25     7    27     3    44 0.89 # 1324 # 2334 # -1 # ID=79_2;partial=00;start_type=ATG;rbs_motif=GGAG/GAGG;rbs_spacer=5-10bp;gc_cont=0.628
NODE_8_length_160420_cov_42.382234_44  -            323 46542at72274         -            198     0.035   12.5   0.0   1   1   0.00015      0.08   11.3   0.0     3    43     2    40     1    48 0.89 # 44608 # 45576 # -1 # ID=8_44;partial=00;start_type=ATG;rbs_motif=GGA/GAG/AGG;rbs_spacer=5-10bp;gc_cont=0.622
NODE_27_length_88680_cov_41.567210_65  -            336 46542at72274         -            198     0.067   11.5   0.0   1   2   0.00067      0.36    9.2   0.1     4    23     2    21     1    41 0.84 # 63551 # 64558 # -1 # ID=27_65;partial=00;start_type=ATG;rbs_motif=GGA/GAG/AGG;rbs_spacer=5-10bp;gc_cont=0.628
NODE_27_length_88680_cov_41.567210_65  -            336 46542at72274         -            198     0.067   11.5   0.0   2   2      0.81   4.3e+02   -0.9   0.0    67    98    86   117    83   120 0.88 # 63551 # 64558 # -1 # ID=27_65;partial=00;start_type=ATG;rbs_motif=GGA/GAG/AGG;rbs_spacer=5-10bp;gc_cont=0.628
#
# Program:         hmmsearch
# Version:         3.1b2 (February 2015)
# Pipeline mode:   SEARCH
# Query file:      /data2/PEG/hoaxaca/REAA/Pseudomonas/bin/busco_downloads/lineages/pseudomonadales_odb10/hmms/46542at72274.hmm
# Target file:     /data2/PEG/hoaxaca/REAA/Pseudomonas/bin/../out/busco/trim_75clip.spades_def/prodigal_output/predicted_genes/predicted.faa
# Option settings: hmmsearch --domtblout /data2/PEG/hoaxaca/REAA/Pseudomonas/bin/../out/busco/trim_75clip.spades_def/run_pseudomonadales_odb10/hmmer_output/46542at72274.out --cpu 1 /data2/PEG/hoaxaca/REAA/Pseudomonas/bin/busco_downloads/lineages/pseudomonadales_odb10/hmms/46542at72274.hmm /data2/PEG/hoaxaca/REAA/Pseudomonas/bin/../out/busco/trim_75clip.spades_def/prodigal_output/predicted_genes/predicted.faa 
# Current dir:     /data2/PEG/hoaxaca/REAA/Pseudomonas/bin
# Date:            Mon Feb 20 00:32:30 2023
# [ok]
