#                                                                                              --- full sequence --- -------------- this domain -------------   hmm coord   ali coord   env coord
# target name                          accession   tlen query name           accession   qlen   E-value  score  bias   #  of  c-Evalue  i-Evalue  score  bias  from    to  from    to  from    to  acc description of target
#                  ------------------- ---------- ----- -------------------- ---------- ----- --------- ------ ----- --- --- --------- --------- ------ ----- ----- ----- ----- ----- ----- ----- ---- ---------------------
NODE_15_length_113069_cov_45.201338_22 -            253 49700at72274         -            225   5.7e-83  276.3  10.2   1   1     9e-86   8.2e-83  275.8  10.2     2   224     4   252     3   252 0.91 # 17043 # 17801 # 1 # ID=15_22;partial=00;start_type=ATG;rbs_motif=GGAG/GAGG;rbs_spacer=5-10bp;gc_cont=0.581
NODE_22_length_97006_cov_43.305319_78  -            556 49700at72274         -            225   4.5e-09   34.6   9.7   1   3   0.00045      0.41    8.5   0.2    74   134   217   276   177   316 0.70 # 77074 # 78741 # -1 # ID=22_78;partial=00;start_type=ATG;rbs_motif=None;rbs_spacer=None;gc_cont=0.608
NODE_22_length_97006_cov_43.305319_78  -            556 49700at72274         -            225   4.5e-09   34.6   9.7   2   3     0.029        27    2.6   0.2    24    72   266   314   259   364 0.85 # 77074 # 78741 # -1 # ID=22_78;partial=00;start_type=ATG;rbs_motif=None;rbs_spacer=None;gc_cont=0.608
NODE_22_length_97006_cov_43.305319_78  -            556 49700at72274         -            225   4.5e-09   34.6   9.7   3   3   5.1e-10   4.7e-07   28.0   1.5    40   193   384   548   373   554 0.81 # 77074 # 78741 # -1 # ID=22_78;partial=00;start_type=ATG;rbs_motif=None;rbs_spacer=None;gc_cont=0.608
NODE_57_length_41705_cov_40.836927_2   -            353 49700at72274         -            225   4.8e-05   21.4   6.6   1   3   4.6e-07   0.00042   18.3   0.8    27   117   177   270   168   274 0.87 # 1162 # 2220 # 1 # ID=57_2;partial=00;start_type=ATG;rbs_motif=GGA/GAG/AGG;rbs_spacer=5-10bp;gc_cont=0.634
NODE_57_length_41705_cov_40.836927_2   -            353 49700at72274         -            225   4.8e-05   21.4   6.6   2   3   0.00015      0.13   10.1   3.5    38   123   222   310   211   318 0.82 # 1162 # 2220 # 1 # ID=57_2;partial=00;start_type=ATG;rbs_motif=GGA/GAG/AGG;rbs_spacer=5-10bp;gc_cont=0.634
NODE_57_length_41705_cov_40.836927_2   -            353 49700at72274         -            225   4.8e-05   21.4   6.6   3   3    0.0053       4.9    5.0   1.0    23    66   275   318   261   336 0.81 # 1162 # 2220 # 1 # ID=57_2;partial=00;start_type=ATG;rbs_motif=GGA/GAG/AGG;rbs_spacer=5-10bp;gc_cont=0.634
NODE_6_length_186800_cov_43.969648_76  -            104 49700at72274         -            225   0.00044   18.2   0.5   1   1   5.7e-07   0.00052   18.0   0.5    21   106    11   101     7   103 0.78 # 84230 # 84541 # -1 # ID=6_76;partial=00;start_type=ATG;rbs_motif=GGAG/GAGG;rbs_spacer=5-10bp;gc_cont=0.567
NODE_57_length_41705_cov_40.836927_27  -            751 49700at72274         -            225   0.00057   17.9   4.1   1   1   0.00047      0.43    8.5   0.6    21    95   640   717   632   738 0.82 # 30972 # 33224 # 1 # ID=57_27;partial=00;start_type=ATG;rbs_motif=GGA/GAG/AGG;rbs_spacer=5-10bp;gc_cont=0.621
NODE_81_length_19081_cov_42.637233_1   -            255 49700at72274         -            225    0.0023   15.9   6.7   1   2     0.022        20    3.0   3.2    12   118    11   119     2   123 0.61 # 218 # 982 # -1 # ID=81_1;partial=00;start_type=ATG;rbs_motif=GGA/GAG/AGG;rbs_spacer=5-10bp;gc_cont=0.668
NODE_81_length_19081_cov_42.637233_1   -            255 49700at72274         -            225    0.0023   15.9   6.7   2   2   1.2e-05     0.011   13.7   0.4    22    70   121   169   110   181 0.80 # 218 # 982 # -1 # ID=81_1;partial=00;start_type=ATG;rbs_motif=GGA/GAG/AGG;rbs_spacer=5-10bp;gc_cont=0.668
NODE_3_length_212343_cov_42.826340_38  -            241 49700at72274         -            225    0.0045   14.9   0.6   1   2       2.2     2e+03   -3.5   0.2     5    20     4    19     2    21 0.78 # 37104 # 37826 # 1 # ID=3_38;partial=00;start_type=ATG;rbs_motif=GGAG/GAGG;rbs_spacer=5-10bp;gc_cont=0.618
NODE_3_length_212343_cov_42.826340_38  -            241 49700at72274         -            225    0.0045   14.9   0.6   2   2     5e-06    0.0045   14.9   0.6    24    78   135   192   127   213 0.76 # 37104 # 37826 # 1 # ID=3_38;partial=00;start_type=ATG;rbs_motif=GGAG/GAGG;rbs_spacer=5-10bp;gc_cont=0.618
#
# Program:         hmmsearch
# Version:         3.1b2 (February 2015)
# Pipeline mode:   SEARCH
# Query file:      /data2/PEG/hoaxaca/REAA/Pseudomonas/bin/busco_downloads/lineages/pseudomonadales_odb10/hmms/49700at72274.hmm
# Target file:     /data2/PEG/hoaxaca/REAA/Pseudomonas/bin/../out/busco/trim_75clip.spades_def/prodigal_output/predicted_genes/predicted.faa
# Option settings: hmmsearch --domtblout /data2/PEG/hoaxaca/REAA/Pseudomonas/bin/../out/busco/trim_75clip.spades_def/run_pseudomonadales_odb10/hmmer_output/49700at72274.out --cpu 1 /data2/PEG/hoaxaca/REAA/Pseudomonas/bin/busco_downloads/lineages/pseudomonadales_odb10/hmms/49700at72274.hmm /data2/PEG/hoaxaca/REAA/Pseudomonas/bin/../out/busco/trim_75clip.spades_def/prodigal_output/predicted_genes/predicted.faa 
# Current dir:     /data2/PEG/hoaxaca/REAA/Pseudomonas/bin
# Date:            Mon Feb 20 00:32:33 2023
# [ok]
