#                                                                                             --- full sequence --- -------------- this domain -------------   hmm coord   ali coord   env coord
# target name                         accession   tlen query name           accession   qlen   E-value  score  bias   #  of  c-Evalue  i-Evalue  score  bias  from    to  from    to  from    to  acc description of target
#                 ------------------- ---------- ----- -------------------- ---------- ----- --------- ------ ----- --- --- --------- --------- ------ ----- ----- ----- ----- ----- ----- ----- ---- ---------------------
NODE_29_length_79509_cov_43.985702_41 -            151 53890at72274         -            114   1.8e-53  178.0   2.4   1   1   7.4e-55   6.8e-52  172.9   2.4     1   114    17   147    17   147 0.94 # 46447 # 46899 # 1 # ID=29_41;partial=00;start_type=ATG;rbs_motif=GGAG/GAGG;rbs_spacer=5-10bp;gc_cont=0.572
NODE_70_length_27195_cov_43.730361_9  -            162 53890at72274         -            114   1.6e-18   65.4   0.1   1   1   4.7e-20   4.3e-17   60.8   0.1     1   113     9   139     9   140 0.76 # 11559 # 12044 # 1 # ID=70_9;partial=00;start_type=ATG;rbs_motif=GGA/GAG/AGG;rbs_spacer=5-10bp;gc_cont=0.613
NODE_7_length_179149_cov_44.188672_21 -            115 53890at72274         -            114   2.5e-06   26.1   0.0   1   2   7.5e-09   6.9e-06   24.7   0.0     4    61    28    88    25    95 0.88 # 25035 # 25379 # -1 # ID=7_21;partial=00;start_type=ATG;rbs_motif=GGA/GAG/AGG;rbs_spacer=5-10bp;gc_cont=0.577
NODE_7_length_179149_cov_44.188672_21 -            115 53890at72274         -            114   2.5e-06   26.1   0.0   2   2       1.1     1e+03   -1.7   0.0   103   114    98   109    91   109 0.79 # 25035 # 25379 # -1 # ID=7_21;partial=00;start_type=ATG;rbs_motif=GGA/GAG/AGG;rbs_spacer=5-10bp;gc_cont=0.577
NODE_28_length_84268_cov_43.335233_44 -            423 53890at72274         -            114   0.00091   17.8   0.1   1   2   6.6e-06    0.0061   15.2   0.0    19    53   168   202   150   219 0.85 # 51507 # 52775 # -1 # ID=28_44;partial=00;start_type=ATG;rbs_motif=GGA/GAG/AGG;rbs_spacer=5-10bp;gc_cont=0.568
NODE_28_length_84268_cov_43.335233_44 -            423 53890at72274         -            114   0.00091   17.8   0.1   2   2       1.1     1e+03   -1.7   0.0    97   112   209   224   200   226 0.82 # 51507 # 52775 # -1 # ID=28_44;partial=00;start_type=ATG;rbs_motif=GGA/GAG/AGG;rbs_spacer=5-10bp;gc_cont=0.568
NODE_32_length_72113_cov_43.969136_2  -            222 53890at72274         -            114    0.0049   15.5   0.0   1   1   9.7e-06    0.0089   14.6   0.0     2    60   141   197   140   204 0.91 # 938 # 1603 # 1 # ID=32_2;partial=00;start_type=ATG;rbs_motif=GGAG/GAGG;rbs_spacer=5-10bp;gc_cont=0.575
NODE_29_length_79509_cov_43.985702_27 -            206 53890at72274         -            114    0.0054   15.3   0.0   1   1   1.1e-05      0.01   14.5   0.0     1    63   123   186   123   204 0.86 # 33247 # 33864 # 1 # ID=29_27;partial=00;start_type=ATG;rbs_motif=GGAG/GAGG;rbs_spacer=5-10bp;gc_cont=0.626
NODE_97_length_11334_cov_44.816207_3  -            247 53890at72274         -            114    0.0075   14.9   0.0   1   2       1.7   1.5e+03   -2.2   0.0    46    71    56    81    43   103 0.63 # 3318 # 4058 # 1 # ID=97_3;partial=00;start_type=ATG;rbs_motif=AGGA;rbs_spacer=5-10bp;gc_cont=0.584
NODE_97_length_11334_cov_44.816207_3  -            247 53890at72274         -            114    0.0075   14.9   0.0   2   2   2.2e-05      0.02   13.5   0.0     1    63   145   208   145   221 0.88 # 3318 # 4058 # 1 # ID=97_3;partial=00;start_type=ATG;rbs_motif=AGGA;rbs_spacer=5-10bp;gc_cont=0.584
#
# Program:         hmmsearch
# Version:         3.1b2 (February 2015)
# Pipeline mode:   SEARCH
# Query file:      /data2/PEG/hoaxaca/REAA/Pseudomonas/bin/busco_downloads/lineages/pseudomonadales_odb10/hmms/53890at72274.hmm
# Target file:     /data2/PEG/hoaxaca/REAA/Pseudomonas/bin/../out/busco/trim_75clip.spades_def/prodigal_output/predicted_genes/predicted.faa
# Option settings: hmmsearch --domtblout /data2/PEG/hoaxaca/REAA/Pseudomonas/bin/../out/busco/trim_75clip.spades_def/run_pseudomonadales_odb10/hmmer_output/53890at72274.out --cpu 1 /data2/PEG/hoaxaca/REAA/Pseudomonas/bin/busco_downloads/lineages/pseudomonadales_odb10/hmms/53890at72274.hmm /data2/PEG/hoaxaca/REAA/Pseudomonas/bin/../out/busco/trim_75clip.spades_def/prodigal_output/predicted_genes/predicted.faa 
# Current dir:     /data2/PEG/hoaxaca/REAA/Pseudomonas/bin
# Date:            Mon Feb 20 00:32:36 2023
# [ok]
