#                                                                                              --- full sequence --- -------------- this domain -------------   hmm coord   ali coord   env coord
# target name                          accession   tlen query name           accession   qlen   E-value  score  bias   #  of  c-Evalue  i-Evalue  score  bias  from    to  from    to  from    to  acc description of target
#                  ------------------- ---------- ----- -------------------- ---------- ----- --------- ------ ----- --- --- --------- --------- ------ ----- ----- ----- ----- ----- ----- ----- ---- ---------------------
NODE_22_length_97006_cov_43.305319_8   -            151 54430at72274         -            117   2.3e-43  145.3   0.0   1   1   2.2e-45   4.7e-43  144.3   0.0     1   117    10   147    10   147 0.89 # 9654 # 10106 # 1 # ID=22_8;partial=00;start_type=ATG;rbs_motif=GGA/GAG/AGG;rbs_spacer=5-10bp;gc_cont=0.589
NODE_46_length_54711_cov_41.720342_51  -            171 54430at72274         -            117   3.1e-13   48.2   0.0   1   1   2.7e-15   5.8e-13   47.3   0.0    46   113    84   158    70   165 0.83 # 42593 # 43105 # 1 # ID=46_51;partial=00;start_type=ATG;rbs_motif=AGGA;rbs_spacer=5-10bp;gc_cont=0.647
NODE_5_length_205536_cov_43.475207_170 -            367 54430at72274         -            117   7.7e-13   46.9   0.0   1   1   6.5e-15   1.4e-12   46.1   0.0    34   108    55   137    12   146 0.82 # 155425 # 156525 # -1 # ID=5_170;partial=00;start_type=ATG;rbs_motif=GGxGG;rbs_spacer=3-4bp;gc_cont=0.639
NODE_34_length_70545_cov_43.776876_30  -            299 54430at72274         -            117   1.4e-09   36.4   0.0   1   2   2.8e-05     0.006   15.0   0.0    43   116    73   147    53   148 0.77 # 53946 # 54842 # 1 # ID=34_30;partial=00;start_type=ATG;rbs_motif=AGGAG;rbs_spacer=5-10bp;gc_cont=0.611
NODE_34_length_70545_cov_43.776876_30  -            299 54430at72274         -            117   1.4e-09   36.4   0.0   2   2   1.6e-06   0.00034   19.0   0.0    48    97   223   278   208   284 0.85 # 53946 # 54842 # 1 # ID=34_30;partial=00;start_type=ATG;rbs_motif=AGGAG;rbs_spacer=5-10bp;gc_cont=0.611
NODE_37_length_65238_cov_44.961923_47  -            158 54430at72274         -            117   1.4e-08   33.2   0.0   1   1     1e-10   2.2e-08   32.5   0.0    51   101    79   130    51   133 0.89 # 34072 # 34545 # -1 # ID=37_47;partial=00;start_type=ATG;rbs_motif=GGA/GAG/AGG;rbs_spacer=5-10bp;gc_cont=0.603
NODE_33_length_71423_cov_44.044782_24  -            174 54430at72274         -            117   4.8e-07   28.2   0.2   1   1   4.2e-09     9e-07   27.3   0.2     9   100    41   139    37   142 0.77 # 19031 # 19552 # -1 # ID=33_24;partial=00;start_type=ATG;rbs_motif=None;rbs_spacer=None;gc_cont=0.598
NODE_4_length_205573_cov_43.972436_33  -            161 54430at72274         -            117   1.1e-06   27.1   0.0   1   1   7.5e-09   1.6e-06   26.5   0.0    25    97    72   150    53   155 0.79 # 42303 # 42785 # -1 # ID=4_33;partial=00;start_type=GTG;rbs_motif=GGA/GAG/AGG;rbs_spacer=11-12bp;gc_cont=0.619
NODE_28_length_84268_cov_43.335233_59  -            148 54430at72274         -            117   4.3e-06   25.1   0.0   1   1   2.2e-08   4.8e-06   25.0   0.0    48   101    75   127    31   129 0.82 # 72234 # 72677 # 1 # ID=28_59;partial=00;start_type=ATG;rbs_motif=AGGA;rbs_spacer=5-10bp;gc_cont=0.624
NODE_36_length_67201_cov_42.906889_4   -            167 54430at72274         -            117   4.7e-06   25.0   0.0   1   1   3.4e-08   7.2e-06   24.4   0.0    25   110    61   152    48   155 0.81 # 2280 # 2780 # -1 # ID=36_4;partial=00;start_type=ATG;rbs_motif=3Base/5BMM;rbs_spacer=13-15bp;gc_cont=0.539
NODE_25_length_94792_cov_41.391822_18  -            150 54430at72274         -            117   1.6e-05   23.3   0.0   1   1   1.1e-07   2.3e-05   22.8   0.0    24   100    48   130    37   136 0.83 # 15578 # 16027 # 1 # ID=25_18;partial=00;start_type=ATG;rbs_motif=GGAG/GAGG;rbs_spacer=5-10bp;gc_cont=0.529
NODE_42_length_60120_cov_44.104537_9   -            162 54430at72274         -            117   1.9e-05   23.1   0.0   1   1   1.5e-07   3.3e-05   22.3   0.0    45    98    92   151    56   157 0.81 # 8567 # 9052 # -1 # ID=42_9;partial=00;start_type=ATG;rbs_motif=AGGA;rbs_spacer=5-10bp;gc_cont=0.634
NODE_3_length_212343_cov_42.826340_105 -            177 54430at72274         -            117   2.2e-05   22.8   0.0   1   1   1.8e-07   3.9e-05   22.1   0.0    28   108    72   157    61   161 0.80 # 115679 # 116209 # 1 # ID=3_105;partial=00;start_type=ATG;rbs_motif=AGGAG;rbs_spacer=5-10bp;gc_cont=0.621
NODE_27_length_88680_cov_41.567210_3   -            582 54430at72274         -            117   3.9e-05   22.0   0.0   1   1   5.4e-07   0.00011   20.5   0.0    48    99   191   248   173   256 0.84 # 3106 # 4851 # 1 # ID=27_3;partial=00;start_type=ATG;rbs_motif=AGGA;rbs_spacer=5-10bp;gc_cont=0.643
NODE_94_length_14122_cov_40.238359_12  -            196 54430at72274         -            117   4.4e-05   21.9   0.0   1   1   3.1e-07   6.7e-05   21.3   0.0    29    99    86   163    69   175 0.75 # 13445 # 14032 # 1 # ID=94_12;partial=00;start_type=ATG;rbs_motif=GGA/GAG/AGG;rbs_spacer=5-10bp;gc_cont=0.594
NODE_3_length_212343_cov_42.826340_104 -            174 54430at72274         -            117   5.4e-05   21.6   0.0   1   1   3.9e-07   8.4e-05   21.0   0.0    49   100    85   142    43   147 0.81 # 115152 # 115673 # 1 # ID=3_104;partial=00;start_type=ATG;rbs_motif=GGAG/GAGG;rbs_spacer=5-10bp;gc_cont=0.613
NODE_14_length_115769_cov_42.456539_52 -            162 54430at72274         -            117   6.2e-05   21.4   0.1   1   2       7.6   1.6e+03   -2.5   0.0    62    81     6    25     3    28 0.73 # 49257 # 49742 # 1 # ID=14_52;partial=00;start_type=ATG;rbs_motif=GGA/GAG/AGG;rbs_spacer=5-10bp;gc_cont=0.617
NODE_14_length_115769_cov_42.456539_52 -            162 54430at72274         -            117   6.2e-05   21.4   0.1   2   2   9.1e-07   0.00019   19.8   0.0    45    99    81   143    76   156 0.82 # 49257 # 49742 # 1 # ID=14_52;partial=00;start_type=ATG;rbs_motif=GGA/GAG/AGG;rbs_spacer=5-10bp;gc_cont=0.617
NODE_8_length_160420_cov_42.382234_81  -            160 54430at72274         -            117   0.00015   20.2   0.0   1   1   1.6e-06   0.00035   19.0   0.0     3   111    31   152    29   154 0.72 # 80998 # 81477 # -1 # ID=8_81;partial=00;start_type=ATG;rbs_motif=GGA/GAG/AGG;rbs_spacer=5-10bp;gc_cont=0.621
NODE_5_length_205536_cov_43.475207_146 -            225 54430at72274         -            117   0.00049   18.5   0.0   1   1   5.2e-06    0.0011   17.4   0.0    30    88    77   139    64   152 0.78 # 136582 # 137256 # 1 # ID=5_146;partial=00;start_type=ATG;rbs_motif=AGGA;rbs_spacer=5-10bp;gc_cont=0.600
NODE_45_length_57495_cov_45.256337_31  -            151 54430at72274         -            117   0.00053   18.4   0.1   1   1   4.4e-06   0.00093   17.6   0.1    32   102    59   132    46   146 0.78 # 30684 # 31136 # -1 # ID=45_31;partial=00;start_type=ATG;rbs_motif=GGA/GAG/AGG;rbs_spacer=11-12bp;gc_cont=0.605
NODE_12_length_120342_cov_44.792762_53 -            176 54430at72274         -            117     0.001   17.5   0.0   1   1   7.4e-06    0.0016   16.9   0.0    32    99    80   152    62   161 0.82 # 43956 # 44483 # -1 # ID=12_53;partial=00;start_type=ATG;rbs_motif=GGA/GAG/AGG;rbs_spacer=5-10bp;gc_cont=0.598
NODE_12_length_120342_cov_44.792762_38 -            145 54430at72274         -            117     0.001   17.5   0.0   1   1   7.6e-06    0.0016   16.8   0.0    51    97    74   126    46   135 0.81 # 29696 # 30130 # -1 # ID=12_38;partial=00;start_type=ATG;rbs_motif=AGGA/GGAG/GAGG;rbs_spacer=11-12bp;gc_cont=0.625
NODE_12_length_120342_cov_44.792762_49 -            164 54430at72274         -            117    0.0017   16.8   0.1   1   1   2.1e-05    0.0045   15.4   0.1    46    77    88   119    74   147 0.75 # 42206 # 42697 # 1 # ID=12_49;partial=00;start_type=ATG;rbs_motif=None;rbs_spacer=None;gc_cont=0.583
NODE_60_length_38038_cov_42.289050_11  -            145 54430at72274         -            117    0.0023   16.3   0.0   1   1   1.7e-05    0.0037   15.7   0.0    17   103    40   133    33   140 0.79 # 12521 # 12955 # -1 # ID=60_11;partial=00;start_type=ATG;rbs_motif=AGGAG;rbs_spacer=5-10bp;gc_cont=0.579
NODE_20_length_101354_cov_42.563313_14 -            149 54430at72274         -            117    0.0027   16.1   0.0   1   1     2e-05    0.0042   15.5   0.0    45    94    80   135    36   146 0.74 # 18454 # 18900 # -1 # ID=20_14;partial=00;start_type=ATG;rbs_motif=AGGAG;rbs_spacer=5-10bp;gc_cont=0.626
NODE_49_length_53283_cov_43.006651_27  -            164 54430at72274         -            117    0.0031   15.9   0.0   1   1   2.5e-05    0.0053   15.2   0.0    47    97    89   145    83   151 0.84 # 30070 # 30561 # -1 # ID=49_27;partial=00;start_type=ATG;rbs_motif=GGAG/GAGG;rbs_spacer=5-10bp;gc_cont=0.583
NODE_22_length_97006_cov_43.305319_45  -            195 54430at72274         -            117    0.0041   15.5   0.1   1   1   3.1e-05    0.0067   14.9   0.1    28   106    76   164    50   171 0.75 # 49161 # 49745 # -1 # ID=22_45;partial=00;start_type=ATG;rbs_motif=GGA/GAG/AGG;rbs_spacer=5-10bp;gc_cont=0.586
NODE_24_length_96862_cov_42.248928_14  -            153 54430at72274         -            117    0.0061   15.0   0.0   1   1     4e-05    0.0086   14.5   0.0    50   106    84   146    59   150 0.76 # 13927 # 14385 # -1 # ID=24_14;partial=00;start_type=ATG;rbs_motif=GGAG/GAGG;rbs_spacer=5-10bp;gc_cont=0.558
NODE_48_length_54482_cov_43.539218_41  -            217 54430at72274         -            117    0.0062   15.0   0.0   1   1   8.7e-05     0.019   13.4   0.0    44   100   129   191   115   194 0.78 # 46902 # 47552 # -1 # ID=48_41;partial=00;start_type=ATG;rbs_motif=GGAG/GAGG;rbs_spacer=5-10bp;gc_cont=0.610
NODE_21_length_98802_cov_44.897283_52  -            194 54430at72274         -            117     0.011   14.2   0.0   1   1   6.5e-05     0.014   13.8   0.0    33    73   108   150    83   183 0.86 # 46126 # 46707 # 1 # ID=21_52;partial=00;start_type=ATG;rbs_motif=GGA/GAG/AGG;rbs_spacer=5-10bp;gc_cont=0.416
NODE_1_length_352372_cov_43.300394_7   -            433 54430at72274         -            117     0.062   11.7   0.1   1   2       6.4   1.4e+03   -2.3   0.0    37    55    87   105    83   108 0.84 # 5921 # 7219 # 1 # ID=1_7;partial=00;start_type=ATG;rbs_motif=GGA/GAG/AGG;rbs_spacer=5-10bp;gc_cont=0.630
NODE_1_length_352372_cov_43.300394_7   -            433 54430at72274         -            117     0.062   11.7   0.1   2   2    0.0009      0.19   10.1   0.0    32    75   335   380   318   387 0.80 # 5921 # 7219 # 1 # ID=1_7;partial=00;start_type=ATG;rbs_motif=GGA/GAG/AGG;rbs_spacer=5-10bp;gc_cont=0.630
#
# Program:         hmmsearch
# Version:         3.1b2 (February 2015)
# Pipeline mode:   SEARCH
# Query file:      /data2/PEG/hoaxaca/REAA/Pseudomonas/bin/busco_downloads/lineages/pseudomonadales_odb10/hmms/54430at72274.hmm
# Target file:     /data2/PEG/hoaxaca/REAA/Pseudomonas/bin/../out/busco/trim_75clip.spades_def/prodigal_output/predicted_genes/predicted.faa
# Option settings: hmmsearch --domtblout /data2/PEG/hoaxaca/REAA/Pseudomonas/bin/../out/busco/trim_75clip.spades_def/run_pseudomonadales_odb10/hmmer_output/54430at72274.out --cpu 1 /data2/PEG/hoaxaca/REAA/Pseudomonas/bin/busco_downloads/lineages/pseudomonadales_odb10/hmms/54430at72274.hmm /data2/PEG/hoaxaca/REAA/Pseudomonas/bin/../out/busco/trim_75clip.spades_def/prodigal_output/predicted_genes/predicted.faa 
# Current dir:     /data2/PEG/hoaxaca/REAA/Pseudomonas/bin
# Date:            Mon Feb 20 00:32:37 2023
# [ok]
