#                                                                                              --- full sequence --- -------------- this domain -------------   hmm coord   ali coord   env coord
# target name                          accession   tlen query name           accession   qlen   E-value  score  bias   #  of  c-Evalue  i-Evalue  score  bias  from    to  from    to  from    to  acc description of target
#                  ------------------- ---------- ----- -------------------- ---------- ----- --------- ------ ----- --- --- --------- --------- ------ ----- ----- ----- ----- ----- ----- ----- ---- ---------------------
NODE_1_length_352372_cov_43.300394_309 -            273 55277at72274         -            186   5.2e-80  266.1   0.0   1   1   4.5e-82   2.9e-79  263.7   0.0     3   186    12   226    10   226 0.88 # 332404 # 333222 # 1 # ID=1_309;partial=00;start_type=ATG;rbs_motif=None;rbs_spacer=None;gc_cont=0.611
NODE_2_length_234130_cov_42.625966_132 -            224 55277at72274         -            186     1e-28   98.9   0.0   1   1   2.7e-31   1.7e-28   98.1   0.0     5   172     4   194     1   209 0.83 # 152408 # 153079 # -1 # ID=2_132;partial=00;start_type=GTG;rbs_motif=AGGAG;rbs_spacer=5-10bp;gc_cont=0.628
NODE_8_length_160420_cov_42.382234_110 -            221 55277at72274         -            186   2.5e-19   68.3   0.0   1   1   1.2e-21   7.9e-19   66.6   0.0     3   175     5   198     3   213 0.78 # 105047 # 105709 # -1 # ID=8_110;partial=00;start_type=GTG;rbs_motif=GGAG/GAGG;rbs_spacer=5-10bp;gc_cont=0.611
NODE_6_length_186800_cov_43.969648_108 -            218 55277at72274         -            186   1.5e-16   59.2   0.0   1   1     1e-18   6.5e-16   57.1   0.0     5   174     4   194     1   203 0.74 # 113145 # 113798 # -1 # ID=6_108;partial=00;start_type=ATG;rbs_motif=AGGA;rbs_spacer=5-10bp;gc_cont=0.602
NODE_24_length_96862_cov_42.248928_83  -            196 55277at72274         -            186   1.5e-07   29.9   0.1   1   1   6.3e-09     4e-06   25.2   0.1     8   165    10   171     4   191 0.64 # 85987 # 86574 # 1 # ID=24_83;partial=00;start_type=ATG;rbs_motif=AGGA;rbs_spacer=5-10bp;gc_cont=0.626
NODE_32_length_72113_cov_43.969136_23  -            232 55277at72274         -            186   6.5e-07   27.8   0.0   1   2   0.00023      0.15   10.4   0.0     5    36     4    35     1    43 0.83 # 19814 # 20509 # 1 # ID=32_23;partial=00;start_type=ATG;rbs_motif=GGA/GAG/AGG;rbs_spacer=5-10bp;gc_cont=0.628
NODE_32_length_72113_cov_43.969136_23  -            232 55277at72274         -            186   6.5e-07   27.8   0.0   2   2   5.8e-06    0.0037   15.6   0.0    63   162    93   198    68   204 0.80 # 19814 # 20509 # 1 # ID=32_23;partial=00;start_type=ATG;rbs_motif=GGA/GAG/AGG;rbs_spacer=5-10bp;gc_cont=0.628
NODE_8_length_160420_cov_42.382234_40  -            229 55277at72274         -            186   1.5e-05   23.3   0.0   1   2   0.00015     0.095   11.0   0.0     5    60    11    65     7    76 0.86 # 41607 # 42293 # -1 # ID=8_40;partial=00;start_type=ATG;rbs_motif=GGA/GAG/AGG;rbs_spacer=5-10bp;gc_cont=0.607
NODE_8_length_160420_cov_42.382234_40  -            229 55277at72274         -            186   1.5e-05   23.3   0.0   2   2   0.00018      0.12   10.7   0.0   111   164   134   194    95   217 0.81 # 41607 # 42293 # -1 # ID=8_40;partial=00;start_type=ATG;rbs_motif=GGA/GAG/AGG;rbs_spacer=5-10bp;gc_cont=0.607
NODE_31_length_74897_cov_42.638144_38  -            225 55277at72274         -            186   0.00015   20.1   0.1   1   1   2.4e-06    0.0016   16.8   0.1     5   165    14   188    10   193 0.67 # 38126 # 38800 # 1 # ID=31_38;partial=00;start_type=GTG;rbs_motif=GGAG/GAGG;rbs_spacer=5-10bp;gc_cont=0.639
NODE_9_length_148151_cov_43.734132_9   -            233 55277at72274         -            186   0.00058   18.2   0.0   1   2     0.002       1.3    7.3   0.0     4    36     3    35     1    50 0.81 # 4255 # 4953 # -1 # ID=9_9;partial=00;start_type=GTG;rbs_motif=GGAG/GAGG;rbs_spacer=5-10bp;gc_cont=0.598
NODE_9_length_148151_cov_43.734132_9   -            233 55277at72274         -            186   0.00058   18.2   0.0   2   2   0.00058      0.37    9.0   0.0    72   162   100   200    57   223 0.71 # 4255 # 4953 # -1 # ID=9_9;partial=00;start_type=GTG;rbs_motif=GGAG/GAGG;rbs_spacer=5-10bp;gc_cont=0.598
NODE_6_length_186800_cov_43.969648_71  -            179 55277at72274         -            186     0.021   13.1   0.0   1   1   6.6e-05     0.042   12.1   0.0   124   168   100   149    94   171 0.73 # 78990 # 79526 # -1 # ID=6_71;partial=00;start_type=ATG;rbs_motif=None;rbs_spacer=None;gc_cont=0.577
#
# Program:         hmmsearch
# Version:         3.1b2 (February 2015)
# Pipeline mode:   SEARCH
# Query file:      /data2/PEG/hoaxaca/REAA/Pseudomonas/bin/busco_downloads/lineages/pseudomonadales_odb10/hmms/55277at72274.hmm
# Target file:     /data2/PEG/hoaxaca/REAA/Pseudomonas/bin/../out/busco/trim_75clip.spades_def/prodigal_output/predicted_genes/predicted.faa
# Option settings: hmmsearch --domtblout /data2/PEG/hoaxaca/REAA/Pseudomonas/bin/../out/busco/trim_75clip.spades_def/run_pseudomonadales_odb10/hmmer_output/55277at72274.out --cpu 1 /data2/PEG/hoaxaca/REAA/Pseudomonas/bin/busco_downloads/lineages/pseudomonadales_odb10/hmms/55277at72274.hmm /data2/PEG/hoaxaca/REAA/Pseudomonas/bin/../out/busco/trim_75clip.spades_def/prodigal_output/predicted_genes/predicted.faa 
# Current dir:     /data2/PEG/hoaxaca/REAA/Pseudomonas/bin
# Date:            Mon Feb 20 00:32:37 2023
# [ok]
