#                                                                                              --- full sequence --- -------------- this domain -------------   hmm coord   ali coord   env coord
# target name                          accession   tlen query name           accession   qlen   E-value  score  bias   #  of  c-Evalue  i-Evalue  score  bias  from    to  from    to  from    to  acc description of target
#                  ------------------- ---------- ----- -------------------- ---------- ----- --------- ------ ----- --- --- --------- --------- ------ ----- ----- ----- ----- ----- ----- ----- ---- ---------------------
NODE_10_length_140278_cov_43.717628_77 -            138 56209at72274         -            137   5.3e-66  219.1   0.2   1   1   7.3e-69   5.8e-66  219.0   0.2     1   137     1   137     1   137 1.00 # 87451 # 87864 # -1 # ID=10_77;partial=00;start_type=ATG;rbs_motif=GGA/GAG/AGG;rbs_spacer=5-10bp;gc_cont=0.606
NODE_50_length_52400_cov_41.716649_4   -            527 56209at72274         -            137   3.5e-31  106.3   0.0   1   4   3.3e-11   2.6e-08   32.2   0.0    44   131    13   101     3   105 0.84 # 2763 # 4343 # 1 # ID=50_4;partial=00;start_type=ATG;rbs_motif=GGA/GAG/AGG;rbs_spacer=5-10bp;gc_cont=0.654
NODE_50_length_52400_cov_41.716649_4   -            527 56209at72274         -            137   3.5e-31  106.3   0.0   2   4     6e-08   4.8e-05   21.7   0.0    29   129   120   223   118   229 0.85 # 2763 # 4343 # 1 # ID=50_4;partial=00;start_type=ATG;rbs_motif=GGA/GAG/AGG;rbs_spacer=5-10bp;gc_cont=0.654
NODE_50_length_52400_cov_41.716649_4   -            527 56209at72274         -            137   3.5e-31  106.3   0.0   3   4   2.1e-10   1.7e-07   29.6   0.0    51   122   279   350   261   351 0.94 # 2763 # 4343 # 1 # ID=50_4;partial=00;start_type=ATG;rbs_motif=GGA/GAG/AGG;rbs_spacer=5-10bp;gc_cont=0.654
NODE_50_length_52400_cov_41.716649_4   -            527 56209at72274         -            137   3.5e-31  106.3   0.0   4   4   1.3e-06     0.001   17.4   0.0    37   135   375   472   369   474 0.91 # 2763 # 4343 # 1 # ID=50_4;partial=00;start_type=ATG;rbs_motif=GGA/GAG/AGG;rbs_spacer=5-10bp;gc_cont=0.654
NODE_44_length_58074_cov_43.351126_7   -            904 56209at72274         -            137   1.2e-29  101.4   0.0   1   4   3.1e-11   2.5e-08   32.3   0.0    37   135     4   105     1   107 0.88 # 15114 # 17825 # -1 # ID=44_7;partial=00;start_type=ATG;rbs_motif=GGA/GAG/AGG;rbs_spacer=5-10bp;gc_cont=0.633
NODE_44_length_58074_cov_43.351126_7   -            904 56209at72274         -            137   1.2e-29  101.4   0.0   2   4   3.4e-07   0.00027   19.2   0.0    49   129   141   223   119   229 0.84 # 15114 # 17825 # -1 # ID=44_7;partial=00;start_type=ATG;rbs_motif=GGA/GAG/AGG;rbs_spacer=5-10bp;gc_cont=0.633
NODE_44_length_58074_cov_43.351126_7   -            904 56209at72274         -            137   1.2e-29  101.4   0.0   3   4   2.1e-09   1.7e-06   26.4   0.0    53   127   281   355   274   360 0.95 # 15114 # 17825 # -1 # ID=44_7;partial=00;start_type=ATG;rbs_motif=GGA/GAG/AGG;rbs_spacer=5-10bp;gc_cont=0.633
NODE_44_length_58074_cov_43.351126_7   -            904 56209at72274         -            137   1.2e-29  101.4   0.0   4   4   1.5e-06    0.0012   17.1   0.0    38   136   373   460   371   461 0.86 # 15114 # 17825 # -1 # ID=44_7;partial=00;start_type=ATG;rbs_motif=GGA/GAG/AGG;rbs_spacer=5-10bp;gc_cont=0.633
NODE_1_length_352372_cov_43.300394_290 -            110 56209at72274         -            137   6.2e-14   50.5   0.0   1   1   9.1e-17   7.3e-14   50.2   0.0    44   130    12    97     3   100 0.90 # 311224 # 311553 # -1 # ID=1_290;partial=00;start_type=ATG;rbs_motif=AGGAG;rbs_spacer=5-10bp;gc_cont=0.612
NODE_38_length_63635_cov_41.113825_18  -            620 56209at72274         -            137   4.5e-09   34.7   0.0   1   1   1.1e-11   8.9e-09   33.8   0.0    36   131   515   611   510   618 0.87 # 21397 # 23256 # 1 # ID=38_18;partial=00;start_type=ATG;rbs_motif=None;rbs_spacer=None;gc_cont=0.616
NODE_3_length_212343_cov_42.826340_181 -            272 56209at72274         -            137   8.4e-06   24.1   0.0   1   3    0.0011      0.85    7.9   0.0    44    74    17    47    10    54 0.81 # 207434 # 208249 # 1 # ID=3_181;partial=00;start_type=ATG;rbs_motif=AGGAG;rbs_spacer=5-10bp;gc_cont=0.647
NODE_3_length_212343_cov_42.826340_181 -            272 56209at72274         -            137   8.4e-06   24.1   0.0   2   3   0.00017      0.13   10.5   0.0    78   135    68   127    63   129 0.85 # 207434 # 208249 # 1 # ID=3_181;partial=00;start_type=ATG;rbs_motif=AGGAG;rbs_spacer=5-10bp;gc_cont=0.647
NODE_3_length_212343_cov_42.826340_181 -            272 56209at72274         -            137   8.4e-06   24.1   0.0   3   3     0.089        71    1.7   0.0    66    96   185   215   181   261 0.71 # 207434 # 208249 # 1 # ID=3_181;partial=00;start_type=ATG;rbs_motif=AGGAG;rbs_spacer=5-10bp;gc_cont=0.647
NODE_68_length_29834_cov_42.840357_5   -            315 56209at72274         -            137   3.2e-05   22.3   0.0   1   1   6.2e-08     5e-05   21.6   0.0    31   128   107   209    96   214 0.86 # 3760 # 4704 # 1 # ID=68_5;partial=00;start_type=ATG;rbs_motif=GGAG/GAGG;rbs_spacer=5-10bp;gc_cont=0.575
NODE_1_length_352372_cov_43.300394_83  -            285 56209at72274         -            137   0.00062   18.1   0.0   1   3      0.19   1.6e+02    0.6   0.0    38    72     7    49     4    58 0.61 # 87845 # 88699 # 1 # ID=1_83;partial=00;start_type=ATG;rbs_motif=AGGAG;rbs_spacer=5-10bp;gc_cont=0.650
NODE_1_length_352372_cov_43.300394_83  -            285 56209at72274         -            137   0.00062   18.1   0.0   2   3    0.0045       3.6    5.9   0.0   118   135   119   136    86   138 0.82 # 87845 # 88699 # 1 # ID=1_83;partial=00;start_type=ATG;rbs_motif=AGGAG;rbs_spacer=5-10bp;gc_cont=0.650
NODE_1_length_352372_cov_43.300394_83  -            285 56209at72274         -            137   0.00062   18.1   0.0   3   3    0.0014       1.1    7.5   0.0    65   128   207   272   197   276 0.83 # 87845 # 88699 # 1 # ID=1_83;partial=00;start_type=ATG;rbs_motif=AGGAG;rbs_spacer=5-10bp;gc_cont=0.650
#
# Program:         hmmsearch
# Version:         3.1b2 (February 2015)
# Pipeline mode:   SEARCH
# Query file:      /data2/PEG/hoaxaca/REAA/Pseudomonas/bin/busco_downloads/lineages/pseudomonadales_odb10/hmms/56209at72274.hmm
# Target file:     /data2/PEG/hoaxaca/REAA/Pseudomonas/bin/../out/busco/trim_75clip.spades_def/prodigal_output/predicted_genes/predicted.faa
# Option settings: hmmsearch --domtblout /data2/PEG/hoaxaca/REAA/Pseudomonas/bin/../out/busco/trim_75clip.spades_def/run_pseudomonadales_odb10/hmmer_output/56209at72274.out --cpu 1 /data2/PEG/hoaxaca/REAA/Pseudomonas/bin/busco_downloads/lineages/pseudomonadales_odb10/hmms/56209at72274.hmm /data2/PEG/hoaxaca/REAA/Pseudomonas/bin/../out/busco/trim_75clip.spades_def/prodigal_output/predicted_genes/predicted.faa 
# Current dir:     /data2/PEG/hoaxaca/REAA/Pseudomonas/bin
# Date:            Mon Feb 20 00:32:38 2023
# [ok]
