#                                                                                              --- full sequence --- -------------- this domain -------------   hmm coord   ali coord   env coord
# target name                          accession   tlen query name           accession   qlen   E-value  score  bias   #  of  c-Evalue  i-Evalue  score  bias  from    to  from    to  from    to  acc description of target
#                  ------------------- ---------- ----- -------------------- ---------- ----- --------- ------ ----- --- --- --------- --------- ------ ----- ----- ----- ----- ----- ----- ----- ---- ---------------------
NODE_1_length_352372_cov_43.300394_312 -            198 56907at72274         -            157   2.7e-79  262.7   0.2   1   1   5.9e-82   5.4e-79  261.8   0.2     1   157     1   190     1   190 0.89 # 337246 # 337839 # 1 # ID=1_312;partial=00;start_type=ATG;rbs_motif=AGGA/GGAG/GAGG;rbs_spacer=11-12bp;gc_cont=0.609
NODE_59_length_38646_cov_42.936410_29  -            198 56907at72274         -            157   1.8e-50  169.1   0.0   1   1   1.4e-52   1.3e-49  166.3   0.0     2   157     3   188     2   188 0.86 # 31889 # 32482 # 1 # ID=59_29;partial=00;start_type=ATG;rbs_motif=AGGAG;rbs_spacer=5-10bp;gc_cont=0.534
NODE_5_length_205536_cov_43.475207_24  -            638 56907at72274         -            157   6.9e-08   30.7   0.0   1   1   8.6e-10   7.9e-07   27.3   0.0     2   156   438   618   437   619 0.64 # 23375 # 25288 # 1 # ID=5_24;partial=00;start_type=ATG;rbs_motif=GGAG/GAGG;rbs_spacer=5-10bp;gc_cont=0.627
NODE_11_length_139104_cov_53.491280_61 -            379 56907at72274         -            157   7.8e-08   30.6   0.0   1   1   1.3e-10   1.2e-07   29.9   0.0    12    92   202   293   193   353 0.80 # 79290 # 80426 # 1 # ID=11_61;partial=00;start_type=TTG;rbs_motif=GGAGG;rbs_spacer=5-10bp;gc_cont=0.600
NODE_15_length_113069_cov_45.201338_39 -            526 56907at72274         -            157   4.5e-07   28.1   0.0   1   2   6.5e-06    0.0059   14.7   0.0    33    83    48   101    10   120 0.84 # 39587 # 41164 # 1 # ID=15_39;partial=00;start_type=ATG;rbs_motif=GGA/GAG/AGG;rbs_spacer=5-10bp;gc_cont=0.617
NODE_15_length_113069_cov_45.201338_39 -            526 56907at72274         -            157   4.5e-07   28.1   0.0   2   2   8.2e-05     0.075   11.1   0.0   107   157   147   198   128   198 0.84 # 39587 # 41164 # 1 # ID=15_39;partial=00;start_type=ATG;rbs_motif=GGA/GAG/AGG;rbs_spacer=5-10bp;gc_cont=0.617
NODE_1_length_352372_cov_43.300394_18  -            260 56907at72274         -            157   0.00038   18.6   0.1   1   2   5.5e-06    0.0051   14.9   0.0    58    86   103   131    86   161 0.83 # 17820 # 18599 # 1 # ID=1_18;partial=00;start_type=ATG;rbs_motif=None;rbs_spacer=None;gc_cont=0.600
NODE_1_length_352372_cov_43.300394_18  -            260 56907at72274         -            157   0.00038   18.6   0.1   2   2     0.094        86    1.2   0.0   136   152   217   233   206   240 0.78 # 17820 # 18599 # 1 # ID=1_18;partial=00;start_type=ATG;rbs_motif=None;rbs_spacer=None;gc_cont=0.600
NODE_10_length_140278_cov_43.717628_87 -            213 56907at72274         -            157     0.034   12.2   0.1   1   2    0.0083       7.6    4.6   0.0    57    74    70    87    23    99 0.88 # 97075 # 97713 # -1 # ID=10_87;partial=00;start_type=ATG;rbs_motif=GGA/GAG/AGG;rbs_spacer=5-10bp;gc_cont=0.635
NODE_10_length_140278_cov_43.717628_87 -            213 56907at72274         -            157     0.034   12.2   0.1   2   2    0.0037       3.4    5.7   0.1   136   156   186   205   182   206 0.87 # 97075 # 97713 # -1 # ID=10_87;partial=00;start_type=ATG;rbs_motif=GGA/GAG/AGG;rbs_spacer=5-10bp;gc_cont=0.635
#
# Program:         hmmsearch
# Version:         3.1b2 (February 2015)
# Pipeline mode:   SEARCH
# Query file:      /data2/PEG/hoaxaca/REAA/Pseudomonas/bin/busco_downloads/lineages/pseudomonadales_odb10/hmms/56907at72274.hmm
# Target file:     /data2/PEG/hoaxaca/REAA/Pseudomonas/bin/../out/busco/trim_75clip.spades_def/prodigal_output/predicted_genes/predicted.faa
# Option settings: hmmsearch --domtblout /data2/PEG/hoaxaca/REAA/Pseudomonas/bin/../out/busco/trim_75clip.spades_def/run_pseudomonadales_odb10/hmmer_output/56907at72274.out --cpu 1 /data2/PEG/hoaxaca/REAA/Pseudomonas/bin/busco_downloads/lineages/pseudomonadales_odb10/hmms/56907at72274.hmm /data2/PEG/hoaxaca/REAA/Pseudomonas/bin/../out/busco/trim_75clip.spades_def/prodigal_output/predicted_genes/predicted.faa 
# Current dir:     /data2/PEG/hoaxaca/REAA/Pseudomonas/bin
# Date:            Mon Feb 20 00:32:39 2023
# [ok]
