#                                                                                              --- full sequence --- -------------- this domain -------------   hmm coord   ali coord   env coord
# target name                          accession   tlen query name           accession   qlen   E-value  score  bias   #  of  c-Evalue  i-Evalue  score  bias  from    to  from    to  from    to  acc description of target
#                  ------------------- ---------- ----- -------------------- ---------- ----- --------- ------ ----- --- --- --------- --------- ------ ----- ----- ----- ----- ----- ----- ----- ---- ---------------------
NODE_33_length_71423_cov_44.044782_66  -            600 5969at72274          -            521         0 1029.5   1.4   1   1         0         0 1029.1   1.4     1   521     6   596     6   596 0.95 # 63698 # 65497 # -1 # ID=33_66;partial=00;start_type=GTG;rbs_motif=GGA/GAG/AGG;rbs_spacer=5-10bp;gc_cont=0.577
NODE_10_length_140278_cov_43.717628_66 -            607 5969at72274          -            521     1e-35  121.8   0.2   1   1   3.4e-38   3.2e-35  120.2   0.2     1   204     4   235     4   434 0.86 # 76200 # 78020 # -1 # ID=10_66;partial=00;start_type=GTG;rbs_motif=GGA/GAG/AGG;rbs_spacer=5-10bp;gc_cont=0.567
NODE_21_length_98802_cov_44.897283_14  -            702 5969at72274          -            521   2.6e-35  120.4   0.2   1   3   2.4e-25   2.2e-22   77.8   0.0     2   144    10   164     9   180 0.87 # 16097 # 18202 # 1 # ID=21_14;partial=00;start_type=ATG;rbs_motif=GGAG/GAGG;rbs_spacer=5-10bp;gc_cont=0.543
NODE_21_length_98802_cov_44.897283_14  -            702 5969at72274          -            521   2.6e-35  120.4   0.2   2   3   1.8e-10   1.6e-07   28.7   0.1   169   344   313   497   281   507 0.79 # 16097 # 18202 # 1 # ID=21_14;partial=00;start_type=ATG;rbs_motif=GGAG/GAGG;rbs_spacer=5-10bp;gc_cont=0.543
NODE_21_length_98802_cov_44.897283_14  -            702 5969at72274          -            521   2.6e-35  120.4   0.2   3   3     7e-05     0.064   10.3   0.0   351   419   609   682   588   686 0.83 # 16097 # 18202 # 1 # ID=21_14;partial=00;start_type=ATG;rbs_motif=GGAG/GAGG;rbs_spacer=5-10bp;gc_cont=0.543
NODE_4_length_205573_cov_43.972436_170 -            528 5969at72274          -            521   8.1e-27   92.4   0.0   1   3   1.7e-25   1.6e-22   78.3   0.0     3   148    12   165    10   173 0.89 # 186292 # 187875 # -1 # ID=4_170;partial=00;start_type=ATG;rbs_motif=GGA/GAG/AGG;rbs_spacer=5-10bp;gc_cont=0.603
NODE_4_length_205573_cov_43.972436_170 -            528 5969at72274          -            521   8.1e-27   92.4   0.0   2   3       1.1     1e+03   -3.6   0.0   155   172   259   276   255   280 0.84 # 186292 # 187875 # -1 # ID=4_170;partial=00;start_type=ATG;rbs_motif=GGA/GAG/AGG;rbs_spacer=5-10bp;gc_cont=0.603
NODE_4_length_205573_cov_43.972436_170 -            528 5969at72274          -            521   8.1e-27   92.4   0.0   3   3   2.6e-05     0.024   11.7   0.0   193   344   315   473   300   487 0.72 # 186292 # 187875 # -1 # ID=4_170;partial=00;start_type=ATG;rbs_motif=GGA/GAG/AGG;rbs_spacer=5-10bp;gc_cont=0.603
NODE_11_length_139104_cov_53.491280_73 -            841 5969at72274          -            521   1.1e-18   65.6   0.7   1   1   4.9e-21   4.5e-18   63.6   0.7     7   212   347   554   344   563 0.82 # 93703 # 96225 # 1 # ID=11_73;partial=00;start_type=ATG;rbs_motif=AGGAG;rbs_spacer=5-10bp;gc_cont=0.587
NODE_21_length_98802_cov_44.897283_15  -            398 5969at72274          -            521   2.8e-13   47.8   0.3   1   1   4.9e-16   4.5e-13   47.1   0.3     4   129    14   142    12   278 0.89 # 18233 # 19426 # 1 # ID=21_15;partial=00;start_type=GTG;rbs_motif=AGGAG;rbs_spacer=5-10bp;gc_cont=0.545
NODE_70_length_27195_cov_43.730361_6   -            633 5969at72274          -            521   1.8e-09   35.2   0.9   1   2   4.3e-12     4e-09   34.1   0.2    36   131    76   173    25   184 0.82 # 6110 # 8008 # 1 # ID=70_6;partial=00;start_type=ATG;rbs_motif=GGA/GAG/AGG;rbs_spacer=5-10bp;gc_cont=0.622
NODE_70_length_27195_cov_43.730361_6   -            633 5969at72274          -            521   1.8e-09   35.2   0.9   2   2       1.2   1.1e+03   -3.7   0.0   197   236   267   312   265   328 0.64 # 6110 # 8008 # 1 # ID=70_6;partial=00;start_type=ATG;rbs_motif=GGA/GAG/AGG;rbs_spacer=5-10bp;gc_cont=0.622
#
# Program:         hmmsearch
# Version:         3.1b2 (February 2015)
# Pipeline mode:   SEARCH
# Query file:      /data2/PEG/hoaxaca/REAA/Pseudomonas/bin/busco_downloads/lineages/pseudomonadales_odb10/hmms/5969at72274.hmm
# Target file:     /data2/PEG/hoaxaca/REAA/Pseudomonas/bin/../out/busco/trim_75clip.spades_def/prodigal_output/predicted_genes/predicted.faa
# Option settings: hmmsearch --domtblout /data2/PEG/hoaxaca/REAA/Pseudomonas/bin/../out/busco/trim_75clip.spades_def/run_pseudomonadales_odb10/hmmer_output/5969at72274.out --cpu 1 /data2/PEG/hoaxaca/REAA/Pseudomonas/bin/busco_downloads/lineages/pseudomonadales_odb10/hmms/5969at72274.hmm /data2/PEG/hoaxaca/REAA/Pseudomonas/bin/../out/busco/trim_75clip.spades_def/prodigal_output/predicted_genes/predicted.faa 
# Current dir:     /data2/PEG/hoaxaca/REAA/Pseudomonas/bin
# Date:            Mon Feb 20 00:32:41 2023
# [ok]
