#                                                                                               --- full sequence --- -------------- this domain -------------   hmm coord   ali coord   env coord
# target name                           accession   tlen query name           accession   qlen   E-value  score  bias   #  of  c-Evalue  i-Evalue  score  bias  from    to  from    to  from    to  acc description of target
#                   ------------------- ---------- ----- -------------------- ---------- ----- --------- ------ ----- --- --- --------- --------- ------ ----- ----- ----- ----- ----- ----- ----- ---- ---------------------
NODE_11_length_139104_cov_53.491280_106 -            575 6086at72274          -            521         0 1032.1   2.1   1   1         0         0 1031.3   2.1     1   521     1   574     1   574 0.95 # 133058 # 134782 # 1 # ID=11_106;partial=00;start_type=GTG;rbs_motif=GGAG/GAGG;rbs_spacer=5-10bp;gc_cont=0.580
NODE_26_length_93713_cov_43.358079_50   -            592 6086at72274          -            521   1.4e-85  286.4   1.0   1   2   1.4e-70   1.5e-67  226.9   0.2     6   328     6   337     1   360 0.91 # 41586 # 43361 # -1 # ID=26_50;partial=00;start_type=ATG;rbs_motif=GGAG/GAGG;rbs_spacer=5-10bp;gc_cont=0.622
NODE_26_length_93713_cov_43.358079_50   -            592 6086at72274          -            521   1.4e-85  286.4   1.0   2   2   1.8e-19     2e-16   58.2   0.0   331   446   365   484   353   503 0.87 # 41586 # 43361 # -1 # ID=26_50;partial=00;start_type=ATG;rbs_motif=GGAG/GAGG;rbs_spacer=5-10bp;gc_cont=0.622
NODE_60_length_38038_cov_42.289050_21   -            537 6086at72274          -            521   1.8e-57  193.6   0.0   1   1   3.4e-59   3.6e-56  189.3   0.0     3   473     5   501     3   514 0.82 # 21448 # 23058 # -1 # ID=60_21;partial=00;start_type=ATG;rbs_motif=AGGAG;rbs_spacer=5-10bp;gc_cont=0.644
NODE_25_length_94792_cov_41.391822_90   -            542 6086at72274          -            521   2.1e-57  193.4   0.1   1   1   1.6e-59   1.7e-56  190.4   0.1     5   482     3   511     1   523 0.79 # 85337 # 86962 # -1 # ID=25_90;partial=00;start_type=ATG;rbs_motif=GGA/GAG/AGG;rbs_spacer=5-10bp;gc_cont=0.657
NODE_89_length_15638_cov_40.850029_5    -            575 6086at72274          -            521   3.8e-46  156.3   0.0   1   2   1.1e-28   1.1e-25   88.7   0.0     6   324     6   323     1   330 0.88 # 2983 # 4707 # -1 # ID=89_5;partial=00;start_type=ATG;rbs_motif=GGAG/GAGG;rbs_spacer=5-10bp;gc_cont=0.634
NODE_89_length_15638_cov_40.850029_5    -            575 6086at72274          -            521   3.8e-46  156.3   0.0   2   2   1.1e-21   1.2e-18   65.6   0.0   336   510   359   542   354   547 0.85 # 2983 # 4707 # -1 # ID=89_5;partial=00;start_type=ATG;rbs_motif=GGAG/GAGG;rbs_spacer=5-10bp;gc_cont=0.634
NODE_18_length_105322_cov_43.609203_38  -            644 6086at72274          -            521     8e-26   89.2   0.0   1   2   1.7e-21   1.8e-18   64.9   0.0    18   282    33   313    13   379 0.79 # 37284 # 39215 # -1 # ID=18_38;partial=00;start_type=ATG;rbs_motif=GGA/GAG/AGG;rbs_spacer=5-10bp;gc_cont=0.624
NODE_18_length_105322_cov_43.609203_38  -            644 6086at72274          -            521     8e-26   89.2   0.0   2   2   1.4e-08   1.5e-05   22.3   0.0   380   448   462   531   426   607 0.83 # 37284 # 39215 # -1 # ID=18_38;partial=00;start_type=ATG;rbs_motif=GGA/GAG/AGG;rbs_spacer=5-10bp;gc_cont=0.624
#
# Program:         hmmsearch
# Version:         3.1b2 (February 2015)
# Pipeline mode:   SEARCH
# Query file:      /data2/PEG/hoaxaca/REAA/Pseudomonas/bin/busco_downloads/lineages/pseudomonadales_odb10/hmms/6086at72274.hmm
# Target file:     /data2/PEG/hoaxaca/REAA/Pseudomonas/bin/../out/busco/trim_75clip.spades_def/prodigal_output/predicted_genes/predicted.faa
# Option settings: hmmsearch --domtblout /data2/PEG/hoaxaca/REAA/Pseudomonas/bin/../out/busco/trim_75clip.spades_def/run_pseudomonadales_odb10/hmmer_output/6086at72274.out --cpu 1 /data2/PEG/hoaxaca/REAA/Pseudomonas/bin/busco_downloads/lineages/pseudomonadales_odb10/hmms/6086at72274.hmm /data2/PEG/hoaxaca/REAA/Pseudomonas/bin/../out/busco/trim_75clip.spades_def/prodigal_output/predicted_genes/predicted.faa 
# Current dir:     /data2/PEG/hoaxaca/REAA/Pseudomonas/bin
# Date:            Mon Feb 20 00:32:41 2023
# [ok]
