#                                                                                              --- full sequence --- -------------- this domain -------------   hmm coord   ali coord   env coord
# target name                          accession   tlen query name           accession   qlen   E-value  score  bias   #  of  c-Evalue  i-Evalue  score  bias  from    to  from    to  from    to  acc description of target
#                  ------------------- ---------- ----- -------------------- ---------- ----- --------- ------ ----- --- --- --------- --------- ------ ----- ----- ----- ----- ----- ----- ----- ---- ---------------------
NODE_4_length_205573_cov_43.972436_104 -            175 60956at72274         -            154   1.8e-72  240.8   0.2   1   1   3.7e-75     2e-72  240.7   0.2     1   153     5   164     5   165 0.96 # 114293 # 114817 # 1 # ID=4_104;partial=00;start_type=ATG;rbs_motif=GGAG/GAGG;rbs_spacer=5-10bp;gc_cont=0.615
NODE_49_length_53283_cov_43.006651_20  -            275 60956at72274         -            154   4.2e-09   35.0   0.1   1   2    0.0011       0.6    8.5   0.0    40    77    34    71     6    80 0.83 # 21532 # 22356 # -1 # ID=49_20;partial=00;start_type=ATG;rbs_motif=None;rbs_spacer=None;gc_cont=0.632
NODE_49_length_53283_cov_43.006651_20  -            275 60956at72274         -            154   4.2e-09   35.0   0.1   2   2   1.8e-08   9.4e-06   24.1   0.2    78   151   196   273   185   274 0.84 # 21532 # 22356 # -1 # ID=49_20;partial=00;start_type=ATG;rbs_motif=None;rbs_spacer=None;gc_cont=0.632
NODE_2_length_234130_cov_42.625966_43  -            817 60956at72274         -            154   5.5e-08   31.4   0.4   1   2     0.098        52    2.2   0.0     4    25   500   521   497   526 0.87 # 52650 # 55100 # -1 # ID=2_43;partial=00;start_type=ATG;rbs_motif=GGA/GAG/AGG;rbs_spacer=5-10bp;gc_cont=0.667
NODE_2_length_234130_cov_42.625966_43  -            817 60956at72274         -            154   5.5e-08   31.4   0.4   2   2   3.5e-09   1.9e-06   26.4   0.1    45   125   639   717   633   726 0.87 # 52650 # 55100 # -1 # ID=2_43;partial=00;start_type=ATG;rbs_motif=GGA/GAG/AGG;rbs_spacer=5-10bp;gc_cont=0.667
NODE_3_length_212343_cov_42.826340_183 -            405 60956at72274         -            154     7e-07   27.8   0.1   1   2       1.6   8.7e+02   -1.7   0.0     8    26   190   208   187   213 0.80 # 209247 # 210461 # -1 # ID=3_183;partial=00;start_type=TTG;rbs_motif=GGxGG;rbs_spacer=5-10bp;gc_cont=0.611
NODE_3_length_212343_cov_42.826340_183 -            405 60956at72274         -            154     7e-07   27.8   0.1   2   2     3e-07   0.00016   20.1   0.0    60   122   309   370   268   390 0.80 # 209247 # 210461 # -1 # ID=3_183;partial=00;start_type=TTG;rbs_motif=GGxGG;rbs_spacer=5-10bp;gc_cont=0.611
NODE_1_length_352372_cov_43.300394_59  -            757 60956at72274         -            154   2.3e-05   22.9   1.2   1   2   3.2e-07   0.00017   20.0   0.5    40   130   590   678   580   683 0.85 # 58901 # 61171 # 1 # ID=1_59;partial=00;start_type=ATG;rbs_motif=GGA/GAG/AGG;rbs_spacer=5-10bp;gc_cont=0.625
NODE_1_length_352372_cov_43.300394_59  -            757 60956at72274         -            154   2.3e-05   22.9   1.2   2   2      0.14        73    1.8   0.0    92   115   676   699   672   712 0.86 # 58901 # 61171 # 1 # ID=1_59;partial=00;start_type=ATG;rbs_motif=GGA/GAG/AGG;rbs_spacer=5-10bp;gc_cont=0.625
NODE_8_length_160420_cov_42.382234_110 -            221 60956at72274         -            154   0.00017   20.1   0.1   1   2     0.059        32    2.9   0.0     8    27     6    27     2    59 0.68 # 105047 # 105709 # -1 # ID=8_110;partial=00;start_type=GTG;rbs_motif=GGAG/GAGG;rbs_spacer=5-10bp;gc_cont=0.611
NODE_8_length_160420_cov_42.382234_110 -            221 60956at72274         -            154   0.00017   20.1   0.1   2   2   1.4e-05    0.0072   14.8   0.0    82   126   147   192    95   201 0.66 # 105047 # 105709 # -1 # ID=8_110;partial=00;start_type=GTG;rbs_motif=GGAG/GAGG;rbs_spacer=5-10bp;gc_cont=0.611
NODE_73_length_24952_cov_43.342732_3   -            691 60956at72274         -            154     0.004   15.6   1.2   1   1     2e-05      0.01   14.2   1.2    43   127   467   549   440   557 0.82 # 3125 # 5197 # 1 # ID=73_3;partial=00;start_type=ATG;rbs_motif=GGA/GAG/AGG;rbs_spacer=5-10bp;gc_cont=0.645
NODE_1_length_352372_cov_43.300394_309 -            273 60956at72274         -            154    0.0091   14.4   0.0   1   2       0.7   3.7e+02   -0.5   0.1     9    21    14    26    10    38 0.86 # 332404 # 333222 # 1 # ID=1_309;partial=00;start_type=ATG;rbs_motif=None;rbs_spacer=None;gc_cont=0.611
NODE_1_length_352372_cov_43.300394_309 -            273 60956at72274         -            154    0.0091   14.4   0.0   2   2   0.00014     0.077   11.4   0.0    40   119   109   197    90   205 0.79 # 332404 # 333222 # 1 # ID=1_309;partial=00;start_type=ATG;rbs_motif=None;rbs_spacer=None;gc_cont=0.611
NODE_1_length_352372_cov_43.300394_51  -            219 60956at72274         -            154     0.016   13.6   0.0   1   2       1.2   6.7e+02   -1.4   0.0    46    75   102   131    97   140 0.80 # 51178 # 51834 # -1 # ID=1_51;partial=00;start_type=ATG;rbs_motif=GGA/GAG/AGG;rbs_spacer=5-10bp;gc_cont=0.601
NODE_1_length_352372_cov_43.300394_51  -            219 60956at72274         -            154     0.016   13.6   0.0   2   2   8.7e-05     0.047   12.1   0.0    78   122   153   197   121   209 0.89 # 51178 # 51834 # -1 # ID=1_51;partial=00;start_type=ATG;rbs_motif=GGA/GAG/AGG;rbs_spacer=5-10bp;gc_cont=0.601
NODE_2_length_234130_cov_42.625966_132 -            224 60956at72274         -            154     0.018   13.4   0.1   1   2      0.49   2.6e+02   -0.0   0.0     7    21     2    16     1    27 0.88 # 152408 # 153079 # -1 # ID=2_132;partial=00;start_type=GTG;rbs_motif=AGGAG;rbs_spacer=5-10bp;gc_cont=0.628
NODE_2_length_234130_cov_42.625966_132 -            224 60956at72274         -            154     0.018   13.4   0.1   2   2    0.0002      0.11   11.0   0.0    88   119   152   183   128   190 0.86 # 152408 # 153079 # -1 # ID=2_132;partial=00;start_type=GTG;rbs_motif=AGGAG;rbs_spacer=5-10bp;gc_cont=0.628
NODE_6_length_186800_cov_43.969648_108 -            218 60956at72274         -            154     0.025   13.0   0.1   1   2      0.19        99    1.3   0.0     9    22     4    17     1    27 0.85 # 113145 # 113798 # -1 # ID=6_108;partial=00;start_type=ATG;rbs_motif=AGGA;rbs_spacer=5-10bp;gc_cont=0.602
NODE_6_length_186800_cov_43.969648_108 -            218 60956at72274         -            154     0.025   13.0   0.1   2   2   0.00068      0.36    9.2   0.0    77   120   139   182   129   194 0.90 # 113145 # 113798 # -1 # ID=6_108;partial=00;start_type=ATG;rbs_motif=AGGA;rbs_spacer=5-10bp;gc_cont=0.602
NODE_116_length_5986_cov_43.408700_2   -            905 60956at72274         -            154      0.11   10.9   2.5   1   3       6.1   3.3e+03   -3.6   0.1     8    37   370   399   365   405 0.82 # 980 # 3694 # 1 # ID=116_2;partial=00;start_type=ATG;rbs_motif=AGGAG;rbs_spacer=5-10bp;gc_cont=0.608
NODE_116_length_5986_cov_43.408700_2   -            905 60956at72274         -            154      0.11   10.9   2.5   2   3     0.067        36    2.8   0.1    38    72   557   591   553   620 0.78 # 980 # 3694 # 1 # ID=116_2;partial=00;start_type=ATG;rbs_motif=AGGAG;rbs_spacer=5-10bp;gc_cont=0.608
NODE_116_length_5986_cov_43.408700_2   -            905 60956at72274         -            154      0.11   10.9   2.5   3   3    0.0033       1.8    7.0   0.0    87   125   629   667   619   677 0.85 # 980 # 3694 # 1 # ID=116_2;partial=00;start_type=ATG;rbs_motif=AGGAG;rbs_spacer=5-10bp;gc_cont=0.608
#
# Program:         hmmsearch
# Version:         3.1b2 (February 2015)
# Pipeline mode:   SEARCH
# Query file:      /data2/PEG/hoaxaca/REAA/Pseudomonas/bin/busco_downloads/lineages/pseudomonadales_odb10/hmms/60956at72274.hmm
# Target file:     /data2/PEG/hoaxaca/REAA/Pseudomonas/bin/../out/busco/trim_75clip.spades_def/prodigal_output/predicted_genes/predicted.faa
# Option settings: hmmsearch --domtblout /data2/PEG/hoaxaca/REAA/Pseudomonas/bin/../out/busco/trim_75clip.spades_def/run_pseudomonadales_odb10/hmmer_output/60956at72274.out --cpu 1 /data2/PEG/hoaxaca/REAA/Pseudomonas/bin/busco_downloads/lineages/pseudomonadales_odb10/hmms/60956at72274.hmm /data2/PEG/hoaxaca/REAA/Pseudomonas/bin/../out/busco/trim_75clip.spades_def/prodigal_output/predicted_genes/predicted.faa 
# Current dir:     /data2/PEG/hoaxaca/REAA/Pseudomonas/bin
# Date:            Mon Feb 20 00:32:42 2023
# [ok]
