#                                                                                               --- full sequence --- -------------- this domain -------------   hmm coord   ali coord   env coord
# target name                           accession   tlen query name           accession   qlen   E-value  score  bias   #  of  c-Evalue  i-Evalue  score  bias  from    to  from    to  from    to  acc description of target
#                   ------------------- ---------- ----- -------------------- ---------- ----- --------- ------ ----- --- --- --------- --------- ------ ----- ----- ----- ----- ----- ----- ----- ---- ---------------------
NODE_1_length_352372_cov_43.300394_117  -            122 61140at72274         -            103   6.9e-54  178.7   0.2   1   1   1.4e-55   8.4e-54  178.4   0.2     1   102     1   112     1   113 0.93 # 117072 # 117437 # 1 # ID=1_117;partial=00;start_type=ATG;rbs_motif=GGA/GAG/AGG;rbs_spacer=5-10bp;gc_cont=0.593
NODE_57_length_41705_cov_40.836927_9    -           1166 61140at72274         -            103   3.1e-25   86.6   0.1   1   3   1.2e-08   7.4e-07   27.6   0.0     4   101   775   879   772   881 0.79 # 8587 # 12084 # -1 # ID=57_9;partial=00;start_type=ATG;rbs_motif=GGA/GAG/AGG;rbs_spacer=5-10bp;gc_cont=0.602
NODE_57_length_41705_cov_40.836927_9    -           1166 61140at72274         -            103   3.1e-25   86.6   0.1   2   3      0.64        40    2.8   0.0     3    93   896   996   894  1005 0.60 # 8587 # 12084 # -1 # ID=57_9;partial=00;start_type=ATG;rbs_motif=GGA/GAG/AGG;rbs_spacer=5-10bp;gc_cont=0.602
NODE_57_length_41705_cov_40.836927_9    -           1166 61140at72274         -            103   3.1e-25   86.6   0.1   3   3   2.8e-16   1.7e-14   52.2   0.1     3   101  1042  1151  1040  1153 0.84 # 8587 # 12084 # -1 # ID=57_9;partial=00;start_type=ATG;rbs_motif=GGA/GAG/AGG;rbs_spacer=5-10bp;gc_cont=0.602
NODE_8_length_160420_cov_42.382234_125  -            243 61140at72274         -            103   4.7e-18   63.6   0.0   1   1   1.6e-19     1e-17   62.5   0.0    15    97    26   111     8   116 0.83 # 121318 # 122046 # -1 # ID=8_125;partial=00;start_type=ATG;rbs_motif=None;rbs_spacer=None;gc_cont=0.627
NODE_16_length_109679_cov_42.398024_7   -            128 61140at72274         -            103   1.3e-17   62.2   0.0   1   1   2.6e-19   1.6e-17   61.9   0.0     1   101     1   111     1   113 0.87 # 7804 # 8187 # 1 # ID=16_7;partial=00;start_type=ATG;rbs_motif=GGAGG;rbs_spacer=3-4bp;gc_cont=0.609
NODE_20_length_101354_cov_42.563313_41  -            230 61140at72274         -            103   1.7e-17   61.8   0.0   1   1   6.2e-19   3.8e-17   60.7   0.0     3   102     5   114     3   115 0.85 # 52625 # 53314 # -1 # ID=20_41;partial=00;start_type=ATG;rbs_motif=GGAG/GAGG;rbs_spacer=5-10bp;gc_cont=0.626
NODE_31_length_74897_cov_42.638144_34   -            224 61140at72274         -            103   1.8e-17   61.7   0.0   1   1   5.8e-19   3.6e-17   60.8   0.0     3   102     2   108     1   109 0.88 # 35654 # 36325 # -1 # ID=31_34;partial=00;start_type=ATG;rbs_motif=GGA/GAG/AGG;rbs_spacer=5-10bp;gc_cont=0.631
NODE_1_length_352372_cov_43.300394_116  -            136 61140at72274         -            103   3.6e-17   60.8   0.0   1   1   7.6e-19   4.7e-17   60.4   0.0     3   102     9   118     7   119 0.84 # 116617 # 117024 # 1 # ID=1_116;partial=00;start_type=ATG;rbs_motif=GGA/GAG/AGG;rbs_spacer=5-10bp;gc_cont=0.529
NODE_2_length_234130_cov_42.625966_175  -            232 61140at72274         -            103   4.4e-17   60.5   0.0   1   1   1.7e-18   1.1e-16   59.2   0.0     2   100     5   110     4   113 0.85 # 203779 # 204474 # 1 # ID=2_175;partial=00;start_type=ATG;rbs_motif=3Base/5BMM;rbs_spacer=13-15bp;gc_cont=0.618
NODE_2_length_234130_cov_42.625966_97   -            394 61140at72274         -            103   4.6e-17   60.4   0.0   1   1   1.2e-18   7.2e-17   59.8   0.0     2   101     6   113     5   115 0.84 # 117067 # 118248 # 1 # ID=2_97;partial=00;start_type=ATG;rbs_motif=None;rbs_spacer=None;gc_cont=0.596
NODE_4_length_205573_cov_43.972436_26   -            226 61140at72274         -            103   4.8e-17   60.4   0.0   1   1   1.5e-18   9.3e-17   59.4   0.0     3   101     2   107     1   109 0.84 # 33324 # 34001 # -1 # ID=4_26;partial=00;start_type=ATG;rbs_motif=GGA/GAG/AGG;rbs_spacer=11-12bp;gc_cont=0.630
NODE_16_length_109679_cov_42.398024_8   -            423 61140at72274         -            103   1.7e-16   58.6   0.0   1   1   4.9e-18     3e-16   57.8   0.0     3   101     7   115     5   117 0.82 # 8197 # 9465 # 1 # ID=16_8;partial=00;start_type=ATG;rbs_motif=GGA/GAG/AGG;rbs_spacer=5-10bp;gc_cont=0.599
NODE_87_length_17124_cov_44.864960_9    -            233 61140at72274         -            103     3e-16   57.8   0.0   1   1     1e-17   6.2e-16   56.8   0.0     4   102    13   121    11   122 0.85 # 7733 # 8431 # -1 # ID=87_9;partial=00;start_type=ATG;rbs_motif=AGGAG;rbs_spacer=5-10bp;gc_cont=0.641
NODE_3_length_212343_cov_42.826340_68   -            925 61140at72274         -            103   3.2e-16   57.7   0.0   1   2   8.9e-08   5.5e-06   24.8   0.0     2   100   642   756   641   759 0.78 # 68802 # 71576 # 1 # ID=3_68;partial=00;start_type=GTG;rbs_motif=GGA/GAG/AGG;rbs_spacer=5-10bp;gc_cont=0.624
NODE_3_length_212343_cov_42.826340_68   -            925 61140at72274         -            103   3.2e-16   57.7   0.0   2   2   3.1e-09   1.9e-07   29.5   0.0     3   101   793   904   792   906 0.76 # 68802 # 71576 # 1 # ID=3_68;partial=00;start_type=GTG;rbs_motif=GGA/GAG/AGG;rbs_spacer=5-10bp;gc_cont=0.624
NODE_8_length_160420_cov_42.382234_2    -            573 61140at72274         -            103   1.7e-15   55.4   0.0   1   1     1e-16   6.3e-15   53.6   0.0     3    98    12   117    10   122 0.83 # 485 # 2203 # -1 # ID=8_2;partial=00;start_type=TTG;rbs_motif=None;rbs_spacer=None;gc_cont=0.635
NODE_63_length_35873_cov_42.173767_11   -            234 61140at72274         -            103     2e-15   55.2   0.0   1   1     6e-17   3.7e-15   54.3   0.0     1   102     1   110     1   111 0.84 # 10226 # 10927 # -1 # ID=63_11;partial=00;start_type=ATG;rbs_motif=GGA/GAG/AGG;rbs_spacer=5-10bp;gc_cont=0.645
NODE_1_length_352372_cov_43.300394_120  -           1947 61140at72274         -            103     3e-15   54.6   0.4   1   1   1.5e-16     9e-15   53.1   0.2     4   102  1827  1935  1825  1936 0.84 # 120208 # 126048 # 1 # ID=1_120;partial=00;start_type=ATG;rbs_motif=GGAG/GAGG;rbs_spacer=5-10bp;gc_cont=0.638
NODE_37_length_65238_cov_44.961923_68   -            228 61140at72274         -            103   3.2e-15   54.5   0.0   1   1   7.7e-17   4.8e-15   53.9   0.0     3   101     2   109     1   111 0.85 # 61298 # 61981 # 1 # ID=37_68;partial=00;start_type=ATG;rbs_motif=GGAG/GAGG;rbs_spacer=5-10bp;gc_cont=0.599
NODE_33_length_71423_cov_44.044782_30   -            237 61140at72274         -            103   8.8e-15   53.1   0.0   1   1   2.2e-16   1.3e-14   52.5   0.0     1   102     1   109     1   110 0.86 # 25532 # 26242 # -1 # ID=33_30;partial=00;start_type=GTG;rbs_motif=None;rbs_spacer=None;gc_cont=0.626
NODE_57_length_41705_cov_40.836927_31   -            236 61140at72274         -            103   1.2e-14   52.7   0.0   1   1   2.8e-16   1.7e-14   52.1   0.0     3   100     8   112     6   115 0.82 # 37410 # 38117 # -1 # ID=57_31;partial=00;start_type=ATG;rbs_motif=GGA/GAG/AGG;rbs_spacer=5-10bp;gc_cont=0.623
NODE_1_length_352372_cov_43.300394_229  -            223 61140at72274         -            103   1.3e-14   52.5   0.0   1   1   3.4e-16   2.1e-14   51.9   0.0     1    98     1   105     1   110 0.90 # 238738 # 239406 # 1 # ID=1_229;partial=00;start_type=ATG;rbs_motif=GGA/GAG/AGG;rbs_spacer=5-10bp;gc_cont=0.629
NODE_90_length_15524_cov_39.723705_2    -            247 61140at72274         -            103   2.3e-14   51.8   0.0   1   1   5.7e-16   3.5e-14   51.2   0.0     3   102     6   114     4   115 0.82 # 1409 # 2149 # -1 # ID=90_2;partial=00;start_type=ATG;rbs_motif=GGAG/GAGG;rbs_spacer=5-10bp;gc_cont=0.637
NODE_87_length_17124_cov_44.864960_10   -           1129 61140at72274         -            103   2.9e-14   51.4   0.0   1   1   7.9e-16   4.9e-14   50.7   0.0     3   102   922  1030   920  1031 0.84 # 8406 # 11792 # -1 # ID=87_10;partial=00;start_type=GTG;rbs_motif=GGAG/GAGG;rbs_spacer=5-10bp;gc_cont=0.634
NODE_16_length_109679_cov_42.398024_29  -            237 61140at72274         -            103   3.8e-14   51.0   0.0   1   1     9e-16   5.5e-14   50.5   0.0     3   102     6   113     4   114 0.83 # 28868 # 29578 # 1 # ID=16_29;partial=00;start_type=ATG;rbs_motif=GGA/GAG/AGG;rbs_spacer=5-10bp;gc_cont=0.640
NODE_73_length_24952_cov_43.342732_5    -            231 61140at72274         -            103   4.6e-13   47.6   0.0   1   1   1.2e-14   7.6e-13   46.9   0.0     2   101     4   110     3   112 0.84 # 7975 # 8667 # 1 # ID=73_5;partial=00;start_type=ATG;rbs_motif=GGA/GAG/AGG;rbs_spacer=5-10bp;gc_cont=0.646
NODE_27_length_88680_cov_41.567210_78   -            775 61140at72274         -            103     6e-13   47.2   0.0   1   1   1.9e-14   1.1e-12   46.3   0.0     2   101   651   760   650   762 0.87 # 77652 # 79976 # 1 # ID=27_78;partial=00;start_type=GTG;rbs_motif=AGGA;rbs_spacer=5-10bp;gc_cont=0.615
NODE_37_length_65238_cov_44.961923_65   -            233 61140at72274         -            103   8.4e-13   46.7   0.0   1   1     2e-14   1.2e-12   46.2   0.0    17   102    22   110     3   111 0.83 # 57576 # 58274 # -1 # ID=37_65;partial=00;start_type=ATG;rbs_motif=None;rbs_spacer=None;gc_cont=0.621
NODE_66_length_31151_cov_43.664973_25   -            337 61140at72274         -            103   8.6e-13   46.7   0.2   1   1   3.4e-14   2.1e-12   45.5   0.2     3    92     2   102     1   107 0.69 # 23590 # 24600 # -1 # ID=66_25;partial=00;start_type=ATG;rbs_motif=GGAGG;rbs_spacer=5-10bp;gc_cont=0.644
NODE_39_length_62408_cov_42.438215_16   -            237 61140at72274         -            103     1e-12   46.4   0.0   1   1   2.8e-14   1.7e-12   45.7   0.0     3   102     6   112     4   113 0.86 # 17778 # 18488 # 1 # ID=39_16;partial=00;start_type=ATG;rbs_motif=GGA/GAG/AGG;rbs_spacer=11-12bp;gc_cont=0.636
NODE_22_length_97006_cov_43.305319_20   -            225 61140at72274         -            103   1.1e-12   46.4   0.0   1   1   2.7e-14   1.7e-12   45.8   0.0     3   102     2   108     1   109 0.84 # 21425 # 22099 # -1 # ID=22_20;partial=00;start_type=ATG;rbs_motif=GGA/GAG/AGG;rbs_spacer=5-10bp;gc_cont=0.597
NODE_1_length_352372_cov_43.300394_174  -            704 61140at72274         -            103   1.2e-12   46.2   0.0   1   1   4.7e-14   2.9e-12   45.0   0.0     4    99    15   121    12   124 0.82 # 174404 # 176515 # 1 # ID=1_174;partial=00;start_type=ATG;rbs_motif=GGA/GAG/AGG;rbs_spacer=5-10bp;gc_cont=0.630
NODE_23_length_96875_cov_43.769438_14   -            244 61140at72274         -            103   2.5e-12   45.2   0.0   1   1   6.1e-14   3.7e-12   44.7   0.0     3   101     7   115     5   117 0.82 # 16740 # 17471 # 1 # ID=23_14;partial=00;start_type=GTG;rbs_motif=AGGA;rbs_spacer=5-10bp;gc_cont=0.648
NODE_65_length_31508_cov_42.704257_13   -            226 61140at72274         -            103   2.9e-12   45.0   0.0   1   1   6.4e-14   3.9e-12   44.6   0.0     1   101     1   109     1   111 0.84 # 9919 # 10596 # 1 # ID=65_13;partial=00;start_type=ATG;rbs_motif=GGA/GAG/AGG;rbs_spacer=5-10bp;gc_cont=0.656
NODE_43_length_58914_cov_43.035373_16   -            247 61140at72274         -            103   2.9e-12   45.0   0.0   1   1   1.3e-13   7.8e-12   43.6   0.0     3   102    12   119    10   120 0.83 # 13968 # 14708 # -1 # ID=43_16;partial=00;start_type=ATG;rbs_motif=AGGAG;rbs_spacer=5-10bp;gc_cont=0.619
NODE_22_length_97006_cov_43.305319_25   -            225 61140at72274         -            103   3.4e-12   44.8   0.0   1   1   8.9e-14   5.5e-12   44.1   0.0     3   102     2   108     1   109 0.84 # 29237 # 29911 # -1 # ID=22_25;partial=00;start_type=ATG;rbs_motif=GGA/GAG/AGG;rbs_spacer=5-10bp;gc_cont=0.613
NODE_32_length_72113_cov_43.969136_9    -            249 61140at72274         -            103   3.4e-12   44.8   0.0   1   1   8.5e-14   5.3e-12   44.2   0.0     3   102     2   110     1   111 0.75 # 7309 # 8055 # -1 # ID=32_9;partial=00;start_type=ATG;rbs_motif=AGGA/GGAG/GAGG;rbs_spacer=11-12bp;gc_cont=0.612
NODE_66_length_31151_cov_43.664973_26   -            764 61140at72274         -            103   4.9e-12   44.3   0.0   1   1   1.6e-13     1e-11   43.3   0.0     2    95   640   743   639   752 0.80 # 24597 # 26888 # -1 # ID=66_26;partial=00;start_type=ATG;rbs_motif=GGAG/GAGG;rbs_spacer=5-10bp;gc_cont=0.638
NODE_105_length_9225_cov_45.535333_6    -            634 61140at72274         -            103   7.3e-12   43.7   0.0   1   1   2.7e-13   1.7e-11   42.6   0.0     3   101   516   624   515   626 0.84 # 5175 # 7076 # 1 # ID=105_6;partial=00;start_type=ATG;rbs_motif=AGGAG;rbs_spacer=5-10bp;gc_cont=0.612
NODE_8_length_160420_cov_42.382234_146  -            242 61140at72274         -            103   9.9e-12   43.3   0.0   1   1   2.3e-13   1.4e-11   42.8   0.0     3   101     7   112     5   114 0.83 # 141542 # 142267 # -1 # ID=8_146;partial=00;start_type=GTG;rbs_motif=GGAG/GAGG;rbs_spacer=5-10bp;gc_cont=0.645
NODE_3_length_212343_cov_42.826340_57   -            557 61140at72274         -            103   1.1e-11   43.2   0.0   1   2    0.0056      0.34    9.4   0.0    35   102   161   234   132   235 0.82 # 55330 # 57000 # 1 # ID=3_57;partial=00;start_type=ATG;rbs_motif=AGxAG;rbs_spacer=5-10bp;gc_cont=0.626
NODE_3_length_212343_cov_42.826340_57   -            557 61140at72274         -            103   1.1e-11   43.2   0.0   2   2   1.1e-09     7e-08   30.9   0.0     3   102   250   359   249   360 0.74 # 55330 # 57000 # 1 # ID=3_57;partial=00;start_type=ATG;rbs_motif=AGxAG;rbs_spacer=5-10bp;gc_cont=0.626
NODE_2_length_234130_cov_42.625966_91   -            227 61140at72274         -            103   1.2e-11   43.0   0.0   1   1   2.9e-13   1.8e-11   42.5   0.0     3   102     2   109     1   110 0.84 # 112471 # 113151 # -1 # ID=2_91;partial=00;start_type=ATG;rbs_motif=GGA/GAG/AGG;rbs_spacer=5-10bp;gc_cont=0.631
NODE_8_length_160420_cov_42.382234_126  -            918 61140at72274         -            103   2.1e-11   42.3   0.0   1   1     7e-13   4.3e-11   41.2   0.0     3   102   668   780   666   781 0.82 # 122252 # 125005 # 1 # ID=8_126;partial=00;start_type=GTG;rbs_motif=AGGAG;rbs_spacer=5-10bp;gc_cont=0.634
NODE_7_length_179149_cov_44.188672_91   -            228 61140at72274         -            103   3.5e-11   41.5   0.0   1   1   7.9e-13   4.9e-11   41.1   0.0     1   100     1   108     1   111 0.83 # 96290 # 96973 # 1 # ID=7_91;partial=00;start_type=ATG;rbs_motif=GGA/GAG/AGG;rbs_spacer=5-10bp;gc_cont=0.610
NODE_45_length_57495_cov_45.256337_36   -            223 61140at72274         -            103   4.2e-11   41.3   0.0   1   1     1e-12   6.3e-11   40.7   0.0     3   101     2   108     1   110 0.83 # 33637 # 34305 # 1 # ID=45_36;partial=00;start_type=ATG;rbs_motif=AGGA;rbs_spacer=5-10bp;gc_cont=0.629
NODE_86_length_17213_cov_43.079904_17   -            167 61140at72274         -            103   4.9e-11   41.1   0.1   1   1   1.1e-12     7e-11   40.6   0.1     2    97     3   109     2   113 0.77 # 16711 # 17211 # 1 # ID=86_17;partial=01;start_type=ATG;rbs_motif=GGAG/GAGG;rbs_spacer=5-10bp;gc_cont=0.627
NODE_58_length_38741_cov_46.472729_28   -            211 61140at72274         -            103   5.4e-11   40.9   0.0   1   1   1.3e-12   8.2e-11   40.3   0.0     1   102     1   113     1   114 0.77 # 28122 # 28754 # 1 # ID=58_28;partial=00;start_type=ATG;rbs_motif=GGA/GAG/AGG;rbs_spacer=5-10bp;gc_cont=0.572
NODE_60_length_38038_cov_42.289050_8    -            195 61140at72274         -            103   5.5e-11   40.9   0.0   1   1   1.5e-12   9.1e-11   40.2   0.0    24    96    11    87     4    94 0.83 # 10977 # 11561 # -1 # ID=60_8;partial=00;start_type=ATG;rbs_motif=GGA/GAG/AGG;rbs_spacer=5-10bp;gc_cont=0.578
NODE_62_length_36136_cov_43.904077_8    -            277 61140at72274         -            103   6.5e-11   40.7   0.0   1   1   1.7e-12   1.1e-10   40.0   0.0     3   102    48   154    46   155 0.74 # 7180 # 8010 # -1 # ID=62_8;partial=00;start_type=ATG;rbs_motif=None;rbs_spacer=None;gc_cont=0.638
NODE_57_length_41705_cov_40.836927_6    -            402 61140at72274         -            103   6.8e-11   40.6   0.0   1   1   2.3e-12   1.4e-10   39.6   0.0     2    98     7   114     6   118 0.80 # 5976 # 7181 # -1 # ID=57_6;partial=00;start_type=ATG;rbs_motif=GGA/GAG/AGG;rbs_spacer=5-10bp;gc_cont=0.606
NODE_13_length_119673_cov_43.134946_8   -            209 61140at72274         -            103   7.2e-11   40.5   0.0   1   1   1.8e-12   1.1e-10   39.9   0.0     1   100     1   109     1   112 0.75 # 8076 # 8702 # 1 # ID=13_8;partial=00;start_type=ATG;rbs_motif=AGGAGG;rbs_spacer=3-4bp;gc_cont=0.558
NODE_109_length_8465_cov_46.036029_7    -            466 61140at72274         -            103   7.3e-11   40.5   0.0   1   1   2.8e-12   1.7e-10   39.3   0.0     3   101     4   110     1   112 0.82 # 6955 # 8352 # 1 # ID=109_7;partial=00;start_type=ATG;rbs_motif=GGAG/GAGG;rbs_spacer=5-10bp;gc_cont=0.628
NODE_21_length_98802_cov_44.897283_76   -            121 61140at72274         -            103   7.8e-11   40.4   0.1   1   1   1.4e-12   8.8e-11   40.2   0.1     1    75     1    85     1   111 0.80 # 77264 # 77626 # 1 # ID=21_76;partial=00;start_type=ATG;rbs_motif=None;rbs_spacer=None;gc_cont=0.556
NODE_25_length_94792_cov_41.391822_37   -            224 61140at72274         -            103   9.6e-11   40.1   0.0   1   1   3.7e-12   2.3e-10   38.9   0.0     3   101     2   108     1   110 0.72 # 35766 # 36437 # 1 # ID=25_37;partial=00;start_type=ATG;rbs_motif=GGAG/GAGG;rbs_spacer=5-10bp;gc_cont=0.631
NODE_8_length_160420_cov_42.382234_142  -            226 61140at72274         -            103   1.8e-10   39.3   0.0   1   1   4.2e-12   2.6e-10   38.7   0.0     3   101     2   108     1   110 0.83 # 137932 # 138609 # -1 # ID=8_142;partial=00;start_type=ATG;rbs_motif=GGAG/GAGG;rbs_spacer=5-10bp;gc_cont=0.633
NODE_10_length_140278_cov_43.717628_72  -            479 61140at72274         -            103   2.2e-10   39.0   0.0   1   1   7.4e-12   4.6e-10   38.0   0.0     3   100     6   111     4   114 0.75 # 83555 # 84991 # 1 # ID=10_72;partial=00;start_type=ATG;rbs_motif=AGGAG;rbs_spacer=5-10bp;gc_cont=0.634
NODE_31_length_74897_cov_42.638144_22   -            222 61140at72274         -            103   4.2e-10   38.1   0.0   1   1     1e-11   6.5e-10   37.5   0.0     3   102     2   109     1   110 0.80 # 24575 # 25240 # -1 # ID=31_22;partial=00;start_type=ATG;rbs_motif=AGGAG;rbs_spacer=5-10bp;gc_cont=0.643
NODE_30_length_78558_cov_43.218259_5    -            242 61140at72274         -            103   4.4e-10   38.0   0.0   1   1   1.1e-11   6.9e-10   37.4   0.0     3   102    22   129    20   130 0.81 # 3088 # 3813 # 1 # ID=30_5;partial=00;start_type=ATG;rbs_motif=GGA/GAG/AGG;rbs_spacer=5-10bp;gc_cont=0.635
NODE_41_length_61612_cov_42.304709_28   -            122 61140at72274         -            103   7.8e-10   37.2   0.0   1   1   1.4e-11   8.8e-10   37.0   0.0     3   102     2   108     1   109 0.81 # 41176 # 41541 # 1 # ID=41_28;partial=00;start_type=ATG;rbs_motif=GGAG/GAGG;rbs_spacer=5-10bp;gc_cont=0.612
NODE_66_length_31151_cov_43.664973_24   -            334 61140at72274         -            103   8.8e-10   37.0   0.0   1   1   2.4e-11   1.5e-09   36.3   0.0    29   102    48   127    15   128 0.73 # 22537 # 23538 # -1 # ID=66_24;partial=00;start_type=ATG;rbs_motif=GGA/GAG/AGG;rbs_spacer=5-10bp;gc_cont=0.618
NODE_30_length_78558_cov_43.218259_9    -            121 61140at72274         -            103   1.2e-09   36.5   0.1   1   1   2.4e-11   1.5e-09   36.3   0.1     1    75     1    85     1   110 0.82 # 6424 # 6786 # -1 # ID=30_9;partial=00;start_type=ATG;rbs_motif=3Base/5BMM;rbs_spacer=13-15bp;gc_cont=0.477
NODE_8_length_160420_cov_42.382234_10   -            461 61140at72274         -            103   1.7e-09   36.1   0.0   1   1   5.2e-11   3.2e-09   35.2   0.0    13   102    20   111     2   112 0.71 # 8435 # 9817 # -1 # ID=8_10;partial=00;start_type=ATG;rbs_motif=GGAG/GAGG;rbs_spacer=5-10bp;gc_cont=0.652
NODE_7_length_179149_cov_44.188672_18   -            221 61140at72274         -            103   2.1e-09   35.8   0.0   1   1   5.1e-11   3.2e-09   35.2   0.0     1    94    13   115    13   124 0.73 # 22212 # 22874 # -1 # ID=7_18;partial=00;start_type=ATG;rbs_motif=GGA/GAG/AGG;rbs_spacer=5-10bp;gc_cont=0.570
NODE_33_length_71423_cov_44.044782_8    -            221 61140at72274         -            103   3.8e-09   35.0   0.0   1   1   9.1e-11   5.6e-09   34.4   0.0    17   100    20   107     1   110 0.77 # 4887 # 5549 # -1 # ID=33_8;partial=00;start_type=ATG;rbs_motif=GGA/GAG/AGG;rbs_spacer=5-10bp;gc_cont=0.650
NODE_27_length_88680_cov_41.567210_74   -            209 61140at72274         -            103     5e-09   34.6   0.0   1   1   1.4e-10   8.9e-09   33.8   0.0     1   101     1   110     1   112 0.77 # 71817 # 72443 # 1 # ID=27_74;partial=00;start_type=ATG;rbs_motif=GGA/GAG/AGG;rbs_spacer=5-10bp;gc_cont=0.477
NODE_80_length_19695_cov_40.396690_4    -            227 61140at72274         -            103   5.1e-09   34.6   0.0   1   1   1.3e-10     8e-09   34.0   0.0    35   101    39   108     2   110 0.78 # 3614 # 4294 # 1 # ID=80_4;partial=00;start_type=ATG;rbs_motif=GGA/GAG/AGG;rbs_spacer=5-10bp;gc_cont=0.656
NODE_36_length_67201_cov_42.906889_50   -           1063 61140at72274         -            103   5.7e-09   34.4   0.0   1   1   5.7e-10   3.5e-08   31.9   0.0     3   101   843   949   842   951 0.85 # 44333 # 47521 # 1 # ID=36_50;partial=00;start_type=ATG;rbs_motif=GGA/GAG/AGG;rbs_spacer=5-10bp;gc_cont=0.627
NODE_10_length_140278_cov_43.717628_120 -            462 61140at72274         -            103   1.6e-08   33.0   0.0   1   1     5e-10   3.1e-08   32.1   0.0    15   102    24   115     7   116 0.75 # 130466 # 131851 # 1 # ID=10_120;partial=00;start_type=ATG;rbs_motif=GGAG/GAGG;rbs_spacer=5-10bp;gc_cont=0.640
NODE_1_length_352372_cov_43.300394_302  -            210 61140at72274         -            103   2.9e-08   32.1   0.0   1   1   7.7e-10   4.8e-08   31.5   0.0     6   100    12   110     1   113 0.73 # 325083 # 325712 # 1 # ID=1_302;partial=00;start_type=GTG;rbs_motif=GGAG/GAGG;rbs_spacer=5-10bp;gc_cont=0.622
NODE_3_length_212343_cov_42.826340_40   -            263 61140at72274         -            103   3.3e-08   32.0   0.0   1   1   8.4e-10   5.2e-08   31.3   0.0     3   102     9   120     7   121 0.81 # 38122 # 38910 # -1 # ID=3_40;partial=00;start_type=GTG;rbs_motif=GGAG/GAGG;rbs_spacer=5-10bp;gc_cont=0.574
NODE_20_length_101354_cov_42.563313_37  -            300 61140at72274         -            103   4.8e-08   31.5   0.0   1   1   1.3e-09   8.1e-08   30.7   0.0     4   102     6   116     1   117 0.74 # 48171 # 49070 # 1 # ID=20_37;partial=00;start_type=ATG;rbs_motif=AGGA;rbs_spacer=5-10bp;gc_cont=0.611
NODE_34_length_70545_cov_43.776876_41   -            222 61140at72274         -            103   5.5e-08   31.3   0.0   1   1   1.5e-09     9e-08   30.6   0.0     1    95     1   106     1   114 0.76 # 65479 # 66144 # -1 # ID=34_41;partial=00;start_type=ATG;rbs_motif=GGA/GAG/AGG;rbs_spacer=5-10bp;gc_cont=0.598
NODE_23_length_96875_cov_43.769438_22   -            444 61140at72274         -            103   7.9e-08   30.8   0.0   1   1   2.2e-09   1.3e-07   30.0   0.0     3   102     4   111     2   112 0.78 # 24309 # 25640 # -1 # ID=23_22;partial=00;start_type=ATG;rbs_motif=AGGA/GGAG/GAGG;rbs_spacer=11-12bp;gc_cont=0.642
NODE_6_length_186800_cov_43.969648_150  -            449 61140at72274         -            103   1.5e-07   29.8   0.0   1   1   4.4e-09   2.7e-07   29.0   0.0     3   101    10   116     8   118 0.80 # 156908 # 158254 # -1 # ID=6_150;partial=00;start_type=ATG;rbs_motif=GGAG/GAGG;rbs_spacer=5-10bp;gc_cont=0.613
NODE_6_length_186800_cov_43.969648_66   -            241 61140at72274         -            103   2.2e-07   29.3   0.0   1   1   1.3e-08   8.3e-07   27.5   0.0     3   101     2   115     1   117 0.75 # 73237 # 73959 # -1 # ID=6_66;partial=00;start_type=ATG;rbs_motif=AGGA;rbs_spacer=5-10bp;gc_cont=0.591
NODE_86_length_17213_cov_43.079904_14   -            125 61140at72274         -            103     4e-07   28.5   0.1   1   1   8.2e-09     5e-07   28.2   0.1     3    98     2   108     1   113 0.76 # 13246 # 13620 # 1 # ID=86_14;partial=00;start_type=ATG;rbs_motif=GGA/GAG/AGG;rbs_spacer=5-10bp;gc_cont=0.539
NODE_1_length_352372_cov_43.300394_240  -            179 61140at72274         -            103   5.6e-07   28.0   0.0   1   1   1.3e-08   7.7e-07   27.6   0.0     2   101    27   136    26   138 0.79 # 251711 # 252247 # 1 # ID=1_240;partial=00;start_type=ATG;rbs_motif=GGA/GAG/AGG;rbs_spacer=5-10bp;gc_cont=0.570
NODE_13_length_119673_cov_43.134946_9   -           1198 61140at72274         -            103   1.1e-06   27.1   0.0   1   1   5.1e-08   3.1e-06   25.6   0.0     3    97   955  1062   953  1067 0.68 # 8703 # 12296 # 1 # ID=13_9;partial=00;start_type=ATG;rbs_motif=None;rbs_spacer=None;gc_cont=0.617
NODE_11_length_139104_cov_53.491280_89  -            479 61140at72274         -            103   1.2e-06   27.0   0.0   1   1   3.6e-08   2.2e-06   26.1   0.0     1   102     1   106     1   107 0.84 # 114937 # 116373 # -1 # ID=11_89;partial=00;start_type=ATG;rbs_motif=GGA/GAG/AGG;rbs_spacer=5-10bp;gc_cont=0.608
NODE_4_length_205573_cov_43.972436_156  -            187 61140at72274         -            103   2.2e-06   26.1   0.0   1   1   5.3e-08   3.3e-06   25.6   0.0     4   102    15   121    12   122 0.82 # 166791 # 167351 # -1 # ID=4_156;partial=00;start_type=ATG;rbs_motif=AGGAG;rbs_spacer=5-10bp;gc_cont=0.654
NODE_58_length_38741_cov_46.472729_3    -            447 61140at72274         -            103   2.3e-06   26.1   0.0   1   1   6.6e-08   4.1e-06   25.3   0.0    35   102    47   117     9   118 0.74 # 472 # 1812 # -1 # ID=58_3;partial=00;start_type=ATG;rbs_motif=GGA/GAG/AGG;rbs_spacer=5-10bp;gc_cont=0.623
NODE_118_length_5180_cov_46.806244_5    -            202 61140at72274         -            103   3.3e-06   25.6   0.0   1   1   1.1e-07   6.8e-06   24.5   0.0    39   102    48   114     6   115 0.83 # 4466 # 5071 # 1 # ID=118_5;partial=00;start_type=ATG;rbs_motif=None;rbs_spacer=None;gc_cont=0.607
NODE_27_length_88680_cov_41.567210_75   -           1211 61140at72274         -            103   5.4e-06   24.9   0.0   1   1   2.2e-07   1.4e-05   23.6   0.0     3    99   969  1078   967  1082 0.76 # 72452 # 76084 # 1 # ID=27_75;partial=00;start_type=ATG;rbs_motif=GGA/GAG/AGG;rbs_spacer=5-10bp;gc_cont=0.594
NODE_7_length_179149_cov_44.188672_7    -            570 61140at72274         -            103     1e-05   24.0   0.0   1   1   3.5e-07   2.2e-05   22.9   0.0     3    53   448   504   446   554 0.75 # 5910 # 7619 # -1 # ID=7_7;partial=00;start_type=ATG;rbs_motif=GGA/GAG/AGG;rbs_spacer=5-10bp;gc_cont=0.630
NODE_37_length_65238_cov_44.961923_40   -            217 61140at72274         -            103   1.6e-05   23.3   0.0   1   1   4.8e-07     3e-05   22.5   0.0    39    95    50   109    30   117 0.83 # 29018 # 29668 # 1 # ID=37_40;partial=00;start_type=ATG;rbs_motif=AGGA/GGAG/GAGG;rbs_spacer=11-12bp;gc_cont=0.604
NODE_57_length_41705_cov_40.836927_5    -            126 61140at72274         -            103   3.7e-05   22.2   0.0   1   1   7.2e-07   4.5e-05   21.9   0.0     4   100     9   115     6   118 0.76 # 5532 # 5909 # -1 # ID=57_5;partial=00;start_type=ATG;rbs_motif=GGA/GAG/AGG;rbs_spacer=5-10bp;gc_cont=0.563
NODE_36_length_67201_cov_42.906889_48   -            937 61140at72274         -            103   4.8e-05   21.8   0.0   1   1   1.9e-06   0.00012   20.5   0.0    16    96   832   916   814   923 0.74 # 40258 # 43068 # 1 # ID=36_48;partial=00;start_type=ATG;rbs_motif=None;rbs_spacer=None;gc_cont=0.603
NODE_95_length_12649_cov_43.952993_5    -            220 61140at72274         -            103   6.7e-05   21.4   0.0   1   1   1.8e-06   0.00011   20.6   0.0    20   101    26   112     3   114 0.76 # 4943 # 5602 # -1 # ID=95_5;partial=00;start_type=GTG;rbs_motif=GGA/GAG/AGG;rbs_spacer=5-10bp;gc_cont=0.615
NODE_5_length_205536_cov_43.475207_138  -            559 61140at72274         -            103   7.9e-05   21.1   0.0   1   1   2.3e-06   0.00014   20.3   0.0     4    72   443   521   440   544 0.75 # 127487 # 129163 # -1 # ID=5_138;partial=00;start_type=ATG;rbs_motif=GGA/GAG/AGG;rbs_spacer=5-10bp;gc_cont=0.627
NODE_42_length_60120_cov_44.104537_41   -            449 61140at72274         -            103   9.6e-05   20.8   0.0   1   1   3.8e-06   0.00024   19.6   0.0     3   101    14   121    12   123 0.77 # 49519 # 50865 # 1 # ID=42_41;partial=00;start_type=ATG;rbs_motif=AGGAG;rbs_spacer=5-10bp;gc_cont=0.610
NODE_3_length_212343_cov_42.826340_30   -            136 61140at72274         -            103   0.00026   19.4   0.0   1   1   5.2e-06   0.00032   19.2   0.0     3   101    10   119     8   121 0.76 # 29697 # 30104 # -1 # ID=3_30;partial=00;start_type=ATG;rbs_motif=GGA/GAG/AGG;rbs_spacer=5-10bp;gc_cont=0.569
NODE_54_length_48488_cov_43.938472_26   -            274 61140at72274         -            103   0.00029   19.3   0.0   1   1   8.7e-06   0.00054   18.4   0.0    17   101    47   140    28   142 0.72 # 27546 # 28367 # 1 # ID=54_26;partial=00;start_type=ATG;rbs_motif=GGAG/GAGG;rbs_spacer=5-10bp;gc_cont=0.613
NODE_15_length_113069_cov_45.201338_77  -           1194 61140at72274         -            103    0.0003   19.3   0.0   1   1   1.1e-05   0.00068   18.1   0.0     3    98   959  1067   957  1072 0.76 # 85796 # 89377 # 1 # ID=15_77;partial=00;start_type=GTG;rbs_motif=AGGA;rbs_spacer=5-10bp;gc_cont=0.620
NODE_36_length_67201_cov_42.906889_49   -            399 61140at72274         -            103   0.00034   19.1   0.0   1   1   1.1e-05   0.00071   18.1   0.0     4    63     6    71     4    87 0.73 # 43055 # 44251 # 1 # ID=36_49;partial=00;start_type=ATG;rbs_motif=GGA/GAG/AGG;rbs_spacer=5-10bp;gc_cont=0.601
NODE_13_length_119673_cov_43.134946_41  -            649 61140at72274         -            103   0.00048   18.6   0.0   1   1   2.5e-05    0.0015   17.0   0.0     3    64   529   596   527   612 0.74 # 53515 # 55461 # 1 # ID=13_41;partial=00;start_type=ATG;rbs_motif=GGA/GAG/AGG;rbs_spacer=5-10bp;gc_cont=0.590
NODE_4_length_205573_cov_43.972436_34   -            301 61140at72274         -            103   0.00063   18.2   0.0   1   1   2.3e-05    0.0014   17.1   0.0     2    94   171   278   170   284 0.71 # 42789 # 43691 # -1 # ID=4_34;partial=00;start_type=ATG;rbs_motif=GGA/GAG/AGG;rbs_spacer=5-10bp;gc_cont=0.626
NODE_2_length_234130_cov_42.625966_1    -            192 61140at72274         -            103    0.0009   17.7   0.2   1   1   3.3e-05    0.0021   16.6   0.1     1   101     1   109     1   111 0.74 # 103 # 678 # -1 # ID=2_1;partial=00;start_type=ATG;rbs_motif=AGGAG;rbs_spacer=5-10bp;gc_cont=0.592
NODE_8_length_160420_cov_42.382234_154  -            311 61140at72274         -            103    0.0011   17.4   0.2   1   1   6.2e-05    0.0038   15.7   0.2     3    94   180   290   178   296 0.72 # 151330 # 152262 # -1 # ID=8_154;partial=00;start_type=ATG;rbs_motif=AGGAG;rbs_spacer=5-10bp;gc_cont=0.584
NODE_23_length_96875_cov_43.769438_80   -            674 61140at72274         -            103    0.0012   17.3   0.0   1   1   3.9e-05    0.0024   16.4   0.0    14   100   562   654   546   657 0.72 # 90223 # 92244 # -1 # ID=23_80;partial=00;start_type=ATG;rbs_motif=None;rbs_spacer=None;gc_cont=0.621
NODE_60_length_38038_cov_42.289050_4    -            806 61140at72274         -            103    0.0012   17.3   0.0   1   1   3.8e-05    0.0023   16.4   0.0     3    62   570   634   568   682 0.65 # 5384 # 7801 # 1 # ID=60_4;partial=00;start_type=ATG;rbs_motif=GGA/GAG/AGG;rbs_spacer=5-10bp;gc_cont=0.588
NODE_24_length_96862_cov_42.248928_61   -            791 61140at72274         -            103    0.0014   17.1   0.0   1   1   4.4e-05    0.0027   16.2   0.0     3   100   666   770   665   773 0.81 # 61650 # 64022 # 1 # ID=24_61;partial=00;start_type=ATG;rbs_motif=3Base/5BMM;rbs_spacer=13-15bp;gc_cont=0.612
NODE_57_length_41705_cov_40.836927_4    -            557 61140at72274         -            103    0.0029   16.1   0.0   1   1   0.00013    0.0079   14.7   0.0     3    78   439   523   438   547 0.71 # 3831 # 5501 # 1 # ID=57_4;partial=00;start_type=ATG;rbs_motif=AGGA;rbs_spacer=5-10bp;gc_cont=0.607
NODE_41_length_61612_cov_42.304709_17   -            403 61140at72274         -            103    0.0036   15.8   0.0   1   1   0.00012    0.0072   14.8   0.0    28   101    42   121    27   123 0.81 # 29489 # 30697 # 1 # ID=41_17;partial=00;start_type=ATG;rbs_motif=GGAG/GAGG;rbs_spacer=5-10bp;gc_cont=0.647
NODE_33_length_71423_cov_44.044782_26   -            126 61140at72274         -            103     0.005   15.3   0.0   1   1   9.2e-05    0.0057   15.2   0.0    27    99    36   108     5   112 0.69 # 20539 # 20916 # 1 # ID=33_26;partial=00;start_type=ATG;rbs_motif=GGAG/GAGG;rbs_spacer=5-10bp;gc_cont=0.585
NODE_13_length_119673_cov_43.134946_15  -            402 61140at72274         -            103     0.014   13.9   0.0   1   1   0.00049      0.03   12.8   0.0     3    65     7    76     6    97 0.71 # 18208 # 19413 # 1 # ID=13_15;partial=00;start_type=ATG;rbs_motif=GGA/GAG/AGG;rbs_spacer=5-10bp;gc_cont=0.622
NODE_215_length_222_cov_0.946108_1      -             73 61140at72274         -            103      0.02   13.4   0.0   1   1   0.00036     0.022   13.3   0.0    12    65     8    64     3    73 0.72 # 3 # 221 # -1 # ID=215_1;partial=11;start_type=Edge;rbs_motif=None;rbs_spacer=None;gc_cont=0.639
#
# Program:         hmmsearch
# Version:         3.1b2 (February 2015)
# Pipeline mode:   SEARCH
# Query file:      /data2/PEG/hoaxaca/REAA/Pseudomonas/bin/busco_downloads/lineages/pseudomonadales_odb10/hmms/61140at72274.hmm
# Target file:     /data2/PEG/hoaxaca/REAA/Pseudomonas/bin/../out/busco/trim_75clip.spades_def/prodigal_output/predicted_genes/predicted.faa
# Option settings: hmmsearch --domtblout /data2/PEG/hoaxaca/REAA/Pseudomonas/bin/../out/busco/trim_75clip.spades_def/run_pseudomonadales_odb10/hmmer_output/61140at72274.out --cpu 1 /data2/PEG/hoaxaca/REAA/Pseudomonas/bin/busco_downloads/lineages/pseudomonadales_odb10/hmms/61140at72274.hmm /data2/PEG/hoaxaca/REAA/Pseudomonas/bin/../out/busco/trim_75clip.spades_def/prodigal_output/predicted_genes/predicted.faa 
# Current dir:     /data2/PEG/hoaxaca/REAA/Pseudomonas/bin
# Date:            Mon Feb 20 00:32:42 2023
# [ok]
