#                                                                                              --- full sequence --- -------------- this domain -------------   hmm coord   ali coord   env coord
# target name                          accession   tlen query name           accession   qlen   E-value  score  bias   #  of  c-Evalue  i-Evalue  score  bias  from    to  from    to  from    to  acc description of target
#                  ------------------- ---------- ----- -------------------- ---------- ----- --------- ------ ----- --- --- --------- --------- ------ ----- ----- ----- ----- ----- ----- ----- ---- ---------------------
NODE_23_length_96875_cov_43.769438_68  -            167 62753at72274         -            115     5e-53  176.6   2.0   1   2     0.054        25    3.5   0.1     2    15    13    26    12    28 0.88 # 73953 # 74453 # 1 # ID=23_68;partial=00;start_type=ATG;rbs_motif=AGGAG;rbs_spacer=5-10bp;gc_cont=0.561
NODE_23_length_96875_cov_43.769438_68  -            167 62753at72274         -            115     5e-53  176.6   2.0   2   2   1.7e-54   7.8e-52  172.7   0.2    15   115    63   164    53   164 0.95 # 73953 # 74453 # 1 # ID=23_68;partial=00;start_type=ATG;rbs_motif=AGGAG;rbs_spacer=5-10bp;gc_cont=0.561
NODE_66_length_31151_cov_43.664973_15  -            262 62753at72274         -            115   5.9e-21   73.2   1.0   1   2       3.1   1.4e+03   -2.1   0.0   100   115    73    88    65    88 0.73 # 14260 # 15045 # 1 # ID=66_15;partial=00;start_type=ATG;rbs_motif=AGGA;rbs_spacer=5-10bp;gc_cont=0.601
NODE_66_length_31151_cov_43.664973_15  -            262 62753at72274         -            115   5.9e-21   73.2   1.0   2   2   3.1e-23   1.4e-20   72.0   0.2    17   115   144   244   136   244 0.91 # 14260 # 15045 # 1 # ID=66_15;partial=00;start_type=ATG;rbs_motif=AGGA;rbs_spacer=5-10bp;gc_cont=0.601
NODE_38_length_63635_cov_41.113825_7   -            328 62753at72274         -            115   1.2e-20   72.2   0.1   1   1   4.5e-23   2.1e-20   71.5   0.1    17   114   219   318   210   319 0.93 # 9711 # 10694 # -1 # ID=38_7;partial=00;start_type=ATG;rbs_motif=GGA/GAG/AGG;rbs_spacer=5-10bp;gc_cont=0.549
NODE_39_length_62408_cov_42.438215_22  -            232 62753at72274         -            115   7.2e-20   69.7   0.9   1   2       9.3   4.3e+03   -3.7   0.1     4    12    13    21    11    24 0.75 # 21910 # 22605 # 1 # ID=39_22;partial=00;start_type=ATG;rbs_motif=AGGAG;rbs_spacer=5-10bp;gc_cont=0.608
NODE_39_length_62408_cov_42.438215_22  -            232 62753at72274         -            115   7.2e-20   69.7   0.9   2   2   1.8e-22   8.4e-20   69.5   0.1    16   115   124   227   112   227 0.87 # 21910 # 22605 # 1 # ID=39_22;partial=00;start_type=ATG;rbs_motif=AGGAG;rbs_spacer=5-10bp;gc_cont=0.608
NODE_4_length_205573_cov_43.972436_60  -            257 62753at72274         -            115   8.2e-20   69.5   0.2   1   2       3.6   1.7e+03   -2.4   0.0     3    13    12    22    10    26 0.79 # 72959 # 73729 # -1 # ID=4_60;partial=00;start_type=ATG;rbs_motif=AGGAG;rbs_spacer=5-10bp;gc_cont=0.620
NODE_4_length_205573_cov_43.972436_60  -            257 62753at72274         -            115   8.2e-20   69.5   0.2   2   2   4.4e-22     2e-19   68.3   0.0    17   115   120   220   116   220 0.92 # 72959 # 73729 # -1 # ID=4_60;partial=00;start_type=ATG;rbs_motif=AGGAG;rbs_spacer=5-10bp;gc_cont=0.620
NODE_8_length_160420_cov_42.382234_68  -            271 62753at72274         -            115   4.8e-15   54.2   1.3   1   2       1.9   8.5e+02   -1.4   0.0    89   115    82   108    58   108 0.69 # 67103 # 67915 # -1 # ID=8_68;partial=00;start_type=ATG;rbs_motif=GGAG/GAGG;rbs_spacer=5-10bp;gc_cont=0.606
NODE_8_length_160420_cov_42.382234_68  -            271 62753at72274         -            115   4.8e-15   54.2   1.3   2   2   2.3e-17     1e-14   53.1   0.4    17   115   157   257   151   257 0.90 # 67103 # 67915 # -1 # ID=8_68;partial=00;start_type=ATG;rbs_motif=GGAG/GAGG;rbs_spacer=5-10bp;gc_cont=0.606
NODE_11_length_139104_cov_53.491280_6  -            164 62753at72274         -            115   1.1e-13   49.8   0.1   1   1   3.4e-16   1.6e-13   49.3   0.1    17   115    58   158    50   158 0.88 # 14571 # 15062 # 1 # ID=11_6;partial=00;start_type=TTG;rbs_motif=AGGAG;rbs_spacer=5-10bp;gc_cont=0.622
NODE_58_length_38741_cov_46.472729_26  -            303 62753at72274         -            115   5.8e-11   41.0   0.0   1   1     2e-13   9.2e-11   40.4   0.0    31   115   191   277   176   277 0.88 # 25210 # 26118 # 1 # ID=58_26;partial=00;start_type=GTG;rbs_motif=GGAG/GAGG;rbs_spacer=5-10bp;gc_cont=0.598
NODE_26_length_93713_cov_43.358079_3   -            296 62753at72274         -            115   4.1e-10   38.3   0.0   1   1   1.7e-12   7.8e-10   37.4   0.0    22   115   144   241   135   241 0.84 # 1366 # 2253 # 1 # ID=26_3;partial=00;start_type=GTG;rbs_motif=GGAGG;rbs_spacer=5-10bp;gc_cont=0.615
NODE_39_length_62408_cov_42.438215_29  -            391 62753at72274         -            115   3.7e-07   28.8   0.0   1   1   1.5e-09   6.8e-07   27.9   0.0    37   115   222   301   215   301 0.93 # 30393 # 31565 # 1 # ID=39_29;partial=00;start_type=ATG;rbs_motif=GGA/GAG/AGG;rbs_spacer=5-10bp;gc_cont=0.618
NODE_20_length_101354_cov_42.563313_63 -            430 62753at72274         -            115     1e-06   27.4   0.0   1   1   4.3e-09     2e-06   26.4   0.0    19   115   320   421   310   421 0.87 # 78494 # 79783 # 1 # ID=20_63;partial=00;start_type=ATG;rbs_motif=GGAG/GAGG;rbs_spacer=5-10bp;gc_cont=0.659
NODE_48_length_54482_cov_43.539218_43  -            447 62753at72274         -            115   1.7e-06   26.6   0.4   1   1   7.7e-09   3.5e-06   25.6   0.4    17   115   343   443   330   443 0.81 # 48664 # 50004 # 1 # ID=48_43;partial=00;start_type=ATG;rbs_motif=GGA/GAG/AGG;rbs_spacer=5-10bp;gc_cont=0.619
NODE_11_length_139104_cov_53.491280_79 -            978 62753at72274         -            115     0.029   13.0   0.0   1   2     0.011         5    5.8   0.0    13    54   790   832   781   837 0.82 # 101537 # 104470 # -1 # ID=11_79;partial=00;start_type=ATG;rbs_motif=None;rbs_spacer=None;gc_cont=0.599
NODE_11_length_139104_cov_53.491280_79 -            978 62753at72274         -            115     0.029   13.0   0.0   2   2     0.032        15    4.3   0.0    65    83   928   946   921   960 0.85 # 101537 # 104470 # -1 # ID=11_79;partial=00;start_type=ATG;rbs_motif=None;rbs_spacer=None;gc_cont=0.599
NODE_3_length_212343_cov_42.826340_178 -            341 62753at72274         -            115     0.057   12.1   0.0   1   1    0.0002     0.093   11.4   0.0    19    93   167   246   159   267 0.75 # 203796 # 204818 # -1 # ID=3_178;partial=00;start_type=ATG;rbs_motif=None;rbs_spacer=None;gc_cont=0.617
#
# Program:         hmmsearch
# Version:         3.1b2 (February 2015)
# Pipeline mode:   SEARCH
# Query file:      /data2/PEG/hoaxaca/REAA/Pseudomonas/bin/busco_downloads/lineages/pseudomonadales_odb10/hmms/62753at72274.hmm
# Target file:     /data2/PEG/hoaxaca/REAA/Pseudomonas/bin/../out/busco/trim_75clip.spades_def/prodigal_output/predicted_genes/predicted.faa
# Option settings: hmmsearch --domtblout /data2/PEG/hoaxaca/REAA/Pseudomonas/bin/../out/busco/trim_75clip.spades_def/run_pseudomonadales_odb10/hmmer_output/62753at72274.out --cpu 1 /data2/PEG/hoaxaca/REAA/Pseudomonas/bin/busco_downloads/lineages/pseudomonadales_odb10/hmms/62753at72274.hmm /data2/PEG/hoaxaca/REAA/Pseudomonas/bin/../out/busco/trim_75clip.spades_def/prodigal_output/predicted_genes/predicted.faa 
# Current dir:     /data2/PEG/hoaxaca/REAA/Pseudomonas/bin
# Date:            Mon Feb 20 00:32:43 2023
# [ok]
