#                                                                                             --- full sequence --- -------------- this domain -------------   hmm coord   ali coord   env coord
# target name                         accession   tlen query name           accession   qlen   E-value  score  bias   #  of  c-Evalue  i-Evalue  score  bias  from    to  from    to  from    to  acc description of target
#                 ------------------- ---------- ----- -------------------- ---------- ----- --------- ------ ----- --- --- --------- --------- ------ ----- ----- ----- ----- ----- ----- ----- ---- ---------------------
NODE_29_length_79509_cov_43.985702_39 -            944 865at72274           -            757         0 1252.9   0.0   1   1         0         0 1246.3   0.0     1   757     3   943     3   943 0.87 # 43121 # 45952 # 1 # ID=29_39;partial=00;start_type=ATG;rbs_motif=GGA/GAG/AGG;rbs_spacer=5-10bp;gc_cont=0.609
NODE_52_length_50388_cov_44.376413_2  -            949 865at72274           -            757   2.3e-28   97.1   7.7   1   3   1.9e-13   2.5e-10   37.5   0.0    40   222    32   240     9   290 0.78 # 408 # 3254 # 1 # ID=52_2;partial=00;start_type=ATG;rbs_motif=GGA/GAG/AGG;rbs_spacer=11-12bp;gc_cont=0.612
NODE_52_length_50388_cov_44.376413_2  -            949 865at72274           -            757   2.3e-28   97.1   7.7   2   3   1.9e-15   2.5e-12   44.1   5.4   332   520   376   572   362   600 0.66 # 408 # 3254 # 1 # ID=52_2;partial=00;start_type=ATG;rbs_motif=GGA/GAG/AGG;rbs_spacer=11-12bp;gc_cont=0.612
NODE_52_length_50388_cov_44.376413_2  -            949 865at72274           -            757   2.3e-28   97.1   7.7   3   3   0.00027      0.35    7.3   0.0   587   670   692   775   578   795 0.75 # 408 # 3254 # 1 # ID=52_2;partial=00;start_type=ATG;rbs_motif=GGA/GAG/AGG;rbs_spacer=11-12bp;gc_cont=0.612
NODE_24_length_96862_cov_42.248928_48 -            869 865at72274           -            757   1.5e-15   54.7   0.3   1   4   8.3e-12   1.1e-08   32.1   0.0    38   131    32   127    19   166 0.88 # 47811 # 50417 # -1 # ID=24_48;partial=00;start_type=ATG;rbs_motif=None;rbs_spacer=None;gc_cont=0.613
NODE_24_length_96862_cov_42.248928_48 -            869 865at72274           -            757   1.5e-15   54.7   0.3   2   4      0.14   1.7e+02   -1.7   0.0   248   281   311   351   244   363 0.76 # 47811 # 50417 # -1 # ID=24_48;partial=00;start_type=ATG;rbs_motif=None;rbs_spacer=None;gc_cont=0.613
NODE_24_length_96862_cov_42.248928_48 -            869 865at72274           -            757   1.5e-15   54.7   0.3   3   4     9e-06     0.012   12.1   0.0   371   392   423   444   393   457 0.76 # 47811 # 50417 # -1 # ID=24_48;partial=00;start_type=ATG;rbs_motif=None;rbs_spacer=None;gc_cont=0.613
NODE_24_length_96862_cov_42.248928_48 -            869 865at72274           -            757   1.5e-15   54.7   0.3   4   4   0.00088       1.1    5.6   0.0   485   525   611   655   562   686 0.74 # 47811 # 50417 # -1 # ID=24_48;partial=00;start_type=ATG;rbs_motif=None;rbs_spacer=None;gc_cont=0.613
NODE_58_length_38741_cov_46.472729_32 -            684 865at72274           -            757   1.8e-10   38.0   0.0   1   2   5.3e-12   6.7e-09   32.8   0.0    40   131     6    97     1   108 0.78 # 30851 # 32902 # -1 # ID=58_32;partial=00;start_type=ATG;rbs_motif=AGxAG;rbs_spacer=5-10bp;gc_cont=0.607
NODE_58_length_38741_cov_46.472729_32 -            684 865at72274           -            757   1.8e-10   38.0   0.0   2   2    0.0049       6.3    3.1   0.0   483   526   315   360   281   395 0.78 # 30851 # 32902 # -1 # ID=58_32;partial=00;start_type=ATG;rbs_motif=AGxAG;rbs_spacer=5-10bp;gc_cont=0.607
NODE_48_length_54482_cov_43.539218_31 -            463 865at72274           -            757   4.2e-06   23.5   0.1   1   2    0.0018       2.3    4.5   0.0    54   123    36   107    10   129 0.77 # 31847 # 33235 # -1 # ID=48_31;partial=00;start_type=GTG;rbs_motif=AGGA;rbs_spacer=5-10bp;gc_cont=0.608
NODE_48_length_54482_cov_43.539218_31 -            463 865at72274           -            757   4.2e-06   23.5   0.1   2   2   3.1e-07    0.0004   17.0   0.0   483   553   249   322   219   330 0.80 # 31847 # 33235 # -1 # ID=48_31;partial=00;start_type=GTG;rbs_motif=AGGA;rbs_spacer=5-10bp;gc_cont=0.608
#
# Program:         hmmsearch
# Version:         3.1b2 (February 2015)
# Pipeline mode:   SEARCH
# Query file:      /data2/PEG/hoaxaca/REAA/Pseudomonas/bin/busco_downloads/lineages/pseudomonadales_odb10/hmms/865at72274.hmm
# Target file:     /data2/PEG/hoaxaca/REAA/Pseudomonas/bin/../out/busco/trim_75clip.spades_def/prodigal_output/predicted_genes/predicted.faa
# Option settings: hmmsearch --domtblout /data2/PEG/hoaxaca/REAA/Pseudomonas/bin/../out/busco/trim_75clip.spades_def/run_pseudomonadales_odb10/hmmer_output/865at72274.out --cpu 1 /data2/PEG/hoaxaca/REAA/Pseudomonas/bin/busco_downloads/lineages/pseudomonadales_odb10/hmms/865at72274.hmm /data2/PEG/hoaxaca/REAA/Pseudomonas/bin/../out/busco/trim_75clip.spades_def/prodigal_output/predicted_genes/predicted.faa 
# Current dir:     /data2/PEG/hoaxaca/REAA/Pseudomonas/bin
# Date:            Mon Feb 20 00:32:51 2023
# [ok]
