#                                                                                              --- full sequence --- -------------- this domain -------------   hmm coord   ali coord   env coord
# target name                          accession   tlen query name           accession   qlen   E-value  score  bias   #  of  c-Evalue  i-Evalue  score  bias  from    to  from    to  from    to  acc description of target
#                  ------------------- ---------- ----- -------------------- ---------- ----- --------- ------ ----- --- --- --------- --------- ------ ----- ----- ----- ----- ----- ----- ----- ---- ---------------------
NODE_26_length_93713_cov_43.358079_74  -            479 8990at72274          -            423  7.5e-227  751.6  16.0   1   1  1.6e-228  4.1e-226  749.2  16.0     1   423     1   471     1   471 0.95 # 75772 # 77208 # 1 # ID=26_74;partial=00;start_type=ATG;rbs_motif=GGAG/GAGG;rbs_spacer=5-10bp;gc_cont=0.576
NODE_34_length_70545_cov_43.776876_32  -            460 8990at72274          -            423  5.7e-100  333.6   5.5   1   1  4.5e-101   1.1e-98  329.3   5.5     6   423     8   458     1   458 0.89 # 56261 # 57640 # -1 # ID=34_32;partial=00;start_type=ATG;rbs_motif=GGAG/GAGG;rbs_spacer=5-10bp;gc_cont=0.637
NODE_46_length_54711_cov_41.720342_31  -            453 8990at72274          -            423   5.1e-64  215.2   0.4   1   1   6.2e-66   1.6e-63  213.6   0.4     1   409     1   442     1   447 0.84 # 21434 # 22792 # 1 # ID=46_31;partial=00;start_type=ATG;rbs_motif=AGGAG;rbs_spacer=5-10bp;gc_cont=0.611
NODE_2_length_234130_cov_42.625966_84  -            465 8990at72274          -            423   1.1e-53  181.1   0.0   1   1   2.3e-55   5.8e-53  178.7   0.0     4   414     5   456     2   461 0.82 # 104854 # 106248 # 1 # ID=2_84;partial=00;start_type=ATG;rbs_motif=AGGAG;rbs_spacer=5-10bp;gc_cont=0.599
NODE_46_length_54711_cov_41.720342_35  -            518 8990at72274          -            423   2.1e-12   45.2   1.7   1   1   1.8e-14   4.5e-12   44.0   1.7     2   279   209   489   208   503 0.78 # 25729 # 27282 # 1 # ID=46_35;partial=00;start_type=ATG;rbs_motif=AGGA;rbs_spacer=5-10bp;gc_cont=0.600
NODE_28_length_84268_cov_43.335233_56  -            456 8990at72274          -            423   6.1e-07   27.1   0.8   1   2    0.0014      0.35    8.2   0.0   151   195   141   185   132   249 0.69 # 68691 # 70058 # 1 # ID=28_56;partial=00;start_type=GTG;rbs_motif=GGAG/GAGG;rbs_spacer=5-10bp;gc_cont=0.645
NODE_28_length_84268_cov_43.335233_56  -            456 8990at72274          -            423   6.1e-07   27.1   0.8   2   2   4.8e-06    0.0012   16.3   0.2   231   301   372   446   253   452 0.60 # 68691 # 70058 # 1 # ID=28_56;partial=00;start_type=GTG;rbs_motif=GGAG/GAGG;rbs_spacer=5-10bp;gc_cont=0.645
NODE_38_length_63635_cov_41.113825_3   -            818 8990at72274          -            423   1.6e-06   25.7   0.1   1   1     1e-08   2.7e-06   25.0   0.1   115   279   102   281    71   307 0.75 # 3422 # 5875 # 1 # ID=38_3;partial=00;start_type=ATG;rbs_motif=GGAG/GAGG;rbs_spacer=5-10bp;gc_cont=0.604
NODE_70_length_27195_cov_43.730361_14  -            321 8990at72274          -            423   4.5e-05   21.0   2.6   1   2   0.00028     0.073   10.4   0.0     6    33     8    35     2    49 0.84 # 16247 # 17209 # 1 # ID=70_14;partial=00;start_type=ATG;rbs_motif=AGGAG;rbs_spacer=5-10bp;gc_cont=0.623
NODE_70_length_27195_cov_43.730361_14  -            321 8990at72274          -            423   4.5e-05   21.0   2.6   2   2   0.00036     0.093   10.1   0.7   148   280   144   288   101   310 0.70 # 16247 # 17209 # 1 # ID=70_14;partial=00;start_type=ATG;rbs_motif=AGGAG;rbs_spacer=5-10bp;gc_cont=0.623
NODE_30_length_78558_cov_43.218259_44  -            578 8990at72274          -            423   0.00021   18.8   0.1   1   2   1.6e-05     0.004   14.6   0.0     4    52     9    65     6   109 0.79 # 42954 # 44687 # -1 # ID=30_44;partial=00;start_type=GTG;rbs_motif=GGAG/GAGG;rbs_spacer=5-10bp;gc_cont=0.618
NODE_30_length_78558_cov_43.218259_44  -            578 8990at72274          -            423   0.00021   18.8   0.1   2   2      0.12        31    1.8   0.0   259   279   359   379   341   388 0.89 # 42954 # 44687 # -1 # ID=30_44;partial=00;start_type=GTG;rbs_motif=GGAG/GAGG;rbs_spacer=5-10bp;gc_cont=0.618
NODE_3_length_212343_cov_42.826340_137 -            428 8990at72274          -            423   0.00021   18.7   0.6   1   1   1.3e-06   0.00033   18.1   0.6     4    51    27    74    25    79 0.94 # 155070 # 156353 # -1 # ID=3_137;partial=00;start_type=ATG;rbs_motif=GGAG/GAGG;rbs_spacer=5-10bp;gc_cont=0.635
NODE_26_length_93713_cov_43.358079_70  -            592 8990at72274          -            423   0.00048   17.6   0.2   1   2   4.2e-06    0.0011   16.5   0.0     4    51     9    56     6    81 0.78 # 68805 # 70580 # 1 # ID=26_70;partial=00;start_type=ATG;rbs_motif=None;rbs_spacer=None;gc_cont=0.594
NODE_26_length_93713_cov_43.358079_70  -            592 8990at72274          -            423   0.00048   17.6   0.2   2   2       6.4   1.6e+03   -3.9   0.0    24    39   180   195   179   204 0.83 # 68805 # 70580 # 1 # ID=26_70;partial=00;start_type=ATG;rbs_motif=None;rbs_spacer=None;gc_cont=0.594
NODE_1_length_352372_cov_43.300394_216 -            417 8990at72274          -            423   0.00062   17.2   0.0   1   1   5.1e-06    0.0013   16.2   0.0     3    63    31    94    29   111 0.82 # 226014 # 227264 # 1 # ID=1_216;partial=00;start_type=ATG;rbs_motif=GGAG/GAGG;rbs_spacer=5-10bp;gc_cont=0.627
NODE_6_length_186800_cov_43.969648_57  -            631 8990at72274          -            423    0.0015   16.0   0.1   1   1   8.7e-06    0.0022   15.4   0.1     3    46     5    48     3    62 0.86 # 58971 # 60863 # -1 # ID=6_57;partial=00;start_type=GTG;rbs_motif=GGAG/GAGG;rbs_spacer=5-10bp;gc_cont=0.585
NODE_20_length_101354_cov_42.563313_46 -            383 8990at72274          -            423    0.0016   15.8   0.0   1   1   1.2e-05     0.003   15.0   0.0   117   282   102   282    70   321 0.65 # 55746 # 56894 # 1 # ID=20_46;partial=00;start_type=ATG;rbs_motif=AGGAG;rbs_spacer=5-10bp;gc_cont=0.661
NODE_25_length_94792_cov_41.391822_43  -            539 8990at72274          -            423    0.0019   15.7   0.2   1   2     0.002       0.5    7.6   0.1     1    57     1    56     1    76 0.80 # 40414 # 42030 # -1 # ID=25_43;partial=00;start_type=ATG;rbs_motif=GGA/GAG/AGG;rbs_spacer=5-10bp;gc_cont=0.636
NODE_25_length_94792_cov_41.391822_43  -            539 8990at72274          -            423    0.0019   15.7   0.2   2   2    0.0075       1.9    5.7   0.0   257   278   355   376   351   393 0.86 # 40414 # 42030 # -1 # ID=25_43;partial=00;start_type=ATG;rbs_motif=GGA/GAG/AGG;rbs_spacer=5-10bp;gc_cont=0.636
NODE_28_length_84268_cov_43.335233_30  -            680 8990at72274          -            423    0.0022   15.4   3.1   1   2    0.0055       1.4    6.2   0.2     6    36   379   409   374   434 0.74 # 30470 # 32509 # -1 # ID=28_30;partial=00;start_type=ATG;rbs_motif=GGAG/GAGG;rbs_spacer=5-10bp;gc_cont=0.636
NODE_28_length_84268_cov_43.335233_30  -            680 8990at72274          -            423    0.0022   15.4   3.1   2   2   0.00057      0.15    9.4   0.2    99   167   444   517   431   528 0.77 # 30470 # 32509 # -1 # ID=28_30;partial=00;start_type=ATG;rbs_motif=GGAG/GAGG;rbs_spacer=5-10bp;gc_cont=0.636
NODE_1_length_352372_cov_43.300394_218 -           1006 8990at72274          -            423    0.0041   14.5   0.6   1   2   4.9e-05     0.013   12.9   0.1     1    45   167   210   167   213 0.83 # 227579 # 230596 # 1 # ID=1_218;partial=00;start_type=ATG;rbs_motif=GGAG/GAGG;rbs_spacer=5-10bp;gc_cont=0.627
NODE_1_length_352372_cov_43.300394_218 -           1006 8990at72274          -            423    0.0041   14.5   0.6   2   2       1.3   3.5e+02   -1.7   0.1   262   278   455   471   364   492 0.53 # 227579 # 230596 # 1 # ID=1_218;partial=00;start_type=ATG;rbs_motif=GGAG/GAGG;rbs_spacer=5-10bp;gc_cont=0.627
NODE_17_length_107317_cov_43.740570_82 -            473 8990at72274          -            423    0.0052   14.2   0.0   1   2     0.019         5    4.4   0.0   149   213   148   222   138   243 0.66 # 100622 # 102040 # -1 # ID=17_82;partial=00;start_type=ATG;rbs_motif=GGAG/GAGG;rbs_spacer=5-10bp;gc_cont=0.611
NODE_17_length_107317_cov_43.740570_82 -            473 8990at72274          -            423    0.0052   14.2   0.0   2   2    0.0025      0.64    7.3   0.0   232   299   393   466   385   469 0.73 # 100622 # 102040 # -1 # ID=17_82;partial=00;start_type=ATG;rbs_motif=GGAG/GAGG;rbs_spacer=5-10bp;gc_cont=0.611
NODE_1_length_352372_cov_43.300394_206 -            687 8990at72274          -            423    0.0066   13.8   0.0   1   1   4.5e-05     0.012   13.0   0.0     6    44   392   429   388   458 0.82 # 212461 # 214521 # 1 # ID=1_206;partial=00;start_type=ATG;rbs_motif=GGAG/GAGG;rbs_spacer=5-10bp;gc_cont=0.624
NODE_60_length_38038_cov_42.289050_27  -            652 8990at72274          -            423    0.0072   13.7   0.0   1   1   5.1e-05     0.013   12.9   0.0     7    52   390   434   386   464 0.86 # 28907 # 30862 # 1 # ID=60_27;partial=00;start_type=ATG;rbs_motif=GGAG/GAGG;rbs_spacer=5-10bp;gc_cont=0.639
NODE_8_length_160420_cov_42.382234_73  -            555 8990at72274          -            423    0.0073   13.7   0.1   1   1   5.5e-05     0.014   12.7   0.1     4    38     7    47     4    65 0.73 # 71418 # 73082 # 1 # ID=8_73;partial=00;start_type=GTG;rbs_motif=AGGAG;rbs_spacer=5-10bp;gc_cont=0.606
NODE_82_length_18774_cov_43.765372_19  -            433 8990at72274          -            423      0.01   13.2   0.4   1   1   6.4e-05     0.016   12.5   0.4     5    48    32    75    29    80 0.90 # 17413 # 18711 # 1 # ID=82_19;partial=00;start_type=ATG;rbs_motif=None;rbs_spacer=None;gc_cont=0.603
NODE_1_length_352372_cov_43.300394_142 -            414 8990at72274          -            423     0.024   12.0   0.2   1   1   0.00014     0.035   11.5   0.2   151   184     3    36     1    44 0.91 # 141432 # 142673 # 1 # ID=1_142;partial=00;start_type=ATG;rbs_motif=GGA/GAG/AGG;rbs_spacer=5-10bp;gc_cont=0.655
NODE_61_length_36603_cov_40.676426_32  -            433 8990at72274          -            423      0.05   10.9   0.6   1   1   0.00029     0.074   10.4   0.6     5    50    29    75    25    84 0.87 # 30195 # 31493 # 1 # ID=61_32;partial=00;start_type=ATG;rbs_motif=GGA/GAG/AGG;rbs_spacer=5-10bp;gc_cont=0.614
NODE_1_length_352372_cov_43.300394_64  -            375 8990at72274          -            423     0.072   10.4   0.1   1   1   0.00042      0.11    9.8   0.1     6    48     3    45     1    50 0.92 # 66233 # 67357 # 1 # ID=1_64;partial=00;start_type=ATG;rbs_motif=GGAG/GAGG;rbs_spacer=5-10bp;gc_cont=0.641
#
# Program:         hmmsearch
# Version:         3.1b2 (February 2015)
# Pipeline mode:   SEARCH
# Query file:      /data2/PEG/hoaxaca/REAA/Pseudomonas/bin/busco_downloads/lineages/pseudomonadales_odb10/hmms/8990at72274.hmm
# Target file:     /data2/PEG/hoaxaca/REAA/Pseudomonas/bin/../out/busco/trim_75clip.spades_def/prodigal_output/predicted_genes/predicted.faa
# Option settings: hmmsearch --domtblout /data2/PEG/hoaxaca/REAA/Pseudomonas/bin/../out/busco/trim_75clip.spades_def/run_pseudomonadales_odb10/hmmer_output/8990at72274.out --cpu 1 /data2/PEG/hoaxaca/REAA/Pseudomonas/bin/busco_downloads/lineages/pseudomonadales_odb10/hmms/8990at72274.hmm /data2/PEG/hoaxaca/REAA/Pseudomonas/bin/../out/busco/trim_75clip.spades_def/prodigal_output/predicted_genes/predicted.faa 
# Current dir:     /data2/PEG/hoaxaca/REAA/Pseudomonas/bin
# Date:            Mon Feb 20 00:32:52 2023
# [ok]
