#                                                                                              --- full sequence --- -------------- this domain -------------   hmm coord   ali coord   env coord
# target name                          accession   tlen query name           accession   qlen   E-value  score  bias   #  of  c-Evalue  i-Evalue  score  bias  from    to  from    to  from    to  acc description of target
#                  ------------------- ---------- ----- -------------------- ---------- ----- --------- ------ ----- --- --- --------- --------- ------ ----- ----- ----- ----- ----- ----- ----- ---- ---------------------
NODE_27_length_88680_cov_41.567210_82  -            404 9189at72274          -            359  3.6e-189  626.9   0.0   1   1  1.5e-191  4.1e-189  626.7   0.0     1   359     5   398     5   398 0.95 # 81622 # 82833 # 1 # ID=27_82;partial=00;start_type=ATG;rbs_motif=AGGA;rbs_spacer=5-10bp;gc_cont=0.618
NODE_2_length_234130_cov_42.625966_139 -            371 9189at72274          -            359   6.8e-47  158.8   0.0   1   2   4.1e-46   1.1e-43  148.2   0.0     5   270    13   298    10   303 0.84 # 161629 # 162741 # 1 # ID=2_139;partial=00;start_type=ATG;rbs_motif=GGAG/GAGG;rbs_spacer=5-10bp;gc_cont=0.615
NODE_2_length_234130_cov_42.625966_139 -            371 9189at72274          -            359   6.8e-47  158.8   0.0   2   2    0.0011       0.3    8.6   0.0   316   357   324   365   318   367 0.79 # 161629 # 162741 # 1 # ID=2_139;partial=00;start_type=ATG;rbs_motif=GGAG/GAGG;rbs_spacer=5-10bp;gc_cont=0.615
NODE_61_length_36603_cov_40.676426_3   -            410 9189at72274          -            359   1.8e-35  121.2   0.0   1   1   8.6e-38   2.4e-35  120.8   0.0    19   349    30   387    16   399 0.75 # 1708 # 2937 # 1 # ID=61_3;partial=00;start_type=ATG;rbs_motif=GGAG/GAGG;rbs_spacer=5-10bp;gc_cont=0.649
NODE_14_length_115769_cov_42.456539_55 -            406 9189at72274          -            359   1.3e-31  108.6   0.0   1   1   5.9e-34   1.6e-31  108.2   0.0    17   350    27   382    12   391 0.77 # 51097 # 52314 # 1 # ID=14_55;partial=00;start_type=ATG;rbs_motif=GGAG/GAGG;rbs_spacer=5-10bp;gc_cont=0.613
NODE_36_length_67201_cov_42.906889_60  -            403 9189at72274          -            359   1.3e-31  108.5   0.0   1   1   6.2e-34   1.7e-31  108.1   0.0    10   349    17   385     8   394 0.80 # 57073 # 58281 # 1 # ID=36_60;partial=00;start_type=ATG;rbs_motif=GGA/GAG/AGG;rbs_spacer=5-10bp;gc_cont=0.639
NODE_16_length_109679_cov_42.398024_15 -            665 9189at72274          -            359   3.1e-28   97.4   0.0   1   1   1.7e-30   4.6e-28   96.9   0.0    22   358    28   385    16   386 0.73 # 14619 # 16613 # -1 # ID=16_15;partial=00;start_type=ATG;rbs_motif=GGAG/GAGG;rbs_spacer=5-10bp;gc_cont=0.625
NODE_42_length_60120_cov_44.104537_10  -            401 9189at72274          -            359   3.5e-28   97.2   0.0   1   1   1.5e-30   4.2e-28   97.0   0.0    23   355    29   382    17   386 0.75 # 9092 # 10294 # -1 # ID=42_10;partial=00;start_type=ATG;rbs_motif=AGGAG;rbs_spacer=5-10bp;gc_cont=0.633
NODE_44_length_58074_cov_43.351126_13  -            404 9189at72274          -            359   1.3e-26   92.1   0.0   1   1     6e-29   1.7e-26   91.7   0.0    18   346    24   380     6   392 0.77 # 21470 # 22681 # -1 # ID=44_13;partial=00;start_type=ATG;rbs_motif=GGAGG;rbs_spacer=5-10bp;gc_cont=0.649
NODE_15_length_113069_cov_45.201338_29 -            383 9189at72274          -            359   1.6e-26   91.8   0.0   1   1   6.1e-29   1.7e-26   91.7   0.0    31   254    27   270     7   362 0.81 # 24753 # 25901 # 1 # ID=15_29;partial=00;start_type=ATG;rbs_motif=GGA/GAG/AGG;rbs_spacer=5-10bp;gc_cont=0.610
NODE_35_length_68898_cov_43.150153_41  -            400 9189at72274          -            359   4.7e-22   77.1   0.0   1   1   3.9e-24   1.1e-21   75.9   0.0    26   330    29   357    18   366 0.77 # 46518 # 47717 # 1 # ID=35_41;partial=00;start_type=ATG;rbs_motif=GGA/GAG/AGG;rbs_spacer=5-10bp;gc_cont=0.636
NODE_11_length_139104_cov_53.491280_94 -            391 9189at72274          -            359   3.3e-19   67.7   0.0   1   1   2.3e-21   6.4e-19   66.8   0.0    19   358    25   381    19   383 0.76 # 121301 # 122473 # 1 # ID=11_94;partial=00;start_type=ATG;rbs_motif=AGGA;rbs_spacer=5-10bp;gc_cont=0.619
NODE_4_length_205573_cov_43.972436_93  -            351 9189at72274          -            359   2.6e-17   61.5   0.0   1   1   1.2e-19   3.4e-17   61.1   0.0    26   239    24   234    12   342 0.82 # 104953 # 106005 # -1 # ID=4_93;partial=00;start_type=ATG;rbs_motif=GGA/GAG/AGG;rbs_spacer=5-10bp;gc_cont=0.617
NODE_94_length_14122_cov_40.238359_6   -            383 9189at72274          -            359   9.1e-11   40.0   0.0   1   1   6.7e-13   1.9e-10   38.9   0.0    39   356    34   376    26   379 0.71 # 6860 # 8008 # -1 # ID=94_6;partial=00;start_type=ATG;rbs_motif=GGA/GAG/AGG;rbs_spacer=5-10bp;gc_cont=0.637
NODE_38_length_63635_cov_41.113825_16  -            475 9189at72274          -            359   8.1e-08   30.3   0.0   1   1   4.6e-10   1.3e-07   29.6   0.0    51   227   137   327   121   340 0.78 # 18927 # 20351 # -1 # ID=38_16;partial=00;start_type=ATG;rbs_motif=GGA/GAG/AGG;rbs_spacer=5-10bp;gc_cont=0.620
NODE_19_length_101432_cov_42.268157_96 -            330 9189at72274          -            359   3.6e-07   28.1   0.0   1   1   1.9e-09   5.2e-07   27.6   0.0   157   227   127   206   116   218 0.81 # 98893 # 99882 # 1 # ID=19_96;partial=00;start_type=ATG;rbs_motif=GGxGG;rbs_spacer=5-10bp;gc_cont=0.649
NODE_9_length_148151_cov_43.734132_157 -            470 9189at72274          -            359     1e-06   26.7   0.0   1   1   7.3e-09     2e-06   25.6   0.0    84   263   169   363   146   385 0.69 # 142590 # 143999 # 1 # ID=9_157;partial=00;start_type=ATG;rbs_motif=GGA/GAG/AGG;rbs_spacer=5-10bp;gc_cont=0.623
NODE_5_length_205536_cov_43.475207_32  -            443 9189at72274          -            359   3.6e-05   21.6   0.0   1   1   1.9e-07   5.3e-05   21.0   0.0    54   227   117   304    88   319 0.83 # 31111 # 32439 # 1 # ID=5_32;partial=00;start_type=ATG;rbs_motif=GGA/GAG/AGG;rbs_spacer=5-10bp;gc_cont=0.664
NODE_62_length_36136_cov_43.904077_12  -            475 9189at72274          -            359   0.00032   18.4   0.0   1   1   1.5e-06   0.00042   18.0   0.0    82   240   169   340   125   402 0.73 # 11273 # 12697 # 1 # ID=62_12;partial=00;start_type=ATG;rbs_motif=GGA/GAG/AGG;rbs_spacer=5-10bp;gc_cont=0.624
NODE_8_length_160420_cov_42.382234_67  -            480 9189at72274          -            359   0.00063   17.5   0.0   1   1   3.1e-06   0.00086   17.0   0.0    56   266   140   368   122   441 0.74 # 65351 # 66790 # -1 # ID=8_67;partial=00;start_type=ATG;rbs_motif=GGA/GAG/AGG;rbs_spacer=5-10bp;gc_cont=0.622
NODE_114_length_6137_cov_43.768168_4   -            415 9189at72274          -            359    0.0044   14.7   0.0   1   1   2.8e-05    0.0079   13.8   0.0    99   181    95   177    86   209 0.80 # 4234 # 5478 # -1 # ID=114_4;partial=00;start_type=ATG;rbs_motif=AGGAG;rbs_spacer=5-10bp;gc_cont=0.638
NODE_2_length_234130_cov_42.625966_148 -            383 9189at72274          -            359    0.0061   14.2   0.1   1   1   3.2e-05    0.0089   13.7   0.1    96   187    61   154    45   161 0.80 # 172391 # 173539 # 1 # ID=2_148;partial=00;start_type=ATG;rbs_motif=GGA/GAG/AGG;rbs_spacer=5-10bp;gc_cont=0.493
NODE_27_length_88680_cov_41.567210_33  -            389 9189at72274          -            359    0.0097   13.6   0.0   1   1   4.3e-05     0.012   13.2   0.0    87   230    84   241    78   318 0.82 # 29520 # 30686 # -1 # ID=27_33;partial=00;start_type=ATG;rbs_motif=None;rbs_spacer=None;gc_cont=0.621
NODE_88_length_16291_cov_40.549581_2   -            468 9189at72274          -            359     0.048   11.3   0.0   1   1   0.00021     0.057   11.0   0.0    91   293   181   395   135   447 0.70 # 1312 # 2715 # -1 # ID=88_2;partial=00;start_type=ATG;rbs_motif=AGGA;rbs_spacer=5-10bp;gc_cont=0.632
#
# Program:         hmmsearch
# Version:         3.1b2 (February 2015)
# Pipeline mode:   SEARCH
# Query file:      /data2/PEG/hoaxaca/REAA/Pseudomonas/bin/busco_downloads/lineages/pseudomonadales_odb10/hmms/9189at72274.hmm
# Target file:     /data2/PEG/hoaxaca/REAA/Pseudomonas/bin/../out/busco/trim_75clip.spades_def/prodigal_output/predicted_genes/predicted.faa
# Option settings: hmmsearch --domtblout /data2/PEG/hoaxaca/REAA/Pseudomonas/bin/../out/busco/trim_75clip.spades_def/run_pseudomonadales_odb10/hmmer_output/9189at72274.out --cpu 1 /data2/PEG/hoaxaca/REAA/Pseudomonas/bin/busco_downloads/lineages/pseudomonadales_odb10/hmms/9189at72274.hmm /data2/PEG/hoaxaca/REAA/Pseudomonas/bin/../out/busco/trim_75clip.spades_def/prodigal_output/predicted_genes/predicted.faa 
# Current dir:     /data2/PEG/hoaxaca/REAA/Pseudomonas/bin
# Date:            Mon Feb 20 00:32:52 2023
# [ok]
