#                                                                                              --- full sequence --- -------------- this domain -------------   hmm coord   ali coord   env coord
# target name                          accession   tlen query name           accession   qlen   E-value  score  bias   #  of  c-Evalue  i-Evalue  score  bias  from    to  from    to  from    to  acc description of target
#                  ------------------- ---------- ----- -------------------- ---------- ----- --------- ------ ----- --- --- --------- --------- ------ ----- ----- ----- ----- ----- ----- ----- ---- ---------------------
NODE_15_length_113069_cov_45.201338_48 -            487 9960at72274          -            244  6.3e-101  335.3   7.4   1   2   7.2e-20   9.3e-17   59.7   0.0     2    53    34    88    33    95 0.91 # 54171 # 55631 # -1 # ID=15_48;partial=00;start_type=ATG;rbs_motif=None;rbs_spacer=None;gc_cont=0.603
NODE_15_length_113069_cov_45.201338_48 -            487 9960at72274          -            244  6.3e-101  335.3   7.4   2   2   5.9e-85   7.6e-82  272.8   4.7    56   244   238   456   228   456 0.85 # 54171 # 55631 # -1 # ID=15_48;partial=00;start_type=ATG;rbs_motif=None;rbs_spacer=None;gc_cont=0.603
NODE_2_length_234130_cov_42.625966_183 -            474 9960at72274          -            244   5.6e-33  112.8   0.4   1   2      0.48   6.2e+02   -2.0   0.0     2    42    39    82    38    85 0.76 # 210899 # 212320 # 1 # ID=2_183;partial=00;start_type=ATG;rbs_motif=GGAG/GAGG;rbs_spacer=5-10bp;gc_cont=0.620
NODE_2_length_234130_cov_42.625966_183 -            474 9960at72274          -            244   5.6e-33  112.8   0.4   2   2     1e-35   1.3e-32  111.6   0.2    61   236   266   452   251   459 0.85 # 210899 # 212320 # 1 # ID=2_183;partial=00;start_type=ATG;rbs_motif=GGAG/GAGG;rbs_spacer=5-10bp;gc_cont=0.620
NODE_2_length_234130_cov_42.625966_64  -            643 9960at72274          -            244     8e-09   33.7   0.2   1   1   1.3e-11   1.6e-08   32.7   0.2    89   202   468   590   434   621 0.74 # 77244 # 79172 # -1 # ID=2_64;partial=00;start_type=ATG;rbs_motif=GGA/GAG/AGG;rbs_spacer=5-10bp;gc_cont=0.623
NODE_44_length_58074_cov_43.351126_24  -            471 9960at72274          -            244    0.0094   13.8   0.0   1   1   1.3e-05     0.017   13.0   0.0   118   212   135   234    93   245 0.75 # 31332 # 32744 # 1 # ID=44_24;partial=00;start_type=ATG;rbs_motif=3Base/5BMM;rbs_spacer=13-15bp;gc_cont=0.598
NODE_10_length_140278_cov_43.717628_39 -            268 9960at72274          -            244      0.02   12.8   0.0   1   2   0.00048      0.62    7.8   0.0    27    64    57    94    27   120 0.84 # 40292 # 41095 # -1 # ID=10_39;partial=00;start_type=ATG;rbs_motif=GGxGG;rbs_spacer=5-10bp;gc_cont=0.597
NODE_10_length_140278_cov_43.717628_39 -            268 9960at72274          -            244      0.02   12.8   0.0   2   2     0.016        20    2.9   0.0    59    85   233   260   224   265 0.83 # 40292 # 41095 # -1 # ID=10_39;partial=00;start_type=ATG;rbs_motif=GGxGG;rbs_spacer=5-10bp;gc_cont=0.597
#
# Program:         hmmsearch
# Version:         3.1b2 (February 2015)
# Pipeline mode:   SEARCH
# Query file:      /data2/PEG/hoaxaca/REAA/Pseudomonas/bin/busco_downloads/lineages/pseudomonadales_odb10/hmms/9960at72274.hmm
# Target file:     /data2/PEG/hoaxaca/REAA/Pseudomonas/bin/../out/busco/trim_75clip.spades_def/prodigal_output/predicted_genes/predicted.faa
# Option settings: hmmsearch --domtblout /data2/PEG/hoaxaca/REAA/Pseudomonas/bin/../out/busco/trim_75clip.spades_def/run_pseudomonadales_odb10/hmmer_output/9960at72274.out --cpu 1 /data2/PEG/hoaxaca/REAA/Pseudomonas/bin/busco_downloads/lineages/pseudomonadales_odb10/hmms/9960at72274.hmm /data2/PEG/hoaxaca/REAA/Pseudomonas/bin/../out/busco/trim_75clip.spades_def/prodigal_output/predicted_genes/predicted.faa 
# Current dir:     /data2/PEG/hoaxaca/REAA/Pseudomonas/bin
# Date:            Mon Feb 20 00:32:54 2023
# [ok]
