#                                                                                               --- full sequence --- -------------- this domain -------------   hmm coord   ali coord   env coord
# target name                           accession   tlen query name           accession   qlen   E-value  score  bias   #  of  c-Evalue  i-Evalue  score  bias  from    to  from    to  from    to  acc description of target
#                   ------------------- ---------- ----- -------------------- ---------- ----- --------- ------ ----- --- --- --------- --------- ------ ----- ----- ----- ----- ----- ----- ----- ---- ---------------------
NODE_45_length_49217_cov_41.736458_2    -            463 10449at72274         -            381  5.4e-200  662.8   7.0   1   1    6e-202  5.5e-199  659.5   7.0     1   381     2   458     2   458 0.91 # 1211 # 2599 # -1 # ID=45_2;partial=00;start_type=ATG;rbs_motif=AGGAG;rbs_spacer=5-10bp;gc_cont=0.639
NODE_8_length_205641_cov_42.305415_116  -            459 10449at72274         -            381  3.4e-111  370.5   9.8   1   1  5.2e-113  4.8e-110  366.7   9.8     1   380     4   453     4   454 0.82 # 122448 # 123824 # -1 # ID=8_116;partial=00;start_type=ATG;rbs_motif=AGGA;rbs_spacer=5-10bp;gc_cont=0.610
NODE_22_length_101384_cov_40.935415_59  -            475 10449at72274         -            381     9e-93  309.8   3.2   1   1   8.6e-95   7.8e-92  306.8   3.2     2   381     8   465     7   465 0.80 # 67838 # 69262 # 1 # ID=22_59;partial=00;start_type=ATG;rbs_motif=GGA/GAG/AGG;rbs_spacer=11-12bp;gc_cont=0.622
NODE_51_length_38685_cov_41.248692_12   -            455 10449at72274         -            381   3.2e-06   24.9   0.3   1   1   9.3e-09   8.4e-06   23.6   0.3   141   282   153   309   149   320 0.76 # 10989 # 12353 # 1 # ID=51_12;partial=00;start_type=ATG;rbs_motif=GGA/GAG/AGG;rbs_spacer=5-10bp;gc_cont=0.647
NODE_2_length_236949_cov_43.085704_173  -            457 10449at72274         -            381   0.00053   17.6   0.0   1   2   0.00011     0.096   10.2   0.0   141   174   167   200   151   234 0.77 # 173162 # 174532 # 1 # ID=2_173;partial=00;start_type=ATG;rbs_motif=GGA/GAG/AGG;rbs_spacer=5-10bp;gc_cont=0.607
NODE_2_length_236949_cov_43.085704_173  -            457 10449at72274         -            381   0.00053   17.6   0.0   2   2    0.0037       3.4    5.1   0.0   246   266   289   309   278   314 0.84 # 173162 # 174532 # 1 # ID=2_173;partial=00;start_type=ATG;rbs_motif=GGA/GAG/AGG;rbs_spacer=5-10bp;gc_cont=0.607
NODE_1_length_486209_cov_41.704357_64   -            465 10449at72274         -            381    0.0022   15.6   0.0   1   1   4.6e-06    0.0042   14.7   0.0   141   272   157   301   153   318 0.67 # 62115 # 63509 # -1 # ID=1_64;partial=00;start_type=ATG;rbs_motif=GGA/GAG/AGG;rbs_spacer=5-10bp;gc_cont=0.642
NODE_13_length_147962_cov_41.421937_142 -            476 10449at72274         -            381     0.012   13.2   0.0   1   1   2.3e-05     0.021   12.4   0.0   138   282   153   310   143   359 0.72 # 136735 # 138162 # -1 # ID=13_142;partial=00;start_type=ATG;rbs_motif=GGAG/GAGG;rbs_spacer=5-10bp;gc_cont=0.634
#
# Program:         hmmsearch
# Version:         3.1b2 (February 2015)
# Pipeline mode:   SEARCH
# Query file:      /data2/PEG/hoaxaca/REAA/Pseudomonas/bin/busco_downloads/lineages/pseudomonadales_odb10/hmms/10449at72274.hmm
# Target file:     /data2/PEG/hoaxaca/REAA/Pseudomonas/bin/../out/busco/trim_75.spades_kmer/prodigal_output/predicted_genes/predicted.faa
# Option settings: hmmsearch --domtblout /data2/PEG/hoaxaca/REAA/Pseudomonas/bin/../out/busco/trim_75.spades_kmer/run_pseudomonadales_odb10/hmmer_output/10449at72274.out --cpu 1 /data2/PEG/hoaxaca/REAA/Pseudomonas/bin/busco_downloads/lineages/pseudomonadales_odb10/hmms/10449at72274.hmm /data2/PEG/hoaxaca/REAA/Pseudomonas/bin/../out/busco/trim_75.spades_kmer/prodigal_output/predicted_genes/predicted.faa 
# Current dir:     /data2/PEG/hoaxaca/REAA/Pseudomonas/bin
# Date:            Mon Feb 20 00:36:12 2023
# [ok]
