#                                                                                             --- full sequence --- -------------- this domain -------------   hmm coord   ali coord   env coord
# target name                         accession   tlen query name           accession   qlen   E-value  score  bias   #  of  c-Evalue  i-Evalue  score  bias  from    to  from    to  from    to  acc description of target
#                 ------------------- ---------- ----- -------------------- ---------- ----- --------- ------ ----- --- --- --------- --------- ------ ----- ----- ----- ----- ----- ----- ----- ---- ---------------------
NODE_8_length_205641_cov_42.305415_50 -            488 10772at72274         -            351  6.2e-148  491.1   1.9   1   3   1.5e-08   1.5e-05   22.8   0.0     7    47    17    67    14    73 0.85 # 62697 # 64160 # -1 # ID=8_50;partial=00;start_type=ATG;rbs_motif=GGAGG;rbs_spacer=5-10bp;gc_cont=0.633
NODE_8_length_205641_cov_42.305415_50 -            488 10772at72274         -            351  6.2e-148  491.1   1.9   2   3   2.5e-58   2.6e-55  186.5   1.2    42   164   102   236    97   248 0.93 # 62697 # 64160 # -1 # ID=8_50;partial=00;start_type=ATG;rbs_motif=GGAGG;rbs_spacer=5-10bp;gc_cont=0.633
NODE_8_length_205641_cov_42.305415_50 -            488 10772at72274         -            351  6.2e-148  491.1   1.9   3   3   2.6e-86   2.7e-83  278.5   0.0   142   350   250   480   246   481 0.91 # 62697 # 64160 # -1 # ID=8_50;partial=00;start_type=ATG;rbs_motif=GGAGG;rbs_spacer=5-10bp;gc_cont=0.633
NODE_8_length_205641_cov_42.305415_49 -            457 10772at72274         -            351     3e-12   44.8   0.5   1   3   0.00098         1    6.9   0.0     8    30    25    47    19    53 0.87 # 61334 # 62704 # -1 # ID=8_49;partial=00;start_type=ATG;rbs_motif=GGAGG;rbs_spacer=5-10bp;gc_cont=0.629
NODE_8_length_205641_cov_42.305415_49 -            457 10772at72274         -            351     3e-12   44.8   0.5   2   3   1.9e-09     2e-06   25.7   0.0    32   177    95   237    64   258 0.81 # 61334 # 62704 # -1 # ID=8_49;partial=00;start_type=ATG;rbs_motif=GGAGG;rbs_spacer=5-10bp;gc_cont=0.629
NODE_8_length_205641_cov_42.305415_49 -            457 10772at72274         -            351     3e-12   44.8   0.5   3   3    0.0003      0.32    8.6   0.1   176   218   276   320   250   339 0.77 # 61334 # 62704 # -1 # ID=8_49;partial=00;start_type=ATG;rbs_motif=GGAGG;rbs_spacer=5-10bp;gc_cont=0.629
NODE_8_length_205641_cov_42.305415_47 -            449 10772at72274         -            351   9.6e-09   33.3   9.7   1   2   7.1e-10   7.5e-07   27.1   5.9    41   164   109   219    94   224 0.82 # 58899 # 60245 # -1 # ID=8_47;partial=00;start_type=GTG;rbs_motif=GGAG/GAGG;rbs_spacer=5-10bp;gc_cont=0.644
NODE_8_length_205641_cov_42.305415_47 -            449 10772at72274         -            351   9.6e-09   33.3   9.7   2   2    0.0041       4.3    4.9   0.1   180   287   270   384   254   435 0.64 # 58899 # 60245 # -1 # ID=8_47;partial=00;start_type=GTG;rbs_motif=GGAG/GAGG;rbs_spacer=5-10bp;gc_cont=0.644
NODE_28_length_96887_cov_40.525679_20 -            450 10772at72274         -            351   8.4e-07   26.9   2.1   1   3   0.00022      0.23    9.0   0.0    43    69   105   131    96   148 0.85 # 22193 # 23542 # 1 # ID=28_20;partial=00;start_type=ATG;rbs_motif=GGAG/GAGG;rbs_spacer=5-10bp;gc_cont=0.612
NODE_28_length_96887_cov_40.525679_20 -            450 10772at72274         -            351   8.4e-07   26.9   2.1   2   3      0.31   3.3e+02   -1.3   0.0   125   145   180   200   169   209 0.84 # 22193 # 23542 # 1 # ID=28_20;partial=00;start_type=ATG;rbs_motif=GGAG/GAGG;rbs_spacer=5-10bp;gc_cont=0.612
NODE_28_length_96887_cov_40.525679_20 -            450 10772at72274         -            351   8.4e-07   26.9   2.1   3   3   1.3e-06    0.0014   16.4   0.2   180   249   275   350   261   357 0.80 # 22193 # 23542 # 1 # ID=28_20;partial=00;start_type=ATG;rbs_motif=GGAG/GAGG;rbs_spacer=5-10bp;gc_cont=0.612
NODE_26_length_98166_cov_43.232468_5  -            436 10772at72274         -            351   2.3e-06   25.5   0.6   1   3   3.2e-05     0.034   11.8   0.1    42    67    43    68    29    75 0.88 # 4286 # 5593 # 1 # ID=26_5;partial=00;start_type=ATG;rbs_motif=None;rbs_spacer=None;gc_cont=0.628
NODE_26_length_98166_cov_43.232468_5  -            436 10772at72274         -            351   2.3e-06   25.5   0.6   2   3   0.00026      0.28    8.8   0.0    75   153   107   185    91   190 0.79 # 4286 # 5593 # 1 # ID=26_5;partial=00;start_type=ATG;rbs_motif=None;rbs_spacer=None;gc_cont=0.628
NODE_26_length_98166_cov_43.232468_5  -            436 10772at72274         -            351   2.3e-06   25.5   0.6   3   3     0.041        43    1.6   0.0   225   262   302   341   250   395 0.81 # 4286 # 5593 # 1 # ID=26_5;partial=00;start_type=ATG;rbs_motif=None;rbs_spacer=None;gc_cont=0.628
NODE_8_length_205641_cov_42.305415_44 -            482 10772at72274         -            351   8.6e-05   20.3   1.4   1   3   0.00018      0.19    9.3   0.1    43    66   118   141   102   168 0.79 # 55181 # 56626 # -1 # ID=8_44;partial=00;start_type=ATG;rbs_motif=GGAGG;rbs_spacer=5-10bp;gc_cont=0.632
NODE_8_length_205641_cov_42.305415_44 -            482 10772at72274         -            351   8.6e-05   20.3   1.4   2   3     0.061        65    1.0   0.1   125   163   186   230   176   236 0.68 # 55181 # 56626 # -1 # ID=8_44;partial=00;start_type=ATG;rbs_motif=GGAGG;rbs_spacer=5-10bp;gc_cont=0.632
NODE_8_length_205641_cov_42.305415_44 -            482 10772at72274         -            351   8.6e-05   20.3   1.4   3   3   0.00075       0.8    7.3   0.0   179   272   284   387   256   414 0.70 # 55181 # 56626 # -1 # ID=8_44;partial=00;start_type=ATG;rbs_motif=GGAGG;rbs_spacer=5-10bp;gc_cont=0.632
#
# Program:         hmmsearch
# Version:         3.1b2 (February 2015)
# Pipeline mode:   SEARCH
# Query file:      /data2/PEG/hoaxaca/REAA/Pseudomonas/bin/busco_downloads/lineages/pseudomonadales_odb10/hmms/10772at72274.hmm
# Target file:     /data2/PEG/hoaxaca/REAA/Pseudomonas/bin/../out/busco/trim_75.spades_kmer/prodigal_output/predicted_genes/predicted.faa
# Option settings: hmmsearch --domtblout /data2/PEG/hoaxaca/REAA/Pseudomonas/bin/../out/busco/trim_75.spades_kmer/run_pseudomonadales_odb10/hmmer_output/10772at72274.out --cpu 1 /data2/PEG/hoaxaca/REAA/Pseudomonas/bin/busco_downloads/lineages/pseudomonadales_odb10/hmms/10772at72274.hmm /data2/PEG/hoaxaca/REAA/Pseudomonas/bin/../out/busco/trim_75.spades_kmer/prodigal_output/predicted_genes/predicted.faa 
# Current dir:     /data2/PEG/hoaxaca/REAA/Pseudomonas/bin
# Date:            Mon Feb 20 00:36:13 2023
# [ok]
