#                                                                                              --- full sequence --- -------------- this domain -------------   hmm coord   ali coord   env coord
# target name                          accession   tlen query name           accession   qlen   E-value  score  bias   #  of  c-Evalue  i-Evalue  score  bias  from    to  from    to  from    to  acc description of target
#                  ------------------- ---------- ----- -------------------- ---------- ----- --------- ------ ----- --- --- --------- --------- ------ ----- ----- ----- ----- ----- ----- ----- ---- ---------------------
NODE_34_length_68937_cov_41.517034_18  -            400 14552at72274         -            324  2.7e-151  501.7   0.0   1   1  2.5e-152  6.3e-150  497.2   0.0     1   323     8   392     8   393 0.91 # 21202 # 22401 # -1 # ID=34_18;partial=00;start_type=ATG;rbs_motif=GGA/GAG/AGG;rbs_spacer=5-10bp;gc_cont=0.637
NODE_13_length_147962_cov_41.421937_96 -            406 14552at72274         -            324   1.1e-33  115.2   0.0   1   1   3.9e-34   9.8e-32  108.8   0.0    15   323    39   391    31   392 0.75 # 95629 # 96846 # -1 # ID=13_96;partial=00;start_type=ATG;rbs_motif=GGAG/GAGG;rbs_spacer=5-10bp;gc_cont=0.612
NODE_3_length_235490_cov_43.137961_71  -            383 14552at72274         -            324   1.1e-30  105.5   0.0   1   2   1.8e-32   4.6e-30  103.4   0.0    14   268    26   296    13   310 0.83 # 87138 # 88286 # -1 # ID=3_71;partial=00;start_type=ATG;rbs_motif=GGA/GAG/AGG;rbs_spacer=5-10bp;gc_cont=0.611
NODE_3_length_235490_cov_43.137961_71  -            383 14552at72274         -            324   1.1e-30  105.5   0.0   2   2      0.69   1.8e+02   -0.4   0.0   274   321   329   378   309   380 0.76 # 87138 # 88286 # -1 # ID=3_71;partial=00;start_type=ATG;rbs_motif=GGA/GAG/AGG;rbs_spacer=5-10bp;gc_cont=0.611
NODE_5_length_229610_cov_41.480005_75  -            665 14552at72274         -            324   6.5e-28   96.3   0.0   1   1   4.3e-30   1.1e-27   95.5   0.0    15   267    35   302    30   384 0.80 # 93087 # 95081 # 1 # ID=5_75;partial=00;start_type=ATG;rbs_motif=GGAG/GAGG;rbs_spacer=5-10bp;gc_cont=0.625
NODE_33_length_69296_cov_44.754626_11  -            401 14552at72274         -            324   4.6e-26   90.2   0.0   1   1   2.7e-28   6.9e-26   89.6   0.0    14   294    34   339    24   352 0.81 # 9307 # 10509 # -1 # ID=33_11;partial=00;start_type=ATG;rbs_motif=AGGAG;rbs_spacer=5-10bp;gc_cont=0.633
NODE_24_length_100934_cov_40.437016_15 -            404 14552at72274         -            324   2.6e-25   87.8   0.0   1   1   1.4e-27   3.7e-25   87.2   0.0    15   218    35   253    28   274 0.83 # 14218 # 15429 # -1 # ID=24_15;partial=00;start_type=ATG;rbs_motif=AGGA;rbs_spacer=5-10bp;gc_cont=0.619
NODE_54_length_36680_cov_39.119219_36  -            410 14552at72274         -            324   4.7e-22   77.0   0.0   1   1   2.4e-24   6.1e-22   76.7   0.0    15   268    38   309    30   365 0.77 # 33687 # 34916 # -1 # ID=54_36;partial=00;start_type=ATG;rbs_motif=GGAG/GAGG;rbs_spacer=5-10bp;gc_cont=0.650
NODE_7_length_206173_cov_41.988700_32  -            404 14552at72274         -            324   1.9e-20   71.7   0.0   1   1   1.1e-22   2.9e-20   71.1   0.0    16   269    36   307    31   338 0.71 # 35419 # 36630 # 1 # ID=7_32;partial=00;start_type=ATG;rbs_motif=GGAGG;rbs_spacer=5-10bp;gc_cont=0.647
NODE_35_length_67241_cov_41.200727_7   -            403 14552at72274         -            324   3.4e-19   67.6   0.0   1   1   2.1e-21   5.2e-19   67.0   0.0    15   283    36   332    27   341 0.79 # 8941 # 10149 # -1 # ID=35_7;partial=00;start_type=ATG;rbs_motif=GGA/GAG/AGG;rbs_spacer=5-10bp;gc_cont=0.639
NODE_15_length_139124_cov_51.392869_18 -            391 14552at72274         -            324     1e-12   46.4   0.0   1   1   7.4e-13   1.9e-10   38.9   0.0    15   322    35   381    28   383 0.69 # 16652 # 17824 # -1 # ID=15_18;partial=00;start_type=ATG;rbs_motif=AGGA;rbs_spacer=5-10bp;gc_cont=0.617
NODE_38_length_63660_cov_39.563057_39  -            475 14552at72274         -            324   2.3e-11   41.9   0.0   1   1   1.3e-13   3.2e-11   41.4   0.0    40   251   144   360   121   403 0.78 # 43290 # 44714 # 1 # ID=38_39;partial=00;start_type=ATG;rbs_motif=GGA/GAG/AGG;rbs_spacer=5-10bp;gc_cont=0.620
NODE_79_length_14162_cov_38.702776_6   -            383 14552at72274         -            324   7.5e-10   36.9   0.0   1   1   7.6e-12   1.9e-09   35.6   0.0    19   220    31   246    26   265 0.77 # 6880 # 8028 # -1 # ID=79_6;partial=00;start_type=ATG;rbs_motif=GGA/GAG/AGG;rbs_spacer=5-10bp;gc_cont=0.637
NODE_8_length_205641_cov_42.305415_93  -            351 14552at72274         -            324     2e-08   32.2   0.0   1   1   1.5e-10   3.7e-08   31.4   0.0    22   259    35   267    17   287 0.74 # 104986 # 106038 # -1 # ID=8_93;partial=00;start_type=ATG;rbs_motif=GGA/GAG/AGG;rbs_spacer=5-10bp;gc_cont=0.617
NODE_1_length_486209_cov_41.704357_24  -            475 14552at72274         -            324   1.1e-07   29.9   0.0   1   1   1.9e-09   4.8e-07   27.7   0.0   136   268   246   379   106   407 0.73 # 22406 # 23830 # -1 # ID=1_24;partial=00;start_type=ATG;rbs_motif=GGA/GAG/AGG;rbs_spacer=5-10bp;gc_cont=0.619
NODE_12_length_160433_cov_40.733708_98 -            480 14552at72274         -            324   1.2e-07   29.7   0.0   1   1     8e-10     2e-07   28.9   0.0   123   271   236   385   134   429 0.75 # 93651 # 95090 # 1 # ID=12_98;partial=00;start_type=ATG;rbs_motif=GGA/GAG/AGG;rbs_spacer=5-10bp;gc_cont=0.622
NODE_4_length_234165_cov_40.976902_71  -            371 14552at72274         -            324   1.7e-07   29.2   0.0   1   1   9.8e-10   2.5e-07   28.6   0.0    26   258    52   283    37   296 0.63 # 71410 # 72522 # -1 # ID=4_71;partial=00;start_type=ATG;rbs_motif=GGAG/GAGG;rbs_spacer=5-10bp;gc_cont=0.615
NODE_7_length_206173_cov_41.988700_177 -            462 14552at72274         -            324   4.4e-07   27.8   0.0   1   1   3.3e-09   8.3e-07   26.9   0.0   119   225   226   330   126   403 0.66 # 186908 # 188293 # 1 # ID=7_177;partial=00;start_type=ATG;rbs_motif=GGA/GAG/AGG;rbs_spacer=5-10bp;gc_cont=0.542
NODE_55_length_36205_cov_42.040410_23  -            475 14552at72274         -            324   8.6e-07   26.9   0.0   1   1   4.8e-09   1.2e-06   26.4   0.0    40   235   142   344   127   403 0.77 # 23460 # 24884 # -1 # ID=55_23;partial=00;start_type=ATG;rbs_motif=GGA/GAG/AGG;rbs_spacer=5-10bp;gc_cont=0.624
NODE_15_length_139124_cov_51.392869_70 -            424 14552at72274         -            324   9.9e-07   26.7   0.0   1   1   7.2e-09   1.8e-06   25.8   0.0    66   226   103   268    67   288 0.74 # 80517 # 81788 # 1 # ID=15_70;partial=00;start_type=ATG;rbs_motif=GGA/GAG/AGG;rbs_spacer=5-10bp;gc_cont=0.489
NODE_9_length_205576_cov_41.813470_32  -            443 14552at72274         -            324   1.9e-06   25.8   0.0   1   1   1.1e-08   2.7e-06   25.3   0.0   140   266   231   352   110   379 0.77 # 31131 # 32459 # 1 # ID=9_32;partial=00;start_type=ATG;rbs_motif=GGA/GAG/AGG;rbs_spacer=5-10bp;gc_cont=0.664
NODE_23_length_101372_cov_40.184625_96 -            330 14552at72274         -            324   1.3e-05   23.0   0.0   1   1   9.2e-08   2.3e-05   22.2   0.0   130   227   123   215   111   220 0.77 # 98813 # 99802 # 1 # ID=23_96;partial=00;start_type=ATG;rbs_motif=GGxGG;rbs_spacer=5-10bp;gc_cont=0.649
NODE_40_length_55419_cov_41.128740_32  -            442 14552at72274         -            324   2.1e-05   22.3   0.0   1   1   1.1e-07   2.8e-05   21.9   0.0   119   281   208   378   118   389 0.79 # 38586 # 39911 # -1 # ID=40_32;partial=00;start_type=ATG;rbs_motif=GGA/GAG/AGG;rbs_spacer=5-10bp;gc_cont=0.645
NODE_7_length_206173_cov_41.988700_48  -            470 14552at72274         -            324    0.0003   18.5   0.0   1   1   2.4e-06   0.00061   17.5   0.0   138   266   249   378   232   410 0.69 # 62160 # 63569 # -1 # ID=7_48;partial=00;start_type=ATG;rbs_motif=GGA/GAG/AGG;rbs_spacer=5-10bp;gc_cont=0.624
NODE_26_length_98166_cov_43.232468_9   -            404 14552at72274         -            324   0.00068   17.4   0.1   1   2   8.9e-06    0.0023   15.6   0.0   120   178   147   205   137   217 0.86 # 8671 # 9882 # 1 # ID=26_9;partial=00;start_type=ATG;rbs_motif=AGGAG;rbs_spacer=5-10bp;gc_cont=0.631
NODE_26_length_98166_cov_43.232468_9   -            404 14552at72274         -            324   0.00068   17.4   0.1   2   2       2.3   5.9e+02   -2.2   0.0    40    82   294   337   275   342 0.66 # 8671 # 9882 # 1 # ID=26_9;partial=00;start_type=ATG;rbs_motif=AGGAG;rbs_spacer=5-10bp;gc_cont=0.631
NODE_24_length_100934_cov_40.437016_64 -            389 14552at72274         -            324   0.00093   16.9   0.0   1   1     7e-06    0.0018   16.0   0.0   118   269   138   293    46   320 0.63 # 66365 # 67531 # 1 # ID=24_64;partial=00;start_type=ATG;rbs_motif=None;rbs_spacer=None;gc_cont=0.622
#
# Program:         hmmsearch
# Version:         3.1b2 (February 2015)
# Pipeline mode:   SEARCH
# Query file:      /data2/PEG/hoaxaca/REAA/Pseudomonas/bin/busco_downloads/lineages/pseudomonadales_odb10/hmms/14552at72274.hmm
# Target file:     /data2/PEG/hoaxaca/REAA/Pseudomonas/bin/../out/busco/trim_75.spades_kmer/prodigal_output/predicted_genes/predicted.faa
# Option settings: hmmsearch --domtblout /data2/PEG/hoaxaca/REAA/Pseudomonas/bin/../out/busco/trim_75.spades_kmer/run_pseudomonadales_odb10/hmmer_output/14552at72274.out --cpu 1 /data2/PEG/hoaxaca/REAA/Pseudomonas/bin/busco_downloads/lineages/pseudomonadales_odb10/hmms/14552at72274.hmm /data2/PEG/hoaxaca/REAA/Pseudomonas/bin/../out/busco/trim_75.spades_kmer/prodigal_output/predicted_genes/predicted.faa 
# Current dir:     /data2/PEG/hoaxaca/REAA/Pseudomonas/bin
# Date:            Mon Feb 20 00:36:19 2023
# [ok]
