#                                                                                              --- full sequence --- -------------- this domain -------------   hmm coord   ali coord   env coord
# target name                          accession   tlen query name           accession   qlen   E-value  score  bias   #  of  c-Evalue  i-Evalue  score  bias  from    to  from    to  from    to  acc description of target
#                  ------------------- ---------- ----- -------------------- ---------- ----- --------- ------ ----- --- --- --------- --------- ------ ----- ----- ----- ----- ----- ----- ----- ---- ---------------------
NODE_34_length_68937_cov_41.517034_10  -            384 19753at72274         -            311  1.9e-160  531.5   2.2   1   1  3.8e-161  3.1e-158  524.2   2.2     1   311     8   376     8   376 0.94 # 10945 # 12096 # -1 # ID=34_10;partial=00;start_type=ATG;rbs_motif=GGAG/GAGG;rbs_spacer=5-10bp;gc_cont=0.650
NODE_17_length_120379_cov_43.067778_86 -            382 19753at72274         -            311   2.3e-13   48.3   0.0   1   1   2.2e-15   1.8e-12   45.4   0.0    39   237    63   284    50   299 0.75 # 81092 # 82237 # -1 # ID=17_86;partial=00;start_type=ATG;rbs_motif=GGAG/GAGG;rbs_spacer=5-10bp;gc_cont=0.625
NODE_74_length_16330_cov_38.195448_9   -            410 19753at72274         -            311   8.8e-06   23.4   0.3   1   1   2.1e-08   1.7e-05   22.5   0.3    55   217   133   287   127   386 0.83 # 10395 # 11624 # -1 # ID=74_9;partial=00;start_type=ATG;rbs_motif=AGGA;rbs_spacer=5-10bp;gc_cont=0.637
NODE_5_length_229610_cov_41.480005_107 -            393 19753at72274         -            311   4.8e-05   21.0   0.1   1   2       2.2   1.8e+03   -3.9   0.0    68    98   107   137   102   146 0.74 # 131175 # 132353 # 1 # ID=5_107;partial=00;start_type=ATG;rbs_motif=AGGAG;rbs_spacer=5-10bp;gc_cont=0.592
NODE_5_length_229610_cov_41.480005_107 -            393 19753at72274         -            311   4.8e-05   21.0   0.1   2   2   1.1e-07     9e-05   20.1   0.0   142   237   182   279   169   285 0.79 # 131175 # 132353 # 1 # ID=5_107;partial=00;start_type=ATG;rbs_motif=AGGAG;rbs_spacer=5-10bp;gc_cont=0.592
NODE_9_length_205576_cov_41.813470_213 -            398 19753at72274         -            311   0.00038   18.0   0.2   1   1   8.7e-07   0.00069   17.2   0.2    68   231   110   279    90   290 0.69 # 204204 # 205397 # 1 # ID=9_213;partial=00;start_type=ATG;rbs_motif=GGA/GAG/AGG;rbs_spacer=5-10bp;gc_cont=0.597
NODE_14_length_139520_cov_41.636954_79 -            428 19753at72274         -            311   0.00049   17.7   0.0   1   1   1.1e-06   0.00084   16.9   0.0   146   243   226   326   211   333 0.85 # 74613 # 75896 # 1 # ID=14_79;partial=00;start_type=ATG;rbs_motif=AGGAG;rbs_spacer=5-10bp;gc_cont=0.616
NODE_66_length_23425_cov_38.793619_3   -            392 19753at72274         -            311    0.0005   17.7   0.0   1   2      0.94   7.4e+02   -2.6   0.0    67    98   111   142   105   150 0.86 # 1676 # 2851 # 1 # ID=66_3;partial=00;start_type=ATG;rbs_motif=AGGAG;rbs_spacer=5-10bp;gc_cont=0.660
NODE_66_length_23425_cov_38.793619_3   -            392 19753at72274         -            311    0.0005   17.7   0.0   2   2   1.5e-06    0.0012   16.4   0.0   146   232   191   280   180   291 0.78 # 1676 # 2851 # 1 # ID=66_3;partial=00;start_type=ATG;rbs_motif=AGGAG;rbs_spacer=5-10bp;gc_cont=0.660
NODE_1_length_486209_cov_41.704357_137 -            383 19753at72274         -            311     0.041   11.4   0.0   1   1    0.0001     0.081   10.4   0.0    55   176   102   212    68   260 0.78 # 138453 # 139601 # 1 # ID=1_137;partial=00;start_type=ATG;rbs_motif=GGA/GAG/AGG;rbs_spacer=5-10bp;gc_cont=0.634
#
# Program:         hmmsearch
# Version:         3.1b2 (February 2015)
# Pipeline mode:   SEARCH
# Query file:      /data2/PEG/hoaxaca/REAA/Pseudomonas/bin/busco_downloads/lineages/pseudomonadales_odb10/hmms/19753at72274.hmm
# Target file:     /data2/PEG/hoaxaca/REAA/Pseudomonas/bin/../out/busco/trim_75.spades_kmer/prodigal_output/predicted_genes/predicted.faa
# Option settings: hmmsearch --domtblout /data2/PEG/hoaxaca/REAA/Pseudomonas/bin/../out/busco/trim_75.spades_kmer/run_pseudomonadales_odb10/hmmer_output/19753at72274.out --cpu 1 /data2/PEG/hoaxaca/REAA/Pseudomonas/bin/busco_downloads/lineages/pseudomonadales_odb10/hmms/19753at72274.hmm /data2/PEG/hoaxaca/REAA/Pseudomonas/bin/../out/busco/trim_75.spades_kmer/prodigal_output/predicted_genes/predicted.faa 
# Current dir:     /data2/PEG/hoaxaca/REAA/Pseudomonas/bin
# Date:            Mon Feb 20 00:36:26 2023
# [ok]
