#                                                                                              --- full sequence --- -------------- this domain -------------   hmm coord   ali coord   env coord
# target name                          accession   tlen query name           accession   qlen   E-value  score  bias   #  of  c-Evalue  i-Evalue  score  bias  from    to  from    to  from    to  acc description of target
#                  ------------------- ---------- ----- -------------------- ---------- ----- --------- ------ ----- --- --- --------- --------- ------ ----- ----- ----- ----- ----- ----- ----- ---- ---------------------
NODE_16_length_124179_cov_41.687423_27 -            385 19791at72274         -            304  2.2e-139  462.3   7.1   1   1  1.6e-141  2.5e-138  458.8   7.1     9   289    10   348     1   375 0.83 # 23071 # 24225 # 1 # ID=16_27;partial=00;start_type=ATG;rbs_motif=AGGA;rbs_spacer=5-10bp;gc_cont=0.626
NODE_29_length_94829_cov_39.816842_47  -            479 19791at72274         -            304   5.9e-82  273.7   8.9   1   2   4.2e-79   6.6e-76  253.8   6.3    14   284    16   328     4   333 0.81 # 44938 # 46374 # 1 # ID=29_47;partial=00;start_type=ATG;rbs_motif=GGA/GAG/AGG;rbs_spacer=5-10bp;gc_cont=0.608
NODE_29_length_94829_cov_39.816842_47  -            479 19791at72274         -            304   5.9e-82  273.7   8.9   2   2   7.4e-07    0.0012   16.6   0.0   242   286   397   443   385   462 0.77 # 44938 # 46374 # 1 # ID=29_47;partial=00;start_type=ATG;rbs_motif=GGA/GAG/AGG;rbs_spacer=5-10bp;gc_cont=0.608
NODE_34_length_68937_cov_41.517034_28  -            451 19791at72274         -            304   1.9e-05   22.5   0.0   1   2    0.0016       2.5    5.7   0.0   254   283   129   158   112   183 0.80 # 32501 # 33853 # 1 # ID=34_28;partial=00;start_type=ATG;rbs_motif=GGAG/GAGG;rbs_spacer=5-10bp;gc_cont=0.599
NODE_34_length_68937_cov_41.517034_28  -            451 19791at72274         -            304   1.9e-05   22.5   0.0   2   2     3e-06    0.0048   14.6   0.0   254   290   225   261   220   278 0.82 # 32501 # 33853 # 1 # ID=34_28;partial=00;start_type=ATG;rbs_motif=GGAG/GAGG;rbs_spacer=5-10bp;gc_cont=0.599
NODE_10_length_199183_cov_41.836345_80 -            436 19791at72274         -            304   3.6e-05   21.5   0.1   1   2      0.13   2.1e+02   -0.7   0.0   135   171    13    49     2    57 0.82 # 91028 # 92335 # 1 # ID=10_80;partial=00;start_type=ATG;rbs_motif=AGGAG;rbs_spacer=5-10bp;gc_cont=0.639
NODE_10_length_199183_cov_41.836345_80 -            436 19791at72274         -            304   3.6e-05   21.5   0.1   2   2   1.6e-07   0.00026   18.7   0.1   236   282   105   147    95   167 0.86 # 91028 # 92335 # 1 # ID=10_80;partial=00;start_type=ATG;rbs_motif=AGGAG;rbs_spacer=5-10bp;gc_cont=0.639
#
# Program:         hmmsearch
# Version:         3.1b2 (February 2015)
# Pipeline mode:   SEARCH
# Query file:      /data2/PEG/hoaxaca/REAA/Pseudomonas/bin/busco_downloads/lineages/pseudomonadales_odb10/hmms/19791at72274.hmm
# Target file:     /data2/PEG/hoaxaca/REAA/Pseudomonas/bin/../out/busco/trim_75.spades_kmer/prodigal_output/predicted_genes/predicted.faa
# Option settings: hmmsearch --domtblout /data2/PEG/hoaxaca/REAA/Pseudomonas/bin/../out/busco/trim_75.spades_kmer/run_pseudomonadales_odb10/hmmer_output/19791at72274.out --cpu 1 /data2/PEG/hoaxaca/REAA/Pseudomonas/bin/busco_downloads/lineages/pseudomonadales_odb10/hmms/19791at72274.hmm /data2/PEG/hoaxaca/REAA/Pseudomonas/bin/../out/busco/trim_75.spades_kmer/prodigal_output/predicted_genes/predicted.faa 
# Current dir:     /data2/PEG/hoaxaca/REAA/Pseudomonas/bin
# Date:            Mon Feb 20 00:36:26 2023
# [ok]
