#                                                                                              --- full sequence --- -------------- this domain -------------   hmm coord   ali coord   env coord
# target name                          accession   tlen query name           accession   qlen   E-value  score  bias   #  of  c-Evalue  i-Evalue  score  bias  from    to  from    to  from    to  acc description of target
#                  ------------------- ---------- ----- -------------------- ---------- ----- --------- ------ ----- --- --- --------- --------- ------ ----- ----- ----- ----- ----- ----- ----- ---- ---------------------
NODE_24_length_100934_cov_40.437016_75 -            303 25878at72274         -            264  2.2e-134  445.4   0.0   1   1  3.3e-137  2.6e-134  445.2   0.0     1   264     4   298     4   298 0.92 # 75283 # 76191 # 1 # ID=24_75;partial=00;start_type=GTG;rbs_motif=AGGAG;rbs_spacer=5-10bp;gc_cont=0.607
NODE_16_length_124179_cov_41.687423_47 -            276 25878at72274         -            264   1.7e-27   95.0   0.0   1   1   2.8e-30   2.2e-27   94.6   0.0    53   226    59   242    43   258 0.85 # 41983 # 42810 # -1 # ID=16_47;partial=00;start_type=ATG;rbs_motif=GGA/GAG/AGG;rbs_spacer=5-10bp;gc_cont=0.658
NODE_25_length_98842_cov_43.182632_84  -            219 25878at72274         -            264   1.5e-07   29.7   0.1   1   2       1.1   8.4e+02   -2.3   0.0   181   205    51    74    35    82 0.67 # 83324 # 83980 # -1 # ID=25_84;partial=00;start_type=ATG;rbs_motif=None;rbs_spacer=None;gc_cont=0.670
NODE_25_length_98842_cov_43.182632_84  -            219 25878at72274         -            264   1.5e-07   29.7   0.1   2   2   3.7e-10   2.9e-07   28.7   0.1    99   170    82   154    75   178 0.86 # 83324 # 83980 # -1 # ID=25_84;partial=00;start_type=ATG;rbs_motif=None;rbs_spacer=None;gc_cont=0.670
NODE_1_length_486209_cov_41.704357_205 -            399 25878at72274         -            264   3.3e-05   21.9   0.0   1   1   7.4e-08   5.9e-05   21.1   0.0    97   169   219   302   210   341 0.76 # 212935 # 214131 # -1 # ID=1_205;partial=00;start_type=ATG;rbs_motif=GGAG/GAGG;rbs_spacer=5-10bp;gc_cont=0.623
NODE_30_length_79518_cov_42.259746_4   -            394 25878at72274         -            264    0.0001   20.3   0.0   1   1     2e-07   0.00016   19.7   0.0   100   178   252   337   217   356 0.82 # 3054 # 4235 # -1 # ID=30_4;partial=00;start_type=ATG;rbs_motif=GGA/GAG/AGG;rbs_spacer=5-10bp;gc_cont=0.644
NODE_6_length_212507_cov_41.251422_62  -            293 25878at72274         -            264    0.0019   16.2   0.0   1   1   3.5e-06    0.0028   15.6   0.0   101   165   160   228   150   237 0.80 # 62033 # 62911 # 1 # ID=6_62;partial=00;start_type=ATG;rbs_motif=GGA/GAG/AGG;rbs_spacer=5-10bp;gc_cont=0.652
NODE_69_length_20007_cov_39.367901_5   -            255 25878at72274         -            264    0.0024   15.9   0.0   1   1   4.3e-06    0.0034   15.3   0.0    99   165    45   116    34   129 0.80 # 4910 # 5674 # -1 # ID=69_5;partial=00;start_type=ATG;rbs_motif=AGGA;rbs_spacer=5-10bp;gc_cont=0.644
NODE_8_length_205641_cov_42.305415_74  -            333 25878at72274         -            264     0.053   11.4   0.0   1   1   0.00011     0.084   10.8   0.0    98   170   191   267   180   303 0.74 # 88798 # 89796 # 1 # ID=8_74;partial=00;start_type=ATG;rbs_motif=AGGAG;rbs_spacer=5-10bp;gc_cont=0.618
#
# Program:         hmmsearch
# Version:         3.1b2 (February 2015)
# Pipeline mode:   SEARCH
# Query file:      /data2/PEG/hoaxaca/REAA/Pseudomonas/bin/busco_downloads/lineages/pseudomonadales_odb10/hmms/25878at72274.hmm
# Target file:     /data2/PEG/hoaxaca/REAA/Pseudomonas/bin/../out/busco/trim_75.spades_kmer/prodigal_output/predicted_genes/predicted.faa
# Option settings: hmmsearch --domtblout /data2/PEG/hoaxaca/REAA/Pseudomonas/bin/../out/busco/trim_75.spades_kmer/run_pseudomonadales_odb10/hmmer_output/25878at72274.out --cpu 1 /data2/PEG/hoaxaca/REAA/Pseudomonas/bin/busco_downloads/lineages/pseudomonadales_odb10/hmms/25878at72274.hmm /data2/PEG/hoaxaca/REAA/Pseudomonas/bin/../out/busco/trim_75.spades_kmer/prodigal_output/predicted_genes/predicted.faa 
# Current dir:     /data2/PEG/hoaxaca/REAA/Pseudomonas/bin
# Date:            Mon Feb 20 00:36:34 2023
# [ok]
