#                                                                                               --- full sequence --- -------------- this domain -------------   hmm coord   ali coord   env coord
# target name                           accession   tlen query name           accession   qlen   E-value  score  bias   #  of  c-Evalue  i-Evalue  score  bias  from    to  from    to  from    to  acc description of target
#                   ------------------- ---------- ----- -------------------- ---------- ----- --------- ------ ----- --- --- --------- --------- ------ ----- ----- ----- ----- ----- ----- ----- ---- ---------------------
NODE_15_length_139124_cov_51.392869_9   -            775 2861at72274          -            620  1.5e-294  976.4   0.0   1   1    2e-296  1.8e-293  972.8   0.0     1   613    30   745    30   748 0.90 # 7579 # 9903 # -1 # ID=15_9;partial=00;start_type=ATG;rbs_motif=None;rbs_spacer=None;gc_cont=0.603
NODE_10_length_199183_cov_41.836345_8   -            820 2861at72274          -            620   5.8e-88  293.9   0.3   1   3     1e-46   9.2e-44  147.9   0.0   115   352    68   315    63   319 0.84 # 6753 # 9212 # 1 # ID=10_8;partial=00;start_type=TTG;rbs_motif=GGA/GAG/AGG;rbs_spacer=11-12bp;gc_cont=0.628
NODE_10_length_199183_cov_41.836345_8   -            820 2861at72274          -            620   5.8e-88  293.9   0.3   2   3   1.5e-23   1.3e-20   71.4   0.0   338   492   418   599   392   607 0.81 # 6753 # 9212 # 1 # ID=10_8;partial=00;start_type=TTG;rbs_motif=GGA/GAG/AGG;rbs_spacer=11-12bp;gc_cont=0.628
NODE_10_length_199183_cov_41.836345_8   -            820 2861at72274          -            620   5.8e-88  293.9   0.3   3   3     2e-23   1.9e-20   71.0   0.1   498   588   654   745   646   754 0.87 # 6753 # 9212 # 1 # ID=10_8;partial=00;start_type=TTG;rbs_motif=GGA/GAG/AGG;rbs_spacer=11-12bp;gc_cont=0.628
NODE_11_length_186925_cov_42.279989_140 -            766 2861at72274          -            620   1.1e-37  127.8   0.0   1   2   3.3e-28     3e-25   86.8   0.0   114   252    59   193    51   231 0.92 # 143784 # 146081 # -1 # ID=11_140;partial=00;start_type=TTG;rbs_motif=GGA/GAG/AGG;rbs_spacer=5-10bp;gc_cont=0.643
NODE_11_length_186925_cov_42.279989_140 -            766 2861at72274          -            620   1.1e-37  127.8   0.0   2   2   1.4e-13   1.3e-10   38.5   0.0   343   582   296   550   279   559 0.76 # 143784 # 146081 # -1 # ID=11_140;partial=00;start_type=TTG;rbs_motif=GGA/GAG/AGG;rbs_spacer=5-10bp;gc_cont=0.643
NODE_1_length_486209_cov_41.704357_223  -            241 2861at72274          -            620   2.7e-21   73.7   0.0   1   1   3.9e-24   3.5e-21   73.3   0.0   114   281    56   219    52   228 0.93 # 231689 # 232411 # -1 # ID=1_223;partial=00;start_type=ATG;rbs_motif=None;rbs_spacer=None;gc_cont=0.614
NODE_28_length_96887_cov_40.525679_35   -            633 2861at72274          -            620   4.3e-08   30.1   0.1   1   3   0.00021      0.19    8.1   0.0   322   360   244   285   238   298 0.87 # 34686 # 36584 # 1 # ID=28_35;partial=00;start_type=ATG;rbs_motif=None;rbs_spacer=None;gc_cont=0.626
NODE_28_length_96887_cov_40.525679_35   -            633 2861at72274          -            620   4.3e-08   30.1   0.1   2   3    0.0048       4.3    3.7   0.0   368   403   315   350   303   368 0.84 # 34686 # 36584 # 1 # ID=28_35;partial=00;start_type=ATG;rbs_motif=None;rbs_spacer=None;gc_cont=0.626
NODE_28_length_96887_cov_40.525679_35   -            633 2861at72274          -            620   4.3e-08   30.1   0.1   3   3   2.5e-06    0.0022   14.5   0.0   454   542   453   542   438   546 0.77 # 34686 # 36584 # 1 # ID=28_35;partial=00;start_type=ATG;rbs_motif=None;rbs_spacer=None;gc_cont=0.626
NODE_40_length_55419_cov_41.128740_3    -            631 2861at72274          -            620     9e-06   22.5   0.1   1   2   0.00019      0.17    8.3   0.0   322   360   244   285   242   364 0.89 # 2696 # 4588 # 1 # ID=40_3;partial=00;start_type=ATG;rbs_motif=GGA/GAG/AGG;rbs_spacer=11-12bp;gc_cont=0.609
NODE_40_length_55419_cov_41.128740_3    -            631 2861at72274          -            620     9e-06   22.5   0.1   2   2   3.9e-05     0.035   10.6   0.0   454   542   453   542   434   546 0.74 # 2696 # 4588 # 1 # ID=40_3;partial=00;start_type=ATG;rbs_motif=GGA/GAG/AGG;rbs_spacer=11-12bp;gc_cont=0.609
NODE_33_length_69296_cov_44.754626_28   -           1031 2861at72274          -            620     0.026   11.0   0.0   1   3       0.1        90   -0.7   0.0   121   175   173   238   159   307 0.71 # 30958 # 34050 # -1 # ID=33_28;partial=00;start_type=ATG;rbs_motif=GGA/GAG/AGG;rbs_spacer=5-10bp;gc_cont=0.635
NODE_33_length_69296_cov_44.754626_28   -           1031 2861at72274          -            620     0.026   11.0   0.0   2   3      0.38   3.4e+02   -2.6   0.0   261   323   678   741   674   750 0.83 # 30958 # 34050 # -1 # ID=33_28;partial=00;start_type=ATG;rbs_motif=GGA/GAG/AGG;rbs_spacer=5-10bp;gc_cont=0.635
NODE_33_length_69296_cov_44.754626_28   -           1031 2861at72274          -            620     0.026   11.0   0.0   3   3   0.00024      0.22    8.0   0.0   452   547   847   953   828   963 0.70 # 30958 # 34050 # -1 # ID=33_28;partial=00;start_type=ATG;rbs_motif=GGA/GAG/AGG;rbs_spacer=5-10bp;gc_cont=0.635
#
# Program:         hmmsearch
# Version:         3.1b2 (February 2015)
# Pipeline mode:   SEARCH
# Query file:      /data2/PEG/hoaxaca/REAA/Pseudomonas/bin/busco_downloads/lineages/pseudomonadales_odb10/hmms/2861at72274.hmm
# Target file:     /data2/PEG/hoaxaca/REAA/Pseudomonas/bin/../out/busco/trim_75.spades_kmer/prodigal_output/predicted_genes/predicted.faa
# Option settings: hmmsearch --domtblout /data2/PEG/hoaxaca/REAA/Pseudomonas/bin/../out/busco/trim_75.spades_kmer/run_pseudomonadales_odb10/hmmer_output/2861at72274.out --cpu 1 /data2/PEG/hoaxaca/REAA/Pseudomonas/bin/busco_downloads/lineages/pseudomonadales_odb10/hmms/2861at72274.hmm /data2/PEG/hoaxaca/REAA/Pseudomonas/bin/../out/busco/trim_75.spades_kmer/prodigal_output/predicted_genes/predicted.faa 
# Current dir:     /data2/PEG/hoaxaca/REAA/Pseudomonas/bin
# Date:            Mon Feb 20 00:36:37 2023
# [ok]
