#                                                                                               --- full sequence --- -------------- this domain -------------   hmm coord   ali coord   env coord
# target name                           accession   tlen query name           accession   qlen   E-value  score  bias   #  of  c-Evalue  i-Evalue  score  bias  from    to  from    to  from    to  acc description of target
#                   ------------------- ---------- ----- -------------------- ---------- ----- --------- ------ ----- --- --- --------- --------- ------ ----- ----- ----- ----- ----- ----- ----- ---- ---------------------
NODE_27_length_96933_cov_42.098350_40   -            315 30458at72274         -            233     3e-76  254.5   0.0   1   1   6.4e-78   3.1e-75  251.2   0.0     1   233     1   312     1   312 0.86 # 43290 # 44234 # -1 # ID=27_40;partial=00;start_type=GTG;rbs_motif=GGAG/GAGG;rbs_spacer=5-10bp;gc_cont=0.623
NODE_33_length_69296_cov_44.754626_43   -            137 30458at72274         -            233   1.5e-10   39.5   0.1   1   1   5.5e-13   2.7e-10   38.7   0.0     2    61     3    60     2    66 0.84 # 51129 # 51539 # 1 # ID=33_43;partial=00;start_type=ATG;rbs_motif=GGA/GAG/AGG;rbs_spacer=5-10bp;gc_cont=0.659
NODE_18_length_119600_cov_42.302422_60  -            139 30458at72274         -            233   3.6e-09   35.0   0.1   1   1     1e-11   4.9e-09   34.5   0.1     3    61    18    73    16   135 0.80 # 65733 # 66149 # 1 # ID=18_60;partial=00;start_type=ATG;rbs_motif=AGGA/GGAG/GAGG;rbs_spacer=11-12bp;gc_cont=0.583
NODE_1_length_486209_cov_41.704357_183  -            160 30458at72274         -            233   1.8e-08   32.7   0.0   1   1   5.7e-11   2.8e-08   32.1   0.0     7    59    12    61     8    67 0.86 # 185795 # 186274 # 1 # ID=1_183;partial=00;start_type=GTG;rbs_motif=GGAG/GAGG;rbs_spacer=5-10bp;gc_cont=0.558
NODE_3_length_235490_cov_43.137961_42   -            221 30458at72274         -            233   2.8e-05   22.2   0.0   1   1   7.3e-08   3.6e-05   21.9   0.0    13    60    85   132    73   151 0.86 # 43562 # 44224 # 1 # ID=3_42;partial=00;start_type=ATG;rbs_motif=None;rbs_spacer=None;gc_cont=0.612
NODE_3_length_235490_cov_43.137961_120  -            149 30458at72274         -            233     3e-05   22.1   0.2   1   1   8.2e-08     4e-05   21.7   0.2     6    57     9    61     4    67 0.87 # 131070 # 131516 # -1 # ID=3_120;partial=00;start_type=ATG;rbs_motif=AGGA;rbs_spacer=5-10bp;gc_cont=0.586
NODE_21_length_103625_cov_43.206963_24  -            137 30458at72274         -            233   0.00021   19.4   0.0   1   1   5.8e-07   0.00028   19.0   0.0    34    66    32    64    21    78 0.86 # 18835 # 19245 # -1 # ID=21_24;partial=00;start_type=ATG;rbs_motif=GGA/GAG/AGG;rbs_spacer=5-10bp;gc_cont=0.574
NODE_56_length_36010_cov_40.622791_8    -            278 30458at72274         -            233   0.00058   17.9   0.0   1   1   1.9e-06   0.00093   17.3   0.0    10    61   148   199   140   213 0.81 # 7137 # 7970 # -1 # ID=56_8;partial=00;start_type=ATG;rbs_motif=GGA/GAG/AGG;rbs_spacer=5-10bp;gc_cont=0.647
NODE_2_length_236949_cov_43.085704_202  -            208 30458at72274         -            233    0.0048   14.9   0.0   1   1   1.4e-05    0.0068   14.4   0.0     3    67    69   129    67   139 0.79 # 206257 # 206880 # 1 # ID=2_202;partial=00;start_type=ATG;rbs_motif=AGGAG;rbs_spacer=5-10bp;gc_cont=0.599
NODE_2_length_236949_cov_43.085704_170  -            149 30458at72274         -            233     0.007   14.4   0.0   1   1   1.5e-05    0.0073   14.3   0.0     5    61     6    62     4   121 0.83 # 170787 # 171233 # 1 # ID=2_170;partial=00;start_type=ATG;rbs_motif=GGAG/GAGG;rbs_spacer=5-10bp;gc_cont=0.609
NODE_6_length_212507_cov_41.251422_55   -            179 30458at72274         -            233    0.0084   14.1   0.0   1   1   2.5e-05     0.012   13.6   0.0    34    59    78   103    67   116 0.87 # 53593 # 54129 # -1 # ID=6_55;partial=00;start_type=ATG;rbs_motif=GGA/GAG/AGG;rbs_spacer=5-10bp;gc_cont=0.644
NODE_19_length_107352_cov_42.100236_77  -            206 30458at72274         -            233     0.027   12.5   0.1   1   1   0.00011     0.053   11.5   0.1    31    60    88   117    72   123 0.91 # 97988 # 98605 # 1 # ID=19_77;partial=00;start_type=ATG;rbs_motif=GGAG/GAGG;rbs_spacer=5-10bp;gc_cont=0.578
NODE_10_length_199183_cov_41.836345_123 -            189 30458at72274         -            233     0.028   12.4   0.1   1   1     9e-05     0.044   11.8   0.1    33    59    77   103    49   111 0.77 # 133309 # 133875 # -1 # ID=10_123;partial=00;start_type=ATG;rbs_motif=AGGAG;rbs_spacer=5-10bp;gc_cont=0.623
#
# Program:         hmmsearch
# Version:         3.1b2 (February 2015)
# Pipeline mode:   SEARCH
# Query file:      /data2/PEG/hoaxaca/REAA/Pseudomonas/bin/busco_downloads/lineages/pseudomonadales_odb10/hmms/30458at72274.hmm
# Target file:     /data2/PEG/hoaxaca/REAA/Pseudomonas/bin/../out/busco/trim_75.spades_kmer/prodigal_output/predicted_genes/predicted.faa
# Option settings: hmmsearch --domtblout /data2/PEG/hoaxaca/REAA/Pseudomonas/bin/../out/busco/trim_75.spades_kmer/run_pseudomonadales_odb10/hmmer_output/30458at72274.out --cpu 1 /data2/PEG/hoaxaca/REAA/Pseudomonas/bin/busco_downloads/lineages/pseudomonadales_odb10/hmms/30458at72274.hmm /data2/PEG/hoaxaca/REAA/Pseudomonas/bin/../out/busco/trim_75.spades_kmer/prodigal_output/predicted_genes/predicted.faa 
# Current dir:     /data2/PEG/hoaxaca/REAA/Pseudomonas/bin
# Date:            Mon Feb 20 00:36:39 2023
# [ok]
