#                                                                                               --- full sequence --- -------------- this domain -------------   hmm coord   ali coord   env coord
# target name                           accession   tlen query name           accession   qlen   E-value  score  bias   #  of  c-Evalue  i-Evalue  score  bias  from    to  from    to  from    to  acc description of target
#                   ------------------- ---------- ----- -------------------- ---------- ----- --------- ------ ----- --- --- --------- --------- ------ ----- ----- ----- ----- ----- ----- ----- ---- ---------------------
NODE_1_length_486209_cov_41.704357_1    -            284 32154at72274         -            214   3.2e-70  234.3   0.0   1   1   9.9e-73   6.3e-70  233.3   0.0     1   214     1   281     1   281 0.86 # 379 # 1230 # 1 # ID=1_1;partial=00;start_type=ATG;rbs_motif=GGAG/GAGG;rbs_spacer=5-10bp;gc_cont=0.624
NODE_11_length_186925_cov_42.279989_102 -            458 32154at72274         -            214   7.4e-06   23.9   0.2   1   2   0.00046      0.29    8.9   0.1     4    37     1    35     1    49 0.77 # 100991 # 102364 # 1 # ID=11_102;partial=00;start_type=ATG;rbs_motif=GGAG/GAGG;rbs_spacer=5-10bp;gc_cont=0.616
NODE_11_length_186925_cov_42.279989_102 -            458 32154at72274         -            214   7.4e-06   23.9   0.2   2   2   3.1e-05      0.02   12.7   0.0     4    40   232   268   229   288 0.77 # 100991 # 102364 # 1 # ID=11_102;partial=00;start_type=ATG;rbs_motif=GGAG/GAGG;rbs_spacer=5-10bp;gc_cont=0.616
NODE_23_length_101372_cov_40.184625_10  -            311 32154at72274         -            214   0.00033   18.5   0.0   1   3      0.55   3.5e+02   -1.2   0.0    92   127    62    97    58   102 0.84 # 8092 # 9024 # 1 # ID=23_10;partial=00;start_type=ATG;rbs_motif=GGA/GAG/AGG;rbs_spacer=5-10bp;gc_cont=0.638
NODE_23_length_101372_cov_40.184625_10  -            311 32154at72274         -            214   0.00033   18.5   0.0   2   3      0.29   1.9e+02   -0.3   0.0   127   141   115   129   113   135 0.86 # 8092 # 9024 # 1 # ID=23_10;partial=00;start_type=ATG;rbs_motif=GGA/GAG/AGG;rbs_spacer=5-10bp;gc_cont=0.638
NODE_23_length_101372_cov_40.184625_10  -            311 32154at72274         -            214   0.00033   18.5   0.0   3   3   6.9e-06    0.0044   14.9   0.0     5    59   136   207   132   211 0.82 # 8092 # 9024 # 1 # ID=23_10;partial=00;start_type=ATG;rbs_motif=GGA/GAG/AGG;rbs_spacer=5-10bp;gc_cont=0.638
NODE_13_length_147962_cov_41.421937_48  -            333 32154at72274         -            214    0.0026   15.6   0.0   1   2     0.012       7.5    4.3   0.0    38    88    62   117     1   126 0.64 # 46760 # 47758 # 1 # ID=13_48;partial=00;start_type=ATG;rbs_motif=GGAG/GAGG;rbs_spacer=5-10bp;gc_cont=0.613
NODE_13_length_147962_cov_41.421937_48  -            333 32154at72274         -            214    0.0026   15.6   0.0   2   2   0.00036      0.23    9.3   0.0   145   184   211   250   202   260 0.90 # 46760 # 47758 # 1 # ID=13_48;partial=00;start_type=ATG;rbs_motif=GGAG/GAGG;rbs_spacer=5-10bp;gc_cont=0.613
NODE_32_length_70754_cov_42.115706_25   -            407 32154at72274         -            214    0.0026   15.6   0.0   1   1   7.7e-06    0.0049   14.7   0.0   113   182   327   395   323   402 0.82 # 23883 # 25103 # -1 # ID=32_25;partial=00;start_type=ATG;rbs_motif=None;rbs_spacer=None;gc_cont=0.634
NODE_12_length_160433_cov_40.733708_121 -            323 32154at72274         -            214    0.0044   14.9   0.0   1   2   2.4e-05     0.015   13.1   0.0     5    39     3    39     1    62 0.79 # 114865 # 115833 # 1 # ID=12_121;partial=00;start_type=ATG;rbs_motif=GGA/GAG/AGG;rbs_spacer=5-10bp;gc_cont=0.621
NODE_12_length_160433_cov_40.733708_121 -            323 32154at72274         -            214    0.0044   14.9   0.0   2   2      0.65   4.1e+02   -1.4   0.0   103   125   141   163   136   172 0.68 # 114865 # 115833 # 1 # ID=12_121;partial=00;start_type=ATG;rbs_motif=GGA/GAG/AGG;rbs_spacer=5-10bp;gc_cont=0.621
NODE_15_length_139124_cov_51.392869_83  -            298 32154at72274         -            214      0.02   12.7   0.3   1   3   0.00029      0.19    9.5   0.1     4    45     1    44     1    73 0.86 # 100861 # 101754 # -1 # ID=15_83;partial=00;start_type=ATG;rbs_motif=GGAG/GAGG;rbs_spacer=5-10bp;gc_cont=0.606
NODE_15_length_139124_cov_51.392869_83  -            298 32154at72274         -            214      0.02   12.7   0.3   2   3      0.66   4.2e+02   -1.4   0.0   102   127   136   161   111   170 0.74 # 100861 # 101754 # -1 # ID=15_83;partial=00;start_type=ATG;rbs_motif=GGAG/GAGG;rbs_spacer=5-10bp;gc_cont=0.606
NODE_15_length_139124_cov_51.392869_83  -            298 32154at72274         -            214      0.02   12.7   0.3   3   3      0.28   1.8e+02   -0.2   0.0   132   153   189   209   177   244 0.62 # 100861 # 101754 # -1 # ID=15_83;partial=00;start_type=ATG;rbs_motif=GGAG/GAGG;rbs_spacer=5-10bp;gc_cont=0.606
NODE_36_length_66994_cov_42.587651_13   -            200 32154at72274         -            214     0.022   12.5   0.1   1   2   7.8e-05     0.049   11.4   0.0     4    38     1    36     1    60 0.87 # 9632 # 10231 # 1 # ID=36_13;partial=00;start_type=ATG;rbs_motif=GGAGG;rbs_spacer=5-10bp;gc_cont=0.613
NODE_36_length_66994_cov_42.587651_13   -            200 32154at72274         -            214     0.022   12.5   0.1   2   2       1.2   7.3e+02   -2.2   0.0   198   211   159   172   154   174 0.86 # 9632 # 10231 # 1 # ID=36_13;partial=00;start_type=ATG;rbs_motif=GGAGG;rbs_spacer=5-10bp;gc_cont=0.613
NODE_9_length_205576_cov_41.813470_156  -            300 32154at72274         -            214     0.027   12.3   0.1   1   3    0.0018       1.1    7.0   0.0     6    41     3    40     1    70 0.80 # 143115 # 144014 # -1 # ID=9_156;partial=00;start_type=ATG;rbs_motif=GGA/GAG/AGG;rbs_spacer=5-10bp;gc_cont=0.617
NODE_9_length_205576_cov_41.813470_156  -            300 32154at72274         -            214     0.027   12.3   0.1   2   3       1.5   9.8e+02   -2.6   0.0   104   126   139   161   137   166 0.83 # 143115 # 144014 # -1 # ID=9_156;partial=00;start_type=ATG;rbs_motif=GGA/GAG/AGG;rbs_spacer=5-10bp;gc_cont=0.617
NODE_9_length_205576_cov_41.813470_156  -            300 32154at72274         -            214     0.027   12.3   0.1   3   3      0.04        25    2.6   0.0   129   155   187   212   176   246 0.65 # 143115 # 144014 # -1 # ID=9_156;partial=00;start_type=ATG;rbs_motif=GGA/GAG/AGG;rbs_spacer=5-10bp;gc_cont=0.617
NODE_31_length_78580_cov_41.529813_60   -            664 32154at72274         -            214     0.058   11.2   0.0   1   1   0.00018      0.11   10.3   0.0    68   103   419   455   317   462 0.74 # 60390 # 62381 # 1 # ID=31_60;partial=00;start_type=ATG;rbs_motif=GGA/GAG/AGG;rbs_spacer=5-10bp;gc_cont=0.609
#
# Program:         hmmsearch
# Version:         3.1b2 (February 2015)
# Pipeline mode:   SEARCH
# Query file:      /data2/PEG/hoaxaca/REAA/Pseudomonas/bin/busco_downloads/lineages/pseudomonadales_odb10/hmms/32154at72274.hmm
# Target file:     /data2/PEG/hoaxaca/REAA/Pseudomonas/bin/../out/busco/trim_75.spades_kmer/prodigal_output/predicted_genes/predicted.faa
# Option settings: hmmsearch --domtblout /data2/PEG/hoaxaca/REAA/Pseudomonas/bin/../out/busco/trim_75.spades_kmer/run_pseudomonadales_odb10/hmmer_output/32154at72274.out --cpu 1 /data2/PEG/hoaxaca/REAA/Pseudomonas/bin/busco_downloads/lineages/pseudomonadales_odb10/hmms/32154at72274.hmm /data2/PEG/hoaxaca/REAA/Pseudomonas/bin/../out/busco/trim_75.spades_kmer/prodigal_output/predicted_genes/predicted.faa 
# Current dir:     /data2/PEG/hoaxaca/REAA/Pseudomonas/bin
# Date:            Mon Feb 20 00:36:41 2023
# [ok]
