#                                                                                              --- full sequence --- -------------- this domain -------------   hmm coord   ali coord   env coord
# target name                          accession   tlen query name           accession   qlen   E-value  score  bias   #  of  c-Evalue  i-Evalue  score  bias  from    to  from    to  from    to  acc description of target
#                  ------------------- ---------- ----- -------------------- ---------- ----- --------- ------ ----- --- --- --------- --------- ------ ----- ----- ----- ----- ----- ----- ----- ---- ---------------------
NODE_1_length_486209_cov_41.704357_52  -            300 32696at72274         -            231   1.8e-97  323.9   1.4   1   1   2.7e-98   2.4e-95  316.9   1.4     1   231    13   293    13   293 0.87 # 52312 # 53211 # -1 # ID=1_52;partial=00;start_type=ATG;rbs_motif=None;rbs_spacer=None;gc_cont=0.652
NODE_3_length_235490_cov_43.137961_27  -            299 32696at72274         -            231   5.1e-53  178.4   4.1   1   1   6.3e-54   5.7e-51  171.7   4.1    37   228    69   297    18   298 0.81 # 31147 # 32043 # -1 # ID=3_27;partial=00;start_type=ATG;rbs_motif=GGA/GAG/AGG;rbs_spacer=5-10bp;gc_cont=0.619
NODE_31_length_78580_cov_41.529813_57  -            305 32696at72274         -            231   5.4e-15   54.0   0.7   1   1   1.8e-17   1.6e-14   52.4   0.7    79   212   137   289    70   300 0.82 # 57080 # 57994 # -1 # ID=31_57;partial=00;start_type=TTG;rbs_motif=GGA/GAG/AGG;rbs_spacer=5-10bp;gc_cont=0.620
NODE_201_length_228_cov_0.934641_1     -             76 32696at72274         -            231   3.6e-09   34.9   0.1   1   1   4.1e-12   3.7e-09   34.9   0.1    77   107    46    76    19    76 0.83 # 1 # 228 # -1 # ID=201_1;partial=11;start_type=Edge;rbs_motif=None;rbs_spacer=None;gc_cont=0.640
NODE_5_length_229610_cov_41.480005_154 -            384 32696at72274         -            231   0.00014   19.9   0.0   1   1   3.7e-07   0.00034   18.6   0.0    80   210   190   343   175   348 0.75 # 205503 # 206654 # 1 # ID=5_154;partial=00;start_type=TTG;rbs_motif=GGA/GAG/AGG;rbs_spacer=11-12bp;gc_cont=0.648
NODE_14_length_139520_cov_41.636954_29 -            309 32696at72274         -            231    0.0015   16.5   0.0   1   2    0.0025       2.2    6.1   0.0    67   108   124   164    92   171 0.80 # 29844 # 30770 # -1 # ID=14_29;partial=00;start_type=ATG;rbs_motif=None;rbs_spacer=None;gc_cont=0.621
NODE_14_length_139520_cov_41.636954_29 -            309 32696at72274         -            231    0.0015   16.5   0.0   2   2   0.00065      0.59    8.0   0.0   160   211   241   294   201   298 0.81 # 29844 # 30770 # -1 # ID=14_29;partial=00;start_type=ATG;rbs_motif=None;rbs_spacer=None;gc_cont=0.621
NODE_25_length_98842_cov_43.182632_48  -            370 32696at72274         -            231     0.015   13.3   0.0   1   3      0.12   1.1e+02    0.7   0.0    28    62    68   102    59   117 0.76 # 40923 # 42032 # 1 # ID=25_48;partial=00;start_type=ATG;rbs_motif=GGAG/GAGG;rbs_spacer=5-10bp;gc_cont=0.536
NODE_25_length_98842_cov_43.182632_48  -            370 32696at72274         -            231     0.015   13.3   0.0   2   3    0.0042       3.8    5.4   0.0    78   110   169   201   160   205 0.89 # 40923 # 42032 # 1 # ID=25_48;partial=00;start_type=ATG;rbs_motif=GGAG/GAGG;rbs_spacer=5-10bp;gc_cont=0.536
NODE_25_length_98842_cov_43.182632_48  -            370 32696at72274         -            231     0.015   13.3   0.0   3   3     0.027        25    2.7   0.0   141   182   260   304   254   318 0.66 # 40923 # 42032 # 1 # ID=25_48;partial=00;start_type=ATG;rbs_motif=GGAG/GAGG;rbs_spacer=5-10bp;gc_cont=0.536
#
# Program:         hmmsearch
# Version:         3.1b2 (February 2015)
# Pipeline mode:   SEARCH
# Query file:      /data2/PEG/hoaxaca/REAA/Pseudomonas/bin/busco_downloads/lineages/pseudomonadales_odb10/hmms/32696at72274.hmm
# Target file:     /data2/PEG/hoaxaca/REAA/Pseudomonas/bin/../out/busco/trim_75.spades_kmer/prodigal_output/predicted_genes/predicted.faa
# Option settings: hmmsearch --domtblout /data2/PEG/hoaxaca/REAA/Pseudomonas/bin/../out/busco/trim_75.spades_kmer/run_pseudomonadales_odb10/hmmer_output/32696at72274.out --cpu 1 /data2/PEG/hoaxaca/REAA/Pseudomonas/bin/busco_downloads/lineages/pseudomonadales_odb10/hmms/32696at72274.hmm /data2/PEG/hoaxaca/REAA/Pseudomonas/bin/../out/busco/trim_75.spades_kmer/prodigal_output/predicted_genes/predicted.faa 
# Current dir:     /data2/PEG/hoaxaca/REAA/Pseudomonas/bin
# Date:            Mon Feb 20 00:36:42 2023
# [ok]
