#                                                                                             --- full sequence --- -------------- this domain -------------   hmm coord   ali coord   env coord
# target name                         accession   tlen query name           accession   qlen   E-value  score  bias   #  of  c-Evalue  i-Evalue  score  bias  from    to  from    to  from    to  acc description of target
#                 ------------------- ---------- ----- -------------------- ---------- ----- --------- ------ ----- --- --- --------- --------- ------ ----- ----- ----- ----- ----- ----- ----- ---- ---------------------
NODE_8_length_205641_cov_42.305415_49 -            457 32893at72274         -            340    9e-130  431.1  12.9   1   2   6.7e-91   8.5e-88  293.1   0.7     6   212    24   246    19   269 0.89 # 61334 # 62704 # -1 # ID=8_49;partial=00;start_type=ATG;rbs_motif=GGAGG;rbs_spacer=5-10bp;gc_cont=0.629
NODE_8_length_205641_cov_42.305415_49 -            457 32893at72274         -            340    9e-130  431.1  12.9   2   2   2.2e-44   2.8e-41  140.2   5.6   208   340   275   448   265   448 0.88 # 61334 # 62704 # -1 # ID=8_49;partial=00;start_type=ATG;rbs_motif=GGAGG;rbs_spacer=5-10bp;gc_cont=0.629
NODE_8_length_205641_cov_42.305415_50 -            488 32893at72274         -            340   1.7e-15   55.4   0.2   1   2     2e-14   2.5e-11   41.7   0.1     9   101    20   124    15   247 0.71 # 62697 # 64160 # -1 # ID=8_50;partial=00;start_type=ATG;rbs_motif=GGAGG;rbs_spacer=5-10bp;gc_cont=0.633
NODE_8_length_205641_cov_42.305415_50 -            488 32893at72274         -            340   1.7e-15   55.4   0.2   2   2   9.9e-05      0.13    9.8   0.0   208   253   286   331   268   338 0.92 # 62697 # 64160 # -1 # ID=8_50;partial=00;start_type=ATG;rbs_motif=GGAGG;rbs_spacer=5-10bp;gc_cont=0.633
NODE_8_length_205641_cov_42.305415_47 -            449 32893at72274         -            340   2.6e-09   35.1   1.5   1   2   3.1e-06    0.0039   14.8   0.1    75   180   106   205    94   222 0.75 # 58899 # 60245 # -1 # ID=8_47;partial=00;start_type=GTG;rbs_motif=GGAG/GAGG;rbs_spacer=5-10bp;gc_cont=0.644
NODE_8_length_205641_cov_42.305415_47 -            449 32893at72274         -            340   2.6e-09   35.1   1.5   2   2   1.3e-07   0.00016   19.3   0.2   210   284   267   351   254   362 0.72 # 58899 # 60245 # -1 # ID=8_47;partial=00;start_type=GTG;rbs_motif=GGAG/GAGG;rbs_spacer=5-10bp;gc_cont=0.644
NODE_8_length_205641_cov_42.305415_44 -            482 32893at72274         -            340   1.3e-08   32.8   0.3   1   2   6.7e-05     0.085   10.4   0.3    76   113   114   155   102   209 0.73 # 55181 # 56626 # -1 # ID=8_44;partial=00;start_type=ATG;rbs_motif=GGAGG;rbs_spacer=5-10bp;gc_cont=0.632
NODE_8_length_205641_cov_42.305415_44 -            482 32893at72274         -            340   1.3e-08   32.8   0.3   2   2   2.7e-07   0.00034   18.3   0.0   207   252   279   324   265   369 0.82 # 55181 # 56626 # -1 # ID=8_44;partial=00;start_type=ATG;rbs_motif=GGAGG;rbs_spacer=5-10bp;gc_cont=0.632
NODE_28_length_96887_cov_40.525679_20 -            450 32893at72274         -            340   3.2e-07   28.2   0.5   1   2   0.00026      0.33    8.5   0.0    79   103   104   128    98   134 0.88 # 22193 # 23542 # 1 # ID=28_20;partial=00;start_type=ATG;rbs_motif=GGAG/GAGG;rbs_spacer=5-10bp;gc_cont=0.612
NODE_28_length_96887_cov_40.525679_20 -            450 32893at72274         -            340   3.2e-07   28.2   0.5   2   2     4e-07   0.00051   17.7   0.2   208   255   270   317   257   354 0.78 # 22193 # 23542 # 1 # ID=28_20;partial=00;start_type=ATG;rbs_motif=GGAG/GAGG;rbs_spacer=5-10bp;gc_cont=0.612
#
# Program:         hmmsearch
# Version:         3.1b2 (February 2015)
# Pipeline mode:   SEARCH
# Query file:      /data2/PEG/hoaxaca/REAA/Pseudomonas/bin/busco_downloads/lineages/pseudomonadales_odb10/hmms/32893at72274.hmm
# Target file:     /data2/PEG/hoaxaca/REAA/Pseudomonas/bin/../out/busco/trim_75.spades_kmer/prodigal_output/predicted_genes/predicted.faa
# Option settings: hmmsearch --domtblout /data2/PEG/hoaxaca/REAA/Pseudomonas/bin/../out/busco/trim_75.spades_kmer/run_pseudomonadales_odb10/hmmer_output/32893at72274.out --cpu 1 /data2/PEG/hoaxaca/REAA/Pseudomonas/bin/busco_downloads/lineages/pseudomonadales_odb10/hmms/32893at72274.hmm /data2/PEG/hoaxaca/REAA/Pseudomonas/bin/../out/busco/trim_75.spades_kmer/prodigal_output/predicted_genes/predicted.faa 
# Current dir:     /data2/PEG/hoaxaca/REAA/Pseudomonas/bin
# Date:            Mon Feb 20 00:36:43 2023
# [ok]
