#                                                                                              --- full sequence --- -------------- this domain -------------   hmm coord   ali coord   env coord
# target name                          accession   tlen query name           accession   qlen   E-value  score  bias   #  of  c-Evalue  i-Evalue  score  bias  from    to  from    to  from    to  acc description of target
#                  ------------------- ---------- ----- -------------------- ---------- ----- --------- ------ ----- --- --- --------- --------- ------ ----- ----- ----- ----- ----- ----- ----- ---- ---------------------
NODE_6_length_212507_cov_41.251422_62  -            293 34866at72274         -            238  1.3e-112  373.6   0.4   1   2   4.6e-16   2.7e-13   48.5   0.1     1    51     1    63     1    71 0.84 # 62033 # 62911 # 1 # ID=6_62;partial=00;start_type=ATG;rbs_motif=GGA/GAG/AGG;rbs_spacer=5-10bp;gc_cont=0.652
NODE_6_length_212507_cov_41.251422_62  -            293 34866at72274         -            238  1.3e-112  373.6   0.4   2   2  4.7e-100   2.7e-97  323.4   0.0    48   238    85   291    79   291 0.94 # 62033 # 62911 # 1 # ID=6_62;partial=00;start_type=ATG;rbs_motif=GGA/GAG/AGG;rbs_spacer=5-10bp;gc_cont=0.652
NODE_25_length_98842_cov_43.182632_84  -            219 34866at72274         -            238   5.8e-14   50.6   0.1   1   1   1.5e-16   8.7e-14   50.1   0.1   119   188    80   154    67   187 0.79 # 83324 # 83980 # -1 # ID=25_84;partial=00;start_type=ATG;rbs_motif=None;rbs_spacer=None;gc_cont=0.670
NODE_8_length_205641_cov_42.305415_74  -            333 34866at72274         -            238   1.3e-05   23.3   0.0   1   1   3.2e-08   1.9e-05   22.8   0.0   104   176   177   248   156   284 0.76 # 88798 # 89796 # 1 # ID=8_74;partial=00;start_type=ATG;rbs_motif=AGGAG;rbs_spacer=5-10bp;gc_cont=0.618
NODE_6_length_212507_cov_41.251422_85  -            249 34866at72274         -            238   2.1e-05   22.6   0.0   1   1   4.6e-08   2.7e-05   22.3   0.0   118   173    40    95    24   140 0.91 # 90310 # 91056 # -1 # ID=6_85;partial=00;start_type=ATG;rbs_motif=GGA/GAG/AGG;rbs_spacer=5-10bp;gc_cont=0.580
NODE_4_length_234165_cov_40.976902_77  -            233 34866at72274         -            238   7.6e-05   20.8   0.0   1   1   1.9e-07   0.00011   20.3   0.0   104   154    30    80    27   108 0.81 # 80369 # 81067 # 1 # ID=4_77;partial=00;start_type=ATG;rbs_motif=GGAG/GAGG;rbs_spacer=5-10bp;gc_cont=0.611
NODE_30_length_79518_cov_42.259746_4   -            394 34866at72274         -            238    0.0012   16.8   0.0   1   1   3.2e-06    0.0019   16.2   0.0   117   162   247   293   216   305 0.79 # 3054 # 4235 # -1 # ID=30_4;partial=00;start_type=ATG;rbs_motif=GGA/GAG/AGG;rbs_spacer=5-10bp;gc_cont=0.644
NODE_12_length_160433_cov_40.733708_78 -            243 34866at72274         -            238    0.0036   15.3   0.0   1   1   7.8e-06    0.0045   15.0   0.0   121   170    43    92    34   142 0.81 # 74870 # 75598 # 1 # ID=12_78;partial=00;start_type=ATG;rbs_motif=GGAG/GAGG;rbs_spacer=5-10bp;gc_cont=0.609
NODE_3_length_235490_cov_43.137961_156 -            319 34866at72274         -            238     0.006   14.6   0.2   1   1   3.4e-05      0.02   12.9   0.2   116   150   114   148    94   250 0.79 # 169182 # 170138 # 1 # ID=3_156;partial=00;start_type=ATG;rbs_motif=None;rbs_spacer=None;gc_cont=0.618
NODE_24_length_100934_cov_40.437016_75 -            303 34866at72274         -            238    0.0098   13.9   0.0   1   1   2.6e-05     0.015   13.3   0.0   123   173   128   179   121   203 0.83 # 75283 # 76191 # 1 # ID=24_75;partial=00;start_type=GTG;rbs_motif=AGGAG;rbs_spacer=5-10bp;gc_cont=0.607
NODE_1_length_486209_cov_41.704357_205 -            399 34866at72274         -            238    0.0098   13.9   0.0   1   1   3.6e-05     0.021   12.8   0.0   120   172   220   272   204   283 0.91 # 212935 # 214131 # -1 # ID=1_205;partial=00;start_type=ATG;rbs_motif=GGAG/GAGG;rbs_spacer=5-10bp;gc_cont=0.623
NODE_56_length_36010_cov_40.622791_5   -            309 34866at72274         -            238     0.012   13.6   0.0   1   1   3.1e-05     0.018   13.0   0.0   111   170   135   193   108   204 0.78 # 4310 # 5236 # 1 # ID=56_5;partial=00;start_type=ATG;rbs_motif=None;rbs_spacer=None;gc_cont=0.622
#
# Program:         hmmsearch
# Version:         3.1b2 (February 2015)
# Pipeline mode:   SEARCH
# Query file:      /data2/PEG/hoaxaca/REAA/Pseudomonas/bin/busco_downloads/lineages/pseudomonadales_odb10/hmms/34866at72274.hmm
# Target file:     /data2/PEG/hoaxaca/REAA/Pseudomonas/bin/../out/busco/trim_75.spades_kmer/prodigal_output/predicted_genes/predicted.faa
# Option settings: hmmsearch --domtblout /data2/PEG/hoaxaca/REAA/Pseudomonas/bin/../out/busco/trim_75.spades_kmer/run_pseudomonadales_odb10/hmmer_output/34866at72274.out --cpu 1 /data2/PEG/hoaxaca/REAA/Pseudomonas/bin/busco_downloads/lineages/pseudomonadales_odb10/hmms/34866at72274.hmm /data2/PEG/hoaxaca/REAA/Pseudomonas/bin/../out/busco/trim_75.spades_kmer/prodigal_output/predicted_genes/predicted.faa 
# Current dir:     /data2/PEG/hoaxaca/REAA/Pseudomonas/bin
# Date:            Mon Feb 20 00:36:45 2023
# [ok]
