#                                                                                              --- full sequence --- -------------- this domain -------------   hmm coord   ali coord   env coord
# target name                          accession   tlen query name           accession   qlen   E-value  score  bias   #  of  c-Evalue  i-Evalue  score  bias  from    to  from    to  from    to  acc description of target
#                  ------------------- ---------- ----- -------------------- ---------- ----- --------- ------ ----- --- --- --------- --------- ------ ----- ----- ----- ----- ----- ----- ----- ---- ---------------------
NODE_39_length_61665_cov_40.656470_23  -            273 35233at72274         -            244  9.8e-129  426.6  20.2   1   1  3.7e-131  1.2e-128  426.4  20.2     1   244     6   266     6   266 0.97 # 23799 # 24617 # -1 # ID=39_23;partial=00;start_type=ATG;rbs_motif=AGGA;rbs_spacer=5-10bp;gc_cont=0.606
NODE_39_length_61665_cov_40.656470_22  -            291 35233at72274         -            244   5.8e-37  126.1  15.2   1   1   2.5e-39   7.9e-37  125.7  15.2     9   239    27   272    20   275 0.87 # 22913 # 23785 # -1 # ID=39_22;partial=00;start_type=ATG;rbs_motif=AGGAG;rbs_spacer=5-10bp;gc_cont=0.615
NODE_14_length_139520_cov_41.636954_48 -            227 35233at72274         -            244   9.7e-27   92.6   8.2   1   1   4.3e-29   1.4e-26   92.1   8.2    46   240     9   215     4   217 0.90 # 44581 # 45261 # 1 # ID=14_48;partial=00;start_type=ATG;rbs_motif=GGA/GAG/AGG;rbs_spacer=5-10bp;gc_cont=0.612
NODE_3_length_235490_cov_43.137961_7   -            270 35233at72274         -            244   5.5e-20   70.5  10.7   1   1   2.4e-22   7.7e-20   70.0  10.7    38   234    55   247    46   256 0.84 # 6857 # 7666 # 1 # ID=3_7;partial=00;start_type=ATG;rbs_motif=GGxGG;rbs_spacer=5-10bp;gc_cont=0.604
NODE_17_length_120379_cov_43.067778_46 -            274 35233at72274         -            244     3e-18   64.8  16.0   1   1   1.2e-20   3.8e-18   64.5  16.0     4   240    14   262    11   266 0.83 # 43025 # 43846 # 1 # ID=17_46;partial=00;start_type=GTG;rbs_motif=GGAG/GAGG;rbs_spacer=5-10bp;gc_cont=0.655
NODE_1_length_486209_cov_41.704357_437 -            275 35233at72274         -            244   1.1e-16   59.7  19.4   1   1   4.9e-19   1.6e-16   59.2  19.4    36   242    59   261    17   263 0.83 # 463297 # 464121 # 1 # ID=1_437;partial=00;start_type=ATG;rbs_motif=AGGAG;rbs_spacer=5-10bp;gc_cont=0.627
NODE_6_length_212507_cov_41.251422_160 -            522 35233at72274         -            244   5.8e-16   57.3  33.5   1   2   2.6e-14   8.3e-12   43.7  11.5    17   238    34   249    22   255 0.77 # 183538 # 185103 # 1 # ID=6_160;partial=00;start_type=ATG;rbs_motif=None;rbs_spacer=None;gc_cont=0.621
NODE_6_length_212507_cov_41.251422_160 -            522 35233at72274         -            244   5.8e-16   57.3  33.5   2   2     7e-07   0.00022   19.4  14.0    42   233   317   506   284   516 0.77 # 183538 # 185103 # 1 # ID=6_160;partial=00;start_type=ATG;rbs_motif=None;rbs_spacer=None;gc_cont=0.621
NODE_73_length_17164_cov_43.166657_5   -            265 35233at72274         -            244   2.6e-14   51.9  16.9   1   1   1.1e-16   3.5e-14   51.5  16.9    34   231    48   242     9   253 0.79 # 3895 # 4689 # -1 # ID=73_5;partial=00;start_type=ATG;rbs_motif=GGAG/GAGG;rbs_spacer=5-10bp;gc_cont=0.623
NODE_1_length_486209_cov_41.704357_156 -            296 35233at72274         -            244   1.2e-12   46.5  16.8   1   1   6.3e-15     2e-12   45.8  16.8     6   236     8   252     3   259 0.76 # 159931 # 160818 # 1 # ID=1_156;partial=00;start_type=ATG;rbs_motif=GGAGG;rbs_spacer=5-10bp;gc_cont=0.618
NODE_17_length_120379_cov_43.067778_47 -            265 35233at72274         -            244   3.1e-12   45.1  13.7   1   1   1.5e-14   4.6e-12   44.6  13.7    47   239    60   250     6   255 0.81 # 43843 # 44637 # 1 # ID=17_47;partial=00;start_type=GTG;rbs_motif=GGA/GAG/AGG;rbs_spacer=5-10bp;gc_cont=0.635
NODE_73_length_17164_cov_43.166657_6   -            282 35233at72274         -            244   3.9e-12   44.8  17.6   1   1   1.8e-14   5.8e-12   44.2  17.6    31   241    46   268     8   271 0.80 # 4694 # 5539 # -1 # ID=73_6;partial=00;start_type=ATG;rbs_motif=GGAG/GAGG;rbs_spacer=5-10bp;gc_cont=0.619
NODE_89_length_6679_cov_44.737129_4    -            282 35233at72274         -            244   1.6e-10   39.5  13.6   1   1   6.9e-13   2.2e-10   39.1  13.3    33   239    48   268    16   274 0.81 # 3251 # 4096 # 1 # ID=89_4;partial=00;start_type=GTG;rbs_motif=GGAG/GAGG;rbs_spacer=5-10bp;gc_cont=0.602
NODE_1_length_486209_cov_41.704357_193 -            575 35233at72274         -            244   3.4e-10   38.4  29.8   1   2   4.8e-12   1.5e-09   36.3   8.2    37   200    70   240    29   270 0.82 # 197160 # 198884 # 1 # ID=1_193;partial=00;start_type=ATG;rbs_motif=GGA/GAG/AGG;rbs_spacer=11-12bp;gc_cont=0.638
NODE_1_length_486209_cov_41.704357_193 -            575 35233at72274         -            244   3.4e-10   38.4  29.8   2   2    0.0024      0.75    7.8  13.6    44   238   354   551   312   556 0.67 # 197160 # 198884 # 1 # ID=1_193;partial=00;start_type=ATG;rbs_motif=GGA/GAG/AGG;rbs_spacer=11-12bp;gc_cont=0.638
NODE_89_length_6679_cov_44.737129_5    -            267 35233at72274         -            244   3.5e-10   38.4  12.9   1   1   1.3e-12   4.3e-10   38.1  12.9    33   191    52   212    15   260 0.78 # 4083 # 4883 # 1 # ID=89_5;partial=00;start_type=ATG;rbs_motif=AGGAG;rbs_spacer=5-10bp;gc_cont=0.604
NODE_1_length_486209_cov_41.704357_125 -            539 35233at72274         -            244   5.4e-09   34.5  12.3   1   2   1.7e-11   5.4e-09   34.5  12.3    16   195    14   214    10   253 0.76 # 126858 # 128474 # 1 # ID=1_125;partial=00;start_type=TTG;rbs_motif=GGA/GAG/AGG;rbs_spacer=5-10bp;gc_cont=0.651
NODE_1_length_486209_cov_41.704357_125 -            539 35233at72274         -            244   5.4e-09   34.5  12.3   2   2     0.025       7.9    4.5   4.5    87   188   362   480   289   523 0.67 # 126858 # 128474 # 1 # ID=1_125;partial=00;start_type=TTG;rbs_motif=GGA/GAG/AGG;rbs_spacer=5-10bp;gc_cont=0.651
NODE_26_length_98166_cov_43.232468_26  -            534 35233at72274         -            244   3.8e-07   28.4  35.3   1   2   8.8e-07   0.00028   19.1  13.4    16   194    39   219    32   230 0.74 # 27670 # 29271 # -1 # ID=26_26;partial=00;start_type=TTG;rbs_motif=GGA/GAG/AGG;rbs_spacer=5-10bp;gc_cont=0.652
NODE_26_length_98166_cov_43.232468_26  -            534 35233at72274         -            244   3.8e-07   28.4  35.3   2   2   1.6e-05    0.0051   14.9  13.9     9   235   292   518   286   524 0.82 # 27670 # 29271 # -1 # ID=26_26;partial=00;start_type=TTG;rbs_motif=GGA/GAG/AGG;rbs_spacer=5-10bp;gc_cont=0.652
NODE_27_length_96933_cov_42.098350_12  -            291 35233at72274         -            244   7.5e-07   27.5  12.4   1   2       4.6   1.5e+03   -2.9   4.1    54   109    17    73     3   134 0.67 # 18223 # 19095 # 1 # ID=27_12;partial=00;start_type=ATG;rbs_motif=AGGAGG;rbs_spacer=3-4bp;gc_cont=0.617
NODE_27_length_96933_cov_42.098350_12  -            291 35233at72274         -            244   7.5e-07   27.5  12.4   2   2   2.4e-09   7.5e-07   27.5  12.4    54   234    76   278    62   287 0.69 # 18223 # 19095 # 1 # ID=27_12;partial=00;start_type=ATG;rbs_motif=AGGAGG;rbs_spacer=3-4bp;gc_cont=0.617
NODE_27_length_96933_cov_42.098350_11  -            332 35233at72274         -            244   9.2e-06   23.9   4.8   1   2      0.97   3.1e+02   -0.7   0.5   155   183    36    64    33    88 0.85 # 17231 # 18226 # 1 # ID=27_11;partial=00;start_type=ATG;rbs_motif=GGA/GAG/AGG;rbs_spacer=5-10bp;gc_cont=0.589
NODE_27_length_96933_cov_42.098350_11  -            332 35233at72274         -            244   9.2e-06   23.9   4.8   2   2   2.9e-08   9.2e-06   23.9   4.8   121   240   186   318   171   322 0.70 # 17231 # 18226 # 1 # ID=27_11;partial=00;start_type=ATG;rbs_motif=GGA/GAG/AGG;rbs_spacer=5-10bp;gc_cont=0.589
NODE_5_length_229610_cov_41.480005_181 -            240 35233at72274         -            244   0.00019   19.6  10.0   1   1   1.1e-06   0.00034   18.8  10.0    18   193     3   180     1   193 0.71 # 228890 # 229609 # 1 # ID=5_181;partial=01;start_type=GTG;rbs_motif=GGA/GAG/AGG;rbs_spacer=5-10bp;gc_cont=0.664
NODE_22_length_101384_cov_40.935415_48 -            557 35233at72274         -            244   0.00036   18.7  11.0   1   2   1.1e-06   0.00036   18.7  11.0   124   194   399   473   297   485 0.65 # 55167 # 56837 # -1 # ID=22_48;partial=00;start_type=GTG;rbs_motif=GGA/GAG/AGG;rbs_spacer=5-10bp;gc_cont=0.630
NODE_22_length_101384_cov_40.935415_48 -            557 35233at72274         -            244   0.00036   18.7  11.0   2   2       6.9   2.2e+03   -3.5   0.1    41    71   512   542   504   547 0.66 # 55167 # 56837 # -1 # ID=22_48;partial=00;start_type=GTG;rbs_motif=GGA/GAG/AGG;rbs_spacer=5-10bp;gc_cont=0.630
#
# Program:         hmmsearch
# Version:         3.1b2 (February 2015)
# Pipeline mode:   SEARCH
# Query file:      /data2/PEG/hoaxaca/REAA/Pseudomonas/bin/busco_downloads/lineages/pseudomonadales_odb10/hmms/35233at72274.hmm
# Target file:     /data2/PEG/hoaxaca/REAA/Pseudomonas/bin/../out/busco/trim_75.spades_kmer/prodigal_output/predicted_genes/predicted.faa
# Option settings: hmmsearch --domtblout /data2/PEG/hoaxaca/REAA/Pseudomonas/bin/../out/busco/trim_75.spades_kmer/run_pseudomonadales_odb10/hmmer_output/35233at72274.out --cpu 1 /data2/PEG/hoaxaca/REAA/Pseudomonas/bin/busco_downloads/lineages/pseudomonadales_odb10/hmms/35233at72274.hmm /data2/PEG/hoaxaca/REAA/Pseudomonas/bin/../out/busco/trim_75.spades_kmer/prodigal_output/predicted_genes/predicted.faa 
# Current dir:     /data2/PEG/hoaxaca/REAA/Pseudomonas/bin
# Date:            Mon Feb 20 00:36:46 2023
# [ok]
