#                                                                                               --- full sequence --- -------------- this domain -------------   hmm coord   ali coord   env coord
# target name                           accession   tlen query name           accession   qlen   E-value  score  bias   #  of  c-Evalue  i-Evalue  score  bias  from    to  from    to  from    to  acc description of target
#                   ------------------- ---------- ----- -------------------- ---------- ----- --------- ------ ----- --- --- --------- --------- ------ ----- ----- ----- ----- ----- ----- ----- ---- ---------------------
NODE_24_length_100934_cov_40.437016_48  -            271 35711at72274         -            224    2e-128  424.7   1.2   1   1  3.3e-131  2.3e-128  424.5   1.2     1   224     1   240     1   240 0.96 # 46098 # 46910 # -1 # ID=24_48;partial=00;start_type=TTG;rbs_motif=GGA/GAG/AGG;rbs_spacer=11-12bp;gc_cont=0.595
NODE_72_length_17253_cov_41.438177_6    -            278 35711at72274         -            224   1.1e-14   52.8   0.4   1   1     2e-17   1.4e-14   52.5   0.4     3   158     8   166     6   231 0.80 # 4895 # 5728 # -1 # ID=72_6;partial=00;start_type=ATG;rbs_motif=GGA/GAG/AGG;rbs_spacer=11-12bp;gc_cont=0.613
NODE_21_length_103625_cov_43.206963_4   -            263 35711at72274         -            224   2.1e-08   32.3   0.1   1   2   3.8e-09   2.7e-06   25.4   0.2     4    40     3    39     1    46 0.92 # 2320 # 3108 # 1 # ID=21_4;partial=00;start_type=ATG;rbs_motif=GGAGG;rbs_spacer=5-10bp;gc_cont=0.639
NODE_21_length_103625_cov_43.206963_4   -            263 35711at72274         -            224   2.1e-08   32.3   0.1   2   2    0.0056       3.9    5.2   0.0   107   162   120   175    78   230 0.81 # 2320 # 3108 # 1 # ID=21_4;partial=00;start_type=ATG;rbs_motif=GGAGG;rbs_spacer=5-10bp;gc_cont=0.639
NODE_10_length_199183_cov_41.836345_103 -            314 35711at72274         -            224   1.8e-07   29.2   0.1   1   2     5e-05     0.035   11.9   0.0     2    40    67   105    66   110 0.93 # 115306 # 116247 # -1 # ID=10_103;partial=00;start_type=ATG;rbs_motif=GGAG/GAGG;rbs_spacer=5-10bp;gc_cont=0.611
NODE_10_length_199183_cov_41.836345_103 -            314 35711at72274         -            224   1.8e-07   29.2   0.1   2   2   4.3e-06     0.003   15.4   0.0   111   207   184   283   174   302 0.77 # 115306 # 116247 # -1 # ID=10_103;partial=00;start_type=ATG;rbs_motif=GGAG/GAGG;rbs_spacer=5-10bp;gc_cont=0.611
NODE_11_length_186925_cov_42.279989_124 -            266 35711at72274         -            224   2.5e-07   28.7   0.3   1   1   1.4e-09   9.5e-07   26.8   0.3     1   147     1   156     1   236 0.66 # 128613 # 129410 # 1 # ID=11_124;partial=00;start_type=ATG;rbs_motif=GGA/GAG/AGG;rbs_spacer=11-12bp;gc_cont=0.585
NODE_50_length_38781_cov_44.722343_4    -            365 35711at72274         -            224   6.8e-07   27.3   0.5   1   2   2.5e-09   1.8e-06   25.9   0.5     3    41   100   138    98   151 0.91 # 4593 # 5687 # -1 # ID=50_4;partial=00;start_type=ATG;rbs_motif=GGAG/GAGG;rbs_spacer=5-10bp;gc_cont=0.645
NODE_50_length_38781_cov_44.722343_4    -            365 35711at72274         -            224   6.8e-07   27.3   0.5   2   2       1.2   8.6e+02   -2.4   0.0   111   143   210   244   207   259 0.63 # 4593 # 5687 # -1 # ID=50_4;partial=00;start_type=ATG;rbs_motif=GGAG/GAGG;rbs_spacer=5-10bp;gc_cont=0.645
NODE_19_length_107352_cov_42.100236_26  -            257 35711at72274         -            224     3e-05   21.9   0.0   1   1   7.4e-08   5.2e-05   21.1   0.0     6   138     4   152     2   215 0.72 # 26999 # 27769 # 1 # ID=19_26;partial=00;start_type=ATG;rbs_motif=GGAGG;rbs_spacer=5-10bp;gc_cont=0.582
NODE_17_length_120379_cov_43.067778_10  -            743 35711at72274         -            224   0.00076   17.3   0.0   1   1     2e-06    0.0014   16.5   0.0    11   119   554   664   546   696 0.79 # 6726 # 8954 # 1 # ID=17_10;partial=00;start_type=ATG;rbs_motif=3Base/5BMM;rbs_spacer=13-15bp;gc_cont=0.594
NODE_3_length_235490_cov_43.137961_33   -            459 35711at72274         -            224     0.019   12.8   0.4   1   2       1.3   8.9e+02   -2.5   0.0   128   148    37    57    25    67 0.59 # 34972 # 36348 # -1 # ID=3_33;partial=00;start_type=ATG;rbs_motif=AGGA;rbs_spacer=5-10bp;gc_cont=0.603
NODE_3_length_235490_cov_43.137961_33   -            459 35711at72274         -            224     0.019   12.8   0.4   2   2   6.7e-05     0.047   11.5   0.1     5    84   102   185    99   238 0.82 # 34972 # 36348 # -1 # ID=3_33;partial=00;start_type=ATG;rbs_motif=AGGA;rbs_spacer=5-10bp;gc_cont=0.603
#
# Program:         hmmsearch
# Version:         3.1b2 (February 2015)
# Pipeline mode:   SEARCH
# Query file:      /data2/PEG/hoaxaca/REAA/Pseudomonas/bin/busco_downloads/lineages/pseudomonadales_odb10/hmms/35711at72274.hmm
# Target file:     /data2/PEG/hoaxaca/REAA/Pseudomonas/bin/../out/busco/trim_75.spades_kmer/prodigal_output/predicted_genes/predicted.faa
# Option settings: hmmsearch --domtblout /data2/PEG/hoaxaca/REAA/Pseudomonas/bin/../out/busco/trim_75.spades_kmer/run_pseudomonadales_odb10/hmmer_output/35711at72274.out --cpu 1 /data2/PEG/hoaxaca/REAA/Pseudomonas/bin/busco_downloads/lineages/pseudomonadales_odb10/hmms/35711at72274.hmm /data2/PEG/hoaxaca/REAA/Pseudomonas/bin/../out/busco/trim_75.spades_kmer/prodigal_output/predicted_genes/predicted.faa 
# Current dir:     /data2/PEG/hoaxaca/REAA/Pseudomonas/bin
# Date:            Mon Feb 20 00:36:46 2023
# [ok]
