#                                                                                              --- full sequence --- -------------- this domain -------------   hmm coord   ali coord   env coord
# target name                          accession   tlen query name           accession   qlen   E-value  score  bias   #  of  c-Evalue  i-Evalue  score  bias  from    to  from    to  from    to  acc description of target
#                  ------------------- ---------- ----- -------------------- ---------- ----- --------- ------ ----- --- --- --------- --------- ------ ----- ----- ----- ----- ----- ----- ----- ---- ---------------------
NODE_37_length_65273_cov_43.198380_43  -            260 37220at72274         -            212  2.6e-113  374.8   0.0   1   1  4.2e-115  3.3e-112  371.1   0.0     1   212    11   259    11   259 0.92 # 31174 # 31953 # 1 # ID=37_43;partial=00;start_type=ATG;rbs_motif=AGGAG;rbs_spacer=5-10bp;gc_cont=0.585
NODE_30_length_79518_cov_42.259746_6   -            259 37220at72274         -            212   3.3e-53  178.4   0.0   1   1   2.7e-55   2.2e-52  175.7   0.0     5   189    19   228    15   248 0.84 # 5421 # 6197 # 1 # ID=30_6;partial=00;start_type=ATG;rbs_motif=GGAG/GAGG;rbs_spacer=5-10bp;gc_cont=0.600
NODE_27_length_96933_cov_42.098350_60  -            311 37220at72274         -            212   4.3e-09   34.2   0.0   1   1     7e-12   5.5e-09   33.9   0.0    10   157   106   256    97   289 0.76 # 66613 # 67545 # -1 # ID=27_60;partial=00;start_type=ATG;rbs_motif=GGA/GAG/AGG;rbs_spacer=5-10bp;gc_cont=0.662
NODE_1_length_486209_cov_41.704357_342 -            367 37220at72274         -            212   5.8e-09   33.8   0.0   1   1     1e-11   8.3e-09   33.3   0.0     5   138    31   168    27   176 0.79 # 354890 # 355990 # 1 # ID=1_342;partial=00;start_type=ATG;rbs_motif=GGAG/GAGG;rbs_spacer=5-10bp;gc_cont=0.601
NODE_5_length_229610_cov_41.480005_20  -            341 37220at72274         -            212   1.7e-08   32.2   0.0   1   1   3.4e-11   2.7e-08   31.6   0.0    13   116   125   226   113   253 0.80 # 22340 # 23362 # 1 # ID=5_20;partial=00;start_type=ATG;rbs_motif=GGAG/GAGG;rbs_spacer=5-10bp;gc_cont=0.633
NODE_57_length_33323_cov_40.623556_22  -            359 37220at72274         -            212     2e-08   32.0   0.0   1   1   5.2e-11   4.1e-08   31.0   0.0    17   189    31   221    20   239 0.73 # 29342 # 30418 # -1 # ID=57_22;partial=00;start_type=ATG;rbs_motif=GGAG/GAGG;rbs_spacer=5-10bp;gc_cont=0.627
NODE_1_length_486209_cov_41.704357_103 -            323 37220at72274         -            212   5.7e-06   24.0   0.0   1   1     1e-08   8.1e-06   23.5   0.0    16   135   116   233   108   249 0.82 # 104619 # 105587 # 1 # ID=1_103;partial=00;start_type=ATG;rbs_motif=AGGA;rbs_spacer=5-10bp;gc_cont=0.628
NODE_15_length_139124_cov_51.392869_98 -            336 37220at72274         -            212   0.00026   18.6   0.0   1   1   4.9e-07   0.00039   18.0   0.0    17   132   129   242   119   264 0.85 # 115688 # 116695 # 1 # ID=15_98;partial=00;start_type=ATG;rbs_motif=GGA/GAG/AGG;rbs_spacer=5-10bp;gc_cont=0.597
#
# Program:         hmmsearch
# Version:         3.1b2 (February 2015)
# Pipeline mode:   SEARCH
# Query file:      /data2/PEG/hoaxaca/REAA/Pseudomonas/bin/busco_downloads/lineages/pseudomonadales_odb10/hmms/37220at72274.hmm
# Target file:     /data2/PEG/hoaxaca/REAA/Pseudomonas/bin/../out/busco/trim_75.spades_kmer/prodigal_output/predicted_genes/predicted.faa
# Option settings: hmmsearch --domtblout /data2/PEG/hoaxaca/REAA/Pseudomonas/bin/../out/busco/trim_75.spades_kmer/run_pseudomonadales_odb10/hmmer_output/37220at72274.out --cpu 1 /data2/PEG/hoaxaca/REAA/Pseudomonas/bin/busco_downloads/lineages/pseudomonadales_odb10/hmms/37220at72274.hmm /data2/PEG/hoaxaca/REAA/Pseudomonas/bin/../out/busco/trim_75.spades_kmer/prodigal_output/predicted_genes/predicted.faa 
# Current dir:     /data2/PEG/hoaxaca/REAA/Pseudomonas/bin
# Date:            Mon Feb 20 00:36:48 2023
# [ok]
