#                                                                                               --- full sequence --- -------------- this domain -------------   hmm coord   ali coord   env coord
# target name                           accession   tlen query name           accession   qlen   E-value  score  bias   #  of  c-Evalue  i-Evalue  score  bias  from    to  from    to  from    to  acc description of target
#                   ------------------- ---------- ----- -------------------- ---------- ----- --------- ------ ----- --- --- --------- --------- ------ ----- ----- ----- ----- ----- ----- ----- ---- ---------------------
NODE_22_length_101384_cov_40.935415_41  -            230 37262at72274         -            196  2.9e-109  361.5   0.0   1   1  5.8e-111  3.4e-109  361.2   0.0     1   196     6   227     6   227 0.92 # 48056 # 48745 # 1 # ID=22_41;partial=00;start_type=ATG;rbs_motif=GGAG/GAGG;rbs_spacer=5-10bp;gc_cont=0.626
NODE_76_length_15585_cov_38.435848_2    -            247 37262at72274         -            196   2.5e-43  146.3   3.6   1   1   9.4e-43   5.6e-41  138.6   3.6     1   195     7   236     7   237 0.80 # 1450 # 2190 # -1 # ID=76_2;partial=00;start_type=ATG;rbs_motif=GGAG/GAGG;rbs_spacer=5-10bp;gc_cont=0.637
NODE_55_length_36205_cov_42.040410_27   -            277 37262at72274         -            196   2.6e-42  143.0   0.7   1   1   1.4e-43   8.4e-42  141.3   0.7     2   195    50   271    49   272 0.81 # 28147 # 28977 # 1 # ID=55_27;partial=00;start_type=ATG;rbs_motif=None;rbs_spacer=None;gc_cont=0.639
NODE_36_length_66994_cov_42.587651_34   -            237 37262at72274         -            196   2.9e-42  142.8   0.1   1   1   1.7e-42     1e-40  137.8   0.1     1   194     7   227     7   229 0.86 # 29921 # 30631 # -1 # ID=36_34;partial=00;start_type=ATG;rbs_motif=GGA/GAG/AGG;rbs_spacer=11-12bp;gc_cont=0.636
NODE_26_length_98166_cov_43.232468_34   -            224 37262at72274         -            196   5.2e-42  142.0   0.6   1   1   1.1e-43   6.3e-42  141.7   0.6     1   196     3   221     3   221 0.87 # 35669 # 36340 # -1 # ID=26_34;partial=00;start_type=ATG;rbs_motif=GGA/GAG/AGG;rbs_spacer=5-10bp;gc_cont=0.631
NODE_27_length_96933_cov_42.098350_71   -            244 37262at72274         -            196   2.4e-41  139.9   0.0   1   1   7.4e-43   4.4e-41  139.0   0.0     1   194     8   233     8   235 0.82 # 79447 # 80178 # -1 # ID=27_71;partial=00;start_type=GTG;rbs_motif=AGGA;rbs_spacer=5-10bp;gc_cont=0.649
NODE_3_length_235490_cov_43.137961_128  -            237 37262at72274         -            196   1.6e-40  137.1   1.5   1   1   3.7e-40   2.2e-38  130.2   1.5     1   195     4   230     4   231 0.81 # 138459 # 139169 # -1 # ID=3_128;partial=00;start_type=GTG;rbs_motif=None;rbs_spacer=None;gc_cont=0.626
NODE_1_length_486209_cov_41.704357_360  -            223 37262at72274         -            196   2.3e-40  136.6   0.0   1   1   4.9e-42   2.9e-40  136.3   0.0     1   195     4   218     4   219 0.82 # 372555 # 373223 # 1 # ID=1_360;partial=00;start_type=ATG;rbs_motif=GGA/GAG/AGG;rbs_spacer=5-10bp;gc_cont=0.629
NODE_5_length_229610_cov_41.480005_61   -            237 37262at72274         -            196   1.9e-39  133.7   0.3   1   1   8.8e-40   5.3e-38  128.9   0.3     1   195     7   232     7   233 0.81 # 80122 # 80832 # -1 # ID=5_61;partial=00;start_type=ATG;rbs_motif=GGA/GAG/AGG;rbs_spacer=5-10bp;gc_cont=0.640
NODE_56_length_36010_cov_40.622791_11   -            234 37262at72274         -            196   2.2e-38  130.2   0.2   1   1   7.6e-40   4.5e-38  129.2   0.2     1   195     4   227     4   228 0.84 # 10312 # 11013 # -1 # ID=56_11;partial=00;start_type=ATG;rbs_motif=GGA/GAG/AGG;rbs_spacer=5-10bp;gc_cont=0.645
NODE_10_length_199183_cov_41.836345_145 -            247 37262at72274         -            196   5.4e-37  125.7   0.0   1   1   4.2e-37   2.5e-35  120.2   0.0     1   194    13   238    13   240 0.81 # 154217 # 154957 # -1 # ID=10_145;partial=00;start_type=ATG;rbs_motif=AGGAG;rbs_spacer=5-10bp;gc_cont=0.619
NODE_64_length_24993_cov_41.442451_5    -            231 37262at72274         -            196   2.2e-36  123.7   0.4   1   1   7.4e-38   4.4e-36  122.7   0.4     1   183     6   207     6   211 0.88 # 7996 # 8688 # 1 # ID=64_5;partial=00;start_type=ATG;rbs_motif=GGA/GAG/AGG;rbs_spacer=5-10bp;gc_cont=0.646
NODE_16_length_124179_cov_41.687423_103 -            225 37262at72274         -            196   7.9e-36  121.8   0.8   1   1   1.6e-37   9.6e-36  121.6   0.8     1   194     3   220     3   222 0.86 # 94249 # 94923 # 1 # ID=16_103;partial=00;start_type=ATG;rbs_motif=GGA/GAG/AGG;rbs_spacer=5-10bp;gc_cont=0.610
NODE_3_length_235490_cov_43.137961_106  -            221 37262at72274         -            196   4.4e-35  119.4   0.1   1   1   9.3e-37   5.5e-35  119.1   0.1     1   193     3   215     3   217 0.87 # 117814 # 118476 # -1 # ID=3_106;partial=00;start_type=ATG;rbs_motif=GGA/GAG/AGG;rbs_spacer=5-10bp;gc_cont=0.650
NODE_2_length_236949_cov_43.085704_196  -            223 37262at72274         -            196   4.8e-34  116.0   0.0   1   1     1e-35   6.2e-34  115.7   0.0     1   195     3   218     3   219 0.86 # 202625 # 203293 # -1 # ID=2_196;partial=00;start_type=ATG;rbs_motif=AGGA;rbs_spacer=5-10bp;gc_cont=0.629
NODE_42_length_53771_cov_43.156362_38   -            227 37262at72274         -            196     7e-34  115.5   0.0   1   1   1.4e-35   8.3e-34  115.2   0.0     1   194     3   216     3   218 0.88 # 33955 # 34635 # -1 # ID=42_38;partial=00;start_type=ATG;rbs_motif=GGA/GAG/AGG;rbs_spacer=5-10bp;gc_cont=0.656
NODE_16_length_124179_cov_41.687423_108 -            225 37262at72274         -            196   7.9e-34  115.3   0.5   1   1   1.7e-35     1e-33  115.0   0.5     1   194     3   220     3   222 0.85 # 102061 # 102735 # 1 # ID=16_108;partial=00;start_type=ATG;rbs_motif=GGA/GAG/AGG;rbs_spacer=5-10bp;gc_cont=0.596
NODE_8_length_205641_cov_42.305415_26   -            226 37262at72274         -            196   1.1e-33  114.9   0.4   1   1   2.2e-35   1.3e-33  114.6   0.4     1   194     3   219     3   221 0.87 # 33357 # 34034 # -1 # ID=8_26;partial=00;start_type=ATG;rbs_motif=GGA/GAG/AGG;rbs_spacer=11-12bp;gc_cont=0.630
NODE_37_length_65273_cov_43.198380_68   -            228 37262at72274         -            196   1.2e-33  114.8   0.0   1   1   2.6e-35   1.5e-33  114.4   0.0     1   195     3   221     3   222 0.84 # 61318 # 62001 # 1 # ID=37_68;partial=00;start_type=ATG;rbs_motif=GGAG/GAGG;rbs_spacer=5-10bp;gc_cont=0.599
NODE_12_length_160433_cov_40.733708_19  -            242 37262at72274         -            196   1.5e-33  114.4   0.4   1   1   3.5e-34   2.1e-32  110.7   0.4     1   194     8   231     8   233 0.83 # 18174 # 18899 # 1 # ID=12_19;partial=00;start_type=GTG;rbs_motif=GGAG/GAGG;rbs_spacer=5-10bp;gc_cont=0.645
NODE_12_length_160433_cov_40.733708_23  -            226 37262at72274         -            196   1.8e-33  114.1   0.0   1   1   3.8e-35   2.3e-33  113.8   0.0     1   195     3   221     3   222 0.85 # 21832 # 22509 # 1 # ID=12_23;partial=00;start_type=ATG;rbs_motif=GGAG/GAGG;rbs_spacer=5-10bp;gc_cont=0.634
NODE_13_length_147962_cov_41.421937_18  -            226 37262at72274         -            196   2.7e-33  113.6   0.0   1   1   5.5e-35   3.3e-33  113.3   0.0     2   183     5   203     4   223 0.89 # 20937 # 21614 # -1 # ID=13_18;partial=00;start_type=ATG;rbs_motif=GGA/GAG/AGG;rbs_spacer=5-10bp;gc_cont=0.656
NODE_49_length_41676_cov_39.231293_31   -            236 37262at72274         -            196   8.8e-33  111.9   0.0   1   1     2e-34   1.2e-32  111.4   0.0     1   194     9   228     9   230 0.85 # 37419 # 38126 # -1 # ID=49_31;partial=00;start_type=ATG;rbs_motif=GGA/GAG/AGG;rbs_spacer=5-10bp;gc_cont=0.623
NODE_2_length_236949_cov_43.085704_90   -            228 37262at72274         -            196   1.1e-32  111.6   0.1   1   1   2.8e-34   1.7e-32  111.0   0.1     1   194     4   223     4   225 0.83 # 96310 # 96993 # 1 # ID=2_90;partial=00;start_type=ATG;rbs_motif=GGA/GAG/AGG;rbs_spacer=5-10bp;gc_cont=0.610
NODE_4_length_234165_cov_40.976902_34   -            232 37262at72274         -            196   1.3e-31  108.1   0.0   1   1   3.3e-33     2e-31  107.5   0.0     1   185     7   208     7   227 0.85 # 29677 # 30372 # -1 # ID=4_34;partial=00;start_type=ATG;rbs_motif=3Base/5BMM;rbs_spacer=13-15bp;gc_cont=0.619
NODE_4_length_234165_cov_40.976902_119  -            227 37262at72274         -            196     1e-30  105.2   0.1   1   1   2.1e-32   1.3e-30  104.8   0.1     1   194     3   221     3   223 0.86 # 121000 # 121680 # 1 # ID=4_119;partial=00;start_type=ATG;rbs_motif=GGA/GAG/AGG;rbs_spacer=5-10bp;gc_cont=0.630
NODE_31_length_78580_cov_41.529813_5    -            242 37262at72274         -            196   1.8e-30  104.3   0.0   1   1   5.4e-32   3.2e-30  103.5   0.0     1   195    23   238    23   239 0.82 # 3090 # 3815 # 1 # ID=31_5;partial=00;start_type=ATG;rbs_motif=GGA/GAG/AGG;rbs_spacer=5-10bp;gc_cont=0.635
NODE_12_length_160433_cov_40.733708_40  -            243 37262at72274         -            196   1.3e-29  101.5   0.2   1   1   6.7e-30     4e-28   96.7   0.2     1   194    11   235    11   237 0.81 # 38395 # 39123 # 1 # ID=12_40;partial=00;start_type=ATG;rbs_motif=None;rbs_spacer=None;gc_cont=0.627
NODE_26_length_98166_cov_43.232468_22   -            222 37262at72274         -            196   1.8e-29  101.1   0.0   1   1   4.9e-31   2.9e-29  100.4   0.0     1   195     3   218     3   219 0.82 # 24590 # 25255 # -1 # ID=26_22;partial=00;start_type=ATG;rbs_motif=AGGAG;rbs_spacer=5-10bp;gc_cont=0.643
NODE_37_length_65273_cov_43.198380_65   -            233 37262at72274         -            196   2.2e-29  100.8   0.0   1   1   6.9e-31   4.1e-29   99.9   0.0     2   194     6   221     5   223 0.84 # 57596 # 58294 # -1 # ID=37_65;partial=00;start_type=ATG;rbs_motif=None;rbs_spacer=None;gc_cont=0.621
NODE_29_length_94829_cov_39.816842_37   -            224 37262at72274         -            196   1.2e-28   98.4   0.1   1   1   2.6e-30   1.6e-28   98.0   0.1     1   193     3   217     3   220 0.83 # 35786 # 36457 # 1 # ID=29_37;partial=00;start_type=ATG;rbs_motif=GGAG/GAGG;rbs_spacer=5-10bp;gc_cont=0.631
NODE_11_length_186925_cov_42.279989_113 -            241 37262at72274         -            196   1.9e-27   94.5   0.0   1   1     5e-29     3e-27   93.8   0.0    33   186    44   214     5   232 0.81 # 112965 # 113687 # 1 # ID=11_113;partial=00;start_type=ATG;rbs_motif=AGGA;rbs_spacer=5-10bp;gc_cont=0.588
NODE_5_length_229610_cov_41.480005_82   -            423 37262at72274         -            196   2.3e-25   87.7   0.0   1   1   6.7e-27     4e-25   86.9   0.0     1   113     8   126     8   154 0.88 # 100235 # 101503 # -1 # ID=5_82;partial=00;start_type=ATG;rbs_motif=GGA/GAG/AGG;rbs_spacer=5-10bp;gc_cont=0.600
NODE_73_length_17164_cov_43.166657_9    -            233 37262at72274         -            196   2.1e-24   84.6   0.0   1   1   3.9e-26   2.3e-24   84.4   0.0     1   118    13   136    13   209 0.87 # 7753 # 8451 # -1 # ID=73_9;partial=00;start_type=ATG;rbs_motif=AGGAG;rbs_spacer=5-10bp;gc_cont=0.641
NODE_49_length_41676_cov_39.231293_9    -           1166 37262at72274         -            196   4.4e-21   73.7   5.9   1   3   5.6e-11   3.3e-09   34.9   0.1     1   113   775   893   775   914 0.82 # 8596 # 12093 # -1 # ID=49_9;partial=00;start_type=ATG;rbs_motif=GGA/GAG/AGG;rbs_spacer=5-10bp;gc_cont=0.602
NODE_49_length_41676_cov_39.231293_9    -           1166 37262at72274         -            196   4.4e-21   73.7   5.9   2   3      0.19        11    3.8   0.2     2    78   898   980   897  1019 0.75 # 8596 # 12093 # -1 # ID=49_9;partial=00;start_type=ATG;rbs_motif=GGA/GAG/AGG;rbs_spacer=5-10bp;gc_cont=0.602
NODE_49_length_41676_cov_39.231293_9    -           1166 37262at72274         -            196   4.4e-21   73.7   5.9   3   3   1.7e-11     1e-09   36.6   0.6     1   109  1043  1158  1043  1163 0.77 # 8596 # 12093 # -1 # ID=49_9;partial=00;start_type=ATG;rbs_motif=GGA/GAG/AGG;rbs_spacer=5-10bp;gc_cont=0.602
NODE_1_length_486209_cov_41.704357_247  -            136 37262at72274         -            196   6.1e-21   73.2   0.0   1   1   1.2e-22   7.3e-21   73.0   0.0     1   109    10   124    10   132 0.92 # 250434 # 250841 # 1 # ID=1_247;partial=00;start_type=ATG;rbs_motif=GGA/GAG/AGG;rbs_spacer=5-10bp;gc_cont=0.529
NODE_39_length_61665_cov_40.656470_18   -            122 37262at72274         -            196   7.4e-20   69.7   0.1   1   1   1.5e-21   9.1e-20   69.4   0.1     1   113     3   118     3   119 0.92 # 20110 # 20475 # -1 # ID=39_18;partial=00;start_type=ATG;rbs_motif=GGAG/GAGG;rbs_spacer=5-10bp;gc_cont=0.607
NODE_1_length_486209_cov_41.704357_248  -            122 37262at72274         -            196   3.2e-19   67.6   0.1   1   1   5.8e-21   3.5e-19   67.5   0.1     1   110     4   119     4   121 0.90 # 250889 # 251254 # 1 # ID=1_248;partial=00;start_type=ATG;rbs_motif=GGA/GAG/AGG;rbs_spacer=5-10bp;gc_cont=0.593
NODE_27_length_96933_cov_42.098350_63   -            444 37262at72274         -            196   5.9e-19   66.8   0.0   1   1   1.7e-20     1e-18   66.0   0.0     1   124     5   132     5   145 0.83 # 71278 # 72609 # 1 # ID=27_63;partial=00;start_type=ATG;rbs_motif=AGGA/GGAG/GAGG;rbs_spacer=11-12bp;gc_cont=0.642
NODE_22_length_101384_cov_40.935415_45  -            300 37262at72274         -            196   8.6e-18   63.0   0.0   1   1   2.4e-19   1.4e-17   62.2   0.0     1   112     6   125     6   142 0.86 # 52300 # 53199 # -1 # ID=22_45;partial=00;start_type=ATG;rbs_motif=AGGA;rbs_spacer=5-10bp;gc_cont=0.611
NODE_5_length_229610_cov_41.480005_83   -            128 37262at72274         -            196   6.2e-17   60.2   0.2   1   1   1.2e-18   7.1e-17   60.0   0.2     1   113     4   122     4   125 0.90 # 101513 # 101896 # -1 # ID=5_83;partial=00;start_type=ATG;rbs_motif=GGAGG;rbs_spacer=3-4bp;gc_cont=0.612
NODE_6_length_212507_cov_41.251422_57   -            557 37262at72274         -            196   8.5e-17   59.7   0.1   1   2      0.56        34    2.3   0.0    31   109   158   240   129   255 0.75 # 55474 # 57144 # 1 # ID=6_57;partial=00;start_type=ATG;rbs_motif=AGxAG;rbs_spacer=5-10bp;gc_cont=0.626
NODE_6_length_212507_cov_41.251422_57   -            557 37262at72274         -            196   8.5e-17   59.7   0.1   2   2   5.5e-17   3.3e-15   54.5   0.2     1   112   251   368   251   382 0.84 # 55474 # 57144 # 1 # ID=6_57;partial=00;start_type=ATG;rbs_motif=AGxAG;rbs_spacer=5-10bp;gc_cont=0.626
NODE_72_length_17253_cov_41.438177_4    -            125 37262at72274         -            196   2.4e-16   58.2   0.1   1   1   4.6e-18   2.8e-16   58.0   0.1     1   112     3   121     3   123 0.86 # 3613 # 3987 # -1 # ID=72_4;partial=00;start_type=ATG;rbs_motif=GGA/GAG/AGG;rbs_spacer=5-10bp;gc_cont=0.541
NODE_10_length_199183_cov_41.836345_72  -            479 37262at72274         -            196   3.8e-16   57.6   0.0   1   1   1.1e-17   6.7e-16   56.8   0.0     2   109     8   119     7   131 0.87 # 83570 # 85006 # 1 # ID=10_72;partial=00;start_type=ATG;rbs_motif=AGGAG;rbs_spacer=5-10bp;gc_cont=0.634
NODE_33_length_69296_cov_44.754626_54   -            466 37262at72274         -            196     2e-15   55.3   0.2   1   1   5.6e-17   3.4e-15   54.5   0.2     1   115     5   124     5   144 0.85 # 67766 # 69163 # 1 # ID=33_54;partial=00;start_type=ATG;rbs_motif=GGAG/GAGG;rbs_spacer=5-10bp;gc_cont=0.628
NODE_12_length_160433_cov_40.733708_163 -            573 37262at72274         -            196   7.2e-15   53.4   0.3   1   1     2e-16   1.2e-14   52.7   0.3     1   123    13   141    13   164 0.83 # 158238 # 159956 # 1 # ID=12_163;partial=00;start_type=TTG;rbs_motif=None;rbs_spacer=None;gc_cont=0.635
NODE_10_length_199183_cov_41.836345_120 -            462 37262at72274         -            196   9.9e-15   53.0   0.0   1   1   3.2e-16   1.9e-14   52.0   0.0     2   125    10   139     9   160 0.84 # 130481 # 131866 # 1 # ID=10_120;partial=00;start_type=ATG;rbs_motif=GGAG/GAGG;rbs_spacer=5-10bp;gc_cont=0.640
NODE_1_length_486209_cov_41.704357_251  -           1947 37262at72274         -            196   1.8e-14   52.2   1.7   1   1   4.2e-16   2.5e-14   51.7   0.3     1   103  1827  1935  1827  1941 0.90 # 254025 # 259865 # 1 # ID=1_251;partial=00;start_type=ATG;rbs_motif=GGAG/GAGG;rbs_spacer=5-10bp;gc_cont=0.638
NODE_77_length_14984_cov_41.926152_11   -            202 37262at72274         -            196   4.2e-14   50.9   0.1   1   1   2.2e-15   1.3e-13   49.3   0.1     2   138     9   150     8   193 0.77 # 9864 # 10469 # -1 # ID=77_11;partial=00;start_type=ATG;rbs_motif=None;rbs_spacer=None;gc_cont=0.606
NODE_12_length_160433_cov_40.733708_155 -            461 37262at72274         -            196   9.1e-14   49.8   0.0   1   1   2.6e-15   1.6e-13   49.1   0.0     1   105     5   113     5   145 0.88 # 150624 # 152006 # 1 # ID=12_155;partial=00;start_type=ATG;rbs_motif=GGAG/GAGG;rbs_spacer=5-10bp;gc_cont=0.653
NODE_6_length_212507_cov_41.251422_68   -            925 37262at72274         -            196     1e-13   49.7   0.3   1   3       7.2   4.3e+02   -1.3   0.0    86   127   430   472   427   481 0.81 # 68946 # 71720 # 1 # ID=6_68;partial=00;start_type=GTG;rbs_motif=GGA/GAG/AGG;rbs_spacer=5-10bp;gc_cont=0.624
NODE_6_length_212507_cov_41.251422_68   -            925 37262at72274         -            196     1e-13   49.7   0.3   2   3   4.3e-08   2.6e-06   25.5   0.0     1   106   644   761   644   796 0.73 # 68946 # 71720 # 1 # ID=6_68;partial=00;start_type=GTG;rbs_motif=GGA/GAG/AGG;rbs_spacer=5-10bp;gc_cont=0.624
NODE_6_length_212507_cov_41.251422_68   -            925 37262at72274         -            196     1e-13   49.7   0.3   3   3   9.7e-07   5.8e-05   21.1   0.0     1   103   794   908   794   918 0.74 # 68946 # 71720 # 1 # ID=6_68;partial=00;start_type=GTG;rbs_motif=GGA/GAG/AGG;rbs_spacer=5-10bp;gc_cont=0.624
NODE_4_length_234165_cov_40.976902_113  -            394 37262at72274         -            196   2.2e-13   48.6   0.1   1   1     5e-15     3e-13   48.2   0.1     1   125     8   132     8   158 0.82 # 115903 # 117084 # -1 # ID=4_113;partial=00;start_type=ATG;rbs_motif=None;rbs_spacer=None;gc_cont=0.596
NODE_61_length_31196_cov_41.964204_7    -            334 37262at72274         -            196   2.4e-13   48.5   0.1   1   1   5.7e-15   3.4e-13   48.0   0.1     1   109    18   133    18   162 0.87 # 7633 # 8634 # 1 # ID=61_7;partial=00;start_type=ATG;rbs_motif=GGA/GAG/AGG;rbs_spacer=5-10bp;gc_cont=0.619
NODE_6_length_212507_cov_41.251422_40   -            263 37262at72274         -            196   5.5e-13   47.3   0.1   1   1   1.3e-14   7.9e-13   46.8   0.1     1   108    10   125    10   156 0.80 # 38266 # 39054 # -1 # ID=6_40;partial=00;start_type=GTG;rbs_motif=GGAG/GAGG;rbs_spacer=5-10bp;gc_cont=0.574
NODE_1_length_486209_cov_41.704357_65   -            249 37262at72274         -            196   6.9e-13   47.0   0.0   1   1   1.7e-14     1e-12   46.4   0.0     1   121     3   128     3   134 0.88 # 64074 # 64820 # 1 # ID=1_65;partial=00;start_type=ATG;rbs_motif=AGGA/GGAG/GAGG;rbs_spacer=11-12bp;gc_cont=0.612
NODE_73_length_17164_cov_43.166657_10   -           1129 37262at72274         -            196   1.2e-12   46.2   0.0   1   1   4.8e-14   2.9e-12   44.9   0.0     1   110   923  1037   923  1053 0.87 # 8426 # 11812 # -1 # ID=73_10;partial=00;start_type=GTG;rbs_motif=GGAG/GAGG;rbs_spacer=5-10bp;gc_cont=0.634
NODE_24_length_100934_cov_40.437016_23  -            209 37262at72274         -            196   1.5e-12   45.8   0.0   1   1     4e-14   2.4e-12   45.2   0.0     1   111     4   119     4   194 0.91 # 24608 # 25234 # -1 # ID=24_23;partial=00;start_type=ATG;rbs_motif=GGA/GAG/AGG;rbs_spacer=5-10bp;gc_cont=0.477
NODE_11_length_186925_cov_42.279989_29  -            449 37262at72274         -            196   2.8e-12   45.0   0.1   1   1     1e-13   6.3e-12   43.8   0.1     1   102    11   116    11   139 0.86 # 28670 # 30016 # 1 # ID=11_29;partial=00;start_type=ATG;rbs_motif=GGAG/GAGG;rbs_spacer=5-10bp;gc_cont=0.613
NODE_1_length_486209_cov_41.704357_305  -            704 37262at72274         -            196   3.5e-12   44.7   0.1   1   1   1.5e-13   8.7e-12   43.4   0.0     2   125    16   148    14   159 0.75 # 308221 # 310332 # 1 # ID=1_305;partial=00;start_type=ATG;rbs_motif=GGA/GAG/AGG;rbs_spacer=5-10bp;gc_cont=0.630
NODE_50_length_38781_cov_44.722343_9    -            211 37262at72274         -            196   7.3e-12   43.6   0.0   1   1   1.4e-13   8.3e-12   43.5   0.0     1   111     4   121     4   181 0.89 # 10008 # 10640 # -1 # ID=50_9;partial=00;start_type=ATG;rbs_motif=GGA/GAG/AGG;rbs_spacer=5-10bp;gc_cont=0.575
NODE_35_length_67241_cov_41.200727_17   -           1063 37262at72274         -            196   1.5e-11   42.6   0.1   1   1   6.9e-13   4.1e-11   41.2   0.0     1   118   844   964   844   980 0.81 # 19701 # 22889 # -1 # ID=35_17;partial=00;start_type=ATG;rbs_motif=GGA/GAG/AGG;rbs_spacer=5-10bp;gc_cont=0.627
NODE_61_length_31196_cov_41.964204_5    -            764 37262at72274         -            196   1.8e-11   42.4   0.3   1   1   6.4e-13   3.8e-11   41.3   0.3     1    96   642   743   642   757 0.87 # 4283 # 6574 # 1 # ID=61_5;partial=00;start_type=ATG;rbs_motif=GGAG/GAGG;rbs_spacer=5-10bp;gc_cont=0.638
NODE_15_length_139124_cov_51.392869_23  -            479 37262at72274         -            196   1.9e-11   42.3   0.0   1   1   5.7e-13   3.4e-11   41.4   0.0     1   112     4   115     4   122 0.90 # 22752 # 24188 # 1 # ID=15_23;partial=00;start_type=ATG;rbs_motif=GGA/GAG/AGG;rbs_spacer=5-10bp;gc_cont=0.608
NODE_12_length_160433_cov_40.733708_39  -            918 37262at72274         -            196   2.7e-11   41.8   0.1   1   2         2   1.2e+02    0.5   0.0    96   132   327   363   318   373 0.81 # 35436 # 38189 # -1 # ID=12_39;partial=00;start_type=GTG;rbs_motif=AGGAG;rbs_spacer=5-10bp;gc_cont=0.634
NODE_12_length_160433_cov_40.733708_39  -            918 37262at72274         -            196   2.7e-11   41.8   0.1   2   2   4.9e-12   2.9e-10   38.4   0.1     1   103   669   780   669   791 0.80 # 35436 # 38189 # -1 # ID=12_39;partial=00;start_type=GTG;rbs_motif=AGGAG;rbs_spacer=5-10bp;gc_cont=0.634
NODE_50_length_38781_cov_44.722343_34   -            447 37262at72274         -            196   3.4e-11   41.5   0.0   1   1   9.3e-13   5.6e-11   40.7   0.0     1   110    11   124    11   144 0.84 # 36950 # 38290 # 1 # ID=50_34;partial=00;start_type=ATG;rbs_motif=GGA/GAG/AGG;rbs_spacer=5-10bp;gc_cont=0.623
NODE_31_length_78580_cov_41.529813_9    -            121 37262at72274         -            196   5.8e-11   40.7   0.2   1   1   1.1e-12   6.6e-11   40.5   0.2     1    74     4    83     4   118 0.78 # 6426 # 6788 # -1 # ID=31_9;partial=00;start_type=ATG;rbs_motif=3Base/5BMM;rbs_spacer=13-15bp;gc_cont=0.477
NODE_49_length_41676_cov_39.231293_10   -            120 37262at72274         -            196   8.4e-11   40.2   0.4   1   1   1.6e-12   9.6e-11   40.0   0.4     1   110     8   118     8   119 0.80 # 12350 # 12709 # 1 # ID=49_10;partial=00;start_type=ATG;rbs_motif=GGA/GAG/AGG;rbs_spacer=5-10bp;gc_cont=0.564
NODE_21_length_103625_cov_43.206963_90  -            634 37262at72274         -            196   9.7e-11   40.0   0.0   1   1   2.9e-12   1.8e-10   39.1   0.0     1   102   517   624   517   631 0.87 # 96531 # 98432 # -1 # ID=21_90;partial=00;start_type=ATG;rbs_motif=AGGAG;rbs_spacer=5-10bp;gc_cont=0.613
NODE_25_length_98842_cov_43.182632_76   -            121 37262at72274         -            196   1.5e-10   39.4   0.2   1   1   2.7e-12   1.6e-10   39.2   0.2     1   109     4   116     4   120 0.72 # 77284 # 77646 # 1 # ID=25_76;partial=00;start_type=ATG;rbs_motif=None;rbs_spacer=None;gc_cont=0.556
NODE_5_length_229610_cov_41.480005_97   -            209 37262at72274         -            196   3.2e-10   38.3   0.1   1   1   6.9e-12   4.1e-10   37.9   0.1     2   183     5   190     4   198 0.80 # 117992 # 118618 # 1 # ID=5_97;partial=00;start_type=ATG;rbs_motif=AGGAGG;rbs_spacer=3-4bp;gc_cont=0.558
NODE_49_length_41676_cov_39.231293_4    -            557 37262at72274         -            196   3.6e-10   38.1   0.1   1   3     0.005       0.3    9.0   0.0    18   123    28   144    21   172 0.65 # 3840 # 5510 # 1 # ID=49_4;partial=00;start_type=ATG;rbs_motif=AGGA;rbs_spacer=5-10bp;gc_cont=0.607
NODE_49_length_41676_cov_39.231293_4    -            557 37262at72274         -            196   3.6e-10   38.1   0.1   2   3       8.3     5e+02   -1.5   0.0   101   125   239   263   218   293 0.60 # 3840 # 5510 # 1 # ID=49_4;partial=00;start_type=ATG;rbs_motif=AGGA;rbs_spacer=5-10bp;gc_cont=0.607
NODE_49_length_41676_cov_39.231293_4    -            557 37262at72274         -            196   3.6e-10   38.1   0.1   3   3   3.2e-08   1.9e-06   25.9   0.0     1   109   440   553   440   556 0.81 # 3840 # 5510 # 1 # ID=49_4;partial=00;start_type=ATG;rbs_motif=AGGA;rbs_spacer=5-10bp;gc_cont=0.607
NODE_49_length_41676_cov_39.231293_6    -            402 37262at72274         -            196   4.6e-10   37.8   0.1   1   1   1.4e-11   8.4e-10   36.9   0.1    11   108    23   123     9   164 0.77 # 5985 # 7190 # -1 # ID=49_6;partial=00;start_type=ATG;rbs_motif=GGA/GAG/AGG;rbs_spacer=5-10bp;gc_cont=0.606
NODE_24_length_100934_cov_40.437016_19  -            775 37262at72274         -            196   6.8e-10   37.2   0.0   1   1   2.8e-11   1.7e-09   35.9   0.0     1   105   653   763   653   768 0.83 # 17075 # 19399 # -1 # ID=24_19;partial=00;start_type=GTG;rbs_motif=AGGA;rbs_spacer=5-10bp;gc_cont=0.615
NODE_5_length_229610_cov_41.480005_98   -           1198 37262at72274         -            196     9e-10   36.8   0.0   1   1   5.9e-11   3.5e-09   34.9   0.0     1   107   956  1071   956  1076 0.86 # 118619 # 122212 # 1 # ID=5_98;partial=00;start_type=ATG;rbs_motif=None;rbs_spacer=None;gc_cont=0.617
NODE_39_length_61665_cov_40.656470_29   -            403 37262at72274         -            196   9.2e-10   36.8   0.0   1   1   2.5e-11   1.5e-09   36.1   0.0    25   110    41   129    12   138 0.85 # 30954 # 32162 # -1 # ID=39_29;partial=00;start_type=ATG;rbs_motif=GGAG/GAGG;rbs_spacer=5-10bp;gc_cont=0.647
NODE_2_length_236949_cov_43.085704_17   -            221 37262at72274         -            196   2.4e-09   35.4   0.0   1   1   4.6e-11   2.7e-09   35.2   0.0     2   113    17   133    16   207 0.82 # 22232 # 22894 # -1 # ID=2_17;partial=00;start_type=ATG;rbs_motif=GGA/GAG/AGG;rbs_spacer=5-10bp;gc_cont=0.570
NODE_46_length_48528_cov_42.307659_26   -            274 37262at72274         -            196     3e-09   35.1   0.0   1   1   8.5e-11   5.1e-09   34.3   0.0     1   103    30   141    30   150 0.84 # 27566 # 28387 # 1 # ID=46_26;partial=00;start_type=ATG;rbs_motif=GGAG/GAGG;rbs_spacer=5-10bp;gc_cont=0.613
NODE_48_length_46070_cov_44.410892_24   -            846 37262at72274         -            196   4.3e-09   34.6   0.0   1   2       7.6   4.5e+02   -1.4   0.0    95   114   542   561   538   606 0.79 # 28098 # 30635 # 1 # ID=48_24;partial=00;start_type=ATG;rbs_motif=GGA/GAG/AGG;rbs_spacer=5-10bp;gc_cont=0.638
NODE_48_length_46070_cov_44.410892_24   -            846 37262at72274         -            196   4.3e-09   34.6   0.0   2   2   3.3e-10     2e-08   32.4   0.1     1   110   727   841   727   844 0.88 # 28098 # 30635 # 1 # ID=48_24;partial=00;start_type=ATG;rbs_motif=GGA/GAG/AGG;rbs_spacer=5-10bp;gc_cont=0.638
NODE_8_length_205641_cov_42.305415_156  -            187 37262at72274         -            196   8.4e-09   33.6   0.1   1   1   2.1e-10   1.2e-08   33.1   0.0     1   106    15   124    15   160 0.81 # 166824 # 167384 # -1 # ID=8_156;partial=00;start_type=ATG;rbs_motif=AGGAG;rbs_spacer=5-10bp;gc_cont=0.654
NODE_6_length_212507_cov_41.251422_30   -            136 37262at72274         -            196   9.1e-09   33.5   0.1   1   1   1.7e-10     1e-08   33.3   0.1     1   107    11   124    11   133 0.83 # 29841 # 30248 # -1 # ID=6_30;partial=00;start_type=ATG;rbs_motif=GGA/GAG/AGG;rbs_spacer=5-10bp;gc_cont=0.569
NODE_3_length_235490_cov_43.137961_23   -           1194 37262at72274         -            196   3.9e-08   31.5   0.3   1   2         2   1.2e+02    0.5   0.0    98   132   754   788   744   803 0.85 # 23662 # 27243 # -1 # ID=3_23;partial=00;start_type=GTG;rbs_motif=AGGA;rbs_spacer=5-10bp;gc_cont=0.620
NODE_3_length_235490_cov_43.137961_23   -           1194 37262at72274         -            196   3.9e-08   31.5   0.3   2   2   6.5e-09   3.9e-07   28.2   0.1     1   105   960  1072   960  1131 0.79 # 23662 # 27243 # -1 # ID=3_23;partial=00;start_type=GTG;rbs_motif=AGGA;rbs_spacer=5-10bp;gc_cont=0.620
NODE_2_length_236949_cov_43.085704_6    -            570 37262at72274         -            196   4.3e-08   31.3   0.0   1   1   1.1e-09   6.9e-08   30.7   0.0     1   112   449   566   449   569 0.77 # 5930 # 7639 # -1 # ID=2_6;partial=00;start_type=ATG;rbs_motif=GGA/GAG/AGG;rbs_spacer=5-10bp;gc_cont=0.630
NODE_1_length_486209_cov_41.704357_433  -            210 37262at72274         -            196   4.4e-08   31.3   0.1   1   1   9.3e-10   5.6e-08   31.0   0.1     2   183     5   191     4   201 0.69 # 458900 # 459529 # 1 # ID=1_433;partial=00;start_type=GTG;rbs_motif=GGAG/GAGG;rbs_spacer=5-10bp;gc_cont=0.622
NODE_1_length_486209_cov_41.704357_371  -            179 37262at72274         -            196   7.7e-08   30.5   0.4   1   1   1.6e-09   9.8e-08   30.2   0.4     1   107    29   141    29   148 0.83 # 385528 # 386064 # 1 # ID=1_371;partial=00;start_type=ATG;rbs_motif=GGA/GAG/AGG;rbs_spacer=5-10bp;gc_cont=0.570
NODE_35_length_67241_cov_41.200727_19   -            937 37262at72274         -            196   1.2e-07   29.9   0.0   1   1   6.9e-09   4.1e-07   28.1   0.0     2   106   817   925   816   932 0.83 # 24154 # 26964 # -1 # ID=35_19;partial=00;start_type=ATG;rbs_motif=None;rbs_spacer=None;gc_cont=0.603
NODE_52_length_38090_cov_40.641168_8    -            195 37262at72274         -            196   1.6e-07   29.5   0.0   1   1   3.6e-09   2.1e-07   29.1   0.0    35   110    24   100     3   119 0.83 # 10984 # 11568 # -1 # ID=52_8;partial=00;start_type=ATG;rbs_motif=GGA/GAG/AGG;rbs_spacer=5-10bp;gc_cont=0.578
NODE_72_length_17253_cov_41.438177_1    -            174 37262at72274         -            196   1.8e-07   29.3   0.0   1   1   3.4e-09   2.1e-07   29.1   0.0     2    98     6   109     5   131 0.76 # 1 # 522 # -1 # ID=72_1;partial=10;start_type=ATG;rbs_motif=GGAG/GAGG;rbs_spacer=5-10bp;gc_cont=0.630
NODE_26_length_98166_cov_43.232468_81   -            220 37262at72274         -            196   3.3e-07   28.4   0.0   1   1   9.5e-09   5.7e-07   27.7   0.0     2   108     6   118     5   130 0.82 # 80466 # 81125 # -1 # ID=26_81;partial=00;start_type=GTG;rbs_motif=GGA/GAG/AGG;rbs_spacer=5-10bp;gc_cont=0.615
NODE_32_length_70754_cov_42.115706_4    -            222 37262at72274         -            196   8.1e-07   27.2   0.1   1   1     3e-08   1.8e-06   26.1   0.0     1   107     4   117     4   135 0.76 # 4422 # 5087 # 1 # ID=32_4;partial=00;start_type=ATG;rbs_motif=GGA/GAG/AGG;rbs_spacer=5-10bp;gc_cont=0.598
NODE_33_length_69296_cov_44.754626_42   -            449 37262at72274         -            196   4.2e-06   24.8   0.9   1   1   1.1e-07   6.5e-06   24.2   0.9     1   128    15   147    15   194 0.81 # 49734 # 51080 # 1 # ID=33_42;partial=00;start_type=ATG;rbs_motif=AGGAG;rbs_spacer=5-10bp;gc_cont=0.610
NODE_24_length_100934_cov_40.437016_22  -           1211 37262at72274         -            196   4.4e-06   24.8   0.0   1   1   2.6e-07   1.6e-05   23.0   0.0     1   107   970  1085   970  1104 0.83 # 20967 # 24599 # -1 # ID=24_22;partial=00;start_type=ATG;rbs_motif=GGA/GAG/AGG;rbs_spacer=5-10bp;gc_cont=0.594
NODE_37_length_65273_cov_43.198380_40   -            217 37262at72274         -            196   6.2e-06   24.3   0.0   1   1   1.6e-07   9.4e-06   23.7   0.0     2   111     7   124     6   203 0.72 # 29038 # 29688 # 1 # ID=37_40;partial=00;start_type=ATG;rbs_motif=AGGA/GGAG/GAGG;rbs_spacer=11-12bp;gc_cont=0.604
NODE_4_length_234165_cov_40.976902_209  -            192 37262at72274         -            196   1.6e-05   22.9   0.6   1   1   3.1e-07   1.9e-05   22.7   0.6     1   136     4   144     4   179 0.77 # 233473 # 234048 # 1 # ID=4_209;partial=00;start_type=ATG;rbs_motif=AGGAG;rbs_spacer=5-10bp;gc_cont=0.595
NODE_9_length_205576_cov_41.813470_138  -            559 37262at72274         -            196   1.7e-05   22.9   0.0   1   1   6.2e-07   3.7e-05   21.7   0.0     1   101   443   546   443   557 0.73 # 127507 # 129183 # -1 # ID=9_138;partial=00;start_type=ATG;rbs_motif=GGA/GAG/AGG;rbs_spacer=5-10bp;gc_cont=0.627
NODE_27_length_96933_cov_42.098350_5    -            674 37262at72274         -            196   6.7e-05   20.9   0.0   1   1   2.1e-06   0.00013   20.0   0.0     1   111   548   664   548   672 0.86 # 4674 # 6695 # 1 # ID=27_5;partial=00;start_type=ATG;rbs_motif=None;rbs_spacer=None;gc_cont=0.622
NODE_49_length_41676_cov_39.231293_5    -            126 37262at72274         -            196     7e-05   20.8   0.0   1   1   1.2e-06   7.4e-05   20.8   0.0     1    79     9    93     9   125 0.74 # 5541 # 5918 # -1 # ID=49_5;partial=00;start_type=ATG;rbs_motif=GGA/GAG/AGG;rbs_spacer=5-10bp;gc_cont=0.563
NODE_52_length_38090_cov_40.641168_4    -            806 37262at72274         -            196   7.7e-05   20.7   0.0   1   1   2.3e-06   0.00014   19.9   0.0     1    98   571   677   571   686 0.78 # 5391 # 7808 # 1 # ID=52_4;partial=00;start_type=ATG;rbs_motif=GGA/GAG/AGG;rbs_spacer=5-10bp;gc_cont=0.588
NODE_131_length_252_cov_0.858757_1      -             83 37262at72274         -            196   9.1e-05   20.5   0.0   1   1   1.7e-06    0.0001   20.3   0.0     2    73     2    79     1    82 0.80 # 2 # 250 # 1 # ID=131_1;partial=11;start_type=Edge;rbs_motif=None;rbs_spacer=None;gc_cont=0.643
NODE_61_length_31196_cov_41.964204_6    -            337 37262at72274         -            196   0.00037   18.5   0.1   1   1   8.5e-06   0.00051   18.0   0.1    25    93    32   102     3   138 0.69 # 6571 # 7581 # 1 # ID=61_6;partial=00;start_type=ATG;rbs_motif=GGAGG;rbs_spacer=5-10bp;gc_cont=0.642
NODE_12_length_160433_cov_40.733708_11  -            311 37262at72274         -            196    0.0006   17.8   0.3   1   1   2.2e-05    0.0013   16.7   0.3     1   107   181   301   181   308 0.78 # 8179 # 9111 # 1 # ID=12_11;partial=00;start_type=ATG;rbs_motif=AGGAG;rbs_spacer=5-10bp;gc_cont=0.584
NODE_52_length_38090_cov_40.641168_3    -            220 37262at72274         -            196    0.0025   15.8   0.0   1   1   5.7e-05    0.0034   15.3   0.0     2   110     7   123     6   139 0.76 # 4729 # 5388 # 1 # ID=52_3;partial=00;start_type=ATG;rbs_motif=3Base/5BMM;rbs_spacer=13-15bp;gc_cont=0.564
NODE_4_length_234165_cov_40.976902_206  -            122 37262at72274         -            196    0.0079   14.1   0.0   1   1   0.00016    0.0094   13.9   0.0   131   194    34   102    20   104 0.79 # 230021 # 230386 # -1 # ID=4_206;partial=00;start_type=ATG;rbs_motif=GGAG/GAGG;rbs_spacer=5-10bp;gc_cont=0.593
NODE_5_length_229610_cov_41.480005_130  -            649 37262at72274         -            196     0.026   12.4   0.0   1   1   0.00078     0.046   11.6   0.0     1    72   530   606   530   644 0.83 # 163431 # 165377 # 1 # ID=5_130;partial=00;start_type=ATG;rbs_motif=GGA/GAG/AGG;rbs_spacer=5-10bp;gc_cont=0.590
NODE_20_length_107054_cov_42.359052_21  -            486 37262at72274         -            196     0.029   12.3   0.0   1   1   0.00095     0.057   11.3   0.0   137   192    29    83    14    87 0.84 # 25674 # 27131 # -1 # ID=20_21;partial=00;start_type=GTG;rbs_motif=GGA/GAG/AGG;rbs_spacer=5-10bp;gc_cont=0.659
NODE_85_length_10513_cov_39.874880_1    -            149 37262at72274         -            196     0.035   12.0   0.0   1   1   0.00073     0.044   11.7   0.0   132   194    39   107    28   109 0.82 # 113 # 559 # -1 # ID=85_1;partial=00;start_type=ATG;rbs_motif=GGA/GAG/AGG;rbs_spacer=5-10bp;gc_cont=0.584
NODE_35_length_67241_cov_41.200727_18   -            399 37262at72274         -            196     0.041   11.8   0.1   1   1    0.0011     0.065   11.2   0.1     1    68     6    77     6   132 0.62 # 22971 # 24167 # -1 # ID=35_18;partial=00;start_type=ATG;rbs_motif=GGA/GAG/AGG;rbs_spacer=5-10bp;gc_cont=0.602
#
# Program:         hmmsearch
# Version:         3.1b2 (February 2015)
# Pipeline mode:   SEARCH
# Query file:      /data2/PEG/hoaxaca/REAA/Pseudomonas/bin/busco_downloads/lineages/pseudomonadales_odb10/hmms/37262at72274.hmm
# Target file:     /data2/PEG/hoaxaca/REAA/Pseudomonas/bin/../out/busco/trim_75.spades_kmer/prodigal_output/predicted_genes/predicted.faa
# Option settings: hmmsearch --domtblout /data2/PEG/hoaxaca/REAA/Pseudomonas/bin/../out/busco/trim_75.spades_kmer/run_pseudomonadales_odb10/hmmer_output/37262at72274.out --cpu 1 /data2/PEG/hoaxaca/REAA/Pseudomonas/bin/busco_downloads/lineages/pseudomonadales_odb10/hmms/37262at72274.hmm /data2/PEG/hoaxaca/REAA/Pseudomonas/bin/../out/busco/trim_75.spades_kmer/prodigal_output/predicted_genes/predicted.faa 
# Current dir:     /data2/PEG/hoaxaca/REAA/Pseudomonas/bin
# Date:            Mon Feb 20 00:36:48 2023
# [ok]
