#                                                                                              --- full sequence --- -------------- this domain -------------   hmm coord   ali coord   env coord
# target name                          accession   tlen query name           accession   qlen   E-value  score  bias   #  of  c-Evalue  i-Evalue  score  bias  from    to  from    to  from    to  acc description of target
#                  ------------------- ---------- ----- -------------------- ---------- ----- --------- ------ ----- --- --- --------- --------- ------ ----- ----- ----- ----- ----- ----- ----- ---- ---------------------
NODE_1_length_486209_cov_41.704357_298 -            666 3912at72274          -            556         0 1065.5   3.1   1   1         0         0 1059.3   3.1     1   556     7   651     7   651 0.91 # 300939 # 302936 # 1 # ID=1_298;partial=00;start_type=ATG;rbs_motif=AGGAG;rbs_spacer=5-10bp;gc_cont=0.621
NODE_20_length_107054_cov_42.359052_52 -            687 3912at72274          -            556    4e-160  532.3   0.1   1   1  1.4e-161  1.5e-158  527.1   0.1     3   556    14   670    12   670 0.85 # 57381 # 59441 # 1 # ID=20_52;partial=00;start_type=ATG;rbs_motif=GGAG/GAGG;rbs_spacer=5-10bp;gc_cont=0.626
NODE_25_length_98842_cov_43.182632_97  -            633 3912at72274          -            556   5.4e-09   33.4   0.0   1   3   1.5e-05     0.016   12.0   0.1    19   181    55   199    41   219 0.71 # 94140 # 96038 # -1 # ID=25_97;partial=00;start_type=ATG;rbs_motif=None;rbs_spacer=None;gc_cont=0.628
NODE_25_length_98842_cov_43.182632_97  -            633 3912at72274          -            556   5.4e-09   33.4   0.0   2   3     0.038        41    0.7   0.0   190   210   250   271   246   282 0.89 # 94140 # 96038 # -1 # ID=25_97;partial=00;start_type=ATG;rbs_motif=None;rbs_spacer=None;gc_cont=0.628
NODE_25_length_98842_cov_43.182632_97  -            633 3912at72274          -            556   5.4e-09   33.4   0.0   3   3     6e-07   0.00064   16.6   0.0   349   460   380   490   332   551 0.75 # 94140 # 96038 # -1 # ID=25_97;partial=00;start_type=ATG;rbs_motif=None;rbs_spacer=None;gc_cont=0.628
NODE_14_length_139520_cov_41.636954_97 -            890 3912at72274          -            556   5.4e-07   26.7   0.0   1   2   2.1e-07   0.00022   18.1   0.0   132   203   223   296   136   310 0.90 # 99848 # 102517 # -1 # ID=14_97;partial=00;start_type=ATG;rbs_motif=GGAG/GAGG;rbs_spacer=5-10bp;gc_cont=0.621
NODE_14_length_139520_cov_41.636954_97 -            890 3912at72274          -            556   5.4e-07   26.7   0.0   2   2   0.00071      0.75    6.5   0.0   185   256   366   435   360   490 0.71 # 99848 # 102517 # -1 # ID=14_97;partial=00;start_type=ATG;rbs_motif=GGAG/GAGG;rbs_spacer=5-10bp;gc_cont=0.621
NODE_19_length_107352_cov_42.100236_46 -            882 3912at72274          -            556   3.6e-06   24.0   0.0   1   2   5.3e-07   0.00056   16.8   0.0    50   204   132   291    83   306 0.74 # 57806 # 60451 # -1 # ID=19_46;partial=00;start_type=ATG;rbs_motif=GGAG/GAGG;rbs_spacer=5-10bp;gc_cont=0.589
NODE_19_length_107352_cov_42.100236_46 -            882 3912at72274          -            556   3.6e-06   24.0   0.0   2   2     0.002       2.2    5.0   0.0   193   244   367   416   355   430 0.75 # 57806 # 60451 # -1 # ID=19_46;partial=00;start_type=ATG;rbs_motif=GGAG/GAGG;rbs_spacer=5-10bp;gc_cont=0.589
NODE_56_length_36010_cov_40.622791_4   -            893 3912at72274          -            556   0.00018   18.4   0.0   1   3   1.6e-06    0.0017   15.2   0.0   127   214   226   315    86   340 0.80 # 1440 # 4118 # -1 # ID=56_4;partial=00;start_type=ATG;rbs_motif=GGAGG;rbs_spacer=5-10bp;gc_cont=0.644
NODE_56_length_36010_cov_40.622791_4   -            893 3912at72274          -            556   0.00018   18.4   0.0   2   3     0.067        71   -0.1   0.0   196   238   383   426   370   441 0.73 # 1440 # 4118 # -1 # ID=56_4;partial=00;start_type=ATG;rbs_motif=GGAGG;rbs_spacer=5-10bp;gc_cont=0.644
NODE_56_length_36010_cov_40.622791_4   -            893 3912at72274          -            556   0.00018   18.4   0.0   3   3       0.4   4.2e+02   -2.6   0.0   399   442   639   682   593   686 0.83 # 1440 # 4118 # -1 # ID=56_4;partial=00;start_type=ATG;rbs_motif=GGAGG;rbs_spacer=5-10bp;gc_cont=0.644
#
# Program:         hmmsearch
# Version:         3.1b2 (February 2015)
# Pipeline mode:   SEARCH
# Query file:      /data2/PEG/hoaxaca/REAA/Pseudomonas/bin/busco_downloads/lineages/pseudomonadales_odb10/hmms/3912at72274.hmm
# Target file:     /data2/PEG/hoaxaca/REAA/Pseudomonas/bin/../out/busco/trim_75.spades_kmer/prodigal_output/predicted_genes/predicted.faa
# Option settings: hmmsearch --domtblout /data2/PEG/hoaxaca/REAA/Pseudomonas/bin/../out/busco/trim_75.spades_kmer/run_pseudomonadales_odb10/hmmer_output/3912at72274.out --cpu 1 /data2/PEG/hoaxaca/REAA/Pseudomonas/bin/busco_downloads/lineages/pseudomonadales_odb10/hmms/3912at72274.hmm /data2/PEG/hoaxaca/REAA/Pseudomonas/bin/../out/busco/trim_75.spades_kmer/prodigal_output/predicted_genes/predicted.faa 
# Current dir:     /data2/PEG/hoaxaca/REAA/Pseudomonas/bin
# Date:            Mon Feb 20 00:36:50 2023
# [ok]
