#                                                                                               --- full sequence --- -------------- this domain -------------   hmm coord   ali coord   env coord
# target name                           accession   tlen query name           accession   qlen   E-value  score  bias   #  of  c-Evalue  i-Evalue  score  bias  from    to  from    to  from    to  acc description of target
#                   ------------------- ---------- ----- -------------------- ---------- ----- --------- ------ ----- --- --- --------- --------- ------ ----- ----- ----- ----- ----- ----- ----- ---- ---------------------
NODE_1_length_486209_cov_41.704357_65   -            249 41129at72274         -            201   1.5e-76  254.9   0.3   1   1   3.3e-78   3.8e-76  253.6   0.3     1   201     1   248     1   248 0.87 # 64074 # 64820 # 1 # ID=1_65;partial=00;start_type=ATG;rbs_motif=AGGA/GGAG/GAGG;rbs_spacer=11-12bp;gc_cont=0.612
NODE_1_length_486209_cov_41.704357_248  -            122 41129at72274         -            201   1.4e-07   29.8   0.0   1   1   2.8e-09   3.3e-07   28.6   0.0     2    93     3   116     2   120 0.63 # 250889 # 251254 # 1 # ID=1_248;partial=00;start_type=ATG;rbs_motif=GGA/GAG/AGG;rbs_spacer=5-10bp;gc_cont=0.593
NODE_50_length_38781_cov_44.722343_9    -            211 41129at72274         -            201   3.5e-07   28.5   0.4   1   1   6.3e-09   7.4e-07   27.5   0.4     2    93     3   117     1   124 0.66 # 10008 # 10640 # -1 # ID=50_9;partial=00;start_type=ATG;rbs_motif=GGA/GAG/AGG;rbs_spacer=5-10bp;gc_cont=0.575
NODE_26_length_98166_cov_43.232468_34   -            224 41129at72274         -            201   4.5e-07   28.2   0.0   1   1     6e-09   7.1e-07   27.5   0.0     1    98     1   117     1   150 0.74 # 35669 # 36340 # -1 # ID=26_34;partial=00;start_type=ATG;rbs_motif=GGA/GAG/AGG;rbs_spacer=5-10bp;gc_cont=0.631
NODE_1_length_486209_cov_41.704357_433  -            210 41129at72274         -            201   5.9e-07   27.8   0.1   1   1   1.1e-08   1.2e-06   26.7   0.1     2    89     3   115     2   123 0.62 # 458900 # 459529 # 1 # ID=1_433;partial=00;start_type=GTG;rbs_motif=GGAG/GAGG;rbs_spacer=5-10bp;gc_cont=0.622
NODE_73_length_17164_cov_43.166657_9    -            233 41129at72274         -            201   1.2e-06   26.8   0.0   1   1   1.6e-08   1.9e-06   26.1   0.0     3    97    13   129    11   149 0.72 # 7753 # 8451 # -1 # ID=73_9;partial=00;start_type=ATG;rbs_motif=AGGAG;rbs_spacer=5-10bp;gc_cont=0.641
NODE_5_length_229610_cov_41.480005_82   -            423 41129at72274         -            201   1.9e-06   26.1   0.1   1   1   2.9e-08   3.4e-06   25.3   0.1     3    55     8    69     6   126 0.86 # 100235 # 101503 # -1 # ID=5_82;partial=00;start_type=ATG;rbs_motif=GGA/GAG/AGG;rbs_spacer=5-10bp;gc_cont=0.600
NODE_4_length_234165_cov_40.976902_34   -            232 41129at72274         -            201   2.5e-06   25.7   0.0   1   1   3.3e-08   3.9e-06   25.1   0.0     2    97     6   120     5   133 0.74 # 29677 # 30372 # -1 # ID=4_34;partial=00;start_type=ATG;rbs_motif=3Base/5BMM;rbs_spacer=13-15bp;gc_cont=0.619
NODE_73_length_17164_cov_43.166657_10   -           1129 41129at72274         -            201   2.5e-06   25.7   0.0   1   1   4.3e-08   5.1e-06   24.7   0.0     2   108   922  1049   921  1054 0.74 # 8426 # 11812 # -1 # ID=73_10;partial=00;start_type=GTG;rbs_motif=GGAG/GAGG;rbs_spacer=5-10bp;gc_cont=0.634
NODE_5_length_229610_cov_41.480005_97   -            209 41129at72274         -            201   9.9e-06   23.8   0.1   1   1   1.5e-07   1.8e-05   22.9   0.1     4    54     5    65     2   120 0.66 # 117992 # 118618 # 1 # ID=5_97;partial=00;start_type=ATG;rbs_motif=AGGAGG;rbs_spacer=3-4bp;gc_cont=0.558
NODE_72_length_17253_cov_41.438177_1    -            174 41129at72274         -            201   1.1e-05   23.7   0.1   1   1   1.3e-07   1.5e-05   23.2   0.1     2    98     4   121     3   137 0.59 # 1 # 522 # -1 # ID=72_1;partial=10;start_type=ATG;rbs_motif=GGAG/GAGG;rbs_spacer=5-10bp;gc_cont=0.630
NODE_24_length_100934_cov_40.437016_23  -            209 41129at72274         -            201   1.7e-05   23.0   0.0   1   1   2.3e-07   2.7e-05   22.4   0.0     3    53     4    64     1   118 0.64 # 24608 # 25234 # -1 # ID=24_23;partial=00;start_type=ATG;rbs_motif=GGA/GAG/AGG;rbs_spacer=5-10bp;gc_cont=0.477
NODE_52_length_38090_cov_40.641168_8    -            195 41129at72274         -            201   1.8e-05   23.0   0.0   1   1   2.4e-07   2.8e-05   22.3   0.0    20    93    11    97     6   120 0.68 # 10984 # 11568 # -1 # ID=52_8;partial=00;start_type=ATG;rbs_motif=GGA/GAG/AGG;rbs_spacer=5-10bp;gc_cont=0.578
NODE_6_length_212507_cov_41.251422_68   -            925 41129at72274         -            201   2.7e-05   22.4   0.2   1   2    0.0067      0.79    7.8   0.0     3    54   644   709   642   712 0.60 # 68946 # 71720 # 1 # ID=6_68;partial=00;start_type=GTG;rbs_motif=GGA/GAG/AGG;rbs_spacer=5-10bp;gc_cont=0.624
NODE_6_length_212507_cov_41.251422_68   -            925 41129at72274         -            201   2.7e-05   22.4   0.2   2   2   0.00049     0.058   11.5   0.0     2    54   793   854   792   909 0.81 # 68946 # 71720 # 1 # ID=6_68;partial=00;start_type=GTG;rbs_motif=GGA/GAG/AGG;rbs_spacer=5-10bp;gc_cont=0.624
NODE_10_length_199183_cov_41.836345_72  -            479 41129at72274         -            201   2.9e-05   22.3   0.0   1   1   5.5e-07   6.5e-05   21.1   0.0     3   103     7   127     5   143 0.63 # 83570 # 85006 # 1 # ID=10_72;partial=00;start_type=ATG;rbs_motif=AGGAG;rbs_spacer=5-10bp;gc_cont=0.634
NODE_61_length_31196_cov_41.964204_6    -            337 41129at72274         -            201   3.7e-05   21.9   0.7   1   2   1.1e-06   0.00013   20.1   0.7     1    55     1    66     1   106 0.67 # 6571 # 7581 # 1 # ID=61_6;partial=00;start_type=ATG;rbs_motif=GGAGG;rbs_spacer=5-10bp;gc_cont=0.642
NODE_61_length_31196_cov_41.964204_6    -            337 41129at72274         -            201   3.7e-05   21.9   0.7   2   2       4.7   5.6e+02   -1.5   0.0    55    85   178   209   169   212 0.70 # 6571 # 7581 # 1 # ID=61_6;partial=00;start_type=ATG;rbs_motif=GGAGG;rbs_spacer=5-10bp;gc_cont=0.642
NODE_37_length_65273_cov_43.198380_65   -            233 41129at72274         -            201   8.5e-05   20.7   0.0   1   1   1.3e-06   0.00015   19.9   0.0    15    96    26   117     7   127 0.74 # 57596 # 58294 # -1 # ID=37_65;partial=00;start_type=ATG;rbs_motif=None;rbs_spacer=None;gc_cont=0.621
NODE_6_length_212507_cov_41.251422_40   -            263 41129at72274         -            201   0.00013   20.1   0.1   1   1     5e-06   0.00059   18.0   0.1     2    96     9   127     8   139 0.71 # 38266 # 39054 # -1 # ID=6_40;partial=00;start_type=GTG;rbs_motif=GGAG/GAGG;rbs_spacer=5-10bp;gc_cont=0.574
NODE_8_length_205641_cov_42.305415_26   -            226 41129at72274         -            201   0.00019   19.6   0.0   1   1   2.7e-06   0.00032   18.9   0.0     1    97     1   116     1   127 0.70 # 33357 # 34034 # -1 # ID=8_26;partial=00;start_type=ATG;rbs_motif=GGA/GAG/AGG;rbs_spacer=11-12bp;gc_cont=0.630
NODE_31_length_78580_cov_41.529813_9    -            121 41129at72274         -            201   0.00027   19.1   0.1   1   1   4.4e-06   0.00051   18.2   0.1     2    88     3   109     2   119 0.61 # 6426 # 6788 # -1 # ID=31_9;partial=00;start_type=ATG;rbs_motif=3Base/5BMM;rbs_spacer=13-15bp;gc_cont=0.477
NODE_16_length_124179_cov_41.687423_108 -            225 41129at72274         -            201   0.00028   19.0   0.0   1   1   4.1e-06   0.00048   18.3   0.0     1    98     1   117     1   123 0.72 # 102061 # 102735 # 1 # ID=16_108;partial=00;start_type=ATG;rbs_motif=GGA/GAG/AGG;rbs_spacer=5-10bp;gc_cont=0.596
NODE_25_length_98842_cov_43.182632_76   -            121 41129at72274         -            201   0.00032   18.9   0.2   1   1   5.2e-06   0.00062   17.9   0.2     3    95     4   116     2   119 0.66 # 77284 # 77646 # 1 # ID=25_76;partial=00;start_type=ATG;rbs_motif=None;rbs_spacer=None;gc_cont=0.556
NODE_56_length_36010_cov_40.622791_11   -            234 41129at72274         -            201   0.00033   18.8   0.0   1   1   5.3e-06   0.00062   17.9   0.0    23    95    33   116     2   128 0.64 # 10312 # 11013 # -1 # ID=56_11;partial=00;start_type=ATG;rbs_motif=GGA/GAG/AGG;rbs_spacer=5-10bp;gc_cont=0.645
NODE_32_length_70754_cov_42.115706_4    -            222 41129at72274         -            201   0.00035   18.7   0.4   1   1   7.3e-06   0.00086   17.5   0.1     2    82     3   106     2   126 0.62 # 4422 # 5087 # 1 # ID=32_4;partial=00;start_type=ATG;rbs_motif=GGA/GAG/AGG;rbs_spacer=5-10bp;gc_cont=0.598
NODE_2_length_236949_cov_43.085704_17   -            221 41129at72274         -            201   0.00044   18.4   0.0   1   1   7.3e-06   0.00086   17.5   0.0     3    53    16    76    14    83 0.82 # 22232 # 22894 # -1 # ID=2_17;partial=00;start_type=ATG;rbs_motif=GGA/GAG/AGG;rbs_spacer=5-10bp;gc_cont=0.570
NODE_5_length_229610_cov_41.480005_83   -            128 41129at72274         -            201   0.00057   18.1   0.2   1   1     7e-06   0.00082   17.5   0.2     2    53     3    63     2   123 0.74 # 101513 # 101896 # -1 # ID=5_83;partial=00;start_type=ATG;rbs_motif=GGAGG;rbs_spacer=3-4bp;gc_cont=0.612
NODE_1_length_486209_cov_41.704357_251  -           1947 41129at72274         -            201   0.00059   18.0   0.2   1   1   1.2e-05    0.0014   16.8   0.2     3    54  1827  1887  1825  1928 0.79 # 254025 # 259865 # 1 # ID=1_251;partial=00;start_type=ATG;rbs_motif=GGAG/GAGG;rbs_spacer=5-10bp;gc_cont=0.638
NODE_31_length_78580_cov_41.529813_5    -            242 41129at72274         -            201   0.00065   17.9   0.0   1   1     9e-06    0.0011   17.2   0.0     1    96    21   136    21   166 0.72 # 3090 # 3815 # 1 # ID=31_5;partial=00;start_type=ATG;rbs_motif=GGA/GAG/AGG;rbs_spacer=5-10bp;gc_cont=0.635
NODE_39_length_61665_cov_40.656470_18   -            122 41129at72274         -            201   0.00078   17.6   0.0   1   1   9.2e-06    0.0011   17.1   0.0     1    95     1   114     1   119 0.64 # 20110 # 20475 # -1 # ID=39_18;partial=00;start_type=ATG;rbs_motif=GGAG/GAGG;rbs_spacer=5-10bp;gc_cont=0.607
NODE_26_length_98166_cov_43.232468_22   -            222 41129at72274         -            201   0.00089   17.4   0.0   1   1   1.5e-05    0.0017   16.5   0.0     1    94     1   114     1   122 0.70 # 24590 # 25255 # -1 # ID=26_22;partial=00;start_type=ATG;rbs_motif=AGGAG;rbs_spacer=5-10bp;gc_cont=0.643
NODE_22_length_101384_cov_40.935415_45  -            300 41129at72274         -            201   0.00098   17.3   0.0   1   1   1.9e-05    0.0023   16.1   0.0     3    95     6   122     4   139 0.66 # 52300 # 53199 # -1 # ID=22_45;partial=00;start_type=ATG;rbs_motif=AGGA;rbs_spacer=5-10bp;gc_cont=0.611
NODE_12_length_160433_cov_40.733708_155 -            461 41129at72274         -            201    0.0013   16.9   0.1   1   1   2.3e-05    0.0028   15.8   0.1     2    92     4   114     3   124 0.72 # 150624 # 152006 # 1 # ID=12_155;partial=00;start_type=ATG;rbs_motif=GGAG/GAGG;rbs_spacer=5-10bp;gc_cont=0.653
NODE_61_length_31196_cov_41.964204_7    -            334 41129at72274         -            201    0.0018   16.4   0.2   1   1   2.7e-05    0.0032   15.6   0.2     3   104    18   142    16   159 0.60 # 7633 # 8634 # 1 # ID=61_7;partial=00;start_type=ATG;rbs_motif=GGA/GAG/AGG;rbs_spacer=5-10bp;gc_cont=0.619
NODE_4_length_234165_cov_40.976902_113  -            394 41129at72274         -            201    0.0018   16.4   0.1   1   1   2.7e-05    0.0031   15.6   0.1     3    94     8   119     6   143 0.66 # 115903 # 117084 # -1 # ID=4_113;partial=00;start_type=ATG;rbs_motif=None;rbs_spacer=None;gc_cont=0.596
NODE_1_length_486209_cov_41.704357_247  -            136 41129at72274         -            201    0.0019   16.3   0.0   1   1     2e-05    0.0024   16.0   0.0     2    54     9    70     8   125 0.67 # 250434 # 250841 # 1 # ID=1_247;partial=00;start_type=ATG;rbs_motif=GGA/GAG/AGG;rbs_spacer=5-10bp;gc_cont=0.529
NODE_33_length_69296_cov_44.754626_54   -            466 41129at72274         -            201     0.002   16.3   0.1   1   1     3e-05    0.0035   15.5   0.1     2    88     4   110     3   133 0.71 # 67766 # 69163 # 1 # ID=33_54;partial=00;start_type=ATG;rbs_motif=GGAG/GAGG;rbs_spacer=5-10bp;gc_cont=0.628
NODE_26_length_98166_cov_43.232468_81   -            220 41129at72274         -            201     0.002   16.3   0.2   1   1   5.1e-05     0.006   14.7   0.2     2    84     4   108     3   167 0.64 # 80466 # 81125 # -1 # ID=26_81;partial=00;start_type=GTG;rbs_motif=GGA/GAG/AGG;rbs_spacer=5-10bp;gc_cont=0.615
NODE_4_length_234165_cov_40.976902_209  -            192 41129at72274         -            201    0.0021   16.2   0.5   1   1   3.4e-05     0.004   15.3   0.5     3   117     4   140     2   149 0.57 # 233473 # 234048 # 1 # ID=4_209;partial=00;start_type=ATG;rbs_motif=AGGAG;rbs_spacer=5-10bp;gc_cont=0.595
NODE_76_length_15585_cov_38.435848_2    -            247 41129at72274         -            201    0.0023   16.0   0.1   1   1   4.4e-05    0.0052   14.9   0.1     3    95     7   120     5   127 0.62 # 1450 # 2190 # -1 # ID=76_2;partial=00;start_type=ATG;rbs_motif=GGAG/GAGG;rbs_spacer=5-10bp;gc_cont=0.637
NODE_6_length_212507_cov_41.251422_57   -            557 41129at72274         -            201    0.0031   15.6   0.1   1   1   6.6e-05    0.0078   14.3   0.1     2    94   250   364   249   385 0.59 # 55474 # 57144 # 1 # ID=6_57;partial=00;start_type=ATG;rbs_motif=AGxAG;rbs_spacer=5-10bp;gc_cont=0.626
NODE_10_length_199183_cov_41.836345_120 -            462 41129at72274         -            201    0.0032   15.6   0.1   1   2   9.4e-05     0.011   13.8   0.0     2    94     8   120     7   143 0.61 # 130481 # 131866 # 1 # ID=10_120;partial=00;start_type=ATG;rbs_motif=GGAG/GAGG;rbs_spacer=5-10bp;gc_cont=0.640
NODE_10_length_199183_cov_41.836345_120 -            462 41129at72274         -            201    0.0032   15.6   0.1   2   2       7.6   8.9e+02   -2.2   0.0    97   128   257   288   245   295 0.68 # 130481 # 131866 # 1 # ID=10_120;partial=00;start_type=ATG;rbs_motif=GGAG/GAGG;rbs_spacer=5-10bp;gc_cont=0.640
NODE_35_length_67241_cov_41.200727_18   -            399 41129at72274         -            201    0.0032   15.6   0.1   1   1   5.9e-05     0.007   14.5   0.1     2    54     5    67     4   125 0.70 # 22971 # 24167 # -1 # ID=35_18;partial=00;start_type=ATG;rbs_motif=GGA/GAG/AGG;rbs_spacer=5-10bp;gc_cont=0.602
NODE_12_length_160433_cov_40.733708_23  -            226 41129at72274         -            201    0.0056   14.8   0.0   1   1   8.8e-05      0.01   13.9   0.0     1    92     1   112     1   129 0.61 # 21832 # 22509 # 1 # ID=12_23;partial=00;start_type=ATG;rbs_motif=GGAG/GAGG;rbs_spacer=5-10bp;gc_cont=0.634
NODE_49_length_41676_cov_39.231293_31   -            236 41129at72274         -            201    0.0062   14.7   0.0   1   1   8.2e-05    0.0097   14.0   0.0    30    99    45   124     8   130 0.73 # 37419 # 38126 # -1 # ID=49_31;partial=00;start_type=ATG;rbs_motif=GGA/GAG/AGG;rbs_spacer=5-10bp;gc_cont=0.623
NODE_12_length_160433_cov_40.733708_163 -            573 41129at72274         -            201    0.0066   14.6   0.2   1   1   0.00011     0.013   13.6   0.2    24   105    40   140    11   151 0.54 # 158238 # 159956 # 1 # ID=12_163;partial=00;start_type=TTG;rbs_motif=None;rbs_spacer=None;gc_cont=0.635
NODE_12_length_160433_cov_40.733708_19  -            242 41129at72274         -            201    0.0074   14.4   0.0   1   1   8.9e-05     0.011   13.9   0.0     2    93     7   117     6   127 0.55 # 18174 # 18899 # 1 # ID=12_19;partial=00;start_type=GTG;rbs_motif=GGAG/GAGG;rbs_spacer=5-10bp;gc_cont=0.645
NODE_1_length_486209_cov_41.704357_305  -            704 41129at72274         -            201    0.0097   14.0   0.0   1   1   0.00016     0.019   13.1   0.0    26    83    44   118    14   149 0.61 # 308221 # 310332 # 1 # ID=1_305;partial=00;start_type=ATG;rbs_motif=GGA/GAG/AGG;rbs_spacer=5-10bp;gc_cont=0.630
NODE_35_length_67241_cov_41.200727_17   -           1063 41129at72274         -            201      0.01   13.9   0.0   1   2       3.2   3.7e+02   -0.9   0.0    76   121   594   640   581   644 0.76 # 19701 # 22889 # -1 # ID=35_17;partial=00;start_type=ATG;rbs_motif=GGA/GAG/AGG;rbs_spacer=5-10bp;gc_cont=0.627
NODE_35_length_67241_cov_41.200727_17   -           1063 41129at72274         -            201      0.01   13.9   0.0   2   2   0.00046     0.054   11.6   0.0     2    55   843   905   842   960 0.75 # 19701 # 22889 # -1 # ID=35_17;partial=00;start_type=ATG;rbs_motif=GGA/GAG/AGG;rbs_spacer=5-10bp;gc_cont=0.627
NODE_22_length_101384_cov_40.935415_41  -            230 41129at72274         -            201      0.01   13.9   0.1   1   1   0.00018     0.021   12.9   0.1     2    55     5    67     4   124 0.62 # 48056 # 48745 # 1 # ID=22_41;partial=00;start_type=ATG;rbs_motif=GGAG/GAGG;rbs_spacer=5-10bp;gc_cont=0.626
NODE_27_length_96933_cov_42.098350_63   -            444 41129at72274         -            201     0.011   13.9   0.0   1   1   0.00018     0.021   12.9   0.0     3    94     5   116     3   147 0.65 # 71278 # 72609 # 1 # ID=27_63;partial=00;start_type=ATG;rbs_motif=AGGA/GGAG/GAGG;rbs_spacer=11-12bp;gc_cont=0.642
NODE_11_length_186925_cov_42.279989_113 -            241 41129at72274         -            201     0.011   13.8   0.0   1   1    0.0011      0.13   10.3   0.0     1    89     1   116     1   136 0.64 # 112965 # 113687 # 1 # ID=11_113;partial=00;start_type=ATG;rbs_motif=AGGA;rbs_spacer=5-10bp;gc_cont=0.588
NODE_12_length_160433_cov_40.733708_39  -            918 41129at72274         -            201     0.011   13.8   0.0   1   1   0.00027     0.032   12.3   0.0     2    53   668   728   667   750 0.71 # 35436 # 38189 # -1 # ID=12_39;partial=00;start_type=GTG;rbs_motif=AGGAG;rbs_spacer=5-10bp;gc_cont=0.634
NODE_15_length_139124_cov_51.392869_23  -            479 41129at72274         -            201     0.014   13.5   0.1   1   1   0.00036     0.042   11.9   0.0     2    99     3   116     2   126 0.70 # 22752 # 24188 # 1 # ID=15_23;partial=00;start_type=ATG;rbs_motif=GGA/GAG/AGG;rbs_spacer=5-10bp;gc_cont=0.608
NODE_12_length_160433_cov_40.733708_40  -            243 41129at72274         -            201     0.022   12.9   0.0   1   1   0.00028     0.033   12.3   0.0    25    53    39    70    10   130 0.70 # 38395 # 39123 # 1 # ID=12_40;partial=00;start_type=ATG;rbs_motif=None;rbs_spacer=None;gc_cont=0.627
#
# Program:         hmmsearch
# Version:         3.1b2 (February 2015)
# Pipeline mode:   SEARCH
# Query file:      /data2/PEG/hoaxaca/REAA/Pseudomonas/bin/busco_downloads/lineages/pseudomonadales_odb10/hmms/41129at72274.hmm
# Target file:     /data2/PEG/hoaxaca/REAA/Pseudomonas/bin/../out/busco/trim_75.spades_kmer/prodigal_output/predicted_genes/predicted.faa
# Option settings: hmmsearch --domtblout /data2/PEG/hoaxaca/REAA/Pseudomonas/bin/../out/busco/trim_75.spades_kmer/run_pseudomonadales_odb10/hmmer_output/41129at72274.out --cpu 1 /data2/PEG/hoaxaca/REAA/Pseudomonas/bin/busco_downloads/lineages/pseudomonadales_odb10/hmms/41129at72274.hmm /data2/PEG/hoaxaca/REAA/Pseudomonas/bin/../out/busco/trim_75.spades_kmer/prodigal_output/predicted_genes/predicted.faa 
# Current dir:     /data2/PEG/hoaxaca/REAA/Pseudomonas/bin
# Date:            Mon Feb 20 00:36:52 2023
# [ok]
