#                                                                                               --- full sequence --- -------------- this domain -------------   hmm coord   ali coord   env coord
# target name                           accession   tlen query name           accession   qlen   E-value  score  bias   #  of  c-Evalue  i-Evalue  score  bias  from    to  from    to  from    to  acc description of target
#                   ------------------- ---------- ----- -------------------- ---------- ----- --------- ------ ----- --- --- --------- --------- ------ ----- ----- ----- ----- ----- ----- ----- ---- ---------------------
NODE_12_length_160433_cov_40.733708_19  -            242 42468at72274         -            206  8.6e-111  366.7   3.6   1   1  1.9e-112  1.3e-110  366.1   3.6     1   206     7   234     7   234 0.93 # 18174 # 18899 # 1 # ID=12_19;partial=00;start_type=GTG;rbs_motif=GGAG/GAGG;rbs_spacer=5-10bp;gc_cont=0.645
NODE_49_length_41676_cov_39.231293_31   -            236 42468at72274         -            206   2.7e-70  234.4   0.1   1   1     5e-72   3.3e-70  234.1   0.1     1   203     8   228     8   230 0.91 # 37419 # 38126 # -1 # ID=49_31;partial=00;start_type=ATG;rbs_motif=GGA/GAG/AGG;rbs_spacer=5-10bp;gc_cont=0.623
NODE_56_length_36010_cov_40.622791_11   -            234 42468at72274         -            206   1.7e-67  225.2   1.2   1   1   3.1e-69     2e-67  225.0   1.2     2   204     4   227     3   229 0.90 # 10312 # 11013 # -1 # ID=56_11;partial=00;start_type=ATG;rbs_motif=GGA/GAG/AGG;rbs_spacer=5-10bp;gc_cont=0.645
NODE_37_length_65273_cov_43.198380_65   -            233 42468at72274         -            206   8.1e-60  200.2   0.0   1   1   1.4e-61   9.3e-60  200.0   0.0     2   205     5   223     4   224 0.91 # 57596 # 58294 # -1 # ID=37_65;partial=00;start_type=ATG;rbs_motif=None;rbs_spacer=None;gc_cont=0.621
NODE_55_length_36205_cov_42.040410_27   -            277 42468at72274         -            206   8.7e-57  190.3   3.4   1   1   1.6e-58   1.1e-56  190.0   3.4     2   203    49   270    48   273 0.86 # 28147 # 28977 # 1 # ID=55_27;partial=00;start_type=ATG;rbs_motif=None;rbs_spacer=None;gc_cont=0.639
NODE_76_length_15585_cov_38.435848_2    -            247 42468at72274         -            206   1.3e-51  173.4   8.8   1   1   5.3e-53   3.5e-51  171.9   8.8     1   203     6   235     6   238 0.88 # 1450 # 2190 # -1 # ID=76_2;partial=00;start_type=ATG;rbs_motif=GGAG/GAGG;rbs_spacer=5-10bp;gc_cont=0.637
NODE_3_length_235490_cov_43.137961_128  -            237 42468at72274         -            206   1.4e-50  170.0   1.1   1   1   5.8e-52   3.9e-50  168.6   1.1     2   204     4   230     3   232 0.86 # 138459 # 139169 # -1 # ID=3_128;partial=00;start_type=GTG;rbs_motif=None;rbs_spacer=None;gc_cont=0.626
NODE_10_length_199183_cov_41.836345_145 -            247 42468at72274         -            206   2.6e-49  165.9   0.2   1   1   6.5e-51   4.3e-49  165.1   0.2     1   205    12   240    12   241 0.87 # 154217 # 154957 # -1 # ID=10_145;partial=00;start_type=ATG;rbs_motif=AGGAG;rbs_spacer=5-10bp;gc_cont=0.619
NODE_27_length_96933_cov_42.098350_71   -            244 42468at72274         -            206     2e-47  159.7   0.5   1   1   3.8e-49   2.5e-47  159.3   0.5     2   203     8   233     7   236 0.89 # 79447 # 80178 # -1 # ID=27_71;partial=00;start_type=GTG;rbs_motif=AGGA;rbs_spacer=5-10bp;gc_cont=0.649
NODE_5_length_229610_cov_41.480005_61   -            237 42468at72274         -            206   4.5e-45  152.0   0.1   1   1   9.5e-47   6.3e-45  151.5   0.1     1   205     6   233     6   234 0.87 # 80122 # 80832 # -1 # ID=5_61;partial=00;start_type=ATG;rbs_motif=GGA/GAG/AGG;rbs_spacer=5-10bp;gc_cont=0.640
NODE_36_length_66994_cov_42.587651_34   -            237 42468at72274         -            206   2.8e-41  139.6   1.0   1   1   7.3e-43   4.8e-41  138.8   1.0     2   204     7   228     6   230 0.87 # 29921 # 30631 # -1 # ID=36_34;partial=00;start_type=ATG;rbs_motif=GGA/GAG/AGG;rbs_spacer=11-12bp;gc_cont=0.636
NODE_16_length_124179_cov_41.687423_103 -            225 42468at72274         -            206     1e-40  137.8   1.9   1   1   1.8e-42   1.2e-40  137.6   1.9     1   203     2   220     2   223 0.85 # 94249 # 94923 # 1 # ID=16_103;partial=00;start_type=ATG;rbs_motif=GGA/GAG/AGG;rbs_spacer=5-10bp;gc_cont=0.610
NODE_8_length_205641_cov_42.305415_26   -            226 42468at72274         -            206   2.1e-39  133.5   1.5   1   1   3.6e-41   2.3e-39  133.3   1.5     1   203     2   219     2   222 0.88 # 33357 # 34034 # -1 # ID=8_26;partial=00;start_type=ATG;rbs_motif=GGA/GAG/AGG;rbs_spacer=11-12bp;gc_cont=0.630
NODE_4_length_234165_cov_40.976902_119  -            227 42468at72274         -            206   5.3e-39  132.2   0.9   1   1     9e-41     6e-39  132.0   0.9     1   203     2   221     2   224 0.87 # 121000 # 121680 # 1 # ID=4_119;partial=00;start_type=ATG;rbs_motif=GGA/GAG/AGG;rbs_spacer=5-10bp;gc_cont=0.630
NODE_26_length_98166_cov_43.232468_34   -            224 42468at72274         -            206   5.9e-39  132.0   2.3   1   1     1e-40   6.7e-39  131.8   2.3     2   203     3   219     2   222 0.89 # 35669 # 36340 # -1 # ID=26_34;partial=00;start_type=ATG;rbs_motif=GGA/GAG/AGG;rbs_spacer=5-10bp;gc_cont=0.631
NODE_13_length_147962_cov_41.421937_18  -            226 42468at72274         -            206   3.3e-38  129.6   0.0   1   1   5.8e-40   3.8e-38  129.4   0.0     2   203     4   223     3   225 0.87 # 20937 # 21614 # -1 # ID=13_18;partial=00;start_type=ATG;rbs_motif=GGA/GAG/AGG;rbs_spacer=5-10bp;gc_cont=0.656
NODE_16_length_124179_cov_41.687423_108 -            225 42468at72274         -            206   8.9e-38  128.2   2.1   1   1   1.5e-39     1e-37  128.0   2.1     1   203     2   220     2   223 0.86 # 102061 # 102735 # 1 # ID=16_108;partial=00;start_type=ATG;rbs_motif=GGA/GAG/AGG;rbs_spacer=5-10bp;gc_cont=0.596
NODE_22_length_101384_cov_40.935415_41  -            230 42468at72274         -            206   7.3e-36  121.9   0.2   1   1   1.3e-37   8.6e-36  121.7   0.2     2   204     6   226     5   228 0.87 # 48056 # 48745 # 1 # ID=22_41;partial=00;start_type=ATG;rbs_motif=GGAG/GAGG;rbs_spacer=5-10bp;gc_cont=0.626
NODE_2_length_236949_cov_43.085704_90   -            228 42468at72274         -            206     7e-35  118.7   0.6   1   1   1.3e-36   8.4e-35  118.5   0.6     1   203     3   223     3   226 0.83 # 96310 # 96993 # 1 # ID=2_90;partial=00;start_type=ATG;rbs_motif=GGA/GAG/AGG;rbs_spacer=5-10bp;gc_cont=0.610
NODE_29_length_94829_cov_39.816842_37   -            224 42468at72274         -            206   2.9e-34  116.7   0.9   1   1     5e-36   3.3e-34  116.5   0.9     1   203     2   218     2   221 0.89 # 35786 # 36457 # 1 # ID=29_37;partial=00;start_type=ATG;rbs_motif=GGAG/GAGG;rbs_spacer=5-10bp;gc_cont=0.631
NODE_4_length_234165_cov_40.976902_34   -            232 42468at72274         -            206   4.2e-32  109.6   0.1   1   1   7.5e-34     5e-32  109.4   0.1     2   203     7   226     6   229 0.87 # 29677 # 30372 # -1 # ID=4_34;partial=00;start_type=ATG;rbs_motif=3Base/5BMM;rbs_spacer=13-15bp;gc_cont=0.619
NODE_1_length_486209_cov_41.704357_360  -            223 42468at72274         -            206   9.3e-32  108.5   0.0   1   1   1.8e-33   1.2e-31  108.2   0.0     1   203     3   217     3   219 0.89 # 372555 # 373223 # 1 # ID=1_360;partial=00;start_type=ATG;rbs_motif=GGA/GAG/AGG;rbs_spacer=5-10bp;gc_cont=0.629
NODE_12_length_160433_cov_40.733708_40  -            243 42468at72274         -            206   1.8e-31  107.6   0.8   1   1   1.7e-31   1.1e-29  101.7   0.8     2   203    11   235    10   238 0.86 # 38395 # 39123 # 1 # ID=12_40;partial=00;start_type=ATG;rbs_motif=None;rbs_spacer=None;gc_cont=0.627
NODE_64_length_24993_cov_41.442451_5    -            231 42468at72274         -            206   2.3e-31  107.2   0.2   1   1   4.5e-33     3e-31  106.9   0.2     1   204     5   228     5   229 0.88 # 7996 # 8688 # 1 # ID=64_5;partial=00;start_type=ATG;rbs_motif=GGA/GAG/AGG;rbs_spacer=5-10bp;gc_cont=0.646
NODE_37_length_65273_cov_43.198380_68   -            228 42468at72274         -            206     4e-30  103.2   1.2   1   1   7.6e-32     5e-30  102.9   1.2     1   202     2   219     2   222 0.86 # 61318 # 62001 # 1 # ID=37_68;partial=00;start_type=ATG;rbs_motif=GGAG/GAGG;rbs_spacer=5-10bp;gc_cont=0.599
NODE_2_length_236949_cov_43.085704_196  -            223 42468at72274         -            206   6.8e-29   99.2   0.0   1   1   1.2e-30   7.8e-29   99.0   0.0     1   203     2   217     2   220 0.85 # 202625 # 203293 # -1 # ID=2_196;partial=00;start_type=ATG;rbs_motif=AGGA;rbs_spacer=5-10bp;gc_cont=0.629
NODE_12_length_160433_cov_40.733708_23  -            226 42468at72274         -            206   1.5e-28   98.0   0.1   1   1   2.6e-30   1.7e-28   97.8   0.1     1   204     2   221     2   223 0.87 # 21832 # 22509 # 1 # ID=12_23;partial=00;start_type=ATG;rbs_motif=GGAG/GAGG;rbs_spacer=5-10bp;gc_cont=0.634
NODE_42_length_53771_cov_43.156362_38   -            227 42468at72274         -            206   4.3e-28   96.6   1.2   1   1     8e-30   5.3e-28   96.2   1.2     1   201     2   214     2   217 0.86 # 33955 # 34635 # -1 # ID=42_38;partial=00;start_type=ATG;rbs_motif=GGA/GAG/AGG;rbs_spacer=5-10bp;gc_cont=0.656
NODE_31_length_78580_cov_41.529813_5    -            242 42468at72274         -            206   2.4e-27   94.1   0.9   1   1   4.5e-29     3e-27   93.8   0.9     1   202    22   236    22   240 0.81 # 3090 # 3815 # 1 # ID=31_5;partial=00;start_type=ATG;rbs_motif=GGA/GAG/AGG;rbs_spacer=5-10bp;gc_cont=0.635
NODE_3_length_235490_cov_43.137961_106  -            221 42468at72274         -            206   3.5e-27   93.6   1.0   1   1   6.4e-29   4.3e-27   93.3   1.0     1   202     2   215     2   218 0.88 # 117814 # 118476 # -1 # ID=3_106;partial=00;start_type=ATG;rbs_motif=GGA/GAG/AGG;rbs_spacer=5-10bp;gc_cont=0.650
NODE_26_length_98166_cov_43.232468_22   -            222 42468at72274         -            206   1.3e-26   91.8   0.4   1   1   2.4e-28   1.6e-26   91.4   0.4     1   203     2   217     2   220 0.80 # 24590 # 25255 # -1 # ID=26_22;partial=00;start_type=ATG;rbs_motif=AGGAG;rbs_spacer=5-10bp;gc_cont=0.643
NODE_11_length_186925_cov_42.279989_113 -            241 42468at72274         -            206   1.2e-25   88.5   0.0   1   1   2.7e-27   1.8e-25   88.0   0.0    34   201    45   229    36   233 0.87 # 112965 # 113687 # 1 # ID=11_113;partial=00;start_type=ATG;rbs_motif=AGGA;rbs_spacer=5-10bp;gc_cont=0.588
NODE_73_length_17164_cov_43.166657_9    -            233 42468at72274         -            206   1.2e-18   65.8   0.4   1   1   2.2e-20   1.5e-18   65.4   0.4     2   110    13   132    12   171 0.89 # 7753 # 8451 # -1 # ID=73_9;partial=00;start_type=ATG;rbs_motif=AGGAG;rbs_spacer=5-10bp;gc_cont=0.641
NODE_5_length_229610_cov_41.480005_82   -            423 42468at72274         -            206     1e-17   62.7   0.3   1   1   2.5e-19   1.6e-17   62.0   0.3     2   124     8   143     7   171 0.82 # 100235 # 101503 # -1 # ID=5_82;partial=00;start_type=ATG;rbs_motif=GGA/GAG/AGG;rbs_spacer=5-10bp;gc_cont=0.600
NODE_39_length_61665_cov_40.656470_18   -            122 42468at72274         -            206   2.6e-17   61.3   0.1   1   1   4.3e-19   2.8e-17   61.2   0.1     1   109     2   118     2   121 0.85 # 20110 # 20475 # -1 # ID=39_18;partial=00;start_type=ATG;rbs_motif=GGAG/GAGG;rbs_spacer=5-10bp;gc_cont=0.607
NODE_49_length_41676_cov_39.231293_9    -           1166 42468at72274         -            206   3.3e-15   54.5   9.2   1   3   5.3e-06   0.00035   18.4   0.4     2   123   775   910   774   934 0.68 # 8596 # 12093 # -1 # ID=49_9;partial=00;start_type=ATG;rbs_motif=GGA/GAG/AGG;rbs_spacer=5-10bp;gc_cont=0.602
NODE_49_length_41676_cov_39.231293_9    -           1166 42468at72274         -            206   3.3e-15   54.5   9.2   2   3      0.46        30    2.3   0.6     1   120   896  1027   896  1037 0.80 # 8596 # 12093 # -1 # ID=49_9;partial=00;start_type=ATG;rbs_motif=GGA/GAG/AGG;rbs_spacer=5-10bp;gc_cont=0.602
NODE_49_length_41676_cov_39.231293_9    -           1166 42468at72274         -            206   3.3e-15   54.5   9.2   3   3   2.3e-12   1.5e-10   39.2   0.9     1   111  1042  1164  1042  1165 0.85 # 8596 # 12093 # -1 # ID=49_9;partial=00;start_type=ATG;rbs_motif=GGA/GAG/AGG;rbs_spacer=5-10bp;gc_cont=0.602
NODE_1_length_486209_cov_41.704357_248  -            122 42468at72274         -            206   3.6e-14   51.1   0.1   1   1   6.7e-16   4.5e-14   50.8   0.1     1   106     3   119     3   120 0.79 # 250889 # 251254 # 1 # ID=1_248;partial=00;start_type=ATG;rbs_motif=GGA/GAG/AGG;rbs_spacer=5-10bp;gc_cont=0.593
NODE_1_length_486209_cov_41.704357_305  -            704 42468at72274         -            206   1.4e-12   45.9   0.1   1   1   4.7e-14   3.1e-12   44.8   0.1    34   122    51   147    13   167 0.76 # 308221 # 310332 # 1 # ID=1_305;partial=00;start_type=ATG;rbs_motif=GGA/GAG/AGG;rbs_spacer=5-10bp;gc_cont=0.630
NODE_5_length_229610_cov_41.480005_83   -            128 42468at72274         -            206   1.7e-12   45.6   0.3   1   1   3.2e-14   2.1e-12   45.3   0.3     2   108     4   121     3   124 0.83 # 101513 # 101896 # -1 # ID=5_83;partial=00;start_type=ATG;rbs_motif=GGAGG;rbs_spacer=3-4bp;gc_cont=0.612
NODE_1_length_486209_cov_41.704357_251  -           1947 42468at72274         -            206   3.1e-12   44.8   0.5   1   1   1.3e-13   8.7e-12   43.3   0.5     2   102  1827  1938  1826  1944 0.84 # 254025 # 259865 # 1 # ID=1_251;partial=00;start_type=ATG;rbs_motif=GGAG/GAGG;rbs_spacer=5-10bp;gc_cont=0.638
NODE_1_length_486209_cov_41.704357_247  -            136 42468at72274         -            206   8.9e-12   43.3   0.0   1   1   1.7e-13   1.1e-11   42.9   0.0     2   105    10   124     9   129 0.82 # 250434 # 250841 # 1 # ID=1_247;partial=00;start_type=ATG;rbs_motif=GGA/GAG/AGG;rbs_spacer=5-10bp;gc_cont=0.529
NODE_12_length_160433_cov_40.733708_163 -            573 42468at72274         -            206   1.2e-11   42.9   0.9   1   2   5.2e-13   3.4e-11   41.3   0.7     2   111    13   135    12   163 0.82 # 158238 # 159956 # 1 # ID=12_163;partial=00;start_type=TTG;rbs_motif=None;rbs_spacer=None;gc_cont=0.635
NODE_12_length_160433_cov_40.733708_163 -            573 42468at72274         -            206   1.2e-11   42.9   0.9   2   2       8.1   5.4e+02   -1.8   0.0     6    31   484   509   482   517 0.83 # 158238 # 159956 # 1 # ID=12_163;partial=00;start_type=TTG;rbs_motif=None;rbs_spacer=None;gc_cont=0.635
NODE_6_length_212507_cov_41.251422_57   -            557 42468at72274         -            206   2.3e-11   41.9   0.5   1   1   1.1e-12     7e-11   40.3   0.3     1   108   250   368   250   386 0.77 # 55474 # 57144 # 1 # ID=6_57;partial=00;start_type=ATG;rbs_motif=AGxAG;rbs_spacer=5-10bp;gc_cont=0.626
NODE_24_length_100934_cov_40.437016_23  -            209 42468at72274         -            206   1.7e-10   39.1   0.0   1   1   3.8e-12   2.5e-10   38.5   0.0     4   107     6   119     3   128 0.74 # 24608 # 25234 # -1 # ID=24_23;partial=00;start_type=ATG;rbs_motif=GGA/GAG/AGG;rbs_spacer=5-10bp;gc_cont=0.477
NODE_33_length_69296_cov_44.754626_54   -            466 42468at72274         -            206   4.7e-10   37.6   0.2   1   1   1.4e-11   9.3e-10   36.7   0.2     2   125     5   130     4   158 0.75 # 67766 # 69163 # 1 # ID=33_54;partial=00;start_type=ATG;rbs_motif=GGAG/GAGG;rbs_spacer=5-10bp;gc_cont=0.628
NODE_77_length_14984_cov_41.926152_11   -            202 42468at72274         -            206   6.9e-10   37.1   0.1   1   1   1.4e-11   9.3e-10   36.7   0.1     2   155     8   168     7   191 0.77 # 9864 # 10469 # -1 # ID=77_11;partial=00;start_type=ATG;rbs_motif=None;rbs_spacer=None;gc_cont=0.606
NODE_4_length_234165_cov_40.976902_113  -            394 42468at72274         -            206   1.2e-09   36.3   0.9   1   1   2.5e-11   1.7e-09   35.8   0.9     2   109     8   125     7   155 0.78 # 115903 # 117084 # -1 # ID=4_113;partial=00;start_type=ATG;rbs_motif=None;rbs_spacer=None;gc_cont=0.596
NODE_12_length_160433_cov_40.733708_155 -            461 42468at72274         -            206     2e-09   35.6   0.1   1   1     5e-11   3.3e-09   34.8   0.1     1   100     4   112     4   122 0.79 # 150624 # 152006 # 1 # ID=12_155;partial=00;start_type=ATG;rbs_motif=GGAG/GAGG;rbs_spacer=5-10bp;gc_cont=0.653
NODE_22_length_101384_cov_40.935415_45  -            300 42468at72274         -            206   2.9e-09   35.0   0.0   1   1     6e-11     4e-09   34.6   0.0     2   109     6   126     5   160 0.75 # 52300 # 53199 # -1 # ID=22_45;partial=00;start_type=ATG;rbs_motif=AGGA;rbs_spacer=5-10bp;gc_cont=0.611
NODE_73_length_17164_cov_43.166657_10   -           1129 42468at72274         -            206   5.4e-09   34.2   0.1   1   1   1.3e-10   8.8e-09   33.5   0.1     1   106   922  1037   922  1071 0.85 # 8426 # 11812 # -1 # ID=73_10;partial=00;start_type=GTG;rbs_motif=GGAG/GAGG;rbs_spacer=5-10bp;gc_cont=0.634
NODE_21_length_103625_cov_43.206963_90  -            634 42468at72274         -            206   6.6e-09   33.9   0.0   1   1   1.9e-10   1.3e-08   33.0   0.0     2    95   517   621   516   631 0.86 # 96531 # 98432 # -1 # ID=21_90;partial=00;start_type=ATG;rbs_motif=AGGAG;rbs_spacer=5-10bp;gc_cont=0.613
NODE_72_length_17253_cov_41.438177_4    -            125 42468at72274         -            206   7.6e-09   33.7   0.1   1   1   1.3e-10   8.5e-09   33.5   0.1     1   108     2   121     2   124 0.85 # 3613 # 3987 # -1 # ID=72_4;partial=00;start_type=ATG;rbs_motif=GGA/GAG/AGG;rbs_spacer=5-10bp;gc_cont=0.541
NODE_10_length_199183_cov_41.836345_72  -            479 42468at72274         -            206   7.7e-09   33.7   0.0   1   1     2e-10   1.3e-08   32.9   0.0     2   100     7   114     6   130 0.78 # 83570 # 85006 # 1 # ID=10_72;partial=00;start_type=ATG;rbs_motif=AGGAG;rbs_spacer=5-10bp;gc_cont=0.634
NODE_10_length_199183_cov_41.836345_120 -            462 42468at72274         -            206   1.1e-08   33.1   0.6   1   1   2.6e-10   1.7e-08   32.5   0.6     1   110     8   126     8   158 0.78 # 130481 # 131866 # 1 # ID=10_120;partial=00;start_type=ATG;rbs_motif=GGAG/GAGG;rbs_spacer=5-10bp;gc_cont=0.640
NODE_15_length_139124_cov_51.392869_23  -            479 42468at72274         -            206   1.6e-08   32.6   0.0   1   1     4e-10   2.7e-08   31.9   0.0     1   109     3   116     3   122 0.80 # 22752 # 24188 # 1 # ID=15_23;partial=00;start_type=ATG;rbs_motif=GGA/GAG/AGG;rbs_spacer=5-10bp;gc_cont=0.608
NODE_50_length_38781_cov_44.722343_9    -            211 42468at72274         -            206   3.3e-08   31.6   0.1   1   1     6e-10   3.9e-08   31.3   0.1     1   107     3   121     3   167 0.76 # 10008 # 10640 # -1 # ID=50_9;partial=00;start_type=ATG;rbs_motif=GGA/GAG/AGG;rbs_spacer=5-10bp;gc_cont=0.575
NODE_61_length_31196_cov_41.964204_5    -            764 42468at72274         -            206   6.7e-08   30.6   1.4   1   1   2.7e-09   1.8e-07   29.2   1.4     1    92   641   743   641   758 0.80 # 4283 # 6574 # 1 # ID=61_5;partial=00;start_type=ATG;rbs_motif=GGAG/GAGG;rbs_spacer=5-10bp;gc_cont=0.638
NODE_61_length_31196_cov_41.964204_7    -            334 42468at72274         -            206   1.2e-07   29.7   0.3   1   1     3e-09     2e-07   29.1   0.3     3   113    19   141    17   177 0.74 # 7633 # 8634 # 1 # ID=61_7;partial=00;start_type=ATG;rbs_motif=GGA/GAG/AGG;rbs_spacer=5-10bp;gc_cont=0.619
NODE_6_length_212507_cov_41.251422_40   -            263 42468at72274         -            206   1.2e-07   29.7   0.8   1   1   2.6e-09   1.7e-07   29.3   0.8     1   119     9   143     9   160 0.69 # 38266 # 39054 # -1 # ID=6_40;partial=00;start_type=GTG;rbs_motif=GGAG/GAGG;rbs_spacer=5-10bp;gc_cont=0.574
NODE_27_length_96933_cov_42.098350_63   -            444 42468at72274         -            206   1.7e-07   29.3   0.1   1   1   4.1e-09   2.7e-07   28.6   0.1     2   119     5   131     4   148 0.81 # 71278 # 72609 # 1 # ID=27_63;partial=00;start_type=ATG;rbs_motif=AGGA/GGAG/GAGG;rbs_spacer=11-12bp;gc_cont=0.642
NODE_39_length_61665_cov_40.656470_29   -            403 42468at72274         -            206   5.1e-07   27.7   0.1   1   1   1.3e-08   8.6e-07   27.0   0.1     1   109    11   132    11   141 0.79 # 30954 # 32162 # -1 # ID=39_29;partial=00;start_type=ATG;rbs_motif=GGAG/GAGG;rbs_spacer=5-10bp;gc_cont=0.647
NODE_6_length_212507_cov_41.251422_68   -            925 42468at72274         -            206   5.7e-07   27.5   0.5   1   2   0.00033     0.022   12.6   0.1     1   102   643   761   643   780 0.75 # 68946 # 71720 # 1 # ID=6_68;partial=00;start_type=GTG;rbs_motif=GGA/GAG/AGG;rbs_spacer=5-10bp;gc_cont=0.624
NODE_6_length_212507_cov_41.251422_68   -            925 42468at72274         -            206   5.7e-07   27.5   0.5   2   2   0.00033     0.022   12.6   0.0     1    98   793   904   793   922 0.75 # 68946 # 71720 # 1 # ID=6_68;partial=00;start_type=GTG;rbs_motif=GGA/GAG/AGG;rbs_spacer=5-10bp;gc_cont=0.624
NODE_1_length_486209_cov_41.704357_65   -            249 42468at72274         -            206   7.3e-07   27.2   0.0   1   1   1.5e-08     1e-06   26.7   0.0     2   106     3   117     2   131 0.70 # 64074 # 64820 # 1 # ID=1_65;partial=00;start_type=ATG;rbs_motif=AGGA/GGAG/GAGG;rbs_spacer=11-12bp;gc_cont=0.612
NODE_12_length_160433_cov_40.733708_39  -            918 42468at72274         -            206   7.4e-07   27.2   0.4   1   2         3     2e+02   -0.3   0.0   140   186   405   449   399   459 0.73 # 35436 # 38189 # -1 # ID=12_39;partial=00;start_type=GTG;rbs_motif=AGGAG;rbs_spacer=5-10bp;gc_cont=0.634
NODE_12_length_160433_cov_40.733708_39  -            918 42468at72274         -            206   7.4e-07   27.2   0.4   2   2   7.9e-08   5.2e-06   24.4   0.1     1    98   668   779   668   792 0.82 # 35436 # 38189 # -1 # ID=12_39;partial=00;start_type=GTG;rbs_motif=AGGAG;rbs_spacer=5-10bp;gc_cont=0.634
NODE_11_length_186925_cov_42.279989_29  -            449 42468at72274         -            206   9.2e-07   26.9   0.4   1   1   2.7e-08   1.8e-06   26.0   0.4     1   107    10   126    10   142 0.77 # 28670 # 30016 # 1 # ID=11_29;partial=00;start_type=ATG;rbs_motif=GGAG/GAGG;rbs_spacer=5-10bp;gc_cont=0.613
NODE_46_length_48528_cov_42.307659_26   -            274 42468at72274         -            206   1.4e-06   26.3   0.0   1   1   5.1e-08   3.4e-06   25.0   0.0     2    95    30   137    29   148 0.81 # 27566 # 28387 # 1 # ID=46_26;partial=00;start_type=ATG;rbs_motif=GGAG/GAGG;rbs_spacer=5-10bp;gc_cont=0.613
NODE_50_length_38781_cov_44.722343_34   -            447 42468at72274         -            206   1.8e-06   25.9   0.2   1   1     6e-08     4e-06   24.8   0.1     2   104    11   122    10   145 0.78 # 36950 # 38290 # 1 # ID=50_34;partial=00;start_type=ATG;rbs_motif=GGA/GAG/AGG;rbs_spacer=5-10bp;gc_cont=0.623
NODE_1_length_486209_cov_41.704357_433  -            210 42468at72274         -            206   3.2e-06   25.1   0.3   1   1   6.3e-08   4.1e-06   24.7   0.3    37   105    45   118     3   138 0.72 # 458900 # 459529 # 1 # ID=1_433;partial=00;start_type=GTG;rbs_motif=GGAG/GAGG;rbs_spacer=5-10bp;gc_cont=0.622
NODE_24_length_100934_cov_40.437016_19  -            775 42468at72274         -            206   4.7e-06   24.6   0.0   1   1   1.5e-07     1e-05   23.5   0.0     1   100   652   762   652   768 0.83 # 17075 # 19399 # -1 # ID=24_19;partial=00;start_type=GTG;rbs_motif=AGGA;rbs_spacer=5-10bp;gc_cont=0.615
NODE_8_length_205641_cov_42.305415_156  -            187 42468at72274         -            206   4.9e-06   24.5   0.1   1   1   8.8e-08   5.8e-06   24.3   0.1     2   103    15   125    14   159 0.78 # 166824 # 167384 # -1 # ID=8_156;partial=00;start_type=ATG;rbs_motif=AGGAG;rbs_spacer=5-10bp;gc_cont=0.654
NODE_20_length_107054_cov_42.359052_20  -            931 42468at72274         -            206     5e-06   24.5   0.0   1   1   1.5e-07   9.7e-06   23.5   0.0   109   205     5   104     2   105 0.86 # 22935 # 25727 # 1 # ID=20_20;partial=00;start_type=ATG;rbs_motif=GGA/GAG/AGG;rbs_spacer=5-10bp;gc_cont=0.663
NODE_35_length_67241_cov_41.200727_17   -           1063 42468at72274         -            206   1.3e-05   23.1   0.1   1   1   3.5e-07   2.3e-05   22.3   0.1     1   106   843   957   843   984 0.88 # 19701 # 22889 # -1 # ID=35_17;partial=00;start_type=ATG;rbs_motif=GGA/GAG/AGG;rbs_spacer=5-10bp;gc_cont=0.627
NODE_1_length_486209_cov_41.704357_371  -            179 42468at72274         -            206   1.7e-05   22.7   0.6   1   1   3.3e-07   2.2e-05   22.4   0.6     1   100    28   137    28   145 0.82 # 385528 # 386064 # 1 # ID=1_371;partial=00;start_type=ATG;rbs_motif=GGA/GAG/AGG;rbs_spacer=5-10bp;gc_cont=0.570
NODE_72_length_17253_cov_41.438177_1    -            174 42468at72274         -            206   1.8e-05   22.6   0.0   1   1   3.1e-07     2e-05   22.5   0.0     1    92     4   107     4   138 0.78 # 1 # 522 # -1 # ID=72_1;partial=10;start_type=ATG;rbs_motif=GGAG/GAGG;rbs_spacer=5-10bp;gc_cont=0.630
NODE_31_length_78580_cov_41.529813_9    -            121 42468at72274         -            206   2.2e-05   22.4   0.1   1   1   3.8e-07   2.5e-05   22.2   0.1     2    63     4    69     3   117 0.86 # 6426 # 6788 # -1 # ID=31_9;partial=00;start_type=ATG;rbs_motif=3Base/5BMM;rbs_spacer=13-15bp;gc_cont=0.477
NODE_48_length_46070_cov_44.410892_24   -            846 42468at72274         -            206   2.4e-05   22.3   0.5   1   2       1.4        92    0.7   0.0    91   110   542   561   537   597 0.82 # 28098 # 30635 # 1 # ID=48_24;partial=00;start_type=ATG;rbs_motif=GGA/GAG/AGG;rbs_spacer=5-10bp;gc_cont=0.638
NODE_48_length_46070_cov_44.410892_24   -            846 42468at72274         -            206   2.4e-05   22.3   0.5   2   2   3.2e-06   0.00021   19.1   0.2     2   106   727   841   726   845 0.78 # 28098 # 30635 # 1 # ID=48_24;partial=00;start_type=ATG;rbs_motif=GGA/GAG/AGG;rbs_spacer=5-10bp;gc_cont=0.638
NODE_2_length_236949_cov_43.085704_17   -            221 42468at72274         -            206   2.4e-05   22.2   0.1   1   1   4.4e-07   2.9e-05   22.0   0.1     3   107    17   131    15   195 0.76 # 22232 # 22894 # -1 # ID=2_17;partial=00;start_type=ATG;rbs_motif=GGA/GAG/AGG;rbs_spacer=5-10bp;gc_cont=0.570
NODE_49_length_41676_cov_39.231293_6    -            402 42468at72274         -            206   3.9e-05   21.6   0.3   1   1   1.3e-06   8.6e-05   20.4   0.3    28   136    38   159     8   202 0.69 # 5985 # 7190 # -1 # ID=49_6;partial=00;start_type=ATG;rbs_motif=GGA/GAG/AGG;rbs_spacer=5-10bp;gc_cont=0.606
NODE_5_length_229610_cov_41.480005_97   -            209 42468at72274         -            206     5e-05   21.2   0.1   1   1   9.1e-07     6e-05   20.9   0.1    18   105    20   117     3   159 0.71 # 117992 # 118618 # 1 # ID=5_97;partial=00;start_type=ATG;rbs_motif=AGGAGG;rbs_spacer=3-4bp;gc_cont=0.558
NODE_49_length_41676_cov_39.231293_4    -            557 42468at72274         -            206   5.8e-05   21.0   0.1   1   2       1.5     1e+02    0.6   0.0    84   127   107   150    84   160 0.72 # 3840 # 5510 # 1 # ID=49_4;partial=00;start_type=ATG;rbs_motif=AGGA;rbs_spacer=5-10bp;gc_cont=0.607
NODE_49_length_41676_cov_39.231293_4    -            557 42468at72274         -            206   5.8e-05   21.0   0.1   2   2   9.8e-06   0.00065   17.6   0.1     2   106   440   554   439   556 0.74 # 3840 # 5510 # 1 # ID=49_4;partial=00;start_type=ATG;rbs_motif=AGGA;rbs_spacer=5-10bp;gc_cont=0.607
NODE_4_length_234165_cov_40.976902_209  -            192 42468at72274         -            206     8e-05   20.5   1.2   1   1   1.3e-06   8.8e-05   20.4   1.2     1   111     3   122     3   180 0.78 # 233473 # 234048 # 1 # ID=4_209;partial=00;start_type=ATG;rbs_motif=AGGAG;rbs_spacer=5-10bp;gc_cont=0.595
NODE_25_length_98842_cov_43.182632_76   -            121 42468at72274         -            206   0.00016   19.6   0.2   1   1   2.8e-06   0.00019   19.3   0.2     2    63     4    69     3   119 0.75 # 77284 # 77646 # 1 # ID=25_76;partial=00;start_type=ATG;rbs_motif=None;rbs_spacer=None;gc_cont=0.556
NODE_49_length_41676_cov_39.231293_5    -            126 42468at72274         -            206   0.00024   19.0   0.1   1   1   4.5e-06    0.0003   18.7   0.1     2    57     9    70     8    84 0.81 # 5541 # 5918 # -1 # ID=49_5;partial=00;start_type=ATG;rbs_motif=GGA/GAG/AGG;rbs_spacer=5-10bp;gc_cont=0.563
NODE_37_length_65273_cov_43.198380_40   -            217 42468at72274         -            206   0.00051   17.9   0.0   1   1   9.4e-06   0.00062   17.6   0.0    32   125    43   144    10   174 0.73 # 29038 # 29688 # 1 # ID=37_40;partial=00;start_type=ATG;rbs_motif=AGGA/GGAG/GAGG;rbs_spacer=11-12bp;gc_cont=0.604
NODE_2_length_236949_cov_43.085704_6    -            570 42468at72274         -            206     0.001   17.0   0.1   1   1   2.5e-05    0.0017   16.2   0.1     2   107   449   565   448   568 0.71 # 5930 # 7639 # -1 # ID=2_6;partial=00;start_type=ATG;rbs_motif=GGA/GAG/AGG;rbs_spacer=5-10bp;gc_cont=0.630
NODE_26_length_98166_cov_43.232468_81   -            220 42468at72274         -            206    0.0012   16.8   0.1   1   1   2.4e-05    0.0016   16.3   0.1    29   112    35   125     4   145 0.71 # 80466 # 81125 # -1 # ID=26_81;partial=00;start_type=GTG;rbs_motif=GGA/GAG/AGG;rbs_spacer=5-10bp;gc_cont=0.615
NODE_6_length_212507_cov_41.251422_30   -            136 42468at72274         -            206    0.0022   15.8   0.2   1   1   3.9e-05    0.0026   15.6   0.2     1    92    10   113    10   128 0.60 # 29841 # 30248 # -1 # ID=6_30;partial=00;start_type=ATG;rbs_motif=GGA/GAG/AGG;rbs_spacer=5-10bp;gc_cont=0.569
NODE_32_length_70754_cov_42.115706_4    -            222 42468at72274         -            206    0.0023   15.8   0.1   1   1   5.7e-05    0.0038   15.1   0.1     2    99     4   112     3   123 0.65 # 4422 # 5087 # 1 # ID=32_4;partial=00;start_type=ATG;rbs_motif=GGA/GAG/AGG;rbs_spacer=5-10bp;gc_cont=0.598
NODE_49_length_41676_cov_39.231293_10   -            120 42468at72274         -            206    0.0042   14.9   0.2   1   1   6.4e-05    0.0042   14.9   0.2     2    63     8    75     7   118 0.72 # 12350 # 12709 # 1 # ID=49_10;partial=00;start_type=ATG;rbs_motif=GGA/GAG/AGG;rbs_spacer=5-10bp;gc_cont=0.564
NODE_35_length_67241_cov_41.200727_19   -            937 42468at72274         -            206    0.0044   14.9   0.0   1   1   0.00013    0.0083   13.9   0.0     2    99   816   922   815   933 0.80 # 24154 # 26964 # -1 # ID=35_19;partial=00;start_type=ATG;rbs_motif=None;rbs_spacer=None;gc_cont=0.603
NODE_61_length_31196_cov_41.964204_6    -            337 42468at72274         -            206    0.0053   14.6   0.2   1   1   0.00015    0.0097   13.7   0.2    31    92    38   105     2   109 0.71 # 6571 # 7581 # 1 # ID=61_6;partial=00;start_type=ATG;rbs_motif=GGAGG;rbs_spacer=5-10bp;gc_cont=0.642
NODE_52_length_38090_cov_40.641168_4    -            806 42468at72274         -            206    0.0058   14.5   0.1   1   1   0.00017     0.011   13.5   0.1     1    93   570   676   570   686 0.77 # 5391 # 7808 # 1 # ID=52_4;partial=00;start_type=ATG;rbs_motif=GGA/GAG/AGG;rbs_spacer=5-10bp;gc_cont=0.588
NODE_5_length_229610_cov_41.480005_98   -           1198 42468at72274         -            206    0.0061   14.4   0.0   1   1   0.00021     0.014   13.2   0.0     2   105   956  1073   955  1077 0.76 # 118619 # 122212 # 1 # ID=5_98;partial=00;start_type=ATG;rbs_motif=None;rbs_spacer=None;gc_cont=0.617
NODE_52_length_38090_cov_40.641168_8    -            195 42468at72274         -            206    0.0061   14.4   0.1   1   1   0.00014    0.0089   13.8   0.1    22    93     7    87     4   107 0.72 # 10984 # 11568 # -1 # ID=52_8;partial=00;start_type=ATG;rbs_motif=GGA/GAG/AGG;rbs_spacer=5-10bp;gc_cont=0.578
NODE_17_length_120379_cov_43.067778_27  -            242 42468at72274         -            206     0.014   13.2   0.1   1   1    0.0003      0.02   12.7   0.1   129   204   152   225   138   227 0.86 # 26249 # 26974 # -1 # ID=17_27;partial=00;start_type=ATG;rbs_motif=None;rbs_spacer=None;gc_cont=0.511
NODE_35_length_67241_cov_41.200727_18   -            399 42468at72274         -            206     0.026   12.3   0.1   1   1   0.00061      0.04   11.7   0.1     2    61     6    70     5   128 0.73 # 22971 # 24167 # -1 # ID=35_18;partial=00;start_type=ATG;rbs_motif=GGA/GAG/AGG;rbs_spacer=5-10bp;gc_cont=0.602
#
# Program:         hmmsearch
# Version:         3.1b2 (February 2015)
# Pipeline mode:   SEARCH
# Query file:      /data2/PEG/hoaxaca/REAA/Pseudomonas/bin/busco_downloads/lineages/pseudomonadales_odb10/hmms/42468at72274.hmm
# Target file:     /data2/PEG/hoaxaca/REAA/Pseudomonas/bin/../out/busco/trim_75.spades_kmer/prodigal_output/predicted_genes/predicted.faa
# Option settings: hmmsearch --domtblout /data2/PEG/hoaxaca/REAA/Pseudomonas/bin/../out/busco/trim_75.spades_kmer/run_pseudomonadales_odb10/hmmer_output/42468at72274.out --cpu 1 /data2/PEG/hoaxaca/REAA/Pseudomonas/bin/busco_downloads/lineages/pseudomonadales_odb10/hmms/42468at72274.hmm /data2/PEG/hoaxaca/REAA/Pseudomonas/bin/../out/busco/trim_75.spades_kmer/prodigal_output/predicted_genes/predicted.faa 
# Current dir:     /data2/PEG/hoaxaca/REAA/Pseudomonas/bin
# Date:            Mon Feb 20 00:36:53 2023
# [ok]
