#                                                                                               --- full sequence --- -------------- this domain -------------   hmm coord   ali coord   env coord
# target name                           accession   tlen query name           accession   qlen   E-value  score  bias   #  of  c-Evalue  i-Evalue  score  bias  from    to  from    to  from    to  acc description of target
#                   ------------------- ---------- ----- -------------------- ---------- ----- --------- ------ ----- --- --- --------- --------- ------ ----- ----- ----- ----- ----- ----- ----- ---- ---------------------
NODE_4_length_234165_cov_40.976902_78   -            224 42886at72274         -            200   1.8e-91  303.7   0.0   1   1   4.2e-94   2.1e-91  303.5   0.0     1   199     1   219     1   220 0.92 # 81072 # 81743 # 1 # ID=4_78;partial=00;start_type=GTG;rbs_motif=AGGAG;rbs_spacer=5-10bp;gc_cont=0.629
NODE_1_length_486209_cov_41.704357_440  -            273 42886at72274         -            200     5e-26   90.0   0.0   1   1   1.9e-28   9.2e-26   89.2   0.0     4   175    14   206    11   224 0.81 # 466221 # 467039 # 1 # ID=1_440;partial=00;start_type=ATG;rbs_motif=None;rbs_spacer=None;gc_cont=0.611
NODE_28_length_96887_cov_40.525679_83   -            196 42886at72274         -            200   3.8e-14   51.3   0.2   1   1   5.1e-16   2.5e-13   48.6   0.2     4   183     7   186     4   193 0.79 # 85987 # 86574 # 1 # ID=28_83;partial=00;start_type=ATG;rbs_motif=AGGA;rbs_spacer=5-10bp;gc_cont=0.626
NODE_12_length_160433_cov_40.733708_55  -            221 42886at72274         -            200   1.1e-13   49.7   0.0   1   1   3.4e-16   1.7e-13   49.2   0.0     5   199     8   219     5   220 0.82 # 54732 # 55394 # 1 # ID=12_55;partial=00;start_type=GTG;rbs_motif=GGAG/GAGG;rbs_spacer=5-10bp;gc_cont=0.609
NODE_11_length_186925_cov_42.279989_71  -            218 42886at72274         -            200   2.7e-13   48.5   0.0   1   2   6.5e-05     0.032   12.3   0.0     2    28     2    28     1    38 0.81 # 73126 # 73779 # 1 # ID=11_71;partial=00;start_type=ATG;rbs_motif=AGGA;rbs_spacer=5-10bp;gc_cont=0.601
NODE_11_length_186925_cov_42.279989_71  -            218 42886at72274         -            200   2.7e-13   48.5   0.0   2   2   1.2e-11   5.6e-09   34.4   0.0    59   179    72   195    54   215 0.79 # 73126 # 73779 # 1 # ID=11_71;partial=00;start_type=ATG;rbs_motif=AGGA;rbs_spacer=5-10bp;gc_cont=0.601
NODE_26_length_98166_cov_43.232468_38   -            225 42886at72274         -            200   1.2e-12   46.4   0.1   1   1   4.9e-15   2.4e-12   45.4   0.1     2   170    12   188    11   199 0.76 # 38141 # 38815 # 1 # ID=26_38;partial=00;start_type=GTG;rbs_motif=GGAG/GAGG;rbs_spacer=5-10bp;gc_cont=0.639
NODE_7_length_206173_cov_41.988700_196  -            233 42886at72274         -            200     2e-11   42.4   0.0   1   2   0.00097      0.47    8.5   0.0     3    37     3    37     1    48 0.88 # 201206 # 201904 # 1 # ID=7_196;partial=00;start_type=GTG;rbs_motif=GGAG/GAGG;rbs_spacer=5-10bp;gc_cont=0.598
NODE_7_length_206173_cov_41.988700_196  -            233 42886at72274         -            200     2e-11   42.4   0.0   2   2   5.3e-11   2.6e-08   32.2   0.0    55   168    85   201    60   231 0.84 # 201206 # 201904 # 1 # ID=7_196;partial=00;start_type=GTG;rbs_motif=GGAG/GAGG;rbs_spacer=5-10bp;gc_cont=0.598
NODE_12_length_160433_cov_40.733708_125 -            229 42886at72274         -            200   5.1e-11   41.0   0.2   1   1   1.1e-12   5.3e-10   37.7   0.2     3   192    10   217     8   221 0.76 # 118148 # 118834 # 1 # ID=12_125;partial=00;start_type=ATG;rbs_motif=GGA/GAG/AGG;rbs_spacer=5-10bp;gc_cont=0.607
NODE_1_length_486209_cov_41.704357_51   -            232 42886at72274         -            200     5e-07   28.0   0.0   1   2     0.016       7.6    4.6   0.0     2    29     2    29     1    39 0.84 # 51620 # 52315 # -1 # ID=1_51;partial=00;start_type=ATG;rbs_motif=GGA/GAG/AGG;rbs_spacer=5-10bp;gc_cont=0.628
NODE_1_length_486209_cov_41.704357_51   -            232 42886at72274         -            200     5e-07   28.0   0.0   2   2   8.5e-08   4.2e-05   21.7   0.0    70   183   104   210    47   230 0.82 # 51620 # 52315 # -1 # ID=1_51;partial=00;start_type=ATG;rbs_motif=GGA/GAG/AGG;rbs_spacer=5-10bp;gc_cont=0.628
NODE_11_length_186925_cov_42.279989_108 -            179 42886at72274         -            200    0.0036   15.4   0.0   1   1     1e-05    0.0049   15.0   0.0   123   172    98   148    73   164 0.80 # 107398 # 107934 # 1 # ID=11_108;partial=00;start_type=ATG;rbs_motif=None;rbs_spacer=None;gc_cont=0.577
NODE_10_length_199183_cov_41.836345_124 -            221 42886at72274         -            200    0.0046   15.1   0.0   1   2    0.0003      0.15   10.1   0.0     3    20     9    26     7    77 0.81 # 133963 # 134625 # 1 # ID=10_124;partial=00;start_type=ATG;rbs_motif=GGA/GAG/AGG;rbs_spacer=5-10bp;gc_cont=0.599
NODE_10_length_199183_cov_41.836345_124 -            221 42886at72274         -            200    0.0046   15.1   0.0   2   2     0.047        23    3.0   0.0    92   164   113   186    87   192 0.75 # 133963 # 134625 # 1 # ID=10_124;partial=00;start_type=ATG;rbs_motif=GGA/GAG/AGG;rbs_spacer=5-10bp;gc_cont=0.599
NODE_3_length_235490_cov_43.137961_117  -            276 42886at72274         -            200    0.0047   15.0   0.0   1   2      0.56   2.7e+02   -0.5   0.0     2    16     8    22     7    31 0.89 # 128232 # 129059 # 1 # ID=3_117;partial=00;start_type=ATG;rbs_motif=GGAG/GAGG;rbs_spacer=5-10bp;gc_cont=0.620
NODE_3_length_235490_cov_43.137961_117  -            276 42886at72274         -            200    0.0047   15.0   0.0   2   2   4.5e-05     0.022   12.8   0.0    64   170    98   208    65   213 0.76 # 128232 # 129059 # 1 # ID=3_117;partial=00;start_type=ATG;rbs_motif=GGAG/GAGG;rbs_spacer=5-10bp;gc_cont=0.620
NODE_4_length_234165_cov_40.976902_95   -            208 42886at72274         -            200     0.054   11.6   0.1   1   3     0.017       8.2    4.5   0.0     1    20     1    20     1    42 0.81 # 99167 # 99790 # -1 # ID=4_95;partial=00;start_type=ATG;rbs_motif=GGAGG;rbs_spacer=5-10bp;gc_cont=0.617
NODE_4_length_234165_cov_40.976902_95   -            208 42886at72274         -            200     0.054   11.6   0.1   2   3      0.82     4e+02   -1.1   0.0    56    71    29    44    22    63 0.82 # 99167 # 99790 # -1 # ID=4_95;partial=00;start_type=ATG;rbs_motif=GGAGG;rbs_spacer=5-10bp;gc_cont=0.617
NODE_4_length_234165_cov_40.976902_95   -            208 42886at72274         -            200     0.054   11.6   0.1   3   3      0.02       9.5    4.2   0.0   118   164   133   185   122   193 0.78 # 99167 # 99790 # -1 # ID=4_95;partial=00;start_type=ATG;rbs_motif=GGAGG;rbs_spacer=5-10bp;gc_cont=0.617
#
# Program:         hmmsearch
# Version:         3.1b2 (February 2015)
# Pipeline mode:   SEARCH
# Query file:      /data2/PEG/hoaxaca/REAA/Pseudomonas/bin/busco_downloads/lineages/pseudomonadales_odb10/hmms/42886at72274.hmm
# Target file:     /data2/PEG/hoaxaca/REAA/Pseudomonas/bin/../out/busco/trim_75.spades_kmer/prodigal_output/predicted_genes/predicted.faa
# Option settings: hmmsearch --domtblout /data2/PEG/hoaxaca/REAA/Pseudomonas/bin/../out/busco/trim_75.spades_kmer/run_pseudomonadales_odb10/hmmer_output/42886at72274.out --cpu 1 /data2/PEG/hoaxaca/REAA/Pseudomonas/bin/busco_downloads/lineages/pseudomonadales_odb10/hmms/42886at72274.hmm /data2/PEG/hoaxaca/REAA/Pseudomonas/bin/../out/busco/trim_75.spades_kmer/prodigal_output/predicted_genes/predicted.faa 
# Current dir:     /data2/PEG/hoaxaca/REAA/Pseudomonas/bin
# Date:            Mon Feb 20 00:36:53 2023
# [ok]
