#                                                                                              --- full sequence --- -------------- this domain -------------   hmm coord   ali coord   env coord
# target name                          accession   tlen query name           accession   qlen   E-value  score  bias   #  of  c-Evalue  i-Evalue  score  bias  from    to  from    to  from    to  acc description of target
#                  ------------------- ---------- ----- -------------------- ---------- ----- --------- ------ ----- --- --- --------- --------- ------ ----- ----- ----- ----- ----- ----- ----- ---- ---------------------
NODE_8_length_205641_cov_42.305415_142 -            206 43900at72274         -            173   1.5e-77  257.8   0.0   1   1   3.5e-80   1.9e-77  257.6   0.0     2   173     6   198     5   198 0.91 # 152708 # 153325 # -1 # ID=8_142;partial=00;start_type=ATG;rbs_motif=AGGAG;rbs_spacer=5-10bp;gc_cont=0.579
NODE_17_length_120379_cov_43.067778_64 -            211 43900at72274         -            173   1.5e-11   43.0   0.0   1   1   1.3e-13   6.8e-11   40.9   0.0    16   170    26   201     6   204 0.75 # 63066 # 63698 # 1 # ID=17_64;partial=00;start_type=GTG;rbs_motif=AGGAG;rbs_spacer=5-10bp;gc_cont=0.632
NODE_3_length_235490_cov_43.137961_202 -            212 43900at72274         -            173   3.2e-08   32.1   0.0   1   1   6.1e-10   3.2e-07   28.9   0.0     8   149    11   182     2   202 0.76 # 223726 # 224361 # -1 # ID=3_202;partial=00;start_type=ATG;rbs_motif=GGAG/GAGG;rbs_spacer=5-10bp;gc_cont=0.618
NODE_55_length_36205_cov_42.040410_3   -            208 43900at72274         -            173   5.9e-08   31.3   0.0   1   1   3.1e-09   1.6e-06   26.6   0.0    31   172    45   202    38   203 0.77 # 2011 # 2634 # -1 # ID=55_3;partial=00;start_type=ATG;rbs_motif=None;rbs_spacer=None;gc_cont=0.599
NODE_13_length_147962_cov_41.421937_90 -            211 43900at72274         -            173   1.6e-06   26.6   0.0   1   1   1.9e-08     1e-05   24.0   0.0    30    79    47   100    40   205 0.72 # 90240 # 90872 # -1 # ID=13_90;partial=00;start_type=ATG;rbs_motif=AGGA;rbs_spacer=5-10bp;gc_cont=0.610
NODE_1_length_486209_cov_41.704357_63  -            220 43900at72274         -            173   0.00023   19.6   0.0   1   1   6.9e-07   0.00037   18.9   0.0    10    83    14    97     5   159 0.80 # 61345 # 62004 # 1 # ID=1_63;partial=00;start_type=ATG;rbs_motif=GGAGG;rbs_spacer=5-10bp;gc_cont=0.600
NODE_88_length_8187_cov_41.272066_4    -            207 43900at72274         -            173    0.0012   17.3   0.0   1   1   8.3e-06    0.0044   15.4   0.0     8    67    12    82     6   100 0.72 # 3126 # 3746 # 1 # ID=88_4;partial=00;start_type=ATG;rbs_motif=GGAG/GAGG;rbs_spacer=5-10bp;gc_cont=0.636
NODE_35_length_67241_cov_41.200727_5   -            278 43900at72274         -            173    0.0017   16.8   0.0   1   2   1.5e-05     0.008   14.6   0.0    32    75    92   141    86   151 0.86 # 6726 # 7559 # 1 # ID=35_5;partial=00;start_type=ATG;rbs_motif=AGGAG;rbs_spacer=5-10bp;gc_cont=0.627
NODE_35_length_67241_cov_41.200727_5   -            278 43900at72274         -            173    0.0017   16.8   0.0   2   2      0.65   3.4e+02   -0.5   0.0   114   168   191   250   173   253 0.68 # 6726 # 7559 # 1 # ID=35_5;partial=00;start_type=ATG;rbs_motif=AGGAG;rbs_spacer=5-10bp;gc_cont=0.627
NODE_24_length_100934_cov_40.437016_65 -            201 43900at72274         -            173    0.0031   15.9   0.0   1   1   4.9e-05     0.026   12.9   0.0    30   134    44   163    10   178 0.66 # 67542 # 68144 # 1 # ID=24_65;partial=00;start_type=ATG;rbs_motif=GGAG/GAGG;rbs_spacer=5-10bp;gc_cont=0.577
NODE_13_length_147962_cov_41.421937_84 -            201 43900at72274         -            173    0.0036   15.7   0.1   1   1   2.8e-05     0.015   13.7   0.1   101   172   126   195    13   196 0.69 # 84228 # 84830 # -1 # ID=13_84;partial=00;start_type=ATG;rbs_motif=GGAG/GAGG;rbs_spacer=5-10bp;gc_cont=0.602
NODE_2_length_236949_cov_43.085704_78  -            198 43900at72274         -            173    0.0085   14.5   0.1   1   1   3.5e-05     0.019   13.4   0.1    12   146    18   167     9   195 0.66 # 81011 # 81604 # 1 # ID=2_78;partial=00;start_type=GTG;rbs_motif=GGAGG;rbs_spacer=3-4bp;gc_cont=0.596
NODE_2_length_236949_cov_43.085704_58  -            233 43900at72274         -            173      0.03   12.7   0.0   1   2   0.00013     0.069   11.5   0.0    26    77    58   117    33   136 0.84 # 60164 # 60862 # -1 # ID=2_58;partial=00;start_type=ATG;rbs_motif=AGGAG;rbs_spacer=5-10bp;gc_cont=0.621
NODE_2_length_236949_cov_43.085704_58  -            233 43900at72274         -            173      0.03   12.7   0.0   2   2       2.8   1.5e+03   -2.6   0.0   119   135   172   188   157   193 0.79 # 60164 # 60862 # -1 # ID=2_58;partial=00;start_type=ATG;rbs_motif=AGGAG;rbs_spacer=5-10bp;gc_cont=0.621
#
# Program:         hmmsearch
# Version:         3.1b2 (February 2015)
# Pipeline mode:   SEARCH
# Query file:      /data2/PEG/hoaxaca/REAA/Pseudomonas/bin/busco_downloads/lineages/pseudomonadales_odb10/hmms/43900at72274.hmm
# Target file:     /data2/PEG/hoaxaca/REAA/Pseudomonas/bin/../out/busco/trim_75.spades_kmer/prodigal_output/predicted_genes/predicted.faa
# Option settings: hmmsearch --domtblout /data2/PEG/hoaxaca/REAA/Pseudomonas/bin/../out/busco/trim_75.spades_kmer/run_pseudomonadales_odb10/hmmer_output/43900at72274.out --cpu 1 /data2/PEG/hoaxaca/REAA/Pseudomonas/bin/busco_downloads/lineages/pseudomonadales_odb10/hmms/43900at72274.hmm /data2/PEG/hoaxaca/REAA/Pseudomonas/bin/../out/busco/trim_75.spades_kmer/prodigal_output/predicted_genes/predicted.faa 
# Current dir:     /data2/PEG/hoaxaca/REAA/Pseudomonas/bin
# Date:            Mon Feb 20 00:36:54 2023
# [ok]
