#                                                                                               --- full sequence --- -------------- this domain -------------   hmm coord   ali coord   env coord
# target name                           accession   tlen query name           accession   qlen   E-value  score  bias   #  of  c-Evalue  i-Evalue  score  bias  from    to  from    to  from    to  acc description of target
#                   ------------------- ---------- ----- -------------------- ---------- ----- --------- ------ ----- --- --- --------- --------- ------ ----- ----- ----- ----- ----- ----- ----- ---- ---------------------
NODE_4_length_234165_cov_40.976902_77   -            233 45939at72274         -            226  6.7e-135  446.0   0.0   1   1  3.1e-137  7.5e-135  445.9   0.0     1   225     2   231     2   232 0.98 # 80369 # 81067 # 1 # ID=4_77;partial=00;start_type=ATG;rbs_motif=GGAG/GAGG;rbs_spacer=5-10bp;gc_cont=0.611
NODE_6_length_212507_cov_41.251422_47   -            250 45939at72274         -            226   1.6e-12   45.7   0.0   1   1     9e-15   2.2e-12   45.2   0.0    29   155    26   152     4   164 0.87 # 46281 # 47030 # -1 # ID=6_47;partial=00;start_type=ATG;rbs_motif=GGxGG;rbs_spacer=5-10bp;gc_cont=0.633
NODE_6_length_212507_cov_41.251422_85   -            249 45939at72274         -            226   1.3e-09   36.2   0.0   1   1   7.4e-12   1.8e-09   35.7   0.0    42   149    40   149    35   162 0.90 # 90310 # 91056 # -1 # ID=6_85;partial=00;start_type=ATG;rbs_motif=GGA/GAG/AGG;rbs_spacer=5-10bp;gc_cont=0.580
NODE_63_length_25679_cov_43.407202_19   -            271 45939at72274         -            226   4.7e-09   34.3   0.0   1   1   2.7e-11   6.6e-09   33.9   0.0    32   145    47   162    18   166 0.90 # 20824 # 21636 # -1 # ID=63_19;partial=00;start_type=ATG;rbs_motif=GGAG/GAGG;rbs_spacer=5-10bp;gc_cont=0.594
NODE_11_length_186925_cov_42.279989_157 -            395 45939at72274         -            226     2e-08   32.3   0.0   1   1   1.3e-10   3.2e-08   31.6   0.0    45   145   160   263   152   271 0.75 # 167358 # 168542 # 1 # ID=11_157;partial=00;start_type=ATG;rbs_motif=GGA/GAG/AGG;rbs_spacer=5-10bp;gc_cont=0.606
NODE_6_length_212507_cov_41.251422_62   -            293 45939at72274         -            226     2e-08   32.3   0.0   1   1   1.8e-10   4.4e-08   31.2   0.0    28   148   141   257   135   268 0.74 # 62033 # 62911 # 1 # ID=6_62;partial=00;start_type=ATG;rbs_motif=GGA/GAG/AGG;rbs_spacer=5-10bp;gc_cont=0.652
NODE_1_length_486209_cov_41.704357_45   -            385 45939at72274         -            226   2.1e-07   28.9   0.0   1   1   1.4e-09   3.4e-07   28.3   0.0    45   153   169   274   141   277 0.82 # 46766 # 47920 # 1 # ID=1_45;partial=00;start_type=GTG;rbs_motif=GGAG/GAGG;rbs_spacer=5-10bp;gc_cont=0.593
NODE_10_length_199183_cov_41.836345_25  -            292 45939at72274         -            226   4.2e-06   24.7   0.0   1   1   3.1e-08   7.5e-06   23.9   0.0    44   150   103   213    93   236 0.86 # 27190 # 28065 # 1 # ID=10_25;partial=00;start_type=ATG;rbs_motif=3Base/5BMM;rbs_spacer=13-15bp;gc_cont=0.596
NODE_3_length_235490_cov_43.137961_200  -            275 45939at72274         -            226   7.9e-06   23.8   0.0   1   1   4.7e-08   1.2e-05   23.3   0.0    47   143    53   148    47   162 0.80 # 221398 # 222222 # 1 # ID=3_200;partial=00;start_type=ATG;rbs_motif=GGAG/GAGG;rbs_spacer=5-10bp;gc_cont=0.615
NODE_12_length_160433_cov_40.733708_78  -            243 45939at72274         -            226     9e-06   23.6   0.0   1   1   5.4e-08   1.3e-05   23.1   0.0    43   146    41   142    38   147 0.87 # 74870 # 75598 # 1 # ID=12_78;partial=00;start_type=ATG;rbs_motif=GGAG/GAGG;rbs_spacer=5-10bp;gc_cont=0.609
NODE_69_length_20007_cov_39.367901_5    -            255 45939at72274         -            226   9.7e-06   23.5   0.0   1   1   6.1e-08   1.5e-05   22.9   0.0    45   146    45   146    35   156 0.92 # 4910 # 5674 # -1 # ID=69_5;partial=00;start_type=ATG;rbs_motif=AGGA;rbs_spacer=5-10bp;gc_cont=0.644
NODE_3_length_235490_cov_43.137961_156  -            319 45939at72274         -            226   1.4e-05   23.0   0.0   1   1   9.1e-08   2.2e-05   22.3   0.0    42   148   116   223    86   232 0.83 # 169182 # 170138 # 1 # ID=3_156;partial=00;start_type=ATG;rbs_motif=None;rbs_spacer=None;gc_cont=0.618
NODE_16_length_124179_cov_41.687423_41  -            424 45939at72274         -            226   1.9e-05   22.6   0.0   1   1   1.1e-07   2.8e-05   22.0   0.0    46   202   195   354   164   363 0.73 # 37560 # 38831 # 1 # ID=16_41;partial=00;start_type=ATG;rbs_motif=AGGA;rbs_spacer=5-10bp;gc_cont=0.601
NODE_1_length_486209_cov_41.704357_297  -            332 45939at72274         -            226   2.9e-05   21.9   0.0   1   1   1.8e-07   4.3e-05   21.4   0.0    47   154   168   273   125   281 0.78 # 299695 # 300690 # -1 # ID=1_297;partial=00;start_type=ATG;rbs_motif=None;rbs_spacer=None;gc_cont=0.617
NODE_19_length_107352_cov_42.100236_13  -            245 45939at72274         -            226   3.2e-05   21.8   0.0   1   1   1.8e-07   4.3e-05   21.4   0.0    30   146    35   151    12   164 0.81 # 15036 # 15770 # -1 # ID=19_13;partial=00;start_type=ATG;rbs_motif=AGGA;rbs_spacer=5-10bp;gc_cont=0.629
NODE_37_length_65273_cov_43.198380_70   -            227 45939at72274         -            226   0.00036   18.4   0.0   1   1   2.1e-06    0.0005   17.9   0.0    48   130    55   138    46   168 0.74 # 63460 # 64140 # 1 # ID=37_70;partial=00;start_type=ATG;rbs_motif=GGAG/GAGG;rbs_spacer=5-10bp;gc_cont=0.551
NODE_25_length_98842_cov_43.182632_84   -            219 45939at72274         -            226   0.00037   18.3   0.0   1   1     2e-06   0.00048   18.0   0.0    43    97    80   135    71   155 0.87 # 83324 # 83980 # -1 # ID=25_84;partial=00;start_type=ATG;rbs_motif=None;rbs_spacer=None;gc_cont=0.670
NODE_1_length_486209_cov_41.704357_232  -            207 45939at72274         -            226   0.00049   17.9   0.0   1   1   2.8e-06   0.00069   17.4   0.0    38   132     8    98     3   113 0.78 # 237460 # 238080 # -1 # ID=1_232;partial=00;start_type=ATG;rbs_motif=GGA/GAG/AGG;rbs_spacer=5-10bp;gc_cont=0.617
NODE_23_length_101372_cov_40.184625_7   -            217 45939at72274         -            226    0.0008   17.2   0.0   1   1   4.7e-06    0.0011   16.7   0.0    48   128    59   140    46   166 0.82 # 5779 # 6429 # 1 # ID=23_7;partial=00;start_type=ATG;rbs_motif=GGA/GAG/AGG;rbs_spacer=5-10bp;gc_cont=0.651
NODE_36_length_66994_cov_42.587651_56   -            360 45939at72274         -            226    0.0045   14.8   0.0   1   2         4   9.8e+02   -2.7   0.0   159   176   155   172   140   178 0.81 # 56252 # 57331 # 1 # ID=36_56;partial=00;start_type=ATG;rbs_motif=None;rbs_spacer=None;gc_cont=0.621
NODE_36_length_66994_cov_42.587651_56   -            360 45939at72274         -            226    0.0045   14.8   0.0   2   2   5.1e-05     0.012   13.3   0.0    28   107   186   267   172   271 0.87 # 56252 # 57331 # 1 # ID=36_56;partial=00;start_type=ATG;rbs_motif=None;rbs_spacer=None;gc_cont=0.621
NODE_25_length_98842_cov_43.182632_61   -            254 45939at72274         -            226     0.017   12.9   0.0   1   1   0.00011     0.027   12.3   0.0    47   144    33   126    19   139 0.77 # 56814 # 57575 # 1 # ID=25_61;partial=00;start_type=ATG;rbs_motif=AGGA;rbs_spacer=5-10bp;gc_cont=0.621
NODE_6_length_212507_cov_41.251422_25   -            451 45939at72274         -            226     0.024   12.4   0.3   1   2    0.0002      0.05   11.4   0.2    41   114   209   288   196   294 0.70 # 23732 # 25084 # 1 # ID=6_25;partial=00;start_type=ATG;rbs_motif=GGAG/GAGG;rbs_spacer=5-10bp;gc_cont=0.652
NODE_6_length_212507_cov_41.251422_25   -            451 45939at72274         -            226     0.024   12.4   0.3   2   2      0.31        76    0.9   0.0    63   117   257   314   252   319 0.73 # 23732 # 25084 # 1 # ID=6_25;partial=00;start_type=ATG;rbs_motif=GGAG/GAGG;rbs_spacer=5-10bp;gc_cont=0.652
NODE_1_length_486209_cov_41.704357_216  -            204 45939at72274         -            226     0.032   12.0   0.0   1   1   0.00019     0.046   11.5   0.0    36   114    54   134    44   137 0.77 # 223725 # 224336 # -1 # ID=1_216;partial=00;start_type=ATG;rbs_motif=GGAG/GAGG;rbs_spacer=5-10bp;gc_cont=0.634
NODE_8_length_205641_cov_42.305415_74   -            333 45939at72274         -            226      0.04   11.7   0.0   1   1   0.00028     0.069   10.9   0.0    43    91   190   240   181   247 0.78 # 88798 # 89796 # 1 # ID=8_74;partial=00;start_type=ATG;rbs_motif=AGGAG;rbs_spacer=5-10bp;gc_cont=0.618
NODE_30_length_79518_cov_42.259746_4    -            394 45939at72274         -            226     0.066   11.0   0.0   1   1   0.00043       0.1   10.3   0.0    43   116   249   324   246   330 0.67 # 3054 # 4235 # -1 # ID=30_4;partial=00;start_type=ATG;rbs_motif=GGA/GAG/AGG;rbs_spacer=5-10bp;gc_cont=0.644
NODE_1_length_486209_cov_41.704357_382  -            270 45939at72274         -            226     0.079   10.7   0.0   1   1   0.00087      0.21    9.3   0.0    42   145    50   150    46   157 0.63 # 398385 # 399194 # 1 # ID=1_382;partial=00;start_type=ATG;rbs_motif=GGA/GAG/AGG;rbs_spacer=5-10bp;gc_cont=0.622
#
# Program:         hmmsearch
# Version:         3.1b2 (February 2015)
# Pipeline mode:   SEARCH
# Query file:      /data2/PEG/hoaxaca/REAA/Pseudomonas/bin/busco_downloads/lineages/pseudomonadales_odb10/hmms/45939at72274.hmm
# Target file:     /data2/PEG/hoaxaca/REAA/Pseudomonas/bin/../out/busco/trim_75.spades_kmer/prodigal_output/predicted_genes/predicted.faa
# Option settings: hmmsearch --domtblout /data2/PEG/hoaxaca/REAA/Pseudomonas/bin/../out/busco/trim_75.spades_kmer/run_pseudomonadales_odb10/hmmer_output/45939at72274.out --cpu 1 /data2/PEG/hoaxaca/REAA/Pseudomonas/bin/busco_downloads/lineages/pseudomonadales_odb10/hmms/45939at72274.hmm /data2/PEG/hoaxaca/REAA/Pseudomonas/bin/../out/busco/trim_75.spades_kmer/prodigal_output/predicted_genes/predicted.faa 
# Current dir:     /data2/PEG/hoaxaca/REAA/Pseudomonas/bin
# Date:            Mon Feb 20 00:36:56 2023
# [ok]
