#                                                                                               --- full sequence --- -------------- this domain -------------   hmm coord   ali coord   env coord
# target name                           accession   tlen query name           accession   qlen   E-value  score  bias   #  of  c-Evalue  i-Evalue  score  bias  from    to  from    to  from    to  acc description of target
#                   ------------------- ---------- ----- -------------------- ---------- ----- --------- ------ ----- --- --- --------- --------- ------ ----- ----- ----- ----- ----- ----- ----- ---- ---------------------
NODE_28_length_96887_cov_40.525679_23   -            214 46542at72274         -            198     6e-82  272.8   0.0   1   1   6.2e-84   3.3e-81  270.4   0.0     1   197     4   212     4   213 0.93 # 24594 # 25235 # -1 # ID=28_23;partial=00;start_type=ATG;rbs_motif=GGA/GAG/AGG;rbs_spacer=5-10bp;gc_cont=0.640
NODE_29_length_94829_cov_39.816842_5    -            225 46542at72274         -            198   4.9e-15   54.4   0.0   1   1   3.5e-16   1.9e-13   49.2   0.0     4   193     2   216     1   221 0.73 # 3658 # 4332 # 1 # ID=29_5;partial=00;start_type=ATG;rbs_motif=AGGA;rbs_spacer=5-10bp;gc_cont=0.636
NODE_4_length_234165_cov_40.976902_54   -            320 46542at72274         -            198   8.6e-08   30.8   0.5   1   2   2.4e-06    0.0012   17.2   0.3     4    48     2    46     1    50 0.83 # 51794 # 52753 # -1 # ID=4_54;partial=00;start_type=ATG;rbs_motif=None;rbs_spacer=None;gc_cont=0.506
NODE_4_length_234165_cov_40.976902_54   -            320 46542at72274         -            198   8.6e-08   30.8   0.5   2   2   0.00017     0.088   11.1   0.0    70   104    87   121    83   126 0.91 # 51794 # 52753 # -1 # ID=4_54;partial=00;start_type=ATG;rbs_motif=None;rbs_spacer=None;gc_cont=0.506
NODE_5_length_229610_cov_41.480005_92   -            285 46542at72274         -            198    0.0004   18.8   0.4   1   2     0.036        19    3.5   0.0     6    36     3    31     1    43 0.78 # 112019 # 112873 # -1 # ID=5_92;partial=00;start_type=ATG;rbs_motif=GGA/GAG/AGG;rbs_spacer=5-10bp;gc_cont=0.632
NODE_5_length_229610_cov_41.480005_92   -            285 46542at72274         -            198    0.0004   18.8   0.4   2   2   3.2e-05     0.017   13.5   0.1    78   189    87   199    84   217 0.76 # 112019 # 112873 # -1 # ID=5_92;partial=00;start_type=ATG;rbs_motif=GGA/GAG/AGG;rbs_spacer=5-10bp;gc_cont=0.632
NODE_29_length_94829_cov_39.816842_92   -            205 46542at72274         -            198    0.0004   18.8   0.3   1   1   1.3e-06    0.0007   18.0   0.3     4    40     3    37     1    52 0.90 # 88090 # 88704 # -1 # ID=29_92;partial=00;start_type=ATG;rbs_motif=GGAG/GAGG;rbs_spacer=5-10bp;gc_cont=0.623
NODE_1_length_486209_cov_41.704357_455  -            345 46542at72274         -            198    0.0048   15.3   0.3   1   1   1.5e-05    0.0078   14.6   0.3     5    38     4    37     1    45 0.89 # 480276 # 481310 # 1 # ID=1_455;partial=00;start_type=ATG;rbs_motif=GGAG/GAGG;rbs_spacer=5-10bp;gc_cont=0.622
NODE_16_length_124179_cov_41.687423_31  -            300 46542at72274         -            198    0.0063   14.9   0.1   1   1   1.8e-05    0.0095   14.3   0.1     4    41     2    37     1    46 0.89 # 28562 # 29461 # -1 # ID=16_31;partial=00;start_type=ATG;rbs_motif=GGAG/GAGG;rbs_spacer=5-10bp;gc_cont=0.627
NODE_36_length_66994_cov_42.587651_13   -            200 46542at72274         -            198    0.0072   14.7   0.0   1   1     2e-05     0.011   14.1   0.0     4    38     2    33     1    65 0.78 # 9632 # 10231 # 1 # ID=36_13;partial=00;start_type=ATG;rbs_motif=GGAGG;rbs_spacer=5-10bp;gc_cont=0.613
NODE_4_length_234165_cov_40.976902_60   -            336 46542at72274         -            198     0.015   13.7   0.0   1   1   5.9e-05     0.031   12.6   0.0     4    42     6    43     3    56 0.85 # 58228 # 59235 # -1 # ID=4_60;partial=00;start_type=ATG;rbs_motif=GGA/GAG/AGG;rbs_spacer=11-12bp;gc_cont=0.449
NODE_69_length_20007_cov_39.367901_2    -            337 46542at72274         -            198     0.015   13.7   0.1   1   1   5.2e-05     0.027   12.8   0.1     5    25     7    27     3    44 0.89 # 1339 # 2349 # -1 # ID=69_2;partial=00;start_type=ATG;rbs_motif=GGAG/GAGG;rbs_spacer=5-10bp;gc_cont=0.628
NODE_12_length_160433_cov_40.733708_121 -            323 46542at72274         -            198     0.035   12.5   0.0   1   1   0.00015     0.079   11.3   0.0     3    43     2    40     1    48 0.89 # 114865 # 115833 # 1 # ID=12_121;partial=00;start_type=ATG;rbs_motif=GGA/GAG/AGG;rbs_spacer=5-10bp;gc_cont=0.621
NODE_24_length_100934_cov_40.437016_32  -            336 46542at72274         -            198     0.067   11.5   0.0   1   2   0.00067      0.35    9.2   0.1     4    23     2    21     1    41 0.84 # 32493 # 33500 # 1 # ID=24_32;partial=00;start_type=ATG;rbs_motif=GGA/GAG/AGG;rbs_spacer=5-10bp;gc_cont=0.628
NODE_24_length_100934_cov_40.437016_32  -            336 46542at72274         -            198     0.067   11.5   0.0   2   2      0.81   4.3e+02   -0.9   0.0    67    98    86   117    83   120 0.88 # 32493 # 33500 # 1 # ID=24_32;partial=00;start_type=ATG;rbs_motif=GGA/GAG/AGG;rbs_spacer=5-10bp;gc_cont=0.628
#
# Program:         hmmsearch
# Version:         3.1b2 (February 2015)
# Pipeline mode:   SEARCH
# Query file:      /data2/PEG/hoaxaca/REAA/Pseudomonas/bin/busco_downloads/lineages/pseudomonadales_odb10/hmms/46542at72274.hmm
# Target file:     /data2/PEG/hoaxaca/REAA/Pseudomonas/bin/../out/busco/trim_75.spades_kmer/prodigal_output/predicted_genes/predicted.faa
# Option settings: hmmsearch --domtblout /data2/PEG/hoaxaca/REAA/Pseudomonas/bin/../out/busco/trim_75.spades_kmer/run_pseudomonadales_odb10/hmmer_output/46542at72274.out --cpu 1 /data2/PEG/hoaxaca/REAA/Pseudomonas/bin/busco_downloads/lineages/pseudomonadales_odb10/hmms/46542at72274.hmm /data2/PEG/hoaxaca/REAA/Pseudomonas/bin/../out/busco/trim_75.spades_kmer/prodigal_output/predicted_genes/predicted.faa 
# Current dir:     /data2/PEG/hoaxaca/REAA/Pseudomonas/bin
# Date:            Mon Feb 20 00:36:57 2023
# [ok]
