#                                                                                              --- full sequence --- -------------- this domain -------------   hmm coord   ali coord   env coord
# target name                          accession   tlen query name           accession   qlen   E-value  score  bias   #  of  c-Evalue  i-Evalue  score  bias  from    to  from    to  from    to  acc description of target
#                  ------------------- ---------- ----- -------------------- ---------- ----- --------- ------ ----- --- --- --------- --------- ------ ----- ----- ----- ----- ----- ----- ----- ---- ---------------------
NODE_2_length_236949_cov_43.085704_185 -            183 46636at72274         -            152   1.9e-93  308.6   0.4   1   1   2.7e-96   2.2e-93  308.4   0.4     1   152    17   182    17   182 0.94 # 188801 # 189349 # 1 # ID=2_185;partial=00;start_type=ATG;rbs_motif=GGAG/GAGG;rbs_spacer=5-10bp;gc_cont=0.579
NODE_1_length_486209_cov_41.704357_208 -             84 46636at72274         -            152   0.00096   17.4   5.6   1   2   0.00025       0.2    9.8   1.0    74    92     7    25     2    32 0.82 # 216225 # 216476 # -1 # ID=1_208;partial=00;start_type=ATG;rbs_motif=AGGAG;rbs_spacer=5-10bp;gc_cont=0.575
NODE_1_length_486209_cov_41.704357_208 -             84 46636at72274         -            152   0.00096   17.4   5.6   2   2   0.00013      0.11   10.7   0.2    26    70    30    77    25    82 0.73 # 216225 # 216476 # -1 # ID=1_208;partial=00;start_type=ATG;rbs_motif=AGGAG;rbs_spacer=5-10bp;gc_cont=0.575
NODE_31_length_78580_cov_41.529813_43  -             82 46636at72274         -            152    0.0016   16.6   5.6   1   1   3.8e-06     0.003   15.7   5.6    28    94    17    75     2    81 0.69 # 42655 # 42900 # -1 # ID=31_43;partial=00;start_type=ATG;rbs_motif=AGGA;rbs_spacer=5-10bp;gc_cont=0.569
NODE_14_length_139520_cov_41.636954_75 -            425 46636at72274         -            152    0.0041   15.3   9.1   1   2    0.0024       1.9    6.6   0.3    68    95   337   364   331   378 0.78 # 68147 # 69421 # -1 # ID=14_75;partial=00;start_type=ATG;rbs_motif=GGAGG;rbs_spacer=5-10bp;gc_cont=0.613
NODE_14_length_139520_cov_41.636954_75 -            425 46636at72274         -            152    0.0041   15.3   9.1   2   2   7.5e-05      0.06   11.5   3.4    34    55   379   401   373   412 0.84 # 68147 # 69421 # -1 # ID=14_75;partial=00;start_type=ATG;rbs_motif=GGAGG;rbs_spacer=5-10bp;gc_cont=0.613
NODE_15_length_139124_cov_51.392869_64 -            937 46636at72274         -            152     0.022   13.0   4.9   1   2   0.00028      0.22    9.7   0.4    74    98   538   562   535   580 0.86 # 72290 # 75100 # 1 # ID=15_64;partial=00;start_type=ATG;rbs_motif=GGAGG;rbs_spacer=3-4bp;gc_cont=0.625
NODE_15_length_139124_cov_51.392869_64 -            937 46636at72274         -            152     0.022   13.0   4.9   2   2      0.01         8    4.6   0.4    32    52   589   609   582   635 0.85 # 72290 # 75100 # 1 # ID=15_64;partial=00;start_type=ATG;rbs_motif=GGAGG;rbs_spacer=3-4bp;gc_cont=0.625
NODE_50_length_38781_cov_44.722343_3   -            108 46636at72274         -            152     0.029   12.5   9.1   1   1   0.00022      0.17   10.0   9.1    37   104     9    68     4    78 0.74 # 3773 # 4096 # 1 # ID=50_3;partial=00;start_type=ATG;rbs_motif=AGGAG;rbs_spacer=5-10bp;gc_cont=0.562
NODE_1_length_486209_cov_41.704357_338 -            647 46636at72274         -            152     0.034   12.3   1.7   1   2   0.00021      0.17   10.1   0.1    72    91   241   260   233   276 0.82 # 348388 # 350328 # 1 # ID=1_338;partial=00;start_type=ATG;rbs_motif=GGAG/GAGG;rbs_spacer=5-10bp;gc_cont=0.650
NODE_1_length_486209_cov_41.704357_338 -            647 46636at72274         -            152     0.034   12.3   1.7   2   2      0.17   1.4e+02    0.6   0.2    75   101   318   344   313   355 0.74 # 348388 # 350328 # 1 # ID=1_338;partial=00;start_type=ATG;rbs_motif=GGAG/GAGG;rbs_spacer=5-10bp;gc_cont=0.650
NODE_50_length_38781_cov_44.722343_6   -            275 46636at72274         -            152      0.17   10.0  12.5   1   2    0.0034       2.7    6.2   2.0    35    52    79    96    66   105 0.66 # 8054 # 8878 # 1 # ID=50_6;partial=00;start_type=ATG;rbs_motif=None;rbs_spacer=None;gc_cont=0.613
NODE_50_length_38781_cov_44.722343_6   -            275 46636at72274         -            152      0.17   10.0  12.5   2   2   0.00053      0.42    8.8   3.1    36    55   110   129   103   133 0.89 # 8054 # 8878 # 1 # ID=50_6;partial=00;start_type=ATG;rbs_motif=None;rbs_spacer=None;gc_cont=0.613
#
# Program:         hmmsearch
# Version:         3.1b2 (February 2015)
# Pipeline mode:   SEARCH
# Query file:      /data2/PEG/hoaxaca/REAA/Pseudomonas/bin/busco_downloads/lineages/pseudomonadales_odb10/hmms/46636at72274.hmm
# Target file:     /data2/PEG/hoaxaca/REAA/Pseudomonas/bin/../out/busco/trim_75.spades_kmer/prodigal_output/predicted_genes/predicted.faa
# Option settings: hmmsearch --domtblout /data2/PEG/hoaxaca/REAA/Pseudomonas/bin/../out/busco/trim_75.spades_kmer/run_pseudomonadales_odb10/hmmer_output/46636at72274.out --cpu 1 /data2/PEG/hoaxaca/REAA/Pseudomonas/bin/busco_downloads/lineages/pseudomonadales_odb10/hmms/46636at72274.hmm /data2/PEG/hoaxaca/REAA/Pseudomonas/bin/../out/busco/trim_75.spades_kmer/prodigal_output/predicted_genes/predicted.faa 
# Current dir:     /data2/PEG/hoaxaca/REAA/Pseudomonas/bin
# Date:            Mon Feb 20 00:36:57 2023
# [ok]
