#                                                                                              --- full sequence --- -------------- this domain -------------   hmm coord   ali coord   env coord
# target name                          accession   tlen query name           accession   qlen   E-value  score  bias   #  of  c-Evalue  i-Evalue  score  bias  from    to  from    to  from    to  acc description of target
#                  ------------------- ---------- ----- -------------------- ---------- ----- --------- ------ ----- --- --- --------- --------- ------ ----- ----- ----- ----- ----- ----- ----- ---- ---------------------
NODE_3_length_235490_cov_43.137961_42  -            221 47074at72274         -            141   4.3e-66  219.7   0.1   1   1   6.2e-69   5.6e-66  219.3   0.1     1   141    39   200    39   200 0.91 # 43562 # 44224 # 1 # ID=3_42;partial=00;start_type=ATG;rbs_motif=None;rbs_spacer=None;gc_cont=0.612
NODE_56_length_36010_cov_40.622791_8   -            278 47074at72274         -            141   0.00017   20.0   0.1   1   1   2.9e-07   0.00026   19.4   0.1     2    79   111   195   110   207 0.82 # 7137 # 7970 # -1 # ID=56_8;partial=00;start_type=ATG;rbs_motif=GGA/GAG/AGG;rbs_spacer=5-10bp;gc_cont=0.647
NODE_27_length_96933_cov_42.098350_40  -            315 47074at72274         -            141   0.00026   19.4   0.0   1   1   4.6e-07   0.00042   18.7   0.0    32    77    10    57     2    73 0.81 # 43290 # 44234 # -1 # ID=27_40;partial=00;start_type=GTG;rbs_motif=GGAG/GAGG;rbs_spacer=5-10bp;gc_cont=0.623
NODE_2_length_236949_cov_43.085704_202 -            208 47074at72274         -            141    0.0011   17.3   0.0   1   1   3.1e-06    0.0028   16.0   0.0    38   121    81   178    62   196 0.71 # 206257 # 206880 # 1 # ID=2_202;partial=00;start_type=ATG;rbs_motif=AGGAG;rbs_spacer=5-10bp;gc_cont=0.599
NODE_2_length_236949_cov_43.085704_170 -            149 47074at72274         -            141    0.0032   15.8   0.0   1   1   4.9e-06    0.0045   15.4   0.0    53    78    32    57    17    70 0.89 # 170787 # 171233 # 1 # ID=2_170;partial=00;start_type=ATG;rbs_motif=GGAG/GAGG;rbs_spacer=5-10bp;gc_cont=0.609
NODE_18_length_119600_cov_42.302422_60 -            139 47074at72274         -            141    0.0043   15.4   0.0   1   1   5.6e-06    0.0051   15.2   0.0    50   102    40    96    15   116 0.84 # 65733 # 66149 # 1 # ID=18_60;partial=00;start_type=ATG;rbs_motif=AGGA/GGAG/GAGG;rbs_spacer=11-12bp;gc_cont=0.583
NODE_18_length_119600_cov_42.302422_64 -            236 47074at72274         -            141     0.019   13.4   0.0   1   1   3.5e-05     0.031   12.7   0.0    34    61    26    53    20    78 0.82 # 68992 # 69699 # 1 # ID=18_64;partial=00;start_type=ATG;rbs_motif=AGGA;rbs_spacer=5-10bp;gc_cont=0.616
#
# Program:         hmmsearch
# Version:         3.1b2 (February 2015)
# Pipeline mode:   SEARCH
# Query file:      /data2/PEG/hoaxaca/REAA/Pseudomonas/bin/busco_downloads/lineages/pseudomonadales_odb10/hmms/47074at72274.hmm
# Target file:     /data2/PEG/hoaxaca/REAA/Pseudomonas/bin/../out/busco/trim_75.spades_kmer/prodigal_output/predicted_genes/predicted.faa
# Option settings: hmmsearch --domtblout /data2/PEG/hoaxaca/REAA/Pseudomonas/bin/../out/busco/trim_75.spades_kmer/run_pseudomonadales_odb10/hmmer_output/47074at72274.out --cpu 1 /data2/PEG/hoaxaca/REAA/Pseudomonas/bin/busco_downloads/lineages/pseudomonadales_odb10/hmms/47074at72274.hmm /data2/PEG/hoaxaca/REAA/Pseudomonas/bin/../out/busco/trim_75.spades_kmer/prodigal_output/predicted_genes/predicted.faa 
# Current dir:     /data2/PEG/hoaxaca/REAA/Pseudomonas/bin
# Date:            Mon Feb 20 00:36:57 2023
# [ok]
