#                                                                                              --- full sequence --- -------------- this domain -------------   hmm coord   ali coord   env coord
# target name                          accession   tlen query name           accession   qlen   E-value  score  bias   #  of  c-Evalue  i-Evalue  score  bias  from    to  from    to  from    to  acc description of target
#                  ------------------- ---------- ----- -------------------- ---------- ----- --------- ------ ----- --- --- --------- --------- ------ ----- ----- ----- ----- ----- ----- ----- ---- ---------------------
NODE_25_length_98842_cov_43.182632_1   -            320 47736at72274         -            238     6e-86  286.1   4.4   1   2   1.1e-81   4.5e-79  263.5   0.5     1   184     1   223     1   236 0.94 # 188 # 1147 # 1 # ID=25_1;partial=00;start_type=ATG;rbs_motif=GGAG/GAGG;rbs_spacer=5-10bp;gc_cont=0.536
NODE_25_length_98842_cov_43.182632_1   -            320 47736at72274         -            238     6e-86  286.1   4.4   2   2   3.4e-08   1.4e-05   22.9   0.3   203   238   283   319   256   319 0.89 # 188 # 1147 # 1 # ID=25_1;partial=00;start_type=ATG;rbs_motif=GGAG/GAGG;rbs_spacer=5-10bp;gc_cont=0.536
NODE_20_length_107054_cov_42.359052_63 -            159 47736at72274         -            238   5.4e-06   24.3   0.1   1   1   1.7e-08   7.1e-06   23.9   0.1     3    74    20    94    18   105 0.86 # 70393 # 70869 # 1 # ID=20_63;partial=00;start_type=ATG;rbs_motif=GGAG/GAGG;rbs_spacer=5-10bp;gc_cont=0.597
NODE_7_length_206173_cov_41.988700_28  -            287 47736at72274         -            238    0.0018   16.0   0.2   1   1   6.2e-06    0.0026   15.5   0.2    10    73    15    85     6    91 0.85 # 31261 # 32121 # -1 # ID=7_28;partial=00;start_type=ATG;rbs_motif=GGA/GAG/AGG;rbs_spacer=5-10bp;gc_cont=0.631
NODE_1_length_486209_cov_41.704357_135 -            157 47736at72274         -            238    0.0019   16.0   0.1   1   1   5.6e-06    0.0024   15.7   0.1     3    43    11    51     9    77 0.87 # 136399 # 136869 # 1 # ID=1_135;partial=00;start_type=ATG;rbs_motif=None;rbs_spacer=None;gc_cont=0.571
NODE_35_length_67241_cov_41.200727_9   -            299 47736at72274         -            238    0.0039   15.0   0.0   1   1   1.5e-05    0.0064   14.2   0.0    15    59    18    63    10    78 0.87 # 10944 # 11840 # 1 # ID=35_9;partial=00;start_type=ATG;rbs_motif=GGAGG;rbs_spacer=5-10bp;gc_cont=0.600
NODE_17_length_120379_cov_43.067778_54 -            297 47736at72274         -            238    0.0098   13.7   0.1   1   1   3.3e-05     0.014   13.2   0.1    15    67    24    77    11    87 0.84 # 51068 # 51958 # 1 # ID=17_54;partial=00;start_type=ATG;rbs_motif=GGA/GAG/AGG;rbs_spacer=5-10bp;gc_cont=0.629
NODE_9_length_205576_cov_41.813470_157 -            304 47736at72274         -            238     0.013   13.3   0.0   1   1   4.5e-05     0.019   12.7   0.0    19    58    26    66    14    81 0.86 # 144117 # 145028 # 1 # ID=9_157;partial=00;start_type=ATG;rbs_motif=GGA/GAG/AGG;rbs_spacer=5-10bp;gc_cont=0.646
NODE_16_length_124179_cov_41.687423_5  -            299 47736at72274         -            238     0.027   12.2   0.1   1   1   9.2e-05     0.039   11.7   0.1    18    72    20    75     7    92 0.79 # 3117 # 4013 # 1 # ID=16_5;partial=00;start_type=ATG;rbs_motif=GGA/GAG/AGG;rbs_spacer=5-10bp;gc_cont=0.631
NODE_47_length_47116_cov_42.181501_26  -            228 47736at72274         -            238      0.03   12.1   0.2   1   1    0.0001     0.043   11.6   0.2    16    70    49   103    37   123 0.75 # 34706 # 35389 # 1 # ID=47_26;partial=00;start_type=ATG;rbs_motif=AGGAG;rbs_spacer=5-10bp;gc_cont=0.617
NODE_6_length_212507_cov_41.251422_3   -            307 47736at72274         -            238     0.031   12.0   0.0   1   1   0.00011     0.048   11.4   0.0    21    64    37    81    18    94 0.84 # 3317 # 4237 # 1 # ID=6_3;partial=00;start_type=ATG;rbs_motif=3Base/5BMM;rbs_spacer=13-15bp;gc_cont=0.626
NODE_3_length_235490_cov_43.137961_186 -            291 47736at72274         -            238     0.033   11.9   0.1   1   1   0.00012     0.051   11.3   0.1    18    87    23    95    11    99 0.71 # 207541 # 208413 # -1 # ID=3_186;partial=00;start_type=ATG;rbs_motif=3Base/5BMM;rbs_spacer=13-15bp;gc_cont=0.655
NODE_11_length_186925_cov_42.279989_3  -            300 47736at72274         -            238     0.042   11.6   0.1   1   1   0.00013     0.056   11.2   0.1     9    57    16    65     8    92 0.83 # 2900 # 3799 # 1 # ID=11_3;partial=00;start_type=ATG;rbs_motif=GGAG/GAGG;rbs_spacer=5-10bp;gc_cont=0.579
NODE_14_length_139520_cov_41.636954_95 -            300 47736at72274         -            238     0.048   11.4   0.1   1   1   0.00016     0.067   10.9   0.1    14    56    17    60     8    86 0.87 # 98016 # 98915 # 1 # ID=14_95;partial=00;start_type=ATG;rbs_motif=GGAG/GAGG;rbs_spacer=5-10bp;gc_cont=0.641
NODE_20_length_107054_cov_42.359052_29 -            298 47736at72274         -            238     0.064   11.0   0.0   1   1   0.00022     0.092   10.5   0.0     3    55     8    61     6    75 0.85 # 33289 # 34182 # 1 # ID=20_29;partial=00;start_type=ATG;rbs_motif=AGGA;rbs_spacer=5-10bp;gc_cont=0.635
NODE_1_length_486209_cov_41.704357_39  -            307 47736at72274         -            238     0.068   10.9   0.0   1   1   0.00027      0.11   10.2   0.0    11    57    18    65    10    76 0.90 # 39269 # 40189 # 1 # ID=1_39;partial=00;start_type=ATG;rbs_motif=GGAG/GAGG;rbs_spacer=5-10bp;gc_cont=0.637
#
# Program:         hmmsearch
# Version:         3.1b2 (February 2015)
# Pipeline mode:   SEARCH
# Query file:      /data2/PEG/hoaxaca/REAA/Pseudomonas/bin/busco_downloads/lineages/pseudomonadales_odb10/hmms/47736at72274.hmm
# Target file:     /data2/PEG/hoaxaca/REAA/Pseudomonas/bin/../out/busco/trim_75.spades_kmer/prodigal_output/predicted_genes/predicted.faa
# Option settings: hmmsearch --domtblout /data2/PEG/hoaxaca/REAA/Pseudomonas/bin/../out/busco/trim_75.spades_kmer/run_pseudomonadales_odb10/hmmer_output/47736at72274.out --cpu 1 /data2/PEG/hoaxaca/REAA/Pseudomonas/bin/busco_downloads/lineages/pseudomonadales_odb10/hmms/47736at72274.hmm /data2/PEG/hoaxaca/REAA/Pseudomonas/bin/../out/busco/trim_75.spades_kmer/prodigal_output/predicted_genes/predicted.faa 
# Current dir:     /data2/PEG/hoaxaca/REAA/Pseudomonas/bin
# Date:            Mon Feb 20 00:36:58 2023
# [ok]
