#                                                                                               --- full sequence --- -------------- this domain -------------   hmm coord   ali coord   env coord
# target name                           accession   tlen query name           accession   qlen   E-value  score  bias   #  of  c-Evalue  i-Evalue  score  bias  from    to  from    to  from    to  acc description of target
#                   ------------------- ---------- ----- -------------------- ---------- ----- --------- ------ ----- --- --- --------- --------- ------ ----- ----- ----- ----- ----- ----- ----- ---- ---------------------
NODE_16_length_124179_cov_41.687423_120 -            151 54430at72274         -            117   2.3e-43  145.3   0.0   1   1   2.2e-45   4.7e-43  144.3   0.0     1   117    10   147    10   147 0.89 # 114054 # 114506 # -1 # ID=16_120;partial=00;start_type=ATG;rbs_motif=GGA/GAG/AGG;rbs_spacer=5-10bp;gc_cont=0.592
NODE_14_length_139520_cov_41.636954_11  -            171 54430at72274         -            117   3.1e-13   48.2   0.0   1   1   2.7e-15   5.7e-13   47.3   0.0    46   113    84   158    70   165 0.83 # 11627 # 12139 # -1 # ID=14_11;partial=00;start_type=ATG;rbs_motif=AGGA;rbs_spacer=5-10bp;gc_cont=0.647
NODE_9_length_205576_cov_41.813470_170  -            367 54430at72274         -            117   7.6e-13   46.9   0.0   1   1   6.5e-15   1.4e-12   46.1   0.0    34   108    55   137    12   146 0.82 # 155445 # 156545 # -1 # ID=9_170;partial=00;start_type=ATG;rbs_motif=GGxGG;rbs_spacer=3-4bp;gc_cont=0.639
NODE_32_length_70754_cov_42.115706_15   -            299 54430at72274         -            117   1.4e-09   36.4   0.0   1   2   2.8e-05    0.0059   15.0   0.0    43   116    73   147    53   148 0.77 # 15724 # 16620 # -1 # ID=32_15;partial=00;start_type=ATG;rbs_motif=AGGAG;rbs_spacer=5-10bp;gc_cont=0.611
NODE_32_length_70754_cov_42.115706_15   -            299 54430at72274         -            117   1.4e-09   36.4   0.0   2   2   1.6e-06   0.00034   19.0   0.0    48    97   223   278   208   284 0.85 # 15724 # 16620 # -1 # ID=32_15;partial=00;start_type=ATG;rbs_motif=AGGAG;rbs_spacer=5-10bp;gc_cont=0.611
NODE_37_length_65273_cov_43.198380_47   -            158 54430at72274         -            117   1.4e-08   33.2   0.0   1   1     1e-10   2.2e-08   32.5   0.0    51   101    79   130    51   133 0.89 # 34092 # 34565 # -1 # ID=37_47;partial=00;start_type=ATG;rbs_motif=GGA/GAG/AGG;rbs_spacer=5-10bp;gc_cont=0.603
NODE_3_length_235490_cov_43.137961_122  -            174 54430at72274         -            117   4.7e-07   28.2   0.2   1   1   4.2e-09   8.9e-07   27.3   0.2     9   100    41   139    37   142 0.77 # 131958 # 132479 # -1 # ID=3_122;partial=00;start_type=ATG;rbs_motif=None;rbs_spacer=None;gc_cont=0.598
NODE_8_length_205641_cov_42.305415_33   -            161 54430at72274         -            117   1.1e-06   27.1   0.0   1   1   7.5e-09   1.6e-06   26.5   0.0    25    97    72   150    53   155 0.79 # 42336 # 42818 # -1 # ID=8_33;partial=00;start_type=GTG;rbs_motif=GGA/GAG/AGG;rbs_spacer=11-12bp;gc_cont=0.619
NODE_14_length_139520_cov_41.636954_73  -            148 54430at72274         -            117   4.3e-06   25.1   0.0   1   1   2.2e-08   4.8e-06   25.0   0.0    48   101    75   127    31   129 0.82 # 66802 # 67245 # -1 # ID=14_73;partial=00;start_type=ATG;rbs_motif=AGGA;rbs_spacer=5-10bp;gc_cont=0.626
NODE_35_length_67241_cov_41.200727_63   -            167 54430at72274         -            117   4.7e-06   25.0   0.0   1   1   3.4e-08   7.2e-06   24.4   0.0    25   110    61   152    48   155 0.81 # 64442 # 64942 # 1 # ID=35_63;partial=00;start_type=ATG;rbs_motif=3Base/5BMM;rbs_spacer=13-15bp;gc_cont=0.537
NODE_29_length_94829_cov_39.816842_18   -            150 54430at72274         -            117   1.6e-05   23.3   0.0   1   1   1.1e-07   2.2e-05   22.8   0.0    24   100    48   130    37   136 0.83 # 15598 # 16047 # 1 # ID=29_18;partial=00;start_type=ATG;rbs_motif=GGAG/GAGG;rbs_spacer=5-10bp;gc_cont=0.529
NODE_33_length_69296_cov_44.754626_10   -            162 54430at72274         -            117   1.8e-05   23.1   0.0   1   1   1.5e-07   3.3e-05   22.3   0.0    45    98    92   151    56   157 0.81 # 8782 # 9267 # -1 # ID=33_10;partial=00;start_type=ATG;rbs_motif=AGGA;rbs_spacer=5-10bp;gc_cont=0.634
NODE_6_length_212507_cov_41.251422_105  -            177 54430at72274         -            117   2.2e-05   22.8   0.0   1   1   1.8e-07   3.8e-05   22.1   0.0    28   108    72   157    61   161 0.80 # 115823 # 116353 # 1 # ID=6_105;partial=00;start_type=ATG;rbs_motif=AGGAG;rbs_spacer=5-10bp;gc_cont=0.621
NODE_24_length_100934_cov_40.437016_94  -            582 54430at72274         -            117   3.9e-05   22.0   0.0   1   1   5.4e-07   0.00011   20.5   0.0    48    99   191   248   173   256 0.84 # 92200 # 93945 # -1 # ID=24_94;partial=00;start_type=ATG;rbs_motif=AGGA;rbs_spacer=5-10bp;gc_cont=0.643
NODE_79_length_14162_cov_38.702776_12   -            196 54430at72274         -            117   4.4e-05   21.9   0.0   1   1   3.1e-07   6.6e-05   21.3   0.0    29    99    86   163    69   175 0.75 # 13465 # 14052 # 1 # ID=79_12;partial=00;start_type=ATG;rbs_motif=GGA/GAG/AGG;rbs_spacer=5-10bp;gc_cont=0.594
NODE_6_length_212507_cov_41.251422_104  -            174 54430at72274         -            117   5.4e-05   21.6   0.0   1   1   3.9e-07   8.3e-05   21.0   0.0    49   100    85   142    43   147 0.81 # 115296 # 115817 # 1 # ID=6_104;partial=00;start_type=ATG;rbs_motif=GGAG/GAGG;rbs_spacer=5-10bp;gc_cont=0.613
NODE_13_length_147962_cov_41.421937_99  -            162 54430at72274         -            117   6.1e-05   21.4   0.1   1   2       7.6   1.6e+03   -2.5   0.0    62    81     6    25     3    28 0.73 # 98201 # 98686 # -1 # ID=13_99;partial=00;start_type=ATG;rbs_motif=GGA/GAG/AGG;rbs_spacer=5-10bp;gc_cont=0.621
NODE_13_length_147962_cov_41.421937_99  -            162 54430at72274         -            117   6.1e-05   21.4   0.1   2   2   9.1e-07   0.00019   19.8   0.0    45    99    81   143    76   156 0.82 # 98201 # 98686 # -1 # ID=13_99;partial=00;start_type=ATG;rbs_motif=GGA/GAG/AGG;rbs_spacer=5-10bp;gc_cont=0.621
NODE_12_length_160433_cov_40.733708_84  -            160 54430at72274         -            117   0.00015   20.2   0.0   1   1   1.6e-06   0.00035   19.0   0.0     3   111    31   152    29   154 0.72 # 78964 # 79443 # 1 # ID=12_84;partial=00;start_type=ATG;rbs_motif=GGA/GAG/AGG;rbs_spacer=5-10bp;gc_cont=0.619
NODE_9_length_205576_cov_41.813470_146  -            225 54430at72274         -            117   0.00048   18.5   0.0   1   1   5.2e-06    0.0011   17.4   0.0    30    88    77   139    64   152 0.78 # 136602 # 137276 # 1 # ID=9_146;partial=00;start_type=ATG;rbs_motif=AGGA;rbs_spacer=5-10bp;gc_cont=0.600
NODE_2_length_236949_cov_43.085704_201  -            151 54430at72274         -            117   0.00053   18.4   0.1   1   1   4.4e-06   0.00092   17.6   0.1    32   102    59   132    46   146 0.78 # 205794 # 206246 # 1 # ID=2_201;partial=00;start_type=ATG;rbs_motif=GGA/GAG/AGG;rbs_spacer=11-12bp;gc_cont=0.603
NODE_17_length_120379_cov_43.067778_79  -            176 54430at72274         -            117     0.001   17.5   0.0   1   1   7.4e-06    0.0016   16.9   0.0    32    99    80   152    62   161 0.82 # 75880 # 76407 # 1 # ID=17_79;partial=00;start_type=ATG;rbs_motif=GGA/GAG/AGG;rbs_spacer=5-10bp;gc_cont=0.598
NODE_17_length_120379_cov_43.067778_94  -            145 54430at72274         -            117     0.001   17.5   0.0   1   1   7.6e-06    0.0016   16.8   0.0    51    97    74   126    46   135 0.81 # 90233 # 90667 # 1 # ID=17_94;partial=00;start_type=ATG;rbs_motif=AGGA/GGAG/GAGG;rbs_spacer=11-12bp;gc_cont=0.625
NODE_17_length_120379_cov_43.067778_83  -            164 54430at72274         -            117    0.0017   16.8   0.1   1   1   2.1e-05    0.0045   15.4   0.1    46    77    88   119    74   147 0.75 # 77666 # 78157 # -1 # ID=17_83;partial=00;start_type=ATG;rbs_motif=None;rbs_spacer=None;gc_cont=0.585
NODE_52_length_38090_cov_40.641168_11   -            145 54430at72274         -            117    0.0023   16.3   0.0   1   1   1.7e-05    0.0036   15.7   0.0    17   103    40   133    33   140 0.79 # 12528 # 12962 # -1 # ID=52_11;partial=00;start_type=ATG;rbs_motif=AGGAG;rbs_spacer=5-10bp;gc_cont=0.579
NODE_22_length_101384_cov_40.935415_68  -            149 54430at72274         -            117    0.0026   16.1   0.0   1   1     2e-05    0.0042   15.5   0.0    45    94    80   135    36   146 0.74 # 82470 # 82916 # 1 # ID=22_68;partial=00;start_type=ATG;rbs_motif=AGGAG;rbs_spacer=5-10bp;gc_cont=0.624
NODE_43_length_53292_cov_41.341338_27   -            164 54430at72274         -            117    0.0031   15.9   0.0   1   1   2.5e-05    0.0052   15.2   0.0    47    97    89   145    83   151 0.84 # 30059 # 30550 # -1 # ID=43_27;partial=00;start_type=ATG;rbs_motif=GGAG/GAGG;rbs_spacer=5-10bp;gc_cont=0.583
NODE_16_length_124179_cov_41.687423_83  -            195 54430at72274         -            117     0.004   15.5   0.1   1   1   3.1e-05    0.0066   14.9   0.1    28   106    76   164    50   171 0.75 # 74415 # 74999 # 1 # ID=16_83;partial=00;start_type=ATG;rbs_motif=GGA/GAG/AGG;rbs_spacer=5-10bp;gc_cont=0.585
NODE_28_length_96887_cov_40.525679_14   -            153 54430at72274         -            117    0.0061   15.0   0.0   1   1     4e-05    0.0085   14.5   0.0    50   106    84   146    59   150 0.76 # 13927 # 14385 # -1 # ID=28_14;partial=00;start_type=ATG;rbs_motif=GGAG/GAGG;rbs_spacer=5-10bp;gc_cont=0.558
NODE_41_length_54595_cov_41.846130_7    -            217 54430at72274         -            117    0.0061   15.0   0.0   1   1   8.7e-05     0.018   13.4   0.0    44   100   129   191   115   194 0.78 # 6942 # 7592 # 1 # ID=41_7;partial=00;start_type=ATG;rbs_motif=GGAG/GAGG;rbs_spacer=5-10bp;gc_cont=0.610
NODE_25_length_98842_cov_43.182632_52   -            194 54430at72274         -            117     0.011   14.2   0.0   1   1   6.5e-05     0.014   13.8   0.0    33    73   108   150    83   183 0.86 # 46146 # 46727 # 1 # ID=25_52;partial=00;start_type=ATG;rbs_motif=GGA/GAG/AGG;rbs_spacer=5-10bp;gc_cont=0.416
NODE_1_length_486209_cov_41.704357_138  -            433 54430at72274         -            117     0.061   11.7   0.1   1   2       6.4   1.4e+03   -2.3   0.0    37    55    87   105    83   108 0.84 # 139738 # 141036 # 1 # ID=1_138;partial=00;start_type=ATG;rbs_motif=GGA/GAG/AGG;rbs_spacer=5-10bp;gc_cont=0.630
NODE_1_length_486209_cov_41.704357_138  -            433 54430at72274         -            117     0.061   11.7   0.1   2   2    0.0009      0.19   10.1   0.0    32    75   335   380   318   387 0.80 # 139738 # 141036 # 1 # ID=1_138;partial=00;start_type=ATG;rbs_motif=GGA/GAG/AGG;rbs_spacer=5-10bp;gc_cont=0.630
#
# Program:         hmmsearch
# Version:         3.1b2 (February 2015)
# Pipeline mode:   SEARCH
# Query file:      /data2/PEG/hoaxaca/REAA/Pseudomonas/bin/busco_downloads/lineages/pseudomonadales_odb10/hmms/54430at72274.hmm
# Target file:     /data2/PEG/hoaxaca/REAA/Pseudomonas/bin/../out/busco/trim_75.spades_kmer/prodigal_output/predicted_genes/predicted.faa
# Option settings: hmmsearch --domtblout /data2/PEG/hoaxaca/REAA/Pseudomonas/bin/../out/busco/trim_75.spades_kmer/run_pseudomonadales_odb10/hmmer_output/54430at72274.out --cpu 1 /data2/PEG/hoaxaca/REAA/Pseudomonas/bin/busco_downloads/lineages/pseudomonadales_odb10/hmms/54430at72274.hmm /data2/PEG/hoaxaca/REAA/Pseudomonas/bin/../out/busco/trim_75.spades_kmer/prodigal_output/predicted_genes/predicted.faa 
# Current dir:     /data2/PEG/hoaxaca/REAA/Pseudomonas/bin
# Date:            Mon Feb 20 00:37:03 2023
# [ok]
