#                                                                                              --- full sequence --- -------------- this domain -------------   hmm coord   ali coord   env coord
# target name                          accession   tlen query name           accession   qlen   E-value  score  bias   #  of  c-Evalue  i-Evalue  score  bias  from    to  from    to  from    to  acc description of target
#                  ------------------- ---------- ----- -------------------- ---------- ----- --------- ------ ----- --- --- --------- --------- ------ ----- ----- ----- ----- ----- ----- ----- ---- ---------------------
NODE_8_length_205641_cov_42.305415_104 -            175 60956at72274         -            154   1.7e-72  240.8   0.2   1   1   3.7e-75     2e-72  240.7   0.2     1   153     5   164     5   165 0.96 # 114326 # 114850 # 1 # ID=8_104;partial=00;start_type=ATG;rbs_motif=GGAG/GAGG;rbs_spacer=5-10bp;gc_cont=0.615
NODE_43_length_53292_cov_41.341338_20  -            275 60956at72274         -            154   4.1e-09   35.0   0.1   1   2    0.0011      0.59    8.5   0.0    40    77    34    71     6    80 0.83 # 21521 # 22345 # -1 # ID=43_20;partial=00;start_type=ATG;rbs_motif=None;rbs_spacer=None;gc_cont=0.632
NODE_43_length_53292_cov_41.341338_20  -            275 60956at72274         -            154   4.1e-09   35.0   0.1   2   2   1.8e-08   9.3e-06   24.1   0.2    78   151   196   273   185   274 0.84 # 21521 # 22345 # -1 # ID=43_20;partial=00;start_type=ATG;rbs_motif=None;rbs_spacer=None;gc_cont=0.632
NODE_4_length_234165_cov_40.976902_167 -            817 60956at72274         -            154   5.5e-08   31.4   0.4   1   2     0.098        52    2.2   0.0     4    25   500   521   497   526 0.87 # 179051 # 181501 # 1 # ID=4_167;partial=00;start_type=ATG;rbs_motif=GGA/GAG/AGG;rbs_spacer=5-10bp;gc_cont=0.667
NODE_4_length_234165_cov_40.976902_167 -            817 60956at72274         -            154   5.5e-08   31.4   0.4   2   2   3.5e-09   1.8e-06   26.4   0.1    45   125   639   717   633   726 0.87 # 179051 # 181501 # 1 # ID=4_167;partial=00;start_type=ATG;rbs_motif=GGA/GAG/AGG;rbs_spacer=5-10bp;gc_cont=0.667
NODE_6_length_212507_cov_41.251422_183 -            405 60956at72274         -            154   6.9e-07   27.8   0.1   1   2       1.6   8.6e+02   -1.7   0.0     8    26   190   208   187   213 0.80 # 209391 # 210605 # -1 # ID=6_183;partial=00;start_type=TTG;rbs_motif=GGxGG;rbs_spacer=5-10bp;gc_cont=0.611
NODE_6_length_212507_cov_41.251422_183 -            405 60956at72274         -            154   6.9e-07   27.8   0.1   2   2     3e-07   0.00016   20.1   0.0    60   122   309   370   268   390 0.80 # 209391 # 210605 # -1 # ID=6_183;partial=00;start_type=TTG;rbs_motif=GGxGG;rbs_spacer=5-10bp;gc_cont=0.611
NODE_1_length_486209_cov_41.704357_190 -            757 60956at72274         -            154   2.3e-05   22.9   1.2   1   2   3.2e-07   0.00017   20.0   0.5    40   130   590   678   580   683 0.85 # 192718 # 194988 # 1 # ID=1_190;partial=00;start_type=ATG;rbs_motif=GGA/GAG/AGG;rbs_spacer=5-10bp;gc_cont=0.625
NODE_1_length_486209_cov_41.704357_190 -            757 60956at72274         -            154   2.3e-05   22.9   1.2   2   2      0.14        72    1.8   0.0    92   115   676   699   672   712 0.86 # 192718 # 194988 # 1 # ID=1_190;partial=00;start_type=ATG;rbs_motif=GGA/GAG/AGG;rbs_spacer=5-10bp;gc_cont=0.625
NODE_12_length_160433_cov_40.733708_55 -            221 60956at72274         -            154   0.00017   20.1   0.1   1   2     0.059        31    2.9   0.0     8    27     6    27     2    59 0.68 # 54732 # 55394 # 1 # ID=12_55;partial=00;start_type=GTG;rbs_motif=GGAG/GAGG;rbs_spacer=5-10bp;gc_cont=0.609
NODE_12_length_160433_cov_40.733708_55 -            221 60956at72274         -            154   0.00017   20.1   0.1   2   2   1.4e-05    0.0072   14.8   0.0    82   126   147   192    95   201 0.66 # 54732 # 55394 # 1 # ID=12_55;partial=00;start_type=GTG;rbs_motif=GGAG/GAGG;rbs_spacer=5-10bp;gc_cont=0.609
NODE_64_length_24993_cov_41.442451_3   -            691 60956at72274         -            154     0.004   15.6   1.2   1   1     2e-05      0.01   14.2   1.2    43   127   467   549   440   557 0.82 # 3146 # 5218 # 1 # ID=64_3;partial=00;start_type=ATG;rbs_motif=GGA/GAG/AGG;rbs_spacer=5-10bp;gc_cont=0.645
NODE_1_length_486209_cov_41.704357_440 -            273 60956at72274         -            154     0.009   14.4   0.0   1   2       0.7   3.7e+02   -0.5   0.1     9    21    14    26    10    38 0.86 # 466221 # 467039 # 1 # ID=1_440;partial=00;start_type=ATG;rbs_motif=None;rbs_spacer=None;gc_cont=0.611
NODE_1_length_486209_cov_41.704357_440 -            273 60956at72274         -            154     0.009   14.4   0.0   2   2   0.00014     0.076   11.4   0.0    40   119   109   197    90   205 0.79 # 466221 # 467039 # 1 # ID=1_440;partial=00;start_type=ATG;rbs_motif=None;rbs_spacer=None;gc_cont=0.611
NODE_1_length_486209_cov_41.704357_182 -            219 60956at72274         -            154     0.016   13.6   0.0   1   2       1.2   6.6e+02   -1.4   0.0    46    75   102   131    97   140 0.80 # 184995 # 185651 # -1 # ID=1_182;partial=00;start_type=ATG;rbs_motif=GGA/GAG/AGG;rbs_spacer=5-10bp;gc_cont=0.601
NODE_1_length_486209_cov_41.704357_182 -            219 60956at72274         -            154     0.016   13.6   0.0   2   2   8.7e-05     0.046   12.1   0.0    78   122   153   197   121   209 0.89 # 184995 # 185651 # -1 # ID=1_182;partial=00;start_type=ATG;rbs_motif=GGA/GAG/AGG;rbs_spacer=5-10bp;gc_cont=0.601
NODE_4_length_234165_cov_40.976902_78  -            224 60956at72274         -            154     0.018   13.4   0.1   1   2      0.49   2.6e+02   -0.0   0.0     7    21     2    16     1    27 0.88 # 81072 # 81743 # 1 # ID=4_78;partial=00;start_type=GTG;rbs_motif=AGGAG;rbs_spacer=5-10bp;gc_cont=0.629
NODE_4_length_234165_cov_40.976902_78  -            224 60956at72274         -            154     0.018   13.4   0.1   2   2    0.0002       0.1   11.0   0.0    88   119   152   183   128   190 0.86 # 81072 # 81743 # 1 # ID=4_78;partial=00;start_type=GTG;rbs_motif=AGGAG;rbs_spacer=5-10bp;gc_cont=0.629
NODE_11_length_186925_cov_42.279989_71 -            218 60956at72274         -            154     0.025   13.0   0.1   1   2      0.19        98    1.3   0.0     9    22     4    17     1    27 0.85 # 73126 # 73779 # 1 # ID=11_71;partial=00;start_type=ATG;rbs_motif=AGGA;rbs_spacer=5-10bp;gc_cont=0.601
NODE_11_length_186925_cov_42.279989_71 -            218 60956at72274         -            154     0.025   13.0   0.1   2   2   0.00068      0.36    9.2   0.0    77   120   139   182   129   194 0.90 # 73126 # 73779 # 1 # ID=11_71;partial=00;start_type=ATG;rbs_motif=AGGA;rbs_spacer=5-10bp;gc_cont=0.601
NODE_90_length_6021_cov_41.722503_6    -            905 60956at72274         -            154      0.11   10.9   2.5   1   3       6.1   3.2e+03   -3.6   0.1     8    37   370   399   365   405 0.82 # 2308 # 5022 # -1 # ID=90_6;partial=00;start_type=ATG;rbs_motif=AGGAG;rbs_spacer=5-10bp;gc_cont=0.608
NODE_90_length_6021_cov_41.722503_6    -            905 60956at72274         -            154      0.11   10.9   2.5   2   3     0.067        36    2.8   0.1    38    72   557   591   553   620 0.78 # 2308 # 5022 # -1 # ID=90_6;partial=00;start_type=ATG;rbs_motif=AGGAG;rbs_spacer=5-10bp;gc_cont=0.608
NODE_90_length_6021_cov_41.722503_6    -            905 60956at72274         -            154      0.11   10.9   2.5   3   3    0.0033       1.7    7.0   0.0    87   125   629   667   619   677 0.85 # 2308 # 5022 # -1 # ID=90_6;partial=00;start_type=ATG;rbs_motif=AGGAG;rbs_spacer=5-10bp;gc_cont=0.608
#
# Program:         hmmsearch
# Version:         3.1b2 (February 2015)
# Pipeline mode:   SEARCH
# Query file:      /data2/PEG/hoaxaca/REAA/Pseudomonas/bin/busco_downloads/lineages/pseudomonadales_odb10/hmms/60956at72274.hmm
# Target file:     /data2/PEG/hoaxaca/REAA/Pseudomonas/bin/../out/busco/trim_75.spades_kmer/prodigal_output/predicted_genes/predicted.faa
# Option settings: hmmsearch --domtblout /data2/PEG/hoaxaca/REAA/Pseudomonas/bin/../out/busco/trim_75.spades_kmer/run_pseudomonadales_odb10/hmmer_output/60956at72274.out --cpu 1 /data2/PEG/hoaxaca/REAA/Pseudomonas/bin/busco_downloads/lineages/pseudomonadales_odb10/hmms/60956at72274.hmm /data2/PEG/hoaxaca/REAA/Pseudomonas/bin/../out/busco/trim_75.spades_kmer/prodigal_output/predicted_genes/predicted.faa 
# Current dir:     /data2/PEG/hoaxaca/REAA/Pseudomonas/bin
# Date:            Mon Feb 20 00:37:08 2023
# [ok]
