#                                                                                               --- full sequence --- -------------- this domain -------------   hmm coord   ali coord   env coord
# target name                           accession   tlen query name           accession   qlen   E-value  score  bias   #  of  c-Evalue  i-Evalue  score  bias  from    to  from    to  from    to  acc description of target
#                   ------------------- ---------- ----- -------------------- ---------- ----- --------- ------ ----- --- --- --------- --------- ------ ----- ----- ----- ----- ----- ----- ----- ---- ---------------------
NODE_1_length_486209_cov_41.704357_248  -            122 61140at72274         -            103   6.8e-54  178.7   0.2   1   1   1.4e-55   8.3e-54  178.4   0.2     1   102     1   112     1   113 0.93 # 250889 # 251254 # 1 # ID=1_248;partial=00;start_type=ATG;rbs_motif=GGA/GAG/AGG;rbs_spacer=5-10bp;gc_cont=0.593
NODE_49_length_41676_cov_39.231293_9    -           1166 61140at72274         -            103   3.1e-25   86.6   0.1   1   3   1.2e-08   7.3e-07   27.6   0.0     4   101   775   879   772   881 0.79 # 8596 # 12093 # -1 # ID=49_9;partial=00;start_type=ATG;rbs_motif=GGA/GAG/AGG;rbs_spacer=5-10bp;gc_cont=0.602
NODE_49_length_41676_cov_39.231293_9    -           1166 61140at72274         -            103   3.1e-25   86.6   0.1   2   3      0.64        39    2.8   0.0     3    93   896   996   894  1005 0.60 # 8596 # 12093 # -1 # ID=49_9;partial=00;start_type=ATG;rbs_motif=GGA/GAG/AGG;rbs_spacer=5-10bp;gc_cont=0.602
NODE_49_length_41676_cov_39.231293_9    -           1166 61140at72274         -            103   3.1e-25   86.6   0.1   3   3   2.8e-16   1.7e-14   52.2   0.1     3   101  1042  1151  1040  1153 0.84 # 8596 # 12093 # -1 # ID=49_9;partial=00;start_type=ATG;rbs_motif=GGA/GAG/AGG;rbs_spacer=5-10bp;gc_cont=0.602
NODE_12_length_160433_cov_40.733708_40  -            243 61140at72274         -            103   4.7e-18   63.6   0.0   1   1   1.6e-19     1e-17   62.5   0.0    15    97    26   111     8   116 0.83 # 38395 # 39123 # 1 # ID=12_40;partial=00;start_type=ATG;rbs_motif=None;rbs_spacer=None;gc_cont=0.627
NODE_5_length_229610_cov_41.480005_83   -            128 61140at72274         -            103   1.3e-17   62.2   0.0   1   1   2.6e-19   1.6e-17   61.9   0.0     1   101     1   111     1   113 0.87 # 101513 # 101896 # -1 # ID=5_83;partial=00;start_type=ATG;rbs_motif=GGAGG;rbs_spacer=3-4bp;gc_cont=0.612
NODE_22_length_101384_cov_40.935415_41  -            230 61140at72274         -            103   1.6e-17   61.8   0.0   1   1   6.2e-19   3.8e-17   60.7   0.0     3   102     5   114     3   115 0.85 # 48056 # 48745 # 1 # ID=22_41;partial=00;start_type=ATG;rbs_motif=GGAG/GAGG;rbs_spacer=5-10bp;gc_cont=0.626
NODE_26_length_98166_cov_43.232468_34   -            224 61140at72274         -            103   1.8e-17   61.7   0.0   1   1   5.8e-19   3.5e-17   60.8   0.0     3   102     2   108     1   109 0.88 # 35669 # 36340 # -1 # ID=26_34;partial=00;start_type=ATG;rbs_motif=GGA/GAG/AGG;rbs_spacer=5-10bp;gc_cont=0.631
NODE_1_length_486209_cov_41.704357_247  -            136 61140at72274         -            103   3.6e-17   60.8   0.0   1   1   7.6e-19   4.7e-17   60.4   0.0     3   102     9   118     7   119 0.84 # 250434 # 250841 # 1 # ID=1_247;partial=00;start_type=ATG;rbs_motif=GGA/GAG/AGG;rbs_spacer=5-10bp;gc_cont=0.529
NODE_4_length_234165_cov_40.976902_34   -            232 61140at72274         -            103   4.4e-17   60.5   0.0   1   1   1.7e-18   1.1e-16   59.2   0.0     2   100     5   110     4   113 0.85 # 29677 # 30372 # -1 # ID=4_34;partial=00;start_type=ATG;rbs_motif=3Base/5BMM;rbs_spacer=13-15bp;gc_cont=0.619
NODE_4_length_234165_cov_40.976902_113  -            394 61140at72274         -            103   4.5e-17   60.4   0.0   1   1   1.2e-18   7.1e-17   59.8   0.0     2   101     6   113     5   115 0.84 # 115903 # 117084 # -1 # ID=4_113;partial=00;start_type=ATG;rbs_motif=None;rbs_spacer=None;gc_cont=0.596
NODE_8_length_205641_cov_42.305415_26   -            226 61140at72274         -            103   4.8e-17   60.4   0.0   1   1   1.5e-18   9.2e-17   59.4   0.0     3   101     2   107     1   109 0.84 # 33357 # 34034 # -1 # ID=8_26;partial=00;start_type=ATG;rbs_motif=GGA/GAG/AGG;rbs_spacer=11-12bp;gc_cont=0.630
NODE_5_length_229610_cov_41.480005_82   -            423 61140at72274         -            103   1.7e-16   58.6   0.0   1   1   4.9e-18     3e-16   57.8   0.0     3   101     7   115     5   117 0.82 # 100235 # 101503 # -1 # ID=5_82;partial=00;start_type=ATG;rbs_motif=GGA/GAG/AGG;rbs_spacer=5-10bp;gc_cont=0.600
NODE_73_length_17164_cov_43.166657_9    -            233 61140at72274         -            103     3e-16   57.8   0.0   1   1     1e-17   6.1e-16   56.8   0.0     4   102    13   121    11   122 0.85 # 7753 # 8451 # -1 # ID=73_9;partial=00;start_type=ATG;rbs_motif=AGGAG;rbs_spacer=5-10bp;gc_cont=0.641
NODE_6_length_212507_cov_41.251422_68   -            925 61140at72274         -            103   3.1e-16   57.7   0.0   1   2   8.9e-08   5.4e-06   24.8   0.0     2   100   642   756   641   759 0.78 # 68946 # 71720 # 1 # ID=6_68;partial=00;start_type=GTG;rbs_motif=GGA/GAG/AGG;rbs_spacer=5-10bp;gc_cont=0.624
NODE_6_length_212507_cov_41.251422_68   -            925 61140at72274         -            103   3.1e-16   57.7   0.0   2   2   3.1e-09   1.9e-07   29.5   0.0     3   101   793   904   792   906 0.76 # 68946 # 71720 # 1 # ID=6_68;partial=00;start_type=GTG;rbs_motif=GGA/GAG/AGG;rbs_spacer=5-10bp;gc_cont=0.624
NODE_12_length_160433_cov_40.733708_163 -            573 61140at72274         -            103   1.7e-15   55.4   0.0   1   1     1e-16   6.2e-15   53.6   0.0     3    98    12   117    10   122 0.83 # 158238 # 159956 # 1 # ID=12_163;partial=00;start_type=TTG;rbs_motif=None;rbs_spacer=None;gc_cont=0.635
NODE_56_length_36010_cov_40.622791_11   -            234 61140at72274         -            103   1.9e-15   55.2   0.0   1   1     6e-17   3.7e-15   54.3   0.0     1   102     1   110     1   111 0.84 # 10312 # 11013 # -1 # ID=56_11;partial=00;start_type=ATG;rbs_motif=GGA/GAG/AGG;rbs_spacer=5-10bp;gc_cont=0.645
NODE_1_length_486209_cov_41.704357_251  -           1947 61140at72274         -            103   2.9e-15   54.6   0.4   1   1   1.5e-16   8.9e-15   53.1   0.2     4   102  1827  1935  1825  1936 0.84 # 254025 # 259865 # 1 # ID=1_251;partial=00;start_type=ATG;rbs_motif=GGAG/GAGG;rbs_spacer=5-10bp;gc_cont=0.638
NODE_37_length_65273_cov_43.198380_68   -            228 61140at72274         -            103   3.2e-15   54.5   0.0   1   1   7.7e-17   4.7e-15   53.9   0.0     3   101     2   109     1   111 0.85 # 61318 # 62001 # 1 # ID=37_68;partial=00;start_type=ATG;rbs_motif=GGAG/GAGG;rbs_spacer=5-10bp;gc_cont=0.599
NODE_3_length_235490_cov_43.137961_128  -            237 61140at72274         -            103   8.7e-15   53.1   0.0   1   1   2.2e-16   1.3e-14   52.5   0.0     1   102     1   109     1   110 0.86 # 138459 # 139169 # -1 # ID=3_128;partial=00;start_type=GTG;rbs_motif=None;rbs_spacer=None;gc_cont=0.626
NODE_49_length_41676_cov_39.231293_31   -            236 61140at72274         -            103   1.2e-14   52.7   0.0   1   1   2.8e-16   1.7e-14   52.1   0.0     3   100     8   112     6   115 0.82 # 37419 # 38126 # -1 # ID=49_31;partial=00;start_type=ATG;rbs_motif=GGA/GAG/AGG;rbs_spacer=5-10bp;gc_cont=0.623
NODE_1_length_486209_cov_41.704357_360  -            223 61140at72274         -            103   1.3e-14   52.5   0.0   1   1   3.4e-16   2.1e-14   51.9   0.0     1    98     1   105     1   110 0.90 # 372555 # 373223 # 1 # ID=1_360;partial=00;start_type=ATG;rbs_motif=GGA/GAG/AGG;rbs_spacer=5-10bp;gc_cont=0.629
NODE_76_length_15585_cov_38.435848_2    -            247 61140at72274         -            103   2.3e-14   51.8   0.0   1   1   5.7e-16   3.5e-14   51.2   0.0     3   102     6   114     4   115 0.82 # 1450 # 2190 # -1 # ID=76_2;partial=00;start_type=ATG;rbs_motif=GGAG/GAGG;rbs_spacer=5-10bp;gc_cont=0.637
NODE_73_length_17164_cov_43.166657_10   -           1129 61140at72274         -            103   2.9e-14   51.4   0.0   1   1   7.9e-16   4.8e-14   50.7   0.0     3   102   922  1030   920  1031 0.84 # 8426 # 11812 # -1 # ID=73_10;partial=00;start_type=GTG;rbs_motif=GGAG/GAGG;rbs_spacer=5-10bp;gc_cont=0.634
NODE_5_length_229610_cov_41.480005_61   -            237 61140at72274         -            103   3.8e-14   51.0   0.0   1   1     9e-16   5.5e-14   50.5   0.0     3   102     6   113     4   114 0.83 # 80122 # 80832 # -1 # ID=5_61;partial=00;start_type=ATG;rbs_motif=GGA/GAG/AGG;rbs_spacer=5-10bp;gc_cont=0.640
NODE_64_length_24993_cov_41.442451_5    -            231 61140at72274         -            103   4.5e-13   47.6   0.0   1   1   1.2e-14   7.6e-13   46.9   0.0     2   101     4   110     3   112 0.84 # 7996 # 8688 # 1 # ID=64_5;partial=00;start_type=ATG;rbs_motif=GGA/GAG/AGG;rbs_spacer=5-10bp;gc_cont=0.646
NODE_24_length_100934_cov_40.437016_19  -            775 61140at72274         -            103   5.9e-13   47.2   0.0   1   1   1.9e-14   1.1e-12   46.3   0.0     2   101   651   760   650   762 0.87 # 17075 # 19399 # -1 # ID=24_19;partial=00;start_type=GTG;rbs_motif=AGGA;rbs_spacer=5-10bp;gc_cont=0.615
NODE_37_length_65273_cov_43.198380_65   -            233 61140at72274         -            103   8.3e-13   46.7   0.0   1   1     2e-14   1.2e-12   46.2   0.0    17   102    22   110     3   111 0.83 # 57596 # 58294 # -1 # ID=37_65;partial=00;start_type=ATG;rbs_motif=None;rbs_spacer=None;gc_cont=0.621
NODE_61_length_31196_cov_41.964204_6    -            337 61140at72274         -            103   8.6e-13   46.7   0.2   1   1   3.4e-14   2.1e-12   45.5   0.2     3    92     2   102     1   107 0.69 # 6571 # 7581 # 1 # ID=61_6;partial=00;start_type=ATG;rbs_motif=GGAGG;rbs_spacer=5-10bp;gc_cont=0.642
NODE_36_length_66994_cov_42.587651_34   -            237 61140at72274         -            103     1e-12   46.4   0.0   1   1   2.8e-14   1.7e-12   45.7   0.0     3   102     6   112     4   113 0.86 # 29921 # 30631 # -1 # ID=36_34;partial=00;start_type=ATG;rbs_motif=GGA/GAG/AGG;rbs_spacer=11-12bp;gc_cont=0.636
NODE_16_length_124179_cov_41.687423_108 -            225 61140at72274         -            103     1e-12   46.4   0.0   1   1   2.7e-14   1.7e-12   45.8   0.0     3   102     2   108     1   109 0.84 # 102061 # 102735 # 1 # ID=16_108;partial=00;start_type=ATG;rbs_motif=GGA/GAG/AGG;rbs_spacer=5-10bp;gc_cont=0.596
NODE_1_length_486209_cov_41.704357_305  -            704 61140at72274         -            103   1.2e-12   46.2   0.0   1   1   4.7e-14   2.9e-12   45.0   0.0     4    99    15   121    12   124 0.82 # 308221 # 310332 # 1 # ID=1_305;partial=00;start_type=ATG;rbs_motif=GGA/GAG/AGG;rbs_spacer=5-10bp;gc_cont=0.630
NODE_27_length_96933_cov_42.098350_71   -            244 61140at72274         -            103   2.5e-12   45.2   0.0   1   1   6.1e-14   3.7e-12   44.7   0.0     3   101     7   115     5   117 0.82 # 79447 # 80178 # -1 # ID=27_71;partial=00;start_type=GTG;rbs_motif=AGGA;rbs_spacer=5-10bp;gc_cont=0.649
NODE_13_length_147962_cov_41.421937_18  -            226 61140at72274         -            103   2.8e-12   45.0   0.0   1   1   6.4e-14   3.9e-12   44.6   0.0     1   101     1   109     1   111 0.84 # 20937 # 21614 # -1 # ID=13_18;partial=00;start_type=ATG;rbs_motif=GGA/GAG/AGG;rbs_spacer=5-10bp;gc_cont=0.656
NODE_10_length_199183_cov_41.836345_145 -            247 61140at72274         -            103   2.9e-12   45.0   0.0   1   1   1.3e-13   7.7e-12   43.6   0.0     3   102    12   119    10   120 0.83 # 154217 # 154957 # -1 # ID=10_145;partial=00;start_type=ATG;rbs_motif=AGGAG;rbs_spacer=5-10bp;gc_cont=0.619
NODE_16_length_124179_cov_41.687423_103 -            225 61140at72274         -            103   3.3e-12   44.8   0.0   1   1   8.9e-14   5.4e-12   44.1   0.0     3   102     2   108     1   109 0.84 # 94249 # 94923 # 1 # ID=16_103;partial=00;start_type=ATG;rbs_motif=GGA/GAG/AGG;rbs_spacer=5-10bp;gc_cont=0.610
NODE_1_length_486209_cov_41.704357_65   -            249 61140at72274         -            103   3.3e-12   44.8   0.0   1   1   8.5e-14   5.2e-12   44.2   0.0     3   102     2   110     1   111 0.75 # 64074 # 64820 # 1 # ID=1_65;partial=00;start_type=ATG;rbs_motif=AGGA/GGAG/GAGG;rbs_spacer=11-12bp;gc_cont=0.612
NODE_61_length_31196_cov_41.964204_5    -            764 61140at72274         -            103   4.9e-12   44.3   0.0   1   1   1.6e-13   9.9e-12   43.3   0.0     2    95   640   743   639   752 0.80 # 4283 # 6574 # 1 # ID=61_5;partial=00;start_type=ATG;rbs_motif=GGAG/GAGG;rbs_spacer=5-10bp;gc_cont=0.638
NODE_21_length_103625_cov_43.206963_90  -            634 61140at72274         -            103   7.2e-12   43.7   0.0   1   1   2.7e-13   1.7e-11   42.6   0.0     3   101   516   624   515   626 0.84 # 96531 # 98432 # -1 # ID=21_90;partial=00;start_type=ATG;rbs_motif=AGGAG;rbs_spacer=5-10bp;gc_cont=0.613
NODE_12_length_160433_cov_40.733708_19  -            242 61140at72274         -            103   9.8e-12   43.3   0.0   1   1   2.3e-13   1.4e-11   42.8   0.0     3   101     7   112     5   114 0.83 # 18174 # 18899 # 1 # ID=12_19;partial=00;start_type=GTG;rbs_motif=GGAG/GAGG;rbs_spacer=5-10bp;gc_cont=0.645
NODE_6_length_212507_cov_41.251422_57   -            557 61140at72274         -            103   1.1e-11   43.2   0.0   1   2    0.0056      0.34    9.4   0.0    35   102   161   234   132   235 0.82 # 55474 # 57144 # 1 # ID=6_57;partial=00;start_type=ATG;rbs_motif=AGxAG;rbs_spacer=5-10bp;gc_cont=0.626
NODE_6_length_212507_cov_41.251422_57   -            557 61140at72274         -            103   1.1e-11   43.2   0.0   2   2   1.1e-09     7e-08   30.9   0.0     3   102   250   359   249   360 0.74 # 55474 # 57144 # 1 # ID=6_57;partial=00;start_type=ATG;rbs_motif=AGxAG;rbs_spacer=5-10bp;gc_cont=0.626
NODE_4_length_234165_cov_40.976902_119  -            227 61140at72274         -            103   1.2e-11   43.0   0.0   1   1   2.9e-13   1.8e-11   42.5   0.0     3   102     2   109     1   110 0.84 # 121000 # 121680 # 1 # ID=4_119;partial=00;start_type=ATG;rbs_motif=GGA/GAG/AGG;rbs_spacer=5-10bp;gc_cont=0.630
NODE_12_length_160433_cov_40.733708_39  -            918 61140at72274         -            103     2e-11   42.3   0.0   1   1     7e-13   4.3e-11   41.2   0.0     3   102   668   780   666   781 0.82 # 35436 # 38189 # -1 # ID=12_39;partial=00;start_type=GTG;rbs_motif=AGGAG;rbs_spacer=5-10bp;gc_cont=0.634
NODE_2_length_236949_cov_43.085704_90   -            228 61140at72274         -            103   3.4e-11   41.5   0.0   1   1   7.9e-13   4.8e-11   41.1   0.0     1   100     1   108     1   111 0.83 # 96310 # 96993 # 1 # ID=2_90;partial=00;start_type=ATG;rbs_motif=GGA/GAG/AGG;rbs_spacer=5-10bp;gc_cont=0.610
NODE_2_length_236949_cov_43.085704_196  -            223 61140at72274         -            103   4.2e-11   41.3   0.0   1   1     1e-12   6.2e-11   40.7   0.0     3   101     2   108     1   110 0.83 # 202625 # 203293 # -1 # ID=2_196;partial=00;start_type=ATG;rbs_motif=AGGA;rbs_spacer=5-10bp;gc_cont=0.629
NODE_50_length_38781_cov_44.722343_9    -            211 61140at72274         -            103   5.4e-11   40.9   0.0   1   1   1.3e-12   8.1e-11   40.3   0.0     1   102     1   113     1   114 0.77 # 10008 # 10640 # -1 # ID=50_9;partial=00;start_type=ATG;rbs_motif=GGA/GAG/AGG;rbs_spacer=5-10bp;gc_cont=0.575
NODE_72_length_17253_cov_41.438177_1    -            174 61140at72274         -            103   5.5e-11   40.9   0.1   1   1   1.3e-12   7.8e-11   40.4   0.1     2    97     3   109     2   113 0.77 # 1 # 522 # -1 # ID=72_1;partial=10;start_type=ATG;rbs_motif=GGAG/GAGG;rbs_spacer=5-10bp;gc_cont=0.630
NODE_52_length_38090_cov_40.641168_8    -            195 61140at72274         -            103   5.5e-11   40.9   0.0   1   1   1.5e-12     9e-11   40.2   0.0    24    96    11    87     4    94 0.83 # 10984 # 11568 # -1 # ID=52_8;partial=00;start_type=ATG;rbs_motif=GGA/GAG/AGG;rbs_spacer=5-10bp;gc_cont=0.578
NODE_55_length_36205_cov_42.040410_27   -            277 61140at72274         -            103   6.4e-11   40.7   0.0   1   1   1.7e-12     1e-10   40.0   0.0     3   102    48   154    46   155 0.74 # 28147 # 28977 # 1 # ID=55_27;partial=00;start_type=ATG;rbs_motif=None;rbs_spacer=None;gc_cont=0.639
NODE_49_length_41676_cov_39.231293_6    -            402 61140at72274         -            103   6.7e-11   40.6   0.0   1   1   2.3e-12   1.4e-10   39.6   0.0     2    98     7   114     6   118 0.80 # 5985 # 7190 # -1 # ID=49_6;partial=00;start_type=ATG;rbs_motif=GGA/GAG/AGG;rbs_spacer=5-10bp;gc_cont=0.606
NODE_5_length_229610_cov_41.480005_97   -            209 61140at72274         -            103   7.2e-11   40.5   0.0   1   1   1.8e-12   1.1e-10   39.9   0.0     1   100     1   109     1   112 0.75 # 117992 # 118618 # 1 # ID=5_97;partial=00;start_type=ATG;rbs_motif=AGGAGG;rbs_spacer=3-4bp;gc_cont=0.558
NODE_33_length_69296_cov_44.754626_54   -            466 61140at72274         -            103   7.3e-11   40.5   0.0   1   1   2.8e-12   1.7e-10   39.3   0.0     3   101     4   110     1   112 0.82 # 67766 # 69163 # 1 # ID=33_54;partial=00;start_type=ATG;rbs_motif=GGAG/GAGG;rbs_spacer=5-10bp;gc_cont=0.628
NODE_25_length_98842_cov_43.182632_76   -            121 61140at72274         -            103   7.7e-11   40.4   0.1   1   1   1.4e-12   8.7e-11   40.2   0.1     1    75     1    85     1   111 0.80 # 77284 # 77646 # 1 # ID=25_76;partial=00;start_type=ATG;rbs_motif=None;rbs_spacer=None;gc_cont=0.556
NODE_29_length_94829_cov_39.816842_37   -            224 61140at72274         -            103   9.5e-11   40.1   0.0   1   1   3.7e-12   2.3e-10   38.9   0.0     3   101     2   108     1   110 0.72 # 35786 # 36457 # 1 # ID=29_37;partial=00;start_type=ATG;rbs_motif=GGAG/GAGG;rbs_spacer=5-10bp;gc_cont=0.631
NODE_12_length_160433_cov_40.733708_23  -            226 61140at72274         -            103   1.8e-10   39.3   0.0   1   1   4.2e-12   2.6e-10   38.7   0.0     3   101     2   108     1   110 0.83 # 21832 # 22509 # 1 # ID=12_23;partial=00;start_type=ATG;rbs_motif=GGAG/GAGG;rbs_spacer=5-10bp;gc_cont=0.634
NODE_10_length_199183_cov_41.836345_72  -            479 61140at72274         -            103   2.2e-10   39.0   0.0   1   1   7.4e-12   4.5e-10   38.0   0.0     3   100     6   111     4   114 0.75 # 83570 # 85006 # 1 # ID=10_72;partial=00;start_type=ATG;rbs_motif=AGGAG;rbs_spacer=5-10bp;gc_cont=0.634
NODE_26_length_98166_cov_43.232468_22   -            222 61140at72274         -            103   4.2e-10   38.1   0.0   1   1     1e-11   6.4e-10   37.5   0.0     3   102     2   109     1   110 0.80 # 24590 # 25255 # -1 # ID=26_22;partial=00;start_type=ATG;rbs_motif=AGGAG;rbs_spacer=5-10bp;gc_cont=0.643
NODE_31_length_78580_cov_41.529813_5    -            242 61140at72274         -            103   4.4e-10   38.0   0.0   1   1   1.1e-11   6.9e-10   37.4   0.0     3   102    22   129    20   130 0.81 # 3090 # 3815 # 1 # ID=31_5;partial=00;start_type=ATG;rbs_motif=GGA/GAG/AGG;rbs_spacer=5-10bp;gc_cont=0.635
NODE_39_length_61665_cov_40.656470_18   -            122 61140at72274         -            103   7.7e-10   37.2   0.0   1   1   1.4e-11   8.7e-10   37.0   0.0     3   102     2   108     1   109 0.81 # 20110 # 20475 # -1 # ID=39_18;partial=00;start_type=ATG;rbs_motif=GGAG/GAGG;rbs_spacer=5-10bp;gc_cont=0.607
NODE_61_length_31196_cov_41.964204_7    -            334 61140at72274         -            103   8.7e-10   37.0   0.0   1   1   2.4e-11   1.5e-09   36.3   0.0    29   102    48   127    15   128 0.73 # 7633 # 8634 # 1 # ID=61_7;partial=00;start_type=ATG;rbs_motif=GGA/GAG/AGG;rbs_spacer=5-10bp;gc_cont=0.619
NODE_31_length_78580_cov_41.529813_9    -            121 61140at72274         -            103   1.2e-09   36.5   0.1   1   1   2.4e-11   1.5e-09   36.3   0.1     1    75     1    85     1   110 0.82 # 6426 # 6788 # -1 # ID=31_9;partial=00;start_type=ATG;rbs_motif=3Base/5BMM;rbs_spacer=13-15bp;gc_cont=0.477
NODE_12_length_160433_cov_40.733708_155 -            461 61140at72274         -            103   1.7e-09   36.1   0.0   1   1   5.2e-11   3.2e-09   35.2   0.0    13   102    20   111     2   112 0.71 # 150624 # 152006 # 1 # ID=12_155;partial=00;start_type=ATG;rbs_motif=GGAG/GAGG;rbs_spacer=5-10bp;gc_cont=0.653
NODE_2_length_236949_cov_43.085704_17   -            221 61140at72274         -            103   2.1e-09   35.8   0.0   1   1   5.1e-11   3.1e-09   35.2   0.0     1    94    13   115    13   124 0.73 # 22232 # 22894 # -1 # ID=2_17;partial=00;start_type=ATG;rbs_motif=GGA/GAG/AGG;rbs_spacer=5-10bp;gc_cont=0.570
NODE_3_length_235490_cov_43.137961_106  -            221 61140at72274         -            103   3.8e-09   35.0   0.0   1   1   9.1e-11   5.6e-09   34.4   0.0    17   100    20   107     1   110 0.77 # 117814 # 118476 # -1 # ID=3_106;partial=00;start_type=ATG;rbs_motif=GGA/GAG/AGG;rbs_spacer=5-10bp;gc_cont=0.650
NODE_24_length_100934_cov_40.437016_23  -            209 61140at72274         -            103   4.9e-09   34.6   0.0   1   1   1.4e-10   8.8e-09   33.8   0.0     1   101     1   110     1   112 0.77 # 24608 # 25234 # -1 # ID=24_23;partial=00;start_type=ATG;rbs_motif=GGA/GAG/AGG;rbs_spacer=5-10bp;gc_cont=0.477
NODE_42_length_53771_cov_43.156362_38   -            227 61140at72274         -            103     5e-09   34.6   0.0   1   1   1.3e-10   7.9e-09   34.0   0.0    35   101    39   108     2   110 0.78 # 33955 # 34635 # -1 # ID=42_38;partial=00;start_type=ATG;rbs_motif=GGA/GAG/AGG;rbs_spacer=5-10bp;gc_cont=0.656
NODE_35_length_67241_cov_41.200727_17   -           1063 61140at72274         -            103   5.7e-09   34.4   0.0   1   1   5.7e-10   3.5e-08   31.9   0.0     3   101   843   949   842   951 0.85 # 19701 # 22889 # -1 # ID=35_17;partial=00;start_type=ATG;rbs_motif=GGA/GAG/AGG;rbs_spacer=5-10bp;gc_cont=0.627
NODE_10_length_199183_cov_41.836345_120 -            462 61140at72274         -            103   1.6e-08   33.0   0.0   1   1     5e-10     3e-08   32.1   0.0    15   102    24   115     7   116 0.75 # 130481 # 131866 # 1 # ID=10_120;partial=00;start_type=ATG;rbs_motif=GGAG/GAGG;rbs_spacer=5-10bp;gc_cont=0.640
NODE_1_length_486209_cov_41.704357_433  -            210 61140at72274         -            103   2.9e-08   32.1   0.0   1   1   7.7e-10   4.7e-08   31.5   0.0     6   100    12   110     1   113 0.73 # 458900 # 459529 # 1 # ID=1_433;partial=00;start_type=GTG;rbs_motif=GGAG/GAGG;rbs_spacer=5-10bp;gc_cont=0.622
NODE_6_length_212507_cov_41.251422_40   -            263 61140at72274         -            103   3.3e-08   32.0   0.0   1   1   8.4e-10   5.1e-08   31.3   0.0     3   102     9   120     7   121 0.81 # 38266 # 39054 # -1 # ID=6_40;partial=00;start_type=GTG;rbs_motif=GGAG/GAGG;rbs_spacer=5-10bp;gc_cont=0.574
NODE_22_length_101384_cov_40.935415_45  -            300 61140at72274         -            103   4.7e-08   31.5   0.0   1   1   1.3e-09     8e-08   30.7   0.0     4   102     6   116     1   117 0.74 # 52300 # 53199 # -1 # ID=22_45;partial=00;start_type=ATG;rbs_motif=AGGA;rbs_spacer=5-10bp;gc_cont=0.611
NODE_32_length_70754_cov_42.115706_4    -            222 61140at72274         -            103   5.4e-08   31.3   0.0   1   1   1.5e-09   8.9e-08   30.6   0.0     1    95     1   106     1   114 0.76 # 4422 # 5087 # 1 # ID=32_4;partial=00;start_type=ATG;rbs_motif=GGA/GAG/AGG;rbs_spacer=5-10bp;gc_cont=0.598
NODE_27_length_96933_cov_42.098350_63   -            444 61140at72274         -            103   7.8e-08   30.8   0.0   1   1   2.2e-09   1.3e-07   30.0   0.0     3   102     4   111     2   112 0.78 # 71278 # 72609 # 1 # ID=27_63;partial=00;start_type=ATG;rbs_motif=AGGA/GGAG/GAGG;rbs_spacer=11-12bp;gc_cont=0.642
NODE_11_length_186925_cov_42.279989_29  -            449 61140at72274         -            103   1.5e-07   29.8   0.0   1   1   4.4e-09   2.7e-07   29.0   0.0     3   101    10   116     8   118 0.80 # 28670 # 30016 # 1 # ID=11_29;partial=00;start_type=ATG;rbs_motif=GGAG/GAGG;rbs_spacer=5-10bp;gc_cont=0.613
NODE_11_length_186925_cov_42.279989_113 -            241 61140at72274         -            103   2.2e-07   29.3   0.0   1   1   1.3e-08   8.2e-07   27.5   0.0     3   101     2   115     1   117 0.75 # 112965 # 113687 # 1 # ID=11_113;partial=00;start_type=ATG;rbs_motif=AGGA;rbs_spacer=5-10bp;gc_cont=0.588
NODE_72_length_17253_cov_41.438177_4    -            125 61140at72274         -            103     4e-07   28.5   0.1   1   1   8.2e-09     5e-07   28.2   0.1     3    98     2   108     1   113 0.76 # 3613 # 3987 # -1 # ID=72_4;partial=00;start_type=ATG;rbs_motif=GGA/GAG/AGG;rbs_spacer=5-10bp;gc_cont=0.541
NODE_1_length_486209_cov_41.704357_371  -            179 61140at72274         -            103   5.5e-07   28.0   0.0   1   1   1.3e-08   7.7e-07   27.6   0.0     2   101    27   136    26   138 0.79 # 385528 # 386064 # 1 # ID=1_371;partial=00;start_type=ATG;rbs_motif=GGA/GAG/AGG;rbs_spacer=5-10bp;gc_cont=0.570
NODE_5_length_229610_cov_41.480005_98   -           1198 61140at72274         -            103   1.1e-06   27.1   0.0   1   1   5.1e-08   3.1e-06   25.6   0.0     3    97   955  1062   953  1067 0.68 # 118619 # 122212 # 1 # ID=5_98;partial=00;start_type=ATG;rbs_motif=None;rbs_spacer=None;gc_cont=0.617
NODE_15_length_139124_cov_51.392869_23  -            479 61140at72274         -            103   1.2e-06   27.0   0.0   1   1   3.6e-08   2.2e-06   26.1   0.0     1   102     1   106     1   107 0.84 # 22752 # 24188 # 1 # ID=15_23;partial=00;start_type=ATG;rbs_motif=GGA/GAG/AGG;rbs_spacer=5-10bp;gc_cont=0.608
NODE_8_length_205641_cov_42.305415_156  -            187 61140at72274         -            103   2.2e-06   26.1   0.0   1   1   5.3e-08   3.3e-06   25.6   0.0     4   102    15   121    12   122 0.82 # 166824 # 167384 # -1 # ID=8_156;partial=00;start_type=ATG;rbs_motif=AGGAG;rbs_spacer=5-10bp;gc_cont=0.654
NODE_50_length_38781_cov_44.722343_34   -            447 61140at72274         -            103   2.3e-06   26.1   0.0   1   1   6.6e-08     4e-06   25.3   0.0    35   102    47   117     9   118 0.74 # 36950 # 38290 # 1 # ID=50_34;partial=00;start_type=ATG;rbs_motif=GGA/GAG/AGG;rbs_spacer=5-10bp;gc_cont=0.623
NODE_77_length_14984_cov_41.926152_11   -            202 61140at72274         -            103   3.3e-06   25.6   0.0   1   1   1.1e-07   6.8e-06   24.5   0.0    39   102    48   114     6   115 0.83 # 9864 # 10469 # -1 # ID=77_11;partial=00;start_type=ATG;rbs_motif=None;rbs_spacer=None;gc_cont=0.606
NODE_24_length_100934_cov_40.437016_22  -           1211 61140at72274         -            103   5.3e-06   24.9   0.0   1   1   2.2e-07   1.4e-05   23.6   0.0     3    99   969  1078   967  1082 0.76 # 20967 # 24599 # -1 # ID=24_22;partial=00;start_type=ATG;rbs_motif=GGA/GAG/AGG;rbs_spacer=5-10bp;gc_cont=0.594
NODE_2_length_236949_cov_43.085704_6    -            570 61140at72274         -            103   9.9e-06   24.0   0.0   1   1   3.5e-07   2.1e-05   22.9   0.0     3    53   448   504   446   554 0.75 # 5930 # 7639 # -1 # ID=2_6;partial=00;start_type=ATG;rbs_motif=GGA/GAG/AGG;rbs_spacer=5-10bp;gc_cont=0.630
NODE_37_length_65273_cov_43.198380_40   -            217 61140at72274         -            103   1.6e-05   23.3   0.0   1   1   4.8e-07     3e-05   22.5   0.0    39    95    50   109    30   117 0.83 # 29038 # 29688 # 1 # ID=37_40;partial=00;start_type=ATG;rbs_motif=AGGA/GGAG/GAGG;rbs_spacer=11-12bp;gc_cont=0.604
NODE_49_length_41676_cov_39.231293_5    -            126 61140at72274         -            103   3.7e-05   22.2   0.0   1   1   7.2e-07   4.4e-05   21.9   0.0     4   100     9   115     6   118 0.76 # 5541 # 5918 # -1 # ID=49_5;partial=00;start_type=ATG;rbs_motif=GGA/GAG/AGG;rbs_spacer=5-10bp;gc_cont=0.563
NODE_35_length_67241_cov_41.200727_19   -            937 61140at72274         -            103   4.8e-05   21.8   0.0   1   1   1.9e-06   0.00012   20.5   0.0    16    96   832   916   814   923 0.74 # 24154 # 26964 # -1 # ID=35_19;partial=00;start_type=ATG;rbs_motif=None;rbs_spacer=None;gc_cont=0.603
NODE_26_length_98166_cov_43.232468_81   -            220 61140at72274         -            103   6.6e-05   21.4   0.0   1   1   1.8e-06   0.00011   20.6   0.0    20   101    26   112     3   114 0.76 # 80466 # 81125 # -1 # ID=26_81;partial=00;start_type=GTG;rbs_motif=GGA/GAG/AGG;rbs_spacer=5-10bp;gc_cont=0.615
NODE_9_length_205576_cov_41.813470_138  -            559 61140at72274         -            103   7.8e-05   21.1   0.0   1   1   2.3e-06   0.00014   20.3   0.0     4    72   443   521   440   544 0.75 # 127507 # 129183 # -1 # ID=9_138;partial=00;start_type=ATG;rbs_motif=GGA/GAG/AGG;rbs_spacer=5-10bp;gc_cont=0.627
NODE_33_length_69296_cov_44.754626_42   -            449 61140at72274         -            103   9.5e-05   20.8   0.0   1   1   3.8e-06   0.00023   19.6   0.0     3   101    14   121    12   123 0.77 # 49734 # 51080 # 1 # ID=33_42;partial=00;start_type=ATG;rbs_motif=AGGAG;rbs_spacer=5-10bp;gc_cont=0.610
NODE_6_length_212507_cov_41.251422_30   -            136 61140at72274         -            103   0.00026   19.4   0.0   1   1   5.2e-06   0.00032   19.2   0.0     3   101    10   119     8   121 0.76 # 29841 # 30248 # -1 # ID=6_30;partial=00;start_type=ATG;rbs_motif=GGA/GAG/AGG;rbs_spacer=5-10bp;gc_cont=0.569
NODE_46_length_48528_cov_42.307659_26   -            274 61140at72274         -            103   0.00029   19.3   0.0   1   1   8.7e-06   0.00053   18.4   0.0    17   101    47   140    28   142 0.72 # 27566 # 28387 # 1 # ID=46_26;partial=00;start_type=ATG;rbs_motif=GGAG/GAGG;rbs_spacer=5-10bp;gc_cont=0.613
NODE_3_length_235490_cov_43.137961_23   -           1194 61140at72274         -            103    0.0003   19.3   0.0   1   1   1.1e-05   0.00067   18.1   0.0     3    98   959  1067   957  1072 0.76 # 23662 # 27243 # -1 # ID=3_23;partial=00;start_type=GTG;rbs_motif=AGGA;rbs_spacer=5-10bp;gc_cont=0.620
NODE_35_length_67241_cov_41.200727_18   -            399 61140at72274         -            103   0.00033   19.1   0.0   1   1   1.1e-05    0.0007   18.1   0.0     4    63     6    71     4    87 0.73 # 22971 # 24167 # -1 # ID=35_18;partial=00;start_type=ATG;rbs_motif=GGA/GAG/AGG;rbs_spacer=5-10bp;gc_cont=0.602
NODE_5_length_229610_cov_41.480005_130  -            649 61140at72274         -            103   0.00048   18.6   0.0   1   1   2.5e-05    0.0015   17.0   0.0     3    64   529   596   527   612 0.74 # 163431 # 165377 # 1 # ID=5_130;partial=00;start_type=ATG;rbs_motif=GGA/GAG/AGG;rbs_spacer=5-10bp;gc_cont=0.590
NODE_8_length_205641_cov_42.305415_34   -            301 61140at72274         -            103   0.00062   18.2   0.0   1   1   2.3e-05    0.0014   17.1   0.0     2    94   171   278   170   284 0.71 # 42822 # 43724 # -1 # ID=8_34;partial=00;start_type=ATG;rbs_motif=GGA/GAG/AGG;rbs_spacer=5-10bp;gc_cont=0.626
NODE_4_length_234165_cov_40.976902_209  -            192 61140at72274         -            103   0.00089   17.7   0.2   1   1   3.3e-05     0.002   16.6   0.1     1   101     1   109     1   111 0.74 # 233473 # 234048 # 1 # ID=4_209;partial=00;start_type=ATG;rbs_motif=AGGAG;rbs_spacer=5-10bp;gc_cont=0.595
NODE_12_length_160433_cov_40.733708_11  -            311 61140at72274         -            103    0.0011   17.4   0.2   1   1   6.2e-05    0.0038   15.7   0.2     3    94   180   290   178   296 0.72 # 8179 # 9111 # 1 # ID=12_11;partial=00;start_type=ATG;rbs_motif=AGGAG;rbs_spacer=5-10bp;gc_cont=0.584
NODE_27_length_96933_cov_42.098350_5    -            674 61140at72274         -            103    0.0012   17.3   0.0   1   1   3.9e-05    0.0024   16.4   0.0    14   100   562   654   546   657 0.72 # 4674 # 6695 # 1 # ID=27_5;partial=00;start_type=ATG;rbs_motif=None;rbs_spacer=None;gc_cont=0.622
NODE_52_length_38090_cov_40.641168_4    -            806 61140at72274         -            103    0.0012   17.3   0.0   1   1   3.8e-05    0.0023   16.4   0.0     3    62   570   634   568   682 0.65 # 5391 # 7808 # 1 # ID=52_4;partial=00;start_type=ATG;rbs_motif=GGA/GAG/AGG;rbs_spacer=5-10bp;gc_cont=0.588
NODE_28_length_96887_cov_40.525679_61   -            791 61140at72274         -            103    0.0014   17.1   0.0   1   1   4.4e-05    0.0027   16.2   0.0     3   100   666   770   665   773 0.81 # 61650 # 64022 # 1 # ID=28_61;partial=00;start_type=ATG;rbs_motif=3Base/5BMM;rbs_spacer=13-15bp;gc_cont=0.612
NODE_131_length_252_cov_0.858757_1      -             83 61140at72274         -            103    0.0022   16.4   0.0   1   1   3.8e-05    0.0023   16.4   0.0    11    75    12    82     1    83 0.76 # 2 # 250 # 1 # ID=131_1;partial=11;start_type=Edge;rbs_motif=None;rbs_spacer=None;gc_cont=0.643
NODE_49_length_41676_cov_39.231293_4    -            557 61140at72274         -            103    0.0029   16.1   0.0   1   1   0.00013    0.0078   14.7   0.0     3    78   439   523   438   547 0.71 # 3840 # 5510 # 1 # ID=49_4;partial=00;start_type=ATG;rbs_motif=AGGA;rbs_spacer=5-10bp;gc_cont=0.607
NODE_39_length_61665_cov_40.656470_29   -            403 61140at72274         -            103    0.0036   15.8   0.0   1   1   0.00012    0.0072   14.8   0.0    28   101    42   121    27   123 0.81 # 30954 # 32162 # -1 # ID=39_29;partial=00;start_type=ATG;rbs_motif=GGAG/GAGG;rbs_spacer=5-10bp;gc_cont=0.647
NODE_3_length_235490_cov_43.137961_124  -            126 61140at72274         -            103    0.0049   15.3   0.0   1   1   9.2e-05    0.0056   15.2   0.0    27    99    36   108     5   112 0.69 # 133466 # 133843 # 1 # ID=3_124;partial=00;start_type=ATG;rbs_motif=GGAG/GAGG;rbs_spacer=5-10bp;gc_cont=0.585
NODE_5_length_229610_cov_41.480005_104  -            402 61140at72274         -            103     0.014   13.9   0.0   1   1   0.00049      0.03   12.8   0.0     3    65     7    76     6    97 0.71 # 128124 # 129329 # 1 # ID=5_104;partial=00;start_type=ATG;rbs_motif=GGA/GAG/AGG;rbs_spacer=5-10bp;gc_cont=0.622
#
# Program:         hmmsearch
# Version:         3.1b2 (February 2015)
# Pipeline mode:   SEARCH
# Query file:      /data2/PEG/hoaxaca/REAA/Pseudomonas/bin/busco_downloads/lineages/pseudomonadales_odb10/hmms/61140at72274.hmm
# Target file:     /data2/PEG/hoaxaca/REAA/Pseudomonas/bin/../out/busco/trim_75.spades_kmer/prodigal_output/predicted_genes/predicted.faa
# Option settings: hmmsearch --domtblout /data2/PEG/hoaxaca/REAA/Pseudomonas/bin/../out/busco/trim_75.spades_kmer/run_pseudomonadales_odb10/hmmer_output/61140at72274.out --cpu 1 /data2/PEG/hoaxaca/REAA/Pseudomonas/bin/busco_downloads/lineages/pseudomonadales_odb10/hmms/61140at72274.hmm /data2/PEG/hoaxaca/REAA/Pseudomonas/bin/../out/busco/trim_75.spades_kmer/prodigal_output/predicted_genes/predicted.faa 
# Current dir:     /data2/PEG/hoaxaca/REAA/Pseudomonas/bin
# Date:            Mon Feb 20 00:37:08 2023
# [ok]
