#                                                                                               --- full sequence --- -------------- this domain -------------   hmm coord   ali coord   env coord
# target name                           accession   tlen query name           accession   qlen   E-value  score  bias   #  of  c-Evalue  i-Evalue  score  bias  from    to  from    to  from    to  acc description of target
#                   ------------------- ---------- ----- -------------------- ---------- ----- --------- ------ ----- --- --- --------- --------- ------ ----- ----- ----- ----- ----- ----- ----- ---- ---------------------
NODE_34_length_68937_cov_41.517034_39   -            544 6377at72274          -            469  3.6e-269  891.6   1.8   1   1    2e-271  2.5e-268  888.8   1.8     1   469     1   535     1   535 0.95 # 47471 # 49102 # 1 # ID=34_39;partial=00;start_type=ATG;rbs_motif=GGA/GAG/AGG;rbs_spacer=5-10bp;gc_cont=0.605
NODE_13_length_147962_cov_41.421937_124 -            232 6377at72274          -            469   1.2e-19   68.9   0.0   1   1   1.1e-22   1.4e-19   68.7   0.0   262   461     2   222     1   230 0.79 # 119757 # 120452 # -1 # ID=13_124;partial=00;start_type=ATG;rbs_motif=GGA/GAG/AGG;rbs_spacer=5-10bp;gc_cont=0.629
NODE_10_length_199183_cov_41.836345_87  -            213 6377at72274          -            469    0.0018   15.5   0.2   1   2   2.9e-06    0.0037   14.5   0.0   282   352    15    86     4    98 0.81 # 97090 # 97728 # -1 # ID=10_87;partial=00;start_type=ATG;rbs_motif=GGA/GAG/AGG;rbs_spacer=5-10bp;gc_cont=0.635
NODE_10_length_199183_cov_41.836345_87  -            213 6377at72274          -            469    0.0018   15.5   0.2   2   2      0.39   4.9e+02   -2.4   0.0   443   454   185   196   178   206 0.76 # 97090 # 97728 # -1 # ID=10_87;partial=00;start_type=ATG;rbs_motif=GGA/GAG/AGG;rbs_spacer=5-10bp;gc_cont=0.635
NODE_51_length_38685_cov_41.248692_29   -            198 6377at72274          -            469    0.0047   14.1   0.0   1   1   1.4e-05     0.018   12.2   0.0   277   466     5   188     2   191 0.52 # 31909 # 32502 # 1 # ID=51_29;partial=00;start_type=ATG;rbs_motif=AGGAG;rbs_spacer=5-10bp;gc_cont=0.534
NODE_15_length_139124_cov_51.392869_51  -            379 6377at72274          -            469    0.0057   13.9   0.0   1   2   9.1e-05      0.12    9.5   0.0   327   356   249   278   222   314 0.81 # 58699 # 59835 # -1 # ID=15_51;partial=00;start_type=TTG;rbs_motif=GGAGG;rbs_spacer=5-10bp;gc_cont=0.599
NODE_15_length_139124_cov_51.392869_51  -            379 6377at72274          -            469    0.0057   13.9   0.0   2   2     0.018        23    2.0   0.0   444   467   349   372   336   374 0.87 # 58699 # 59835 # -1 # ID=15_51;partial=00;start_type=TTG;rbs_motif=GGAGG;rbs_spacer=5-10bp;gc_cont=0.599
#
# Program:         hmmsearch
# Version:         3.1b2 (February 2015)
# Pipeline mode:   SEARCH
# Query file:      /data2/PEG/hoaxaca/REAA/Pseudomonas/bin/busco_downloads/lineages/pseudomonadales_odb10/hmms/6377at72274.hmm
# Target file:     /data2/PEG/hoaxaca/REAA/Pseudomonas/bin/../out/busco/trim_75.spades_kmer/prodigal_output/predicted_genes/predicted.faa
# Option settings: hmmsearch --domtblout /data2/PEG/hoaxaca/REAA/Pseudomonas/bin/../out/busco/trim_75.spades_kmer/run_pseudomonadales_odb10/hmmer_output/6377at72274.out --cpu 1 /data2/PEG/hoaxaca/REAA/Pseudomonas/bin/busco_downloads/lineages/pseudomonadales_odb10/hmms/6377at72274.hmm /data2/PEG/hoaxaca/REAA/Pseudomonas/bin/../out/busco/trim_75.spades_kmer/prodigal_output/predicted_genes/predicted.faa 
# Current dir:     /data2/PEG/hoaxaca/REAA/Pseudomonas/bin
# Date:            Mon Feb 20 00:37:11 2023
# [ok]
