#                                                                                              --- full sequence --- -------------- this domain -------------   hmm coord   ali coord   env coord
# target name                          accession   tlen query name           accession   qlen   E-value  score  bias   #  of  c-Evalue  i-Evalue  score  bias  from    to  from    to  from    to  acc description of target
#                  ------------------- ---------- ----- -------------------- ---------- ----- --------- ------ ----- --- --- --------- --------- ------ ----- ----- ----- ----- ----- ----- ----- ---- ---------------------
NODE_1_length_486209_cov_41.704357_3   -            127 65661at72274         -            115     4e-57  189.7   0.6   1   1   1.1e-59   4.5e-57  189.6   0.6     1   115     1   125     1   125 0.94 # 2081 # 2461 # -1 # ID=1_3;partial=00;start_type=ATG;rbs_motif=AGGAG;rbs_spacer=5-10bp;gc_cont=0.564
NODE_94_length_3068_cov_37.892750_2    -            126 65661at72274         -            115   1.5e-19   68.7   0.0   1   1   4.7e-22   1.8e-19   68.4   0.0     4   113     2   122     1   124 0.85 # 825 # 1202 # -1 # ID=94_2;partial=00;start_type=ATG;rbs_motif=GGA/GAG/AGG;rbs_spacer=5-10bp;gc_cont=0.624
NODE_5_length_229610_cov_41.480005_105 -            127 65661at72274         -            115   1.5e-13   49.3   0.0   1   1   4.6e-16   1.8e-13   49.0   0.0    24   113    25   123    11   125 0.84 # 129330 # 129710 # -1 # ID=5_105;partial=00;start_type=ATG;rbs_motif=GGA/GAG/AGG;rbs_spacer=5-10bp;gc_cont=0.622
NODE_48_length_46070_cov_44.410892_29  -            130 65661at72274         -            115   3.8e-13   48.0   0.0   1   1   1.2e-15   4.6e-13   47.7   0.0    23   113    27   124    14   126 0.81 # 34269 # 34658 # -1 # ID=48_29;partial=00;start_type=ATG;rbs_motif=AGGAG;rbs_spacer=5-10bp;gc_cont=0.610
NODE_5_length_229610_cov_41.480005_167 -            143 65661at72274         -            115     2e-12   45.7   0.0   1   1   6.2e-15   2.5e-12   45.4   0.0    17   110    27   132    15   137 0.81 # 218125 # 218553 # -1 # ID=5_167;partial=00;start_type=ATG;rbs_motif=GGA/GAG/AGG;rbs_spacer=5-10bp;gc_cont=0.580
NODE_17_length_120379_cov_43.067778_88 -            137 65661at72274         -            115   2.3e-10   39.0   0.0   1   1   7.7e-13   3.1e-10   38.6   0.0    20   114    27   133    23   134 0.74 # 82922 # 83332 # -1 # ID=17_88;partial=00;start_type=ATG;rbs_motif=GGAG/GAGG;rbs_spacer=5-10bp;gc_cont=0.625
NODE_5_length_229610_cov_41.480005_161 -            146 65661at72274         -            115   1.8e-09   36.2   0.0   1   1   1.8e-11   7.3e-09   34.2   0.0    42   113    60   138     8   140 0.73 # 212703 # 213140 # -1 # ID=5_161;partial=00;start_type=ATG;rbs_motif=GGAG/GAGG;rbs_spacer=5-10bp;gc_cont=0.614
NODE_1_length_486209_cov_41.704357_30  -            118 65661at72274         -            115     2e-08   32.8   0.0   1   1   6.7e-11   2.7e-08   32.4   0.0    23   112    19   113    10   116 0.78 # 28043 # 28396 # 1 # ID=1_30;partial=00;start_type=ATG;rbs_motif=AGGAG;rbs_spacer=5-10bp;gc_cont=0.590
NODE_9_length_205576_cov_41.813470_34  -            157 65661at72274         -            115   3.3e-08   32.1   0.3   1   1   1.9e-08   7.5e-06   24.5   0.3    41   114    77   153    24   154 0.57 # 33196 # 33666 # 1 # ID=9_34;partial=00;start_type=ATG;rbs_motif=GGA/GAG/AGG;rbs_spacer=5-10bp;gc_cont=0.611
NODE_20_length_107054_cov_42.359052_12 -            164 65661at72274         -            115   2.1e-07   29.5   0.3   1   2   2.7e-05     0.011   14.3   0.0    43    76    72   105    35   110 0.80 # 14145 # 14636 # 1 # ID=20_12;partial=00;start_type=ATG;rbs_motif=AGGA;rbs_spacer=5-10bp;gc_cont=0.622
NODE_20_length_107054_cov_42.359052_12 -            164 65661at72274         -            115   2.1e-07   29.5   0.3   2   2   5.5e-05     0.022   13.3   0.2    90   113   135   159   129   161 0.85 # 14145 # 14636 # 1 # ID=20_12;partial=00;start_type=ATG;rbs_motif=AGGA;rbs_spacer=5-10bp;gc_cont=0.622
NODE_78_length_14514_cov_44.629476_11  -            131 65661at72274         -            115   3.2e-06   25.7   0.0   1   1     1e-08     4e-06   25.4   0.0    22   112    26   126    18   129 0.82 # 9818 # 10210 # -1 # ID=78_11;partial=00;start_type=ATG;rbs_motif=GGAG/GAGG;rbs_spacer=5-10bp;gc_cont=0.585
NODE_1_length_486209_cov_41.704357_274 -            118 65661at72274         -            115   4.4e-06   25.2   0.0   1   1   1.5e-08   5.9e-06   24.8   0.0    23   113    19   113    10   115 0.80 # 276501 # 276854 # 1 # ID=1_274;partial=00;start_type=ATG;rbs_motif=GGAG/GAGG;rbs_spacer=5-10bp;gc_cont=0.605
NODE_4_length_234165_cov_40.976902_99  -            131 65661at72274         -            115   7.6e-06   24.5   0.0   1   1   2.3e-08   9.1e-06   24.2   0.0    22   103    27   116    13   129 0.72 # 103816 # 104208 # -1 # ID=4_99;partial=00;start_type=ATG;rbs_motif=GGA/GAG/AGG;rbs_spacer=5-10bp;gc_cont=0.608
NODE_80_length_13702_cov_39.687239_7   -            157 65661at72274         -            115   3.3e-05   22.4   0.2   1   2     0.008       3.2    6.4   0.1    23    34    33    44    18   102 0.87 # 11309 # 11779 # -1 # ID=80_7;partial=00;start_type=ATG;rbs_motif=GGAG/GAGG;rbs_spacer=5-10bp;gc_cont=0.618
NODE_80_length_13702_cov_39.687239_7   -            157 65661at72274         -            115   3.3e-05   22.4   0.2   2   2   2.6e-05      0.01   14.4   0.0    92   113   131   152   118   154 0.88 # 11309 # 11779 # -1 # ID=80_7;partial=00;start_type=ATG;rbs_motif=GGAG/GAGG;rbs_spacer=5-10bp;gc_cont=0.618
NODE_2_length_236949_cov_43.085704_22  -            153 65661at72274         -            115     0.015   13.9   0.1   1   2      0.19        76    1.9   0.1    22    38    30    46    12    94 0.67 # 26260 # 26718 # -1 # ID=2_22;partial=00;start_type=ATG;rbs_motif=GGAG/GAGG;rbs_spacer=5-10bp;gc_cont=0.621
NODE_2_length_236949_cov_43.085704_22  -            153 65661at72274         -            115     0.015   13.9   0.1   2   2   0.00065      0.26    9.9   0.0    83   111   117   145   105   150 0.81 # 26260 # 26718 # -1 # ID=2_22;partial=00;start_type=ATG;rbs_motif=GGAG/GAGG;rbs_spacer=5-10bp;gc_cont=0.621
NODE_18_length_119600_cov_42.302422_82 -            134 65661at72274         -            115     0.042   12.4   0.0   1   1   0.00012     0.048   12.2   0.0    18    74    22    81    15   131 0.85 # 85018 # 85419 # 1 # ID=18_82;partial=00;start_type=ATG;rbs_motif=GGAG/GAGG;rbs_spacer=5-10bp;gc_cont=0.587
#
# Program:         hmmsearch
# Version:         3.1b2 (February 2015)
# Pipeline mode:   SEARCH
# Query file:      /data2/PEG/hoaxaca/REAA/Pseudomonas/bin/busco_downloads/lineages/pseudomonadales_odb10/hmms/65661at72274.hmm
# Target file:     /data2/PEG/hoaxaca/REAA/Pseudomonas/bin/../out/busco/trim_75.spades_kmer/prodigal_output/predicted_genes/predicted.faa
# Option settings: hmmsearch --domtblout /data2/PEG/hoaxaca/REAA/Pseudomonas/bin/../out/busco/trim_75.spades_kmer/run_pseudomonadales_odb10/hmmer_output/65661at72274.out --cpu 1 /data2/PEG/hoaxaca/REAA/Pseudomonas/bin/busco_downloads/lineages/pseudomonadales_odb10/hmms/65661at72274.hmm /data2/PEG/hoaxaca/REAA/Pseudomonas/bin/../out/busco/trim_75.spades_kmer/prodigal_output/predicted_genes/predicted.faa 
# Current dir:     /data2/PEG/hoaxaca/REAA/Pseudomonas/bin
# Date:            Mon Feb 20 00:37:13 2023
# [ok]
