#                                                                                              --- full sequence --- -------------- this domain -------------   hmm coord   ali coord   env coord
# target name                          accession   tlen query name           accession   qlen   E-value  score  bias   #  of  c-Evalue  i-Evalue  score  bias  from    to  from    to  from    to  acc description of target
#                  ------------------- ---------- ----- -------------------- ---------- ----- --------- ------ ----- --- --- --------- --------- ------ ----- ----- ----- ----- ----- ----- ----- ---- ---------------------
NODE_1_length_486209_cov_41.704357_208 -             84 67453at72274         -             79   7.5e-46  152.5  12.7   1   1   7.9e-49   8.3e-46  152.4  12.7     1    79     1    82     1    82 0.97 # 216225 # 216476 # -1 # ID=1_208;partial=00;start_type=ATG;rbs_motif=AGGAG;rbs_spacer=5-10bp;gc_cont=0.575
NODE_50_length_38781_cov_44.722343_3   -            108 67453at72274         -             79   2.4e-07   29.2  17.4   1   2   0.00012      0.13   10.8   6.0     1    33     1    35     1    37 0.84 # 3773 # 4096 # 1 # ID=50_3;partial=00;start_type=ATG;rbs_motif=AGGAG;rbs_spacer=5-10bp;gc_cont=0.562
NODE_50_length_38781_cov_44.722343_3   -            108 67453at72274         -             79   2.4e-07   29.2  17.4   2   2   9.6e-09     1e-05   23.9   3.6     6    30    37    61    31    70 0.87 # 3773 # 4096 # 1 # ID=50_3;partial=00;start_type=ATG;rbs_motif=AGGAG;rbs_spacer=5-10bp;gc_cont=0.562
NODE_2_length_236949_cov_43.085704_185 -            183 67453at72274         -             79   2.6e-05   22.6   4.6   1   2   8.6e-05     0.091   11.3   0.5    49    67    68    86    58    91 0.82 # 188801 # 189349 # 1 # ID=2_185;partial=00;start_type=ATG;rbs_motif=GGAG/GAGG;rbs_spacer=5-10bp;gc_cont=0.579
NODE_2_length_236949_cov_43.085704_185 -            183 67453at72274         -             79   2.6e-05   22.6   4.6   2   2   2.7e-05     0.029   12.9   0.3     8    26   100   118    94   126 0.88 # 188801 # 189349 # 1 # ID=2_185;partial=00;start_type=ATG;rbs_motif=GGAG/GAGG;rbs_spacer=5-10bp;gc_cont=0.579
NODE_15_length_139124_cov_51.392869_64 -            937 67453at72274         -             79    0.0063   15.0   0.5   1   2     6e-06    0.0063   15.0   0.5     5    24   536   555   533   565 0.87 # 72290 # 75100 # 1 # ID=15_64;partial=00;start_type=ATG;rbs_motif=GGAGG;rbs_spacer=3-4bp;gc_cont=0.625
NODE_15_length_139124_cov_51.392869_64 -            937 67453at72274         -             79    0.0063   15.0   0.5   2   2       1.2   1.3e+03   -2.1   0.1     7    27   592   611   591   618 0.62 # 72290 # 75100 # 1 # ID=15_64;partial=00;start_type=ATG;rbs_motif=GGAGG;rbs_spacer=3-4bp;gc_cont=0.625
NODE_31_length_78580_cov_41.529813_43  -             82 67453at72274         -             79      0.19   10.2  10.2   1   2    0.0088       9.3    4.8   2.2     8    22    22    39    15    51 0.62 # 42655 # 42900 # -1 # ID=31_43;partial=00;start_type=ATG;rbs_motif=AGGA;rbs_spacer=5-10bp;gc_cont=0.569
NODE_31_length_78580_cov_41.529813_43  -             82 67453at72274         -             79      0.19   10.2  10.2   2   2   0.00013      0.14   10.7   1.1     5    25    53    73    49    79 0.87 # 42655 # 42900 # -1 # ID=31_43;partial=00;start_type=ATG;rbs_motif=AGGA;rbs_spacer=5-10bp;gc_cont=0.569
NODE_50_length_38781_cov_44.722343_6   -            275 67453at72274         -             79      0.21   10.1  20.7   1   3      0.23   2.4e+02    0.3   0.2     9    34    16    41     9    50 0.66 # 8054 # 8878 # 1 # ID=50_6;partial=00;start_type=ATG;rbs_motif=None;rbs_spacer=None;gc_cont=0.613
NODE_50_length_38781_cov_44.722343_6   -            275 67453at72274         -             79      0.21   10.1  20.7   2   3   0.00097         1    7.9  15.4     6    58    78   126    73   127 0.79 # 8054 # 8878 # 1 # ID=50_6;partial=00;start_type=ATG;rbs_motif=None;rbs_spacer=None;gc_cont=0.613
NODE_50_length_38781_cov_44.722343_6   -            275 67453at72274         -             79      0.21   10.1  20.7   3   3   0.00019       0.2   10.2   5.5     1    33   103   135   103   142 0.84 # 8054 # 8878 # 1 # ID=50_6;partial=00;start_type=ATG;rbs_motif=None;rbs_spacer=None;gc_cont=0.613
#
# Program:         hmmsearch
# Version:         3.1b2 (February 2015)
# Pipeline mode:   SEARCH
# Query file:      /data2/PEG/hoaxaca/REAA/Pseudomonas/bin/busco_downloads/lineages/pseudomonadales_odb10/hmms/67453at72274.hmm
# Target file:     /data2/PEG/hoaxaca/REAA/Pseudomonas/bin/../out/busco/trim_75.spades_kmer/prodigal_output/predicted_genes/predicted.faa
# Option settings: hmmsearch --domtblout /data2/PEG/hoaxaca/REAA/Pseudomonas/bin/../out/busco/trim_75.spades_kmer/run_pseudomonadales_odb10/hmmer_output/67453at72274.out --cpu 1 /data2/PEG/hoaxaca/REAA/Pseudomonas/bin/busco_downloads/lineages/pseudomonadales_odb10/hmms/67453at72274.hmm /data2/PEG/hoaxaca/REAA/Pseudomonas/bin/../out/busco/trim_75.spades_kmer/prodigal_output/predicted_genes/predicted.faa 
# Current dir:     /data2/PEG/hoaxaca/REAA/Pseudomonas/bin
# Date:            Mon Feb 20 00:37:14 2023
# [ok]
