#                                                                                               --- full sequence --- -------------- this domain -------------   hmm coord   ali coord   env coord
# target name                           accession   tlen query name           accession   qlen   E-value  score  bias   #  of  c-Evalue  i-Evalue  score  bias  from    to  from    to  from    to  acc description of target
#                   ------------------- ---------- ----- -------------------- ---------- ----- --------- ------ ----- --- --- --------- --------- ------ ----- ----- ----- ----- ----- ----- ----- ---- ---------------------
NODE_6_length_212507_cov_41.251422_60   -            154 68821at72274         -            114     4e-49  163.9   3.4   1   1   4.9e-47   3.5e-44  148.0   3.4     1   114     1   150     1   150 0.86 # 59904 # 60365 # 1 # ID=6_60;partial=00;start_type=ATG;rbs_motif=GGAG/GAGG;rbs_spacer=5-10bp;gc_cont=0.574
NODE_14_length_139520_cov_41.636954_127 -            646 68821at72274         -            114   4.8e-10   38.0   0.1   1   1   1.5e-12   1.1e-09   36.9   0.1    61   110   586   635   548   639 0.84 # 132061 # 133998 # -1 # ID=14_127;partial=00;start_type=ATG;rbs_motif=AGGAG;rbs_spacer=5-10bp;gc_cont=0.645
NODE_26_length_98166_cov_43.232468_88   -            645 68821at72274         -            114   9.6e-08   30.5   0.1   1   1   3.1e-10   2.2e-07   29.4   0.1    63   113   590   640   561   641 0.87 # 86129 # 88063 # -1 # ID=26_88;partial=00;start_type=ATG;rbs_motif=AGGA;rbs_spacer=5-10bp;gc_cont=0.640
NODE_19_length_107352_cov_42.100236_45  -            550 68821at72274         -            114   1.8e-07   29.7   6.9   1   3   2.3e-06    0.0016   16.9   0.0    61   108    19    66    14    72 0.91 # 56145 # 57794 # -1 # ID=19_45;partial=00;start_type=GTG;rbs_motif=AGGAG;rbs_spacer=5-10bp;gc_cont=0.632
NODE_19_length_107352_cov_42.100236_45  -            550 68821at72274         -            114   1.8e-07   29.7   6.9   2   3   5.9e-06    0.0042   15.6   0.4    58   107   136   185    65   192 0.85 # 56145 # 57794 # -1 # ID=19_45;partial=00;start_type=GTG;rbs_motif=AGGAG;rbs_spacer=5-10bp;gc_cont=0.632
NODE_19_length_107352_cov_42.100236_45  -            550 68821at72274         -            114   1.8e-07   29.7   6.9   3   3       2.8     2e+03   -2.7   0.3    51    73   228   250   200   254 0.54 # 56145 # 57794 # -1 # ID=19_45;partial=00;start_type=GTG;rbs_motif=AGGAG;rbs_spacer=5-10bp;gc_cont=0.632
NODE_22_length_101384_cov_40.935415_74  -            603 68821at72274         -            114   5.2e-07   28.2   0.3   1   1   1.5e-09   1.1e-06   27.2   0.3    61   110   545   594   524   598 0.90 # 89854 # 91662 # -1 # ID=22_74;partial=00;start_type=ATG;rbs_motif=GGAG/GAGG;rbs_spacer=5-10bp;gc_cont=0.614
NODE_29_length_94829_cov_39.816842_22   -           1254 68821at72274         -            114   4.8e-05   21.8   0.0   1   1   1.4e-07    0.0001   20.8   0.0    64   111  1196  1243  1188  1246 0.90 # 18533 # 22294 # -1 # ID=29_22;partial=00;start_type=ATG;rbs_motif=None;rbs_spacer=None;gc_cont=0.631
NODE_21_length_103625_cov_43.206963_73  -            414 68821at72274         -            114    0.0045   15.5   2.7   1   3   1.2e-05    0.0082   14.7   0.1    65   111    25    71    18    73 0.91 # 74450 # 75691 # 1 # ID=21_73;partial=00;start_type=ATG;rbs_motif=AGGA;rbs_spacer=5-10bp;gc_cont=0.607
NODE_21_length_103625_cov_43.206963_73  -            414 68821at72274         -            114    0.0045   15.5   2.7   2   3      0.88   6.2e+02   -1.1   0.3    50    50   161   161   122   210 0.55 # 74450 # 75691 # 1 # ID=21_73;partial=00;start_type=ATG;rbs_motif=AGGA;rbs_spacer=5-10bp;gc_cont=0.607
NODE_21_length_103625_cov_43.206963_73  -            414 68821at72274         -            114    0.0045   15.5   2.7   3   3       1.4   9.9e+02   -1.7   0.0    26    53   183   212   179   219 0.62 # 74450 # 75691 # 1 # ID=21_73;partial=00;start_type=ATG;rbs_motif=AGGA;rbs_spacer=5-10bp;gc_cont=0.607
NODE_5_length_229610_cov_41.480005_41   -            445 68821at72274         -            114     0.024   13.1   0.0   1   1   8.8e-05     0.062   11.8   0.0    88   114    68    94    62    94 0.90 # 48059 # 49393 # 1 # ID=5_41;partial=00;start_type=ATG;rbs_motif=AGGA;rbs_spacer=5-10bp;gc_cont=0.640
NODE_74_length_16330_cov_38.195448_7    -            369 68821at72274         -            114     0.064   11.8   0.0   1   2      0.06        42    2.7   0.0    62    80    75    93    39   114 0.86 # 6063 # 7169 # 1 # ID=74_7;partial=00;start_type=ATG;rbs_motif=GGAG/GAGG;rbs_spacer=5-10bp;gc_cont=0.681
NODE_74_length_16330_cov_38.195448_7    -            369 68821at72274         -            114     0.064   11.8   0.0   2   2    0.0033       2.4    6.7   0.0    79   111   163   195   140   198 0.87 # 6063 # 7169 # 1 # ID=74_7;partial=00;start_type=ATG;rbs_motif=GGAG/GAGG;rbs_spacer=5-10bp;gc_cont=0.681
#
# Program:         hmmsearch
# Version:         3.1b2 (February 2015)
# Pipeline mode:   SEARCH
# Query file:      /data2/PEG/hoaxaca/REAA/Pseudomonas/bin/busco_downloads/lineages/pseudomonadales_odb10/hmms/68821at72274.hmm
# Target file:     /data2/PEG/hoaxaca/REAA/Pseudomonas/bin/../out/busco/trim_75.spades_kmer/prodigal_output/predicted_genes/predicted.faa
# Option settings: hmmsearch --domtblout /data2/PEG/hoaxaca/REAA/Pseudomonas/bin/../out/busco/trim_75.spades_kmer/run_pseudomonadales_odb10/hmmer_output/68821at72274.out --cpu 1 /data2/PEG/hoaxaca/REAA/Pseudomonas/bin/busco_downloads/lineages/pseudomonadales_odb10/hmms/68821at72274.hmm /data2/PEG/hoaxaca/REAA/Pseudomonas/bin/../out/busco/trim_75.spades_kmer/prodigal_output/predicted_genes/predicted.faa 
# Current dir:     /data2/PEG/hoaxaca/REAA/Pseudomonas/bin
# Date:            Mon Feb 20 00:37:15 2023
# [ok]
