#                                                                                               --- full sequence --- -------------- this domain -------------   hmm coord   ali coord   env coord
# target name                           accession   tlen query name           accession   qlen   E-value  score  bias   #  of  c-Evalue  i-Evalue  score  bias  from    to  from    to  from    to  acc description of target
#                   ------------------- ---------- ----- -------------------- ---------- ----- --------- ------ ----- --- --- --------- --------- ------ ----- ----- ----- ----- ----- ----- ----- ---- ---------------------
NODE_6_length_212507_cov_41.251422_65   -            107 70568at72274         -             82   5.5e-41  137.4   2.3   1   1     8e-43   4.6e-40  134.4   2.3     2    82     3   106     2   106 0.90 # 65400 # 65720 # 1 # ID=6_65;partial=00;start_type=ATG;rbs_motif=GGA/GAG/AGG;rbs_spacer=5-10bp;gc_cont=0.555
NODE_50_length_38781_cov_44.722343_34   -            447 70568at72274         -             82     2e-05   23.4   0.4   1   2       3.1   1.8e+03   -2.0   0.1    37    68   246   277   238   280 0.80 # 36950 # 38290 # 1 # ID=50_34;partial=00;start_type=ATG;rbs_motif=GGA/GAG/AGG;rbs_spacer=5-10bp;gc_cont=0.623
NODE_50_length_38781_cov_44.722343_34   -            447 70568at72274         -             82     2e-05   23.4   0.4   2   2   1.1e-07   6.5e-05   21.8   0.0    40    81   403   444   398   445 0.94 # 36950 # 38290 # 1 # ID=50_34;partial=00;start_type=ATG;rbs_motif=GGA/GAG/AGG;rbs_spacer=5-10bp;gc_cont=0.623
NODE_18_length_119600_cov_42.302422_107 -            346 70568at72274         -             82   0.00042   19.2   0.4   1   1   1.8e-06     0.001   18.0   0.4    40    78   295   333   289   336 0.90 # 118563 # 119600 # -1 # ID=18_107;partial=01;start_type=Edge;rbs_motif=None;rbs_spacer=None;gc_cont=0.613
NODE_53_length_37563_cov_43.749466_23   -            363 70568at72274         -             82   0.00045   19.1   0.1   1   1   1.8e-06     0.001   18.0   0.1    26    74   286   333   272   339 0.84 # 25811 # 26899 # 1 # ID=53_23;partial=00;start_type=ATG;rbs_motif=GGA/GAG/AGG;rbs_spacer=5-10bp;gc_cont=0.622
NODE_42_length_53771_cov_43.156362_12   -            368 70568at72274         -             82    0.0006   18.7   0.1   1   1   2.1e-06    0.0012   17.8   0.1    13    76   278   340   266   346 0.81 # 10454 # 11557 # 1 # ID=42_12;partial=00;start_type=ATG;rbs_motif=GGAG/GAGG;rbs_spacer=5-10bp;gc_cont=0.619
NODE_10_length_199183_cov_41.836345_72  -            479 70568at72274         -             82   0.00088   18.2   0.0   1   1   3.3e-06    0.0019   17.1   0.0    30    80   414   464   393   466 0.81 # 83570 # 85006 # 1 # ID=10_72;partial=00;start_type=ATG;rbs_motif=AGGAG;rbs_spacer=5-10bp;gc_cont=0.634
NODE_8_length_205641_cov_42.305415_156  -            187 70568at72274         -             82    0.0029   16.5   0.0   1   1   1.1e-05    0.0062   15.5   0.0    47    78   150   181   142   184 0.92 # 166824 # 167384 # -1 # ID=8_156;partial=00;start_type=ATG;rbs_motif=AGGAG;rbs_spacer=5-10bp;gc_cont=0.654
NODE_10_length_199183_cov_41.836345_120 -            462 70568at72274         -             82    0.0035   16.3   0.6   1   2       3.6   2.1e+03   -2.2   0.1    37    68   244   275   242   276 0.75 # 130481 # 131866 # 1 # ID=10_120;partial=00;start_type=ATG;rbs_motif=GGAG/GAGG;rbs_spacer=5-10bp;gc_cont=0.640
NODE_10_length_199183_cov_41.836345_120 -            462 70568at72274         -             82    0.0035   16.3   0.6   2   2   1.4e-05    0.0083   15.1   0.1    40    81   407   448   404   449 0.95 # 130481 # 131866 # 1 # ID=10_120;partial=00;start_type=ATG;rbs_motif=GGAG/GAGG;rbs_spacer=5-10bp;gc_cont=0.640
NODE_48_length_46070_cov_44.410892_20   -            466 70568at72274         -             82    0.0049   15.8   0.0   1   1   1.9e-05     0.011   14.7   0.0    45    77   428   460   416   464 0.88 # 21992 # 23389 # 1 # ID=48_20;partial=00;start_type=ATG;rbs_motif=GGxGG;rbs_spacer=5-10bp;gc_cont=0.616
NODE_12_length_160433_cov_40.733708_153 -            492 70568at72274         -             82     0.005   15.8   0.1   1   1   2.4e-05     0.014   14.4   0.1    39    81   438   480   430   481 0.92 # 147821 # 149296 # 1 # ID=12_153;partial=00;start_type=ATG;rbs_motif=GGA/GAG/AGG;rbs_spacer=11-12bp;gc_cont=0.613
NODE_28_length_96887_cov_40.525679_19   -            635 70568at72274         -             82     0.017   14.1   0.0   1   1   6.9e-05      0.04   12.9   0.0    42    81   593   632   587   633 0.86 # 20227 # 22131 # 1 # ID=28_19;partial=00;start_type=ATG;rbs_motif=AGGA/GGAG/GAGG;rbs_spacer=11-12bp;gc_cont=0.633
#
# Program:         hmmsearch
# Version:         3.1b2 (February 2015)
# Pipeline mode:   SEARCH
# Query file:      /data2/PEG/hoaxaca/REAA/Pseudomonas/bin/busco_downloads/lineages/pseudomonadales_odb10/hmms/70568at72274.hmm
# Target file:     /data2/PEG/hoaxaca/REAA/Pseudomonas/bin/../out/busco/trim_75.spades_kmer/prodigal_output/predicted_genes/predicted.faa
# Option settings: hmmsearch --domtblout /data2/PEG/hoaxaca/REAA/Pseudomonas/bin/../out/busco/trim_75.spades_kmer/run_pseudomonadales_odb10/hmmer_output/70568at72274.out --cpu 1 /data2/PEG/hoaxaca/REAA/Pseudomonas/bin/busco_downloads/lineages/pseudomonadales_odb10/hmms/70568at72274.hmm /data2/PEG/hoaxaca/REAA/Pseudomonas/bin/../out/busco/trim_75.spades_kmer/prodigal_output/predicted_genes/predicted.faa 
# Current dir:     /data2/PEG/hoaxaca/REAA/Pseudomonas/bin
# Date:            Mon Feb 20 00:37:15 2023
# [ok]
