#                                                                                              --- full sequence --- -------------- this domain -------------   hmm coord   ali coord   env coord
# target name                          accession   tlen query name           accession   qlen   E-value  score  bias   #  of  c-Evalue  i-Evalue  score  bias  from    to  from    to  from    to  acc description of target
#                  ------------------- ---------- ----- -------------------- ---------- ----- --------- ------ ----- --- --- --------- --------- ------ ----- ----- ----- ----- ----- ----- ----- ---- ---------------------
NODE_28_length_96887_cov_40.525679_51  -            508 8457at72274          -            414  3.4e-177  588.1  12.3   1   1  5.9e-180  6.2e-177  587.3  12.3     1   413    13   494    13   495 0.88 # 51892 # 53415 # -1 # ID=28_51;partial=00;start_type=ATG;rbs_motif=AGGA;rbs_spacer=5-10bp;gc_cont=0.636
NODE_8_length_205641_cov_42.305415_121 -            283 8457at72274          -            414   0.00046   17.8   0.0   1   2       1.3   1.4e+03   -3.5   0.0   360   376    97   113    94   118 0.79 # 127842 # 128690 # -1 # ID=8_121;partial=00;start_type=ATG;rbs_motif=GGAG/GAGG;rbs_spacer=5-10bp;gc_cont=0.635
NODE_8_length_205641_cov_42.305415_121 -            283 8457at72274          -            414   0.00046   17.8   0.0   2   2   9.1e-07   0.00096   16.8   0.0   296   386   151   248   131   262 0.80 # 127842 # 128690 # -1 # ID=8_121;partial=00;start_type=ATG;rbs_motif=GGAG/GAGG;rbs_spacer=5-10bp;gc_cont=0.635
NODE_33_length_69296_cov_44.754626_35  -            274 8457at72274          -            414    0.0057   14.3   0.0   1   1     7e-06    0.0075   13.9   0.0   279   336   117   172    65   247 0.81 # 40586 # 41407 # 1 # ID=33_35;partial=00;start_type=ATG;rbs_motif=AGGA;rbs_spacer=5-10bp;gc_cont=0.639
NODE_3_length_235490_cov_43.137961_70  -            264 8457at72274          -            414    0.0098   13.5   0.0   1   1   1.2e-05     0.012   13.2   0.0   183   326     9   172     4   200 0.73 # 86359 # 87150 # -1 # ID=3_70;partial=00;start_type=ATG;rbs_motif=GGA/GAG/AGG;rbs_spacer=5-10bp;gc_cont=0.630
NODE_5_length_229610_cov_41.480005_145 -            272 8457at72274          -            414     0.011   13.3   0.0   1   2       1.1   1.2e+03   -3.3   0.0   212   222    32    42    23    46 0.83 # 185672 # 186487 # 1 # ID=5_145;partial=00;start_type=ATG;rbs_motif=AGGA;rbs_spacer=5-10bp;gc_cont=0.609
NODE_5_length_229610_cov_41.480005_145 -            272 8457at72274          -            414     0.011   13.3   0.0   2   2   2.3e-05     0.025   12.2   0.0   295   392   133   238    65   254 0.72 # 185672 # 186487 # 1 # ID=5_145;partial=00;start_type=ATG;rbs_motif=AGGA;rbs_spacer=5-10bp;gc_cont=0.609
NODE_2_length_236949_cov_43.085704_3   -            265 8457at72274          -            414     0.056   11.0   0.0   1   1   8.4e-05     0.088   10.3   0.0   273   363   112   196    67   206 0.76 # 1763 # 2557 # -1 # ID=2_3;partial=00;start_type=ATG;rbs_motif=GGA/GAG/AGG;rbs_spacer=5-10bp;gc_cont=0.540
#
# Program:         hmmsearch
# Version:         3.1b2 (February 2015)
# Pipeline mode:   SEARCH
# Query file:      /data2/PEG/hoaxaca/REAA/Pseudomonas/bin/busco_downloads/lineages/pseudomonadales_odb10/hmms/8457at72274.hmm
# Target file:     /data2/PEG/hoaxaca/REAA/Pseudomonas/bin/../out/busco/trim_75.spades_kmer/prodigal_output/predicted_genes/predicted.faa
# Option settings: hmmsearch --domtblout /data2/PEG/hoaxaca/REAA/Pseudomonas/bin/../out/busco/trim_75.spades_kmer/run_pseudomonadales_odb10/hmmer_output/8457at72274.out --cpu 1 /data2/PEG/hoaxaca/REAA/Pseudomonas/bin/busco_downloads/lineages/pseudomonadales_odb10/hmms/8457at72274.hmm /data2/PEG/hoaxaca/REAA/Pseudomonas/bin/../out/busco/trim_75.spades_kmer/prodigal_output/predicted_genes/predicted.faa 
# Current dir:     /data2/PEG/hoaxaca/REAA/Pseudomonas/bin
# Date:            Mon Feb 20 00:37:17 2023
# [ok]
