#                                                                                               --- full sequence --- -------------- this domain -------------   hmm coord   ali coord   env coord
# target name                           accession   tlen query name           accession   qlen   E-value  score  bias   #  of  c-Evalue  i-Evalue  score  bias  from    to  from    to  from    to  acc description of target
#                   ------------------- ---------- ----- -------------------- ---------- ----- --------- ------ ----- --- --- --------- --------- ------ ----- ----- ----- ----- ----- ----- ----- ---- ---------------------
NODE_21_length_103625_cov_43.206963_74  -            479 8990at72274          -            423  7.4e-227  751.6  16.0   1   1  1.6e-228  4.1e-226  749.2  16.0     1   423     1   471     1   471 0.95 # 75787 # 77223 # 1 # ID=21_74;partial=00;start_type=ATG;rbs_motif=GGAG/GAGG;rbs_spacer=5-10bp;gc_cont=0.576
NODE_32_length_70754_cov_42.115706_13   -            460 8990at72274          -            423  5.6e-100  333.6   5.5   1   1  4.5e-101   1.1e-98  329.3   5.5     6   423     8   458     1   458 0.89 # 12926 # 14305 # 1 # ID=32_13;partial=00;start_type=ATG;rbs_motif=GGAG/GAGG;rbs_spacer=5-10bp;gc_cont=0.636
NODE_14_length_139520_cov_41.636954_31  -            453 8990at72274          -            423     5e-64  215.2   0.4   1   1   6.2e-66   1.6e-63  213.6   0.4     1   409     1   442     1   447 0.84 # 31940 # 33298 # -1 # ID=14_31;partial=00;start_type=ATG;rbs_motif=AGGAG;rbs_spacer=5-10bp;gc_cont=0.610
NODE_4_length_234165_cov_40.976902_126  -            465 8990at72274          -            423   1.1e-53  181.1   0.0   1   1   2.3e-55   5.8e-53  178.7   0.0     4   414     5   456     2   461 0.82 # 127903 # 129297 # -1 # ID=4_126;partial=00;start_type=ATG;rbs_motif=AGGAG;rbs_spacer=5-10bp;gc_cont=0.601
NODE_14_length_139520_cov_41.636954_27  -            518 8990at72274          -            423     2e-12   45.2   1.7   1   1   1.8e-14   4.5e-12   44.0   1.7     2   279   209   489   208   503 0.78 # 27450 # 29003 # -1 # ID=14_27;partial=00;start_type=ATG;rbs_motif=AGGA;rbs_spacer=5-10bp;gc_cont=0.599
NODE_14_length_139520_cov_41.636954_76  -            456 8990at72274          -            423     6e-07   27.1   0.8   1   2    0.0014      0.34    8.2   0.0   151   195   141   185   132   249 0.69 # 69421 # 70788 # -1 # ID=14_76;partial=00;start_type=GTG;rbs_motif=GGAG/GAGG;rbs_spacer=5-10bp;gc_cont=0.645
NODE_14_length_139520_cov_41.636954_76  -            456 8990at72274          -            423     6e-07   27.1   0.8   2   2   4.8e-06    0.0012   16.3   0.2   231   301   372   446   253   452 0.60 # 69421 # 70788 # -1 # ID=14_76;partial=00;start_type=GTG;rbs_motif=GGAG/GAGG;rbs_spacer=5-10bp;gc_cont=0.645
NODE_38_length_63660_cov_39.563057_52   -            818 8990at72274          -            423   1.6e-06   25.7   0.1   1   1     1e-08   2.7e-06   25.0   0.1   115   279   102   281    71   307 0.75 # 57766 # 60219 # -1 # ID=38_52;partial=00;start_type=ATG;rbs_motif=GGAG/GAGG;rbs_spacer=5-10bp;gc_cont=0.604
NODE_16_length_124179_cov_41.687423_16  -            321 8990at72274          -            423   4.4e-05   21.0   2.6   1   2   0.00028     0.072   10.4   0.0     6    33     8    35     2    49 0.84 # 9988 # 10950 # -1 # ID=16_16;partial=00;start_type=ATG;rbs_motif=AGGAG;rbs_spacer=5-10bp;gc_cont=0.623
NODE_16_length_124179_cov_41.687423_16  -            321 8990at72274          -            423   4.4e-05   21.0   2.6   2   2   0.00036     0.092   10.1   0.7   148   280   144   288   101   310 0.70 # 9988 # 10950 # -1 # ID=16_16;partial=00;start_type=ATG;rbs_motif=AGGAG;rbs_spacer=5-10bp;gc_cont=0.623
NODE_31_length_78580_cov_41.529813_44   -            578 8990at72274          -            423   0.00021   18.8   0.1   1   2   1.6e-05     0.004   14.6   0.0     4    52     9    65     6   109 0.79 # 42956 # 44689 # -1 # ID=31_44;partial=00;start_type=GTG;rbs_motif=GGAG/GAGG;rbs_spacer=5-10bp;gc_cont=0.618
NODE_31_length_78580_cov_41.529813_44   -            578 8990at72274          -            423   0.00021   18.8   0.1   2   2      0.12        30    1.8   0.0   259   279   359   379   341   388 0.89 # 42956 # 44689 # -1 # ID=31_44;partial=00;start_type=GTG;rbs_motif=GGAG/GAGG;rbs_spacer=5-10bp;gc_cont=0.618
NODE_6_length_212507_cov_41.251422_137  -            428 8990at72274          -            423   0.00021   18.7   0.6   1   1   1.3e-06   0.00033   18.1   0.6     4    51    27    74    25    79 0.94 # 155214 # 156497 # -1 # ID=6_137;partial=00;start_type=ATG;rbs_motif=GGAG/GAGG;rbs_spacer=5-10bp;gc_cont=0.635
NODE_21_length_103625_cov_43.206963_70  -            592 8990at72274          -            423   0.00047   17.6   0.2   1   2   4.2e-06    0.0011   16.5   0.0     4    51     9    56     6    81 0.78 # 68820 # 70595 # 1 # ID=21_70;partial=00;start_type=ATG;rbs_motif=None;rbs_spacer=None;gc_cont=0.594
NODE_21_length_103625_cov_43.206963_70  -            592 8990at72274          -            423   0.00047   17.6   0.2   2   2       6.4   1.6e+03   -3.9   0.0    24    39   180   195   179   204 0.83 # 68820 # 70595 # 1 # ID=21_70;partial=00;start_type=ATG;rbs_motif=None;rbs_spacer=None;gc_cont=0.594
NODE_1_length_486209_cov_41.704357_347  -            417 8990at72274          -            423   0.00061   17.2   0.0   1   1   5.1e-06    0.0013   16.2   0.0     3    63    31    94    29   111 0.82 # 359831 # 361081 # 1 # ID=1_347;partial=00;start_type=ATG;rbs_motif=GGAG/GAGG;rbs_spacer=5-10bp;gc_cont=0.627
NODE_11_length_186925_cov_42.279989_122 -            631 8990at72274          -            423    0.0015   16.0   0.1   1   1   8.7e-06    0.0022   15.4   0.1     3    46     5    48     3    62 0.86 # 126061 # 127953 # 1 # ID=11_122;partial=00;start_type=GTG;rbs_motif=GGAG/GAGG;rbs_spacer=5-10bp;gc_cont=0.585
NODE_22_length_101384_cov_40.935415_36  -            383 8990at72274          -            423    0.0016   15.8   0.0   1   1   1.2e-05     0.003   15.0   0.0   117   282   102   282    70   321 0.65 # 44476 # 45624 # -1 # ID=22_36;partial=00;start_type=ATG;rbs_motif=AGGAG;rbs_spacer=5-10bp;gc_cont=0.661
NODE_29_length_94829_cov_39.816842_43   -            539 8990at72274          -            423    0.0018   15.7   0.2   1   2     0.002       0.5    7.6   0.1     1    57     1    56     1    76 0.80 # 40434 # 42050 # -1 # ID=29_43;partial=00;start_type=ATG;rbs_motif=GGA/GAG/AGG;rbs_spacer=5-10bp;gc_cont=0.636
NODE_29_length_94829_cov_39.816842_43   -            539 8990at72274          -            423    0.0018   15.7   0.2   2   2    0.0075       1.9    5.7   0.0   257   278   355   376   351   393 0.86 # 40434 # 42050 # -1 # ID=29_43;partial=00;start_type=ATG;rbs_motif=GGA/GAG/AGG;rbs_spacer=5-10bp;gc_cont=0.636
NODE_14_length_139520_cov_41.636954_102 -            680 8990at72274          -            423    0.0022   15.4   3.1   1   2    0.0055       1.4    6.2   0.2     6    36   379   409   374   434 0.74 # 106970 # 109009 # 1 # ID=14_102;partial=00;start_type=ATG;rbs_motif=GGAG/GAGG;rbs_spacer=5-10bp;gc_cont=0.635
NODE_14_length_139520_cov_41.636954_102 -            680 8990at72274          -            423    0.0022   15.4   3.1   2   2   0.00057      0.14    9.4   0.2    99   167   444   517   431   528 0.77 # 106970 # 109009 # 1 # ID=14_102;partial=00;start_type=ATG;rbs_motif=GGAG/GAGG;rbs_spacer=5-10bp;gc_cont=0.635
NODE_1_length_486209_cov_41.704357_349  -           1006 8990at72274          -            423    0.0041   14.5   0.6   1   2   4.9e-05     0.013   12.9   0.1     1    45   167   210   167   213 0.83 # 361396 # 364413 # 1 # ID=1_349;partial=00;start_type=ATG;rbs_motif=GGAG/GAGG;rbs_spacer=5-10bp;gc_cont=0.627
NODE_1_length_486209_cov_41.704357_349  -           1006 8990at72274          -            423    0.0041   14.5   0.6   2   2       1.3   3.4e+02   -1.7   0.1   262   278   455   471   364   492 0.53 # 361396 # 364413 # 1 # ID=1_349;partial=00;start_type=ATG;rbs_motif=GGAG/GAGG;rbs_spacer=5-10bp;gc_cont=0.627
NODE_19_length_107352_cov_42.100236_3   -            473 8990at72274          -            423    0.0051   14.2   0.0   1   2     0.019       4.9    4.4   0.0   149   213   148   222   138   243 0.66 # 5293 # 6711 # 1 # ID=19_3;partial=00;start_type=ATG;rbs_motif=GGAG/GAGG;rbs_spacer=5-10bp;gc_cont=0.611
NODE_19_length_107352_cov_42.100236_3   -            473 8990at72274          -            423    0.0051   14.2   0.0   2   2    0.0025      0.64    7.3   0.0   232   299   393   466   385   469 0.73 # 5293 # 6711 # 1 # ID=19_3;partial=00;start_type=ATG;rbs_motif=GGAG/GAGG;rbs_spacer=5-10bp;gc_cont=0.611
NODE_1_length_486209_cov_41.704357_337  -            687 8990at72274          -            423    0.0065   13.8   0.0   1   1   4.5e-05     0.012   13.0   0.0     6    44   392   429   388   458 0.82 # 346278 # 348338 # 1 # ID=1_337;partial=00;start_type=ATG;rbs_motif=GGAG/GAGG;rbs_spacer=5-10bp;gc_cont=0.624
NODE_52_length_38090_cov_40.641168_27   -            652 8990at72274          -            423    0.0071   13.7   0.0   1   1   5.1e-05     0.013   12.9   0.0     7    52   390   434   386   464 0.86 # 28914 # 30869 # 1 # ID=52_27;partial=00;start_type=ATG;rbs_motif=GGAG/GAGG;rbs_spacer=5-10bp;gc_cont=0.639
NODE_12_length_160433_cov_40.733708_92  -            555 8990at72274          -            423    0.0072   13.7   0.1   1   1   5.5e-05     0.014   12.7   0.1     4    38     7    47     4    65 0.73 # 87359 # 89023 # -1 # ID=12_92;partial=00;start_type=GTG;rbs_motif=AGGAG;rbs_spacer=5-10bp;gc_cont=0.606
NODE_70_length_18845_cov_42.152158_19   -            433 8990at72274          -            423      0.01   13.2   0.4   1   1   6.4e-05     0.016   12.5   0.4     5    48    32    75    29    80 0.90 # 17433 # 18731 # 1 # ID=70_19;partial=00;start_type=ATG;rbs_motif=None;rbs_spacer=None;gc_cont=0.603
NODE_1_length_486209_cov_41.704357_273  -            414 8990at72274          -            423     0.024   12.0   0.2   1   1   0.00014     0.034   11.5   0.2   151   184     3    36     1    44 0.91 # 275249 # 276490 # 1 # ID=1_273;partial=00;start_type=ATG;rbs_motif=GGA/GAG/AGG;rbs_spacer=5-10bp;gc_cont=0.655
NODE_54_length_36680_cov_39.119219_7    -            433 8990at72274          -            423      0.05   10.9   0.6   1   1   0.00029     0.074   10.4   0.6     5    50    29    75    25    84 0.87 # 5131 # 6429 # -1 # ID=54_7;partial=00;start_type=ATG;rbs_motif=GGA/GAG/AGG;rbs_spacer=5-10bp;gc_cont=0.613
NODE_1_length_486209_cov_41.704357_195  -            375 8990at72274          -            423     0.071   10.4   0.1   1   1   0.00042      0.11    9.8   0.1     6    48     3    45     1    50 0.92 # 200050 # 201174 # 1 # ID=1_195;partial=00;start_type=ATG;rbs_motif=GGAG/GAGG;rbs_spacer=5-10bp;gc_cont=0.641
#
# Program:         hmmsearch
# Version:         3.1b2 (February 2015)
# Pipeline mode:   SEARCH
# Query file:      /data2/PEG/hoaxaca/REAA/Pseudomonas/bin/busco_downloads/lineages/pseudomonadales_odb10/hmms/8990at72274.hmm
# Target file:     /data2/PEG/hoaxaca/REAA/Pseudomonas/bin/../out/busco/trim_75.spades_kmer/prodigal_output/predicted_genes/predicted.faa
# Option settings: hmmsearch --domtblout /data2/PEG/hoaxaca/REAA/Pseudomonas/bin/../out/busco/trim_75.spades_kmer/run_pseudomonadales_odb10/hmmer_output/8990at72274.out --cpu 1 /data2/PEG/hoaxaca/REAA/Pseudomonas/bin/busco_downloads/lineages/pseudomonadales_odb10/hmms/8990at72274.hmm /data2/PEG/hoaxaca/REAA/Pseudomonas/bin/../out/busco/trim_75.spades_kmer/prodigal_output/predicted_genes/predicted.faa 
# Current dir:     /data2/PEG/hoaxaca/REAA/Pseudomonas/bin
# Date:            Mon Feb 20 00:37:18 2023
# [ok]
