#                                                                                              --- full sequence --- -------------- this domain -------------   hmm coord   ali coord   env coord
# target name                          accession   tlen query name           accession   qlen   E-value  score  bias   #  of  c-Evalue  i-Evalue  score  bias  from    to  from    to  from    to  acc description of target
#                  ------------------- ---------- ----- -------------------- ---------- ----- --------- ------ ----- --- --- --------- --------- ------ ----- ----- ----- ----- ----- ----- ----- ---- ---------------------
NODE_14_length_139126_cov_47.028587_56 -            558 10595at72274         -            464  4.7e-193  640.8  16.8   1   1  1.6e-195  1.3e-192  639.3  16.8     1   464     1   551     1   551 0.88 # 65188 # 66861 # 1 # ID=14_56;partial=00;start_type=ATG;rbs_motif=GGAG/GAGG;rbs_spacer=5-10bp;gc_cont=0.605
NODE_39_length_54602_cov_38.240147_41  -            236 10595at72274         -            464   0.00027   18.4   0.7   1   2    0.0057       4.6    4.5   0.0     8    44    26    63    21    75 0.85 # 46695 # 47402 # -1 # ID=39_41;partial=00;start_type=ATG;rbs_motif=GGA/GAG/AGG;rbs_spacer=5-10bp;gc_cont=0.637
NODE_39_length_54602_cov_38.240147_41  -            236 10595at72274         -            464   0.00027   18.4   0.7   2   2   1.8e-05     0.014   12.7   0.1   356   430   153   226   106   235 0.82 # 46695 # 47402 # -1 # ID=39_41;partial=00;start_type=ATG;rbs_motif=GGA/GAG/AGG;rbs_spacer=5-10bp;gc_cont=0.637
NODE_73_length_15589_cov_35.127321_4   -            223 10595at72274         -            464   0.00072   17.0   0.4   1   2    0.0032       2.6    5.3   0.0    16    66    24    73    17    85 0.69 # 5245 # 5913 # -1 # ID=73_4;partial=00;start_type=ATG;rbs_motif=GGA/GAG/AGG;rbs_spacer=5-10bp;gc_cont=0.650
NODE_73_length_15589_cov_35.127321_4   -            223 10595at72274         -            464   0.00072   17.0   0.4   2   2   0.00011     0.085   10.2   0.0   378   432   159   215   131   222 0.73 # 5245 # 5913 # -1 # ID=73_4;partial=00;start_type=ATG;rbs_motif=GGA/GAG/AGG;rbs_spacer=5-10bp;gc_cont=0.650
NODE_2_length_306509_cov_38.263647_259 -            387 10595at72274         -            464    0.0018   15.7   0.2   1   2   6.2e-06     0.005   14.3   0.0     1    57     1    55     1    79 0.86 # 298977 # 300137 # 1 # ID=2_259;partial=00;start_type=ATG;rbs_motif=None;rbs_spacer=None;gc_cont=0.641
NODE_2_length_306509_cov_38.263647_259 -            387 10595at72274         -            464    0.0018   15.7   0.2   2   2      0.31   2.5e+02   -1.2   0.1   396   421   325   350   281   375 0.80 # 298977 # 300137 # 1 # ID=2_259;partial=00;start_type=ATG;rbs_motif=None;rbs_spacer=None;gc_cont=0.641
NODE_67_length_17658_cov_36.660827_15  -            503 10595at72274         -            464     0.016   12.6   3.0   1   3     0.003       2.4    5.4   0.1    15    43    22    51    16    63 0.86 # 14934 # 16442 # -1 # ID=67_15;partial=00;start_type=ATG;rbs_motif=GGAG/GAGG;rbs_spacer=5-10bp;gc_cont=0.604
NODE_67_length_17658_cov_36.660827_15  -            503 10595at72274         -            464     0.016   12.6   3.0   2   3       1.4   1.1e+03   -3.4   0.0   376   414   160   199   152   204 0.79 # 14934 # 16442 # -1 # ID=67_15;partial=00;start_type=ATG;rbs_motif=GGAG/GAGG;rbs_spacer=5-10bp;gc_cont=0.604
NODE_67_length_17658_cov_36.660827_15  -            503 10595at72274         -            464     0.016   12.6   3.0   3   3    0.0009      0.72    7.1   0.1   374   441   414   484   398   497 0.71 # 14934 # 16442 # -1 # ID=67_15;partial=00;start_type=ATG;rbs_motif=GGAG/GAGG;rbs_spacer=5-10bp;gc_cont=0.604
NODE_12_length_152381_cov_38.336288_30 -            573 10595at72274         -            464     0.017   12.5   0.0   1   2    0.0017       1.4    6.2   0.0    16    43   356   384   348   389 0.84 # 42670 # 44388 # 1 # ID=12_30;partial=00;start_type=ATG;rbs_motif=GGA/GAG/AGG;rbs_spacer=5-10bp;gc_cont=0.485
NODE_12_length_152381_cov_38.336288_30 -            573 10595at72274         -            464     0.017   12.5   0.0   2   2    0.0092       7.4    3.8   0.0   355   424   466   532   457   556 0.79 # 42670 # 44388 # 1 # ID=12_30;partial=00;start_type=ATG;rbs_motif=GGA/GAG/AGG;rbs_spacer=5-10bp;gc_cont=0.485
NODE_41_length_50826_cov_41.331002_23  -            653 10595at72274         -            464     0.042   11.2   4.5   1   2    0.0035       2.8    5.2   0.3    13    43    25    56    20    65 0.83 # 22206 # 24164 # -1 # ID=41_23;partial=00;start_type=ATG;rbs_motif=GGxGG;rbs_spacer=5-10bp;gc_cont=0.614
NODE_41_length_50826_cov_41.331002_23  -            653 10595at72274         -            464     0.042   11.2   4.5   2   2   0.00073      0.59    7.4   0.5   356   430   147   219   144   229 0.74 # 22206 # 24164 # -1 # ID=41_23;partial=00;start_type=ATG;rbs_motif=GGxGG;rbs_spacer=5-10bp;gc_cont=0.614
NODE_33_length_70147_cov_38.643328_17  -            323 10595at72274         -            464     0.078   10.3   5.4   1   2   0.00062       0.5    7.7   0.2    12    42    21    52    16    58 0.85 # 20818 # 21786 # -1 # ID=33_17;partial=00;start_type=ATG;rbs_motif=AGGAG;rbs_spacer=5-10bp;gc_cont=0.627
NODE_33_length_70147_cov_38.643328_17  -            323 10595at72274         -            464     0.078   10.3   5.4   2   2    0.0043       3.5    4.9   0.9   355   435   153   232   111   239 0.76 # 20818 # 21786 # -1 # ID=33_17;partial=00;start_type=ATG;rbs_motif=AGGAG;rbs_spacer=5-10bp;gc_cont=0.627
#
# Program:         hmmsearch
# Version:         3.1b2 (February 2015)
# Pipeline mode:   SEARCH
# Query file:      /data2/PEG/hoaxaca/REAA/Pseudomonas/bin/busco_downloads/lineages/pseudomonadales_odb10/hmms/10595at72274.hmm
# Target file:     /data2/PEG/hoaxaca/REAA/Pseudomonas/bin/../out/busco/trim_130.spades_def/prodigal_output/predicted_genes/predicted.faa
# Option settings: hmmsearch --domtblout /data2/PEG/hoaxaca/REAA/Pseudomonas/bin/../out/busco/trim_130.spades_def/run_pseudomonadales_odb10/hmmer_output/10595at72274.out --cpu 1 /data2/PEG/hoaxaca/REAA/Pseudomonas/bin/busco_downloads/lineages/pseudomonadales_odb10/hmms/10595at72274.hmm /data2/PEG/hoaxaca/REAA/Pseudomonas/bin/../out/busco/trim_130.spades_def/prodigal_output/predicted_genes/predicted.faa 
# Current dir:     /data2/PEG/hoaxaca/REAA/Pseudomonas/bin
# Date:            Mon Feb 20 00:28:46 2023
# [ok]
