#                                                                                               --- full sequence --- -------------- this domain -------------   hmm coord   ali coord   env coord
# target name                           accession   tlen query name           accession   qlen   E-value  score  bias   #  of  c-Evalue  i-Evalue  score  bias  from    to  from    to  from    to  acc description of target
#                   ------------------- ---------- ----- -------------------- ---------- ----- --------- ------ ----- --- --- --------- --------- ------ ----- ----- ----- ----- ----- ----- ----- ---- ---------------------
NODE_4_length_234169_cov_37.461050_126  -            465 10683at72274         -            448    1e-271  899.8   0.1   1   1  5.4e-274  1.1e-271  899.6   0.1     1   448     4   464     4   464 0.98 # 127905 # 129299 # -1 # ID=4_126;partial=00;start_type=ATG;rbs_motif=AGGAG;rbs_spacer=5-10bp;gc_cont=0.601
NODE_21_length_103627_cov_39.260850_22  -            479 10683at72274         -            448   3.7e-58  195.9   0.4   1   1   2.2e-60   4.6e-58  195.6   0.4     2   441     4   463     3   468 0.88 # 26405 # 27841 # -1 # ID=21_22;partial=00;start_type=ATG;rbs_motif=GGAG/GAGG;rbs_spacer=5-10bp;gc_cont=0.576
NODE_13_length_139524_cov_37.894964_101 -            453 10683at72274         -            448   2.4e-56  189.9   0.0   1   1   1.4e-58     3e-56  189.6   0.0     1   436     3   443     3   448 0.93 # 106225 # 107583 # 1 # ID=13_101;partial=00;start_type=ATG;rbs_motif=AGGAG;rbs_spacer=5-10bp;gc_cont=0.611
NODE_16_length_126463_cov_38.500032_13  -            460 10683at72274         -            448   7.5e-46  155.3   0.0   1   1   4.5e-48   9.4e-46  155.0   0.0     6   444    10   453     6   457 0.88 # 12928 # 14307 # 1 # ID=16_13;partial=00;start_type=ATG;rbs_motif=GGAG/GAGG;rbs_spacer=5-10bp;gc_cont=0.636
NODE_38_length_63664_cov_35.979697_3    -            818 10683at72274         -            448   2.1e-10   38.5   0.2   1   2     2e-12   4.1e-10   37.5   0.0    79   307    48   284    33   306 0.81 # 3444 # 5897 # 1 # ID=38_3;partial=00;start_type=ATG;rbs_motif=GGAG/GAGG;rbs_spacer=5-10bp;gc_cont=0.604
NODE_38_length_63664_cov_35.979697_3    -            818 10683at72274         -            448   2.1e-10   38.5   0.2   2   2       6.1   1.3e+03   -3.7   0.2    14    51   399   438   399   452 0.66 # 3444 # 5897 # 1 # ID=38_3;partial=00;start_type=ATG;rbs_motif=GGAG/GAGG;rbs_spacer=5-10bp;gc_cont=0.604
NODE_1_length_570323_cov_37.907400_223  -            383 10683at72274         -            448   6.6e-09   33.5   0.0   1   1   4.8e-11   9.8e-09   33.0   0.0   162   304   138   277    87   285 0.81 # 242817 # 243965 # 1 # ID=1_223;partial=00;start_type=ATG;rbs_motif=AGGAG;rbs_spacer=5-10bp;gc_cont=0.661
NODE_13_length_139524_cov_37.894964_30  -            680 10683at72274         -            448   3.1e-07   28.0   0.9   1   2   1.9e-06   0.00039   17.8   0.2     5    50   380   425   377   441 0.90 # 30514 # 32553 # -1 # ID=13_30;partial=00;start_type=ATG;rbs_motif=GGAG/GAGG;rbs_spacer=5-10bp;gc_cont=0.636
NODE_13_length_139524_cov_37.894964_30  -            680 10683at72274         -            448   3.1e-07   28.0   0.9   2   2   0.00087      0.18    9.0   0.0   122   187   451   520   418   530 0.77 # 30514 # 32553 # -1 # ID=13_30;partial=00;start_type=ATG;rbs_motif=GGAG/GAGG;rbs_spacer=5-10bp;gc_cont=0.636
NODE_13_length_139524_cov_37.894964_105 -            518 10683at72274         -            448   4.2e-07   27.6   0.7   1   2   1.4e-05    0.0029   14.9   0.3     3    34   212   243   210   256 0.87 # 110520 # 112073 # 1 # ID=13_105;partial=00;start_type=ATG;rbs_motif=AGGA;rbs_spacer=5-10bp;gc_cont=0.600
NODE_13_length_139524_cov_37.894964_105 -            518 10683at72274         -            448   4.2e-07   27.6   0.7   2   2   0.00036     0.075   10.3   0.0   128   308   312   493   268   511 0.69 # 110520 # 112073 # 1 # ID=13_105;partial=00;start_type=ATG;rbs_motif=AGGA;rbs_spacer=5-10bp;gc_cont=0.600
NODE_8_length_205580_cov_38.170825_203  -            506 10683at72274         -            448   1.4e-06   25.9   0.0   1   2       1.2   2.6e+02   -1.4   0.0     6    25   119   138   117   151 0.81 # 193904 # 195421 # -1 # ID=8_203;partial=00;start_type=ATG;rbs_motif=AGGAG;rbs_spacer=5-10bp;gc_cont=0.628
NODE_8_length_205580_cov_38.170825_203  -            506 10683at72274         -            448   1.4e-06   25.9   0.0   2   2   2.2e-08   4.6e-06   24.1   0.0   156   307   243   390   212   396 0.86 # 193904 # 195421 # -1 # ID=8_203;partial=00;start_type=ATG;rbs_motif=AGGAG;rbs_spacer=5-10bp;gc_cont=0.628
NODE_9_length_204135_cov_38.603500_70   -           1006 10683at72274         -            448   5.4e-06   23.9   0.0   1   1   4.9e-08     1e-05   23.0   0.0     3    40   171   208   169   217 0.95 # 79488 # 82505 # 1 # ID=9_70;partial=00;start_type=ATG;rbs_motif=GGAG/GAGG;rbs_spacer=5-10bp;gc_cont=0.627
NODE_13_length_139524_cov_37.894964_56  -            456 10683at72274         -            448   7.4e-06   23.5   1.8   1   3   0.00012     0.025   11.8   0.1     5    39   143   177   141   186 0.93 # 68735 # 70102 # 1 # ID=13_56;partial=00;start_type=GTG;rbs_motif=GGAG/GAGG;rbs_spacer=5-10bp;gc_cont=0.645
NODE_13_length_139524_cov_37.894964_56  -            456 10683at72274         -            448   7.4e-06   23.5   1.8   2   3       1.8   3.7e+02   -1.9   0.1     5    34   277   307   275   322 0.77 # 68735 # 70102 # 1 # ID=13_56;partial=00;start_type=GTG;rbs_motif=GGAG/GAGG;rbs_spacer=5-10bp;gc_cont=0.645
NODE_13_length_139524_cov_37.894964_56  -            456 10683at72274         -            448   7.4e-06   23.5   1.8   3   3   0.00042     0.087   10.1   0.0   280   325   398   445   366   450 0.76 # 68735 # 70102 # 1 # ID=13_56;partial=00;start_type=GTG;rbs_motif=GGAG/GAGG;rbs_spacer=5-10bp;gc_cont=0.645
NODE_17_length_124183_cov_38.018597_16  -            321 10683at72274         -            448     2e-05   22.1   0.2   1   2   0.00043     0.089   10.0   0.0     5    40     9    43     6    54 0.80 # 9990 # 10952 # -1 # ID=17_16;partial=00;start_type=ATG;rbs_motif=AGGAG;rbs_spacer=5-10bp;gc_cont=0.623
NODE_17_length_124183_cov_38.018597_16  -            321 10683at72274         -            448     2e-05   22.1   0.2   2   2   0.00039      0.08   10.2   0.0   129   305   105   288    65   306 0.80 # 9990 # 10952 # -1 # ID=17_16;partial=00;start_type=ATG;rbs_motif=AGGAG;rbs_spacer=5-10bp;gc_cont=0.623
NODE_9_length_204135_cov_38.603500_58   -            687 10683at72274         -            448   6.5e-05   20.4   0.0   1   1   5.2e-07   0.00011   19.6   0.0     4    50   392   438   390   461 0.86 # 64370 # 66430 # 1 # ID=9_58;partial=00;start_type=ATG;rbs_motif=GGAG/GAGG;rbs_spacer=5-10bp;gc_cont=0.624
NODE_48_length_39804_cov_36.393108_27   -            652 10683at72274         -            448   0.00019   18.8   0.0   1   2   4.1e-05    0.0086   13.4   0.2     5    42   390   427   387   437 0.89 # 30626 # 32581 # 1 # ID=48_27;partial=00;start_type=ATG;rbs_motif=GGAG/GAGG;rbs_spacer=5-10bp;gc_cont=0.639
NODE_48_length_39804_cov_36.393108_27   -            652 10683at72274         -            448   0.00019   18.8   0.0   2   2     0.072        15    2.7   0.0   129   272   471   618   450   631 0.71 # 30626 # 32581 # 1 # ID=48_27;partial=00;start_type=ATG;rbs_motif=GGAG/GAGG;rbs_spacer=5-10bp;gc_cont=0.639
NODE_2_length_306509_cov_38.263647_82   -            473 10683at72274         -            448   0.00025   18.4   0.0   1   2   0.00082      0.17    9.1   0.0     5    57   152   202   150   241 0.80 # 100644 # 102062 # -1 # ID=2_82;partial=00;start_type=ATG;rbs_motif=GGAG/GAGG;rbs_spacer=5-10bp;gc_cont=0.611
NODE_2_length_306509_cov_38.263647_82   -            473 10683at72274         -            448   0.00025   18.4   0.0   2   2    0.0032      0.67    7.1   0.0   272   324   410   466   386   469 0.80 # 100644 # 102062 # -1 # ID=2_82;partial=00;start_type=ATG;rbs_motif=GGAG/GAGG;rbs_spacer=5-10bp;gc_cont=0.611
NODE_32_length_78575_cov_37.925833_44   -            578 10683at72274         -            448   0.00074   16.9   0.5   1   2    0.0002     0.042   11.1   0.1     2    35     9    44     8    60 0.81 # 42949 # 44682 # -1 # ID=32_44;partial=00;start_type=GTG;rbs_motif=GGAG/GAGG;rbs_spacer=5-10bp;gc_cont=0.618
NODE_32_length_78575_cov_37.925833_44   -            578 10683at72274         -            448   0.00074   16.9   0.5   2   2     0.035       7.3    3.7   0.0   271   308   345   383   334   405 0.73 # 42949 # 44682 # -1 # ID=32_44;partial=00;start_type=GTG;rbs_motif=GGAG/GAGG;rbs_spacer=5-10bp;gc_cont=0.618
NODE_20_length_107058_cov_38.472495_91  -            525 10683at72274         -            448    0.0018   15.6   0.0   1   1   1.4e-05    0.0029   14.9   0.0     4    44    52    92    50   135 0.82 # 92937 # 94511 # -1 # ID=20_91;partial=00;start_type=ATG;rbs_motif=AGGAG;rbs_spacer=5-10bp;gc_cont=0.635
NODE_9_length_204135_cov_38.603500_32   -            393 10683at72274         -            448     0.002   15.4   0.2   1   1   1.4e-05     0.003   14.9   0.2     4    39     5    40     2    59 0.91 # 33320 # 34498 # -1 # ID=9_32;partial=00;start_type=GTG;rbs_motif=GGAG/GAGG;rbs_spacer=5-10bp;gc_cont=0.618
NODE_11_length_160437_cov_37.143278_92  -            555 10683at72274         -            448    0.0025   15.2   0.1   1   1   1.8e-05    0.0037   14.6   0.1     2    40     7    51     6    65 0.77 # 87361 # 89025 # -1 # ID=11_92;partial=00;start_type=GTG;rbs_motif=AGGAG;rbs_spacer=5-10bp;gc_cont=0.606
NODE_7_length_206175_cov_38.343773_4    -            296 10683at72274         -            448    0.0029   14.9   0.1   1   2   4.6e-05    0.0096   13.2   0.1     2    35     2    35     1    46 0.89 # 1908 # 2795 # 1 # ID=7_4;partial=00;start_type=ATG;rbs_motif=GGAG/GAGG;rbs_spacer=5-10bp;gc_cont=0.636
NODE_7_length_206175_cov_38.343773_4    -            296 10683at72274         -            448    0.0029   14.9   0.1   2   2      0.99   2.1e+02   -1.1   0.0   284   303   248   267   207   288 0.81 # 1908 # 2795 # 1 # ID=7_4;partial=00;start_type=ATG;rbs_motif=GGAG/GAGG;rbs_spacer=5-10bp;gc_cont=0.636
NODE_166_length_263_cov_0.795699_1      -             87 10683at72274         -            448    0.0035   14.6   0.0   1   1   1.8e-05    0.0038   14.6   0.0   192   273     2    86     1    87 0.88 # 3 # 263 # 1 # ID=166_1;partial=11;start_type=Edge;rbs_motif=None;rbs_spacer=None;gc_cont=0.552
NODE_34_length_69300_cov_40.592101_49   -            530 10683at72274         -            448    0.0045   14.3   0.0   1   1   3.3e-05    0.0069   13.7   0.0     2    35     6    39     5    43 0.90 # 63476 # 65065 # -1 # ID=34_49;partial=00;start_type=ATG;rbs_motif=GGA/GAG/AGG;rbs_spacer=5-10bp;gc_cont=0.621
NODE_6_length_212516_cov_37.602644_137  -            428 10683at72274         -            448    0.0048   14.2   1.3   1   1   3.2e-05    0.0067   13.7   1.3     2    47    27    73    26    77 0.86 # 155221 # 156504 # -1 # ID=6_137;partial=00;start_type=ATG;rbs_motif=GGAG/GAGG;rbs_spacer=5-10bp;gc_cont=0.635
NODE_21_length_103627_cov_39.260850_26  -            592 10683at72274         -            448     0.011   13.1   0.1   1   1   8.3e-05     0.017   12.4   0.1     2    32     9    39     8    53 0.93 # 33033 # 34808 # -1 # ID=21_26;partial=00;start_type=ATG;rbs_motif=None;rbs_spacer=None;gc_cont=0.594
NODE_68_length_17250_cov_39.301520_2    -            368 10683at72274         -            448     0.013   12.8   0.2   1   2   0.00012     0.024   11.9   0.1     3    35     4    35     2    48 0.84 # 1170 # 2273 # -1 # ID=68_2;partial=00;start_type=ATG;rbs_motif=GGAGG;rbs_spacer=5-10bp;gc_cont=0.651
NODE_68_length_17250_cov_39.301520_2    -            368 10683at72274         -            448     0.013   12.8   0.2   2   2       5.3   1.1e+03   -3.5   0.0   213   262   153   202   150   207 0.72 # 1170 # 2273 # -1 # ID=68_2;partial=00;start_type=ATG;rbs_motif=GGAGG;rbs_spacer=5-10bp;gc_cont=0.651
NODE_1_length_570323_cov_37.907400_531  -            414 10683at72274         -            448     0.023   12.0   0.5   1   2   0.00021     0.044   11.0   0.4     4    42     4    42     1    48 0.91 # 563659 # 564900 # 1 # ID=1_531;partial=00;start_type=ATG;rbs_motif=GGA/GAG/AGG;rbs_spacer=5-10bp;gc_cont=0.655
NODE_1_length_570323_cov_37.907400_531  -            414 10683at72274         -            448     0.023   12.0   0.5   2   2         5     1e+03   -3.4   0.0   119   140   233   254   225   256 0.87 # 563659 # 564900 # 1 # ID=1_531;partial=00;start_type=ATG;rbs_motif=GGA/GAG/AGG;rbs_spacer=5-10bp;gc_cont=0.655
NODE_9_length_204135_cov_38.603500_68   -            417 10683at72274         -            448     0.025   11.9   0.0   1   1   0.00017     0.035   11.4   0.0     3    48    33    80    31   105 0.87 # 77923 # 79173 # 1 # ID=9_68;partial=00;start_type=ATG;rbs_motif=GGAG/GAGG;rbs_spacer=5-10bp;gc_cont=0.627
NODE_68_length_17250_cov_39.301520_3    -            448 10683at72274         -            448     0.054   10.8   0.4   1   3    0.0021      0.44    7.7   0.0     5    40     4    39     2    58 0.91 # 2270 # 3613 # -1 # ID=68_3;partial=00;start_type=ATG;rbs_motif=None;rbs_spacer=None;gc_cont=0.645
NODE_68_length_17250_cov_39.301520_3    -            448 10683at72274         -            448     0.054   10.8   0.4   2   3      0.79   1.6e+02   -0.7   0.0     7    33   153   179   150   193 0.77 # 2270 # 3613 # -1 # ID=68_3;partial=00;start_type=ATG;rbs_motif=None;rbs_spacer=None;gc_cont=0.645
NODE_68_length_17250_cov_39.301520_3    -            448 10683at72274         -            448     0.054   10.8   0.4   3   3       1.4   2.8e+02   -1.5   0.1   249   321   240   314   205   322 0.59 # 2270 # 3613 # -1 # ID=68_3;partial=00;start_type=ATG;rbs_motif=None;rbs_spacer=None;gc_cont=0.645
NODE_1_length_570323_cov_37.907400_287  -            434 10683at72274         -            448     0.076   10.3   0.1   1   1   0.00055      0.11    9.7   0.1     5    39     3    37     1    49 0.88 # 315180 # 316481 # 1 # ID=1_287;partial=00;start_type=ATG;rbs_motif=GGAG/GAGG;rbs_spacer=5-10bp;gc_cont=0.619
NODE_26_length_96877_cov_37.053781_16   -            411 10683at72274         -            448     0.098    9.9   0.2   1   1   0.00082      0.17    9.1   0.2     5    39    11    45     8    60 0.90 # 13538 # 14770 # 1 # ID=26_16;partial=00;start_type=ATG;rbs_motif=None;rbs_spacer=None;gc_cont=0.624
NODE_27_length_94916_cov_37.049589_29   -            418 10683at72274         -            448      0.12    9.6   0.1   1   1   0.00087      0.18    9.0   0.1     4    45     8    53     5    61 0.79 # 34986 # 36239 # -1 # ID=27_29;partial=00;start_type=ATG;rbs_motif=GGA/GAG/AGG;rbs_spacer=11-12bp;gc_cont=0.633
#
# Program:         hmmsearch
# Version:         3.1b2 (February 2015)
# Pipeline mode:   SEARCH
# Query file:      /data2/PEG/hoaxaca/REAA/Pseudomonas/bin/busco_downloads/lineages/pseudomonadales_odb10/hmms/10683at72274.hmm
# Target file:     /data2/PEG/hoaxaca/REAA/Pseudomonas/bin/../out/busco/trim_130.spades_def/prodigal_output/predicted_genes/predicted.faa
# Option settings: hmmsearch --domtblout /data2/PEG/hoaxaca/REAA/Pseudomonas/bin/../out/busco/trim_130.spades_def/run_pseudomonadales_odb10/hmmer_output/10683at72274.out --cpu 1 /data2/PEG/hoaxaca/REAA/Pseudomonas/bin/busco_downloads/lineages/pseudomonadales_odb10/hmms/10683at72274.hmm /data2/PEG/hoaxaca/REAA/Pseudomonas/bin/../out/busco/trim_130.spades_def/prodigal_output/predicted_genes/predicted.faa 
# Current dir:     /data2/PEG/hoaxaca/REAA/Pseudomonas/bin
# Date:            Mon Feb 20 00:28:46 2023
# [ok]
