#                                                                                               --- full sequence --- -------------- this domain -------------   hmm coord   ali coord   env coord
# target name                           accession   tlen query name           accession   qlen   E-value  score  bias   #  of  c-Evalue  i-Evalue  score  bias  from    to  from    to  from    to  acc description of target
#                   ------------------- ---------- ----- -------------------- ---------- ----- --------- ------ ----- --- --- --------- --------- ------ ----- ----- ----- ----- ----- ----- ----- ---- ---------------------
NODE_11_length_160437_cov_37.143278_20  -            539 11534at72274         -            422  1.3e-165  550.0   7.1   1   2  1.7e-114  1.5e-112  375.2   2.8     1   319     2   399     2   408 0.86 # 18898 # 20514 # 1 # ID=11_20;partial=00;start_type=GTG;rbs_motif=None;rbs_spacer=None;gc_cont=0.640
NODE_11_length_160437_cov_37.143278_20  -            539 11534at72274         -            422  1.3e-165  550.0   7.1   2   2     1e-52   8.6e-51  171.7   0.1   321   422   420   533   411   533 0.94 # 18898 # 20514 # 1 # ID=11_20;partial=00;start_type=GTG;rbs_motif=None;rbs_spacer=None;gc_cont=0.640
NODE_47_length_41749_cov_35.960165_30   -            426 11534at72274         -            422   2.2e-69  233.0   2.4   1   1   4.2e-70   3.6e-68  229.0   2.4   170   419   135   422    72   425 0.82 # 36154 # 37431 # -1 # ID=47_30;partial=00;start_type=ATG;rbs_motif=GGAGG;rbs_spacer=5-10bp;gc_cont=0.633
NODE_55_length_36014_cov_37.108662_10   -            432 11534at72274         -            422   1.6e-68  230.1   0.4   1   1   1.8e-68   1.5e-66  223.6   0.4    91   418    40   428    21   431 0.69 # 9015 # 10310 # -1 # ID=55_10;partial=00;start_type=ATG;rbs_motif=GGA/GAG/AGG;rbs_spacer=5-10bp;gc_cont=0.644
NODE_37_length_65277_cov_39.445905_64   -            432 11534at72274         -            422   3.5e-40  136.8   0.0   1   1   1.3e-41   1.1e-39  135.2   0.0   155   415   129   422    73   427 0.75 # 56313 # 57608 # -1 # ID=37_64;partial=00;start_type=ATG;rbs_motif=GGAG/GAGG;rbs_spacer=5-10bp;gc_cont=0.632
NODE_30_length_81004_cov_38.527587_43   -            464 11534at72274         -            422   6.8e-38  129.2   1.8   1   1   1.2e-39   1.1e-37  128.6   1.8   162   408   180   447   160   460 0.73 # 42555 # 43946 # -1 # ID=30_43;partial=00;start_type=GTG;rbs_motif=None;rbs_spacer=None;gc_cont=0.601
NODE_54_length_36247_cov_38.379043_28   -            346 11534at72274         -            422   1.5e-37  128.1   0.9   1   1   1.9e-39   1.6e-37  128.0   0.0   174   419    72   343    64   345 0.81 # 28982 # 30019 # 1 # ID=54_28;partial=00;start_type=ATG;rbs_motif=GGA/GAG/AGG;rbs_spacer=5-10bp;gc_cont=0.649
NODE_2_length_306509_cov_38.263647_227  -            438 11534at72274         -            422   3.4e-37  127.0   0.1   1   1   8.6e-39   7.4e-37  125.8   0.1   174   407   153   415   131   427 0.77 # 260111 # 261424 # -1 # ID=2_227;partial=00;start_type=ATG;rbs_motif=None;rbs_spacer=None;gc_cont=0.618
NODE_10_length_184374_cov_39.267226_44  -            440 11534at72274         -            422   4.8e-35  119.9   0.0   1   1   8.7e-37   7.4e-35  119.2   0.0   171   419   163   438   152   439 0.78 # 45911 # 47230 # 1 # ID=10_44;partial=00;start_type=ATG;rbs_motif=None;rbs_spacer=None;gc_cont=0.627
NODE_73_length_15589_cov_35.127321_14   -            435 11534at72274         -            422   2.8e-34  117.3   0.2   1   1   6.8e-36   5.8e-34  116.3   0.2   156   406   148   420   129   428 0.71 # 14135 # 15439 # 1 # ID=73_14;partial=00;start_type=ATG;rbs_motif=GGA/GAG/AGG;rbs_spacer=5-10bp;gc_cont=0.634
NODE_57_length_31553_cov_37.255210_16   -            448 11534at72274         -            422   8.7e-34  115.7   0.4   1   2      0.97        83    0.5   0.0     1    30     2    32     2    50 0.89 # 18792 # 20135 # -1 # ID=57_16;partial=00;start_type=GTG;rbs_motif=GGAG/GAGG;rbs_spacer=5-10bp;gc_cont=0.656
NODE_57_length_31553_cov_37.255210_16   -            448 11534at72274         -            422   8.7e-34  115.7   0.4   2   2   1.3e-34   1.1e-32  112.1   0.2   162   407   143   426   118   439 0.69 # 18792 # 20135 # -1 # ID=57_16;partial=00;start_type=GTG;rbs_motif=GGAG/GAGG;rbs_spacer=5-10bp;gc_cont=0.656
NODE_25_length_96941_cov_38.406611_70   -            490 11534at72274         -            422   3.7e-33  113.6   0.0   1   1   3.4e-34   2.9e-32  110.7   0.0   164   413   208   478   190   487 0.77 # 77990 # 79459 # -1 # ID=25_70;partial=00;start_type=ATG;rbs_motif=None;rbs_spacer=None;gc_cont=0.632
NODE_11_length_160437_cov_37.143278_41  -            457 11534at72274         -            422   4.8e-33  113.3   1.0   1   1     9e-34   7.7e-32  109.3   1.0   177   403   179   439   157   448 0.74 # 39112 # 40482 # 1 # ID=11_41;partial=00;start_type=ATG;rbs_motif=GGA/GAG/AGG;rbs_spacer=5-10bp;gc_cont=0.631
NODE_17_length_124183_cov_38.018597_104 -            468 11534at72274         -            422   1.5e-30  105.0   0.6   1   1   1.2e-31   9.9e-30  102.4   0.6   117   406   114   446    97   461 0.76 # 94922 # 96325 # 1 # ID=17_104;partial=00;start_type=ATG;rbs_motif=GGAGG;rbs_spacer=5-10bp;gc_cont=0.631
NODE_3_length_236953_cov_39.268499_91   -            466 11534at72274         -            422   1.5e-28   98.5   0.2   1   2   8.2e-15     7e-13   46.8   0.1   174   286   168   290   119   324 0.75 # 96973 # 98370 # 1 # ID=3_91;partial=00;start_type=ATG;rbs_motif=GGAG/GAGG;rbs_spacer=5-10bp;gc_cont=0.635
NODE_3_length_236953_cov_39.268499_91   -            466 11534at72274         -            422   1.5e-28   98.5   0.2   2   2     1e-15   8.7e-14   49.8   0.0   306   416   335   454   327   460 0.78 # 96973 # 98370 # 1 # ID=3_91;partial=00;start_type=ATG;rbs_motif=GGAG/GAGG;rbs_spacer=5-10bp;gc_cont=0.635
NODE_1_length_570323_cov_37.907400_30   -            596 11534at72274         -            422   2.7e-27   94.3   9.6   1   2   1.3e-05    0.0011   16.6   2.2    13   272    16   281     9   288 0.64 # 30192 # 31979 # 1 # ID=1_30;partial=00;start_type=ATG;rbs_motif=GGA/GAG/AGG;rbs_spacer=5-10bp;gc_cont=0.606
NODE_1_length_570323_cov_37.907400_30   -            596 11534at72274         -            422   2.7e-27   94.3   9.6   2   2   6.1e-23   5.2e-21   73.6   0.9   240   419   376   594   367   595 0.72 # 30192 # 31979 # 1 # ID=1_30;partial=00;start_type=ATG;rbs_motif=GGA/GAG/AGG;rbs_spacer=5-10bp;gc_cont=0.606
NODE_27_length_94916_cov_37.049589_48   -            471 11534at72274         -            422   3.6e-25   87.3   2.4   1   1   4.2e-27   3.6e-25   87.3   2.4   166   408   170   452   156   464 0.74 # 54226 # 55638 # -1 # ID=27_48;partial=00;start_type=ATG;rbs_motif=None;rbs_spacer=None;gc_cont=0.640
NODE_11_length_160437_cov_37.143278_39  -            918 11534at72274         -            422   3.6e-24   84.0   3.9   1   3   4.6e-07   3.9e-05   21.3   0.2   166   237   173   243   162   264 0.76 # 35438 # 38191 # -1 # ID=11_39;partial=00;start_type=GTG;rbs_motif=AGGAG;rbs_spacer=5-10bp;gc_cont=0.634
NODE_11_length_160437_cov_37.143278_39  -            918 11534at72274         -            422   3.6e-24   84.0   3.9   2   3     9e-05    0.0077   13.8   0.0   239   305   284   357   274   370 0.75 # 35438 # 38191 # -1 # ID=11_39;partial=00;start_type=GTG;rbs_motif=AGGAG;rbs_spacer=5-10bp;gc_cont=0.634
NODE_11_length_160437_cov_37.143278_39  -            918 11534at72274         -            422   3.6e-24   84.0   3.9   3   3   1.9e-14   1.7e-12   45.6   0.5   298   411   372   501   363   513 0.80 # 35438 # 38191 # -1 # ID=11_39;partial=00;start_type=GTG;rbs_motif=AGGAG;rbs_spacer=5-10bp;gc_cont=0.634
NODE_15_length_135443_cov_38.650429_101 -            455 11534at72274         -            422   8.4e-23   79.5   0.9   1   1   4.3e-24   3.7e-22   77.4   0.9   156   413   147   446   133   454 0.70 # 102088 # 103452 # 1 # ID=15_101;partial=00;start_type=GTG;rbs_motif=GGAG/GAGG;rbs_spacer=5-10bp;gc_cont=0.617
NODE_4_length_234169_cov_37.461050_120  -            451 11534at72274         -            422   1.7e-22   78.6   0.9   1   1   8.6e-24   7.4e-22   76.4   0.9   166   407   153   436   128   448 0.73 # 121682 # 123034 # 1 # ID=4_120;partial=00;start_type=ATG;rbs_motif=AGGAG/GGAGG;rbs_spacer=11-12bp;gc_cont=0.619
NODE_28_length_94833_cov_36.246686_38   -            462 11534at72274         -            422     4e-22   77.3   0.4   1   1   4.7e-22   4.1e-20   70.7   0.4   163   408   167   448   129   454 0.71 # 36452 # 37837 # 1 # ID=28_38;partial=00;start_type=ATG;rbs_motif=GGA/GAG/AGG;rbs_spacer=5-10bp;gc_cont=0.652
NODE_37_length_65277_cov_39.445905_69   -            427 11534at72274         -            422   8.6e-22   76.2   0.3   1   1   3.6e-23   3.1e-21   74.4   0.3   215   414   187   416   126   420 0.76 # 61993 # 63273 # 1 # ID=37_69;partial=00;start_type=ATG;rbs_motif=GGAG/GAGG;rbs_spacer=5-10bp;gc_cont=0.625
NODE_34_length_69300_cov_40.592101_2    -            593 11534at72274         -            422   7.2e-21   73.2   0.2   1   1   9.4e-22     8e-20   69.7   0.2   165   415   278   572   250   579 0.73 # 1523 # 3301 # -1 # ID=34_2;partial=00;start_type=ATG;rbs_motif=None;rbs_spacer=None;gc_cont=0.613
NODE_3_length_236953_cov_39.268499_196  -            439 11534at72274         -            422   4.9e-20   70.4   3.8   1   2     5e-07   4.2e-05   21.2   2.5   143   283   129   276   117   292 0.75 # 201314 # 202630 # -1 # ID=3_196;partial=00;start_type=ATG;rbs_motif=None;rbs_spacer=None;gc_cont=0.607
NODE_3_length_236953_cov_39.268499_196  -            439 11534at72274         -            422   4.9e-20   70.4   3.8   2   2   3.7e-15   3.2e-13   48.0   0.0   331   420   340   436   330   438 0.80 # 201314 # 202630 # -1 # ID=3_196;partial=00;start_type=ATG;rbs_motif=None;rbs_spacer=None;gc_cont=0.607
NODE_38_length_63664_cov_35.979697_42   -           1157 11534at72274         -            422     1e-19   69.4   2.1   1   1   7.6e-21   6.5e-19   66.7   2.1   194   406   751  1001   741  1017 0.75 # 49500 # 52970 # 1 # ID=38_42;partial=00;start_type=ATG;rbs_motif=GGAG/GAGG;rbs_spacer=5-10bp;gc_cont=0.632
NODE_1_length_570323_cov_37.907400_217  -            441 11534at72274         -            422   2.8e-19   67.9   0.7   1   1   1.7e-20   1.4e-18   65.6   0.7   232   408   198   415   193   429 0.72 # 238330 # 239652 # -1 # ID=1_217;partial=00;start_type=GTG;rbs_motif=AGGA/GGAG/GAGG;rbs_spacer=11-12bp;gc_cont=0.615
NODE_10_length_184374_cov_39.267226_66  -            466 11534at72274         -            422   3.4e-18   64.3   6.6   1   2     0.015       1.3    6.4   0.0   163   231     4    76     1    80 0.76 # 66556 # 67953 # 1 # ID=10_66;partial=00;start_type=ATG;rbs_motif=GGA/GAG/AGG;rbs_spacer=5-10bp;gc_cont=0.627
NODE_10_length_184374_cov_39.267226_66  -            466 11534at72274         -            422   3.4e-18   64.3   6.6   2   2   8.3e-17   7.1e-15   53.4   4.8   174   412   171   445   158   451 0.67 # 66556 # 67953 # 1 # ID=10_66;partial=00;start_type=ATG;rbs_motif=GGA/GAG/AGG;rbs_spacer=5-10bp;gc_cont=0.627
NODE_21_length_103627_cov_39.260850_6   -            634 11534at72274         -            422   7.7e-18   63.2   7.4   1   3       3.5     3e+02   -1.4   0.0   171   197    21    47    11    70 0.81 # 5196 # 7097 # 1 # ID=21_6;partial=00;start_type=ATG;rbs_motif=AGGAG;rbs_spacer=5-10bp;gc_cont=0.612
NODE_21_length_103627_cov_39.260850_6   -            634 11534at72274         -            422   7.7e-18   63.2   7.4   2   3   4.1e-08   3.5e-06   24.8   2.9   170   326   172   358   149   364 0.66 # 5196 # 7097 # 1 # ID=21_6;partial=00;start_type=ATG;rbs_motif=AGGAG;rbs_spacer=5-10bp;gc_cont=0.612
NODE_21_length_103627_cov_39.260850_6   -            634 11534at72274         -            422   7.7e-18   63.2   7.4   3   3   7.5e-11   6.4e-09   33.8   0.0   320   415   374   485   370   492 0.77 # 5196 # 7097 # 1 # ID=21_6;partial=00;start_type=ATG;rbs_motif=AGGAG;rbs_spacer=5-10bp;gc_cont=0.612
NODE_5_length_229594_cov_37.843998_84   -            452 11534at72274         -            422   1.5e-16   58.9   2.5   1   2   1.5e-06   0.00013   19.6   0.6   232   345   183   326   161   341 0.65 # 101881 # 103236 # -1 # ID=5_84;partial=00;start_type=ATG;rbs_motif=GGA/GAG/AGG;rbs_spacer=5-10bp;gc_cont=0.616
NODE_5_length_229594_cov_37.843998_84   -            452 11534at72274         -            422   1.5e-16   58.9   2.5   2   2   1.1e-11   9.4e-10   36.5   0.0   353   418   368   435   356   440 0.89 # 101881 # 103236 # -1 # ID=5_84;partial=00;start_type=ATG;rbs_motif=GGA/GAG/AGG;rbs_spacer=5-10bp;gc_cont=0.616
NODE_27_length_94916_cov_37.049589_36   -            451 11534at72274         -            422   2.9e-16   58.0   2.8   1   2       7.8   6.7e+02   -2.5   0.1     2    28    11    37    10    47 0.84 # 43228 # 44580 # -1 # ID=27_36;partial=00;start_type=ATG;rbs_motif=GGA/GAG/AGG;rbs_spacer=5-10bp;gc_cont=0.629
NODE_27_length_94916_cov_37.049589_36   -            451 11534at72274         -            422   2.9e-16   58.0   2.8   2   2   3.4e-18   2.9e-16   58.0   2.8   175   408   163   433   150   441 0.71 # 43228 # 44580 # -1 # ID=27_36;partial=00;start_type=ATG;rbs_motif=GGA/GAG/AGG;rbs_spacer=5-10bp;gc_cont=0.629
NODE_5_length_229594_cov_37.843998_60   -            492 11534at72274         -            422   3.1e-16   57.9   0.9   1   2   3.7e-10   3.2e-08   31.5   0.1   168   266   182   290   155   362 0.74 # 78650 # 80125 # -1 # ID=5_60;partial=00;start_type=ATG;rbs_motif=GGA/GAG/AGG;rbs_spacer=5-10bp;gc_cont=0.623
NODE_5_length_229594_cov_37.843998_60   -            492 11534at72274         -            422   3.1e-16   57.9   0.9   2   2   3.3e-08   2.8e-06   25.1   0.1   320   406   374   469   369   481 0.76 # 78650 # 80125 # -1 # ID=5_60;partial=00;start_type=ATG;rbs_motif=GGA/GAG/AGG;rbs_spacer=5-10bp;gc_cont=0.623
NODE_11_length_160437_cov_37.143278_24  -            449 11534at72274         -            422   4.1e-16   57.5   0.5   1   1   2.9e-17   2.5e-15   54.9   0.0   139   419   134   446   116   448 0.76 # 22508 # 23854 # 1 # ID=11_24;partial=00;start_type=TTG;rbs_motif=GGA/GAG/AGG;rbs_spacer=5-10bp;gc_cont=0.623
NODE_32_length_78575_cov_37.925833_6    -            450 11534at72274         -            422     8e-15   53.2   4.6   1   2       2.5   2.1e+02   -0.8   0.1     2    29    11    38    10    61 0.80 # 3784 # 5133 # 1 # ID=32_6;partial=00;start_type=ATG;rbs_motif=GGA/GAG/AGG;rbs_spacer=5-10bp;gc_cont=0.649
NODE_32_length_78575_cov_37.925833_6    -            450 11534at72274         -            422     8e-15   53.2   4.6   2   2   1.5e-16   1.3e-14   52.6   1.7   167   409   154   434   121   447 0.69 # 3784 # 5133 # 1 # ID=32_6;partial=00;start_type=ATG;rbs_motif=GGA/GAG/AGG;rbs_spacer=5-10bp;gc_cont=0.649
NODE_47_length_41749_cov_35.960165_6    -            402 11534at72274         -            422   1.8e-14   52.1  10.4   1   1   2.2e-15   1.9e-13   48.7  10.4   224   415   153   387   128   394 0.68 # 5998 # 7203 # -1 # ID=47_6;partial=00;start_type=ATG;rbs_motif=GGA/GAG/AGG;rbs_spacer=5-10bp;gc_cont=0.606
NODE_70_length_16647_cov_37.421123_8    -            884 11534at72274         -            422   1.2e-13   49.4   0.1   1   1   1.2e-14   1.1e-12   46.2   0.1   240   419   661   873   644   876 0.71 # 8647 # 11298 # -1 # ID=70_8;partial=00;start_type=ATG;rbs_motif=AGGA;rbs_spacer=5-10bp;gc_cont=0.664
NODE_47_length_41749_cov_35.960165_9    -           1166 11534at72274         -            422     2e-13   48.6  12.3   1   1   2.8e-15   2.4e-13   48.4   4.1   214   417   468   715   444   720 0.69 # 8609 # 12106 # -1 # ID=47_9;partial=00;start_type=ATG;rbs_motif=GGA/GAG/AGG;rbs_spacer=5-10bp;gc_cont=0.602
NODE_23_length_100940_cov_36.881453_22  -           1211 11534at72274         -            422   3.3e-13   47.9   0.7   1   1   2.9e-13   2.5e-11   41.7   0.7   242   411   719   936   681   945 0.71 # 20969 # 24601 # -1 # ID=23_22;partial=00;start_type=ATG;rbs_motif=GGA/GAG/AGG;rbs_spacer=5-10bp;gc_cont=0.594
NODE_68_length_17250_cov_39.301520_10   -           1129 11534at72274         -            422   2.3e-12   45.2   1.5   1   1     4e-12   3.4e-10   38.0   0.6   244   415   682   891   673   894 0.67 # 8431 # 11817 # -1 # ID=68_10;partial=00;start_type=GTG;rbs_motif=GGAG/GAGG;rbs_spacer=5-10bp;gc_cont=0.634
NODE_23_length_100940_cov_36.881453_19  -            775 11534at72274         -            422   5.5e-12   43.9   3.4   1   2       4.5   3.8e+02   -1.7   0.2   177   238   175   237   156   283 0.58 # 17077 # 19401 # -1 # ID=23_19;partial=00;start_type=GTG;rbs_motif=AGGA;rbs_spacer=5-10bp;gc_cont=0.615
NODE_23_length_100940_cov_36.881453_19  -            775 11534at72274         -            422   5.5e-12   43.9   3.4   2   2   2.8e-12   2.4e-10   38.5   2.6   232   413   282   503   218   512 0.65 # 17077 # 19401 # -1 # ID=23_19;partial=00;start_type=GTG;rbs_motif=AGGA;rbs_spacer=5-10bp;gc_cont=0.615
NODE_10_length_184374_cov_39.267226_45  -            743 11534at72274         -            422   6.3e-12   43.7   0.4   1   1   2.6e-12   2.2e-10   38.6   0.4   229   408   504   727   491   740 0.70 # 47589 # 49817 # -1 # ID=10_45;partial=00;start_type=ATG;rbs_motif=AGGAG;rbs_spacer=5-10bp;gc_cont=0.613
NODE_5_length_229594_cov_37.843998_98   -           1198 11534at72274         -            422   7.4e-12   43.5   0.7   1   1     9e-13   7.7e-11   40.1   0.7   242   407   708   918   691   925 0.73 # 118619 # 122212 # 1 # ID=5_98;partial=00;start_type=ATG;rbs_motif=None;rbs_spacer=None;gc_cont=0.617
NODE_1_length_570323_cov_37.907400_110  -            764 11534at72274         -            422   1.5e-11   42.4   2.3   1   2       7.6   6.5e+02   -2.5   0.0   333   362   153   180   142   182 0.67 # 109135 # 111426 # -1 # ID=1_110;partial=00;start_type=GTG;rbs_motif=GGA/GAG/AGG;rbs_spacer=5-10bp;gc_cont=0.611
NODE_1_length_570323_cov_37.907400_110  -            764 11534at72274         -            422   1.5e-11   42.4   2.3   2   2   1.6e-12   1.3e-10   39.3   0.9   233   419   541   759   537   762 0.63 # 109135 # 111426 # -1 # ID=1_110;partial=00;start_type=GTG;rbs_motif=GGA/GAG/AGG;rbs_spacer=5-10bp;gc_cont=0.611
NODE_48_length_39804_cov_36.393108_4    -            806 11534at72274         -            422   1.8e-11   42.2   3.8   1   1   4.3e-12   3.7e-10   37.9   2.4   243   408   320   529   298   537 0.69 # 7103 # 9520 # 1 # ID=48_4;partial=00;start_type=ATG;rbs_motif=GGA/GAG/AGG;rbs_spacer=5-10bp;gc_cont=0.588
NODE_10_length_184374_cov_39.267226_148 -           1194 11534at72274         -            422   1.9e-11   42.1   0.8   1   1   8.7e-12   7.5e-10   36.9   0.8   324   406   822   921   705   930 0.71 # 157130 # 160711 # 1 # ID=10_148;partial=00;start_type=GTG;rbs_motif=AGGA;rbs_spacer=5-10bp;gc_cont=0.620
NODE_16_length_126463_cov_38.500032_52  -            732 11534at72274         -            422     7e-11   40.3   5.3   1   2      0.16        14    3.1   0.2    54    96   295   338   277   365 0.79 # 80810 # 83005 # -1 # ID=16_52;partial=00;start_type=ATG;rbs_motif=GGAG/GAGG;rbs_spacer=5-10bp;gc_cont=0.635
NODE_16_length_126463_cov_38.500032_52  -            732 11534at72274         -            422     7e-11   40.3   5.3   2   2   1.9e-11   1.6e-09   35.8   1.0   229   403   493   712   481   723 0.73 # 80810 # 83005 # -1 # ID=16_52;partial=00;start_type=ATG;rbs_motif=GGAG/GAGG;rbs_spacer=5-10bp;gc_cont=0.635
NODE_4_length_234169_cov_37.461050_35   -            884 11534at72274         -            422   7.8e-11   40.1   0.2   1   1   1.3e-11   1.1e-09   36.3   0.2   242   415   654   867   627   875 0.69 # 30412 # 33063 # -1 # ID=4_35;partial=00;start_type=ATG;rbs_motif=AGGA/GGAG/GAGG;rbs_spacer=11-12bp;gc_cont=0.653
NODE_36_length_67245_cov_37.425262_19   -            937 11534at72274         -            422   3.7e-10   37.9   1.2   1   2       6.2   5.3e+02   -2.2   0.1     5    42    24    60    23    91 0.74 # 24156 # 26966 # -1 # ID=36_19;partial=00;start_type=ATG;rbs_motif=None;rbs_spacer=None;gc_cont=0.603
NODE_36_length_67245_cov_37.425262_19   -            937 11534at72274         -            422   3.7e-10   37.9   1.2   2   2   8.5e-11   7.2e-09   33.6   0.2   245   420   465   684   456   686 0.69 # 24156 # 26966 # -1 # ID=36_19;partial=00;start_type=ATG;rbs_motif=None;rbs_spacer=None;gc_cont=0.603
NODE_9_length_204135_cov_38.603500_82   -            480 11534at72274         -            422   5.3e-10   37.4   0.5   1   1   8.6e-11   7.3e-09   33.6   0.5   177   406   190   460   152   467 0.61 # 91315 # 92754 # 1 # ID=9_82;partial=00;start_type=ATG;rbs_motif=None;rbs_spacer=None;gc_cont=0.632
NODE_26_length_96877_cov_37.053781_34   -            791 11534at72274         -            422   5.4e-10   37.3   8.8   1   3      0.38        32    1.8   0.1     3    35   361   394   359   399 0.88 # 32856 # 35228 # -1 # ID=26_34;partial=00;start_type=ATG;rbs_motif=3Base/5BMM;rbs_spacer=13-15bp;gc_cont=0.612
NODE_26_length_96877_cov_37.053781_34   -            791 11534at72274         -            422   5.4e-10   37.3   8.8   2   3   0.00034     0.029   11.9   0.1   228   301   407   487   400   511 0.82 # 32856 # 35228 # -1 # ID=26_34;partial=00;start_type=ATG;rbs_motif=3Base/5BMM;rbs_spacer=13-15bp;gc_cont=0.612
NODE_26_length_96877_cov_37.053781_34   -            791 11534at72274         -            422   5.4e-10   37.3   8.8   3   3   5.5e-09   4.7e-07   27.7   0.1   345   415   567   638   532   644 0.85 # 32856 # 35228 # -1 # ID=26_34;partial=00;start_type=ATG;rbs_motif=3Base/5BMM;rbs_spacer=13-15bp;gc_cont=0.612
NODE_16_length_126463_cov_38.500032_2   -            457 11534at72274         -            422   7.8e-10   36.8   4.2   1   1   1.7e-11   1.4e-09   35.9   3.7   319   405   202   300    51   316 0.82 # 1669 # 3039 # -1 # ID=16_2;partial=00;start_type=ATG;rbs_motif=GGAG/GAGG;rbs_spacer=5-10bp;gc_cont=0.655
NODE_18_length_120383_cov_39.189658_75  -            392 11534at72274         -            422     1e-09   36.4   1.6   1   1   1.2e-10     1e-08   33.1   1.6   190   420   125   388   121   390 0.67 # 71754 # 72929 # -1 # ID=18_75;partial=00;start_type=ATG;rbs_motif=GGA/GAG/AGG;rbs_spacer=5-10bp;gc_cont=0.616
NODE_25_length_96941_cov_38.406611_38   -            679 11534at72274         -            422   2.2e-09   35.4   0.0   1   2   1.9e-05    0.0017   16.0   0.0   167   235   166   235    97   249 0.79 # 40601 # 42637 # 1 # ID=25_38;partial=00;start_type=ATG;rbs_motif=None;rbs_spacer=None;gc_cont=0.610
NODE_25_length_96941_cov_38.406611_38   -            679 11534at72274         -            422   2.2e-09   35.4   0.0   2   2   1.1e-05   0.00093   16.8   0.0   351   419   594   662   591   664 0.76 # 40601 # 42637 # 1 # ID=25_38;partial=00;start_type=ATG;rbs_motif=None;rbs_spacer=None;gc_cont=0.610
NODE_51_length_38272_cov_37.689488_38   -            440 11534at72274         -            422   4.9e-09   34.2   0.8   1   2   7.4e-06   0.00064   17.3   0.5   171   295   157   286   132   311 0.71 # 32638 # 33957 # -1 # ID=51_38;partial=00;start_type=ATG;rbs_motif=GGAG/GAGG;rbs_spacer=5-10bp;gc_cont=0.645
NODE_51_length_38272_cov_37.689488_38   -            440 11534at72274         -            422   4.9e-09   34.2   0.8   2   2   3.3e-05    0.0029   15.2   0.0   330   406   340   424   314   436 0.81 # 32638 # 33957 # -1 # ID=51_38;partial=00;start_type=ATG;rbs_motif=GGAG/GAGG;rbs_spacer=5-10bp;gc_cont=0.645
NODE_2_length_306509_cov_38.263647_154  -            362 11534at72274         -            422   5.6e-09   34.0   0.7   1   2   2.4e-05     0.002   15.7   0.6   239   327   132   227   107   271 0.76 # 189812 # 190897 # 1 # ID=2_154;partial=00;start_type=ATG;rbs_motif=GGAG/GAGG;rbs_spacer=5-10bp;gc_cont=0.617
NODE_2_length_306509_cov_38.263647_154  -            362 11534at72274         -            422   5.6e-09   34.0   0.7   2   2     2e-05    0.0017   15.9   0.0   348   406   286   341   267   354 0.83 # 189812 # 190897 # 1 # ID=2_154;partial=00;start_type=ATG;rbs_motif=GGAG/GAGG;rbs_spacer=5-10bp;gc_cont=0.617
NODE_3_length_236953_cov_39.268499_16   -           1206 11534at72274         -            422   6.8e-09   33.7   0.4   1   1     8e-10   6.8e-08   30.4   0.4   243   405   712   921   699   929 0.67 # 18597 # 22214 # -1 # ID=3_16;partial=00;start_type=TTG;rbs_motif=GGA/GAG/AGG;rbs_spacer=5-10bp;gc_cont=0.617
NODE_36_length_67245_cov_37.425262_17   -           1063 11534at72274         -            422   7.8e-09   33.5   0.2   1   1   4.2e-09   3.6e-07   28.0   0.2   243   413   490   703   434   709 0.68 # 19703 # 22891 # -1 # ID=36_17;partial=00;start_type=ATG;rbs_motif=GGA/GAG/AGG;rbs_spacer=5-10bp;gc_cont=0.627
NODE_32_length_78575_cov_37.925833_20   -            376 11534at72274         -            422   1.8e-08   32.3   0.0   1   1   6.2e-10   5.3e-08   30.8   0.0   217   420   123   373    87   375 0.71 # 16834 # 17961 # 1 # ID=32_20;partial=00;start_type=ATG;rbs_motif=AGGA;rbs_spacer=5-10bp;gc_cont=0.529
NODE_7_length_206175_cov_38.343773_186  -            376 11534at72274         -            422   1.7e-07   29.1   0.0   1   1     1e-08   8.6e-07   26.8   0.0   216   420   122   373    82   375 0.67 # 193037 # 194164 # 1 # ID=7_186;partial=00;start_type=ATG;rbs_motif=AGGA;rbs_spacer=5-10bp;gc_cont=0.520
NODE_4_length_234169_cov_37.461050_28   -            494 11534at72274         -            422   5.2e-07   27.5   3.0   1   3   6.1e-09   5.2e-07   27.5   3.0   143   239   117   217   110   296 0.78 # 24396 # 25877 # 1 # ID=4_28;partial=00;start_type=ATG;rbs_motif=GGA/GAG/AGG;rbs_spacer=5-10bp;gc_cont=0.631
NODE_4_length_234169_cov_37.461050_28   -            494 11534at72274         -            422   5.2e-07   27.5   3.0   2   3       1.3   1.1e+02    0.0   0.4   199   243   234   277   217   334 0.43 # 24396 # 25877 # 1 # ID=4_28;partial=00;start_type=ATG;rbs_motif=GGA/GAG/AGG;rbs_spacer=5-10bp;gc_cont=0.631
NODE_4_length_234169_cov_37.461050_28   -            494 11534at72274         -            422   5.2e-07   27.5   3.0   3   3      0.39        33    1.8   0.2   191   239   336   385   323   396 0.81 # 24396 # 25877 # 1 # ID=4_28;partial=00;start_type=ATG;rbs_motif=GGA/GAG/AGG;rbs_spacer=5-10bp;gc_cont=0.631
NODE_6_length_212516_cov_37.602644_68   -            925 11534at72274         -            422     6e-07   27.3   0.3   1   2   4.5e-07   3.8e-05   21.4   0.1   236   326   395   492   384   543 0.85 # 68953 # 71727 # 1 # ID=6_68;partial=00;start_type=GTG;rbs_motif=GGA/GAG/AGG;rbs_spacer=5-10bp;gc_cont=0.624
NODE_6_length_212516_cov_37.602644_68   -            925 11534at72274         -            422     6e-07   27.3   0.3   2   2      0.16        14    3.1   0.0   376   420   581   623   551   625 0.92 # 68953 # 71727 # 1 # ID=6_68;partial=00;start_type=GTG;rbs_motif=GGA/GAG/AGG;rbs_spacer=5-10bp;gc_cont=0.624
NODE_6_length_212516_cov_37.602644_43   -            911 11534at72274         -            422   7.2e-07   27.0   5.4   1   2     0.039       3.4    5.1   1.6    42   168   679   806   656   815 0.63 # 40187 # 42919 # 1 # ID=6_43;partial=00;start_type=TTG;rbs_motif=GGA/GAG/AGG;rbs_spacer=5-10bp;gc_cont=0.641
NODE_6_length_212516_cov_37.602644_43   -            911 11534at72274         -            422   7.2e-07   27.0   5.4   2   2     1e-07   8.6e-06   23.5   0.3   339   416   830   901   795   907 0.77 # 40187 # 42919 # 1 # ID=6_43;partial=00;start_type=TTG;rbs_motif=GGA/GAG/AGG;rbs_spacer=5-10bp;gc_cont=0.641
NODE_1_length_570323_cov_37.907400_298  -            659 11534at72274         -            422   8.2e-07   26.9   0.9   1   2     4e-08   3.5e-06   24.8   0.0   166   243   309   387   281   394 0.69 # 328778 # 330754 # 1 # ID=1_298;partial=00;start_type=ATG;rbs_motif=AGGAG;rbs_spacer=5-10bp;gc_cont=0.630
NODE_1_length_570323_cov_37.907400_298  -            659 11534at72274         -            422   8.2e-07   26.9   0.9   2   2       1.9   1.6e+02   -0.5   0.4   191   248   502   561   445   564 0.82 # 328778 # 330754 # 1 # ID=1_298;partial=00;start_type=ATG;rbs_motif=AGGAG;rbs_spacer=5-10bp;gc_cont=0.630
NODE_14_length_139126_cov_47.028587_22  -            985 11534at72274         -            422   1.2e-06   26.3   0.0   1   1   2.7e-08   2.3e-06   25.4   0.0   318   408   860   959   826   976 0.78 # 19777 # 22731 # 1 # ID=14_22;partial=00;start_type=ATG;rbs_motif=GGA/GAG/AGG;rbs_spacer=5-10bp;gc_cont=0.610
NODE_19_length_115842_cov_37.185885_87  -            392 11534at72274         -            422   1.5e-06   25.9   0.1   1   1     1e-07   8.5e-06   23.5   0.1   315   414   274   383   146   390 0.58 # 82208 # 83383 # -1 # ID=19_87;partial=00;start_type=ATG;rbs_motif=GGA/GAG/AGG;rbs_spacer=5-10bp;gc_cont=0.639
NODE_34_length_69300_cov_40.592101_17   -            469 11534at72274         -            422   1.8e-06   25.8   0.3   1   2       2.4   2.1e+02   -0.8   0.2   129   157   187   215   123   275 0.50 # 24513 # 25919 # 1 # ID=34_17;partial=00;start_type=ATG;rbs_motif=GGA/GAG/AGG;rbs_spacer=5-10bp;gc_cont=0.588
NODE_34_length_69300_cov_40.592101_17   -            469 11534at72274         -            422   1.8e-06   25.8   0.3   2   2   6.8e-08   5.8e-06   24.1   0.0   272   419   298   460   289   463 0.72 # 24513 # 25919 # 1 # ID=34_17;partial=00;start_type=ATG;rbs_motif=GGA/GAG/AGG;rbs_spacer=5-10bp;gc_cont=0.588
NODE_10_length_184374_cov_39.267226_30  -            797 11534at72274         -            422   1.8e-06   25.8   0.0   1   1   4.3e-08   3.7e-06   24.7   0.0   146   233   271   363   256   380 0.77 # 29754 # 32144 # 1 # ID=10_30;partial=00;start_type=ATG;rbs_motif=GGAG/GAGG;rbs_spacer=5-10bp;gc_cont=0.627
NODE_64_length_23084_cov_40.628504_10   -            627 11534at72274         -            422   1.9e-05   22.4   0.2   1   3   2.2e-07   1.9e-05   22.4   0.2   170   247   277   358   266   393 0.85 # 15444 # 17324 # -1 # ID=64_10;partial=00;start_type=ATG;rbs_motif=AGxAG;rbs_spacer=5-10bp;gc_cont=0.593
NODE_64_length_23084_cov_40.628504_10   -            627 11534at72274         -            422   1.9e-05   22.4   0.2   2   3       2.1   1.8e+02   -0.7   0.1   192   239   470   518   459   530 0.80 # 15444 # 17324 # -1 # ID=64_10;partial=00;start_type=ATG;rbs_motif=AGxAG;rbs_spacer=5-10bp;gc_cont=0.593
NODE_64_length_23084_cov_40.628504_10   -            627 11534at72274         -            422   1.9e-05   22.4   0.2   3   3      0.53        46    1.3   0.5    60   119   560   623   527   626 0.63 # 15444 # 17324 # -1 # ID=64_10;partial=00;start_type=ATG;rbs_motif=AGxAG;rbs_spacer=5-10bp;gc_cont=0.593
NODE_11_length_160437_cov_37.143278_154 -            405 11534at72274         -            422   0.00012   19.7   0.6   1   1   5.1e-06   0.00044   17.9   0.6   238   419   185   395   166   397 0.68 # 149406 # 150620 # 1 # ID=11_154;partial=00;start_type=ATG;rbs_motif=GGA/GAG/AGG;rbs_spacer=5-10bp;gc_cont=0.640
NODE_50_length_38784_cov_41.193789_33   -            634 11534at72274         -            422   0.00016   19.3   0.4   1   1   1.6e-05    0.0014   16.2   0.4   242   420   412   624   322   626 0.67 # 35054 # 36955 # 1 # ID=50_33;partial=00;start_type=ATG;rbs_motif=GGA/GAG/AGG;rbs_spacer=5-10bp;gc_cont=0.636
NODE_8_length_205580_cov_38.170825_207  -            545 11534at72274         -            422   0.00023   18.8   0.2   1   2   2.7e-06   0.00023   18.8   0.2   171   239   196   268   184   283 0.75 # 197920 # 199554 # -1 # ID=8_207;partial=00;start_type=ATG;rbs_motif=GGAG/GAGG;rbs_spacer=5-10bp;gc_cont=0.621
NODE_8_length_205580_cov_38.170825_207  -            545 11534at72274         -            422   0.00023   18.8   0.2   2   2       4.7     4e+02   -1.8   0.2   191   238   387   435   303   450 0.68 # 197920 # 199554 # -1 # ID=8_207;partial=00;start_type=ATG;rbs_motif=GGAG/GAGG;rbs_spacer=5-10bp;gc_cont=0.621
NODE_25_length_96941_cov_38.406611_62   -            589 11534at72274         -            422   0.00078   17.0   1.0   1   2       2.7   2.3e+02   -1.0   0.4   240   290   364   413   330   428 0.77 # 69520 # 71286 # 1 # ID=25_62;partial=00;start_type=ATG;rbs_motif=None;rbs_spacer=None;gc_cont=0.647
NODE_25_length_96941_cov_38.406611_62   -            589 11534at72274         -            422   0.00078   17.0   1.0   2   2   2.4e-05    0.0021   15.6   0.0   342   415   506   574   443   581 0.68 # 69520 # 71286 # 1 # ID=25_62;partial=00;start_type=ATG;rbs_motif=None;rbs_spacer=None;gc_cont=0.647
NODE_74_length_14958_cov_38.127209_15   -            375 11534at72274         -            422   0.00098   16.7   1.9   1   2       0.7        60    1.0   0.1   240   259   152   171   126   182 0.85 # 13747 # 14871 # 1 # ID=74_15;partial=00;start_type=ATG;rbs_motif=GGA/GAG/AGG;rbs_spacer=5-10bp;gc_cont=0.586
NODE_74_length_14958_cov_38.127209_15   -            375 11534at72274         -            422   0.00098   16.7   1.9   2   2   5.3e-05    0.0045   14.5   0.3   343   407   297   358   290   371 0.78 # 13747 # 14871 # 1 # ID=74_15;partial=00;start_type=ATG;rbs_motif=GGA/GAG/AGG;rbs_spacer=5-10bp;gc_cont=0.586
NODE_25_length_96941_cov_38.406611_5    -            674 11534at72274         -            422     0.016   12.8   0.1   1   2       1.6   1.4e+02   -0.3   0.0   266   300   334   368   275   392 0.68 # 4676 # 6697 # 1 # ID=25_5;partial=00;start_type=ATG;rbs_motif=None;rbs_spacer=None;gc_cont=0.622
NODE_25_length_96941_cov_38.406611_5    -            674 11534at72274         -            422     0.016   12.8   0.1   2   2    0.0011     0.091   10.2   0.0   351   415   457   519   446   526 0.75 # 4676 # 6697 # 1 # ID=25_5;partial=00;start_type=ATG;rbs_motif=None;rbs_spacer=None;gc_cont=0.622
NODE_24_length_98846_cov_39.548735_74   -            375 11534at72274         -            422     0.031   11.8   0.0   1   1   0.00057     0.049   11.1   0.0   350   415   304   367   265   374 0.81 # 74604 # 75728 # 1 # ID=24_74;partial=00;start_type=ATG;rbs_motif=AGGAG/GGAGG;rbs_spacer=11-12bp;gc_cont=0.578
NODE_30_length_81004_cov_38.527587_5    -            399 11534at72274         -            422     0.046   11.2   0.0   1   1   0.00078     0.067   10.7   0.0   189   243   340   396   324   398 0.86 # 2303 # 3499 # 1 # ID=30_5;partial=00;start_type=GTG;rbs_motif=GGA/GAG/AGG;rbs_spacer=5-10bp;gc_cont=0.649
NODE_20_length_107058_cov_38.472495_85  -            198 11534at72274         -            422     0.055   10.9   0.4   1   1   0.00082      0.07   10.6   0.4   152   191   143   182   106   194 0.88 # 85782 # 86375 # 1 # ID=20_85;partial=00;start_type=ATG;rbs_motif=GGAGG;rbs_spacer=5-10bp;gc_cont=0.650
#
# Program:         hmmsearch
# Version:         3.1b2 (February 2015)
# Pipeline mode:   SEARCH
# Query file:      /data2/PEG/hoaxaca/REAA/Pseudomonas/bin/busco_downloads/lineages/pseudomonadales_odb10/hmms/11534at72274.hmm
# Target file:     /data2/PEG/hoaxaca/REAA/Pseudomonas/bin/../out/busco/trim_130.spades_def/prodigal_output/predicted_genes/predicted.faa
# Option settings: hmmsearch --domtblout /data2/PEG/hoaxaca/REAA/Pseudomonas/bin/../out/busco/trim_130.spades_def/run_pseudomonadales_odb10/hmmer_output/11534at72274.out --cpu 1 /data2/PEG/hoaxaca/REAA/Pseudomonas/bin/busco_downloads/lineages/pseudomonadales_odb10/hmms/11534at72274.hmm /data2/PEG/hoaxaca/REAA/Pseudomonas/bin/../out/busco/trim_130.spades_def/prodigal_output/predicted_genes/predicted.faa 
# Current dir:     /data2/PEG/hoaxaca/REAA/Pseudomonas/bin
# Date:            Mon Feb 20 00:28:48 2023
# [ok]
