#                                                                                              --- full sequence --- -------------- this domain -------------   hmm coord   ali coord   env coord
# target name                          accession   tlen query name           accession   qlen   E-value  score  bias   #  of  c-Evalue  i-Evalue  score  bias  from    to  from    to  from    to  acc description of target
#                  ------------------- ---------- ----- -------------------- ---------- ----- --------- ------ ----- --- --- --------- --------- ------ ----- ----- ----- ----- ----- ----- ----- ---- ---------------------
NODE_27_length_94916_cov_37.049589_24  -            404 17565at72274         -            344  7.6e-189  625.3   0.2   1   1  1.4e-191  1.1e-188  624.8   0.2     1   344    20   401    20   401 0.95 # 28637 # 29848 # 1 # ID=27_24;partial=00;start_type=ATG;rbs_motif=AGGAG;rbs_spacer=5-10bp;gc_cont=0.631
NODE_2_length_306509_cov_38.263647_44  -            426 17565at72274         -            344   1.6e-83  279.0   0.4   1   2     6e-47   4.8e-44  149.2   0.4    37   190    49   217     5   221 0.89 # 56073 # 57350 # 1 # ID=2_44;partial=00;start_type=ATG;rbs_motif=AGGAG/GGAGG;rbs_spacer=11-12bp;gc_cont=0.617
NODE_2_length_306509_cov_38.263647_44  -            426 17565at72274         -            344   1.6e-83  279.0   0.4   2   2   2.1e-40   1.7e-37  127.7   0.0   200   343   265   420   252   421 0.89 # 56073 # 57350 # 1 # ID=2_44;partial=00;start_type=ATG;rbs_motif=AGGAG/GGAGG;rbs_spacer=11-12bp;gc_cont=0.617
NODE_8_length_205580_cov_38.170825_46  -            389 17565at72274         -            344   3.2e-82  274.7   0.0   1   1   5.4e-85   4.3e-82  274.3   0.0     5   343    14   385    10   386 0.88 # 42351 # 43517 # -1 # ID=8_46;partial=00;start_type=ATG;rbs_motif=GGAG/GAGG;rbs_spacer=5-10bp;gc_cont=0.632
NODE_41_length_50826_cov_41.331002_21  -            415 17565at72274         -            344   1.1e-81  273.0   0.0   1   1   1.9e-84   1.5e-81  272.5   0.0    22   343    40   395    13   396 0.87 # 19961 # 21205 # 1 # ID=41_21;partial=00;start_type=ATG;rbs_motif=AGGAG;rbs_spacer=5-10bp;gc_cont=0.637
NODE_14_length_139126_cov_47.028587_69 -            382 17565at72274         -            344   2.2e-53  179.9   0.0   1   1   3.5e-56   2.8e-53  179.6   0.0    19   341    22   363     7   366 0.83 # 79312 # 80457 # 1 # ID=14_69;partial=00;start_type=ATG;rbs_motif=None;rbs_spacer=None;gc_cont=0.483
NODE_7_length_206175_cov_38.343773_38  -            904 17565at72274         -            344   1.3e-47  160.9   0.0   1   1   2.5e-50     2e-47  160.3   0.0    41   343   573   899   567   900 0.89 # 40277 # 42988 # 1 # ID=7_38;partial=00;start_type=ATG;rbs_motif=GGA/GAG/AGG;rbs_spacer=5-10bp;gc_cont=0.633
NODE_10_length_184374_cov_39.267226_84 -            405 17565at72274         -            344    0.0015   16.1   0.0   1   1   3.4e-06    0.0027   15.2   0.0   116   178   144   207   137   216 0.88 # 81613 # 82827 # 1 # ID=10_84;partial=00;start_type=ATG;rbs_motif=AGGAG;rbs_spacer=5-10bp;gc_cont=0.588
NODE_35_length_68941_cov_37.883669_14  -            402 17565at72274         -            344      0.05   11.0   0.0   1   2   0.00019      0.15    9.5   0.0   114   182   159   230   141   246 0.80 # 16483 # 17688 # -1 # ID=35_14;partial=00;start_type=ATG;rbs_motif=GGA/GAG/AGG;rbs_spacer=11-12bp;gc_cont=0.625
NODE_35_length_68941_cov_37.883669_14  -            402 17565at72274         -            344      0.05   11.0   0.0   2   2      0.63   5.1e+02   -2.1   0.0   235   252   328   345   310   362 0.71 # 16483 # 17688 # -1 # ID=35_14;partial=00;start_type=ATG;rbs_motif=GGA/GAG/AGG;rbs_spacer=11-12bp;gc_cont=0.625
#
# Program:         hmmsearch
# Version:         3.1b2 (February 2015)
# Pipeline mode:   SEARCH
# Query file:      /data2/PEG/hoaxaca/REAA/Pseudomonas/bin/busco_downloads/lineages/pseudomonadales_odb10/hmms/17565at72274.hmm
# Target file:     /data2/PEG/hoaxaca/REAA/Pseudomonas/bin/../out/busco/trim_130.spades_def/prodigal_output/predicted_genes/predicted.faa
# Option settings: hmmsearch --domtblout /data2/PEG/hoaxaca/REAA/Pseudomonas/bin/../out/busco/trim_130.spades_def/run_pseudomonadales_odb10/hmmer_output/17565at72274.out --cpu 1 /data2/PEG/hoaxaca/REAA/Pseudomonas/bin/busco_downloads/lineages/pseudomonadales_odb10/hmms/17565at72274.hmm /data2/PEG/hoaxaca/REAA/Pseudomonas/bin/../out/busco/trim_130.spades_def/prodigal_output/predicted_genes/predicted.faa 
# Current dir:     /data2/PEG/hoaxaca/REAA/Pseudomonas/bin
# Date:            Mon Feb 20 00:28:56 2023
# [ok]
