#                                                                                               --- full sequence --- -------------- this domain -------------   hmm coord   ali coord   env coord
# target name                           accession   tlen query name           accession   qlen   E-value  score  bias   #  of  c-Evalue  i-Evalue  score  bias  from    to  from    to  from    to  acc description of target
#                   ------------------- ---------- ----- -------------------- ---------- ----- --------- ------ ----- --- --- --------- --------- ------ ----- ----- ----- ----- ----- ----- ----- ---- ---------------------
NODE_50_length_38784_cov_41.193789_4    -            365 20191at72274         -            278  1.6e-136  452.7   5.0   1   2     0.073        59    1.4   0.0     2    16     7    21     6    57 0.86 # 4595 # 5689 # -1 # ID=50_4;partial=00;start_type=ATG;rbs_motif=GGAG/GAGG;rbs_spacer=5-10bp;gc_cont=0.645
NODE_50_length_38784_cov_41.193789_4    -            365 20191at72274         -            278  1.6e-136  452.7   5.0   2   2  1.7e-138  1.4e-135  449.6   4.8    26   274    84   348    59   351 0.92 # 4595 # 5689 # -1 # ID=50_4;partial=00;start_type=ATG;rbs_motif=GGAG/GAGG;rbs_spacer=5-10bp;gc_cont=0.645
NODE_69_length_17243_cov_37.883665_6    -            278 20191at72274         -            278   1.5e-09   36.2   4.2   1   1   2.3e-11   1.8e-08   32.6   4.2    39   188     8   166     4   248 0.71 # 4883 # 5716 # -1 # ID=69_6;partial=00;start_type=ATG;rbs_motif=GGA/GAG/AGG;rbs_spacer=11-12bp;gc_cont=0.613
NODE_23_length_100940_cov_36.881453_48  -            271 20191at72274         -            278   7.3e-08   30.6   1.5   1   2   3.9e-09   3.1e-06   25.3   0.5    39    76     3    41     1    78 0.85 # 46100 # 46912 # -1 # ID=23_48;partial=00;start_type=TTG;rbs_motif=GGA/GAG/AGG;rbs_spacer=11-12bp;gc_cont=0.595
NODE_23_length_100940_cov_36.881453_48  -            271 20191at72274         -            278   7.3e-08   30.6   1.5   2   2     0.013        10    3.9   0.0   219   262   194   236   181   252 0.79 # 46100 # 46912 # -1 # ID=23_48;partial=00;start_type=TTG;rbs_motif=GGA/GAG/AGG;rbs_spacer=11-12bp;gc_cont=0.595
NODE_21_length_103627_cov_39.260850_92  -            263 20191at72274         -            278   2.1e-07   29.2   2.5   1   1   3.5e-09   2.8e-06   25.5   2.5    40   152     3   137     1   159 0.68 # 100520 # 101308 # -1 # ID=21_92;partial=00;start_type=ATG;rbs_motif=GGAGG;rbs_spacer=5-10bp;gc_cont=0.638
NODE_1_length_570323_cov_37.907400_124  -            266 20191at72274         -            278     1e-06   26.9   0.7   1   2   2.3e-08   1.8e-05   22.8   0.3    39    84     3    49     1    60 0.85 # 128778 # 129575 # 1 # ID=1_124;partial=00;start_type=ATG;rbs_motif=GGA/GAG/AGG;rbs_spacer=11-12bp;gc_cont=0.585
NODE_1_length_570323_cov_37.907400_124  -            266 20191at72274         -            278     1e-06   26.9   0.7   2   2     0.036        29    2.5   0.0   136   170   117   149   108   186 0.78 # 128778 # 129575 # 1 # ID=1_124;partial=00;start_type=ATG;rbs_motif=GGA/GAG/AGG;rbs_spacer=11-12bp;gc_cont=0.585
NODE_2_length_306509_cov_38.263647_186  -            314 20191at72274         -            278    0.0016   16.4   0.4   1   2   2.1e-05     0.017   13.1   0.0    36    75    64   105    53   117 0.83 # 222630 # 223571 # -1 # ID=2_186;partial=00;start_type=ATG;rbs_motif=GGAG/GAGG;rbs_spacer=5-10bp;gc_cont=0.611
NODE_2_length_306509_cov_38.263647_186  -            314 20191at72274         -            278    0.0016   16.4   0.4   2   2     0.072        58    1.5   0.1   133   179   178   221   142   233 0.82 # 222630 # 223571 # -1 # ID=2_186;partial=00;start_type=ATG;rbs_motif=GGAG/GAGG;rbs_spacer=5-10bp;gc_cont=0.611
NODE_10_length_184374_cov_39.267226_138 -            459 20191at72274         -            278    0.0023   15.9   0.0   1   1   5.8e-06    0.0047   14.9   0.0    31    82    92   145    63   161 0.78 # 148025 # 149401 # 1 # ID=10_138;partial=00;start_type=ATG;rbs_motif=AGGA;rbs_spacer=5-10bp;gc_cont=0.603
NODE_2_length_306509_cov_38.263647_59   -            257 20191at72274         -            278     0.043   11.7   0.1   1   1   8.8e-05      0.07   11.0   0.1    43    78     5    41     3    57 0.81 # 79586 # 80356 # -1 # ID=2_59;partial=00;start_type=ATG;rbs_motif=GGAGG;rbs_spacer=5-10bp;gc_cont=0.582
#
# Program:         hmmsearch
# Version:         3.1b2 (February 2015)
# Pipeline mode:   SEARCH
# Query file:      /data2/PEG/hoaxaca/REAA/Pseudomonas/bin/busco_downloads/lineages/pseudomonadales_odb10/hmms/20191at72274.hmm
# Target file:     /data2/PEG/hoaxaca/REAA/Pseudomonas/bin/../out/busco/trim_130.spades_def/prodigal_output/predicted_genes/predicted.faa
# Option settings: hmmsearch --domtblout /data2/PEG/hoaxaca/REAA/Pseudomonas/bin/../out/busco/trim_130.spades_def/run_pseudomonadales_odb10/hmmer_output/20191at72274.out --cpu 1 /data2/PEG/hoaxaca/REAA/Pseudomonas/bin/busco_downloads/lineages/pseudomonadales_odb10/hmms/20191at72274.hmm /data2/PEG/hoaxaca/REAA/Pseudomonas/bin/../out/busco/trim_130.spades_def/prodigal_output/predicted_genes/predicted.faa 
# Current dir:     /data2/PEG/hoaxaca/REAA/Pseudomonas/bin
# Date:            Mon Feb 20 00:29:00 2023
# [ok]
