#                                                                                              --- full sequence --- -------------- this domain -------------   hmm coord   ali coord   env coord
# target name                          accession   tlen query name           accession   qlen   E-value  score  bias   #  of  c-Evalue  i-Evalue  score  bias  from    to  from    to  from    to  acc description of target
#                  ------------------- ---------- ----- -------------------- ---------- ----- --------- ------ ----- --- --- --------- --------- ------ ----- ----- ----- ----- ----- ----- ----- ---- ---------------------
NODE_33_length_70147_cov_38.643328_57  -            346 20878at72274         -            301  1.6e-172  570.8   5.1   1   1  1.1e-175  1.8e-172  570.6   5.1     1   301     7   333     7   333 0.95 # 68033 # 69070 # 1 # ID=33_57;partial=00;start_type=ATG;rbs_motif=GGA/GAG/AGG;rbs_spacer=11-12bp;gc_cont=0.591
NODE_10_length_184374_cov_39.267226_88 -            621 20878at72274         -            301   1.8e-09   35.5   1.3   1   3      0.62   9.9e+02   -3.1   0.0     7    18    22    33    21    38 0.86 # 84249 # 86111 # 1 # ID=10_88;partial=00;start_type=ATG;rbs_motif=None;rbs_spacer=None;gc_cont=0.626
NODE_10_length_184374_cov_39.267226_88 -            621 20878at72274         -            301   1.8e-09   35.5   1.3   2   3   1.1e-12   1.8e-09   35.5   1.3    90   188   152   258   117   376 0.67 # 84249 # 86111 # 1 # ID=10_88;partial=00;start_type=ATG;rbs_motif=None;rbs_spacer=None;gc_cont=0.626
NODE_10_length_184374_cov_39.267226_88 -            621 20878at72274         -            301   1.8e-09   35.5   1.3   3   3      0.47   7.5e+02   -2.7   0.0   204   221   483   500   466   563 0.68 # 84249 # 86111 # 1 # ID=10_88;partial=00;start_type=ATG;rbs_motif=None;rbs_spacer=None;gc_cont=0.626
NODE_15_length_135443_cov_38.650429_85 -            421 20878at72274         -            301   4.7e-07   27.5   3.0   1   2      0.26   4.1e+02   -1.8   0.1   212   234    44    66    15    97 0.61 # 82114 # 83376 # 1 # ID=15_85;partial=00;start_type=ATG;rbs_motif=GGAG/GAGG;rbs_spacer=5-10bp;gc_cont=0.622
NODE_15_length_135443_cov_38.650429_85 -            421 20878at72274         -            301   4.7e-07   27.5   3.0   2   2   2.9e-10   4.7e-07   27.5   3.0    85   267   155   335    88   352 0.77 # 82114 # 83376 # 1 # ID=15_85;partial=00;start_type=ATG;rbs_motif=GGAG/GAGG;rbs_spacer=5-10bp;gc_cont=0.622
NODE_6_length_212516_cov_37.602644_112 -            423 20878at72274         -            301   0.00017   19.2   0.0   1   2   7.1e-07    0.0011   16.4   0.0   109   156   153   200   142   231 0.83 # 131351 # 132619 # 1 # ID=6_112;partial=00;start_type=ATG;rbs_motif=GGA/GAG/AGG;rbs_spacer=11-12bp;gc_cont=0.619
NODE_6_length_212516_cov_37.602644_112 -            423 20878at72274         -            301   0.00017   19.2   0.0   2   2     0.063     1e+02    0.2   0.0   222   264   338   381   268   401 0.77 # 131351 # 132619 # 1 # ID=6_112;partial=00;start_type=ATG;rbs_motif=GGA/GAG/AGG;rbs_spacer=11-12bp;gc_cont=0.619
#
# Program:         hmmsearch
# Version:         3.1b2 (February 2015)
# Pipeline mode:   SEARCH
# Query file:      /data2/PEG/hoaxaca/REAA/Pseudomonas/bin/busco_downloads/lineages/pseudomonadales_odb10/hmms/20878at72274.hmm
# Target file:     /data2/PEG/hoaxaca/REAA/Pseudomonas/bin/../out/busco/trim_130.spades_def/prodigal_output/predicted_genes/predicted.faa
# Option settings: hmmsearch --domtblout /data2/PEG/hoaxaca/REAA/Pseudomonas/bin/../out/busco/trim_130.spades_def/run_pseudomonadales_odb10/hmmer_output/20878at72274.out --cpu 1 /data2/PEG/hoaxaca/REAA/Pseudomonas/bin/busco_downloads/lineages/pseudomonadales_odb10/hmms/20878at72274.hmm /data2/PEG/hoaxaca/REAA/Pseudomonas/bin/../out/busco/trim_130.spades_def/prodigal_output/predicted_genes/predicted.faa 
# Current dir:     /data2/PEG/hoaxaca/REAA/Pseudomonas/bin
# Date:            Mon Feb 20 00:29:01 2023
# [ok]
