#                                                                                              --- full sequence --- -------------- this domain -------------   hmm coord   ali coord   env coord
# target name                          accession   tlen query name           accession   qlen   E-value  score  bias   #  of  c-Evalue  i-Evalue  score  bias  from    to  from    to  from    to  acc description of target
#                  ------------------- ---------- ----- -------------------- ---------- ----- --------- ------ ----- --- --- --------- --------- ------ ----- ----- ----- ----- ----- ----- ----- ---- ---------------------
NODE_31_length_79475_cov_38.588352_23  -            855 2210at72274          -            700         0 1330.2  30.4   1   3   1.1e-15   7.7e-13   46.1   0.2     1    42     1    42     1    52 0.95 # 21563 # 24127 # -1 # ID=31_23;partial=00;start_type=ATG;rbs_motif=AGGA;rbs_spacer=5-10bp;gc_cont=0.588
NODE_31_length_79475_cov_38.588352_23  -            855 2210at72274          -            700         0 1330.2  30.4   2   3   5.3e-16   3.8e-13   47.1   0.4    35    86    68   121    51   148 0.84 # 21563 # 24127 # -1 # ID=31_23;partial=00;start_type=ATG;rbs_motif=AGGA;rbs_spacer=5-10bp;gc_cont=0.588
NODE_31_length_79475_cov_38.588352_23  -            855 2210at72274          -            700         0 1330.2  30.4   3   3         0         0 1240.1  19.1    81   700   153   836   146   836 0.93 # 21563 # 24127 # -1 # ID=31_23;partial=00;start_type=ATG;rbs_motif=AGGA;rbs_spacer=5-10bp;gc_cont=0.588
NODE_45_length_46072_cov_40.687705_42  -            857 2210at72274          -            700  7.5e-180  598.1   3.0   1   1  7.4e-181  5.3e-178  592.0   3.0    87   694   163   823   155   828 0.85 # 42933 # 45503 # 1 # ID=45_42;partial=00;start_type=ATG;rbs_motif=GGA/GAG/AGG;rbs_spacer=5-10bp;gc_cont=0.605
NODE_3_length_236953_cov_39.268499_166 -            757 2210at72274          -            700  1.2e-179  597.4   5.5   1   3     0.058        41    0.7   0.0    53    87     7    41     2   121 0.69 # 163359 # 165629 # -1 # ID=3_166;partial=00;start_type=ATG;rbs_motif=GGAG/GAGG;rbs_spacer=5-10bp;gc_cont=0.605
NODE_3_length_236953_cov_39.268499_166 -            757 2210at72274          -            700  1.2e-179  597.4   5.5   2   3   3.4e-99   2.4e-96  322.0   0.8    85   328   169   415   163   427 0.95 # 163359 # 165629 # -1 # ID=3_166;partial=00;start_type=ATG;rbs_motif=GGAG/GAGG;rbs_spacer=5-10bp;gc_cont=0.605
NODE_3_length_236953_cov_39.268499_166 -            757 2210at72274          -            700  1.2e-179  597.4   5.5   3   3   2.9e-85     2e-82  276.0   0.1   416   699   428   728   412   729 0.88 # 163359 # 165629 # -1 # ID=3_166;partial=00;start_type=ATG;rbs_motif=GGAG/GAGG;rbs_spacer=5-10bp;gc_cont=0.605
NODE_1_length_570323_cov_37.907400_229 -            891 2210at72274          -            700  5.1e-174  578.8   3.5   1   1  8.1e-175  5.8e-172  572.0   3.5    84   657   187   816   180   830 0.85 # 252053 # 254725 # -1 # ID=1_229;partial=00;start_type=ATG;rbs_motif=AGGA;rbs_spacer=5-10bp;gc_cont=0.635
NODE_89_length_6027_cov_37.432269_4    -            319 2210at72274          -            700   1.3e-50  170.9   0.0   1   1   2.5e-53   1.8e-50  170.5   0.0   446   696    12   291     8   294 0.85 # 2856 # 3812 # 1 # ID=89_4;partial=00;start_type=ATG;rbs_motif=GGxGG;rbs_spacer=5-10bp;gc_cont=0.627
NODE_2_length_306509_cov_38.263647_99  -            446 2210at72274          -            700   4.9e-07   26.9   0.4   1   2   2.6e-09   1.9e-06   24.9   0.0   446   527    10    93     6    98 0.75 # 125190 # 126527 # 1 # ID=2_99;partial=00;start_type=ATG;rbs_motif=AGGA/GGAG/GAGG;rbs_spacer=11-12bp;gc_cont=0.602
NODE_2_length_306509_cov_38.263647_99  -            446 2210at72274          -            700   4.9e-07   26.9   0.4   2   2       0.2   1.4e+02   -1.1   0.1   184   219   234   267   210   273 0.75 # 125190 # 126527 # 1 # ID=2_99;partial=00;start_type=ATG;rbs_motif=AGGA/GGAG/GAGG;rbs_spacer=11-12bp;gc_cont=0.602
NODE_13_length_139524_cov_37.894964_42 -            428 2210at72274          -            700    0.0011   15.8   0.0   1   1   2.8e-06     0.002   15.0   0.0   446   504    73   138    63   148 0.72 # 49427 # 50710 # -1 # ID=13_42;partial=00;start_type=ATG;rbs_motif=GGA/GAG/AGG;rbs_spacer=5-10bp;gc_cont=0.551
NODE_22_length_101377_cov_36.717404_66 -            282 2210at72274          -            700    0.0015   15.4   0.0   1   2    0.0038       2.7    4.6   0.0   126   150    24    49    14    70 0.83 # 70846 # 71691 # 1 # ID=22_66;partial=00;start_type=ATG;rbs_motif=GGAG/GAGG;rbs_spacer=5-10bp;gc_cont=0.592
NODE_22_length_101377_cov_36.717404_66 -            282 2210at72274          -            700    0.0015   15.4   0.0   2   2   0.00019      0.14    8.9   0.0   538   602    94   160    68   175 0.80 # 70846 # 71691 # 1 # ID=22_66;partial=00;start_type=ATG;rbs_motif=GGAG/GAGG;rbs_spacer=5-10bp;gc_cont=0.592
NODE_29_length_93387_cov_37.456478_7   -            284 2210at72274          -            700      0.02   11.6   0.0   1   1   4.1e-05     0.029   11.1   0.0   468   505    37    74    29    83 0.82 # 10409 # 11260 # 1 # ID=29_7;partial=00;start_type=ATG;rbs_motif=GGAG/GAGG;rbs_spacer=5-10bp;gc_cont=0.623
#
# Program:         hmmsearch
# Version:         3.1b2 (February 2015)
# Pipeline mode:   SEARCH
# Query file:      /data2/PEG/hoaxaca/REAA/Pseudomonas/bin/busco_downloads/lineages/pseudomonadales_odb10/hmms/2210at72274.hmm
# Target file:     /data2/PEG/hoaxaca/REAA/Pseudomonas/bin/../out/busco/trim_130.spades_def/prodigal_output/predicted_genes/predicted.faa
# Option settings: hmmsearch --domtblout /data2/PEG/hoaxaca/REAA/Pseudomonas/bin/../out/busco/trim_130.spades_def/run_pseudomonadales_odb10/hmmer_output/2210at72274.out --cpu 1 /data2/PEG/hoaxaca/REAA/Pseudomonas/bin/busco_downloads/lineages/pseudomonadales_odb10/hmms/2210at72274.hmm /data2/PEG/hoaxaca/REAA/Pseudomonas/bin/../out/busco/trim_130.spades_def/prodigal_output/predicted_genes/predicted.faa 
# Current dir:     /data2/PEG/hoaxaca/REAA/Pseudomonas/bin
# Date:            Mon Feb 20 00:29:03 2023
# [ok]
