#                                                                                              --- full sequence --- -------------- this domain -------------   hmm coord   ali coord   env coord
# target name                          accession   tlen query name           accession   qlen   E-value  score  bias   #  of  c-Evalue  i-Evalue  score  bias  from    to  from    to  from    to  acc description of target
#                  ------------------- ---------- ----- -------------------- ---------- ----- --------- ------ ----- --- --- --------- --------- ------ ----- ----- ----- ----- ----- ----- ----- ---- ---------------------
NODE_27_length_94916_cov_37.049589_20  -            436 24069at72274         -            338  5.4e-145  481.0   0.9   1   2  1.8e-110  1.9e-107  357.5   0.0     1   203     1   208     1   215 0.98 # 24252 # 25559 # 1 # ID=27_20;partial=00;start_type=ATG;rbs_motif=None;rbs_spacer=None;gc_cont=0.628
NODE_27_length_94916_cov_37.049589_20  -            436 24069at72274         -            338  5.4e-145  481.0   0.9   2   2   4.1e-37   4.4e-34  116.3   0.7   203   338   239   421   232   421 0.77 # 24252 # 25559 # 1 # ID=27_20;partial=00;start_type=ATG;rbs_motif=None;rbs_spacer=None;gc_cont=0.628
NODE_15_length_135443_cov_38.650429_76 -            488 24069at72274         -            338   3.4e-06   24.6   1.1   1   3   4.7e-05     0.051   10.9   0.2    39    69   102   132    87   135 0.89 # 71295 # 72758 # 1 # ID=15_76;partial=00;start_type=ATG;rbs_motif=GGAGG;rbs_spacer=5-10bp;gc_cont=0.633
NODE_15_length_135443_cov_38.650429_76 -            488 24069at72274         -            338   3.4e-06   24.6   1.1   2   3   4.1e-05     0.044   11.1   0.1   123   181   163   221   155   240 0.78 # 71295 # 72758 # 1 # ID=15_76;partial=00;start_type=ATG;rbs_motif=GGAGG;rbs_spacer=5-10bp;gc_cont=0.633
NODE_15_length_135443_cov_38.650429_76 -            488 24069at72274         -            338   3.4e-06   24.6   1.1   3   3      0.26   2.7e+02   -1.3   0.0   214   271   294   360   279   379 0.67 # 71295 # 72758 # 1 # ID=15_76;partial=00;start_type=ATG;rbs_motif=GGAGG;rbs_spacer=5-10bp;gc_cont=0.633
NODE_15_length_135443_cov_38.650429_82 -            482 24069at72274         -            338    0.0057   14.0   0.2   1   2   0.00017      0.18    9.1   0.0    38    65   116   143   104   148 0.85 # 78829 # 80274 # 1 # ID=15_82;partial=00;start_type=ATG;rbs_motif=GGAGG;rbs_spacer=5-10bp;gc_cont=0.631
NODE_15_length_135443_cov_38.650429_82 -            482 24069at72274         -            338    0.0057   14.0   0.2   2   2     0.016        17    2.6   0.0   149   168   183   203   180   210 0.78 # 78829 # 80274 # 1 # ID=15_82;partial=00;start_type=ATG;rbs_motif=GGAGG;rbs_spacer=5-10bp;gc_cont=0.631
NODE_26_length_96877_cov_37.053781_75  -            450 24069at72274         -            338     0.028   11.8   0.0   1   1   5.9e-05     0.064   10.6   0.0    38    68   103   133    96   137 0.89 # 73336 # 74685 # -1 # ID=26_75;partial=00;start_type=ATG;rbs_motif=GGAG/GAGG;rbs_spacer=5-10bp;gc_cont=0.612
NODE_15_length_135443_cov_38.650429_79 -            449 24069at72274         -            338     0.047   11.0   2.9   1   3   0.00031      0.33    8.3   0.2    36    85   107   159    96   170 0.77 # 75210 # 76556 # 1 # ID=15_79;partial=00;start_type=GTG;rbs_motif=GGAG/GAGG;rbs_spacer=5-10bp;gc_cont=0.644
NODE_15_length_135443_cov_38.650429_79 -            449 24069at72274         -            338     0.047   11.0   2.9   2   3     0.039        42    1.3   0.0   141   188   167   213   151   221 0.70 # 75210 # 76556 # 1 # ID=15_79;partial=00;start_type=GTG;rbs_motif=GGAG/GAGG;rbs_spacer=5-10bp;gc_cont=0.644
NODE_15_length_135443_cov_38.650429_79 -            449 24069at72274         -            338     0.047   11.0   2.9   3   3     0.085        91    0.2   0.1    30    52   338   360   317   376 0.82 # 75210 # 76556 # 1 # ID=15_79;partial=00;start_type=GTG;rbs_motif=GGAG/GAGG;rbs_spacer=5-10bp;gc_cont=0.644
NODE_1_length_570323_cov_37.907400_477 -            472 24069at72274         -            338      0.16    9.3   4.3   1   2   0.00072      0.78    7.0   0.3    33    68   260   297   243   301 0.81 # 515817 # 517232 # 1 # ID=1_477;partial=00;start_type=ATG;rbs_motif=GGA/GAG/AGG;rbs_spacer=11-12bp;gc_cont=0.625
NODE_1_length_570323_cov_37.907400_477 -            472 24069at72274         -            338      0.16    9.3   4.3   2   2    0.0078       8.4    3.6   0.4   167   266   301   402   299   419 0.74 # 515817 # 517232 # 1 # ID=1_477;partial=00;start_type=ATG;rbs_motif=GGA/GAG/AGG;rbs_spacer=11-12bp;gc_cont=0.625
#
# Program:         hmmsearch
# Version:         3.1b2 (February 2015)
# Pipeline mode:   SEARCH
# Query file:      /data2/PEG/hoaxaca/REAA/Pseudomonas/bin/busco_downloads/lineages/pseudomonadales_odb10/hmms/24069at72274.hmm
# Target file:     /data2/PEG/hoaxaca/REAA/Pseudomonas/bin/../out/busco/trim_130.spades_def/prodigal_output/predicted_genes/predicted.faa
# Option settings: hmmsearch --domtblout /data2/PEG/hoaxaca/REAA/Pseudomonas/bin/../out/busco/trim_130.spades_def/run_pseudomonadales_odb10/hmmer_output/24069at72274.out --cpu 1 /data2/PEG/hoaxaca/REAA/Pseudomonas/bin/busco_downloads/lineages/pseudomonadales_odb10/hmms/24069at72274.hmm /data2/PEG/hoaxaca/REAA/Pseudomonas/bin/../out/busco/trim_130.spades_def/prodigal_output/predicted_genes/predicted.faa 
# Current dir:     /data2/PEG/hoaxaca/REAA/Pseudomonas/bin
# Date:            Mon Feb 20 00:29:05 2023
# [ok]
