#                                                                                              --- full sequence --- -------------- this domain -------------   hmm coord   ali coord   env coord
# target name                          accession   tlen query name           accession   qlen   E-value  score  bias   #  of  c-Evalue  i-Evalue  score  bias  from    to  from    to  from    to  acc description of target
#                  ------------------- ---------- ----- -------------------- ---------- ----- --------- ------ ----- --- --- --------- --------- ------ ----- ----- ----- ----- ----- ----- ----- ---- ---------------------
NODE_3_length_236953_cov_39.268499_166 -            757 2487at72274          -            670         0 1263.0   3.9   1   1         0         0 1262.0   3.9     1   670     1   736     1   736 0.96 # 163359 # 165629 # -1 # ID=3_166;partial=00;start_type=ATG;rbs_motif=GGAG/GAGG;rbs_spacer=5-10bp;gc_cont=0.605
NODE_31_length_79475_cov_38.588352_23  -            855 2487at72274          -            670  2.7e-197  655.4   3.9   1   2    3e-107  1.6e-104  348.8   2.5    17   378    24   412     6   444 0.83 # 21563 # 24127 # -1 # ID=31_23;partial=00;start_type=ATG;rbs_motif=AGGA;rbs_spacer=5-10bp;gc_cont=0.588
NODE_31_length_79475_cov_38.588352_23  -            855 2487at72274          -            670  2.7e-197  655.4   3.9   2   2   2.7e-94   1.4e-91  306.0   0.0   370   664   535   837   514   842 0.94 # 21563 # 24127 # -1 # ID=31_23;partial=00;start_type=ATG;rbs_motif=AGGA;rbs_spacer=5-10bp;gc_cont=0.588
NODE_45_length_46072_cov_40.687705_42  -            857 2487at72274          -            670  5.2e-146  485.9   0.0   1   2   1.2e-85   6.6e-83  277.4   0.0    18   371    34   409    21   427 0.82 # 42933 # 45503 # 1 # ID=45_42;partial=00;start_type=ATG;rbs_motif=GGA/GAG/AGG;rbs_spacer=5-10bp;gc_cont=0.605
NODE_45_length_46072_cov_40.687705_42  -            857 2487at72274          -            670  5.2e-146  485.9   0.0   2   2   3.7e-64     2e-61  206.4   0.0   295   656   450   826   445   835 0.80 # 42933 # 45503 # 1 # ID=45_42;partial=00;start_type=ATG;rbs_motif=GGA/GAG/AGG;rbs_spacer=5-10bp;gc_cont=0.605
NODE_1_length_570323_cov_37.907400_229 -            891 2487at72274          -            670    3e-139  463.5   0.6   1   2   1.2e-77   6.2e-75  251.0   0.1   134   377   187   442   177   458 0.92 # 252053 # 254725 # -1 # ID=1_229;partial=00;start_type=ATG;rbs_motif=AGGA;rbs_spacer=5-10bp;gc_cont=0.635
NODE_1_length_570323_cov_37.907400_229 -            891 2487at72274          -            670    3e-139  463.5   0.6   2   2   1.7e-65   9.3e-63  210.8   0.0   371   657   561   861   555   871 0.85 # 252053 # 254725 # -1 # ID=1_229;partial=00;start_type=ATG;rbs_motif=AGGA;rbs_spacer=5-10bp;gc_cont=0.635
NODE_89_length_6027_cov_37.432269_4    -            319 2487at72274          -            670   1.3e-43  147.5   0.0   1   1   3.2e-46   1.7e-43  147.1   0.0   401   659    14   291     9   297 0.85 # 2856 # 3812 # 1 # ID=89_4;partial=00;start_type=ATG;rbs_motif=GGxGG;rbs_spacer=5-10bp;gc_cont=0.627
NODE_2_length_306509_cov_38.263647_99  -            446 2487at72274          -            670   4.1e-08   30.2   0.0   1   2     6e-10   3.2e-07   27.3   0.0   396   477     7    93     3    98 0.79 # 125190 # 126527 # 1 # ID=2_99;partial=00;start_type=ATG;rbs_motif=AGGA/GGAG/GAGG;rbs_spacer=11-12bp;gc_cont=0.602
NODE_2_length_306509_cov_38.263647_99  -            446 2487at72274          -            670   4.1e-08   30.2   0.0   2   2       0.1        56    0.0   0.0   237   263   246   271   230   280 0.75 # 125190 # 126527 # 1 # ID=2_99;partial=00;start_type=ATG;rbs_motif=AGGA/GGAG/GAGG;rbs_spacer=11-12bp;gc_cont=0.602
NODE_22_length_101377_cov_36.717404_66 -            282 2487at72274          -            670   1.2e-07   28.7   0.0   1   1     3e-10   1.6e-07   28.2   0.0   436   551    29   159    11   167 0.75 # 70846 # 71691 # 1 # ID=22_66;partial=00;start_type=ATG;rbs_motif=GGAG/GAGG;rbs_spacer=5-10bp;gc_cont=0.592
NODE_13_length_139524_cov_37.894964_42 -            428 2487at72274          -            670   3.3e-05   20.6   0.0   1   2   5.9e-07   0.00032   17.4   0.0   404   471    78   152    53   206 0.57 # 49427 # 50710 # -1 # ID=13_42;partial=00;start_type=ATG;rbs_motif=GGA/GAG/AGG;rbs_spacer=5-10bp;gc_cont=0.551
NODE_13_length_139524_cov_37.894964_42 -            428 2487at72274          -            670   3.3e-05   20.6   0.0   2   2     0.067        36    0.7   0.0   566   646   288   377   268   387 0.70 # 49427 # 50710 # -1 # ID=13_42;partial=00;start_type=ATG;rbs_motif=GGA/GAG/AGG;rbs_spacer=5-10bp;gc_cont=0.551
NODE_10_length_184374_cov_39.267226_20 -            807 2487at72274          -            670   0.00044   16.9   0.1   1   1   1.4e-06   0.00075   16.1   0.1   434   514   385   464   343   477 0.79 # 17900 # 20320 # -1 # ID=10_20;partial=00;start_type=ATG;rbs_motif=GGA/GAG/AGG;rbs_spacer=5-10bp;gc_cont=0.613
NODE_3_length_236953_cov_39.268499_159 -            441 2487at72274          -            670     0.016   11.7   0.0   1   1   4.6e-05     0.024   11.1   0.0   178   249    49   115    13   157 0.69 # 156433 # 157755 # -1 # ID=3_159;partial=00;start_type=ATG;rbs_motif=3Base/5BMM;rbs_spacer=13-15bp;gc_cont=0.630
NODE_14_length_139126_cov_47.028587_45 -            640 2487at72274          -            670     0.028   10.9   0.0   1   1   8.4e-05     0.045   10.3   0.0   178   251   192   262   177   286 0.79 # 51284 # 53203 # -1 # ID=14_45;partial=00;start_type=TTG;rbs_motif=GGAG/GAGG;rbs_spacer=5-10bp;gc_cont=0.582
NODE_40_length_53296_cov_37.718221_40  -            333 2487at72274          -            670     0.076    9.5   0.1   1   1    0.0002      0.11    9.0   0.1   425   537    23   134    10   154 0.70 # 42679 # 43677 # -1 # ID=40_40;partial=00;start_type=ATG;rbs_motif=GGA/GAG/AGG;rbs_spacer=5-10bp;gc_cont=0.659
#
# Program:         hmmsearch
# Version:         3.1b2 (February 2015)
# Pipeline mode:   SEARCH
# Query file:      /data2/PEG/hoaxaca/REAA/Pseudomonas/bin/busco_downloads/lineages/pseudomonadales_odb10/hmms/2487at72274.hmm
# Target file:     /data2/PEG/hoaxaca/REAA/Pseudomonas/bin/../out/busco/trim_130.spades_def/prodigal_output/predicted_genes/predicted.faa
# Option settings: hmmsearch --domtblout /data2/PEG/hoaxaca/REAA/Pseudomonas/bin/../out/busco/trim_130.spades_def/run_pseudomonadales_odb10/hmmer_output/2487at72274.out --cpu 1 /data2/PEG/hoaxaca/REAA/Pseudomonas/bin/busco_downloads/lineages/pseudomonadales_odb10/hmms/2487at72274.hmm /data2/PEG/hoaxaca/REAA/Pseudomonas/bin/../out/busco/trim_130.spades_def/prodigal_output/predicted_genes/predicted.faa 
# Current dir:     /data2/PEG/hoaxaca/REAA/Pseudomonas/bin
# Date:            Mon Feb 20 00:29:06 2023
# [ok]
