#                                                                                              --- full sequence --- -------------- this domain -------------   hmm coord   ali coord   env coord
# target name                          accession   tlen query name           accession   qlen   E-value  score  bias   #  of  c-Evalue  i-Evalue  score  bias  from    to  from    to  from    to  acc description of target
#                  ------------------- ---------- ----- -------------------- ---------- ----- --------- ------ ----- --- --- --------- --------- ------ ----- ----- ----- ----- ----- ----- ----- ---- ---------------------
NODE_6_length_212516_cov_37.602644_176 -            344 29421at72274         -            300    7e-140  463.9   0.0   1   1  1.1e-142  8.1e-140  463.6   0.0     1   298     1   335     1   337 0.91 # 202174 # 203205 # 1 # ID=6_176;partial=00;start_type=ATG;rbs_motif=GGA/GAG/AGG;rbs_spacer=5-10bp;gc_cont=0.643
NODE_10_length_184374_cov_39.267226_99 -            490 29421at72274         -            300   0.00025   18.8   0.0   1   2   0.00058      0.41    8.2   0.0   183   219     5    41     2    78 0.77 # 94509 # 95978 # 1 # ID=10_99;partial=00;start_type=ATG;rbs_motif=GGAG/GAGG;rbs_spacer=5-10bp;gc_cont=0.591
NODE_10_length_184374_cov_39.267226_99 -            490 29421at72274         -            300   0.00025   18.8   0.0   2   2   0.00095      0.68    7.5   0.0   183   246   197   261   190   278 0.67 # 94509 # 95978 # 1 # ID=10_99;partial=00;start_type=ATG;rbs_motif=GGAG/GAGG;rbs_spacer=5-10bp;gc_cont=0.591
NODE_3_length_236953_cov_39.268499_26  -            273 29421at72274         -            300    0.0079   13.9   0.0   1   2    0.0011      0.76    7.4   0.0   179   199    35    55    14    68 0.84 # 29425 # 30243 # -1 # ID=3_26;partial=00;start_type=GTG;rbs_motif=AGGAGG;rbs_spacer=3-4bp;gc_cont=0.623
NODE_3_length_236953_cov_39.268499_26  -            273 29421at72274         -            300    0.0079   13.9   0.0   2   2    0.0091       6.5    4.3   0.0   149   190   176   216   169   222 0.89 # 29425 # 30243 # -1 # ID=3_26;partial=00;start_type=GTG;rbs_motif=AGGAGG;rbs_spacer=3-4bp;gc_cont=0.623
NODE_1_length_570323_cov_37.907400_478 -            224 29421at72274         -            300     0.012   13.3   0.0   1   1   2.5e-05     0.018   12.7   0.0   156   211     3    59     1    74 0.82 # 517229 # 517900 # 1 # ID=1_478;partial=00;start_type=ATG;rbs_motif=GGAG/GAGG;rbs_spacer=5-10bp;gc_cont=0.621
NODE_46_length_44182_cov_36.862487_10  -            546 29421at72274         -            300     0.015   13.0   0.2   1   2      0.03        21    2.6   0.0   179   205    35    61    21    68 0.83 # 9160 # 10797 # -1 # ID=46_10;partial=00;start_type=ATG;rbs_motif=AGGAG;rbs_spacer=5-10bp;gc_cont=0.644
NODE_46_length_44182_cov_36.862487_10  -            546 29421at72274         -            300     0.015   13.0   0.2   2   2    0.0007       0.5    8.0   0.0   170   203   297   331   277   340 0.74 # 9160 # 10797 # -1 # ID=46_10;partial=00;start_type=ATG;rbs_motif=AGGAG;rbs_spacer=5-10bp;gc_cont=0.644
NODE_4_length_234169_cov_37.461050_122 -            233 29421at72274         -            300     0.039   11.6   0.0   1   1   8.4e-05      0.06   11.0   0.0   167   200    27    61     6    70 0.75 # 124453 # 125151 # -1 # ID=4_122;partial=00;start_type=ATG;rbs_motif=GGA/GAG/AGG;rbs_spacer=5-10bp;gc_cont=0.628
NODE_10_length_184374_cov_39.267226_10 -            301 29421at72274         -            300     0.041   11.5   0.2   1   1   0.00013     0.092   10.4   0.1   183   241    12    71     5    92 0.72 # 9438 # 10340 # 1 # ID=10_10;partial=00;start_type=ATG;rbs_motif=GGAG/GAGG;rbs_spacer=5-10bp;gc_cont=0.589
NODE_33_length_70147_cov_38.643328_10  -            386 29421at72274         -            300     0.042   11.5   0.0   1   2   0.00035      0.25    9.0   0.0   172   204    22    58     3    83 0.68 # 13907 # 15064 # -1 # ID=33_10;partial=00;start_type=ATG;rbs_motif=AGGA;rbs_spacer=5-10bp;gc_cont=0.601
NODE_33_length_70147_cov_38.643328_10  -            386 29421at72274         -            300     0.042   11.5   0.0   2   2      0.26   1.9e+02   -0.5   0.0   147   185   176   213   169   217 0.84 # 13907 # 15064 # -1 # ID=33_10;partial=00;start_type=ATG;rbs_motif=AGGA;rbs_spacer=5-10bp;gc_cont=0.601
NODE_8_length_205580_cov_38.170825_184 -            368 29421at72274         -            300     0.053   11.2   0.0   1   1   0.00013     0.093   10.4   0.0   179   200    28    49    10    66 0.83 # 171005 # 172108 # -1 # ID=8_184;partial=00;start_type=ATG;rbs_motif=GGAGG;rbs_spacer=5-10bp;gc_cont=0.615
#
# Program:         hmmsearch
# Version:         3.1b2 (February 2015)
# Pipeline mode:   SEARCH
# Query file:      /data2/PEG/hoaxaca/REAA/Pseudomonas/bin/busco_downloads/lineages/pseudomonadales_odb10/hmms/29421at72274.hmm
# Target file:     /data2/PEG/hoaxaca/REAA/Pseudomonas/bin/../out/busco/trim_130.spades_def/prodigal_output/predicted_genes/predicted.faa
# Option settings: hmmsearch --domtblout /data2/PEG/hoaxaca/REAA/Pseudomonas/bin/../out/busco/trim_130.spades_def/run_pseudomonadales_odb10/hmmer_output/29421at72274.out --cpu 1 /data2/PEG/hoaxaca/REAA/Pseudomonas/bin/busco_downloads/lineages/pseudomonadales_odb10/hmms/29421at72274.hmm /data2/PEG/hoaxaca/REAA/Pseudomonas/bin/../out/busco/trim_130.spades_def/prodigal_output/predicted_genes/predicted.faa 
# Current dir:     /data2/PEG/hoaxaca/REAA/Pseudomonas/bin
# Date:            Mon Feb 20 00:29:11 2023
# [ok]
