#                                                                                               --- full sequence --- -------------- this domain -------------   hmm coord   ali coord   env coord
# target name                           accession   tlen query name           accession   qlen   E-value  score  bias   #  of  c-Evalue  i-Evalue  score  bias  from    to  from    to  from    to  acc description of target
#                   ------------------- ---------- ----- -------------------- ---------- ----- --------- ------ ----- --- --- --------- --------- ------ ----- ----- ----- ----- ----- ----- ----- ---- ---------------------
NODE_25_length_96941_cov_38.406611_40   -            315 30458at72274         -            233   3.1e-76  254.5   0.0   1   1   6.4e-78   3.1e-75  251.2   0.0     1   233     1   312     1   312 0.86 # 43292 # 44236 # -1 # ID=25_40;partial=00;start_type=GTG;rbs_motif=GGAG/GAGG;rbs_spacer=5-10bp;gc_cont=0.623
NODE_34_length_69300_cov_40.592101_12   -            137 30458at72274         -            233   1.5e-10   39.5   0.1   1   1   5.5e-13   2.7e-10   38.7   0.0     2    61     3    60     2    66 0.84 # 17760 # 18170 # -1 # ID=34_12;partial=00;start_type=ATG;rbs_motif=GGA/GAG/AGG;rbs_spacer=5-10bp;gc_cont=0.659
NODE_12_length_152381_cov_38.336288_93  -            139 30458at72274         -            233   3.7e-09   35.0   0.1   1   1     1e-11     5e-09   34.5   0.1     3    61    18    73    16   135 0.80 # 112814 # 113230 # 1 # ID=12_93;partial=00;start_type=ATG;rbs_motif=AGGA/GGAG/GAGG;rbs_spacer=11-12bp;gc_cont=0.583
NODE_1_length_570323_cov_37.907400_441  -            160 30458at72274         -            233   1.8e-08   32.7   0.0   1   1   5.7e-11   2.8e-08   32.1   0.0     7    59    12    61     8    67 0.86 # 474205 # 474684 # 1 # ID=1_441;partial=00;start_type=GTG;rbs_motif=GGAG/GAGG;rbs_spacer=5-10bp;gc_cont=0.558
NODE_10_length_184374_cov_39.267226_129 -            221 30458at72274         -            233   2.8e-05   22.2   0.0   1   1   7.3e-08   3.6e-05   21.9   0.0    13    60    85   132    73   151 0.86 # 140149 # 140811 # -1 # ID=10_129;partial=00;start_type=ATG;rbs_motif=None;rbs_spacer=None;gc_cont=0.614
NODE_10_length_184374_cov_39.267226_51  -            149 30458at72274         -            233     3e-05   22.1   0.2   1   1   8.2e-08   4.1e-05   21.7   0.2     6    57     9    61     4    67 0.87 # 52857 # 53303 # 1 # ID=10_51;partial=00;start_type=ATG;rbs_motif=AGGA;rbs_spacer=5-10bp;gc_cont=0.582
NODE_21_length_103627_cov_39.260850_72  -            137 30458at72274         -            233   0.00021   19.4   0.0   1   1   5.8e-07   0.00028   19.0   0.0    34    66    32    64    21    78 0.86 # 84383 # 84793 # 1 # ID=21_72;partial=00;start_type=ATG;rbs_motif=GGA/GAG/AGG;rbs_spacer=5-10bp;gc_cont=0.574
NODE_55_length_36014_cov_37.108662_8    -            278 30458at72274         -            233   0.00059   17.9   0.0   1   1   1.9e-06   0.00095   17.3   0.0    10    61   148   199   140   213 0.81 # 7139 # 7972 # -1 # ID=55_8;partial=00;start_type=ATG;rbs_motif=GGA/GAG/AGG;rbs_spacer=5-10bp;gc_cont=0.647
NODE_3_length_236953_cov_39.268499_203  -            208 30458at72274         -            233    0.0049   14.9   0.0   1   1   1.4e-05    0.0069   14.4   0.0     3    67    69   129    67   139 0.79 # 206259 # 206882 # 1 # ID=3_203;partial=00;start_type=ATG;rbs_motif=AGGAG;rbs_spacer=5-10bp;gc_cont=0.599
NODE_3_length_236953_cov_39.268499_171  -            149 30458at72274         -            233    0.0071   14.4   0.0   1   1   1.5e-05    0.0074   14.3   0.0     5    61     6    62     4   121 0.83 # 170789 # 171235 # 1 # ID=3_171;partial=00;start_type=ATG;rbs_motif=GGAG/GAGG;rbs_spacer=5-10bp;gc_cont=0.609
NODE_6_length_212516_cov_37.602644_55   -            179 30458at72274         -            233    0.0085   14.1   0.0   1   1   2.5e-05     0.013   13.6   0.0    34    59    78   103    67   116 0.87 # 53600 # 54136 # -1 # ID=6_55;partial=00;start_type=ATG;rbs_motif=GGA/GAG/AGG;rbs_spacer=5-10bp;gc_cont=0.644
NODE_2_length_306509_cov_38.263647_9    -            206 30458at72274         -            233     0.027   12.5   0.1   1   1   0.00011     0.054   11.5   0.1    31    60    88   117    72   123 0.91 # 8750 # 9367 # -1 # ID=2_9;partial=00;start_type=ATG;rbs_motif=GGAG/GAGG;rbs_spacer=5-10bp;gc_cont=0.576
NODE_2_length_306509_cov_38.263647_206  -            189 30458at72274         -            233     0.029   12.4   0.1   1   1     9e-05     0.045   11.8   0.1    33    59    77   103    49   111 0.77 # 240633 # 241199 # -1 # ID=2_206;partial=00;start_type=ATG;rbs_motif=AGGAG;rbs_spacer=5-10bp;gc_cont=0.623
#
# Program:         hmmsearch
# Version:         3.1b2 (February 2015)
# Pipeline mode:   SEARCH
# Query file:      /data2/PEG/hoaxaca/REAA/Pseudomonas/bin/busco_downloads/lineages/pseudomonadales_odb10/hmms/30458at72274.hmm
# Target file:     /data2/PEG/hoaxaca/REAA/Pseudomonas/bin/../out/busco/trim_130.spades_def/prodigal_output/predicted_genes/predicted.faa
# Option settings: hmmsearch --domtblout /data2/PEG/hoaxaca/REAA/Pseudomonas/bin/../out/busco/trim_130.spades_def/run_pseudomonadales_odb10/hmmer_output/30458at72274.out --cpu 1 /data2/PEG/hoaxaca/REAA/Pseudomonas/bin/busco_downloads/lineages/pseudomonadales_odb10/hmms/30458at72274.hmm /data2/PEG/hoaxaca/REAA/Pseudomonas/bin/../out/busco/trim_130.spades_def/prodigal_output/predicted_genes/predicted.faa 
# Current dir:     /data2/PEG/hoaxaca/REAA/Pseudomonas/bin
# Date:            Mon Feb 20 00:29:13 2023
# [ok]
