#                                                                                               --- full sequence --- -------------- this domain -------------   hmm coord   ali coord   env coord
# target name                           accession   tlen query name           accession   qlen   E-value  score  bias   #  of  c-Evalue  i-Evalue  score  bias  from    to  from    to  from    to  acc description of target
#                   ------------------- ---------- ----- -------------------- ---------- ----- --------- ------ ----- --- --- --------- --------- ------ ----- ----- ----- ----- ----- ----- ----- ---- ---------------------
NODE_44_length_48511_cov_38.642772_37   -            496 30483at72274         -            371  1.6e-199  660.7   0.0   1   1  2.9e-202  1.9e-199  660.5   0.0     2   366    92   480    91   485 0.95 # 37266 # 38753 # 1 # ID=44_37;partial=00;start_type=ATG;rbs_motif=None;rbs_spacer=None;gc_cont=0.616
NODE_9_length_204135_cov_38.603500_1    -            529 30483at72274         -            371   1.9e-97  324.9   0.0   1   1    4e-100   2.6e-97  324.4   0.0    18   364    12   373     3   377 0.93 # 1 # 1587 # -1 # ID=9_1;partial=10;start_type=ATG;rbs_motif=AGGA;rbs_spacer=5-10bp;gc_cont=0.650
NODE_26_length_96877_cov_37.053781_17   -            444 30483at72274         -            371   6.3e-96  319.8   0.3   1   1   1.3e-98   8.5e-96  319.4   0.3    19   366    13   370     4   374 0.93 # 14888 # 16219 # -1 # ID=26_17;partial=00;start_type=ATG;rbs_motif=None;rbs_spacer=None;gc_cont=0.622
NODE_22_length_101377_cov_36.717404_40  -            449 30483at72274         -            371   1.8e-84  282.2   2.7   1   1   3.5e-87   2.3e-84  281.8   2.7    14   369     7   372     2   374 0.92 # 39451 # 40797 # -1 # ID=22_40;partial=00;start_type=GTG;rbs_motif=GGAG/GAGG;rbs_spacer=5-10bp;gc_cont=0.612
NODE_9_length_204135_cov_38.603500_33   -            462 30483at72274         -            371     2e-81  272.1   0.1   1   1   4.3e-84   2.7e-81  271.7   0.1    18   362    20   366     3   374 0.91 # 34663 # 36048 # -1 # ID=9_33;partial=00;start_type=GTG;rbs_motif=GGA/GAG/AGG;rbs_spacer=5-10bp;gc_cont=0.631
NODE_23_length_100940_cov_36.881453_11  -            558 30483at72274         -            371     3e-81  271.5   0.8   1   1   6.7e-84   4.3e-81  271.0   0.8    21   364    20   369     5   375 0.91 # 9697 # 11370 # 1 # ID=23_11;partial=00;start_type=ATG;rbs_motif=GGAG/GAGG;rbs_spacer=5-10bp;gc_cont=0.605
NODE_2_length_306509_cov_38.263647_215  -            646 30483at72274         -            371   1.7e-14   51.9   0.1   1   2      0.89   5.7e+02   -2.5   0.0    31    62    18    49    13    51 0.86 # 249167 # 251104 # -1 # ID=2_215;partial=00;start_type=ATG;rbs_motif=GGAG/GAGG;rbs_spacer=5-10bp;gc_cont=0.592
NODE_2_length_306509_cov_38.263647_215  -            646 30483at72274         -            371   1.7e-14   51.9   0.1   2   2   6.7e-17   4.3e-14   50.6   0.0   142   346   120   332    94   342 0.80 # 249167 # 251104 # -1 # ID=2_215;partial=00;start_type=ATG;rbs_motif=GGAG/GAGG;rbs_spacer=5-10bp;gc_cont=0.592
NODE_24_length_98846_cov_39.548735_72   -           1463 30483at72274         -            371   2.7e-06   24.9   0.1   1   2     0.076        49    1.0   0.0    31    70    69   108    64   152 0.78 # 69023 # 73411 # -1 # ID=24_72;partial=00;start_type=ATG;rbs_motif=GGA/GAG/AGG;rbs_spacer=5-10bp;gc_cont=0.655
NODE_24_length_98846_cov_39.548735_72   -           1463 30483at72274         -            371   2.7e-06   24.9   0.1   2   2   5.7e-08   3.6e-05   21.2   0.0   235   333   303   408   290   432 0.80 # 69023 # 73411 # -1 # ID=24_72;partial=00;start_type=ATG;rbs_motif=GGA/GAG/AGG;rbs_spacer=5-10bp;gc_cont=0.655
NODE_11_length_160437_cov_37.143278_128 -            709 30483at72274         -            371   0.00014   19.2   0.0   1   2     0.069        44    1.2   0.0    71   187   103   220    73   230 0.72 # 120282 # 122408 # 1 # ID=11_128;partial=00;start_type=ATG;rbs_motif=GGAG/GAGG;rbs_spacer=5-10bp;gc_cont=0.625
NODE_11_length_160437_cov_37.143278_128 -            709 30483at72274         -            371   0.00014   19.2   0.0   2   2     4e-06    0.0026   15.1   0.0   278   337   266   325   258   351 0.85 # 120282 # 122408 # 1 # ID=11_128;partial=00;start_type=ATG;rbs_motif=GGAG/GAGG;rbs_spacer=5-10bp;gc_cont=0.625
NODE_30_length_81004_cov_38.527587_7    -            949 30483at72274         -            371     0.026   11.8   0.0   1   1   7.1e-05     0.046   11.0   0.0   280   339   527   588   476   593 0.75 # 4054 # 6900 # 1 # ID=30_7;partial=00;start_type=ATG;rbs_motif=GGAG/GAGG;rbs_spacer=5-10bp;gc_cont=0.639
#
# Program:         hmmsearch
# Version:         3.1b2 (February 2015)
# Pipeline mode:   SEARCH
# Query file:      /data2/PEG/hoaxaca/REAA/Pseudomonas/bin/busco_downloads/lineages/pseudomonadales_odb10/hmms/30483at72274.hmm
# Target file:     /data2/PEG/hoaxaca/REAA/Pseudomonas/bin/../out/busco/trim_130.spades_def/prodigal_output/predicted_genes/predicted.faa
# Option settings: hmmsearch --domtblout /data2/PEG/hoaxaca/REAA/Pseudomonas/bin/../out/busco/trim_130.spades_def/run_pseudomonadales_odb10/hmmer_output/30483at72274.out --cpu 1 /data2/PEG/hoaxaca/REAA/Pseudomonas/bin/busco_downloads/lineages/pseudomonadales_odb10/hmms/30483at72274.hmm /data2/PEG/hoaxaca/REAA/Pseudomonas/bin/../out/busco/trim_130.spades_def/prodigal_output/predicted_genes/predicted.faa 
# Current dir:     /data2/PEG/hoaxaca/REAA/Pseudomonas/bin
# Date:            Mon Feb 20 00:29:13 2023
# [ok]
