#                                                                                              --- full sequence --- -------------- this domain -------------   hmm coord   ali coord   env coord
# target name                          accession   tlen query name           accession   qlen   E-value  score  bias   #  of  c-Evalue  i-Evalue  score  bias  from    to  from    to  from    to  acc description of target
#                  ------------------- ---------- ----- -------------------- ---------- ----- --------- ------ ----- --- --- --------- --------- ------ ----- ----- ----- ----- ----- ----- ----- ---- ---------------------
NODE_31_length_79475_cov_38.588352_70  -            259 32857at72274         -            199   4.9e-89  295.4   1.3   1   2   1.5e-63     1e-60  202.9   0.7     1   130     4   150     4   167 0.92 # 73277 # 74053 # -1 # ID=31_70;partial=00;start_type=ATG;rbs_motif=GGAG/GAGG;rbs_spacer=5-10bp;gc_cont=0.600
NODE_31_length_79475_cov_38.588352_70  -            259 32857at72274         -            199   4.9e-89  295.4   1.3   2   2   2.4e-29   1.7e-26   91.3   0.0   128   199   174   258   166   258 0.88 # 73277 # 74053 # -1 # ID=31_70;partial=00;start_type=ATG;rbs_motif=GGAG/GAGG;rbs_spacer=5-10bp;gc_cont=0.600
NODE_37_length_65277_cov_39.445905_43  -            260 32857at72274         -            199   2.4e-45  152.8   0.0   1   2   1.4e-38   9.9e-36  121.4   0.0     9   144    11   158     2   172 0.85 # 31176 # 31955 # 1 # ID=37_43;partial=00;start_type=ATG;rbs_motif=AGGAG;rbs_spacer=5-10bp;gc_cont=0.585
NODE_37_length_65277_cov_39.445905_43  -            260 32857at72274         -            199   2.4e-45  152.8   0.0   2   2     2e-10   1.4e-07   29.5   0.0   130   184   174   234   169   243 0.86 # 31176 # 31955 # 1 # ID=37_43;partial=00;start_type=ATG;rbs_motif=AGGAG;rbs_spacer=5-10bp;gc_cont=0.585
NODE_5_length_229594_cov_37.843998_20  -            341 32857at72274         -            199   1.6e-13   49.0   0.0   1   1   7.5e-15   5.4e-12   44.0   0.0    27   185   134   316   124   329 0.75 # 22340 # 23362 # 1 # ID=5_20;partial=00;start_type=ATG;rbs_motif=GGAG/GAGG;rbs_spacer=5-10bp;gc_cont=0.633
NODE_14_length_139126_cov_47.028587_98 -            336 32857at72274         -            199   3.3e-12   44.7   0.0   1   2     2e-12   1.5e-09   36.0   0.0    15   130   121   242   108   258 0.83 # 115690 # 116697 # 1 # ID=14_98;partial=00;start_type=ATG;rbs_motif=GGA/GAG/AGG;rbs_spacer=5-10bp;gc_cont=0.597
NODE_14_length_139126_cov_47.028587_98 -            336 32857at72274         -            199   3.3e-12   44.7   0.0   2   2    0.0022       1.6    6.5   0.0   158   183   290   315   279   328 0.79 # 115690 # 116697 # 1 # ID=14_98;partial=00;start_type=ATG;rbs_motif=GGA/GAG/AGG;rbs_spacer=5-10bp;gc_cont=0.597
NODE_25_length_96941_cov_38.406611_60  -            311 32857at72274         -            199   4.5e-12   44.2   0.0   1   1   1.4e-14     1e-11   43.1   0.0     8   183    96   291    92   299 0.75 # 66615 # 67547 # -1 # ID=25_60;partial=00;start_type=ATG;rbs_motif=GGA/GAG/AGG;rbs_spacer=5-10bp;gc_cont=0.662
NODE_56_length_33325_cov_36.907964_22  -            359 32857at72274         -            199   1.7e-06   26.0   0.0   1   2   7.5e-07   0.00053   17.9   0.0    24   130    33   150    13   156 0.76 # 29342 # 30418 # -1 # ID=56_22;partial=00;start_type=ATG;rbs_motif=GGAG/GAGG;rbs_spacer=5-10bp;gc_cont=0.627
NODE_56_length_33325_cov_36.907964_22  -            359 32857at72274         -            199   1.7e-06   26.0   0.0   2   2    0.0033       2.3    6.0   0.0   119   186   160   232   157   244 0.72 # 29342 # 30418 # -1 # ID=56_22;partial=00;start_type=ATG;rbs_motif=GGAG/GAGG;rbs_spacer=5-10bp;gc_cont=0.627
NODE_1_length_570323_cov_37.907400_361 -            323 32857at72274         -            199    0.0013   16.6   0.0   1   2   4.3e-06    0.0031   15.4   0.0    25   116   120   216   111   232 0.79 # 393029 # 393997 # 1 # ID=1_361;partial=00;start_type=ATG;rbs_motif=AGGA;rbs_spacer=5-10bp;gc_cont=0.628
NODE_1_length_570323_cov_37.907400_361 -            323 32857at72274         -            199    0.0013   16.6   0.0   2   2       1.7   1.2e+03   -2.9   0.0   162   182   280   300   267   303 0.71 # 393029 # 393997 # 1 # ID=1_361;partial=00;start_type=ATG;rbs_motif=AGGA;rbs_spacer=5-10bp;gc_cont=0.628
NODE_9_length_204135_cov_38.603500_63  -            367 32857at72274         -            199    0.0024   15.7   0.0   1   1   4.9e-06    0.0035   15.2   0.0    24   131    45   162    23   189 0.74 # 72982 # 74082 # 1 # ID=9_63;partial=00;start_type=ATG;rbs_motif=GGAG/GAGG;rbs_spacer=5-10bp;gc_cont=0.601
NODE_36_length_67245_cov_37.425262_43  -            558 32857at72274         -            199     0.007   14.2   0.0   1   1    0.0001     0.072   10.9   0.0    10   182   113   303   104   311 0.60 # 46014 # 47687 # -1 # ID=36_43;partial=00;start_type=ATG;rbs_motif=GGAG/GAGG;rbs_spacer=5-10bp;gc_cont=0.637
#
# Program:         hmmsearch
# Version:         3.1b2 (February 2015)
# Pipeline mode:   SEARCH
# Query file:      /data2/PEG/hoaxaca/REAA/Pseudomonas/bin/busco_downloads/lineages/pseudomonadales_odb10/hmms/32857at72274.hmm
# Target file:     /data2/PEG/hoaxaca/REAA/Pseudomonas/bin/../out/busco/trim_130.spades_def/prodigal_output/predicted_genes/predicted.faa
# Option settings: hmmsearch --domtblout /data2/PEG/hoaxaca/REAA/Pseudomonas/bin/../out/busco/trim_130.spades_def/run_pseudomonadales_odb10/hmmer_output/32857at72274.out --cpu 1 /data2/PEG/hoaxaca/REAA/Pseudomonas/bin/busco_downloads/lineages/pseudomonadales_odb10/hmms/32857at72274.hmm /data2/PEG/hoaxaca/REAA/Pseudomonas/bin/../out/busco/trim_130.spades_def/prodigal_output/predicted_genes/predicted.faa 
# Current dir:     /data2/PEG/hoaxaca/REAA/Pseudomonas/bin
# Date:            Mon Feb 20 00:29:16 2023
# [ok]
