#                                                                                              --- full sequence --- -------------- this domain -------------   hmm coord   ali coord   env coord
# target name                          accession   tlen query name           accession   qlen   E-value  score  bias   #  of  c-Evalue  i-Evalue  score  bias  from    to  from    to  from    to  acc description of target
#                  ------------------- ---------- ----- -------------------- ---------- ----- --------- ------ ----- --- --- --------- --------- ------ ----- ----- ----- ----- ----- ----- ----- ---- ---------------------
NODE_15_length_135443_cov_38.650429_77 -            457 32893at72274         -            340  9.1e-130  431.1  12.9   1   2   6.7e-91   8.6e-88  293.1   0.7     6   212    24   246    19   269 0.89 # 72751 # 74121 # 1 # ID=15_77;partial=00;start_type=ATG;rbs_motif=GGAGG;rbs_spacer=5-10bp;gc_cont=0.627
NODE_15_length_135443_cov_38.650429_77 -            457 32893at72274         -            340  9.1e-130  431.1  12.9   2   2   2.2e-44   2.9e-41  140.2   5.6   208   340   275   448   265   448 0.88 # 72751 # 74121 # 1 # ID=15_77;partial=00;start_type=ATG;rbs_motif=GGAGG;rbs_spacer=5-10bp;gc_cont=0.627
NODE_15_length_135443_cov_38.650429_76 -            488 32893at72274         -            340   1.8e-15   55.4   0.2   1   2     2e-14   2.5e-11   41.7   0.1     9   101    20   124    15   247 0.71 # 71295 # 72758 # 1 # ID=15_76;partial=00;start_type=ATG;rbs_motif=GGAGG;rbs_spacer=5-10bp;gc_cont=0.633
NODE_15_length_135443_cov_38.650429_76 -            488 32893at72274         -            340   1.8e-15   55.4   0.2   2   2   9.9e-05      0.13    9.8   0.0   208   253   286   331   268   338 0.92 # 71295 # 72758 # 1 # ID=15_76;partial=00;start_type=ATG;rbs_motif=GGAGG;rbs_spacer=5-10bp;gc_cont=0.633
NODE_15_length_135443_cov_38.650429_79 -            449 32893at72274         -            340   2.6e-09   35.1   1.5   1   2   3.1e-06     0.004   14.8   0.1    75   180   106   205    94   222 0.75 # 75210 # 76556 # 1 # ID=15_79;partial=00;start_type=GTG;rbs_motif=GGAG/GAGG;rbs_spacer=5-10bp;gc_cont=0.644
NODE_15_length_135443_cov_38.650429_79 -            449 32893at72274         -            340   2.6e-09   35.1   1.5   2   2   1.3e-07   0.00017   19.3   0.2   210   284   267   351   254   362 0.72 # 75210 # 76556 # 1 # ID=15_79;partial=00;start_type=GTG;rbs_motif=GGAG/GAGG;rbs_spacer=5-10bp;gc_cont=0.644
NODE_15_length_135443_cov_38.650429_82 -            482 32893at72274         -            340   1.4e-08   32.8   0.3   1   2   6.7e-05     0.087   10.4   0.3    76   113   114   155   102   209 0.73 # 78829 # 80274 # 1 # ID=15_82;partial=00;start_type=ATG;rbs_motif=GGAGG;rbs_spacer=5-10bp;gc_cont=0.631
NODE_15_length_135443_cov_38.650429_82 -            482 32893at72274         -            340   1.4e-08   32.8   0.3   2   2   2.7e-07   0.00035   18.3   0.0   207   252   279   324   265   369 0.82 # 78829 # 80274 # 1 # ID=15_82;partial=00;start_type=ATG;rbs_motif=GGAGG;rbs_spacer=5-10bp;gc_cont=0.631
NODE_26_length_96877_cov_37.053781_75  -            450 32893at72274         -            340   3.3e-07   28.2   0.5   1   2   0.00026      0.33    8.5   0.0    79   103   104   128    98   134 0.88 # 73336 # 74685 # -1 # ID=26_75;partial=00;start_type=ATG;rbs_motif=GGAG/GAGG;rbs_spacer=5-10bp;gc_cont=0.612
NODE_26_length_96877_cov_37.053781_75  -            450 32893at72274         -            340   3.3e-07   28.2   0.5   2   2     4e-07   0.00051   17.7   0.2   208   255   270   317   257   354 0.78 # 73336 # 74685 # -1 # ID=26_75;partial=00;start_type=ATG;rbs_motif=GGAG/GAGG;rbs_spacer=5-10bp;gc_cont=0.612
#
# Program:         hmmsearch
# Version:         3.1b2 (February 2015)
# Pipeline mode:   SEARCH
# Query file:      /data2/PEG/hoaxaca/REAA/Pseudomonas/bin/busco_downloads/lineages/pseudomonadales_odb10/hmms/32893at72274.hmm
# Target file:     /data2/PEG/hoaxaca/REAA/Pseudomonas/bin/../out/busco/trim_130.spades_def/prodigal_output/predicted_genes/predicted.faa
# Option settings: hmmsearch --domtblout /data2/PEG/hoaxaca/REAA/Pseudomonas/bin/../out/busco/trim_130.spades_def/run_pseudomonadales_odb10/hmmer_output/32893at72274.out --cpu 1 /data2/PEG/hoaxaca/REAA/Pseudomonas/bin/busco_downloads/lineages/pseudomonadales_odb10/hmms/32893at72274.hmm /data2/PEG/hoaxaca/REAA/Pseudomonas/bin/../out/busco/trim_130.spades_def/prodigal_output/predicted_genes/predicted.faa 
# Current dir:     /data2/PEG/hoaxaca/REAA/Pseudomonas/bin
# Date:            Mon Feb 20 00:29:16 2023
# [ok]
