#                                                                                               --- full sequence --- -------------- this domain -------------   hmm coord   ali coord   env coord
# target name                           accession   tlen query name           accession   qlen   E-value  score  bias   #  of  c-Evalue  i-Evalue  score  bias  from    to  from    to  from    to  acc description of target
#                   ------------------- ---------- ----- -------------------- ---------- ----- --------- ------ ----- --- --- --------- --------- ------ ----- ----- ----- ----- ----- ----- ----- ---- ---------------------
NODE_4_length_234169_cov_37.461050_142  -            716 3460at72274          -            612         0 1035.8  14.1   1   2  8.7e-271  3.1e-268  889.8  11.2     1   534     1   610     1   619 0.91 # 149070 # 151217 # -1 # ID=4_142;partial=00;start_type=ATG;rbs_motif=GGAG/GAGG;rbs_spacer=5-10bp;gc_cont=0.584
NODE_4_length_234169_cov_37.461050_142  -            716 3460at72274          -            612         0 1035.8  14.1   2   2   7.8e-46   2.8e-43  146.8   0.0   524   612   619   714   616   714 0.93 # 149070 # 151217 # -1 # ID=4_142;partial=00;start_type=ATG;rbs_motif=GGAG/GAGG;rbs_spacer=5-10bp;gc_cont=0.584
NODE_11_length_160437_cov_37.143278_110 -            716 3460at72274          -            612  3.3e-101  338.1   0.2   1   1  1.5e-103  5.3e-101  337.5   0.2    36   597    49   692    15   699 0.79 # 104070 # 106217 # 1 # ID=11_110;partial=00;start_type=ATG;rbs_motif=AGGA;rbs_spacer=5-10bp;gc_cont=0.622
NODE_59_length_29931_cov_37.758558_13   -            510 3460at72274          -            612   7.6e-41  138.8   0.1   1   2   5.6e-43     2e-40  137.4   0.0   260   519     6   288     2   293 0.83 # 12064 # 13593 # -1 # ID=59_13;partial=00;start_type=ATG;rbs_motif=GGA/GAG/AGG;rbs_spacer=5-10bp;gc_cont=0.659
NODE_59_length_29931_cov_37.758558_13   -            510 3460at72274          -            612   7.6e-41  138.8   0.1   2   2      0.98   3.5e+02   -2.2   0.0   549   571   433   455   400   479 0.55 # 12064 # 13593 # -1 # ID=59_13;partial=00;start_type=ATG;rbs_motif=GGA/GAG/AGG;rbs_spacer=5-10bp;gc_cont=0.659
NODE_32_length_78575_cov_37.925833_71   -            258 3460at72274          -            612     1e-23   82.2   0.1   1   1   3.6e-26   1.3e-23   81.9   0.1    19   156    29   184    15   230 0.78 # 72781 # 73554 # -1 # ID=32_71;partial=00;start_type=ATG;rbs_motif=AGGAG;rbs_spacer=5-10bp;gc_cont=0.606
NODE_59_length_29931_cov_37.758558_14   -            262 3460at72274          -            612   7.3e-21   72.8   0.1   1   1   2.5e-23   8.9e-21   72.5   0.1    30   157    45   189    23   226 0.79 # 13596 # 14381 # -1 # ID=59_14;partial=00;start_type=GTG;rbs_motif=AGGAG;rbs_spacer=5-10bp;gc_cont=0.644
NODE_48_length_39804_cov_36.393108_24   -            264 3460at72274          -            612   5.9e-16   56.6   0.0   1   1     3e-18   1.1e-15   55.7   0.0    59   157    85   191    44   215 0.77 # 28110 # 28901 # -1 # ID=48_24;partial=00;start_type=ATG;rbs_motif=GGAG/GAGG;rbs_spacer=5-10bp;gc_cont=0.677
NODE_9_length_204135_cov_38.603500_50   -            322 3460at72274          -            612   3.5e-14   50.7   0.0   1   1   1.2e-16   4.4e-14   50.4   0.0   259   435     7   195     2   229 0.87 # 57352 # 58317 # -1 # ID=9_50;partial=00;start_type=ATG;rbs_motif=AGGA;rbs_spacer=5-10bp;gc_cont=0.602
NODE_25_length_96941_cov_38.406611_59   -            250 3460at72274          -            612   5.7e-13   46.7   0.0   1   1   1.8e-15   6.3e-13   46.6   0.0    33   141    43   160    25   220 0.85 # 65835 # 66584 # -1 # ID=25_59;partial=00;start_type=ATG;rbs_motif=GGA/GAG/AGG;rbs_spacer=5-10bp;gc_cont=0.613
NODE_81_length_10808_cov_36.549809_9    -            264 3460at72274          -            612     1e-10   39.3   0.0   1   1   3.6e-13   1.3e-10   38.9   0.0    58   136    83   163    72   205 0.78 # 6754 # 7545 # 1 # ID=81_9;partial=00;start_type=ATG;rbs_motif=AGGA/GGAG/GAGG;rbs_spacer=11-12bp;gc_cont=0.664
NODE_55_length_36014_cov_37.108662_9    -            271 3460at72274          -            612   6.6e-09   33.3   0.3   1   2         1   3.6e+02   -2.2   0.0    59    95    33    71    26    77 0.67 # 7979 # 8791 # -1 # ID=55_9;partial=00;start_type=ATG;rbs_motif=AGGA;rbs_spacer=5-10bp;gc_cont=0.621
NODE_55_length_36014_cov_37.108662_9    -            271 3460at72274          -            612   6.6e-09   33.3   0.3   2   2   3.7e-11   1.3e-08   32.3   0.2    63   156    96   197    44   214 0.81 # 7979 # 8791 # -1 # ID=55_9;partial=00;start_type=ATG;rbs_motif=AGGA;rbs_spacer=5-10bp;gc_cont=0.621
NODE_23_length_100940_cov_36.881453_10  -            264 3460at72274          -            612   2.1e-08   31.6   0.1   1   1     8e-11   2.8e-08   31.2   0.1    75   156   101   190    97   223 0.85 # 8482 # 9273 # -1 # ID=23_10;partial=00;start_type=ATG;rbs_motif=GGAG/GAGG;rbs_spacer=5-10bp;gc_cont=0.606
NODE_65_length_22682_cov_43.638310_8    -            258 3460at72274          -            612   3.7e-08   30.8   0.4   1   1   1.2e-10   4.4e-08   30.6   0.4    37   169    46   197    25   230 0.68 # 8484 # 9257 # 1 # ID=65_8;partial=00;start_type=GTG;rbs_motif=GGA/GAG/AGG;rbs_spacer=5-10bp;gc_cont=0.628
NODE_32_length_78575_cov_37.925833_69   -            368 3460at72274          -            612   1.5e-07   28.8   0.0   1   1   5.3e-10   1.9e-07   28.5   0.0    72   131   111   171    61   208 0.70 # 70383 # 71486 # 1 # ID=32_69;partial=00;start_type=ATG;rbs_motif=GGAG/GAGG;rbs_spacer=5-10bp;gc_cont=0.646
NODE_11_length_160437_cov_37.143278_114 -            230 3460at72274          -            612   3.7e-06   24.2   0.1   1   1   1.3e-08   4.6e-06   23.9   0.1    27   190    42   219    22   226 0.69 # 109218 # 109907 # -1 # ID=11_114;partial=00;start_type=ATG;rbs_motif=AGGA;rbs_spacer=5-10bp;gc_cont=0.603
NODE_13_length_139524_cov_37.894964_4   -            269 3460at72274          -            612   6.4e-05   20.1   0.0   1   1   2.4e-07   8.5e-05   19.7   0.0    63   119    90   147    79   168 0.88 # 4722 # 5528 # 1 # ID=13_4;partial=00;start_type=ATG;rbs_motif=GGAG/GAGG;rbs_spacer=5-10bp;gc_cont=0.629
NODE_28_length_94833_cov_36.246686_30   -            371 3460at72274          -            612   0.00012   19.2   0.0   1   1   4.1e-07   0.00015   18.9   0.0    68   130   100   163    83   223 0.81 # 28043 # 29155 # -1 # ID=28_30;partial=00;start_type=ATG;rbs_motif=GGAG/GAGG;rbs_spacer=5-10bp;gc_cont=0.642
NODE_43_length_49495_cov_38.721802_28   -            261 3460at72274          -            612   0.00066   16.8   0.1   1   1   2.1e-06   0.00076   16.6   0.1    58   176    79   209    27   243 0.68 # 30246 # 31028 # -1 # ID=43_28;partial=00;start_type=ATG;rbs_motif=AGGAG;rbs_spacer=5-10bp;gc_cont=0.664
NODE_8_length_205580_cov_38.170825_110  -            353 3460at72274          -            612     0.039   10.9   0.5   1   1   0.00019     0.069   10.1   0.5   259   290     6    37     1    46 0.84 # 100608 # 101666 # -1 # ID=8_110;partial=00;start_type=ATG;rbs_motif=GGAG/GAGG;rbs_spacer=5-10bp;gc_cont=0.603
#
# Program:         hmmsearch
# Version:         3.1b2 (February 2015)
# Pipeline mode:   SEARCH
# Query file:      /data2/PEG/hoaxaca/REAA/Pseudomonas/bin/busco_downloads/lineages/pseudomonadales_odb10/hmms/3460at72274.hmm
# Target file:     /data2/PEG/hoaxaca/REAA/Pseudomonas/bin/../out/busco/trim_130.spades_def/prodigal_output/predicted_genes/predicted.faa
# Option settings: hmmsearch --domtblout /data2/PEG/hoaxaca/REAA/Pseudomonas/bin/../out/busco/trim_130.spades_def/run_pseudomonadales_odb10/hmmer_output/3460at72274.out --cpu 1 /data2/PEG/hoaxaca/REAA/Pseudomonas/bin/busco_downloads/lineages/pseudomonadales_odb10/hmms/3460at72274.hmm /data2/PEG/hoaxaca/REAA/Pseudomonas/bin/../out/busco/trim_130.spades_def/prodigal_output/predicted_genes/predicted.faa 
# Current dir:     /data2/PEG/hoaxaca/REAA/Pseudomonas/bin
# Date:            Mon Feb 20 00:29:19 2023
# [ok]
