#                                                                                              --- full sequence --- -------------- this domain -------------   hmm coord   ali coord   env coord
# target name                          accession   tlen query name           accession   qlen   E-value  score  bias   #  of  c-Evalue  i-Evalue  score  bias  from    to  from    to  from    to  acc description of target
#                  ------------------- ---------- ----- -------------------- ---------- ----- --------- ------ ----- --- --- --------- --------- ------ ----- ----- ----- ----- ----- ----- ----- ---- ---------------------
NODE_6_length_212516_cov_37.602644_62  -            293 34866at72274         -            238  1.3e-112  373.6   0.4   1   2   4.6e-16   2.7e-13   48.5   0.1     1    51     1    63     1    71 0.84 # 62040 # 62918 # 1 # ID=6_62;partial=00;start_type=ATG;rbs_motif=GGA/GAG/AGG;rbs_spacer=5-10bp;gc_cont=0.652
NODE_6_length_212516_cov_37.602644_62  -            293 34866at72274         -            238  1.3e-112  373.6   0.4   2   2  4.7e-100   2.7e-97  323.4   0.0    48   238    85   291    79   291 0.94 # 62040 # 62918 # 1 # ID=6_62;partial=00;start_type=ATG;rbs_motif=GGA/GAG/AGG;rbs_spacer=5-10bp;gc_cont=0.652
NODE_24_length_98846_cov_39.548735_84  -            219 34866at72274         -            238   5.9e-14   50.6   0.1   1   1   1.5e-16   8.8e-14   50.1   0.1   119   188    80   154    67   187 0.79 # 83326 # 83982 # -1 # ID=24_84;partial=00;start_type=ATG;rbs_motif=None;rbs_spacer=None;gc_cont=0.670
NODE_15_length_135443_cov_38.650429_52 -            333 34866at72274         -            238   1.3e-05   23.3   0.0   1   1   3.2e-08   1.9e-05   22.8   0.0   104   176   177   248   156   284 0.76 # 45659 # 46657 # -1 # ID=15_52;partial=00;start_type=ATG;rbs_motif=AGGAG;rbs_spacer=5-10bp;gc_cont=0.618
NODE_6_length_212516_cov_37.602644_85  -            249 34866at72274         -            238   2.2e-05   22.6   0.0   1   1   4.6e-08   2.7e-05   22.3   0.0   118   173    40    95    24   140 0.91 # 90317 # 91063 # -1 # ID=6_85;partial=00;start_type=ATG;rbs_motif=GGA/GAG/AGG;rbs_spacer=5-10bp;gc_cont=0.580
NODE_4_length_234169_cov_37.461050_77  -            233 34866at72274         -            238   7.7e-05   20.8   0.0   1   1   1.9e-07   0.00011   20.3   0.0   104   154    30    80    27   108 0.81 # 80371 # 81069 # 1 # ID=4_77;partial=00;start_type=ATG;rbs_motif=GGAG/GAGG;rbs_spacer=5-10bp;gc_cont=0.611
NODE_31_length_79475_cov_38.588352_72  -            394 34866at72274         -            238    0.0012   16.8   0.0   1   1   3.2e-06    0.0019   16.2   0.0   117   162   247   293   216   305 0.79 # 75239 # 76420 # 1 # ID=31_72;partial=00;start_type=ATG;rbs_motif=GGA/GAG/AGG;rbs_spacer=5-10bp;gc_cont=0.643
NODE_11_length_160437_cov_37.143278_78 -            243 34866at72274         -            238    0.0037   15.3   0.0   1   1   7.8e-06    0.0045   15.0   0.0   121   170    43    92    34   142 0.81 # 74872 # 75600 # 1 # ID=11_78;partial=00;start_type=ATG;rbs_motif=GGAG/GAGG;rbs_spacer=5-10bp;gc_cont=0.609
NODE_10_length_184374_cov_39.267226_15 -            319 34866at72274         -            238    0.0061   14.6   0.2   1   1   3.4e-05      0.02   12.9   0.2   116   150   114   148    94   250 0.79 # 14235 # 15191 # -1 # ID=10_15;partial=00;start_type=ATG;rbs_motif=None;rbs_spacer=None;gc_cont=0.620
NODE_23_length_100940_cov_36.881453_75 -            303 34866at72274         -            238    0.0099   13.9   0.0   1   1   2.6e-05     0.015   13.3   0.0   123   173   128   179   121   203 0.83 # 75285 # 76193 # 1 # ID=23_75;partial=00;start_type=GTG;rbs_motif=AGGAG;rbs_spacer=5-10bp;gc_cont=0.607
NODE_1_length_570323_cov_37.907400_463 -            399 34866at72274         -            238    0.0099   13.9   0.0   1   1   3.6e-05     0.021   12.8   0.0   120   172   220   272   204   283 0.91 # 501345 # 502541 # -1 # ID=1_463;partial=00;start_type=ATG;rbs_motif=GGAG/GAGG;rbs_spacer=5-10bp;gc_cont=0.623
NODE_55_length_36014_cov_37.108662_5   -            309 34866at72274         -            238     0.012   13.6   0.0   1   1   3.1e-05     0.018   13.0   0.0   111   170   135   193   108   204 0.78 # 4312 # 5238 # 1 # ID=55_5;partial=00;start_type=ATG;rbs_motif=None;rbs_spacer=None;gc_cont=0.622
#
# Program:         hmmsearch
# Version:         3.1b2 (February 2015)
# Pipeline mode:   SEARCH
# Query file:      /data2/PEG/hoaxaca/REAA/Pseudomonas/bin/busco_downloads/lineages/pseudomonadales_odb10/hmms/34866at72274.hmm
# Target file:     /data2/PEG/hoaxaca/REAA/Pseudomonas/bin/../out/busco/trim_130.spades_def/prodigal_output/predicted_genes/predicted.faa
# Option settings: hmmsearch --domtblout /data2/PEG/hoaxaca/REAA/Pseudomonas/bin/../out/busco/trim_130.spades_def/run_pseudomonadales_odb10/hmmer_output/34866at72274.out --cpu 1 /data2/PEG/hoaxaca/REAA/Pseudomonas/bin/busco_downloads/lineages/pseudomonadales_odb10/hmms/34866at72274.hmm /data2/PEG/hoaxaca/REAA/Pseudomonas/bin/../out/busco/trim_130.spades_def/prodigal_output/predicted_genes/predicted.faa 
# Current dir:     /data2/PEG/hoaxaca/REAA/Pseudomonas/bin
# Date:            Mon Feb 20 00:29:19 2023
# [ok]
