#                                                                                              --- full sequence --- -------------- this domain -------------   hmm coord   ali coord   env coord
# target name                          accession   tlen query name           accession   qlen   E-value  score  bias   #  of  c-Evalue  i-Evalue  score  bias  from    to  from    to  from    to  acc description of target
#                  ------------------- ---------- ----- -------------------- ---------- ----- --------- ------ ----- --- --- --------- --------- ------ ----- ----- ----- ----- ----- ----- ----- ---- ---------------------
NODE_1_length_570323_cov_37.907400_495 -            345 36951at72274         -            301  3.8e-144  477.7   2.0   1   1    1e-146    8e-144  476.7   2.0     1   299     1   335     1   340 0.90 # 530076 # 531110 # 1 # ID=1_495;partial=00;start_type=ATG;rbs_motif=GGA/GAG/AGG;rbs_spacer=5-10bp;gc_cont=0.611
NODE_53_length_36684_cov_35.715546_21  -            565 36951at72274         -            301   7.7e-41  138.5   5.1   1   2     8e-42   6.4e-39  132.2   1.4    92   239   310   453   186   463 0.83 # 20421 # 22115 # 1 # ID=53_21;partial=00;start_type=ATG;rbs_motif=None;rbs_spacer=None;gc_cont=0.654
NODE_53_length_36684_cov_35.715546_21  -            565 36951at72274         -            301   7.7e-41  138.5   5.1   2   2    0.0015       1.2    6.6   0.1   242   294   498   552   493   559 0.82 # 20421 # 22115 # 1 # ID=53_21;partial=00;start_type=ATG;rbs_motif=None;rbs_spacer=None;gc_cont=0.654
NODE_46_length_44182_cov_36.862487_19  -            473 36951at72274         -            301   2.3e-39  133.7   3.9   1   2   3.8e-41     3e-38  130.0   2.8    65   238   208   377   108   380 0.81 # 21126 # 22544 # 1 # ID=46_19;partial=00;start_type=ATG;rbs_motif=None;rbs_spacer=None;gc_cont=0.663
NODE_46_length_44182_cov_36.862487_19  -            473 36951at72274         -            301   2.3e-39  133.7   3.9   2   2      0.45   3.6e+02   -1.6   0.0   241   281   407   448   402   459 0.84 # 21126 # 22544 # 1 # ID=46_19;partial=00;start_type=ATG;rbs_motif=None;rbs_spacer=None;gc_cont=0.663
NODE_1_length_570323_cov_37.907400_391 -            568 36951at72274         -            301   2.4e-35  120.5   2.2   1   3      0.28   2.3e+02   -0.9   0.0    10    41   200   234   190   244 0.72 # 422555 # 424258 # -1 # ID=1_391;partial=00;start_type=ATG;rbs_motif=AGGA;rbs_spacer=5-10bp;gc_cont=0.617
NODE_1_length_570323_cov_37.907400_391 -            568 36951at72274         -            301   2.4e-35  120.5   2.2   2   3   8.2e-38   6.6e-35  119.0   0.3    93   209   318   436   284   460 0.89 # 422555 # 424258 # -1 # ID=1_391;partial=00;start_type=ATG;rbs_motif=AGGA;rbs_spacer=5-10bp;gc_cont=0.617
NODE_1_length_570323_cov_37.907400_391 -            568 36951at72274         -            301   2.4e-35  120.5   2.2   3   3      0.35   2.8e+02   -1.2   0.0   242   283   487   529   481   546 0.73 # 422555 # 424258 # -1 # ID=1_391;partial=00;start_type=ATG;rbs_motif=AGGA;rbs_spacer=5-10bp;gc_cont=0.617
NODE_6_length_212516_cov_37.602644_35  -            424 36951at72274         -            301   6.6e-15   53.4   1.3   1   1   1.4e-17   1.2e-14   52.6   1.3    85   249   196   376   171   396 0.72 # 34190 # 35461 # 1 # ID=6_35;partial=00;start_type=ATG;rbs_motif=GGAG/GAGG;rbs_spacer=5-10bp;gc_cont=0.613
NODE_14_length_139126_cov_47.028587_13 -            256 36951at72274         -            301    0.0027   15.2   0.1   1   2     0.004       3.2    5.1   0.0   100   121    31    52    14    61 0.85 # 12741 # 13508 # -1 # ID=14_13;partial=00;start_type=ATG;rbs_motif=GGAG/GAGG;rbs_spacer=5-10bp;gc_cont=0.632
NODE_14_length_139126_cov_47.028587_13 -            256 36951at72274         -            301    0.0027   15.2   0.1   2   2   0.00065      0.52    7.8   0.0   170   190   106   126    78   135 0.95 # 12741 # 13508 # -1 # ID=14_13;partial=00;start_type=ATG;rbs_motif=GGAG/GAGG;rbs_spacer=5-10bp;gc_cont=0.632
NODE_44_length_48511_cov_38.642772_32  -            255 36951at72274         -            301    0.0054   14.3   0.0   1   1   1.1e-05    0.0089   13.6   0.0    83   148    28    92    19    98 0.74 # 31997 # 32761 # -1 # ID=44_32;partial=00;start_type=ATG;rbs_motif=AGGAG;rbs_spacer=5-10bp;gc_cont=0.578
NODE_33_length_70147_cov_38.643328_17  -            323 36951at72274         -            301     0.009   13.5   0.6   1   2   2.4e-05     0.019   12.4   0.0    82   128    19    64    11    90 0.79 # 20818 # 21786 # -1 # ID=33_17;partial=00;start_type=ATG;rbs_motif=AGGAG;rbs_spacer=5-10bp;gc_cont=0.627
NODE_33_length_70147_cov_38.643328_17  -            323 36951at72274         -            301     0.009   13.5   0.6   2   2      0.45   3.6e+02   -1.6   0.1    79   102   188   210   158   226 0.65 # 20818 # 21786 # -1 # ID=33_17;partial=00;start_type=ATG;rbs_motif=AGGAG;rbs_spacer=5-10bp;gc_cont=0.627
#
# Program:         hmmsearch
# Version:         3.1b2 (February 2015)
# Pipeline mode:   SEARCH
# Query file:      /data2/PEG/hoaxaca/REAA/Pseudomonas/bin/busco_downloads/lineages/pseudomonadales_odb10/hmms/36951at72274.hmm
# Target file:     /data2/PEG/hoaxaca/REAA/Pseudomonas/bin/../out/busco/trim_130.spades_def/prodigal_output/predicted_genes/predicted.faa
# Option settings: hmmsearch --domtblout /data2/PEG/hoaxaca/REAA/Pseudomonas/bin/../out/busco/trim_130.spades_def/run_pseudomonadales_odb10/hmmer_output/36951at72274.out --cpu 1 /data2/PEG/hoaxaca/REAA/Pseudomonas/bin/busco_downloads/lineages/pseudomonadales_odb10/hmms/36951at72274.hmm /data2/PEG/hoaxaca/REAA/Pseudomonas/bin/../out/busco/trim_130.spades_def/prodigal_output/predicted_genes/predicted.faa 
# Current dir:     /data2/PEG/hoaxaca/REAA/Pseudomonas/bin
# Date:            Mon Feb 20 00:29:21 2023
# [ok]
