#                                                                                              --- full sequence --- -------------- this domain -------------   hmm coord   ali coord   env coord
# target name                          accession   tlen query name           accession   qlen   E-value  score  bias   #  of  c-Evalue  i-Evalue  score  bias  from    to  from    to  from    to  acc description of target
#                  ------------------- ---------- ----- -------------------- ---------- ----- --------- ------ ----- --- --- --------- --------- ------ ----- ----- ----- ----- ----- ----- ----- ---- ---------------------
NODE_2_length_306509_cov_38.263647_95  -            740 3949at72274          -            614  5.9e-286  948.1   0.0   1   1  2.3e-287  2.9e-284  942.5   0.0     1   614     6   739     6   739 0.87 # 119540 # 121759 # 1 # ID=2_95;partial=00;start_type=GTG;rbs_motif=GGA/GAG/AGG;rbs_spacer=5-10bp;gc_cont=0.654
NODE_4_length_234169_cov_37.461050_130 -           1150 3949at72274          -            614   2.6e-16   57.5   0.0   1   1   3.4e-19   4.4e-16   56.7   0.0   152   298   626   777   597   817 0.82 # 133627 # 137076 # 1 # ID=4_130;partial=00;start_type=GTG;rbs_motif=AGGA/GGAG/GAGG;rbs_spacer=11-12bp;gc_cont=0.634
NODE_1_length_570323_cov_37.907400_251 -            692 3949at72274          -            614   5.7e-09   33.2   0.3   1   2   9.2e-12   1.2e-08   32.2   0.1   153   267   293   411   279   417 0.86 # 281440 # 283515 # -1 # ID=1_251;partial=00;start_type=ATG;rbs_motif=GGA/GAG/AGG;rbs_spacer=11-12bp;gc_cont=0.650
NODE_1_length_570323_cov_37.907400_251 -            692 3949at72274          -            614   5.7e-09   33.2   0.3   2   2       0.4   5.2e+02   -3.0   0.0   431   463   535   567   515   594 0.56 # 281440 # 283515 # -1 # ID=1_251;partial=00;start_type=ATG;rbs_motif=GGA/GAG/AGG;rbs_spacer=11-12bp;gc_cont=0.650
NODE_66_length_21603_cov_38.252857_19  -            672 3949at72274          -            614   7.7e-08   29.5   0.1   1   2   6.1e-05     0.079    9.6   0.0   153   203    35    82     6    95 0.82 # 14797 # 16812 # 1 # ID=66_19;partial=00;start_type=ATG;rbs_motif=GGAG/GAGG;rbs_spacer=5-10bp;gc_cont=0.611
NODE_66_length_21603_cov_38.252857_19  -            672 3949at72274          -            614   7.7e-08   29.5   0.1   2   2     3e-07   0.00039   17.2   0.1   416   493   477   543   446   558 0.68 # 14797 # 16812 # 1 # ID=66_19;partial=00;start_type=ATG;rbs_motif=GGAG/GAGG;rbs_spacer=5-10bp;gc_cont=0.611
NODE_24_length_98846_cov_39.548735_72  -           1463 3949at72274          -            614     0.053   10.2   0.1   1   2     0.044        56    0.2   0.0   137   177    67   108    62   118 0.84 # 69023 # 73411 # -1 # ID=24_72;partial=00;start_type=ATG;rbs_motif=GGA/GAG/AGG;rbs_spacer=5-10bp;gc_cont=0.655
NODE_24_length_98846_cov_39.548735_72  -           1463 3949at72274          -            614     0.053   10.2   0.1   2   2   0.00033      0.43    7.2   0.1   170   237   306   374   292   379 0.89 # 69023 # 73411 # -1 # ID=24_72;partial=00;start_type=ATG;rbs_motif=GGA/GAG/AGG;rbs_spacer=5-10bp;gc_cont=0.655
#
# Program:         hmmsearch
# Version:         3.1b2 (February 2015)
# Pipeline mode:   SEARCH
# Query file:      /data2/PEG/hoaxaca/REAA/Pseudomonas/bin/busco_downloads/lineages/pseudomonadales_odb10/hmms/3949at72274.hmm
# Target file:     /data2/PEG/hoaxaca/REAA/Pseudomonas/bin/../out/busco/trim_130.spades_def/prodigal_output/predicted_genes/predicted.faa
# Option settings: hmmsearch --domtblout /data2/PEG/hoaxaca/REAA/Pseudomonas/bin/../out/busco/trim_130.spades_def/run_pseudomonadales_odb10/hmmer_output/3949at72274.out --cpu 1 /data2/PEG/hoaxaca/REAA/Pseudomonas/bin/busco_downloads/lineages/pseudomonadales_odb10/hmms/3949at72274.hmm /data2/PEG/hoaxaca/REAA/Pseudomonas/bin/../out/busco/trim_130.spades_def/prodigal_output/predicted_genes/predicted.faa 
# Current dir:     /data2/PEG/hoaxaca/REAA/Pseudomonas/bin
# Date:            Mon Feb 20 00:29:24 2023
# [ok]
