#                                                                                               --- full sequence --- -------------- this domain -------------   hmm coord   ali coord   env coord
# target name                           accession   tlen query name           accession   qlen   E-value  score  bias   #  of  c-Evalue  i-Evalue  score  bias  from    to  from    to  from    to  acc description of target
#                   ------------------- ---------- ----- -------------------- ---------- ----- --------- ------ ----- --- --- --------- --------- ------ ----- ----- ----- ----- ----- ----- ----- ---- ---------------------
NODE_11_length_160437_cov_37.143278_19  -            242 42468at72274         -            206  8.7e-111  366.7   3.6   1   1  1.9e-112  1.3e-110  366.1   3.6     1   206     7   234     7   234 0.93 # 18176 # 18901 # 1 # ID=11_19;partial=00;start_type=GTG;rbs_motif=GGAG/GAGG;rbs_spacer=5-10bp;gc_cont=0.645
NODE_47_length_41749_cov_35.960165_31   -            236 42468at72274         -            206   2.7e-70  234.4   0.1   1   1     5e-72   3.4e-70  234.1   0.1     1   203     8   228     8   230 0.91 # 37432 # 38139 # -1 # ID=47_31;partial=00;start_type=ATG;rbs_motif=GGA/GAG/AGG;rbs_spacer=5-10bp;gc_cont=0.623
NODE_55_length_36014_cov_37.108662_11   -            234 42468at72274         -            206   1.7e-67  225.2   1.2   1   1   3.1e-69   2.1e-67  225.0   1.2     2   204     4   227     3   229 0.90 # 10314 # 11015 # -1 # ID=55_11;partial=00;start_type=ATG;rbs_motif=GGA/GAG/AGG;rbs_spacer=5-10bp;gc_cont=0.645
NODE_37_length_65277_cov_39.445905_65   -            233 42468at72274         -            206   8.2e-60  200.2   0.0   1   1   1.4e-61   9.4e-60  200.0   0.0     2   205     5   223     4   224 0.91 # 57598 # 58296 # -1 # ID=37_65;partial=00;start_type=ATG;rbs_motif=None;rbs_spacer=None;gc_cont=0.621
NODE_54_length_36247_cov_38.379043_27   -            277 42468at72274         -            206   8.8e-57  190.3   3.4   1   1   1.6e-58   1.1e-56  190.0   3.4     2   203    49   270    48   273 0.86 # 28152 # 28982 # 1 # ID=54_27;partial=00;start_type=ATG;rbs_motif=None;rbs_spacer=None;gc_cont=0.639
NODE_73_length_15589_cov_35.127321_13   -            247 42468at72274         -            206   1.3e-51  173.4   8.8   1   1   5.3e-53   3.6e-51  171.9   8.8     1   203     6   235     6   238 0.88 # 13398 # 14138 # 1 # ID=73_13;partial=00;start_type=ATG;rbs_motif=GGAG/GAGG;rbs_spacer=5-10bp;gc_cont=0.636
NODE_10_length_184374_cov_39.267226_43  -            237 42468at72274         -            206   1.5e-50  170.0   1.1   1   1   5.8e-52   3.9e-50  168.6   1.1     2   204     4   230     3   232 0.86 # 45204 # 45914 # 1 # ID=10_43;partial=00;start_type=GTG;rbs_motif=None;rbs_spacer=None;gc_cont=0.624
NODE_2_length_306509_cov_38.263647_228  -            247 42468at72274         -            206   2.6e-49  165.9   0.2   1   1   6.5e-51   4.4e-49  165.1   0.2     1   205    12   240    12   241 0.87 # 261541 # 262281 # -1 # ID=2_228;partial=00;start_type=ATG;rbs_motif=AGGAG;rbs_spacer=5-10bp;gc_cont=0.619
NODE_25_length_96941_cov_38.406611_71   -            244 42468at72274         -            206     2e-47  159.7   0.5   1   1   3.8e-49   2.6e-47  159.3   0.5     2   203     8   233     7   236 0.89 # 79449 # 80180 # -1 # ID=25_71;partial=00;start_type=GTG;rbs_motif=AGGA;rbs_spacer=5-10bp;gc_cont=0.649
NODE_5_length_229594_cov_37.843998_61   -            237 42468at72274         -            206   4.5e-45  152.0   0.1   1   1   9.5e-47   6.4e-45  151.5   0.1     1   205     6   233     6   234 0.87 # 80122 # 80832 # -1 # ID=5_61;partial=00;start_type=ATG;rbs_motif=GGA/GAG/AGG;rbs_spacer=5-10bp;gc_cont=0.640
NODE_30_length_81004_cov_38.527587_44   -            237 42468at72274         -            206   2.8e-41  139.6   1.0   1   1   7.3e-43   4.9e-41  138.8   1.0     2   204     7   228     6   230 0.87 # 43943 # 44653 # -1 # ID=30_44;partial=00;start_type=ATG;rbs_motif=GGA/GAG/AGG;rbs_spacer=11-12bp;gc_cont=0.636
NODE_17_length_124183_cov_38.018597_103 -            225 42468at72274         -            206     1e-40  137.8   1.9   1   1   1.8e-42   1.2e-40  137.6   1.9     1   203     2   220     2   223 0.85 # 94251 # 94925 # 1 # ID=17_103;partial=00;start_type=ATG;rbs_motif=GGA/GAG/AGG;rbs_spacer=5-10bp;gc_cont=0.610
NODE_15_length_135443_cov_38.650429_100 -            226 42468at72274         -            206   2.1e-39  133.5   1.5   1   1   3.6e-41   2.4e-39  133.3   1.5     1   203     2   219     2   222 0.88 # 101421 # 102098 # 1 # ID=15_100;partial=00;start_type=ATG;rbs_motif=GGA/GAG/AGG;rbs_spacer=11-12bp;gc_cont=0.631
NODE_4_length_234169_cov_37.461050_119  -            227 42468at72274         -            206   5.3e-39  132.2   0.9   1   1     9e-41     6e-39  132.0   0.9     1   203     2   221     2   224 0.87 # 121002 # 121682 # 1 # ID=4_119;partial=00;start_type=ATG;rbs_motif=GGA/GAG/AGG;rbs_spacer=5-10bp;gc_cont=0.630
NODE_27_length_94916_cov_37.049589_49   -            224 42468at72274         -            206     6e-39  132.0   2.3   1   1     1e-40   6.8e-39  131.8   2.3     2   203     3   219     2   222 0.89 # 55635 # 56306 # -1 # ID=27_49;partial=00;start_type=ATG;rbs_motif=GGA/GAG/AGG;rbs_spacer=5-10bp;gc_cont=0.631
NODE_57_length_31553_cov_37.255210_18   -            226 42468at72274         -            206   3.4e-38  129.6   0.0   1   1   5.8e-40   3.9e-38  129.4   0.0     2   203     4   223     3   225 0.87 # 20935 # 21612 # -1 # ID=57_18;partial=00;start_type=ATG;rbs_motif=GGA/GAG/AGG;rbs_spacer=5-10bp;gc_cont=0.656
NODE_17_length_124183_cov_38.018597_108 -            225 42468at72274         -            206     9e-38  128.2   2.1   1   1   1.5e-39     1e-37  128.0   2.1     1   203     2   220     2   223 0.86 # 102063 # 102737 # 1 # ID=17_108;partial=00;start_type=ATG;rbs_motif=GGA/GAG/AGG;rbs_spacer=5-10bp;gc_cont=0.596
NODE_1_length_570323_cov_37.907400_218  -            230 42468at72274         -            206   7.4e-36  121.9   0.2   1   1   1.3e-37   8.7e-36  121.7   0.2     2   204     6   226     5   228 0.87 # 239696 # 240385 # -1 # ID=1_218;partial=00;start_type=ATG;rbs_motif=GGAG/GAGG;rbs_spacer=5-10bp;gc_cont=0.626
NODE_3_length_236953_cov_39.268499_90   -            228 42468at72274         -            206   7.1e-35  118.7   0.6   1   1   1.3e-36   8.5e-35  118.5   0.6     1   203     3   223     3   226 0.83 # 96312 # 96995 # 1 # ID=3_90;partial=00;start_type=ATG;rbs_motif=GGA/GAG/AGG;rbs_spacer=5-10bp;gc_cont=0.610
NODE_28_length_94833_cov_36.246686_37   -            224 42468at72274         -            206   2.9e-34  116.7   0.9   1   1     5e-36   3.3e-34  116.5   0.9     1   203     2   218     2   221 0.89 # 35788 # 36459 # 1 # ID=28_37;partial=00;start_type=ATG;rbs_motif=GGAG/GAGG;rbs_spacer=5-10bp;gc_cont=0.631
NODE_4_length_234169_cov_37.461050_34   -            232 42468at72274         -            206   4.3e-32  109.6   0.1   1   1   7.5e-34     5e-32  109.4   0.1     2   203     7   226     6   229 0.87 # 29679 # 30374 # -1 # ID=4_34;partial=00;start_type=ATG;rbs_motif=3Base/5BMM;rbs_spacer=13-15bp;gc_cont=0.619
NODE_9_length_204135_cov_38.603500_81   -            223 42468at72274         -            206   9.5e-32  108.5   0.0   1   1   1.8e-33   1.2e-31  108.2   0.0     1   203     3   217     3   219 0.89 # 90647 # 91315 # 1 # ID=9_81;partial=00;start_type=ATG;rbs_motif=GGA/GAG/AGG;rbs_spacer=5-10bp;gc_cont=0.629
NODE_11_length_160437_cov_37.143278_40  -            243 42468at72274         -            206   1.8e-31  107.6   0.8   1   1   1.7e-31   1.1e-29  101.7   0.8     2   203    11   235    10   238 0.86 # 38397 # 39125 # 1 # ID=11_40;partial=00;start_type=ATG;rbs_motif=None;rbs_spacer=None;gc_cont=0.627
NODE_70_length_16647_cov_37.421123_7    -            231 42468at72274         -            206   2.4e-31  107.2   0.2   1   1   4.5e-33     3e-31  106.9   0.2     1   204     5   228     5   229 0.88 # 7958 # 8650 # -1 # ID=70_7;partial=00;start_type=ATG;rbs_motif=GGA/GAG/AGG;rbs_spacer=5-10bp;gc_cont=0.646
NODE_37_length_65277_cov_39.445905_68   -            228 42468at72274         -            206   4.1e-30  103.2   1.2   1   1   7.6e-32   5.1e-30  102.9   1.2     1   202     2   219     2   222 0.86 # 61320 # 62003 # 1 # ID=37_68;partial=00;start_type=ATG;rbs_motif=GGAG/GAGG;rbs_spacer=5-10bp;gc_cont=0.599
NODE_3_length_236953_cov_39.268499_197  -            223 42468at72274         -            206   6.9e-29   99.2   0.0   1   1   1.2e-30   7.8e-29   99.0   0.0     1   203     2   217     2   220 0.85 # 202627 # 203295 # -1 # ID=3_197;partial=00;start_type=ATG;rbs_motif=AGGA;rbs_spacer=5-10bp;gc_cont=0.629
NODE_11_length_160437_cov_37.143278_23  -            226 42468at72274         -            206   1.5e-28   98.0   0.1   1   1   2.6e-30   1.7e-28   97.8   0.1     1   204     2   221     2   223 0.87 # 21834 # 22511 # 1 # ID=11_23;partial=00;start_type=ATG;rbs_motif=GGAG/GAGG;rbs_spacer=5-10bp;gc_cont=0.634
NODE_51_length_38272_cov_37.689488_39   -            227 42468at72274         -            206   4.3e-28   96.6   1.2   1   1     8e-30   5.4e-28   96.2   1.2     1   201     2   214     2   217 0.86 # 33957 # 34637 # -1 # ID=51_39;partial=00;start_type=ATG;rbs_motif=GGA/GAG/AGG;rbs_spacer=5-10bp;gc_cont=0.656
NODE_32_length_78575_cov_37.925833_5    -            242 42468at72274         -            206   2.5e-27   94.1   0.9   1   1   4.5e-29     3e-27   93.8   0.9     1   202    22   236    22   240 0.81 # 3083 # 3808 # 1 # ID=32_5;partial=00;start_type=ATG;rbs_motif=GGA/GAG/AGG;rbs_spacer=5-10bp;gc_cont=0.635
NODE_10_length_184374_cov_39.267226_65  -            221 42468at72274         -            206   3.5e-27   93.6   1.0   1   1   6.4e-29   4.3e-27   93.3   1.0     1   202     2   215     2   218 0.88 # 65897 # 66559 # 1 # ID=10_65;partial=00;start_type=ATG;rbs_motif=GGA/GAG/AGG;rbs_spacer=5-10bp;gc_cont=0.650
NODE_27_length_94916_cov_37.049589_37   -            222 42468at72274         -            206   1.3e-26   91.8   0.4   1   1   2.4e-28   1.6e-26   91.4   0.4     1   203     2   217     2   220 0.80 # 44556 # 45221 # -1 # ID=27_37;partial=00;start_type=ATG;rbs_motif=AGGAG;rbs_spacer=5-10bp;gc_cont=0.643
NODE_1_length_570323_cov_37.907400_113  -            241 42468at72274         -            206   1.3e-25   88.5   0.0   1   1   2.7e-27   1.8e-25   88.0   0.0    34   201    45   229    36   233 0.87 # 113130 # 113852 # 1 # ID=1_113;partial=00;start_type=ATG;rbs_motif=AGGA;rbs_spacer=5-10bp;gc_cont=0.588
NODE_68_length_17250_cov_39.301520_9    -            233 42468at72274         -            206   1.2e-18   65.8   0.4   1   1   2.2e-20   1.5e-18   65.4   0.4     2   110    13   132    12   171 0.89 # 7758 # 8456 # -1 # ID=68_9;partial=00;start_type=ATG;rbs_motif=AGGAG;rbs_spacer=5-10bp;gc_cont=0.641
NODE_5_length_229594_cov_37.843998_82   -            423 42468at72274         -            206     1e-17   62.7   0.3   1   1   2.5e-19   1.7e-17   62.0   0.3     2   124     8   143     7   171 0.82 # 100235 # 101503 # -1 # ID=5_82;partial=00;start_type=ATG;rbs_motif=GGA/GAG/AGG;rbs_spacer=5-10bp;gc_cont=0.600
NODE_29_length_93387_cov_37.456478_53   -            122 42468at72274         -            206   2.6e-17   61.3   0.1   1   1   4.3e-19   2.9e-17   61.2   0.1     1   109     2   118     2   121 0.85 # 72901 # 73266 # 1 # ID=29_53;partial=00;start_type=ATG;rbs_motif=GGAG/GAGG;rbs_spacer=5-10bp;gc_cont=0.612
NODE_47_length_41749_cov_35.960165_9    -           1166 42468at72274         -            206   3.4e-15   54.5   9.2   1   3   5.3e-06   0.00036   18.4   0.4     2   123   775   910   774   934 0.68 # 8609 # 12106 # -1 # ID=47_9;partial=00;start_type=ATG;rbs_motif=GGA/GAG/AGG;rbs_spacer=5-10bp;gc_cont=0.602
NODE_47_length_41749_cov_35.960165_9    -           1166 42468at72274         -            206   3.4e-15   54.5   9.2   2   3      0.46        31    2.3   0.6     1   120   896  1027   896  1037 0.80 # 8609 # 12106 # -1 # ID=47_9;partial=00;start_type=ATG;rbs_motif=GGA/GAG/AGG;rbs_spacer=5-10bp;gc_cont=0.602
NODE_47_length_41749_cov_35.960165_9    -           1166 42468at72274         -            206   3.4e-15   54.5   9.2   3   3   2.3e-12   1.5e-10   39.2   0.9     1   111  1042  1164  1042  1165 0.85 # 8609 # 12106 # -1 # ID=47_9;partial=00;start_type=ATG;rbs_motif=GGA/GAG/AGG;rbs_spacer=5-10bp;gc_cont=0.602
NODE_1_length_570323_cov_37.907400_506  -            122 42468at72274         -            206   3.7e-14   51.1   0.1   1   1   6.7e-16   4.5e-14   50.8   0.1     1   106     3   119     3   120 0.79 # 539299 # 539664 # 1 # ID=1_506;partial=00;start_type=ATG;rbs_motif=GGA/GAG/AGG;rbs_spacer=5-10bp;gc_cont=0.593
NODE_9_length_204135_cov_38.603500_26   -            704 42468at72274         -            206   1.4e-12   45.9   0.1   1   1   4.7e-14   3.1e-12   44.8   0.1    34   122    51   147    13   167 0.76 # 26313 # 28424 # 1 # ID=9_26;partial=00;start_type=ATG;rbs_motif=GGA/GAG/AGG;rbs_spacer=5-10bp;gc_cont=0.630
NODE_5_length_229594_cov_37.843998_83   -            128 42468at72274         -            206   1.8e-12   45.6   0.3   1   1   3.2e-14   2.1e-12   45.3   0.3     2   108     4   121     3   124 0.83 # 101513 # 101896 # -1 # ID=5_83;partial=00;start_type=ATG;rbs_motif=GGAGG;rbs_spacer=3-4bp;gc_cont=0.612
NODE_1_length_570323_cov_37.907400_509  -           1947 42468at72274         -            206   3.1e-12   44.8   0.5   1   1   1.3e-13   8.8e-12   43.3   0.5     2   102  1827  1938  1826  1944 0.84 # 542435 # 548275 # 1 # ID=1_509;partial=00;start_type=ATG;rbs_motif=GGAG/GAGG;rbs_spacer=5-10bp;gc_cont=0.638
NODE_1_length_570323_cov_37.907400_505  -            136 42468at72274         -            206     9e-12   43.3   0.0   1   1   1.7e-13   1.1e-11   42.9   0.0     2   105    10   124     9   129 0.82 # 538844 # 539251 # 1 # ID=1_505;partial=00;start_type=ATG;rbs_motif=GGA/GAG/AGG;rbs_spacer=5-10bp;gc_cont=0.529
NODE_11_length_160437_cov_37.143278_163 -            573 42468at72274         -            206   1.2e-11   42.9   0.9   1   2   5.2e-13   3.5e-11   41.3   0.7     2   111    13   135    12   163 0.82 # 158240 # 159958 # 1 # ID=11_163;partial=00;start_type=TTG;rbs_motif=None;rbs_spacer=None;gc_cont=0.635
NODE_11_length_160437_cov_37.143278_163 -            573 42468at72274         -            206   1.2e-11   42.9   0.9   2   2       8.1   5.4e+02   -1.8   0.0     6    31   484   509   482   517 0.83 # 158240 # 159958 # 1 # ID=11_163;partial=00;start_type=TTG;rbs_motif=None;rbs_spacer=None;gc_cont=0.635
NODE_6_length_212516_cov_37.602644_57   -            557 42468at72274         -            206   2.3e-11   41.9   0.5   1   1   1.1e-12   7.1e-11   40.3   0.3     1   108   250   368   250   386 0.77 # 55481 # 57151 # 1 # ID=6_57;partial=00;start_type=ATG;rbs_motif=AGxAG;rbs_spacer=5-10bp;gc_cont=0.626
NODE_23_length_100940_cov_36.881453_23  -            209 42468at72274         -            206   1.7e-10   39.1   0.0   1   1   3.8e-12   2.6e-10   38.5   0.0     4   107     6   119     3   128 0.74 # 24610 # 25236 # -1 # ID=23_23;partial=00;start_type=ATG;rbs_motif=GGA/GAG/AGG;rbs_spacer=5-10bp;gc_cont=0.477
NODE_34_length_69300_cov_40.592101_1    -            466 42468at72274         -            206   4.7e-10   37.6   0.2   1   1   1.4e-11   9.4e-10   36.7   0.2     2   125     5   130     4   158 0.75 # 136 # 1533 # -1 # ID=34_1;partial=00;start_type=ATG;rbs_motif=GGAG/GAGG;rbs_spacer=5-10bp;gc_cont=0.627
NODE_74_length_14958_cov_38.127209_5    -            202 42468at72274         -            206   6.9e-10   37.1   0.1   1   1   1.4e-11   9.4e-10   36.7   0.1     2   155     8   168     7   191 0.77 # 4488 # 5093 # 1 # ID=74_5;partial=00;start_type=ATG;rbs_motif=None;rbs_spacer=None;gc_cont=0.607
NODE_4_length_234169_cov_37.461050_113  -            394 42468at72274         -            206   1.2e-09   36.3   0.9   1   1   2.5e-11   1.7e-09   35.8   0.9     2   109     8   125     7   155 0.78 # 115905 # 117086 # -1 # ID=4_113;partial=00;start_type=ATG;rbs_motif=None;rbs_spacer=None;gc_cont=0.596
NODE_11_length_160437_cov_37.143278_155 -            461 42468at72274         -            206     2e-09   35.6   0.1   1   1     5e-11   3.4e-09   34.8   0.1     1   100     4   112     4   122 0.79 # 150626 # 152008 # 1 # ID=11_155;partial=00;start_type=ATG;rbs_motif=GGAG/GAGG;rbs_spacer=5-10bp;gc_cont=0.653
NODE_1_length_570323_cov_37.907400_214  -            300 42468at72274         -            206   2.9e-09   35.0   0.0   1   1     6e-11     4e-09   34.6   0.0     2   109     6   126     5   160 0.75 # 235242 # 236141 # 1 # ID=1_214;partial=00;start_type=ATG;rbs_motif=AGGA;rbs_spacer=5-10bp;gc_cont=0.611
NODE_68_length_17250_cov_39.301520_10   -           1129 42468at72274         -            206   5.4e-09   34.2   0.1   1   1   1.3e-10   8.9e-09   33.5   0.1     1   106   922  1037   922  1071 0.85 # 8431 # 11817 # -1 # ID=68_10;partial=00;start_type=GTG;rbs_motif=GGAG/GAGG;rbs_spacer=5-10bp;gc_cont=0.634
NODE_21_length_103627_cov_39.260850_6   -            634 42468at72274         -            206   6.7e-09   33.9   0.0   1   1   1.9e-10   1.3e-08   33.0   0.0     2    95   517   621   516   631 0.86 # 5196 # 7097 # 1 # ID=21_6;partial=00;start_type=ATG;rbs_motif=AGGAG;rbs_spacer=5-10bp;gc_cont=0.612
NODE_69_length_17243_cov_37.883665_4    -            125 42468at72274         -            206   7.7e-09   33.7   0.1   1   1   1.3e-10   8.6e-09   33.5   0.1     1   108     2   121     2   124 0.85 # 3601 # 3975 # -1 # ID=69_4;partial=00;start_type=ATG;rbs_motif=GGA/GAG/AGG;rbs_spacer=5-10bp;gc_cont=0.541
NODE_2_length_306509_cov_38.263647_155  -            479 42468at72274         -            206   7.8e-09   33.7   0.0   1   1     2e-10   1.3e-08   32.9   0.0     2   100     7   114     6   130 0.78 # 190894 # 192330 # 1 # ID=2_155;partial=00;start_type=ATG;rbs_motif=AGGAG;rbs_spacer=5-10bp;gc_cont=0.634
NODE_2_length_306509_cov_38.263647_203  -            462 42468at72274         -            206   1.1e-08   33.1   0.6   1   1   2.6e-10   1.7e-08   32.5   0.6     1   110     8   126     8   158 0.78 # 237805 # 239190 # 1 # ID=2_203;partial=00;start_type=ATG;rbs_motif=GGAG/GAGG;rbs_spacer=5-10bp;gc_cont=0.640
NODE_14_length_139126_cov_47.028587_23  -            479 42468at72274         -            206   1.7e-08   32.6   0.0   1   1     4e-10   2.7e-08   31.9   0.0     1   109     3   116     3   122 0.80 # 22754 # 24190 # 1 # ID=14_23;partial=00;start_type=ATG;rbs_motif=GGA/GAG/AGG;rbs_spacer=5-10bp;gc_cont=0.608
NODE_50_length_38784_cov_41.193789_9    -            211 42468at72274         -            206   3.3e-08   31.6   0.1   1   1     6e-10     4e-08   31.3   0.1     1   107     3   121     3   167 0.76 # 10010 # 10642 # -1 # ID=50_9;partial=00;start_type=ATG;rbs_motif=GGA/GAG/AGG;rbs_spacer=5-10bp;gc_cont=0.575
NODE_58_length_31199_cov_38.215828_26   -            764 42468at72274         -            206   6.8e-08   30.6   1.4   1   1   2.7e-09   1.8e-07   29.2   1.4     1    92   641   743   641   758 0.80 # 24624 # 26915 # -1 # ID=58_26;partial=00;start_type=ATG;rbs_motif=GGAG/GAGG;rbs_spacer=5-10bp;gc_cont=0.638
NODE_58_length_31199_cov_38.215828_24   -            334 42468at72274         -            206   1.2e-07   29.7   0.3   1   1     3e-09     2e-07   29.1   0.3     3   113    19   141    17   177 0.74 # 22564 # 23565 # -1 # ID=58_24;partial=00;start_type=ATG;rbs_motif=GGA/GAG/AGG;rbs_spacer=5-10bp;gc_cont=0.618
NODE_6_length_212516_cov_37.602644_40   -            263 42468at72274         -            206   1.2e-07   29.7   0.8   1   1   2.6e-09   1.7e-07   29.3   0.8     1   119     9   143     9   160 0.69 # 38273 # 39061 # -1 # ID=6_40;partial=00;start_type=GTG;rbs_motif=GGAG/GAGG;rbs_spacer=5-10bp;gc_cont=0.574
NODE_25_length_96941_cov_38.406611_63   -            444 42468at72274         -            206   1.7e-07   29.3   0.1   1   1   4.1e-09   2.8e-07   28.6   0.1     2   119     5   131     4   148 0.81 # 71280 # 72611 # 1 # ID=25_63;partial=00;start_type=ATG;rbs_motif=AGGA/GGAG/GAGG;rbs_spacer=11-12bp;gc_cont=0.642
NODE_29_length_93387_cov_37.456478_42   -            403 42468at72274         -            206   5.2e-07   27.7   0.1   1   1   1.3e-08   8.7e-07   27.0   0.1     1   109    11   132    11   141 0.79 # 61214 # 62422 # 1 # ID=29_42;partial=00;start_type=ATG;rbs_motif=GGAG/GAGG;rbs_spacer=5-10bp;gc_cont=0.647
NODE_6_length_212516_cov_37.602644_68   -            925 42468at72274         -            206   5.8e-07   27.5   0.5   1   2   0.00033     0.022   12.6   0.1     1   102   643   761   643   780 0.75 # 68953 # 71727 # 1 # ID=6_68;partial=00;start_type=GTG;rbs_motif=GGA/GAG/AGG;rbs_spacer=5-10bp;gc_cont=0.624
NODE_6_length_212516_cov_37.602644_68   -            925 42468at72274         -            206   5.8e-07   27.5   0.5   2   2   0.00033     0.022   12.6   0.0     1    98   793   904   793   922 0.75 # 68953 # 71727 # 1 # ID=6_68;partial=00;start_type=GTG;rbs_motif=GGA/GAG/AGG;rbs_spacer=5-10bp;gc_cont=0.624
NODE_1_length_570323_cov_37.907400_323  -            249 42468at72274         -            206   7.3e-07   27.2   0.0   1   1   1.5e-08     1e-06   26.7   0.0     2   106     3   117     2   131 0.70 # 352484 # 353230 # 1 # ID=1_323;partial=00;start_type=ATG;rbs_motif=AGGA/GGAG/GAGG;rbs_spacer=11-12bp;gc_cont=0.612
NODE_11_length_160437_cov_37.143278_39  -            918 42468at72274         -            206   7.5e-07   27.2   0.4   1   2         3     2e+02   -0.3   0.0   140   186   405   449   399   459 0.73 # 35438 # 38191 # -1 # ID=11_39;partial=00;start_type=GTG;rbs_motif=AGGAG;rbs_spacer=5-10bp;gc_cont=0.634
NODE_11_length_160437_cov_37.143278_39  -            918 42468at72274         -            206   7.5e-07   27.2   0.4   2   2   7.9e-08   5.3e-06   24.4   0.1     1    98   668   779   668   792 0.82 # 35438 # 38191 # -1 # ID=11_39;partial=00;start_type=GTG;rbs_motif=AGGAG;rbs_spacer=5-10bp;gc_cont=0.634
NODE_1_length_570323_cov_37.907400_29   -            449 42468at72274         -            206   9.3e-07   26.9   0.4   1   1   2.7e-08   1.8e-06   26.0   0.4     1   107    10   126    10   142 0.77 # 28835 # 30181 # 1 # ID=1_29;partial=00;start_type=ATG;rbs_motif=GGAG/GAGG;rbs_spacer=5-10bp;gc_cont=0.613
NODE_44_length_48511_cov_38.642772_19   -            274 42468at72274         -            206   1.4e-06   26.3   0.0   1   1   5.1e-08   3.4e-06   25.0   0.0     2    95    30   137    29   148 0.81 # 20144 # 20965 # -1 # ID=44_19;partial=00;start_type=ATG;rbs_motif=GGAG/GAGG;rbs_spacer=5-10bp;gc_cont=0.616
NODE_50_length_38784_cov_41.193789_34   -            447 42468at72274         -            206   1.8e-06   25.9   0.2   1   1     6e-08     4e-06   24.8   0.1     2   104    11   122    10   145 0.78 # 36952 # 38292 # 1 # ID=50_34;partial=00;start_type=ATG;rbs_motif=GGA/GAG/AGG;rbs_spacer=5-10bp;gc_cont=0.623
NODE_9_length_204135_cov_38.603500_154  -            210 42468at72274         -            206   3.3e-06   25.1   0.3   1   1   6.3e-08   4.2e-06   24.7   0.3    37   105    45   118     3   138 0.72 # 176992 # 177621 # 1 # ID=9_154;partial=00;start_type=GTG;rbs_motif=GGAG/GAGG;rbs_spacer=5-10bp;gc_cont=0.622
NODE_23_length_100940_cov_36.881453_19  -            775 42468at72274         -            206   4.8e-06   24.6   0.0   1   1   1.5e-07     1e-05   23.5   0.0     1   100   652   762   652   768 0.83 # 17077 # 19401 # -1 # ID=23_19;partial=00;start_type=GTG;rbs_motif=AGGA;rbs_spacer=5-10bp;gc_cont=0.615
NODE_33_length_70147_cov_38.643328_28   -            187 42468at72274         -            206   4.9e-06   24.5   0.1   1   1   8.8e-08   5.9e-06   24.3   0.1     2   103    15   125    14   159 0.78 # 38230 # 38790 # 1 # ID=33_28;partial=00;start_type=ATG;rbs_motif=AGGAG;rbs_spacer=5-10bp;gc_cont=0.652
NODE_20_length_107058_cov_38.472495_82  -            931 42468at72274         -            206   5.1e-06   24.5   0.0   1   1   1.5e-07   9.8e-06   23.5   0.0   109   205     5   104     2   105 0.86 # 81330 # 84122 # -1 # ID=20_82;partial=00;start_type=ATG;rbs_motif=GGA/GAG/AGG;rbs_spacer=5-10bp;gc_cont=0.663
NODE_36_length_67245_cov_37.425262_17   -           1063 42468at72274         -            206   1.3e-05   23.1   0.1   1   1   3.5e-07   2.3e-05   22.3   0.1     1   106   843   957   843   984 0.88 # 19703 # 22891 # -1 # ID=36_17;partial=00;start_type=ATG;rbs_motif=GGA/GAG/AGG;rbs_spacer=5-10bp;gc_cont=0.627
NODE_69_length_17243_cov_37.883665_1    -            170 42468at72274         -            206   1.7e-05   22.7   0.0   1   1   2.9e-07   1.9e-05   22.6   0.0     1    92     4   107     4   138 0.78 # 1 # 510 # -1 # ID=69_1;partial=10;start_type=ATG;rbs_motif=GGAG/GAGG;rbs_spacer=5-10bp;gc_cont=0.629
NODE_9_length_204135_cov_38.603500_92   -            179 42468at72274         -            206   1.7e-05   22.7   0.6   1   1   3.3e-07   2.2e-05   22.4   0.6     1   100    28   137    28   145 0.82 # 103620 # 104156 # 1 # ID=9_92;partial=00;start_type=ATG;rbs_motif=GGA/GAG/AGG;rbs_spacer=5-10bp;gc_cont=0.570
NODE_32_length_78575_cov_37.925833_9    -            121 42468at72274         -            206   2.2e-05   22.4   0.1   1   1   3.8e-07   2.6e-05   22.2   0.1     2    63     4    69     3   117 0.86 # 6419 # 6781 # -1 # ID=32_9;partial=00;start_type=ATG;rbs_motif=3Base/5BMM;rbs_spacer=13-15bp;gc_cont=0.477
NODE_45_length_46072_cov_40.687705_20   -            846 42468at72274         -            206   2.4e-05   22.3   0.5   1   2       1.4        93    0.7   0.0    91   110   542   561   537   597 0.82 # 15438 # 17975 # -1 # ID=45_20;partial=00;start_type=ATG;rbs_motif=GGA/GAG/AGG;rbs_spacer=5-10bp;gc_cont=0.638
NODE_45_length_46072_cov_40.687705_20   -            846 42468at72274         -            206   2.4e-05   22.3   0.5   2   2   3.2e-06   0.00022   19.1   0.2     2   106   727   841   726   845 0.78 # 15438 # 17975 # -1 # ID=45_20;partial=00;start_type=ATG;rbs_motif=GGA/GAG/AGG;rbs_spacer=5-10bp;gc_cont=0.638
NODE_3_length_236953_cov_39.268499_17   -            221 42468at72274         -            206   2.5e-05   22.2   0.1   1   1   4.4e-07   2.9e-05   22.0   0.1     3   107    17   131    15   195 0.76 # 22234 # 22896 # -1 # ID=3_17;partial=00;start_type=ATG;rbs_motif=GGA/GAG/AGG;rbs_spacer=5-10bp;gc_cont=0.570
NODE_47_length_41749_cov_35.960165_6    -            402 42468at72274         -            206   3.9e-05   21.6   0.3   1   1   1.3e-06   8.7e-05   20.4   0.3    28   136    38   159     8   202 0.69 # 5998 # 7203 # -1 # ID=47_6;partial=00;start_type=ATG;rbs_motif=GGA/GAG/AGG;rbs_spacer=5-10bp;gc_cont=0.606
NODE_5_length_229594_cov_37.843998_97   -            209 42468at72274         -            206   5.1e-05   21.2   0.1   1   1   9.1e-07   6.1e-05   20.9   0.1    18   105    20   117     3   159 0.71 # 117992 # 118618 # 1 # ID=5_97;partial=00;start_type=ATG;rbs_motif=AGGAGG;rbs_spacer=3-4bp;gc_cont=0.558
NODE_47_length_41749_cov_35.960165_4    -            557 42468at72274         -            206   5.9e-05   21.0   0.1   1   2       1.5     1e+02    0.6   0.0    84   127   107   150    84   160 0.72 # 3853 # 5523 # 1 # ID=47_4;partial=00;start_type=ATG;rbs_motif=AGGA;rbs_spacer=5-10bp;gc_cont=0.607
NODE_47_length_41749_cov_35.960165_4    -            557 42468at72274         -            206   5.9e-05   21.0   0.1   2   2   9.8e-06   0.00066   17.6   0.1     2   106   440   554   439   556 0.74 # 3853 # 5523 # 1 # ID=47_4;partial=00;start_type=ATG;rbs_motif=AGGA;rbs_spacer=5-10bp;gc_cont=0.607
NODE_4_length_234169_cov_37.461050_209  -            192 42468at72274         -            206   8.1e-05   20.5   1.2   1   1   1.3e-06   8.9e-05   20.4   1.2     1   111     3   122     3   180 0.78 # 233475 # 234050 # 1 # ID=4_209;partial=00;start_type=ATG;rbs_motif=AGGAG;rbs_spacer=5-10bp;gc_cont=0.595
NODE_24_length_98846_cov_39.548735_76   -            121 42468at72274         -            206   0.00016   19.6   0.2   1   1   2.8e-06   0.00019   19.3   0.2     2    63     4    69     3   119 0.75 # 77286 # 77648 # 1 # ID=24_76;partial=00;start_type=ATG;rbs_motif=None;rbs_spacer=None;gc_cont=0.556
NODE_47_length_41749_cov_35.960165_5    -            126 42468at72274         -            206   0.00025   19.0   0.1   1   1   4.5e-06    0.0003   18.7   0.1     2    57     9    70     8    84 0.81 # 5554 # 5931 # -1 # ID=47_5;partial=00;start_type=ATG;rbs_motif=GGA/GAG/AGG;rbs_spacer=5-10bp;gc_cont=0.563
NODE_37_length_65277_cov_39.445905_40   -            217 42468at72274         -            206   0.00052   17.9   0.0   1   1   9.4e-06   0.00063   17.6   0.0    32   125    43   144    10   174 0.73 # 29040 # 29690 # 1 # ID=37_40;partial=00;start_type=ATG;rbs_motif=AGGA/GGAG/GAGG;rbs_spacer=11-12bp;gc_cont=0.604
NODE_3_length_236953_cov_39.268499_6    -            570 42468at72274         -            206     0.001   17.0   0.1   1   1   2.5e-05    0.0017   16.2   0.1     2   107   449   565   448   568 0.71 # 5932 # 7641 # -1 # ID=3_6;partial=00;start_type=ATG;rbs_motif=GGA/GAG/AGG;rbs_spacer=5-10bp;gc_cont=0.630
NODE_65_length_22682_cov_43.638310_16   -            220 42468at72274         -            206    0.0012   16.8   0.1   1   1   2.4e-05    0.0016   16.3   0.1    29   112    35   125     4   145 0.71 # 17044 # 17703 # 1 # ID=65_16;partial=00;start_type=GTG;rbs_motif=GGA/GAG/AGG;rbs_spacer=5-10bp;gc_cont=0.614
NODE_6_length_212516_cov_37.602644_30   -            136 42468at72274         -            206    0.0023   15.8   0.2   1   1   3.9e-05    0.0026   15.6   0.2     1    92    10   113    10   128 0.60 # 29848 # 30255 # -1 # ID=6_30;partial=00;start_type=ATG;rbs_motif=GGA/GAG/AGG;rbs_spacer=5-10bp;gc_cont=0.569
NODE_16_length_126463_cov_38.500032_4   -            222 42468at72274         -            206    0.0024   15.8   0.1   1   1   5.7e-05    0.0038   15.1   0.1     2    99     4   112     3   123 0.65 # 4424 # 5089 # 1 # ID=16_4;partial=00;start_type=ATG;rbs_motif=GGA/GAG/AGG;rbs_spacer=5-10bp;gc_cont=0.598
NODE_47_length_41749_cov_35.960165_10   -            120 42468at72274         -            206    0.0043   14.9   0.2   1   1   6.4e-05    0.0043   14.9   0.2     2    63     8    75     7   118 0.72 # 12363 # 12722 # 1 # ID=47_10;partial=00;start_type=ATG;rbs_motif=GGA/GAG/AGG;rbs_spacer=5-10bp;gc_cont=0.564
NODE_36_length_67245_cov_37.425262_19   -            937 42468at72274         -            206    0.0044   14.9   0.0   1   1   0.00013    0.0084   13.9   0.0     2    99   816   922   815   933 0.80 # 24156 # 26966 # -1 # ID=36_19;partial=00;start_type=ATG;rbs_motif=None;rbs_spacer=None;gc_cont=0.603
NODE_58_length_31199_cov_38.215828_25   -            337 42468at72274         -            206    0.0053   14.6   0.2   1   1   0.00015    0.0099   13.7   0.2    31    92    38   105     2   109 0.71 # 23617 # 24627 # -1 # ID=58_25;partial=00;start_type=ATG;rbs_motif=GGAGG;rbs_spacer=5-10bp;gc_cont=0.644
NODE_48_length_39804_cov_36.393108_4    -            806 42468at72274         -            206    0.0059   14.5   0.1   1   1   0.00017     0.011   13.5   0.1     1    93   570   676   570   686 0.77 # 7103 # 9520 # 1 # ID=48_4;partial=00;start_type=ATG;rbs_motif=GGA/GAG/AGG;rbs_spacer=5-10bp;gc_cont=0.588
NODE_5_length_229594_cov_37.843998_98   -           1198 42468at72274         -            206    0.0061   14.4   0.0   1   1   0.00021     0.014   13.2   0.0     2   105   956  1073   955  1077 0.76 # 118619 # 122212 # 1 # ID=5_98;partial=00;start_type=ATG;rbs_motif=None;rbs_spacer=None;gc_cont=0.617
NODE_48_length_39804_cov_36.393108_8    -            195 42468at72274         -            206    0.0062   14.4   0.1   1   1   0.00014    0.0091   13.8   0.1    22    93     7    87     4   107 0.72 # 12696 # 13280 # -1 # ID=48_8;partial=00;start_type=ATG;rbs_motif=GGA/GAG/AGG;rbs_spacer=5-10bp;gc_cont=0.578
NODE_18_length_120383_cov_39.189658_27  -            242 42468at72274         -            206     0.015   13.2   0.1   1   1    0.0003      0.02   12.7   0.1   129   204   152   225   138   227 0.86 # 26251 # 26976 # -1 # ID=18_27;partial=00;start_type=ATG;rbs_motif=None;rbs_spacer=None;gc_cont=0.511
NODE_36_length_67245_cov_37.425262_18   -            399 42468at72274         -            206     0.026   12.3   0.1   1   1   0.00061     0.041   11.7   0.1     2    61     6    70     5   128 0.73 # 22973 # 24169 # -1 # ID=36_18;partial=00;start_type=ATG;rbs_motif=GGA/GAG/AGG;rbs_spacer=5-10bp;gc_cont=0.602
#
# Program:         hmmsearch
# Version:         3.1b2 (February 2015)
# Pipeline mode:   SEARCH
# Query file:      /data2/PEG/hoaxaca/REAA/Pseudomonas/bin/busco_downloads/lineages/pseudomonadales_odb10/hmms/42468at72274.hmm
# Target file:     /data2/PEG/hoaxaca/REAA/Pseudomonas/bin/../out/busco/trim_130.spades_def/prodigal_output/predicted_genes/predicted.faa
# Option settings: hmmsearch --domtblout /data2/PEG/hoaxaca/REAA/Pseudomonas/bin/../out/busco/trim_130.spades_def/run_pseudomonadales_odb10/hmmer_output/42468at72274.out --cpu 1 /data2/PEG/hoaxaca/REAA/Pseudomonas/bin/busco_downloads/lineages/pseudomonadales_odb10/hmms/42468at72274.hmm /data2/PEG/hoaxaca/REAA/Pseudomonas/bin/../out/busco/trim_130.spades_def/prodigal_output/predicted_genes/predicted.faa 
# Current dir:     /data2/PEG/hoaxaca/REAA/Pseudomonas/bin
# Date:            Mon Feb 20 00:29:27 2023
# [ok]
