#                                                                                              --- full sequence --- -------------- this domain -------------   hmm coord   ali coord   env coord
# target name                          accession   tlen query name           accession   qlen   E-value  score  bias   #  of  c-Evalue  i-Evalue  score  bias  from    to  from    to  from    to  acc description of target
#                  ------------------- ---------- ----- -------------------- ---------- ----- --------- ------ ----- --- --- --------- --------- ------ ----- ----- ----- ----- ----- ----- ----- ---- ---------------------
NODE_66_length_21603_cov_38.252857_19  -            672 4452at72274          -            602         0 1180.1  10.7   1   2         0         0 1159.7   2.6     1   568     4   590     4   597 0.97 # 14797 # 16812 # 1 # ID=66_19;partial=00;start_type=ATG;rbs_motif=GGAG/GAGG;rbs_spacer=5-10bp;gc_cont=0.611
NODE_66_length_21603_cov_38.252857_19  -            672 4452at72274          -            602         0 1180.1  10.7   2   2   1.3e-09   1.2e-06   25.7   1.4   547   602   606   669   590   669 0.75 # 14797 # 16812 # 1 # ID=66_19;partial=00;start_type=ATG;rbs_motif=GGAG/GAGG;rbs_spacer=5-10bp;gc_cont=0.611
NODE_4_length_234169_cov_37.461050_130 -           1150 4452at72274          -            602   2.7e-16   57.6   1.3   1   3     4e-16   3.7e-13   47.2   0.1   125   264   100   236    14   283 0.83 # 133627 # 137076 # 1 # ID=4_130;partial=00;start_type=GTG;rbs_motif=AGGA/GGAG/GAGG;rbs_spacer=11-12bp;gc_cont=0.634
NODE_4_length_234169_cov_37.461050_130 -           1150 4452at72274          -            602   2.7e-16   57.6   1.3   2   3     0.057        52    0.5   0.0    20    79   618   680   596   700 0.71 # 133627 # 137076 # 1 # ID=4_130;partial=00;start_type=GTG;rbs_motif=AGGA/GGAG/GAGG;rbs_spacer=11-12bp;gc_cont=0.634
NODE_4_length_234169_cov_37.461050_130 -           1150 4452at72274          -            602   2.7e-16   57.6   1.3   3   3    0.0023       2.1    5.1   0.0   436   521   828   908   819   940 0.71 # 133627 # 137076 # 1 # ID=4_130;partial=00;start_type=GTG;rbs_motif=AGGA/GGAG/GAGG;rbs_spacer=11-12bp;gc_cont=0.634
NODE_23_length_100940_cov_36.881453_11 -            558 4452at72274          -            602   3.7e-07   27.4   4.4   1   2   0.00038      0.35    7.7   0.1    12    74    27    98    18   111 0.73 # 9697 # 11370 # 1 # ID=23_11;partial=00;start_type=ATG;rbs_motif=GGAG/GAGG;rbs_spacer=5-10bp;gc_cont=0.605
NODE_23_length_100940_cov_36.881453_11 -            558 4452at72274          -            602   3.7e-07   27.4   4.4   2   2   3.3e-08     3e-05   21.1   0.9   425   545   247   364   168   392 0.80 # 9697 # 11370 # 1 # ID=23_11;partial=00;start_type=ATG;rbs_motif=GGAG/GAGG;rbs_spacer=5-10bp;gc_cont=0.605
NODE_2_length_306509_cov_38.263647_95  -            740 4452at72274          -            602   2.2e-06   24.9   0.0   1   2    0.0012       1.1    6.1   0.0    18    76   212   275   202   305 0.73 # 119540 # 121759 # 1 # ID=2_95;partial=00;start_type=GTG;rbs_motif=GGA/GAG/AGG;rbs_spacer=5-10bp;gc_cont=0.654
NODE_2_length_306509_cov_38.263647_95  -            740 4452at72274          -            602   2.2e-06   24.9   0.0   2   2   8.3e-07   0.00077   16.5   0.0   474   528   538   600   494   608 0.73 # 119540 # 121759 # 1 # ID=2_95;partial=00;start_type=GTG;rbs_motif=GGA/GAG/AGG;rbs_spacer=5-10bp;gc_cont=0.654
NODE_114_length_316_cov_0.953975_1     -             84 4452at72274          -            602   5.5e-05   20.3   0.1   1   1     6e-08   5.5e-05   20.3   0.1   558   601    35    79    10    80 0.78 # 63 # 314 # -1 # ID=114_1;partial=01;start_type=Edge;rbs_motif=None;rbs_spacer=None;gc_cont=0.587
NODE_9_length_204135_cov_38.603500_1   -            529 4452at72274          -            602   0.00013   19.0   0.0   1   2      0.14   1.3e+02   -0.8   0.0    53    73    82   102    76   179 0.71 # 1 # 1587 # -1 # ID=9_1;partial=10;start_type=ATG;rbs_motif=AGGA;rbs_spacer=5-10bp;gc_cont=0.650
NODE_9_length_204135_cov_38.603500_1   -            529 4452at72274          -            602   0.00013   19.0   0.0   2   2   5.8e-07   0.00053   17.0   0.0   423   498   249   325   236   391 0.80 # 1 # 1587 # -1 # ID=9_1;partial=10;start_type=ATG;rbs_motif=AGGA;rbs_spacer=5-10bp;gc_cont=0.650
NODE_22_length_101377_cov_36.717404_40 -            449 4452at72274          -            602   0.00061   16.8   0.4   1   2      0.29   2.6e+02   -1.8   0.0    10    71    24    92    19    98 0.54 # 39451 # 40797 # -1 # ID=22_40;partial=00;start_type=GTG;rbs_motif=GGAG/GAGG;rbs_spacer=5-10bp;gc_cont=0.612
NODE_22_length_101377_cov_36.717404_40 -            449 4452at72274          -            602   0.00061   16.8   0.4   2   2   1.6e-06    0.0015   15.5   0.1   420   551   240   373   227   398 0.79 # 39451 # 40797 # -1 # ID=22_40;partial=00;start_type=GTG;rbs_motif=GGAG/GAGG;rbs_spacer=5-10bp;gc_cont=0.612
#
# Program:         hmmsearch
# Version:         3.1b2 (February 2015)
# Pipeline mode:   SEARCH
# Query file:      /data2/PEG/hoaxaca/REAA/Pseudomonas/bin/busco_downloads/lineages/pseudomonadales_odb10/hmms/4452at72274.hmm
# Target file:     /data2/PEG/hoaxaca/REAA/Pseudomonas/bin/../out/busco/trim_130.spades_def/prodigal_output/predicted_genes/predicted.faa
# Option settings: hmmsearch --domtblout /data2/PEG/hoaxaca/REAA/Pseudomonas/bin/../out/busco/trim_130.spades_def/run_pseudomonadales_odb10/hmmer_output/4452at72274.out --cpu 1 /data2/PEG/hoaxaca/REAA/Pseudomonas/bin/busco_downloads/lineages/pseudomonadales_odb10/hmms/4452at72274.hmm /data2/PEG/hoaxaca/REAA/Pseudomonas/bin/../out/busco/trim_130.spades_def/prodigal_output/predicted_genes/predicted.faa 
# Current dir:     /data2/PEG/hoaxaca/REAA/Pseudomonas/bin
# Date:            Mon Feb 20 00:29:28 2023
# [ok]
