#                                                                                               --- full sequence --- -------------- this domain -------------   hmm coord   ali coord   env coord
# target name                           accession   tlen query name           accession   qlen   E-value  score  bias   #  of  c-Evalue  i-Evalue  score  bias  from    to  from    to  from    to  acc description of target
#                   ------------------- ---------- ----- -------------------- ---------- ----- --------- ------ ----- --- --- --------- --------- ------ ----- ----- ----- ----- ----- ----- ----- ---- ---------------------
NODE_13_length_139524_cov_37.894964_84  -            227 44589at72274         -            183   9.9e-76  252.1  11.5   1   1   7.1e-78   1.4e-75  251.6  11.5     2   183     9   214     8   214 0.91 # 94262 # 94942 # -1 # ID=13_84;partial=00;start_type=ATG;rbs_motif=GGA/GAG/AGG;rbs_spacer=5-10bp;gc_cont=0.609
NODE_9_length_204135_cov_38.603500_158  -            275 44589at72274         -            183   4.7e-29   99.9  19.7   1   1   4.1e-31   8.2e-29   99.2  19.7     1   182    68   255    68   257 0.89 # 181389 # 182213 # 1 # ID=9_158;partial=00;start_type=ATG;rbs_motif=AGGAG;rbs_spacer=5-10bp;gc_cont=0.627
NODE_29_length_93387_cov_37.456478_48   -            273 44589at72274         -            183   1.2e-28   98.7  13.5   1   2       2.9   5.9e+02   -1.4   0.1    74    99    13    38    11    50 0.56 # 68759 # 69577 # 1 # ID=29_48;partial=00;start_type=ATG;rbs_motif=AGGA;rbs_spacer=5-10bp;gc_cont=0.607
NODE_29_length_93387_cov_37.456478_48   -            273 44589at72274         -            183   1.2e-28   98.7  13.5   2   2   5.8e-31   1.2e-28   98.7  13.5     1   182    56   260    56   261 0.86 # 68759 # 69577 # 1 # ID=29_48;partial=00;start_type=ATG;rbs_motif=AGGA;rbs_spacer=5-10bp;gc_cont=0.607
NODE_29_length_93387_cov_37.456478_49   -            291 44589at72274         -            183   2.3e-26   91.2  13.1   1   1   1.8e-28   3.6e-26   90.6  13.1     1   180    67   269    67   272 0.80 # 69591 # 70463 # 1 # ID=29_49;partial=00;start_type=ATG;rbs_motif=AGGAG;rbs_spacer=5-10bp;gc_cont=0.614
NODE_6_length_212516_cov_37.602644_160  -            522 44589at72274         -            183   8.4e-21   73.1  34.8   1   2   1.5e-15   3.1e-13   48.4  12.2     4   182    68   249    65   250 0.76 # 183545 # 185110 # 1 # ID=6_160;partial=00;start_type=ATG;rbs_motif=None;rbs_spacer=None;gc_cont=0.621
NODE_6_length_212516_cov_37.602644_160  -            522 44589at72274         -            183   8.4e-21   73.1  34.8   2   2   6.9e-10   1.4e-07   30.0  14.6     2   169   321   493   320   508 0.77 # 183545 # 185110 # 1 # ID=6_160;partial=00;start_type=ATG;rbs_motif=None;rbs_spacer=None;gc_cont=0.621
NODE_18_length_120383_cov_39.189658_47  -            265 44589at72274         -            183   1.9e-20   71.9  13.4   1   1   9.5e-23   1.9e-20   71.9  13.4     4   171    61   233    58   251 0.81 # 43845 # 44639 # 1 # ID=18_47;partial=00;start_type=GTG;rbs_motif=GGA/GAG/AGG;rbs_spacer=5-10bp;gc_cont=0.635
NODE_68_length_17250_cov_39.301520_5    -            265 44589at72274         -            183     3e-19   68.0  17.2   1   2       4.2   8.5e+02   -1.9   0.3    37    90    14    27     7    45 0.52 # 3900 # 4694 # -1 # ID=68_5;partial=00;start_type=ATG;rbs_motif=GGAG/GAGG;rbs_spacer=5-10bp;gc_cont=0.623
NODE_68_length_17250_cov_39.301520_5    -            265 44589at72274         -            183     3e-19   68.0  17.2   2   2   1.5e-21     3e-19   68.0  17.2     2   180    60   239    59   249 0.81 # 3900 # 4694 # -1 # ID=68_5;partial=00;start_type=ATG;rbs_motif=GGAG/GAGG;rbs_spacer=5-10bp;gc_cont=0.623
NODE_1_length_570323_cov_37.907400_413  -            307 44589at72274         -            183   3.7e-19   67.7  12.3   1   1     7e-21   1.4e-18   65.8  12.3     4   179    88   284    85   291 0.73 # 447424 # 448344 # 1 # ID=1_413;partial=00;start_type=ATG;rbs_motif=None;rbs_spacer=None;gc_cont=0.570
NODE_18_length_120383_cov_39.189658_46  -            274 44589at72274         -            183   2.5e-18   65.0  16.6   1   1   2.4e-20   4.8e-18   64.1  16.6     3   176    58   251    56   260 0.82 # 43027 # 43848 # 1 # ID=18_46;partial=00;start_type=GTG;rbs_motif=GGAG/GAGG;rbs_spacer=5-10bp;gc_cont=0.655
NODE_1_length_570323_cov_37.907400_451  -            575 44589at72274         -            183   3.6e-17   61.2   9.4   1   3   1.8e-19   3.6e-17   61.2   9.4     6   167    83   254    79   270 0.82 # 485570 # 487294 # 1 # ID=1_451;partial=00;start_type=ATG;rbs_motif=GGA/GAG/AGG;rbs_spacer=11-12bp;gc_cont=0.638
NODE_1_length_570323_cov_37.907400_451  -            575 44589at72274         -            183   3.6e-17   61.2   9.4   2   3       8.7   1.7e+03   -2.9   0.3    13    82   314   327   306   341 0.57 # 485570 # 487294 # 1 # ID=1_451;partial=00;start_type=ATG;rbs_motif=GGA/GAG/AGG;rbs_spacer=11-12bp;gc_cont=0.638
NODE_1_length_570323_cov_37.907400_451  -            575 44589at72274         -            183   3.6e-17   61.2   9.4   3   3    0.0076       1.5    7.0  11.2     3   146   357   513   355   552 0.76 # 485570 # 487294 # 1 # ID=1_451;partial=00;start_type=ATG;rbs_motif=GGA/GAG/AGG;rbs_spacer=11-12bp;gc_cont=0.638
NODE_10_length_184374_cov_39.267226_165 -            310 44589at72274         -            183   3.8e-17   61.1  15.7   1   3   2.8e-05    0.0057   14.9   3.1     3    67    82   152    80   156 0.80 # 177506 # 178435 # -1 # ID=10_165;partial=00;start_type=ATG;rbs_motif=GGAG/GAGG;rbs_spacer=5-10bp;gc_cont=0.617
NODE_10_length_184374_cov_39.267226_165 -            310 44589at72274         -            183   3.8e-17   61.1  15.7   2   3   3.4e-17   6.8e-15   53.8   1.6    56   144   165   258   160   266 0.88 # 177506 # 178435 # -1 # ID=10_165;partial=00;start_type=ATG;rbs_motif=GGAG/GAGG;rbs_spacer=5-10bp;gc_cont=0.617
NODE_10_length_184374_cov_39.267226_165 -            310 44589at72274         -            183   3.8e-17   61.1  15.7   3   3       2.5   5.1e+02   -1.2   0.1    62    93   275   297   256   306 0.53 # 177506 # 178435 # -1 # ID=10_165;partial=00;start_type=ATG;rbs_motif=GGAG/GAGG;rbs_spacer=5-10bp;gc_cont=0.617
NODE_68_length_17250_cov_39.301520_6    -            282 44589at72274         -            183   4.8e-17   60.8  16.7   1   1   4.9e-19   9.8e-17   59.8  16.7     3   180    62   258    60   264 0.82 # 4699 # 5544 # -1 # ID=68_6;partial=00;start_type=ATG;rbs_motif=GGAG/GAGG;rbs_spacer=5-10bp;gc_cont=0.619
NODE_10_length_184374_cov_39.267226_164 -            270 44589at72274         -            183   8.3e-15   53.5  12.9   1   2       1.5     3e+02   -0.4   0.0     5    37     7    39     4    45 0.73 # 176707 # 177516 # -1 # ID=10_164;partial=00;start_type=ATG;rbs_motif=GGxGG;rbs_spacer=5-10bp;gc_cont=0.606
NODE_10_length_184374_cov_39.267226_164 -            270 44589at72274         -            183   8.3e-15   53.5  12.9   2   2   7.5e-17   1.5e-14   52.7  11.4     1   180    62   242    62   250 0.80 # 176707 # 177516 # -1 # ID=10_164;partial=00;start_type=ATG;rbs_motif=GGxGG;rbs_spacer=5-10bp;gc_cont=0.606
NODE_1_length_570323_cov_37.907400_414  -            296 44589at72274         -            183   1.2e-14   53.0  13.9   1   2       5.4   1.1e+03   -2.3   0.4    70    92     6    28     3    36 0.75 # 448341 # 449228 # 1 # ID=1_414;partial=00;start_type=ATG;rbs_motif=GGAGG;rbs_spacer=5-10bp;gc_cont=0.618
NODE_1_length_570323_cov_37.907400_414  -            296 44589at72274         -            183   1.2e-14   53.0  13.9   2   2   5.9e-17   1.2e-14   53.0  13.9     6   165    62   231    57   256 0.72 # 448341 # 449228 # 1 # ID=1_414;partial=00;start_type=ATG;rbs_motif=GGAGG;rbs_spacer=5-10bp;gc_cont=0.618
NODE_1_length_570323_cov_37.907400_383  -            539 44589at72274         -            183   6.1e-13   47.4  28.2   1   2   1.9e-09   3.8e-07   28.5  13.0    18   146    71   216    53   252 0.68 # 415268 # 416884 # 1 # ID=1_383;partial=00;start_type=TTG;rbs_motif=GGA/GAG/AGG;rbs_spacer=5-10bp;gc_cont=0.651
NODE_1_length_570323_cov_37.907400_383  -            539 44589at72274         -            183   6.1e-13   47.4  28.2   2   2   9.4e-09   1.9e-06   26.3   3.5    63   171   400   511   321   523 0.74 # 415268 # 416884 # 1 # ID=1_383;partial=00;start_type=TTG;rbs_motif=GGA/GAG/AGG;rbs_spacer=5-10bp;gc_cont=0.651
NODE_27_length_94916_cov_37.049589_41   -            534 44589at72274         -            183   6.7e-12   44.0  33.6   1   3       2.8   5.6e+02   -1.3   0.5    16    55    46    85    37    87 0.66 # 47636 # 49237 # -1 # ID=27_41;partial=00;start_type=TTG;rbs_motif=GGA/GAG/AGG;rbs_spacer=5-10bp;gc_cont=0.652
NODE_27_length_94916_cov_37.049589_41   -            534 44589at72274         -            183   6.7e-12   44.0  33.6   2   3   4.3e-11   8.6e-09   33.9  11.9     4   145    77   221    74   259 0.81 # 47636 # 49237 # -1 # ID=27_41;partial=00;start_type=TTG;rbs_motif=GGA/GAG/AGG;rbs_spacer=5-10bp;gc_cont=0.652
NODE_27_length_94916_cov_37.049589_41   -            534 44589at72274         -            183   6.7e-12   44.0  33.6   3   3   6.9e-06    0.0014   16.9  11.1     3   176   332   510   330   518 0.77 # 47636 # 49237 # -1 # ID=27_41;partial=00;start_type=TTG;rbs_motif=GGA/GAG/AGG;rbs_spacer=5-10bp;gc_cont=0.652
NODE_88_length_6683_cov_40.938389_3     -            267 44589at72274         -            183   2.9e-10   38.7  16.0   1   1   1.4e-12   2.9e-10   38.7  16.0    22   153    89   225    64   254 0.70 # 1799 # 2599 # -1 # ID=88_3;partial=00;start_type=ATG;rbs_motif=AGGAG;rbs_spacer=5-10bp;gc_cont=0.607
NODE_9_length_204135_cov_38.603500_157  -            411 44589at72274         -            183   1.1e-08   33.5  15.5   1   2       6.9   1.4e+03   -2.6   0.3    10    29    29    48    19    53 0.64 # 180143 # 181375 # 1 # ID=9_157;partial=00;start_type=ATG;rbs_motif=GGAG/GAGG;rbs_spacer=5-10bp;gc_cont=0.626
NODE_9_length_204135_cov_38.603500_157  -            411 44589at72274         -            183   1.1e-08   33.5  15.5   2   2   5.7e-11   1.1e-08   33.5  15.5     3   164   195   374   189   396 0.73 # 180143 # 181375 # 1 # ID=9_157;partial=00;start_type=ATG;rbs_motif=GGAG/GAGG;rbs_spacer=5-10bp;gc_cont=0.626
NODE_5_length_229594_cov_37.843998_181  -            235 44589at72274         -            183   5.5e-08   31.3  13.5   1   2      0.96   1.9e+02    0.2   0.7    16    55     8    47     2    49 0.69 # 228890 # 229594 # 1 # ID=5_181;partial=01;start_type=GTG;rbs_motif=GGA/GAG/AGG;rbs_spacer=5-10bp;gc_cont=0.660
NODE_5_length_229594_cov_37.843998_181  -            235 44589at72274         -            183   5.5e-08   31.3  13.5   2   2     4e-10   8.1e-08   30.7  10.8     4   145    39   183    36   221 0.79 # 228890 # 229594 # 1 # ID=5_181;partial=01;start_type=GTG;rbs_motif=GGA/GAG/AGG;rbs_spacer=5-10bp;gc_cont=0.660
NODE_88_length_6683_cov_40.938389_4     -            282 44589at72274         -            183   7.3e-07   27.6   5.7   1   1   1.8e-08   3.6e-06   25.4   5.4     2   164    61   241    60   267 0.66 # 2586 # 3431 # -1 # ID=88_4;partial=00;start_type=GTG;rbs_motif=GGAG/GAGG;rbs_spacer=5-10bp;gc_cont=0.599
NODE_1_length_570323_cov_37.907400_211  -            557 44589at72274         -            183   3.9e-06   25.3   2.4   1   2       4.5     9e+02   -2.0   0.4    10    29   314   333   306   370 0.61 # 231604 # 233274 # 1 # ID=1_211;partial=00;start_type=GTG;rbs_motif=GGA/GAG/AGG;rbs_spacer=5-10bp;gc_cont=0.630
NODE_1_length_570323_cov_37.907400_211  -            557 44589at72274         -            183   3.9e-06   25.3   2.4   2   2   1.9e-08   3.9e-06   25.3   2.4    99   147   429   476   390   485 0.77 # 231604 # 233274 # 1 # ID=1_211;partial=00;start_type=GTG;rbs_motif=GGA/GAG/AGG;rbs_spacer=5-10bp;gc_cont=0.630
NODE_1_length_570323_cov_37.907400_210  -            762 44589at72274         -            183   5.9e-06   24.7   0.8   1   3      0.77   1.5e+02    0.5   1.0    53    80    41    68    38    74 0.88 # 229303 # 231588 # 1 # ID=1_210;partial=00;start_type=ATG;rbs_motif=GGA/GAG/AGG;rbs_spacer=5-10bp;gc_cont=0.617
NODE_1_length_570323_cov_37.907400_210  -            762 44589at72274         -            183   5.9e-06   24.7   0.8   2   3      0.31        62    1.8   3.4     5    59   468   521   460   553 0.73 # 229303 # 231588 # 1 # ID=1_210;partial=00;start_type=ATG;rbs_motif=GGA/GAG/AGG;rbs_spacer=5-10bp;gc_cont=0.617
NODE_1_length_570323_cov_37.907400_210  -            762 44589at72274         -            183   5.9e-06   24.7   0.8   3   3     3e-08   5.9e-06   24.7   0.8   102   165   648   707   635   717 0.86 # 229303 # 231588 # 1 # ID=1_210;partial=00;start_type=ATG;rbs_motif=GGA/GAG/AGG;rbs_spacer=5-10bp;gc_cont=0.617
NODE_25_length_96941_cov_38.406611_12   -            291 44589at72274         -            183   9.2e-06   24.0  12.1   1   1   6.6e-08   1.3e-05   23.5  11.3     3   142    69   223    67   250 0.81 # 18225 # 19097 # 1 # ID=25_12;partial=00;start_type=ATG;rbs_motif=AGGAGG;rbs_spacer=3-4bp;gc_cont=0.617
NODE_2_length_306509_cov_38.263647_135  -            284 44589at72274         -            183   1.5e-05   23.4  14.3   1   2       4.6   9.3e+02   -2.1   0.8    20    42    57    79    46    86 0.66 # 164659 # 165510 # -1 # ID=2_135;partial=00;start_type=ATG;rbs_motif=GGA/GAG/AGG;rbs_spacer=5-10bp;gc_cont=0.595
NODE_2_length_306509_cov_38.263647_135  -            284 44589at72274         -            183   1.5e-05   23.4  14.3   2   2   7.2e-08   1.5e-05   23.4  14.3     1   162    89   250    89   270 0.78 # 164659 # 165510 # -1 # ID=2_135;partial=00;start_type=ATG;rbs_motif=GGA/GAG/AGG;rbs_spacer=5-10bp;gc_cont=0.595
NODE_19_length_115842_cov_37.185885_23  -            282 44589at72274         -            183   1.8e-05   23.1  10.5   1   2      0.25        51    2.1   0.6    26    57     9    40     2    58 0.70 # 20379 # 21224 # 1 # ID=19_23;partial=00;start_type=ATG;rbs_motif=AGGA;rbs_spacer=5-10bp;gc_cont=0.598
NODE_19_length_115842_cov_37.185885_23  -            282 44589at72274         -            183   1.8e-05   23.1  10.5   2   2     9e-08   1.8e-05   23.1  10.5     4   167    74   240    72   262 0.81 # 20379 # 21224 # 1 # ID=19_23;partial=00;start_type=ATG;rbs_motif=AGGA;rbs_spacer=5-10bp;gc_cont=0.598
NODE_25_length_96941_cov_38.406611_11   -            332 44589at72274         -            183   2.3e-05   22.7   0.9   1   2       2.6   5.2e+02   -1.2   0.5    10    30    95   115    86   180 0.66 # 17233 # 18228 # 1 # ID=25_11;partial=00;start_type=ATG;rbs_motif=GGA/GAG/AGG;rbs_spacer=5-10bp;gc_cont=0.589
NODE_25_length_96941_cov_38.406611_11   -            332 44589at72274         -            183   2.3e-05   22.7   0.9   2   2   1.1e-07   2.3e-05   22.7   0.9    87   149   206   267   183   275 0.75 # 17233 # 18228 # 1 # ID=25_11;partial=00;start_type=ATG;rbs_motif=GGA/GAG/AGG;rbs_spacer=5-10bp;gc_cont=0.589
NODE_12_length_152381_cov_38.336288_41  -            289 44589at72274         -            183   2.5e-05   22.6   7.9   1   1   1.6e-05    0.0033   15.7   7.9    12   154    74   240    65   273 0.65 # 54937 # 55803 # -1 # ID=12_41;partial=00;start_type=ATG;rbs_motif=GGAGG;rbs_spacer=5-10bp;gc_cont=0.606
NODE_32_length_78575_cov_37.925833_1    -            252 44589at72274         -            183    0.0048   15.2  11.2   1   1   4.7e-05    0.0095   14.2  11.2     3   179    50   231    48   237 0.70 # 1 # 756 # 1 # ID=32_1;partial=10;start_type=Edge;rbs_motif=None;rbs_spacer=None;gc_cont=0.680
NODE_2_length_306509_cov_38.263647_253  -            215 44589at72274         -            183    0.0054   15.0  12.6   1   1   4.9e-05    0.0099   14.2  12.6    10   143    16   163    10   202 0.77 # 289906 # 290550 # 1 # ID=2_253;partial=00;start_type=ATG;rbs_motif=GGAGG;rbs_spacer=5-10bp;gc_cont=0.606
NODE_32_length_78575_cov_37.925833_41   -            261 44589at72274         -            183     0.034   12.4   4.9   1   1   0.00029     0.059   11.6   4.9    88   148   148   207    60   243 0.70 # 40324 # 41106 # -1 # ID=32_41;partial=00;start_type=ATG;rbs_motif=GGAG/GAGG;rbs_spacer=5-10bp;gc_cont=0.644
NODE_8_length_205580_cov_38.170825_185  -            277 44589at72274         -            183     0.096   10.9  13.0   1   2         4     8e+02   -1.8   0.3     7    41    11    48     9    62 0.60 # 172146 # 172976 # -1 # ID=8_185;partial=00;start_type=ATG;rbs_motif=GGAG/GAGG;rbs_spacer=5-10bp;gc_cont=0.614
NODE_8_length_205580_cov_38.170825_185  -            277 44589at72274         -            183     0.096   10.9  13.0   2   2     3e-05     0.006   14.9   7.1     5   135    73   209    69   258 0.68 # 172146 # 172976 # -1 # ID=8_185;partial=00;start_type=ATG;rbs_motif=GGAG/GAGG;rbs_spacer=5-10bp;gc_cont=0.614
NODE_2_length_306509_cov_38.263647_234  -            279 44589at72274         -            183       2.4    6.4  15.6   1   2       1.6   3.2e+02   -0.5   0.4    19    47    33    59    24    82 0.62 # 269177 # 270013 # 1 # ID=2_234;partial=00;start_type=ATG;rbs_motif=GGA/GAG/AGG;rbs_spacer=5-10bp;gc_cont=0.657
NODE_2_length_306509_cov_38.263647_234  -            279 44589at72274         -            183       2.4    6.4  15.6   2   2    0.0011      0.23    9.7   8.8    17   133    96   212    80   259 0.68 # 269177 # 270013 # 1 # ID=2_234;partial=00;start_type=ATG;rbs_motif=GGA/GAG/AGG;rbs_spacer=5-10bp;gc_cont=0.657
#
# Program:         hmmsearch
# Version:         3.1b2 (February 2015)
# Pipeline mode:   SEARCH
# Query file:      /data2/PEG/hoaxaca/REAA/Pseudomonas/bin/busco_downloads/lineages/pseudomonadales_odb10/hmms/44589at72274.hmm
# Target file:     /data2/PEG/hoaxaca/REAA/Pseudomonas/bin/../out/busco/trim_130.spades_def/prodigal_output/predicted_genes/predicted.faa
# Option settings: hmmsearch --domtblout /data2/PEG/hoaxaca/REAA/Pseudomonas/bin/../out/busco/trim_130.spades_def/run_pseudomonadales_odb10/hmmer_output/44589at72274.out --cpu 1 /data2/PEG/hoaxaca/REAA/Pseudomonas/bin/busco_downloads/lineages/pseudomonadales_odb10/hmms/44589at72274.hmm /data2/PEG/hoaxaca/REAA/Pseudomonas/bin/../out/busco/trim_130.spades_def/prodigal_output/predicted_genes/predicted.faa 
# Current dir:     /data2/PEG/hoaxaca/REAA/Pseudomonas/bin
# Date:            Mon Feb 20 00:29:29 2023
# [ok]
