#                                                                                               --- full sequence --- -------------- this domain -------------   hmm coord   ali coord   env coord
# target name                           accession   tlen query name           accession   qlen   E-value  score  bias   #  of  c-Evalue  i-Evalue  score  bias  from    to  from    to  from    to  acc description of target
#                   ------------------- ---------- ----- -------------------- ---------- ----- --------- ------ ----- --- --- --------- --------- ------ ----- ----- ----- ----- ----- ----- ----- ---- ---------------------
NODE_33_length_70147_cov_38.643328_31   -            210 45682at72274         -            158   1.3e-65  218.3   0.6   1   2     4e-55     2e-52  175.5   0.0     1   123     6   143     6   149 0.89 # 41399 # 42028 # 1 # ID=33_31;partial=00;start_type=ATG;rbs_motif=3Base/5BMM;rbs_spacer=13-15bp;gc_cont=0.610
NODE_33_length_70147_cov_38.643328_31   -            210 45682at72274         -            158   1.3e-65  218.3   0.6   2   2   1.5e-13   7.5e-11   40.3   0.1   115   158   150   203   144   203 0.85 # 41399 # 42028 # 1 # ID=33_31;partial=00;start_type=ATG;rbs_motif=3Base/5BMM;rbs_spacer=13-15bp;gc_cont=0.610
NODE_1_length_570323_cov_37.907400_473  -            332 45682at72274         -            158   2.3e-07   29.0   0.0   1   1   8.7e-10   4.3e-07   28.1   0.0    27   105    71   151    59   197 0.84 # 511048 # 512043 # -1 # ID=1_473;partial=00;start_type=GTG;rbs_motif=GGA/GAG/AGG;rbs_spacer=5-10bp;gc_cont=0.631
NODE_18_length_120383_cov_39.189658_126 -            314 45682at72274         -            158   1.1e-05   23.6   0.0   1   1   4.2e-08   2.1e-05   22.6   0.0    41   110   110   180   101   194 0.87 # 114733 # 115674 # -1 # ID=18_126;partial=00;start_type=ATG;rbs_motif=GGA/GAG/AGG;rbs_spacer=5-10bp;gc_cont=0.628
NODE_58_length_31199_cov_38.215828_18   -            302 45682at72274         -            158   4.5e-05   21.6   0.0   1   1   1.4e-07   7.1e-05   20.9   0.0    43   103    90   151    86   174 0.83 # 15843 # 16748 # -1 # ID=58_18;partial=00;start_type=ATG;rbs_motif=GGAG/GAGG;rbs_spacer=5-10bp;gc_cont=0.640
NODE_2_length_306509_cov_38.263647_178  -            307 45682at72274         -            158   6.5e-05   21.0   0.2   1   1   2.6e-07   0.00013   20.1   0.2    42   102    60   126    46   146 0.75 # 214661 # 215581 # 1 # ID=2_178;partial=00;start_type=ATG;rbs_motif=GGA/GAG/AGG;rbs_spacer=5-10bp;gc_cont=0.620
NODE_41_length_50826_cov_41.331002_26   -           3806 45682at72274         -            158    0.0004   18.5   0.0   1   2      0.02       9.8    4.2   0.0    77   110  3303  3336  3294  3339 0.87 # 26165 # 37582 # -1 # ID=41_26;partial=00;start_type=GTG;rbs_motif=GGAG/GAGG;rbs_spacer=5-10bp;gc_cont=0.646
NODE_41_length_50826_cov_41.331002_26   -           3806 45682at72274         -            158    0.0004   18.5   0.0   2   2   0.00014     0.067   11.2   0.0    74   110  3590  3626  3576  3637 0.88 # 26165 # 37582 # -1 # ID=41_26;partial=00;start_type=GTG;rbs_motif=GGAG/GAGG;rbs_spacer=5-10bp;gc_cont=0.646
NODE_19_length_115842_cov_37.185885_35  -            315 45682at72274         -            158   0.00056   18.0   0.0   1   1   2.6e-06    0.0013   16.8   0.0    37   103    47   121    35   143 0.80 # 31840 # 32784 # -1 # ID=19_35;partial=00;start_type=ATG;rbs_motif=AGGA;rbs_spacer=5-10bp;gc_cont=0.633
NODE_37_length_65277_cov_39.445905_50   -            429 45682at72274         -            158   0.00089   17.4   0.0   1   1   3.5e-06    0.0017   16.4   0.0    63   109   275   321   271   328 0.90 # 38269 # 39555 # -1 # ID=37_50;partial=00;start_type=ATG;rbs_motif=3Base/5BMM;rbs_spacer=13-15bp;gc_cont=0.648
NODE_24_length_98846_cov_39.548735_65   -            251 45682at72274         -            158    0.0022   16.1   0.0   1   2   0.00099      0.49    8.4   0.0    45   125    55   138    47   154 0.70 # 60488 # 61240 # 1 # ID=24_65;partial=00;start_type=ATG;rbs_motif=None;rbs_spacer=None;gc_cont=0.629
NODE_24_length_98846_cov_39.548735_65   -            251 45682at72274         -            158    0.0022   16.1   0.0   2   2    0.0059       2.9    5.9   0.0    97   147   157   207   138   216 0.87 # 60488 # 61240 # 1 # ID=24_65;partial=00;start_type=ATG;rbs_motif=None;rbs_spacer=None;gc_cont=0.629
NODE_43_length_49495_cov_38.721802_23   -            273 45682at72274         -            158    0.0035   15.4   0.1   1   2   3.5e-05     0.017   13.1   0.0    41   115    43   120    35   131 0.69 # 24920 # 25738 # -1 # ID=43_23;partial=00;start_type=ATG;rbs_motif=AGGAG;rbs_spacer=5-10bp;gc_cont=0.611
NODE_43_length_49495_cov_38.721802_23   -            273 45682at72274         -            158    0.0035   15.4   0.1   2   2       0.5   2.5e+02   -0.3   0.0   112   133   209   230   177   241 0.82 # 24920 # 25738 # -1 # ID=43_23;partial=00;start_type=ATG;rbs_motif=AGGAG;rbs_spacer=5-10bp;gc_cont=0.611
NODE_23_length_100940_cov_36.881453_77  -            321 45682at72274         -            158     0.012   13.7   0.0   1   1   4.5e-05     0.022   12.8   0.0    36   117    80   166    67   182 0.76 # 77245 # 78207 # -1 # ID=23_77;partial=00;start_type=ATG;rbs_motif=None;rbs_spacer=None;gc_cont=0.633
NODE_4_length_234169_cov_37.461050_85   -            296 45682at72274         -            158     0.029   12.4   0.0   1   1   0.00011     0.056   11.5   0.0    41   103    53   115    49   133 0.91 # 88094 # 88981 # -1 # ID=4_85;partial=00;start_type=ATG;rbs_motif=AGGA;rbs_spacer=5-10bp;gc_cont=0.618
NODE_21_length_103627_cov_39.260850_35  -            433 45682at72274         -            158     0.073   11.1   0.0   1   1   0.00028      0.14   10.2   0.0    66   105   153   195   107   233 0.74 # 42999 # 44297 # 1 # ID=21_35;partial=00;start_type=ATG;rbs_motif=GGA/GAG/AGG;rbs_spacer=5-10bp;gc_cont=0.598
#
# Program:         hmmsearch
# Version:         3.1b2 (February 2015)
# Pipeline mode:   SEARCH
# Query file:      /data2/PEG/hoaxaca/REAA/Pseudomonas/bin/busco_downloads/lineages/pseudomonadales_odb10/hmms/45682at72274.hmm
# Target file:     /data2/PEG/hoaxaca/REAA/Pseudomonas/bin/../out/busco/trim_130.spades_def/prodigal_output/predicted_genes/predicted.faa
# Option settings: hmmsearch --domtblout /data2/PEG/hoaxaca/REAA/Pseudomonas/bin/../out/busco/trim_130.spades_def/run_pseudomonadales_odb10/hmmer_output/45682at72274.out --cpu 1 /data2/PEG/hoaxaca/REAA/Pseudomonas/bin/busco_downloads/lineages/pseudomonadales_odb10/hmms/45682at72274.hmm /data2/PEG/hoaxaca/REAA/Pseudomonas/bin/../out/busco/trim_130.spades_def/prodigal_output/predicted_genes/predicted.faa 
# Current dir:     /data2/PEG/hoaxaca/REAA/Pseudomonas/bin
# Date:            Mon Feb 20 00:29:29 2023
# [ok]
