#                                                                                               --- full sequence --- -------------- this domain -------------   hmm coord   ali coord   env coord
# target name                           accession   tlen query name           accession   qlen   E-value  score  bias   #  of  c-Evalue  i-Evalue  score  bias  from    to  from    to  from    to  acc description of target
#                   ------------------- ---------- ----- -------------------- ---------- ----- --------- ------ ----- --- --- --------- --------- ------ ----- ----- ----- ----- ----- ----- ----- ---- ---------------------
NODE_1_length_570323_cov_37.907400_122  -            631 4619at72274          -            532         0 1065.8   0.9   1   2  2.1e-289  2.2e-286  949.2   0.1     1   447     6   472     6   484 0.97 # 126226 # 128118 # 1 # ID=1_122;partial=00;start_type=GTG;rbs_motif=GGAG/GAGG;rbs_spacer=5-10bp;gc_cont=0.585
NODE_1_length_570323_cov_37.907400_122  -            631 4619at72274          -            532         0 1065.8   0.9   2   2   9.2e-37   9.9e-34  115.4   0.1   455   532   536   619   531   619 0.94 # 126226 # 128118 # 1 # ID=1_122;partial=00;start_type=GTG;rbs_motif=GGAG/GAGG;rbs_spacer=5-10bp;gc_cont=0.585
NODE_13_length_139524_cov_37.894964_105 -            518 4619at72274          -            532    0.0012   16.1   2.2   1   2   1.6e-05     0.017   12.4   0.3     2    29   212   239   211   258 0.89 # 110520 # 112073 # 1 # ID=13_105;partial=00;start_type=ATG;rbs_motif=AGGA;rbs_spacer=5-10bp;gc_cont=0.600
NODE_13_length_139524_cov_37.894964_105 -            518 4619at72274          -            532    0.0012   16.1   2.2   2   2    0.0089       9.5    3.3   0.1     4    30   357   383   355   390 0.82 # 110520 # 112073 # 1 # ID=13_105;partial=00;start_type=ATG;rbs_motif=AGGA;rbs_spacer=5-10bp;gc_cont=0.600
NODE_21_length_103627_cov_39.260850_26  -            592 4619at72274          -            532    0.0094   13.2   0.8   1   1   1.2e-05     0.013   12.7   0.8     2    39    10    47     9    62 0.81 # 33033 # 34808 # -1 # ID=21_26;partial=00;start_type=ATG;rbs_motif=None;rbs_spacer=None;gc_cont=0.594
NODE_4_length_234169_cov_37.461050_126  -            465 4619at72274          -            532     0.039   11.2   0.0   1   1   5.3e-05     0.057   10.6   0.0     2    39     6    43     5    72 0.77 # 127905 # 129299 # -1 # ID=4_126;partial=00;start_type=ATG;rbs_motif=AGGAG;rbs_spacer=5-10bp;gc_cont=0.601
NODE_68_length_17250_cov_39.301520_2    -            368 4619at72274          -            532     0.077   10.2   0.1   1   1   9.8e-05       0.1    9.8   0.1     3    33     5    35     3    52 0.84 # 1170 # 2273 # -1 # ID=68_2;partial=00;start_type=ATG;rbs_motif=GGAGG;rbs_spacer=5-10bp;gc_cont=0.651
NODE_9_length_204135_cov_38.603500_32   -            393 4619at72274          -            532     0.077   10.2   0.7   1   1   0.00012      0.13    9.5   0.7     3    33     5    35     3    47 0.91 # 33320 # 34498 # -1 # ID=9_32;partial=00;start_type=GTG;rbs_motif=GGAG/GAGG;rbs_spacer=5-10bp;gc_cont=0.618
#
# Program:         hmmsearch
# Version:         3.1b2 (February 2015)
# Pipeline mode:   SEARCH
# Query file:      /data2/PEG/hoaxaca/REAA/Pseudomonas/bin/busco_downloads/lineages/pseudomonadales_odb10/hmms/4619at72274.hmm
# Target file:     /data2/PEG/hoaxaca/REAA/Pseudomonas/bin/../out/busco/trim_130.spades_def/prodigal_output/predicted_genes/predicted.faa
# Option settings: hmmsearch --domtblout /data2/PEG/hoaxaca/REAA/Pseudomonas/bin/../out/busco/trim_130.spades_def/run_pseudomonadales_odb10/hmmer_output/4619at72274.out --cpu 1 /data2/PEG/hoaxaca/REAA/Pseudomonas/bin/busco_downloads/lineages/pseudomonadales_odb10/hmms/4619at72274.hmm /data2/PEG/hoaxaca/REAA/Pseudomonas/bin/../out/busco/trim_130.spades_def/prodigal_output/predicted_genes/predicted.faa 
# Current dir:     /data2/PEG/hoaxaca/REAA/Pseudomonas/bin
# Date:            Mon Feb 20 00:29:30 2023
# [ok]
