#                                                                                               --- full sequence --- -------------- this domain -------------   hmm coord   ali coord   env coord
# target name                           accession   tlen query name           accession   qlen   E-value  score  bias   #  of  c-Evalue  i-Evalue  score  bias  from    to  from    to  from    to  acc description of target
#                   ------------------- ---------- ----- -------------------- ---------- ----- --------- ------ ----- --- --- --------- --------- ------ ----- ----- ----- ----- ----- ----- ----- ---- ---------------------
NODE_17_length_124183_cov_38.018597_120 -            151 54430at72274         -            117   2.3e-43  145.3   0.0   1   1   2.2e-45   4.7e-43  144.3   0.0     1   117    10   147    10   147 0.89 # 114056 # 114508 # -1 # ID=17_120;partial=00;start_type=ATG;rbs_motif=GGA/GAG/AGG;rbs_spacer=5-10bp;gc_cont=0.592
NODE_13_length_139524_cov_37.894964_121 -            171 54430at72274         -            117   3.1e-13   48.2   0.0   1   1   2.7e-15   5.8e-13   47.3   0.0    46   113    84   158    70   165 0.83 # 127384 # 127896 # 1 # ID=13_121;partial=00;start_type=ATG;rbs_motif=AGGA;rbs_spacer=5-10bp;gc_cont=0.647
NODE_8_length_205580_cov_38.170825_170  -            367 54430at72274         -            117   7.7e-13   46.9   0.0   1   1   6.5e-15   1.4e-12   46.1   0.0    34   108    55   137    12   146 0.82 # 155447 # 156547 # -1 # ID=8_170;partial=00;start_type=ATG;rbs_motif=GGxGG;rbs_spacer=3-4bp;gc_cont=0.639
NODE_16_length_126463_cov_38.500032_15  -            299 54430at72274         -            117   1.4e-09   36.4   0.0   1   2   2.8e-05     0.006   15.0   0.0    43   116    73   147    53   148 0.77 # 15726 # 16622 # -1 # ID=16_15;partial=00;start_type=ATG;rbs_motif=AGGAG;rbs_spacer=5-10bp;gc_cont=0.611
NODE_16_length_126463_cov_38.500032_15  -            299 54430at72274         -            117   1.4e-09   36.4   0.0   2   2   1.6e-06   0.00034   19.0   0.0    48    97   223   278   208   284 0.85 # 15726 # 16622 # -1 # ID=16_15;partial=00;start_type=ATG;rbs_motif=AGGAG;rbs_spacer=5-10bp;gc_cont=0.611
NODE_37_length_65277_cov_39.445905_47   -            158 54430at72274         -            117   1.4e-08   33.2   0.0   1   1     1e-10   2.2e-08   32.5   0.0    51   101    79   130    51   133 0.89 # 34094 # 34567 # -1 # ID=37_47;partial=00;start_type=ATG;rbs_motif=GGA/GAG/AGG;rbs_spacer=5-10bp;gc_cont=0.603
NODE_10_length_184374_cov_39.267226_49  -            174 54430at72274         -            117   4.8e-07   28.2   0.2   1   1   4.2e-09     9e-07   27.3   0.2     9   100    41   139    37   142 0.77 # 51894 # 52415 # 1 # ID=10_49;partial=00;start_type=ATG;rbs_motif=None;rbs_spacer=None;gc_cont=0.600
NODE_15_length_135443_cov_38.650429_93  -            161 54430at72274         -            117   1.1e-06   27.1   0.0   1   1   7.5e-09   1.6e-06   26.5   0.0    25    97    72   150    53   155 0.79 # 92637 # 93119 # 1 # ID=15_93;partial=00;start_type=GTG;rbs_motif=GGA/GAG/AGG;rbs_spacer=11-12bp;gc_cont=0.617
NODE_13_length_139524_cov_37.894964_59  -            148 54430at72274         -            117   4.3e-06   25.1   0.0   1   1   2.2e-08   4.8e-06   25.0   0.0    48   101    75   127    31   129 0.82 # 72278 # 72721 # 1 # ID=13_59;partial=00;start_type=ATG;rbs_motif=AGGA;rbs_spacer=5-10bp;gc_cont=0.624
NODE_36_length_67245_cov_37.425262_63   -            167 54430at72274         -            117   4.7e-06   25.0   0.0   1   1   3.4e-08   7.2e-06   24.4   0.0    25   110    61   152    48   155 0.81 # 64444 # 64944 # 1 # ID=36_63;partial=00;start_type=ATG;rbs_motif=3Base/5BMM;rbs_spacer=13-15bp;gc_cont=0.537
NODE_28_length_94833_cov_36.246686_18   -            150 54430at72274         -            117   1.6e-05   23.3   0.0   1   1   1.1e-07   2.3e-05   22.8   0.0    24   100    48   130    37   136 0.83 # 15600 # 16049 # 1 # ID=28_18;partial=00;start_type=ATG;rbs_motif=GGAG/GAGG;rbs_spacer=5-10bp;gc_cont=0.529
NODE_34_length_69300_cov_40.592101_45   -            162 54430at72274         -            117   1.9e-05   23.1   0.0   1   1   1.5e-07   3.3e-05   22.3   0.0    45    98    92   151    56   157 0.81 # 60032 # 60517 # 1 # ID=34_45;partial=00;start_type=ATG;rbs_motif=AGGA;rbs_spacer=5-10bp;gc_cont=0.630
NODE_6_length_212516_cov_37.602644_105  -            177 54430at72274         -            117   2.2e-05   22.8   0.0   1   1   1.8e-07   3.9e-05   22.1   0.0    28   108    72   157    61   161 0.80 # 115830 # 116360 # 1 # ID=6_105;partial=00;start_type=ATG;rbs_motif=AGGAG;rbs_spacer=5-10bp;gc_cont=0.621
NODE_23_length_100940_cov_36.881453_94  -            582 54430at72274         -            117   3.9e-05   22.0   0.0   1   1   5.4e-07   0.00012   20.5   0.0    48    99   191   248   173   256 0.84 # 92202 # 93947 # -1 # ID=23_94;partial=00;start_type=ATG;rbs_motif=AGGA;rbs_spacer=5-10bp;gc_cont=0.643
NODE_78_length_14166_cov_35.395841_12   -            196 54430at72274         -            117   4.4e-05   21.9   0.0   1   1   3.1e-07   6.7e-05   21.3   0.0    29    99    86   163    69   175 0.75 # 13467 # 14054 # 1 # ID=78_12;partial=00;start_type=ATG;rbs_motif=GGA/GAG/AGG;rbs_spacer=5-10bp;gc_cont=0.594
NODE_6_length_212516_cov_37.602644_104  -            174 54430at72274         -            117   5.4e-05   21.6   0.0   1   1   3.9e-07   8.4e-05   21.0   0.0    49   100    85   142    43   147 0.81 # 115303 # 115824 # 1 # ID=6_104;partial=00;start_type=ATG;rbs_motif=GGAG/GAGG;rbs_spacer=5-10bp;gc_cont=0.613
NODE_19_length_115842_cov_37.185885_69  -            162 54430at72274         -            117   6.2e-05   21.4   0.1   1   2       7.6   1.6e+03   -2.5   0.0    62    81     6    25     3    28 0.73 # 66079 # 66564 # -1 # ID=19_69;partial=00;start_type=ATG;rbs_motif=GGA/GAG/AGG;rbs_spacer=5-10bp;gc_cont=0.621
NODE_19_length_115842_cov_37.185885_69  -            162 54430at72274         -            117   6.2e-05   21.4   0.1   2   2   9.1e-07   0.00019   19.8   0.0    45    99    81   143    76   156 0.82 # 66079 # 66564 # -1 # ID=19_69;partial=00;start_type=ATG;rbs_motif=GGA/GAG/AGG;rbs_spacer=5-10bp;gc_cont=0.621
NODE_11_length_160437_cov_37.143278_84  -            160 54430at72274         -            117   0.00015   20.2   0.0   1   1   1.6e-06   0.00035   19.0   0.0     3   111    31   152    29   154 0.72 # 78966 # 79445 # 1 # ID=11_84;partial=00;start_type=ATG;rbs_motif=GGA/GAG/AGG;rbs_spacer=5-10bp;gc_cont=0.619
NODE_8_length_205580_cov_38.170825_146  -            225 54430at72274         -            117   0.00049   18.5   0.0   1   1   5.2e-06    0.0011   17.4   0.0    30    88    77   139    64   152 0.78 # 136604 # 137278 # 1 # ID=8_146;partial=00;start_type=ATG;rbs_motif=AGGA;rbs_spacer=5-10bp;gc_cont=0.600
NODE_3_length_236953_cov_39.268499_202  -            151 54430at72274         -            117   0.00053   18.4   0.1   1   1   4.4e-06   0.00094   17.6   0.1    32   102    59   132    46   146 0.78 # 205796 # 206248 # 1 # ID=3_202;partial=00;start_type=ATG;rbs_motif=GGA/GAG/AGG;rbs_spacer=11-12bp;gc_cont=0.603
NODE_18_length_120383_cov_39.189658_79  -            176 54430at72274         -            117     0.001   17.5   0.0   1   1   7.4e-06    0.0016   16.9   0.0    32    99    80   152    62   161 0.82 # 75882 # 76409 # 1 # ID=18_79;partial=00;start_type=ATG;rbs_motif=GGA/GAG/AGG;rbs_spacer=5-10bp;gc_cont=0.598
NODE_18_length_120383_cov_39.189658_94  -            145 54430at72274         -            117     0.001   17.5   0.0   1   1   7.6e-06    0.0016   16.8   0.0    51    97    74   126    46   135 0.81 # 90235 # 90669 # 1 # ID=18_94;partial=00;start_type=ATG;rbs_motif=AGGA/GGAG/GAGG;rbs_spacer=11-12bp;gc_cont=0.625
NODE_18_length_120383_cov_39.189658_83  -            164 54430at72274         -            117    0.0017   16.8   0.1   1   1   2.1e-05    0.0045   15.4   0.1    46    77    88   119    74   147 0.75 # 77668 # 78159 # -1 # ID=18_83;partial=00;start_type=ATG;rbs_motif=None;rbs_spacer=None;gc_cont=0.585
NODE_48_length_39804_cov_36.393108_11   -            145 54430at72274         -            117    0.0023   16.3   0.0   1   1   1.7e-05    0.0037   15.7   0.0    17   103    40   133    33   140 0.79 # 14240 # 14674 # -1 # ID=48_11;partial=00;start_type=ATG;rbs_motif=AGGAG;rbs_spacer=5-10bp;gc_cont=0.579
NODE_1_length_570323_cov_37.907400_191  -            149 54430at72274         -            117    0.0027   16.1   0.0   1   1     2e-05    0.0042   15.5   0.0    45    94    80   135    36   146 0.74 # 205525 # 205971 # -1 # ID=1_191;partial=00;start_type=ATG;rbs_motif=AGGAG;rbs_spacer=5-10bp;gc_cont=0.626
NODE_40_length_53296_cov_37.718221_27   -            164 54430at72274         -            117    0.0031   15.9   0.0   1   1   2.5e-05    0.0053   15.2   0.0    47    97    89   145    83   151 0.84 # 30061 # 30552 # -1 # ID=40_27;partial=00;start_type=ATG;rbs_motif=GGAG/GAGG;rbs_spacer=5-10bp;gc_cont=0.583
NODE_17_length_124183_cov_38.018597_83  -            195 54430at72274         -            117    0.0041   15.5   0.1   1   1   3.1e-05    0.0067   14.9   0.1    28   106    76   164    50   171 0.75 # 74417 # 75001 # 1 # ID=17_83;partial=00;start_type=ATG;rbs_motif=GGA/GAG/AGG;rbs_spacer=5-10bp;gc_cont=0.585
NODE_26_length_96877_cov_37.053781_81   -            153 54430at72274         -            117    0.0061   15.0   0.0   1   1     4e-05    0.0086   14.5   0.0    50   106    84   146    59   150 0.76 # 82493 # 82951 # 1 # ID=26_81;partial=00;start_type=ATG;rbs_motif=GGAG/GAGG;rbs_spacer=5-10bp;gc_cont=0.556
NODE_39_length_54602_cov_38.240147_7    -            217 54430at72274         -            117    0.0062   15.0   0.0   1   1   8.7e-05     0.019   13.4   0.0    44   100   129   191   115   194 0.78 # 6948 # 7598 # 1 # ID=39_7;partial=00;start_type=ATG;rbs_motif=GGAG/GAGG;rbs_spacer=5-10bp;gc_cont=0.610
NODE_24_length_98846_cov_39.548735_52   -            194 54430at72274         -            117     0.011   14.2   0.0   1   1   6.5e-05     0.014   13.8   0.0    33    73   108   150    83   183 0.86 # 46148 # 46729 # 1 # ID=24_52;partial=00;start_type=ATG;rbs_motif=GGA/GAG/AGG;rbs_spacer=5-10bp;gc_cont=0.416
NODE_1_length_570323_cov_37.907400_396  -            433 54430at72274         -            117     0.062   11.7   0.1   1   2       6.4   1.4e+03   -2.3   0.0    37    55    87   105    83   108 0.84 # 428148 # 429446 # 1 # ID=1_396;partial=00;start_type=ATG;rbs_motif=GGA/GAG/AGG;rbs_spacer=5-10bp;gc_cont=0.630
NODE_1_length_570323_cov_37.907400_396  -            433 54430at72274         -            117     0.062   11.7   0.1   2   2    0.0009      0.19   10.1   0.0    32    75   335   380   318   387 0.80 # 428148 # 429446 # 1 # ID=1_396;partial=00;start_type=ATG;rbs_motif=GGA/GAG/AGG;rbs_spacer=5-10bp;gc_cont=0.630
#
# Program:         hmmsearch
# Version:         3.1b2 (February 2015)
# Pipeline mode:   SEARCH
# Query file:      /data2/PEG/hoaxaca/REAA/Pseudomonas/bin/busco_downloads/lineages/pseudomonadales_odb10/hmms/54430at72274.hmm
# Target file:     /data2/PEG/hoaxaca/REAA/Pseudomonas/bin/../out/busco/trim_130.spades_def/prodigal_output/predicted_genes/predicted.faa
# Option settings: hmmsearch --domtblout /data2/PEG/hoaxaca/REAA/Pseudomonas/bin/../out/busco/trim_130.spades_def/run_pseudomonadales_odb10/hmmer_output/54430at72274.out --cpu 1 /data2/PEG/hoaxaca/REAA/Pseudomonas/bin/busco_downloads/lineages/pseudomonadales_odb10/hmms/54430at72274.hmm /data2/PEG/hoaxaca/REAA/Pseudomonas/bin/../out/busco/trim_130.spades_def/prodigal_output/predicted_genes/predicted.faa 
# Current dir:     /data2/PEG/hoaxaca/REAA/Pseudomonas/bin
# Date:            Mon Feb 20 00:29:37 2023
# [ok]
