#                                                                                              --- full sequence --- -------------- this domain -------------   hmm coord   ali coord   env coord
# target name                          accession   tlen query name           accession   qlen   E-value  score  bias   #  of  c-Evalue  i-Evalue  score  bias  from    to  from    to  from    to  acc description of target
#                  ------------------- ---------- ----- -------------------- ---------- ----- --------- ------ ----- --- --- --------- --------- ------ ----- ----- ----- ----- ----- ----- ----- ---- ---------------------
NODE_10_length_184374_cov_39.267226_7  -            600 5969at72274          -            521         0 1029.5   1.4   1   1         0         0 1029.1   1.4     1   521     6   596     6   596 0.95 # 5949 # 7748 # 1 # ID=10_7;partial=00;start_type=GTG;rbs_motif=GGA/GAG/AGG;rbs_spacer=5-10bp;gc_cont=0.576
NODE_2_length_306509_cov_38.263647_149 -            607 5969at72274          -            521     1e-35  121.8   0.2   1   1   3.4e-38   3.2e-35  120.2   0.2     1   204     4   235     4   434 0.86 # 183539 # 185359 # -1 # ID=2_149;partial=00;start_type=GTG;rbs_motif=GGA/GAG/AGG;rbs_spacer=5-10bp;gc_cont=0.567
NODE_24_length_98846_cov_39.548735_14  -            702 5969at72274          -            521   2.6e-35  120.4   0.2   1   3   2.4e-25   2.2e-22   77.8   0.0     2   144    10   164     9   180 0.87 # 16119 # 18224 # 1 # ID=24_14;partial=00;start_type=ATG;rbs_motif=GGAG/GAGG;rbs_spacer=5-10bp;gc_cont=0.543
NODE_24_length_98846_cov_39.548735_14  -            702 5969at72274          -            521   2.6e-35  120.4   0.2   2   3   1.8e-10   1.6e-07   28.7   0.1   169   344   313   497   281   507 0.79 # 16119 # 18224 # 1 # ID=24_14;partial=00;start_type=ATG;rbs_motif=GGAG/GAGG;rbs_spacer=5-10bp;gc_cont=0.543
NODE_24_length_98846_cov_39.548735_14  -            702 5969at72274          -            521   2.6e-35  120.4   0.2   3   3     7e-05     0.064   10.3   0.0   351   419   609   682   588   686 0.83 # 16119 # 18224 # 1 # ID=24_14;partial=00;start_type=ATG;rbs_motif=GGAG/GAGG;rbs_spacer=5-10bp;gc_cont=0.543
NODE_33_length_70147_cov_38.643328_14  -            528 5969at72274          -            521   8.1e-27   92.4   0.0   1   3   1.7e-25   1.6e-22   78.3   0.0     3   148    12   165    10   173 0.89 # 17706 # 19289 # 1 # ID=33_14;partial=00;start_type=ATG;rbs_motif=GGA/GAG/AGG;rbs_spacer=5-10bp;gc_cont=0.602
NODE_33_length_70147_cov_38.643328_14  -            528 5969at72274          -            521   8.1e-27   92.4   0.0   2   3       1.1     1e+03   -3.6   0.0   155   172   259   276   255   280 0.84 # 17706 # 19289 # 1 # ID=33_14;partial=00;start_type=ATG;rbs_motif=GGA/GAG/AGG;rbs_spacer=5-10bp;gc_cont=0.602
NODE_33_length_70147_cov_38.643328_14  -            528 5969at72274          -            521   8.1e-27   92.4   0.0   3   3   2.6e-05     0.024   11.7   0.0   193   344   315   473   300   487 0.72 # 17706 # 19289 # 1 # ID=33_14;partial=00;start_type=ATG;rbs_motif=GGA/GAG/AGG;rbs_spacer=5-10bp;gc_cont=0.602
NODE_14_length_139126_cov_47.028587_39 -            841 5969at72274          -            521   1.1e-18   65.6   0.7   1   1   4.9e-21   4.5e-18   63.6   0.7     7   212   347   554   344   563 0.82 # 42902 # 45424 # -1 # ID=14_39;partial=00;start_type=ATG;rbs_motif=AGGAG;rbs_spacer=5-10bp;gc_cont=0.588
NODE_24_length_98846_cov_39.548735_15  -            398 5969at72274          -            521   2.8e-13   47.8   0.3   1   1   4.9e-16   4.5e-13   47.1   0.3     4   129    14   142    12   278 0.89 # 18255 # 19448 # 1 # ID=24_15;partial=00;start_type=GTG;rbs_motif=AGGAG;rbs_spacer=5-10bp;gc_cont=0.545
NODE_17_length_124183_cov_38.018597_24 -            633 5969at72274          -            521   1.8e-09   35.2   0.9   1   2   4.3e-12     4e-09   34.1   0.2    36   131    76   173    25   184 0.82 # 19191 # 21089 # -1 # ID=17_24;partial=00;start_type=ATG;rbs_motif=GGA/GAG/AGG;rbs_spacer=5-10bp;gc_cont=0.622
NODE_17_length_124183_cov_38.018597_24 -            633 5969at72274          -            521   1.8e-09   35.2   0.9   2   2       1.2   1.1e+03   -3.7   0.0   197   236   267   312   265   328 0.64 # 19191 # 21089 # -1 # ID=17_24;partial=00;start_type=ATG;rbs_motif=GGA/GAG/AGG;rbs_spacer=5-10bp;gc_cont=0.622
#
# Program:         hmmsearch
# Version:         3.1b2 (February 2015)
# Pipeline mode:   SEARCH
# Query file:      /data2/PEG/hoaxaca/REAA/Pseudomonas/bin/busco_downloads/lineages/pseudomonadales_odb10/hmms/5969at72274.hmm
# Target file:     /data2/PEG/hoaxaca/REAA/Pseudomonas/bin/../out/busco/trim_130.spades_def/prodigal_output/predicted_genes/predicted.faa
# Option settings: hmmsearch --domtblout /data2/PEG/hoaxaca/REAA/Pseudomonas/bin/../out/busco/trim_130.spades_def/run_pseudomonadales_odb10/hmmer_output/5969at72274.out --cpu 1 /data2/PEG/hoaxaca/REAA/Pseudomonas/bin/busco_downloads/lineages/pseudomonadales_odb10/hmms/5969at72274.hmm /data2/PEG/hoaxaca/REAA/Pseudomonas/bin/../out/busco/trim_130.spades_def/prodigal_output/predicted_genes/predicted.faa 
# Current dir:     /data2/PEG/hoaxaca/REAA/Pseudomonas/bin
# Date:            Mon Feb 20 00:29:41 2023
# [ok]
