#                                                                                               --- full sequence --- -------------- this domain -------------   hmm coord   ali coord   env coord
# target name                           accession   tlen query name           accession   qlen   E-value  score  bias   #  of  c-Evalue  i-Evalue  score  bias  from    to  from    to  from    to  acc description of target
#                   ------------------- ---------- ----- -------------------- ---------- ----- --------- ------ ----- --- --- --------- --------- ------ ----- ----- ----- ----- ----- ----- ----- ---- ---------------------
NODE_25_length_96941_cov_38.406611_17   -            167 62753at72274         -            115     5e-53  176.6   2.0   1   2     0.054        25    3.5   0.1     2    15    13    26    12    28 0.88 # 22467 # 22967 # -1 # ID=25_17;partial=00;start_type=ATG;rbs_motif=AGGAG;rbs_spacer=5-10bp;gc_cont=0.563
NODE_25_length_96941_cov_38.406611_17   -            167 62753at72274         -            115     5e-53  176.6   2.0   2   2   1.7e-54   7.8e-52  172.7   0.2    15   115    63   164    53   164 0.95 # 22467 # 22967 # -1 # ID=25_17;partial=00;start_type=ATG;rbs_motif=AGGAG;rbs_spacer=5-10bp;gc_cont=0.563
NODE_58_length_31199_cov_38.215828_15   -            262 62753at72274         -            115   5.9e-21   73.2   1.0   1   2       3.1   1.4e+03   -2.1   0.0   100   115    73    88    65    88 0.73 # 14287 # 15072 # 1 # ID=58_15;partial=00;start_type=ATG;rbs_motif=AGGA;rbs_spacer=5-10bp;gc_cont=0.601
NODE_58_length_31199_cov_38.215828_15   -            262 62753at72274         -            115   5.9e-21   73.2   1.0   2   2   3.1e-23   1.4e-20   72.0   0.2    17   115   144   244   136   244 0.91 # 14287 # 15072 # 1 # ID=58_15;partial=00;start_type=ATG;rbs_motif=AGGA;rbs_spacer=5-10bp;gc_cont=0.601
NODE_38_length_63664_cov_35.979697_7    -            328 62753at72274         -            115   1.2e-20   72.2   0.1   1   1   4.5e-23   2.1e-20   71.5   0.1    17   114   219   318   210   319 0.93 # 9733 # 10716 # -1 # ID=38_7;partial=00;start_type=ATG;rbs_motif=GGA/GAG/AGG;rbs_spacer=5-10bp;gc_cont=0.549
NODE_30_length_81004_cov_38.527587_38   -            232 62753at72274         -            115   7.2e-20   69.7   0.9   1   2       9.3   4.3e+03   -3.7   0.1     4    12    13    21    11    24 0.75 # 39826 # 40521 # -1 # ID=30_38;partial=00;start_type=ATG;rbs_motif=AGGAG;rbs_spacer=5-10bp;gc_cont=0.606
NODE_30_length_81004_cov_38.527587_38   -            232 62753at72274         -            115   7.2e-20   69.7   0.9   2   2   1.8e-22   8.4e-20   69.5   0.1    16   115   124   227   112   227 0.87 # 39826 # 40521 # -1 # ID=30_38;partial=00;start_type=ATG;rbs_motif=AGGAG;rbs_spacer=5-10bp;gc_cont=0.606
NODE_15_length_135443_cov_38.650429_66  -            257 62753at72274         -            115   8.2e-20   69.5   0.2   1   2       3.6   1.7e+03   -2.4   0.0     3    13    12    22    10    26 0.79 # 61693 # 62463 # 1 # ID=15_66;partial=00;start_type=ATG;rbs_motif=AGGAG;rbs_spacer=5-10bp;gc_cont=0.620
NODE_15_length_135443_cov_38.650429_66  -            257 62753at72274         -            115   8.2e-20   69.5   0.2   2   2   4.4e-22     2e-19   68.3   0.0    17   115   120   220   116   220 0.92 # 61693 # 62463 # 1 # ID=15_66;partial=00;start_type=ATG;rbs_motif=AGGAG;rbs_spacer=5-10bp;gc_cont=0.620
NODE_11_length_160437_cov_37.143278_97  -            271 62753at72274         -            115   4.8e-15   54.2   1.3   1   2       1.9   8.5e+02   -1.4   0.0    89   115    82   108    58   108 0.69 # 92528 # 93340 # 1 # ID=11_97;partial=00;start_type=ATG;rbs_motif=GGAG/GAGG;rbs_spacer=5-10bp;gc_cont=0.608
NODE_11_length_160437_cov_37.143278_97  -            271 62753at72274         -            115   4.8e-15   54.2   1.3   2   2   2.3e-17     1e-14   53.1   0.4    17   115   157   257   151   257 0.90 # 92528 # 93340 # 1 # ID=11_97;partial=00;start_type=ATG;rbs_motif=GGAG/GAGG;rbs_spacer=5-10bp;gc_cont=0.608
NODE_14_length_139126_cov_47.028587_106 -            164 62753at72274         -            115   1.1e-13   49.8   0.1   1   1   3.4e-16   1.6e-13   49.3   0.1    17   115    58   158    50   158 0.88 # 124065 # 124556 # -1 # ID=14_106;partial=00;start_type=TTG;rbs_motif=AGGAG;rbs_spacer=5-10bp;gc_cont=0.624
NODE_50_length_38784_cov_41.193789_11   -            303 62753at72274         -            115   5.8e-11   41.0   0.0   1   1     2e-13   9.2e-11   40.4   0.0    31   115   191   277   176   277 0.88 # 12646 # 13554 # -1 # ID=50_11;partial=00;start_type=GTG;rbs_motif=GGAG/GAGG;rbs_spacer=5-10bp;gc_cont=0.600
NODE_21_length_103627_cov_39.260850_93  -            296 62753at72274         -            115   4.1e-10   38.3   0.0   1   1   1.7e-12   7.8e-10   37.4   0.0    22   115   144   241   135   241 0.84 # 101360 # 102247 # -1 # ID=21_93;partial=00;start_type=GTG;rbs_motif=GGAGG;rbs_spacer=5-10bp;gc_cont=0.615
NODE_30_length_81004_cov_38.527587_31   -            391 62753at72274         -            115   3.7e-07   28.8   0.0   1   1   1.5e-09   6.9e-07   27.9   0.0    37   115   222   301   215   301 0.93 # 30866 # 32038 # -1 # ID=30_31;partial=00;start_type=ATG;rbs_motif=GGA/GAG/AGG;rbs_spacer=5-10bp;gc_cont=0.618
NODE_1_length_570323_cov_37.907400_240  -            430 62753at72274         -            115     1e-06   27.4   0.0   1   1   4.3e-09     2e-06   26.4   0.0    19   115   320   421   310   421 0.87 # 265565 # 266854 # 1 # ID=1_240;partial=00;start_type=ATG;rbs_motif=GGAG/GAGG;rbs_spacer=5-10bp;gc_cont=0.659
NODE_39_length_54602_cov_38.240147_5    -            447 62753at72274         -            115   1.8e-06   26.6   0.4   1   1   7.7e-09   3.5e-06   25.6   0.4    17   115   343   443   330   443 0.81 # 4496 # 5836 # -1 # ID=39_5;partial=00;start_type=ATG;rbs_motif=GGA/GAG/AGG;rbs_spacer=5-10bp;gc_cont=0.620
NODE_14_length_139126_cov_47.028587_33  -            978 62753at72274         -            115     0.029   13.0   0.0   1   2     0.011       5.1    5.8   0.0    13    54   790   832   781   837 0.82 # 34657 # 37590 # 1 # ID=14_33;partial=00;start_type=ATG;rbs_motif=None;rbs_spacer=None;gc_cont=0.599
NODE_14_length_139126_cov_47.028587_33  -            978 62753at72274         -            115     0.029   13.0   0.0   2   2     0.032        15    4.3   0.0    65    83   928   946   921   960 0.85 # 34657 # 37590 # 1 # ID=14_33;partial=00;start_type=ATG;rbs_motif=None;rbs_spacer=None;gc_cont=0.599
NODE_6_length_212516_cov_37.602644_178  -            341 62753at72274         -            115     0.057   12.1   0.0   1   1    0.0002     0.093   11.4   0.0    19    93   167   246   159   267 0.75 # 203947 # 204969 # -1 # ID=6_178;partial=00;start_type=ATG;rbs_motif=None;rbs_spacer=None;gc_cont=0.617
#
# Program:         hmmsearch
# Version:         3.1b2 (February 2015)
# Pipeline mode:   SEARCH
# Query file:      /data2/PEG/hoaxaca/REAA/Pseudomonas/bin/busco_downloads/lineages/pseudomonadales_odb10/hmms/62753at72274.hmm
# Target file:     /data2/PEG/hoaxaca/REAA/Pseudomonas/bin/../out/busco/trim_130.spades_def/prodigal_output/predicted_genes/predicted.faa
# Option settings: hmmsearch --domtblout /data2/PEG/hoaxaca/REAA/Pseudomonas/bin/../out/busco/trim_130.spades_def/run_pseudomonadales_odb10/hmmer_output/62753at72274.out --cpu 1 /data2/PEG/hoaxaca/REAA/Pseudomonas/bin/busco_downloads/lineages/pseudomonadales_odb10/hmms/62753at72274.hmm /data2/PEG/hoaxaca/REAA/Pseudomonas/bin/../out/busco/trim_130.spades_def/prodigal_output/predicted_genes/predicted.faa 
# Current dir:     /data2/PEG/hoaxaca/REAA/Pseudomonas/bin
# Date:            Mon Feb 20 00:29:44 2023
# [ok]
