#                                                                                               --- full sequence --- -------------- this domain -------------   hmm coord   ali coord   env coord
# target name                           accession   tlen query name           accession   qlen   E-value  score  bias   #  of  c-Evalue  i-Evalue  score  bias  from    to  from    to  from    to  acc description of target
#                   ------------------- ---------- ----- -------------------- ---------- ----- --------- ------ ----- --- --- --------- --------- ------ ----- ----- ----- ----- ----- ----- ----- ---- ---------------------
NODE_10_length_184374_cov_39.267226_110 -            526 6493at72274          -            459  2.3e-270  895.3   0.3   1   1  2.3e-271  1.5e-268  889.3   0.3     1   459     9   525     9   525 0.94 # 110921 # 112498 # 1 # ID=10_110;partial=00;start_type=ATG;rbs_motif=GGA/GAG/AGG;rbs_spacer=5-10bp;gc_cont=0.617
NODE_9_length_204135_cov_38.603500_164  -            198 6493at72274          -            459   1.4e-06   25.8   0.1   1   2   5.1e-05     0.033   11.3   0.0    41    88    44    94     2   117 0.70 # 189155 # 189748 # 1 # ID=9_164;partial=00;start_type=ATG;rbs_motif=AGGA/GGAG/GAGG;rbs_spacer=11-12bp;gc_cont=0.609
NODE_9_length_204135_cov_38.603500_164  -            198 6493at72274          -            459   1.4e-06   25.8   0.1   2   2   1.8e-05     0.012   12.8   0.0   120   153   160   193   151   197 0.84 # 189155 # 189748 # 1 # ID=9_164;partial=00;start_type=ATG;rbs_motif=AGGA/GGAG/GAGG;rbs_spacer=11-12bp;gc_cont=0.609
NODE_49_length_39037_cov_38.532675_29   -            198 6493at72274          -            459   7.2e-06   23.4   0.0   1   2    0.0001     0.065   10.4   0.0     5    87     6    94     2   120 0.73 # 31911 # 32504 # 1 # ID=49_29;partial=00;start_type=ATG;rbs_motif=AGGAG;rbs_spacer=5-10bp;gc_cont=0.534
NODE_49_length_39037_cov_38.532675_29   -            198 6493at72274          -            459   7.2e-06   23.4   0.0   2   2   4.7e-05      0.03   11.5   0.0   110   155   148   193   139   197 0.81 # 31911 # 32504 # 1 # ID=49_29;partial=00;start_type=ATG;rbs_motif=AGGAG;rbs_spacer=5-10bp;gc_cont=0.534
NODE_14_length_139126_cov_47.028587_51  -            379 6493at72274          -            459   0.00093   16.5   0.0   1   2      0.15        93   -0.0   0.0   379   428   147   196   138   226 0.84 # 58701 # 59837 # -1 # ID=14_51;partial=00;start_type=TTG;rbs_motif=GGAGG;rbs_spacer=5-10bp;gc_cont=0.599
NODE_14_length_139126_cov_47.028587_51  -            379 6493at72274          -            459   0.00093   16.5   0.0   2   2     6e-06    0.0039   14.4   0.0    34    86   226   282   193   294 0.69 # 58701 # 59837 # -1 # ID=14_51;partial=00;start_type=TTG;rbs_motif=GGAGG;rbs_spacer=5-10bp;gc_cont=0.599
NODE_11_length_160437_cov_37.143278_111 -            266 6493at72274          -            459    0.0081   13.4   0.1   1   1    0.0004      0.26    8.4   0.1    76   141   144   216   111   249 0.54 # 106242 # 107039 # 1 # ID=11_111;partial=00;start_type=TTG;rbs_motif=GGAG/GAGG;rbs_spacer=5-10bp;gc_cont=0.575
NODE_1_length_570323_cov_37.907400_407  -            260 6493at72274          -            459     0.011   12.9   0.0   1   1   2.7e-05     0.018   12.2   0.0    63    88   103   128    87   143 0.84 # 440047 # 440826 # 1 # ID=1_407;partial=00;start_type=ATG;rbs_motif=None;rbs_spacer=None;gc_cont=0.600
NODE_2_length_306509_cov_38.263647_170  -            213 6493at72274          -            459     0.013   12.7   0.0   1   2     0.015       9.9    3.2   0.0    66    80    74    88     4    97 0.78 # 204414 # 205052 # -1 # ID=2_170;partial=00;start_type=ATG;rbs_motif=GGA/GAG/AGG;rbs_spacer=5-10bp;gc_cont=0.635
NODE_2_length_306509_cov_38.263647_170  -            213 6493at72274          -            459     0.013   12.7   0.0   2   2   0.00056      0.36    7.9   0.0   116   149   174   205   120   208 0.78 # 204414 # 205052 # -1 # ID=2_170;partial=00;start_type=ATG;rbs_motif=GGA/GAG/AGG;rbs_spacer=5-10bp;gc_cont=0.635
NODE_3_length_236953_cov_39.268499_172  -            375 6493at72274          -            459      0.02   12.1   0.0   1   2   7.9e-05     0.051   10.7   0.0   172   202    13    42     7   116 0.77 # 171295 # 172419 # 1 # ID=3_172;partial=00;start_type=ATG;rbs_motif=None;rbs_spacer=None;gc_cont=0.622
NODE_3_length_236953_cov_39.268499_172  -            375 6493at72274          -            459      0.02   12.1   0.0   2   2       0.5   3.2e+02   -1.8   0.0   299   331   161   193   151   198 0.86 # 171295 # 172419 # 1 # ID=3_172;partial=00;start_type=ATG;rbs_motif=None;rbs_spacer=None;gc_cont=0.622
NODE_31_length_79475_cov_38.588352_69   -            139 6493at72274          -            459      0.03   11.5   1.2   1   2     0.015       9.4    3.3   0.1    22    62     1    41     1    47 0.86 # 72818 # 73234 # 1 # ID=31_69;partial=00;start_type=ATG;rbs_motif=AGGA;rbs_spacer=5-10bp;gc_cont=0.590
NODE_31_length_79475_cov_38.588352_69   -            139 6493at72274          -            459      0.03   11.5   1.2   2   2   0.00066      0.43    7.7   0.2   177   234    48   105    41   128 0.81 # 72818 # 73234 # 1 # ID=31_69;partial=00;start_type=ATG;rbs_motif=AGGA;rbs_spacer=5-10bp;gc_cont=0.590
NODE_8_length_205580_cov_38.170825_24   -            638 6493at72274          -            459     0.043   11.0   0.0   1   2   0.00049      0.32    8.1   0.0     1    84   437   528   437   536 0.78 # 23397 # 25310 # 1 # ID=8_24;partial=00;start_type=ATG;rbs_motif=GGAG/GAGG;rbs_spacer=5-10bp;gc_cont=0.627
NODE_8_length_205580_cov_38.170825_24   -            638 6493at72274          -            459     0.043   11.0   0.0   2   2       0.2   1.3e+02   -0.5   0.0   127   151   596   620   587   627 0.88 # 23397 # 25310 # 1 # ID=8_24;partial=00;start_type=ATG;rbs_motif=GGAG/GAGG;rbs_spacer=5-10bp;gc_cont=0.627
#
# Program:         hmmsearch
# Version:         3.1b2 (February 2015)
# Pipeline mode:   SEARCH
# Query file:      /data2/PEG/hoaxaca/REAA/Pseudomonas/bin/busco_downloads/lineages/pseudomonadales_odb10/hmms/6493at72274.hmm
# Target file:     /data2/PEG/hoaxaca/REAA/Pseudomonas/bin/../out/busco/trim_130.spades_def/prodigal_output/predicted_genes/predicted.faa
# Option settings: hmmsearch --domtblout /data2/PEG/hoaxaca/REAA/Pseudomonas/bin/../out/busco/trim_130.spades_def/run_pseudomonadales_odb10/hmmer_output/6493at72274.out --cpu 1 /data2/PEG/hoaxaca/REAA/Pseudomonas/bin/busco_downloads/lineages/pseudomonadales_odb10/hmms/6493at72274.hmm /data2/PEG/hoaxaca/REAA/Pseudomonas/bin/../out/busco/trim_130.spades_def/prodigal_output/predicted_genes/predicted.faa 
# Current dir:     /data2/PEG/hoaxaca/REAA/Pseudomonas/bin
# Date:            Mon Feb 20 00:29:46 2023
# [ok]
