#                                                                                               --- full sequence --- -------------- this domain -------------   hmm coord   ali coord   env coord
# target name                           accession   tlen query name           accession   qlen   E-value  score  bias   #  of  c-Evalue  i-Evalue  score  bias  from    to  from    to  from    to  acc description of target
#                   ------------------- ---------- ----- -------------------- ---------- ----- --------- ------ ----- --- --- --------- --------- ------ ----- ----- ----- ----- ----- ----- ----- ---- ---------------------
NODE_6_length_212516_cov_37.602644_65   -            107 70568at72274         -             82   5.6e-41  137.4   2.3   1   1     8e-43   4.7e-40  134.4   2.3     2    82     3   106     2   106 0.90 # 65407 # 65727 # 1 # ID=6_65;partial=00;start_type=ATG;rbs_motif=GGA/GAG/AGG;rbs_spacer=5-10bp;gc_cont=0.555
NODE_50_length_38784_cov_41.193789_34   -            447 70568at72274         -             82   2.1e-05   23.4   0.4   1   2       3.1   1.8e+03   -2.0   0.1    37    68   246   277   238   280 0.80 # 36952 # 38292 # 1 # ID=50_34;partial=00;start_type=ATG;rbs_motif=GGA/GAG/AGG;rbs_spacer=5-10bp;gc_cont=0.623
NODE_50_length_38784_cov_41.193789_34   -            447 70568at72274         -             82   2.1e-05   23.4   0.4   2   2   1.1e-07   6.6e-05   21.8   0.0    40    81   403   444   398   445 0.94 # 36952 # 38292 # 1 # ID=50_34;partial=00;start_type=ATG;rbs_motif=GGA/GAG/AGG;rbs_spacer=5-10bp;gc_cont=0.623
NODE_77_length_14285_cov_41.569961_1    -            346 70568at72274         -             82   0.00043   19.2   0.4   1   1   1.8e-06    0.0011   18.0   0.4    40    78   295   333   289   336 0.90 # 3 # 1040 # 1 # ID=77_1;partial=10;start_type=Edge;rbs_motif=None;rbs_spacer=None;gc_cont=0.615
NODE_52_length_37565_cov_39.615584_23   -            363 70568at72274         -             82   0.00045   19.1   0.1   1   1   1.8e-06     0.001   18.0   0.1    26    74   286   333   272   339 0.84 # 25811 # 26899 # 1 # ID=52_23;partial=00;start_type=ATG;rbs_motif=GGA/GAG/AGG;rbs_spacer=5-10bp;gc_cont=0.622
NODE_51_length_38272_cov_37.689488_13   -            368 70568at72274         -             82   0.00061   18.7   0.1   1   1   2.1e-06    0.0012   17.8   0.1    13    76   278   340   266   346 0.81 # 10456 # 11559 # 1 # ID=51_13;partial=00;start_type=ATG;rbs_motif=GGAG/GAGG;rbs_spacer=5-10bp;gc_cont=0.619
NODE_2_length_306509_cov_38.263647_155  -            479 70568at72274         -             82    0.0009   18.2   0.0   1   1   3.3e-06    0.0019   17.1   0.0    30    80   414   464   393   466 0.81 # 190894 # 192330 # 1 # ID=2_155;partial=00;start_type=ATG;rbs_motif=AGGAG;rbs_spacer=5-10bp;gc_cont=0.634
NODE_33_length_70147_cov_38.643328_28   -            187 70568at72274         -             82     0.003   16.5   0.0   1   1   1.1e-05    0.0063   15.5   0.0    47    78   150   181   142   184 0.92 # 38230 # 38790 # 1 # ID=33_28;partial=00;start_type=ATG;rbs_motif=AGGAG;rbs_spacer=5-10bp;gc_cont=0.652
NODE_2_length_306509_cov_38.263647_203  -            462 70568at72274         -             82    0.0035   16.3   0.6   1   2       3.6   2.1e+03   -2.2   0.1    37    68   244   275   242   276 0.75 # 237805 # 239190 # 1 # ID=2_203;partial=00;start_type=ATG;rbs_motif=GGAG/GAGG;rbs_spacer=5-10bp;gc_cont=0.640
NODE_2_length_306509_cov_38.263647_203  -            462 70568at72274         -             82    0.0035   16.3   0.6   2   2   1.4e-05    0.0084   15.1   0.1    40    81   407   448   404   449 0.95 # 237805 # 239190 # 1 # ID=2_203;partial=00;start_type=ATG;rbs_motif=GGAG/GAGG;rbs_spacer=5-10bp;gc_cont=0.640
NODE_45_length_46072_cov_40.687705_24   -            466 70568at72274         -             82     0.005   15.8   0.0   1   1   1.9e-05     0.011   14.7   0.0    45    77   428   460   416   464 0.88 # 22684 # 24081 # -1 # ID=45_24;partial=00;start_type=ATG;rbs_motif=GGxGG;rbs_spacer=5-10bp;gc_cont=0.616
NODE_11_length_160437_cov_37.143278_153 -            492 70568at72274         -             82    0.0051   15.8   0.1   1   1   2.4e-05     0.014   14.4   0.1    39    81   438   480   430   481 0.92 # 147823 # 149298 # 1 # ID=11_153;partial=00;start_type=ATG;rbs_motif=GGA/GAG/AGG;rbs_spacer=11-12bp;gc_cont=0.613
NODE_26_length_96877_cov_37.053781_76   -            635 70568at72274         -             82     0.017   14.1   0.0   1   1   6.9e-05      0.04   12.9   0.0    42    81   593   632   587   633 0.86 # 74747 # 76651 # -1 # ID=26_76;partial=00;start_type=ATG;rbs_motif=AGGA/GGAG/GAGG;rbs_spacer=11-12bp;gc_cont=0.633
#
# Program:         hmmsearch
# Version:         3.1b2 (February 2015)
# Pipeline mode:   SEARCH
# Query file:      /data2/PEG/hoaxaca/REAA/Pseudomonas/bin/busco_downloads/lineages/pseudomonadales_odb10/hmms/70568at72274.hmm
# Target file:     /data2/PEG/hoaxaca/REAA/Pseudomonas/bin/../out/busco/trim_130.spades_def/prodigal_output/predicted_genes/predicted.faa
# Option settings: hmmsearch --domtblout /data2/PEG/hoaxaca/REAA/Pseudomonas/bin/../out/busco/trim_130.spades_def/run_pseudomonadales_odb10/hmmer_output/70568at72274.out --cpu 1 /data2/PEG/hoaxaca/REAA/Pseudomonas/bin/busco_downloads/lineages/pseudomonadales_odb10/hmms/70568at72274.hmm /data2/PEG/hoaxaca/REAA/Pseudomonas/bin/../out/busco/trim_130.spades_def/prodigal_output/predicted_genes/predicted.faa 
# Current dir:     /data2/PEG/hoaxaca/REAA/Pseudomonas/bin
# Date:            Mon Feb 20 00:29:49 2023
# [ok]
