#                                                                                               --- full sequence --- -------------- this domain -------------   hmm coord   ali coord   env coord
# target name                           accession   tlen query name           accession   qlen   E-value  score  bias   #  of  c-Evalue  i-Evalue  score  bias  from    to  from    to  from    to  acc description of target
#                   ------------------- ---------- ----- -------------------- ---------- ----- --------- ------ ----- --- --- --------- --------- ------ ----- ----- ----- ----- ----- ----- ----- ---- ---------------------
NODE_21_length_103627_cov_39.260850_22  -            479 8990at72274          -            423  7.5e-227  751.6  16.0   1   1  1.7e-228  4.1e-226  749.2  16.0     1   423     1   471     1   471 0.95 # 26405 # 27841 # -1 # ID=21_22;partial=00;start_type=ATG;rbs_motif=GGAG/GAGG;rbs_spacer=5-10bp;gc_cont=0.576
NODE_16_length_126463_cov_38.500032_13  -            460 8990at72274          -            423  5.7e-100  333.6   5.5   1   1  4.6e-101   1.1e-98  329.3   5.5     6   423     8   458     1   458 0.89 # 12928 # 14307 # 1 # ID=16_13;partial=00;start_type=ATG;rbs_motif=GGAG/GAGG;rbs_spacer=5-10bp;gc_cont=0.636
NODE_13_length_139524_cov_37.894964_101 -            453 8990at72274          -            423   5.1e-64  215.2   0.4   1   1   6.4e-66   1.6e-63  213.6   0.4     1   409     1   442     1   447 0.84 # 106225 # 107583 # 1 # ID=13_101;partial=00;start_type=ATG;rbs_motif=AGGAG;rbs_spacer=5-10bp;gc_cont=0.611
NODE_4_length_234169_cov_37.461050_126  -            465 8990at72274          -            423   1.1e-53  181.1   0.0   1   1   2.4e-55   5.8e-53  178.7   0.0     4   414     5   456     2   461 0.82 # 127905 # 129299 # -1 # ID=4_126;partial=00;start_type=ATG;rbs_motif=AGGAG;rbs_spacer=5-10bp;gc_cont=0.601
NODE_13_length_139524_cov_37.894964_105 -            518 8990at72274          -            423   2.1e-12   45.2   1.7   1   1   1.8e-14   4.5e-12   44.0   1.7     2   279   209   489   208   503 0.78 # 110520 # 112073 # 1 # ID=13_105;partial=00;start_type=ATG;rbs_motif=AGGA;rbs_spacer=5-10bp;gc_cont=0.600
NODE_13_length_139524_cov_37.894964_56  -            456 8990at72274          -            423   6.1e-07   27.1   0.8   1   2    0.0014      0.35    8.2   0.0   151   195   141   185   132   249 0.69 # 68735 # 70102 # 1 # ID=13_56;partial=00;start_type=GTG;rbs_motif=GGAG/GAGG;rbs_spacer=5-10bp;gc_cont=0.645
NODE_13_length_139524_cov_37.894964_56  -            456 8990at72274          -            423   6.1e-07   27.1   0.8   2   2     5e-06    0.0012   16.3   0.2   231   301   372   446   253   452 0.60 # 68735 # 70102 # 1 # ID=13_56;partial=00;start_type=GTG;rbs_motif=GGAG/GAGG;rbs_spacer=5-10bp;gc_cont=0.645
NODE_38_length_63664_cov_35.979697_3    -            818 8990at72274          -            423   1.6e-06   25.7   0.1   1   1   1.1e-08   2.7e-06   25.0   0.1   115   279   102   281    71   307 0.75 # 3444 # 5897 # 1 # ID=38_3;partial=00;start_type=ATG;rbs_motif=GGAG/GAGG;rbs_spacer=5-10bp;gc_cont=0.604
NODE_17_length_124183_cov_38.018597_16  -            321 8990at72274          -            423   4.5e-05   21.0   2.6   1   2   0.00029     0.073   10.4   0.0     6    33     8    35     2    49 0.84 # 9990 # 10952 # -1 # ID=17_16;partial=00;start_type=ATG;rbs_motif=AGGAG;rbs_spacer=5-10bp;gc_cont=0.623
NODE_17_length_124183_cov_38.018597_16  -            321 8990at72274          -            423   4.5e-05   21.0   2.6   2   2   0.00038     0.093   10.1   0.7   148   280   144   288   101   310 0.70 # 9990 # 10952 # -1 # ID=17_16;partial=00;start_type=ATG;rbs_motif=AGGAG;rbs_spacer=5-10bp;gc_cont=0.623
NODE_32_length_78575_cov_37.925833_44   -            578 8990at72274          -            423   0.00021   18.8   0.1   1   2   1.6e-05     0.004   14.6   0.0     4    52     9    65     6   109 0.79 # 42949 # 44682 # -1 # ID=32_44;partial=00;start_type=GTG;rbs_motif=GGAG/GAGG;rbs_spacer=5-10bp;gc_cont=0.618
NODE_32_length_78575_cov_37.925833_44   -            578 8990at72274          -            423   0.00021   18.8   0.1   2   2      0.12        31    1.8   0.0   259   279   359   379   341   388 0.89 # 42949 # 44682 # -1 # ID=32_44;partial=00;start_type=GTG;rbs_motif=GGAG/GAGG;rbs_spacer=5-10bp;gc_cont=0.618
NODE_6_length_212516_cov_37.602644_137  -            428 8990at72274          -            423   0.00022   18.7   0.6   1   1   1.3e-06   0.00033   18.1   0.6     4    51    27    74    25    79 0.94 # 155221 # 156504 # -1 # ID=6_137;partial=00;start_type=ATG;rbs_motif=GGAG/GAGG;rbs_spacer=5-10bp;gc_cont=0.635
NODE_21_length_103627_cov_39.260850_26  -            592 8990at72274          -            423   0.00048   17.6   0.2   1   2   4.3e-06    0.0011   16.5   0.0     4    51     9    56     6    81 0.78 # 33033 # 34808 # -1 # ID=21_26;partial=00;start_type=ATG;rbs_motif=None;rbs_spacer=None;gc_cont=0.594
NODE_21_length_103627_cov_39.260850_26  -            592 8990at72274          -            423   0.00048   17.6   0.2   2   2       6.6   1.6e+03   -3.9   0.0    24    39   180   195   179   204 0.83 # 33033 # 34808 # -1 # ID=21_26;partial=00;start_type=ATG;rbs_motif=None;rbs_spacer=None;gc_cont=0.594
NODE_9_length_204135_cov_38.603500_68   -            417 8990at72274          -            423   0.00062   17.2   0.0   1   1   5.3e-06    0.0013   16.2   0.0     3    63    31    94    29   111 0.82 # 77923 # 79173 # 1 # ID=9_68;partial=00;start_type=ATG;rbs_motif=GGAG/GAGG;rbs_spacer=5-10bp;gc_cont=0.627
NODE_1_length_570323_cov_37.907400_122  -            631 8990at72274          -            423    0.0015   16.0   0.1   1   1     9e-06    0.0022   15.4   0.1     3    46     5    48     3    62 0.86 # 126226 # 128118 # 1 # ID=1_122;partial=00;start_type=GTG;rbs_motif=GGAG/GAGG;rbs_spacer=5-10bp;gc_cont=0.585
NODE_1_length_570323_cov_37.907400_223  -            383 8990at72274          -            423    0.0016   15.8   0.0   1   1   1.2e-05     0.003   15.0   0.0   117   282   102   282    70   321 0.65 # 242817 # 243965 # 1 # ID=1_223;partial=00;start_type=ATG;rbs_motif=AGGAG;rbs_spacer=5-10bp;gc_cont=0.661
NODE_28_length_94833_cov_36.246686_43   -            539 8990at72274          -            423    0.0019   15.7   0.2   1   2     0.002       0.5    7.6   0.1     1    57     1    56     1    76 0.80 # 40436 # 42052 # -1 # ID=28_43;partial=00;start_type=ATG;rbs_motif=GGA/GAG/AGG;rbs_spacer=5-10bp;gc_cont=0.636
NODE_28_length_94833_cov_36.246686_43   -            539 8990at72274          -            423    0.0019   15.7   0.2   2   2    0.0077       1.9    5.7   0.0   257   278   355   376   351   393 0.86 # 40436 # 42052 # -1 # ID=28_43;partial=00;start_type=ATG;rbs_motif=GGA/GAG/AGG;rbs_spacer=5-10bp;gc_cont=0.636
NODE_13_length_139524_cov_37.894964_30  -            680 8990at72274          -            423    0.0022   15.4   3.1   1   2    0.0057       1.4    6.2   0.2     6    36   379   409   374   434 0.74 # 30514 # 32553 # -1 # ID=13_30;partial=00;start_type=ATG;rbs_motif=GGAG/GAGG;rbs_spacer=5-10bp;gc_cont=0.636
NODE_13_length_139524_cov_37.894964_30  -            680 8990at72274          -            423    0.0022   15.4   3.1   2   2   0.00059      0.15    9.4   0.2    99   167   444   517   431   528 0.77 # 30514 # 32553 # -1 # ID=13_30;partial=00;start_type=ATG;rbs_motif=GGAG/GAGG;rbs_spacer=5-10bp;gc_cont=0.636
NODE_9_length_204135_cov_38.603500_70   -           1006 8990at72274          -            423    0.0041   14.5   0.6   1   2   5.1e-05     0.013   12.9   0.1     1    45   167   210   167   213 0.83 # 79488 # 82505 # 1 # ID=9_70;partial=00;start_type=ATG;rbs_motif=GGAG/GAGG;rbs_spacer=5-10bp;gc_cont=0.627
NODE_9_length_204135_cov_38.603500_70   -           1006 8990at72274          -            423    0.0041   14.5   0.6   2   2       1.4   3.5e+02   -1.7   0.1   262   278   455   471   364   492 0.53 # 79488 # 82505 # 1 # ID=9_70;partial=00;start_type=ATG;rbs_motif=GGAG/GAGG;rbs_spacer=5-10bp;gc_cont=0.627
NODE_2_length_306509_cov_38.263647_82   -            473 8990at72274          -            423    0.0052   14.2   0.0   1   2      0.02         5    4.4   0.0   149   213   148   222   138   243 0.66 # 100644 # 102062 # -1 # ID=2_82;partial=00;start_type=ATG;rbs_motif=GGAG/GAGG;rbs_spacer=5-10bp;gc_cont=0.611
NODE_2_length_306509_cov_38.263647_82   -            473 8990at72274          -            423    0.0052   14.2   0.0   2   2    0.0026      0.64    7.3   0.0   232   299   393   466   385   469 0.73 # 100644 # 102062 # -1 # ID=2_82;partial=00;start_type=ATG;rbs_motif=GGAG/GAGG;rbs_spacer=5-10bp;gc_cont=0.611
NODE_9_length_204135_cov_38.603500_58   -            687 8990at72274          -            423    0.0066   13.8   0.0   1   1   4.7e-05     0.012   13.0   0.0     6    44   392   429   388   458 0.82 # 64370 # 66430 # 1 # ID=9_58;partial=00;start_type=ATG;rbs_motif=GGAG/GAGG;rbs_spacer=5-10bp;gc_cont=0.624
NODE_48_length_39804_cov_36.393108_27   -            652 8990at72274          -            423    0.0072   13.7   0.0   1   1   5.4e-05     0.013   12.9   0.0     7    52   390   434   386   464 0.86 # 30626 # 32581 # 1 # ID=48_27;partial=00;start_type=ATG;rbs_motif=GGAG/GAGG;rbs_spacer=5-10bp;gc_cont=0.639
NODE_11_length_160437_cov_37.143278_92  -            555 8990at72274          -            423    0.0073   13.7   0.1   1   1   5.8e-05     0.014   12.7   0.1     4    38     7    47     4    65 0.73 # 87361 # 89025 # -1 # ID=11_92;partial=00;start_type=GTG;rbs_motif=AGGAG;rbs_spacer=5-10bp;gc_cont=0.606
NODE_41_length_50826_cov_41.331002_1    -            433 8990at72274          -            423      0.01   13.2   0.4   1   1   6.6e-05     0.016   12.5   0.4     5    48    32    75    29    80 0.90 # 117 # 1415 # -1 # ID=41_1;partial=00;start_type=ATG;rbs_motif=None;rbs_spacer=None;gc_cont=0.601
NODE_166_length_263_cov_0.795699_1      -             87 8990at72274          -            423     0.014   12.8   0.1   1   1   6.3e-05     0.015   12.6   0.1   175   244     2    79     1    85 0.77 # 3 # 263 # 1 # ID=166_1;partial=11;start_type=Edge;rbs_motif=None;rbs_spacer=None;gc_cont=0.552
NODE_1_length_570323_cov_37.907400_531  -            414 8990at72274          -            423     0.024   12.0   0.2   1   1   0.00014     0.035   11.5   0.2   151   184     3    36     1    44 0.91 # 563659 # 564900 # 1 # ID=1_531;partial=00;start_type=ATG;rbs_motif=GGA/GAG/AGG;rbs_spacer=5-10bp;gc_cont=0.655
NODE_53_length_36684_cov_35.715546_7    -            433 8990at72274          -            423      0.05   10.9   0.6   1   1    0.0003     0.075   10.4   0.6     5    50    29    75    25    84 0.87 # 5133 # 6431 # -1 # ID=53_7;partial=00;start_type=ATG;rbs_motif=GGA/GAG/AGG;rbs_spacer=5-10bp;gc_cont=0.613
NODE_1_length_570323_cov_37.907400_453  -            375 8990at72274          -            423     0.072   10.4   0.1   1   1   0.00044      0.11    9.8   0.1     6    48     3    45     1    50 0.92 # 488460 # 489584 # 1 # ID=1_453;partial=00;start_type=ATG;rbs_motif=GGAG/GAGG;rbs_spacer=5-10bp;gc_cont=0.641
#
# Program:         hmmsearch
# Version:         3.1b2 (February 2015)
# Pipeline mode:   SEARCH
# Query file:      /data2/PEG/hoaxaca/REAA/Pseudomonas/bin/busco_downloads/lineages/pseudomonadales_odb10/hmms/8990at72274.hmm
# Target file:     /data2/PEG/hoaxaca/REAA/Pseudomonas/bin/../out/busco/trim_130.spades_def/prodigal_output/predicted_genes/predicted.faa
# Option settings: hmmsearch --domtblout /data2/PEG/hoaxaca/REAA/Pseudomonas/bin/../out/busco/trim_130.spades_def/run_pseudomonadales_odb10/hmmer_output/8990at72274.out --cpu 1 /data2/PEG/hoaxaca/REAA/Pseudomonas/bin/busco_downloads/lineages/pseudomonadales_odb10/hmms/8990at72274.hmm /data2/PEG/hoaxaca/REAA/Pseudomonas/bin/../out/busco/trim_130.spades_def/prodigal_output/predicted_genes/predicted.faa 
# Current dir:     /data2/PEG/hoaxaca/REAA/Pseudomonas/bin
# Date:            Mon Feb 20 00:29:52 2023
# [ok]
