#                                                                                               --- full sequence --- -------------- this domain -------------   hmm coord   ali coord   env coord
# target name                           accession   tlen query name           accession   qlen   E-value  score  bias   #  of  c-Evalue  i-Evalue  score  bias  from    to  from    to  from    to  acc description of target
#                   ------------------- ---------- ----- -------------------- ---------- ----- --------- ------ ----- --- --- --------- --------- ------ ----- ----- ----- ----- ----- ----- ----- ---- ---------------------
NODE_11_length_160437_cov_37.143278_92  -            555 9255at72274          -            471  1.1e-266  883.6   0.8   1   1  9.8e-268    7e-265  877.7   0.8     1   471     6   554     6   554 0.91 # 87361 # 89025 # -1 # ID=11_92;partial=00;start_type=GTG;rbs_motif=AGGAG;rbs_spacer=5-10bp;gc_cont=0.606
NODE_32_length_78575_cov_37.925833_44   -            578 9255at72274          -            471    0.0024   15.3   0.0   1   1   5.6e-06     0.004   14.6   0.0     1    37     8    44     8    82 0.90 # 42949 # 44682 # -1 # ID=32_44;partial=00;start_type=GTG;rbs_motif=GGAG/GAGG;rbs_spacer=5-10bp;gc_cont=0.618
NODE_21_length_103627_cov_39.260850_22  -            479 9255at72274          -            471    0.0041   14.5   0.1   1   2   1.2e-05    0.0088   13.4   0.1     2    50     4    51     3    76 0.73 # 26405 # 27841 # -1 # ID=21_22;partial=00;start_type=ATG;rbs_motif=GGAG/GAGG;rbs_spacer=5-10bp;gc_cont=0.576
NODE_21_length_103627_cov_39.260850_22  -            479 9255at72274          -            471    0.0041   14.5   0.1   2   2       1.4     1e+03   -3.3   0.0   274   293   331   350   309   355 0.72 # 26405 # 27841 # -1 # ID=21_22;partial=00;start_type=ATG;rbs_motif=GGAG/GAGG;rbs_spacer=5-10bp;gc_cont=0.576
NODE_9_length_204135_cov_38.603500_68   -            417 9255at72274          -            471    0.0056   14.1   0.0   1   1   1.2e-05    0.0083   13.5   0.0     3    37    33    67    31    90 0.90 # 77923 # 79173 # 1 # ID=9_68;partial=00;start_type=ATG;rbs_motif=GGAG/GAGG;rbs_spacer=5-10bp;gc_cont=0.627
NODE_18_length_120383_cov_39.189658_36  -            422 9255at72274          -            471    0.0066   13.8   0.0   1   1   1.5e-05      0.01   13.2   0.0     2    35    23    54    22    73 0.85 # 32768 # 34033 # -1 # ID=18_36;partial=00;start_type=ATG;rbs_motif=GGAG/GAGG;rbs_spacer=5-10bp;gc_cont=0.665
NODE_5_length_229594_cov_37.843998_32   -            469 9255at72274          -            471     0.009   13.4   0.0   1   1   1.8e-05     0.013   12.9   0.0     2    46    29    74    28   118 0.76 # 37453 # 38859 # 1 # ID=5_32;partial=00;start_type=ATG;rbs_motif=GGAG/GAGG;rbs_spacer=5-10bp;gc_cont=0.647
NODE_10_length_184374_cov_39.267226_162 -            609 9255at72274          -            471     0.011   13.2   0.0   1   1   2.2e-05     0.016   12.6   0.0     2    43    73   114    72   119 0.95 # 173186 # 175012 # -1 # ID=10_162;partial=00;start_type=ATG;rbs_motif=GGA/GAG/AGG;rbs_spacer=5-10bp;gc_cont=0.615
NODE_6_length_212516_cov_37.602644_137  -            428 9255at72274          -            471     0.053   10.9   0.2   1   1   0.00011     0.078   10.3   0.2     2    31    27    56    26    73 0.85 # 155221 # 156504 # -1 # ID=6_137;partial=00;start_type=ATG;rbs_motif=GGAG/GAGG;rbs_spacer=5-10bp;gc_cont=0.635
NODE_9_length_204135_cov_38.603500_70   -           1006 9255at72274          -            471     0.058   10.7   0.0   1   1   0.00013     0.092   10.1   0.0     3    44   171   210   169   254 0.81 # 79488 # 82505 # 1 # ID=9_70;partial=00;start_type=ATG;rbs_motif=GGAG/GAGG;rbs_spacer=5-10bp;gc_cont=0.627
#
# Program:         hmmsearch
# Version:         3.1b2 (February 2015)
# Pipeline mode:   SEARCH
# Query file:      /data2/PEG/hoaxaca/REAA/Pseudomonas/bin/busco_downloads/lineages/pseudomonadales_odb10/hmms/9255at72274.hmm
# Target file:     /data2/PEG/hoaxaca/REAA/Pseudomonas/bin/../out/busco/trim_130.spades_def/prodigal_output/predicted_genes/predicted.faa
# Option settings: hmmsearch --domtblout /data2/PEG/hoaxaca/REAA/Pseudomonas/bin/../out/busco/trim_130.spades_def/run_pseudomonadales_odb10/hmmer_output/9255at72274.out --cpu 1 /data2/PEG/hoaxaca/REAA/Pseudomonas/bin/busco_downloads/lineages/pseudomonadales_odb10/hmms/9255at72274.hmm /data2/PEG/hoaxaca/REAA/Pseudomonas/bin/../out/busco/trim_130.spades_def/prodigal_output/predicted_genes/predicted.faa 
# Current dir:     /data2/PEG/hoaxaca/REAA/Pseudomonas/bin
# Date:            Mon Feb 20 00:29:52 2023
# [ok]
