#                                                                                              --- full sequence --- -------------- this domain -------------   hmm coord   ali coord   env coord
# target name                          accession   tlen query name           accession   qlen   E-value  score  bias   #  of  c-Evalue  i-Evalue  score  bias  from    to  from    to  from    to  acc description of target
#                  ------------------- ---------- ----- -------------------- ---------- ----- --------- ------ ----- --- --- --------- --------- ------ ----- ----- ----- ----- ----- ----- ----- ---- ---------------------
NODE_68_length_16215_cov_38.311067_11  -            872 1242at72274          -            750         0 1498.9   0.1   1   2  9.1e-150  1.2e-146  488.2   0.1     1   272     6   315     6   322 0.93 # 12651 # 15266 # -1 # ID=68_11;partial=00;start_type=ATG;rbs_motif=GGA/GAG/AGG;rbs_spacer=5-10bp;gc_cont=0.604
NODE_68_length_16215_cov_38.311067_11  -            872 1242at72274          -            750         0 1498.9   0.1   2   2  2.9e-307  3.7e-304 1008.9   0.0   267   750   331   854   317   854 0.96 # 12651 # 15266 # -1 # ID=68_11;partial=00;start_type=ATG;rbs_motif=GGA/GAG/AGG;rbs_spacer=5-10bp;gc_cont=0.604
NODE_26_length_94916_cov_39.401122_10  -            473 1242at72274          -            750   5.3e-14   49.5   1.5   1   2   0.00042      0.53    6.5   0.3   403   480   111   193    80   244 0.71 # 12126 # 13544 # 1 # ID=26_10;partial=00;start_type=ATG;rbs_motif=GGAG/GAGG;rbs_spacer=5-10bp;gc_cont=0.614
NODE_26_length_94916_cov_39.401122_10  -            473 1242at72274          -            750   5.3e-14   49.5   1.5   2   2   6.5e-15   8.3e-12   42.3   0.1   611   726   343   470   335   472 0.81 # 12126 # 13544 # 1 # ID=26_10;partial=00;start_type=ATG;rbs_motif=GGAG/GAGG;rbs_spacer=5-10bp;gc_cont=0.614
NODE_48_length_38369_cov_40.149196_25  -            474 1242at72274          -            750   4.3e-11   39.9   1.1   1   2   0.00046      0.59    6.4   0.2   412   479   121   191   104   236 0.83 # 21627 # 23048 # -1 # ID=48_25;partial=00;start_type=ATG;rbs_motif=GGA/GAG/AGG;rbs_spacer=5-10bp;gc_cont=0.648
NODE_48_length_38369_cov_40.149196_25  -            474 1242at72274          -            750   4.3e-11   39.9   1.1   2   2   6.7e-12   8.6e-09   32.3   0.0   612   724   343   466   336   471 0.84 # 21627 # 23048 # -1 # ID=48_25;partial=00;start_type=ATG;rbs_motif=GGA/GAG/AGG;rbs_spacer=5-10bp;gc_cont=0.648
NODE_36_length_63664_cov_38.413025_26  -            865 1242at72274          -            750   3.6e-05   20.3   0.1   1   1   4.9e-08   6.3e-05   19.5   0.1   410   481   188   261   162   270 0.78 # 32195 # 34789 # -1 # ID=36_26;partial=00;start_type=ATG;rbs_motif=GGA/GAG/AGG;rbs_spacer=5-10bp;gc_cont=0.642
NODE_5_length_234169_cov_39.787549_153 -            914 1242at72274          -            750   0.00022   17.8   0.1   1   1   3.8e-07   0.00048   16.6   0.1   413   488   203   280   123   289 0.64 # 163479 # 166220 # 1 # ID=5_153;partial=00;start_type=ATG;rbs_motif=AGGAG;rbs_spacer=5-10bp;gc_cont=0.624
#
# Program:         hmmsearch
# Version:         3.1b2 (February 2015)
# Pipeline mode:   SEARCH
# Query file:      /data2/PEG/hoaxaca/REAA/Pseudomonas/bin/busco_downloads/lineages/pseudomonadales_odb10/hmms/1242at72274.hmm
# Target file:     /data2/PEG/hoaxaca/REAA/Pseudomonas/bin/../out/busco/trim_75.spades_def/prodigal_output/predicted_genes/predicted.faa
# Option settings: hmmsearch --domtblout /data2/PEG/hoaxaca/REAA/Pseudomonas/bin/../out/busco/trim_75.spades_def/run_pseudomonadales_odb10/hmmer_output/1242at72274.out --cpu 1 /data2/PEG/hoaxaca/REAA/Pseudomonas/bin/busco_downloads/lineages/pseudomonadales_odb10/hmms/1242at72274.hmm /data2/PEG/hoaxaca/REAA/Pseudomonas/bin/../out/busco/trim_75.spades_def/prodigal_output/predicted_genes/predicted.faa 
# Current dir:     /data2/PEG/hoaxaca/REAA/Pseudomonas/bin
# Date:            Mon Feb 20 00:34:46 2023
# [ok]
