#                                                                                               --- full sequence --- -------------- this domain -------------   hmm coord   ali coord   env coord
# target name                           accession   tlen query name           accession   qlen   E-value  score  bias   #  of  c-Evalue  i-Evalue  score  bias  from    to  from    to  from    to  acc description of target
#                   ------------------- ---------- ----- -------------------- ---------- ----- --------- ------ ----- --- --- --------- --------- ------ ----- ----- ----- ----- ----- ----- ----- ---- ---------------------
NODE_14_length_139126_cov_49.893929_109 -            684 16907at72274         -            327  1.1e-115  384.7   3.7   1   4      0.26   3.4e+02   -1.4   0.0    11    26   145   161   133   174 0.69 # 126557 # 128608 # -1 # ID=14_109;partial=00;start_type=ATG;rbs_motif=AGGAG;rbs_spacer=5-10bp;gc_cont=0.637
NODE_14_length_139126_cov_49.893929_109 -            684 16907at72274         -            327  1.1e-115  384.7   3.7   2   4   1.8e-61   2.3e-58  196.3   3.5    26   162   194   361   181   367 0.88 # 126557 # 128608 # -1 # ID=14_109;partial=00;start_type=ATG;rbs_motif=AGGAG;rbs_spacer=5-10bp;gc_cont=0.637
NODE_14_length_139126_cov_49.893929_109 -            684 16907at72274         -            327  1.1e-115  384.7   3.7   3   4   1.3e-05     0.017   12.7   0.0   159   198   404   446   398   462 0.70 # 126557 # 128608 # -1 # ID=14_109;partial=00;start_type=ATG;rbs_motif=AGGAG;rbs_spacer=5-10bp;gc_cont=0.637
NODE_14_length_139126_cov_49.893929_109 -            684 16907at72274         -            327  1.1e-115  384.7   3.7   4   4     6e-53   7.7e-50  168.3   0.0   184   326   499   680   495   681 0.86 # 126557 # 128608 # -1 # ID=14_109;partial=00;start_type=ATG;rbs_motif=AGGAG;rbs_spacer=5-10bp;gc_cont=0.637
NODE_6_length_229612_cov_40.254654_50   -           1819 16907at72274         -            327   7.3e-05   20.5   0.8   1   3     9e-06     0.012   13.3   0.1    26    60   622   656   613   665 0.90 # 58160 # 63616 # 1 # ID=6_50;partial=00;start_type=ATG;rbs_motif=GGAGG;rbs_spacer=5-10bp;gc_cont=0.630
NODE_6_length_229612_cov_40.254654_50   -           1819 16907at72274         -            327   7.3e-05   20.5   0.8   2   3       1.6     2e+03   -3.9   0.1   156   184   995  1023   993  1026 0.90 # 58160 # 63616 # 1 # ID=6_50;partial=00;start_type=ATG;rbs_motif=GGAGG;rbs_spacer=5-10bp;gc_cont=0.630
NODE_6_length_229612_cov_40.254654_50   -           1819 16907at72274         -            327   7.3e-05   20.5   0.8   3   3    0.0034       4.4    4.8   0.0   108   147  1266  1302  1258  1310 0.88 # 58160 # 63616 # 1 # ID=6_50;partial=00;start_type=ATG;rbs_motif=GGAGG;rbs_spacer=5-10bp;gc_cont=0.630
NODE_1_length_774295_cov_40.518222_294  -            670 16907at72274         -            327   0.00096   16.8   0.3   1   2    0.0031         4    4.9   0.2    28    85     8    70     3    90 0.67 # 321882 # 323891 # -1 # ID=1_294;partial=00;start_type=ATG;rbs_motif=None;rbs_spacer=None;gc_cont=0.607
NODE_1_length_774295_cov_40.518222_294  -            670 16907at72274         -            327   0.00096   16.8   0.3   2   2   0.00012      0.15    9.6   0.0   260   316   550   617   532   621 0.71 # 321882 # 323891 # -1 # ID=1_294;partial=00;start_type=ATG;rbs_motif=None;rbs_spacer=None;gc_cont=0.607
NODE_24_length_96940_cov_40.852648_44   -            497 16907at72274         -            327     0.038   11.6   0.1   1   1   5.6e-05     0.071   10.7   0.1    28    61    20    53    10    67 0.81 # 49236 # 50726 # -1 # ID=24_44;partial=00;start_type=ATG;rbs_motif=None;rbs_spacer=None;gc_cont=0.620
NODE_14_length_139126_cov_49.893929_110 -           1226 16907at72274         -            327      0.04   11.5   0.2   1   3      0.06        77    0.7   0.0    42    62    18    38     8    41 0.82 # 128605 # 132282 # -1 # ID=14_110;partial=00;start_type=ATG;rbs_motif=GGAGG;rbs_spacer=5-10bp;gc_cont=0.622
NODE_14_length_139126_cov_49.893929_110 -           1226 16907at72274         -            327      0.04   11.5   0.2   2   3     0.005       6.4    4.3   0.0   255   283   748   776   743   788 0.81 # 128605 # 132282 # -1 # ID=14_110;partial=00;start_type=ATG;rbs_motif=GGAGG;rbs_spacer=5-10bp;gc_cont=0.622
NODE_14_length_139126_cov_49.893929_110 -           1226 16907at72274         -            327      0.04   11.5   0.2   3   3     0.024        30    2.0   0.0   270   312   798   841   792   855 0.67 # 128605 # 132282 # -1 # ID=14_110;partial=00;start_type=ATG;rbs_motif=GGAGG;rbs_spacer=5-10bp;gc_cont=0.622
#
# Program:         hmmsearch
# Version:         3.1b2 (February 2015)
# Pipeline mode:   SEARCH
# Query file:      /data2/PEG/hoaxaca/REAA/Pseudomonas/bin/busco_downloads/lineages/pseudomonadales_odb10/hmms/16907at72274.hmm
# Target file:     /data2/PEG/hoaxaca/REAA/Pseudomonas/bin/../out/busco/trim_75.spades_def/prodigal_output/predicted_genes/predicted.faa
# Option settings: hmmsearch --domtblout /data2/PEG/hoaxaca/REAA/Pseudomonas/bin/../out/busco/trim_75.spades_def/run_pseudomonadales_odb10/hmmer_output/16907at72274.out --cpu 1 /data2/PEG/hoaxaca/REAA/Pseudomonas/bin/busco_downloads/lineages/pseudomonadales_odb10/hmms/16907at72274.hmm /data2/PEG/hoaxaca/REAA/Pseudomonas/bin/../out/busco/trim_75.spades_def/prodigal_output/predicted_genes/predicted.faa 
# Current dir:     /data2/PEG/hoaxaca/REAA/Pseudomonas/bin
# Date:            Mon Feb 20 00:34:51 2023
# [ok]
