#                                                                                              --- full sequence --- -------------- this domain -------------   hmm coord   ali coord   env coord
# target name                          accession   tlen query name           accession   qlen   E-value  score  bias   #  of  c-Evalue  i-Evalue  score  bias  from    to  from    to  from    to  acc description of target
#                  ------------------- ---------- ----- -------------------- ---------- ----- --------- ------ ----- --- --- --------- --------- ------ ----- ----- ----- ----- ----- ----- ----- ---- ---------------------
NODE_9_length_205643_cov_41.075912_137 -            449 23903at72274         -            341  1.5e-156  519.2   5.1   1   2  5.7e-147  7.3e-144  477.5   3.3     1   319    10   390    10   405 0.89 # 145397 # 146743 # 1 # ID=9_137;partial=00;start_type=GTG;rbs_motif=GGAG/GAGG;rbs_spacer=5-10bp;gc_cont=0.644
NODE_9_length_205643_cov_41.075912_137 -            449 23903at72274         -            341  1.5e-156  519.2   5.1   2   2   2.8e-12   3.5e-09   34.6   0.0   311   341   408   438   404   438 0.91 # 145397 # 146743 # 1 # ID=9_137;partial=00;start_type=GTG;rbs_motif=GGAG/GAGG;rbs_spacer=5-10bp;gc_cont=0.644
NODE_9_length_205643_cov_41.075912_140 -            482 23903at72274         -            341   2.3e-13   48.4   0.0   1   2   1.5e-10   1.9e-07   29.0   0.1    40   160    74   198    67   219 0.83 # 149016 # 150461 # 1 # ID=9_140;partial=00;start_type=ATG;rbs_motif=GGAGG;rbs_spacer=5-10bp;gc_cont=0.631
NODE_9_length_205643_cov_41.075912_140 -            482 23903at72274         -            341   2.3e-13   48.4   0.0   2   2   5.3e-07   0.00068   17.3   0.0   190   252   265   327   254   368 0.89 # 149016 # 150461 # 1 # ID=9_140;partial=00;start_type=ATG;rbs_motif=GGAGG;rbs_spacer=5-10bp;gc_cont=0.631
NODE_9_length_205643_cov_41.075912_134 -            488 23903at72274         -            341   4.8e-11   40.8   4.9   1   4   9.4e-06     0.012   13.2   0.2    82   120   102   140    94   150 0.88 # 141482 # 142945 # 1 # ID=9_134;partial=00;start_type=ATG;rbs_motif=GGAGG;rbs_spacer=5-10bp;gc_cont=0.633
NODE_9_length_205643_cov_41.075912_134 -            488 23903at72274         -            341   4.8e-11   40.8   4.9   2   4   1.3e-08   1.6e-05   22.6   0.1   128   195   171   247   157   266 0.80 # 141482 # 142945 # 1 # ID=9_134;partial=00;start_type=ATG;rbs_motif=GGAGG;rbs_spacer=5-10bp;gc_cont=0.633
NODE_9_length_205643_cov_41.075912_134 -            488 23903at72274         -            341   4.8e-11   40.8   4.9   3   4     0.026        34    1.8   0.0   210   252   291   333   259   337 0.81 # 141482 # 142945 # 1 # ID=9_134;partial=00;start_type=ATG;rbs_motif=GGAGG;rbs_spacer=5-10bp;gc_cont=0.633
NODE_9_length_205643_cov_41.075912_134 -            488 23903at72274         -            341   4.8e-11   40.8   4.9   4   4     0.022        28    2.1   0.0   254   298   417   461   413   469 0.74 # 141482 # 142945 # 1 # ID=9_134;partial=00;start_type=ATG;rbs_motif=GGAGG;rbs_spacer=5-10bp;gc_cont=0.633
NODE_9_length_205643_cov_41.075912_135 -            457 23903at72274         -            341   6.3e-10   37.1   5.5   1   2   7.1e-07   0.00092   16.8   0.5    77   160    98   192    76   260 0.67 # 142938 # 144308 # 1 # ID=9_135;partial=00;start_type=ATG;rbs_motif=GGAGG;rbs_spacer=5-10bp;gc_cont=0.627
NODE_9_length_205643_cov_41.075912_135 -            457 23903at72274         -            341   6.3e-10   37.1   5.5   2   2   2.2e-08   2.8e-05   21.8   2.3   140   300   207   374   166   389 0.66 # 142938 # 144308 # 1 # ID=9_135;partial=00;start_type=ATG;rbs_motif=GGAGG;rbs_spacer=5-10bp;gc_cont=0.627
NODE_25_length_96887_cov_39.345729_20  -            450 23903at72274         -            341   1.5e-06   26.0   0.0   1   2      0.01        13    3.1   0.0    45   110    65   132    56   201 0.83 # 22193 # 23542 # 1 # ID=25_20;partial=00;start_type=ATG;rbs_motif=GGAG/GAGG;rbs_spacer=5-10bp;gc_cont=0.612
NODE_25_length_96887_cov_39.345729_20  -            450 23903at72274         -            341   1.5e-06   26.0   0.0   2   2   4.9e-08   6.3e-05   20.7   0.1   208   286   273   354   263   369 0.79 # 22193 # 23542 # 1 # ID=25_20;partial=00;start_type=ATG;rbs_motif=GGAG/GAGG;rbs_spacer=5-10bp;gc_cont=0.612
#
# Program:         hmmsearch
# Version:         3.1b2 (February 2015)
# Pipeline mode:   SEARCH
# Query file:      /data2/PEG/hoaxaca/REAA/Pseudomonas/bin/busco_downloads/lineages/pseudomonadales_odb10/hmms/23903at72274.hmm
# Target file:     /data2/PEG/hoaxaca/REAA/Pseudomonas/bin/../out/busco/trim_75.spades_def/prodigal_output/predicted_genes/predicted.faa
# Option settings: hmmsearch --domtblout /data2/PEG/hoaxaca/REAA/Pseudomonas/bin/../out/busco/trim_75.spades_def/run_pseudomonadales_odb10/hmmer_output/23903at72274.out --cpu 1 /data2/PEG/hoaxaca/REAA/Pseudomonas/bin/busco_downloads/lineages/pseudomonadales_odb10/hmms/23903at72274.hmm /data2/PEG/hoaxaca/REAA/Pseudomonas/bin/../out/busco/trim_75.spades_def/prodigal_output/predicted_genes/predicted.faa 
# Current dir:     /data2/PEG/hoaxaca/REAA/Pseudomonas/bin
# Date:            Mon Feb 20 00:35:02 2023
# [ok]
