#                                                                                              --- full sequence --- -------------- this domain -------------   hmm coord   ali coord   env coord
# target name                          accession   tlen query name           accession   qlen   E-value  score  bias   #  of  c-Evalue  i-Evalue  score  bias  from    to  from    to  from    to  acc description of target
#                  ------------------- ---------- ----- -------------------- ---------- ----- --------- ------ ----- --- --- --------- --------- ------ ----- ----- ----- ----- ----- ----- ----- ---- ---------------------
NODE_22_length_100940_cov_39.218078_75 -            303 25878at72274         -            264  2.3e-134  445.4   0.0   1   1  3.3e-137  2.6e-134  445.2   0.0     1   264     4   298     4   298 0.92 # 75285 # 76193 # 1 # ID=22_75;partial=00;start_type=GTG;rbs_motif=AGGAG;rbs_spacer=5-10bp;gc_cont=0.607
NODE_16_length_124183_cov_40.474949_47 -            276 25878at72274         -            264   1.7e-27   95.0   0.0   1   1   2.8e-30   2.2e-27   94.6   0.0    53   226    59   242    43   258 0.85 # 41985 # 42812 # -1 # ID=16_47;partial=00;start_type=ATG;rbs_motif=GGA/GAG/AGG;rbs_spacer=5-10bp;gc_cont=0.658
NODE_23_length_98846_cov_41.928864_84  -            219 25878at72274         -            264   1.5e-07   29.7   0.1   1   2       1.1   8.4e+02   -2.3   0.0   181   205    51    74    35    82 0.67 # 83326 # 83982 # -1 # ID=23_84;partial=00;start_type=ATG;rbs_motif=None;rbs_spacer=None;gc_cont=0.670
NODE_23_length_98846_cov_41.928864_84  -            219 25878at72274         -            264   1.5e-07   29.7   0.1   2   2   3.7e-10   2.9e-07   28.7   0.1    99   170    82   154    75   178 0.86 # 83326 # 83982 # -1 # ID=23_84;partial=00;start_type=ATG;rbs_motif=None;rbs_spacer=None;gc_cont=0.670
NODE_1_length_774295_cov_40.518222_463 -            399 25878at72274         -            264   3.3e-05   21.9   0.0   1   1   7.4e-08   5.9e-05   21.1   0.0    97   169   219   302   210   341 0.76 # 501182 # 502378 # -1 # ID=1_463;partial=00;start_type=ATG;rbs_motif=GGAG/GAGG;rbs_spacer=5-10bp;gc_cont=0.623
NODE_29_length_79520_cov_41.026510_72  -            394 25878at72274         -            264    0.0001   20.3   0.0   1   1     2e-07   0.00016   19.7   0.0   100   178   252   337   217   356 0.82 # 75284 # 76465 # 1 # ID=29_72;partial=00;start_type=ATG;rbs_motif=GGA/GAG/AGG;rbs_spacer=5-10bp;gc_cont=0.643
NODE_7_length_212511_cov_40.052896_62  -            293 25878at72274         -            264    0.0019   16.2   0.0   1   1   3.5e-06    0.0028   15.6   0.0   101   165   160   228   150   237 0.80 # 62035 # 62913 # 1 # ID=7_62;partial=00;start_type=ATG;rbs_motif=GGA/GAG/AGG;rbs_spacer=5-10bp;gc_cont=0.652
NODE_26_length_94916_cov_39.401122_12  -            255 25878at72274         -            264    0.0024   15.9   0.0   1   1   4.3e-06    0.0035   15.3   0.0    99   165    45   116    34   129 0.80 # 14336 # 15100 # 1 # ID=26_12;partial=00;start_type=ATG;rbs_motif=AGGA;rbs_spacer=5-10bp;gc_cont=0.646
NODE_9_length_205643_cov_41.075912_110 -            333 25878at72274         -            264     0.053   11.4   0.0   1   1   0.00011     0.085   10.8   0.0    98   170   191   267   180   303 0.74 # 115846 # 116844 # -1 # ID=9_110;partial=00;start_type=ATG;rbs_motif=AGGAG;rbs_spacer=5-10bp;gc_cont=0.618
#
# Program:         hmmsearch
# Version:         3.1b2 (February 2015)
# Pipeline mode:   SEARCH
# Query file:      /data2/PEG/hoaxaca/REAA/Pseudomonas/bin/busco_downloads/lineages/pseudomonadales_odb10/hmms/25878at72274.hmm
# Target file:     /data2/PEG/hoaxaca/REAA/Pseudomonas/bin/../out/busco/trim_75.spades_def/prodigal_output/predicted_genes/predicted.faa
# Option settings: hmmsearch --domtblout /data2/PEG/hoaxaca/REAA/Pseudomonas/bin/../out/busco/trim_75.spades_def/run_pseudomonadales_odb10/hmmer_output/25878at72274.out --cpu 1 /data2/PEG/hoaxaca/REAA/Pseudomonas/bin/busco_downloads/lineages/pseudomonadales_odb10/hmms/25878at72274.hmm /data2/PEG/hoaxaca/REAA/Pseudomonas/bin/../out/busco/trim_75.spades_def/prodigal_output/predicted_genes/predicted.faa 
# Current dir:     /data2/PEG/hoaxaca/REAA/Pseudomonas/bin
# Date:            Mon Feb 20 00:35:04 2023
# [ok]
