#                                                                                             --- full sequence --- -------------- this domain -------------   hmm coord   ali coord   env coord
# target name                         accession   tlen query name           accession   qlen   E-value  score  bias   #  of  c-Evalue  i-Evalue  score  bias  from    to  from    to  from    to  acc description of target
#                 ------------------- ---------- ----- -------------------- ---------- ----- --------- ------ ----- --- --- --------- --------- ------ ----- ----- ----- ----- ----- ----- ----- ---- ---------------------
NODE_58_length_28851_cov_39.714430_3  -            873 2722at72274          -            747         0 1353.4  15.5   1   2         0         0 1295.9   3.0     1   684     1   752     1   767 0.92 # 2049 # 4667 # -1 # ID=58_3;partial=00;start_type=ATG;rbs_motif=GGA/GAG/AGG;rbs_spacer=5-10bp;gc_cont=0.612
NODE_58_length_28851_cov_39.714430_3  -            873 2722at72274          -            747         0 1353.4  15.5   2   2   3.8e-21   6.2e-18   62.9   5.9   664   747   756   850   752   850 0.84 # 2049 # 4667 # -1 # ID=58_3;partial=00;start_type=ATG;rbs_motif=GGA/GAG/AGG;rbs_spacer=5-10bp;gc_cont=0.612
NODE_36_length_63664_cov_38.413025_21 -            243 2722at72274          -            747   0.00075   16.3   0.1   1   1   8.6e-06     0.014   12.1   0.1   453   622    23   221     4   232 0.56 # 25235 # 25963 # 1 # ID=36_21;partial=00;start_type=ATG;rbs_motif=GGAGG;rbs_spacer=5-10bp;gc_cont=0.616
NODE_51_length_36244_cov_40.818343_8  -            210 2722at72274          -            747     0.027   11.2   0.3   1   2   0.00095       1.5    5.4   0.0   463   523    30   105    25   161 0.73 # 7623 # 8252 # 1 # ID=51_8;partial=00;start_type=ATG;rbs_motif=GGA/GAG/AGG;rbs_spacer=5-10bp;gc_cont=0.608
NODE_51_length_36244_cov_40.818343_8  -            210 2722at72274          -            747     0.027   11.2   0.3   2   2    0.0022       3.5    4.2   0.1   608   627   175   194   161   206 0.81 # 7623 # 8252 # 1 # ID=51_8;partial=00;start_type=ATG;rbs_motif=GGA/GAG/AGG;rbs_spacer=5-10bp;gc_cont=0.608
NODE_42_length_46072_cov_43.129297_25 -            524 2722at72274          -            747     0.039   10.6   1.4   1   2   4.8e-05     0.077    9.7   0.2   691   732   193   234   173   237 0.89 # 24078 # 25649 # -1 # ID=42_25;partial=00;start_type=ATG;rbs_motif=GGA/GAG/AGG;rbs_spacer=5-10bp;gc_cont=0.642
NODE_42_length_46072_cov_43.129297_25 -            524 2722at72274          -            747     0.039   10.6   1.4   2   2     0.066   1.1e+02   -0.7   0.1   688   730   456   498   445   502 0.89 # 24078 # 25649 # -1 # ID=42_25;partial=00;start_type=ATG;rbs_motif=GGA/GAG/AGG;rbs_spacer=5-10bp;gc_cont=0.642
#
# Program:         hmmsearch
# Version:         3.1b2 (February 2015)
# Pipeline mode:   SEARCH
# Query file:      /data2/PEG/hoaxaca/REAA/Pseudomonas/bin/busco_downloads/lineages/pseudomonadales_odb10/hmms/2722at72274.hmm
# Target file:     /data2/PEG/hoaxaca/REAA/Pseudomonas/bin/../out/busco/trim_75.spades_def/prodigal_output/predicted_genes/predicted.faa
# Option settings: hmmsearch --domtblout /data2/PEG/hoaxaca/REAA/Pseudomonas/bin/../out/busco/trim_75.spades_def/run_pseudomonadales_odb10/hmmer_output/2722at72274.out --cpu 1 /data2/PEG/hoaxaca/REAA/Pseudomonas/bin/busco_downloads/lineages/pseudomonadales_odb10/hmms/2722at72274.hmm /data2/PEG/hoaxaca/REAA/Pseudomonas/bin/../out/busco/trim_75.spades_def/prodigal_output/predicted_genes/predicted.faa 
# Current dir:     /data2/PEG/hoaxaca/REAA/Pseudomonas/bin
# Date:            Mon Feb 20 00:35:06 2023
# [ok]
