#                                                                                              --- full sequence --- -------------- this domain -------------   hmm coord   ali coord   env coord
# target name                          accession   tlen query name           accession   qlen   E-value  score  bias   #  of  c-Evalue  i-Evalue  score  bias  from    to  from    to  from    to  acc description of target
#                  ------------------- ---------- ----- -------------------- ---------- ----- --------- ------ ----- --- --- --------- --------- ------ ----- ----- ----- ----- ----- ----- ----- ---- ---------------------
NODE_9_length_205643_cov_41.075912_91  -            351 32510at72274         -            297  3.9e-143  474.6   0.0   1   1  1.5e-145  5.4e-143  474.1   0.0     1   297     3   347     3   347 0.91 # 99604 # 100656 # 1 # ID=9_91;partial=00;start_type=ATG;rbs_motif=GGA/GAG/AGG;rbs_spacer=5-10bp;gc_cont=0.617
NODE_5_length_234169_cov_39.787549_71  -            371 32510at72274         -            297   4.4e-48  162.6   0.0   1   1   1.8e-49   6.3e-47  158.8   0.0     4   297    10   363     7   363 0.76 # 71412 # 72524 # -1 # ID=5_71;partial=00;start_type=ATG;rbs_motif=GGAG/GAGG;rbs_spacer=5-10bp;gc_cont=0.615
NODE_19_length_115842_cov_39.639226_66 -            406 32510at72274         -            297   4.4e-14   51.0   0.0   1   1     7e-16   2.5e-13   48.5   0.0   113   229   173   298    57   339 0.75 # 63507 # 64724 # -1 # ID=19_66;partial=00;start_type=ATG;rbs_motif=GGAG/GAGG;rbs_spacer=5-10bp;gc_cont=0.612
NODE_6_length_229612_cov_40.254654_107 -            665 32510at72274         -            297   5.1e-11   40.9   0.0   1   2       3.2   1.2e+03   -2.9   0.0   137   155   113   131    97   135 0.77 # 134530 # 136524 # -1 # ID=6_107;partial=00;start_type=ATG;rbs_motif=GGAG/GAGG;rbs_spacer=5-10bp;gc_cont=0.625
NODE_6_length_229612_cov_40.254654_107 -            665 32510at72274         -            297   5.1e-11   40.9   0.0   2   2   4.3e-13   1.5e-10   39.3   0.0   111   223   165   284   148   307 0.79 # 134530 # 136524 # -1 # ID=6_107;partial=00;start_type=ATG;rbs_motif=GGAG/GAGG;rbs_spacer=5-10bp;gc_cont=0.625
NODE_21_length_101377_cov_39.024353_2  -            330 32510at72274         -            297   7.9e-10   37.0   0.0   1   1   3.3e-12   1.2e-09   36.4   0.0   110   198   123   215   106   260 0.79 # 1574 # 2563 # -1 # ID=21_2;partial=00;start_type=ATG;rbs_motif=GGxGG;rbs_spacer=5-10bp;gc_cont=0.648
NODE_31_length_69300_cov_43.335727_11  -            401 32510at72274         -            297     5e-09   34.4   0.0   1   1   2.8e-11     1e-08   33.4   0.0   107   230   161   292   153   305 0.78 # 9309 # 10511 # -1 # ID=31_11;partial=00;start_type=ATG;rbs_motif=AGGAG;rbs_spacer=5-10bp;gc_cont=0.633
NODE_33_length_67245_cov_39.996591_7   -            403 32510at72274         -            297   1.1e-08   33.3   0.0   1   1   4.2e-11   1.5e-08   32.8   0.0   111   227   166   293   110   305 0.81 # 8943 # 10151 # -1 # ID=33_7;partial=00;start_type=ATG;rbs_motif=GGA/GAG/AGG;rbs_spacer=5-10bp;gc_cont=0.639
NODE_14_length_139126_cov_49.893929_18 -            391 32510at72274         -            297   2.3e-08   32.2   0.0   1   1   9.7e-11   3.4e-08   31.6   0.0   108   223   162   281   148   294 0.81 # 16654 # 17826 # -1 # ID=14_18;partial=00;start_type=ATG;rbs_motif=AGGA;rbs_spacer=5-10bp;gc_cont=0.617
NODE_32_length_68942_cov_40.316983_18  -            400 32510at72274         -            297   1.2e-07   29.8   0.0   1   1   7.2e-10   2.6e-07   28.7   0.0   107   233   163   303   154   315 0.75 # 21204 # 22403 # -1 # ID=32_18;partial=00;start_type=ATG;rbs_motif=GGA/GAG/AGG;rbs_spacer=5-10bp;gc_cont=0.637
NODE_22_length_100940_cov_39.218078_15 -            404 32510at72274         -            297   3.7e-06   24.9   0.0   1   1   2.1e-07   7.5e-05   20.6   0.0   104   187   160   251    65   272 0.77 # 14220 # 15431 # -1 # ID=22_15;partial=00;start_type=ATG;rbs_motif=AGGA;rbs_spacer=5-10bp;gc_cont=0.619
NODE_50_length_36684_cov_37.984429_3   -            410 32510at72274         -            297   5.1e-06   24.5   0.0   1   1   2.7e-08   9.7e-06   23.6   0.0   113   222   170   289   158   311 0.73 # 1767 # 2996 # 1 # ID=50_3;partial=00;start_type=ATG;rbs_motif=GGAG/GAGG;rbs_spacer=5-10bp;gc_cont=0.649
NODE_8_length_206175_cov_40.775641_32  -            404 32510at72274         -            297   5.9e-06   24.3   0.0   1   2       1.4   4.9e+02   -1.7   0.0    31    79    65   110    49   120 0.61 # 35421 # 36632 # 1 # ID=8_32;partial=00;start_type=ATG;rbs_motif=GGAGG;rbs_spacer=5-10bp;gc_cont=0.647
NODE_8_length_206175_cov_40.775641_32  -            404 32510at72274         -            297   5.9e-06   24.3   0.0   2   2   5.6e-08     2e-05   22.5   0.0   102   222   156   286   151   296 0.80 # 35421 # 36632 # 1 # ID=8_32;partial=00;start_type=ATG;rbs_motif=GGAGG;rbs_spacer=5-10bp;gc_cont=0.647
NODE_4_length_235494_cov_41.884601_71  -            383 32510at72274         -            297     2e-05   22.5   0.0   1   1   1.1e-07   3.8e-05   21.6   0.0   103   205   142   260    80   278 0.73 # 87140 # 88288 # -1 # ID=4_71;partial=00;start_type=ATG;rbs_motif=GGA/GAG/AGG;rbs_spacer=5-10bp;gc_cont=0.611
NODE_51_length_36244_cov_40.818343_23  -            475 32510at72274         -            297    0.0002   19.2   0.0   1   1   1.3e-06   0.00047   18.0   0.0   121   215   253   351   241   379 0.76 # 23462 # 24886 # -1 # ID=51_23;partial=00;start_type=ATG;rbs_motif=GGA/GAG/AGG;rbs_spacer=5-10bp;gc_cont=0.624
NODE_15_length_126463_cov_40.922127_58 -            442 32510at72274         -            297   0.00027   18.8   0.0   1   1   1.4e-06    0.0005   17.9   0.0   122   270   233   402   219   428 0.66 # 86551 # 87876 # 1 # ID=15_58;partial=00;start_type=ATG;rbs_motif=GGA/GAG/AGG;rbs_spacer=5-10bp;gc_cont=0.643
NODE_10_length_205580_cov_40.606001_32 -            443 32510at72274         -            297    0.0058   14.4   0.0   1   2       2.9     1e+03   -2.8   0.0    60    96   149   189   142   194 0.65 # 31133 # 32461 # 1 # ID=10_32;partial=00;start_type=ATG;rbs_motif=GGA/GAG/AGG;rbs_spacer=5-10bp;gc_cont=0.664
NODE_10_length_205580_cov_40.606001_32 -            443 32510at72274         -            297    0.0058   14.4   0.0   2   2     4e-05     0.014   13.2   0.0   139   243   253   357   218   370 0.69 # 31133 # 32461 # 1 # ID=10_32;partial=00;start_type=ATG;rbs_motif=GGA/GAG/AGG;rbs_spacer=5-10bp;gc_cont=0.664
NODE_8_length_206175_cov_40.775641_177 -            462 32510at72274         -            297    0.0075   14.1   0.0   1   1   4.3e-05     0.015   13.1   0.0   121   199   250   333   238   344 0.80 # 186910 # 188295 # 1 # ID=8_177;partial=00;start_type=ATG;rbs_motif=GGA/GAG/AGG;rbs_spacer=5-10bp;gc_cont=0.542
NODE_22_length_100940_cov_39.218078_64 -            389 32510at72274         -            297     0.036   11.8   0.0   1   1   0.00017      0.06   11.1   0.0   109   204   151   253   143   269 0.65 # 66367 # 67533 # 1 # ID=22_64;partial=00;start_type=ATG;rbs_motif=None;rbs_spacer=None;gc_cont=0.622
#
# Program:         hmmsearch
# Version:         3.1b2 (February 2015)
# Pipeline mode:   SEARCH
# Query file:      /data2/PEG/hoaxaca/REAA/Pseudomonas/bin/busco_downloads/lineages/pseudomonadales_odb10/hmms/32510at72274.hmm
# Target file:     /data2/PEG/hoaxaca/REAA/Pseudomonas/bin/../out/busco/trim_75.spades_def/prodigal_output/predicted_genes/predicted.faa
# Option settings: hmmsearch --domtblout /data2/PEG/hoaxaca/REAA/Pseudomonas/bin/../out/busco/trim_75.spades_def/run_pseudomonadales_odb10/hmmer_output/32510at72274.out --cpu 1 /data2/PEG/hoaxaca/REAA/Pseudomonas/bin/busco_downloads/lineages/pseudomonadales_odb10/hmms/32510at72274.hmm /data2/PEG/hoaxaca/REAA/Pseudomonas/bin/../out/busco/trim_75.spades_def/prodigal_output/predicted_genes/predicted.faa 
# Current dir:     /data2/PEG/hoaxaca/REAA/Pseudomonas/bin
# Date:            Mon Feb 20 00:35:12 2023
# [ok]
