#                                                                                               --- full sequence --- -------------- this domain -------------   hmm coord   ali coord   env coord
# target name                           accession   tlen query name           accession   qlen   E-value  score  bias   #  of  c-Evalue  i-Evalue  score  bias  from    to  from    to  from    to  acc description of target
#                   ------------------- ---------- ----- -------------------- ---------- ----- --------- ------ ----- --- --- --------- --------- ------ ----- ----- ----- ----- ----- ----- ----- ---- ---------------------
NODE_17_length_120857_cov_41.637092_26  -            592 3634at72274          -            512  2.9e-274  908.7  16.0   1   1  3.2e-276    2e-273  905.9  16.0     2   507     4   572     3   576 0.92 # 33033 # 34808 # -1 # ID=17_26;partial=00;start_type=ATG;rbs_motif=None;rbs_spacer=None;gc_cont=0.594
NODE_27_length_94833_cov_38.664380_43   -            539 3634at72274          -            512   2.8e-70  235.7   0.0   1   1   6.5e-73   4.1e-70  235.2   0.0     5   488     4   520     2   523 0.80 # 40436 # 42052 # -1 # ID=27_43;partial=00;start_type=ATG;rbs_motif=GGA/GAG/AGG;rbs_spacer=5-10bp;gc_cont=0.636
NODE_30_length_78582_cov_40.333788_44   -            578 3634at72274          -            512   2.7e-16   57.7   0.3   1   2   3.1e-16     2e-13   48.2   0.3     5   309     7   311     3   326 0.74 # 42956 # 44689 # -1 # ID=30_44;partial=00;start_type=GTG;rbs_motif=GGAG/GAGG;rbs_spacer=5-10bp;gc_cont=0.618
NODE_30_length_78582_cov_40.333788_44   -            578 3634at72274          -            512   2.7e-16   57.7   0.3   2   2   0.00087      0.56    7.1   0.0   414   496   447   534   345   544 0.67 # 42956 # 44689 # -1 # ID=30_44;partial=00;start_type=GTG;rbs_motif=GGAG/GAGG;rbs_spacer=5-10bp;gc_cont=0.618
NODE_8_length_206175_cov_40.775641_4    -            296 3634at72274          -            512   0.00018   18.6   1.1   1   3   5.1e-07   0.00033   17.8   0.1     7    50     2    50     1    72 0.78 # 1908 # 2795 # 1 # ID=8_4;partial=00;start_type=ATG;rbs_motif=GGAG/GAGG;rbs_spacer=5-10bp;gc_cont=0.636
NODE_8_length_206175_cov_40.775641_4    -            296 3634at72274          -            512   0.00018   18.6   1.1   2   3      0.49   3.1e+02   -1.9   0.0   153   189    74   109    63   113 0.80 # 1908 # 2795 # 1 # ID=8_4;partial=00;start_type=ATG;rbs_motif=GGAG/GAGG;rbs_spacer=5-10bp;gc_cont=0.636
NODE_8_length_206175_cov_40.775641_4    -            296 3634at72274          -            512   0.00018   18.6   1.1   3   3       1.5   9.9e+02   -3.6   0.0   252   292   177   217   170   226 0.69 # 1908 # 2795 # 1 # ID=8_4;partial=00;start_type=ATG;rbs_motif=GGAG/GAGG;rbs_spacer=5-10bp;gc_cont=0.636
NODE_1_length_774295_cov_40.518222_605  -            417 3634at72274          -            512   0.00075   16.6   0.0   1   1   1.7e-06    0.0011   16.1   0.0     5    68    30    94    26   147 0.72 # 648078 # 649328 # 1 # ID=1_605;partial=00;start_type=ATG;rbs_motif=GGAG/GAGG;rbs_spacer=5-10bp;gc_cont=0.627
NODE_1_length_774295_cov_40.518222_122  -            631 3634at72274          -            512    0.0065   13.5   2.2   1   2   3.8e-05     0.025   11.6   0.5     7    54     6    55     4    66 0.81 # 126063 # 127955 # 1 # ID=1_122;partial=00;start_type=GTG;rbs_motif=GGAG/GAGG;rbs_spacer=5-10bp;gc_cont=0.585
NODE_1_length_774295_cov_40.518222_122  -            631 3634at72274          -            512    0.0065   13.5   2.2   2   2     0.045        29    1.5   0.1   127   190    95   157    54   170 0.62 # 126063 # 127955 # 1 # ID=1_122;partial=00;start_type=GTG;rbs_motif=GGAG/GAGG;rbs_spacer=5-10bp;gc_cont=0.585
NODE_50_length_36684_cov_37.984429_32   -            433 3634at72274          -            512     0.017   12.1   0.2   1   1   4.2e-05     0.027   11.5   0.2     6    37    27    58    23    87 0.79 # 30254 # 31552 # 1 # ID=50_32;partial=00;start_type=ATG;rbs_motif=GGA/GAG/AGG;rbs_spacer=5-10bp;gc_cont=0.614
NODE_25_length_96887_cov_39.345729_79   -            411 3634at72274          -            512     0.048   10.7   0.3   1   1   0.00011     0.072   10.1   0.3     9    37    10    38     3    62 0.76 # 82108 # 83340 # -1 # ID=25_79;partial=00;start_type=ATG;rbs_motif=None;rbs_spacer=None;gc_cont=0.624
NODE_13_length_139524_cov_40.396430_105 -            518 3634at72274          -            512     0.051   10.6   1.8   1   2   0.00031       0.2    8.6   0.3     6    41   210   245   205   263 0.87 # 110520 # 112073 # 1 # ID=13_105;partial=00;start_type=ATG;rbs_motif=AGGA;rbs_spacer=5-10bp;gc_cont=0.600
NODE_13_length_139524_cov_40.396430_105 -            518 3634at72274          -            512     0.051   10.6   1.8   2   2     0.081        52    0.6   0.1    12    33   359   380   355   394 0.82 # 110520 # 112073 # 1 # ID=13_105;partial=00;start_type=ATG;rbs_motif=AGGA;rbs_spacer=5-10bp;gc_cont=0.600
NODE_1_length_774295_cov_40.518222_531  -            414 3634at72274          -            512     0.079    9.9   0.6   1   1   0.00017      0.11    9.5   0.6    10    52     5    47     1    51 0.89 # 563496 # 564737 # 1 # ID=1_531;partial=00;start_type=ATG;rbs_motif=GGA/GAG/AGG;rbs_spacer=5-10bp;gc_cont=0.655
#
# Program:         hmmsearch
# Version:         3.1b2 (February 2015)
# Pipeline mode:   SEARCH
# Query file:      /data2/PEG/hoaxaca/REAA/Pseudomonas/bin/busco_downloads/lineages/pseudomonadales_odb10/hmms/3634at72274.hmm
# Target file:     /data2/PEG/hoaxaca/REAA/Pseudomonas/bin/../out/busco/trim_75.spades_def/prodigal_output/predicted_genes/predicted.faa
# Option settings: hmmsearch --domtblout /data2/PEG/hoaxaca/REAA/Pseudomonas/bin/../out/busco/trim_75.spades_def/run_pseudomonadales_odb10/hmmer_output/3634at72274.out --cpu 1 /data2/PEG/hoaxaca/REAA/Pseudomonas/bin/busco_downloads/lineages/pseudomonadales_odb10/hmms/3634at72274.hmm /data2/PEG/hoaxaca/REAA/Pseudomonas/bin/../out/busco/trim_75.spades_def/prodigal_output/predicted_genes/predicted.faa 
# Current dir:     /data2/PEG/hoaxaca/REAA/Pseudomonas/bin
# Date:            Mon Feb 20 00:35:18 2023
# [ok]
