#                                                                                               --- full sequence --- -------------- this domain -------------   hmm coord   ali coord   env coord
# target name                           accession   tlen query name           accession   qlen   E-value  score  bias   #  of  c-Evalue  i-Evalue  score  bias  from    to  from    to  from    to  acc description of target
#                   ------------------- ---------- ----- -------------------- ---------- ----- --------- ------ ----- --- --- --------- --------- ------ ----- ----- ----- ----- ----- ----- ----- ---- ---------------------
NODE_27_length_94833_cov_38.664380_20   -            231 41857at72274         -            179   1.3e-60  202.5   0.0   1   1   2.4e-63   1.9e-60  201.9   0.0     1   179     1   227     1   227 0.85 # 17557 # 18249 # -1 # ID=27_20;partial=00;start_type=ATG;rbs_motif=GGA/GAG/AGG;rbs_spacer=5-10bp;gc_cont=0.616
NODE_25_length_96887_cov_39.345729_64   -            214 41857at72274         -            179   6.8e-17   60.1   0.0   1   2   5.7e-13   4.6e-10   37.8   0.0    68   130    66   136    47   141 0.74 # 67509 # 68150 # 1 # ID=25_64;partial=00;start_type=ATG;rbs_motif=None;rbs_spacer=None;gc_cont=0.637
NODE_25_length_96887_cov_39.345729_64   -            214 41857at72274         -            179   6.8e-17   60.1   0.0   2   2   1.3e-07   0.00011   20.3   0.0   126   172   157   207   152   212 0.84 # 67509 # 68150 # 1 # ID=25_64;partial=00;start_type=ATG;rbs_motif=None;rbs_spacer=None;gc_cont=0.637
NODE_54_length_31552_cov_39.909357_4    -            417 41857at72274         -            179     6e-11   40.7   0.0   1   1   5.6e-13   4.5e-10   37.9   0.0    43   177    76   248    34   250 0.62 # 3425 # 4675 # -1 # ID=54_4;partial=00;start_type=ATG;rbs_motif=GGAGG;rbs_spacer=5-10bp;gc_cont=0.632
NODE_35_length_65277_cov_41.940322_27   -            237 41857at72274         -            179   3.6e-06   25.1   0.0   1   2   0.00077      0.62    8.1   0.0    11    65    24    82    20    89 0.74 # 31256 # 31966 # 1 # ID=35_27;partial=00;start_type=ATG;rbs_motif=None;rbs_spacer=None;gc_cont=0.616
NODE_35_length_65277_cov_41.940322_27   -            237 41857at72274         -            179   3.6e-06   25.1   0.0   2   2   1.9e-05     0.015   13.4   0.0    69   121   106   167    99   235 0.59 # 31256 # 31966 # 1 # ID=35_27;partial=00;start_type=ATG;rbs_motif=None;rbs_spacer=None;gc_cont=0.616
NODE_29_length_79520_cov_41.026510_25   -            349 41857at72274         -            179     0.006   14.7   1.5   1   2   0.00018      0.15   10.1   0.0    67    88   157   178   141   206 0.79 # 25030 # 26076 # -1 # ID=29_25;partial=00;start_type=TTG;rbs_motif=GGA/GAG/AGG;rbs_spacer=5-10bp;gc_cont=0.597
NODE_29_length_79520_cov_41.026510_25   -            349 41857at72274         -            179     0.006   14.7   1.5   2   2     0.029        23    3.0   0.4   125   151   245   271   220   275 0.85 # 25030 # 26076 # -1 # ID=29_25;partial=00;start_type=TTG;rbs_motif=GGA/GAG/AGG;rbs_spacer=5-10bp;gc_cont=0.597
NODE_12_length_160437_cov_39.552850_111 -            320 41857at72274         -            179     0.014   13.5   0.1   1   2       1.9   1.5e+03   -3.0   0.0    99   116    38    55    33    71 0.56 # 105691 # 106650 # -1 # ID=12_111;partial=00;start_type=ATG;rbs_motif=None;rbs_spacer=None;gc_cont=0.621
NODE_12_length_160437_cov_39.552850_111 -            320 41857at72274         -            179     0.014   13.5   0.1   2   2   5.5e-05     0.044   11.8   0.0    67    95   137   165   120   171 0.88 # 105691 # 106650 # -1 # ID=12_111;partial=00;start_type=ATG;rbs_motif=None;rbs_spacer=None;gc_cont=0.621
NODE_22_length_100940_cov_39.218078_46  -            212 41857at72274         -            179     0.015   13.4   0.0   1   1   2.8e-05     0.022   12.8   0.0    67    97    48    78     5   120 0.87 # 45110 # 45745 # -1 # ID=22_46;partial=00;start_type=ATG;rbs_motif=GGAG/GAGG;rbs_spacer=5-10bp;gc_cont=0.626
NODE_23_length_98846_cov_41.928864_5    -            160 41857at72274         -            179     0.056   11.5   0.0   1   1   0.00011     0.086   10.9   0.0   105   149    22    70    19    77 0.84 # 3487 # 3966 # 1 # ID=23_5;partial=00;start_type=ATG;rbs_motif=GGA/GAG/AGG;rbs_spacer=5-10bp;gc_cont=0.527
#
# Program:         hmmsearch
# Version:         3.1b2 (February 2015)
# Pipeline mode:   SEARCH
# Query file:      /data2/PEG/hoaxaca/REAA/Pseudomonas/bin/busco_downloads/lineages/pseudomonadales_odb10/hmms/41857at72274.hmm
# Target file:     /data2/PEG/hoaxaca/REAA/Pseudomonas/bin/../out/busco/trim_75.spades_def/prodigal_output/predicted_genes/predicted.faa
# Option settings: hmmsearch --domtblout /data2/PEG/hoaxaca/REAA/Pseudomonas/bin/../out/busco/trim_75.spades_def/run_pseudomonadales_odb10/hmmer_output/41857at72274.out --cpu 1 /data2/PEG/hoaxaca/REAA/Pseudomonas/bin/busco_downloads/lineages/pseudomonadales_odb10/hmms/41857at72274.hmm /data2/PEG/hoaxaca/REAA/Pseudomonas/bin/../out/busco/trim_75.spades_def/prodigal_output/predicted_genes/predicted.faa 
# Current dir:     /data2/PEG/hoaxaca/REAA/Pseudomonas/bin
# Date:            Mon Feb 20 00:35:23 2023
# [ok]
