#                                                                                               --- full sequence --- -------------- this domain -------------   hmm coord   ali coord   env coord
# target name                           accession   tlen query name           accession   qlen   E-value  score  bias   #  of  c-Evalue  i-Evalue  score  bias  from    to  from    to  from    to  acc description of target
#                   ------------------- ---------- ----- -------------------- ---------- ----- --------- ------ ----- --- --- --------- --------- ------ ----- ----- ----- ----- ----- ----- ----- ---- ---------------------
NODE_12_length_160437_cov_39.552850_110 -            221 46364at72274         -            151   1.4e-62  208.5   0.0   1   1   3.4e-65   2.7e-62  207.5   0.0     1   151     7   193     7   193 0.85 # 105042 # 105704 # -1 # ID=12_110;partial=00;start_type=GTG;rbs_motif=GGAG/GAGG;rbs_spacer=5-10bp;gc_cont=0.611
NODE_1_length_774295_cov_40.518222_698  -            273 46364at72274         -            151   5.9e-12   44.1   0.1   1   2   0.00015      0.12   10.6   0.0     2    22    15    35    14    44 0.86 # 754468 # 755286 # 1 # ID=1_698;partial=00;start_type=ATG;rbs_motif=None;rbs_spacer=None;gc_cont=0.611
NODE_1_length_774295_cov_40.518222_698  -            273 46364at72274         -            151   5.9e-12   44.1   0.1   2   2   5.3e-11   4.2e-08   31.6   0.0    48   149    91   204    59   206 0.72 # 754468 # 755286 # 1 # ID=1_698;partial=00;start_type=ATG;rbs_motif=None;rbs_spacer=None;gc_cont=0.611
NODE_1_length_774295_cov_40.518222_71   -            218 46364at72274         -            151   2.5e-08   32.3   0.0   1   1   2.9e-09   2.4e-06   25.9   0.0     2   149     5   188     4   190 0.66 # 73128 # 73781 # 1 # ID=1_71;partial=00;start_type=ATG;rbs_motif=AGGA;rbs_spacer=5-10bp;gc_cont=0.601
NODE_25_length_96887_cov_39.345729_83   -            196 46364at72274         -            151   2.3e-06   25.9   0.0   1   1   4.6e-09   3.7e-06   25.3   0.0     4   146    10   171     7   174 0.74 # 85987 # 86574 # 1 # ID=25_83;partial=00;start_type=ATG;rbs_motif=AGGA;rbs_spacer=5-10bp;gc_cont=0.626
NODE_5_length_234169_cov_39.787549_78   -            224 46364at72274         -            151   1.6e-05   23.2   0.0   1   2    0.0064       5.1    5.3   0.0     3    21     6    24     4    59 0.77 # 81074 # 81745 # 1 # ID=5_78;partial=00;start_type=GTG;rbs_motif=AGGAG;rbs_spacer=5-10bp;gc_cont=0.629
NODE_5_length_234169_cov_39.787549_78   -            224 46364at72274         -            151   1.6e-05   23.2   0.0   2   2     3e-06    0.0024   16.2   0.0   103   149   141   190    73   192 0.78 # 81074 # 81745 # 1 # ID=5_78;partial=00;start_type=GTG;rbs_motif=AGGAG;rbs_spacer=5-10bp;gc_cont=0.629
NODE_1_length_774295_cov_40.518222_309  -            232 46364at72274         -            151   1.8e-05   23.1   0.2   1   2    0.0059       4.7    5.5   0.2     1    21     4    24     4    87 0.87 # 339867 # 340562 # -1 # ID=1_309;partial=00;start_type=ATG;rbs_motif=GGA/GAG/AGG;rbs_spacer=5-10bp;gc_cont=0.628
NODE_1_length_774295_cov_40.518222_309  -            232 46364at72274         -            151   1.8e-05   23.1   0.2   2   2   3.4e-06    0.0028   16.0   0.0    57   143   108   198    78   202 0.73 # 339867 # 340562 # -1 # ID=1_309;partial=00;start_type=ATG;rbs_motif=GGA/GAG/AGG;rbs_spacer=5-10bp;gc_cont=0.628
NODE_12_length_160437_cov_39.552850_40  -            229 46364at72274         -            151   0.00016   20.0   0.0   1   2     0.027        21    3.3   0.0     2    25    12    35    11    62 0.77 # 41602 # 42288 # -1 # ID=12_40;partial=00;start_type=ATG;rbs_motif=GGA/GAG/AGG;rbs_spacer=5-10bp;gc_cont=0.607
NODE_12_length_160437_cov_39.552850_40  -            229 46364at72274         -            151   0.00016   20.0   0.0   2   2   8.4e-06    0.0067   14.7   0.0    63   146   100   195    95   200 0.76 # 41602 # 42288 # -1 # ID=12_40;partial=00;start_type=ATG;rbs_motif=GGA/GAG/AGG;rbs_spacer=5-10bp;gc_cont=0.607
NODE_1_length_774295_cov_40.518222_108  -            179 46364at72274         -            151    0.0015   16.8   0.0   1   3         1     8e+02   -1.8   0.0     1    13     3    15     3    40 0.74 # 107400 # 107936 # 1 # ID=1_108;partial=00;start_type=ATG;rbs_motif=None;rbs_spacer=None;gc_cont=0.577
NODE_1_length_774295_cov_40.518222_108  -            179 46364at72274         -            151    0.0015   16.8   0.0   2   3      0.72   5.7e+02   -1.3   0.0    65    81    38    54    23    65 0.79 # 107400 # 107936 # 1 # ID=1_108;partial=00;start_type=ATG;rbs_motif=None;rbs_spacer=None;gc_cont=0.577
NODE_1_length_774295_cov_40.518222_108  -            179 46364at72274         -            151    0.0015   16.8   0.0   3   3   1.1e-05    0.0086   14.4   0.0   104   148   101   148    93   151 0.85 # 107400 # 107936 # 1 # ID=1_108;partial=00;start_type=ATG;rbs_motif=None;rbs_spacer=None;gc_cont=0.577
#
# Program:         hmmsearch
# Version:         3.1b2 (February 2015)
# Pipeline mode:   SEARCH
# Query file:      /data2/PEG/hoaxaca/REAA/Pseudomonas/bin/busco_downloads/lineages/pseudomonadales_odb10/hmms/46364at72274.hmm
# Target file:     /data2/PEG/hoaxaca/REAA/Pseudomonas/bin/../out/busco/trim_75.spades_def/prodigal_output/predicted_genes/predicted.faa
# Option settings: hmmsearch --domtblout /data2/PEG/hoaxaca/REAA/Pseudomonas/bin/../out/busco/trim_75.spades_def/run_pseudomonadales_odb10/hmmer_output/46364at72274.out --cpu 1 /data2/PEG/hoaxaca/REAA/Pseudomonas/bin/busco_downloads/lineages/pseudomonadales_odb10/hmms/46364at72274.hmm /data2/PEG/hoaxaca/REAA/Pseudomonas/bin/../out/busco/trim_75.spades_def/prodigal_output/predicted_genes/predicted.faa 
# Current dir:     /data2/PEG/hoaxaca/REAA/Pseudomonas/bin
# Date:            Mon Feb 20 00:35:27 2023
# [ok]
