#                                                                                               --- full sequence --- -------------- this domain -------------   hmm coord   ali coord   env coord
# target name                           accession   tlen query name           accession   qlen   E-value  score  bias   #  of  c-Evalue  i-Evalue  score  bias  from    to  from    to  from    to  acc description of target
#                   ------------------- ---------- ----- -------------------- ---------- ----- --------- ------ ----- --- --- --------- --------- ------ ----- ----- ----- ----- ----- ----- ----- ---- ---------------------
NODE_23_length_98846_cov_41.928864_1    -            320 47736at72274         -            238     6e-86  286.1   4.4   1   2   1.1e-81   4.5e-79  263.5   0.5     1   184     1   223     1   236 0.94 # 190 # 1149 # 1 # ID=23_1;partial=00;start_type=ATG;rbs_motif=GGAG/GAGG;rbs_spacer=5-10bp;gc_cont=0.536
NODE_23_length_98846_cov_41.928864_1    -            320 47736at72274         -            238     6e-86  286.1   4.4   2   2   3.4e-08   1.5e-05   22.9   0.3   203   238   283   319   256   319 0.89 # 190 # 1149 # 1 # ID=23_1;partial=00;start_type=ATG;rbs_motif=GGAG/GAGG;rbs_spacer=5-10bp;gc_cont=0.536
NODE_20_length_107058_cov_41.127340_39  -            159 47736at72274         -            238   5.4e-06   24.3   0.1   1   1   1.7e-08   7.1e-06   23.9   0.1     3    74    20    94    18   105 0.86 # 36188 # 36664 # -1 # ID=20_39;partial=00;start_type=ATG;rbs_motif=GGAG/GAGG;rbs_spacer=5-10bp;gc_cont=0.597
NODE_8_length_206175_cov_40.775641_28   -            287 47736at72274         -            238    0.0019   16.0   0.2   1   1   6.2e-06    0.0026   15.5   0.2    10    73    15    85     6    91 0.85 # 31263 # 32123 # -1 # ID=8_28;partial=00;start_type=ATG;rbs_motif=GGA/GAG/AGG;rbs_spacer=5-10bp;gc_cont=0.631
NODE_1_length_774295_cov_40.518222_393  -            157 47736at72274         -            238    0.0019   16.0   0.1   1   1   5.6e-06    0.0024   15.7   0.1     3    43    11    51     9    77 0.87 # 424646 # 425116 # 1 # ID=1_393;partial=00;start_type=ATG;rbs_motif=None;rbs_spacer=None;gc_cont=0.571
NODE_33_length_67245_cov_39.996591_9    -            299 47736at72274         -            238    0.0039   15.0   0.0   1   1   1.5e-05    0.0065   14.2   0.0    15    59    18    63    10    78 0.87 # 10946 # 11842 # 1 # ID=33_9;partial=00;start_type=ATG;rbs_motif=GGAGG;rbs_spacer=5-10bp;gc_cont=0.600
NODE_18_length_120383_cov_41.811024_78  -            297 47736at72274         -            238    0.0099   13.7   0.1   1   1   3.3e-05     0.014   13.2   0.1    15    67    24    77    11    87 0.84 # 68424 # 69314 # -1 # ID=18_78;partial=00;start_type=ATG;rbs_motif=GGA/GAG/AGG;rbs_spacer=5-10bp;gc_cont=0.629
NODE_10_length_205580_cov_40.606001_157 -            304 47736at72274         -            238     0.013   13.3   0.0   1   1   4.5e-05     0.019   12.7   0.0    19    58    26    66    14    81 0.86 # 144119 # 145030 # 1 # ID=10_157;partial=00;start_type=ATG;rbs_motif=GGA/GAG/AGG;rbs_spacer=5-10bp;gc_cont=0.646
NODE_16_length_124183_cov_40.474949_5   -            299 47736at72274         -            238     0.027   12.2   0.1   1   1   9.2e-05     0.039   11.7   0.1    18    72    20    75     7    92 0.79 # 3119 # 4015 # 1 # ID=16_5;partial=00;start_type=ATG;rbs_motif=GGA/GAG/AGG;rbs_spacer=5-10bp;gc_cont=0.631
NODE_11_length_166683_cov_41.036013_114 -            228 47736at72274         -            238      0.03   12.1   0.2   1   1    0.0001     0.043   11.6   0.2    16    70    49   103    37   123 0.75 # 131293 # 131976 # -1 # ID=11_114;partial=00;start_type=ATG;rbs_motif=AGGAG;rbs_spacer=5-10bp;gc_cont=0.617
NODE_7_length_212511_cov_40.052896_3    -            307 47736at72274         -            238     0.032   12.0   0.0   1   1   0.00011     0.048   11.4   0.0    21    64    37    81    18    94 0.84 # 3319 # 4239 # 1 # ID=7_3;partial=00;start_type=ATG;rbs_motif=3Base/5BMM;rbs_spacer=13-15bp;gc_cont=0.626
NODE_4_length_235494_cov_41.884601_186  -            291 47736at72274         -            238     0.033   11.9   0.1   1   1   0.00012     0.052   11.3   0.1    18    87    23    95    11    99 0.71 # 207543 # 208415 # -1 # ID=4_186;partial=00;start_type=ATG;rbs_motif=3Base/5BMM;rbs_spacer=13-15bp;gc_cont=0.655
NODE_1_length_774295_cov_40.518222_3    -            300 47736at72274         -            238     0.042   11.6   0.1   1   1   0.00013     0.057   11.2   0.1     9    57    16    65     8    92 0.83 # 2902 # 3801 # 1 # ID=1_3;partial=00;start_type=ATG;rbs_motif=GGAG/GAGG;rbs_spacer=5-10bp;gc_cont=0.579
NODE_13_length_139524_cov_40.396430_37  -            300 47736at72274         -            238     0.049   11.4   0.1   1   1   0.00016     0.068   10.9   0.1    14    56    17    60     8    86 0.87 # 40608 # 41507 # -1 # ID=13_37;partial=00;start_type=ATG;rbs_motif=GGAG/GAGG;rbs_spacer=5-10bp;gc_cont=0.641
NODE_20_length_107058_cov_41.127340_73  -            298 47736at72274         -            238     0.065   11.0   0.0   1   1   0.00022     0.093   10.5   0.0     3    55     8    61     6    75 0.85 # 72875 # 73768 # -1 # ID=20_73;partial=00;start_type=ATG;rbs_motif=AGGA;rbs_spacer=5-10bp;gc_cont=0.634
NODE_1_length_774295_cov_40.518222_297  -            307 47736at72274         -            238     0.069   10.9   0.0   1   1   0.00027      0.11   10.2   0.0    11    57    18    65    10    76 0.90 # 327516 # 328436 # 1 # ID=1_297;partial=00;start_type=ATG;rbs_motif=GGAG/GAGG;rbs_spacer=5-10bp;gc_cont=0.637
#
# Program:         hmmsearch
# Version:         3.1b2 (February 2015)
# Pipeline mode:   SEARCH
# Query file:      /data2/PEG/hoaxaca/REAA/Pseudomonas/bin/busco_downloads/lineages/pseudomonadales_odb10/hmms/47736at72274.hmm
# Target file:     /data2/PEG/hoaxaca/REAA/Pseudomonas/bin/../out/busco/trim_75.spades_def/prodigal_output/predicted_genes/predicted.faa
# Option settings: hmmsearch --domtblout /data2/PEG/hoaxaca/REAA/Pseudomonas/bin/../out/busco/trim_75.spades_def/run_pseudomonadales_odb10/hmmer_output/47736at72274.out --cpu 1 /data2/PEG/hoaxaca/REAA/Pseudomonas/bin/busco_downloads/lineages/pseudomonadales_odb10/hmms/47736at72274.hmm /data2/PEG/hoaxaca/REAA/Pseudomonas/bin/../out/busco/trim_75.spades_def/prodigal_output/predicted_genes/predicted.faa 
# Current dir:     /data2/PEG/hoaxaca/REAA/Pseudomonas/bin
# Date:            Mon Feb 20 00:35:29 2023
# [ok]
