#                                                                                               --- full sequence --- -------------- this domain -------------   hmm coord   ali coord   env coord
# target name                           accession   tlen query name           accession   qlen   E-value  score  bias   #  of  c-Evalue  i-Evalue  score  bias  from    to  from    to  from    to  acc description of target
#                   ------------------- ---------- ----- -------------------- ---------- ----- --------- ------ ----- --- --- --------- --------- ------ ----- ----- ----- ----- ----- ----- ----- ---- ---------------------
NODE_1_length_774295_cov_40.518222_507  -            175 48572at72274         -            138     5e-51  170.6   0.6   1   1   3.6e-53   3.3e-50  168.0   0.6     6   138     9   173     3   173 0.88 # 539514 # 540038 # 1 # ID=1_507;partial=00;start_type=ATG;rbs_motif=None;rbs_spacer=None;gc_cont=0.655
NODE_17_length_120857_cov_41.637092_90  -            162 48572at72274         -            138   6.1e-14   50.5   0.5   1   2   6.2e-14   5.7e-11   40.9   0.4    25   108    17   107     2   112 0.84 # 99015 # 99500 # -1 # ID=17_90;partial=00;start_type=ATG;rbs_motif=GGA/GAG/AGG;rbs_spacer=5-10bp;gc_cont=0.562
NODE_17_length_120857_cov_41.637092_90  -            162 48572at72274         -            138   6.1e-14   50.5   0.5   2   2   0.00091      0.83    7.9   0.0    46    85   113   152   107   155 0.87 # 99015 # 99500 # -1 # ID=17_90;partial=00;start_type=ATG;rbs_motif=GGA/GAG/AGG;rbs_spacer=5-10bp;gc_cont=0.562
NODE_63_length_22564_cov_46.340641_13   -            312 48572at72274         -            138     2e-10   39.1   0.0   1   2   5.2e-13   4.7e-10   37.9   0.1    28    85    22    81     4   116 0.83 # 13780 # 14715 # -1 # ID=63_13;partial=00;start_type=ATG;rbs_motif=AGGAG;rbs_spacer=5-10bp;gc_cont=0.600
NODE_63_length_22564_cov_46.340641_13   -            312 48572at72274         -            138     2e-10   39.1   0.0   2   2       2.4   2.2e+03   -3.1   0.0    59    82   129   152   118   155 0.72 # 13780 # 14715 # -1 # ID=63_13;partial=00;start_type=ATG;rbs_motif=AGGAG;rbs_spacer=5-10bp;gc_cont=0.600
NODE_9_length_205643_cov_41.075912_150  -            301 48572at72274         -            138   7.6e-10   37.2   0.1   1   3   1.8e-10   1.6e-07   29.7   0.0    35    85    21    72     4   108 0.74 # 161918 # 162820 # 1 # ID=9_150;partial=00;start_type=ATG;rbs_motif=GGA/GAG/AGG;rbs_spacer=5-10bp;gc_cont=0.627
NODE_9_length_205643_cov_41.075912_150  -            301 48572at72274         -            138   7.6e-10   37.2   0.1   2   3    0.0088       8.1    4.7   0.0    58    83   120   145    96   148 0.79 # 161918 # 162820 # 1 # ID=9_150;partial=00;start_type=ATG;rbs_motif=GGA/GAG/AGG;rbs_spacer=5-10bp;gc_cont=0.627
NODE_9_length_205643_cov_41.075912_150  -            301 48572at72274         -            138   7.6e-10   37.2   0.1   3   3       1.2   1.1e+03   -2.1   0.0    81    97   166   182   161   190 0.76 # 161918 # 162820 # 1 # ID=9_150;partial=00;start_type=ATG;rbs_motif=GGA/GAG/AGG;rbs_spacer=5-10bp;gc_cont=0.627
NODE_12_length_160437_cov_39.552850_154 -            311 48572at72274         -            138   4.4e-08   31.5   0.0   1   1   9.8e-11     9e-08   30.5   0.0    30    81    24    77     5   116 0.76 # 151325 # 152257 # -1 # ID=12_154;partial=00;start_type=ATG;rbs_motif=AGGAG;rbs_spacer=5-10bp;gc_cont=0.584
NODE_55_length_31199_cov_40.727074_2    -            171 48572at72274         -            138   5.4e-06   24.7   0.0   1   1   9.9e-09     9e-06   24.0   0.0    29    81    20    73     3    98 0.88 # 1846 # 2358 # 1 # ID=55_2;partial=00;start_type=ATG;rbs_motif=None;rbs_spacer=None;gc_cont=0.645
NODE_55_length_31199_cov_40.727074_4    -            229 48572at72274         -            138     0.001   17.3   0.6   1   2   5.8e-06    0.0053   15.0   0.2    29    83    83   139    60   185 0.72 # 3602 # 4288 # 1 # ID=55_4;partial=00;start_type=ATG;rbs_motif=GGA/GAG/AGG;rbs_spacer=5-10bp;gc_cont=0.652
NODE_55_length_31199_cov_40.727074_4    -            229 48572at72274         -            138     0.001   17.3   0.6   2   2       2.6   2.4e+03   -3.3   0.0    22    30   202   210   190   221 0.50 # 3602 # 4288 # 1 # ID=55_4;partial=00;start_type=ATG;rbs_motif=GGA/GAG/AGG;rbs_spacer=5-10bp;gc_cont=0.652
#
# Program:         hmmsearch
# Version:         3.1b2 (February 2015)
# Pipeline mode:   SEARCH
# Query file:      /data2/PEG/hoaxaca/REAA/Pseudomonas/bin/busco_downloads/lineages/pseudomonadales_odb10/hmms/48572at72274.hmm
# Target file:     /data2/PEG/hoaxaca/REAA/Pseudomonas/bin/../out/busco/trim_75.spades_def/prodigal_output/predicted_genes/predicted.faa
# Option settings: hmmsearch --domtblout /data2/PEG/hoaxaca/REAA/Pseudomonas/bin/../out/busco/trim_75.spades_def/run_pseudomonadales_odb10/hmmer_output/48572at72274.out --cpu 1 /data2/PEG/hoaxaca/REAA/Pseudomonas/bin/busco_downloads/lineages/pseudomonadales_odb10/hmms/48572at72274.hmm /data2/PEG/hoaxaca/REAA/Pseudomonas/bin/../out/busco/trim_75.spades_def/prodigal_output/predicted_genes/predicted.faa 
# Current dir:     /data2/PEG/hoaxaca/REAA/Pseudomonas/bin
# Date:            Mon Feb 20 00:35:29 2023
# [ok]
