#                                                                                               --- full sequence --- -------------- this domain -------------   hmm coord   ali coord   env coord
# target name                           accession   tlen query name           accession   qlen   E-value  score  bias   #  of  c-Evalue  i-Evalue  score  bias  from    to  from    to  from    to  acc description of target
#                   ------------------- ---------- ----- -------------------- ---------- ----- --------- ------ ----- --- --- --------- --------- ------ ----- ----- ----- ----- ----- ----- ----- ---- ---------------------
NODE_16_length_124183_cov_40.474949_120 -            151 54430at72274         -            117   2.3e-43  145.3   0.0   1   1   2.2e-45   4.7e-43  144.3   0.0     1   117    10   147    10   147 0.89 # 114056 # 114508 # -1 # ID=16_120;partial=00;start_type=ATG;rbs_motif=GGA/GAG/AGG;rbs_spacer=5-10bp;gc_cont=0.592
NODE_13_length_139524_cov_40.396430_121 -            171 54430at72274         -            117   3.1e-13   48.2   0.0   1   1   2.7e-15   5.8e-13   47.3   0.0    46   113    84   158    70   165 0.83 # 127384 # 127896 # 1 # ID=13_121;partial=00;start_type=ATG;rbs_motif=AGGA;rbs_spacer=5-10bp;gc_cont=0.647
NODE_10_length_205580_cov_40.606001_170 -            367 54430at72274         -            117   7.7e-13   46.9   0.0   1   1   6.5e-15   1.4e-12   46.1   0.0    34   108    55   137    12   146 0.82 # 155447 # 156547 # -1 # ID=10_170;partial=00;start_type=ATG;rbs_motif=GGxGG;rbs_spacer=3-4bp;gc_cont=0.639
NODE_15_length_126463_cov_40.922127_15  -            299 54430at72274         -            117   1.4e-09   36.4   0.0   1   2   2.8e-05     0.006   15.0   0.0    43   116    73   147    53   148 0.77 # 15726 # 16622 # -1 # ID=15_15;partial=00;start_type=ATG;rbs_motif=AGGAG;rbs_spacer=5-10bp;gc_cont=0.611
NODE_15_length_126463_cov_40.922127_15  -            299 54430at72274         -            117   1.4e-09   36.4   0.0   2   2   1.6e-06   0.00034   19.0   0.0    48    97   223   278   208   284 0.85 # 15726 # 16622 # -1 # ID=15_15;partial=00;start_type=ATG;rbs_motif=AGGAG;rbs_spacer=5-10bp;gc_cont=0.611
NODE_35_length_65277_cov_41.940322_26   -            158 54430at72274         -            117   1.4e-08   33.2   0.0   1   1     1e-10   2.2e-08   32.5   0.0    51   101    79   130    51   133 0.89 # 30711 # 31184 # 1 # ID=35_26;partial=00;start_type=ATG;rbs_motif=GGA/GAG/AGG;rbs_spacer=5-10bp;gc_cont=0.603
NODE_4_length_235494_cov_41.884601_122  -            174 54430at72274         -            117   4.8e-07   28.2   0.2   1   1   4.2e-09     9e-07   27.3   0.2     9   100    41   139    37   142 0.77 # 131960 # 132481 # -1 # ID=4_122;partial=00;start_type=ATG;rbs_motif=None;rbs_spacer=None;gc_cont=0.598
NODE_9_length_205643_cov_41.075912_151  -            161 54430at72274         -            117   1.1e-06   27.1   0.0   1   1   7.5e-09   1.6e-06   26.5   0.0    25    97    72   150    53   155 0.79 # 162824 # 163306 # 1 # ID=9_151;partial=00;start_type=GTG;rbs_motif=GGA/GAG/AGG;rbs_spacer=11-12bp;gc_cont=0.617
NODE_13_length_139524_cov_40.396430_59  -            148 54430at72274         -            117   4.3e-06   25.1   0.0   1   1   2.2e-08   4.8e-06   25.0   0.0    48   101    75   127    31   129 0.82 # 72278 # 72721 # 1 # ID=13_59;partial=00;start_type=ATG;rbs_motif=AGGA;rbs_spacer=5-10bp;gc_cont=0.624
NODE_33_length_67245_cov_39.996591_63   -            167 54430at72274         -            117   4.7e-06   25.0   0.0   1   1   3.4e-08   7.2e-06   24.4   0.0    25   110    61   152    48   155 0.81 # 64444 # 64944 # 1 # ID=33_63;partial=00;start_type=ATG;rbs_motif=3Base/5BMM;rbs_spacer=13-15bp;gc_cont=0.537
NODE_27_length_94833_cov_38.664380_18   -            150 54430at72274         -            117   1.6e-05   23.3   0.0   1   1   1.1e-07   2.3e-05   22.8   0.0    24   100    48   130    37   136 0.83 # 15600 # 16049 # 1 # ID=27_18;partial=00;start_type=ATG;rbs_motif=GGAG/GAGG;rbs_spacer=5-10bp;gc_cont=0.529
NODE_31_length_69300_cov_43.335727_10   -            162 54430at72274         -            117   1.8e-05   23.1   0.0   1   1   1.5e-07   3.3e-05   22.3   0.0    45    98    92   151    56   157 0.81 # 8784 # 9269 # -1 # ID=31_10;partial=00;start_type=ATG;rbs_motif=AGGA;rbs_spacer=5-10bp;gc_cont=0.634
NODE_7_length_212511_cov_40.052896_105  -            177 54430at72274         -            117   2.2e-05   22.8   0.0   1   1   1.8e-07   3.9e-05   22.1   0.0    28   108    72   157    61   161 0.80 # 115825 # 116355 # 1 # ID=7_105;partial=00;start_type=ATG;rbs_motif=AGGAG;rbs_spacer=5-10bp;gc_cont=0.621
NODE_22_length_100940_cov_39.218078_94  -            582 54430at72274         -            117   3.9e-05   22.0   0.0   1   1   5.4e-07   0.00011   20.5   0.0    48    99   191   248   173   256 0.84 # 92202 # 93947 # -1 # ID=22_94;partial=00;start_type=ATG;rbs_motif=AGGA;rbs_spacer=5-10bp;gc_cont=0.643
NODE_73_length_14166_cov_37.585421_12   -            196 54430at72274         -            117   4.4e-05   21.9   0.0   1   1   3.1e-07   6.7e-05   21.3   0.0    29    99    86   163    69   175 0.75 # 13467 # 14054 # 1 # ID=73_12;partial=00;start_type=ATG;rbs_motif=GGA/GAG/AGG;rbs_spacer=5-10bp;gc_cont=0.594
NODE_7_length_212511_cov_40.052896_104  -            174 54430at72274         -            117   5.4e-05   21.6   0.0   1   1   3.9e-07   8.4e-05   21.0   0.0    49   100    85   142    43   147 0.81 # 115298 # 115819 # 1 # ID=7_104;partial=00;start_type=ATG;rbs_motif=GGAG/GAGG;rbs_spacer=5-10bp;gc_cont=0.613
NODE_19_length_115842_cov_39.639226_69  -            162 54430at72274         -            117   6.2e-05   21.4   0.1   1   2       7.6   1.6e+03   -2.5   0.0    62    81     6    25     3    28 0.73 # 66079 # 66564 # -1 # ID=19_69;partial=00;start_type=ATG;rbs_motif=GGA/GAG/AGG;rbs_spacer=5-10bp;gc_cont=0.621
NODE_19_length_115842_cov_39.639226_69  -            162 54430at72274         -            117   6.2e-05   21.4   0.1   2   2   9.1e-07   0.00019   19.8   0.0    45    99    81   143    76   156 0.82 # 66079 # 66564 # -1 # ID=19_69;partial=00;start_type=ATG;rbs_motif=GGA/GAG/AGG;rbs_spacer=5-10bp;gc_cont=0.621
NODE_12_length_160437_cov_39.552850_81  -            160 54430at72274         -            117   0.00015   20.2   0.0   1   1   1.6e-06   0.00035   19.0   0.0     3   111    31   152    29   154 0.72 # 80993 # 81472 # -1 # ID=12_81;partial=00;start_type=ATG;rbs_motif=GGA/GAG/AGG;rbs_spacer=5-10bp;gc_cont=0.621
NODE_10_length_205580_cov_40.606001_146 -            225 54430at72274         -            117   0.00049   18.5   0.0   1   1   5.2e-06    0.0011   17.4   0.0    30    88    77   139    64   152 0.78 # 136604 # 137278 # 1 # ID=10_146;partial=00;start_type=ATG;rbs_motif=AGGA;rbs_spacer=5-10bp;gc_cont=0.600
NODE_3_length_236953_cov_41.815570_201  -            151 54430at72274         -            117   0.00053   18.4   0.1   1   1   4.4e-06   0.00093   17.6   0.1    32   102    59   132    46   146 0.78 # 205796 # 206248 # 1 # ID=3_201;partial=00;start_type=ATG;rbs_motif=GGA/GAG/AGG;rbs_spacer=11-12bp;gc_cont=0.603
NODE_18_length_120383_cov_41.811024_53  -            176 54430at72274         -            117     0.001   17.5   0.0   1   1   7.4e-06    0.0016   16.9   0.0    32    99    80   152    62   161 0.82 # 43975 # 44502 # -1 # ID=18_53;partial=00;start_type=ATG;rbs_motif=GGA/GAG/AGG;rbs_spacer=5-10bp;gc_cont=0.598
NODE_18_length_120383_cov_41.811024_38  -            145 54430at72274         -            117     0.001   17.5   0.0   1   1   7.6e-06    0.0016   16.8   0.0    51    97    74   126    46   135 0.81 # 29715 # 30149 # -1 # ID=18_38;partial=00;start_type=ATG;rbs_motif=AGGA/GGAG/GAGG;rbs_spacer=11-12bp;gc_cont=0.625
NODE_18_length_120383_cov_41.811024_49  -            164 54430at72274         -            117    0.0017   16.8   0.1   1   1   2.1e-05    0.0045   15.4   0.1    46    77    88   119    74   147 0.75 # 42225 # 42716 # 1 # ID=18_49;partial=00;start_type=ATG;rbs_motif=None;rbs_spacer=None;gc_cont=0.583
NODE_44_length_42203_cov_38.699877_24   -            145 54430at72274         -            117    0.0023   16.3   0.0   1   1   1.7e-05    0.0037   15.7   0.0    17   103    40   133    33   140 0.79 # 25131 # 25565 # 1 # ID=44_24;partial=00;start_type=ATG;rbs_motif=AGGAG;rbs_spacer=5-10bp;gc_cont=0.582
NODE_1_length_774295_cov_40.518222_191  -            149 54430at72274         -            117    0.0027   16.1   0.0   1   1     2e-05    0.0042   15.5   0.0    45    94    80   135    36   146 0.74 # 205362 # 205808 # -1 # ID=1_191;partial=00;start_type=ATG;rbs_motif=AGGAG;rbs_spacer=5-10bp;gc_cont=0.626
NODE_38_length_53296_cov_40.149909_22   -            164 54430at72274         -            117    0.0031   15.9   0.0   1   1   2.5e-05    0.0053   15.2   0.0    47    97    89   145    83   151 0.84 # 22745 # 23236 # 1 # ID=38_22;partial=00;start_type=ATG;rbs_motif=GGAG/GAGG;rbs_spacer=5-10bp;gc_cont=0.583
NODE_16_length_124183_cov_40.474949_83  -            195 54430at72274         -            117    0.0041   15.5   0.1   1   1   3.1e-05    0.0067   14.9   0.1    28   106    76   164    50   171 0.75 # 74417 # 75001 # 1 # ID=16_83;partial=00;start_type=ATG;rbs_motif=GGA/GAG/AGG;rbs_spacer=5-10bp;gc_cont=0.585
NODE_25_length_96887_cov_39.345729_14   -            153 54430at72274         -            117    0.0061   15.0   0.0   1   1     4e-05    0.0086   14.5   0.0    50   106    84   146    59   150 0.76 # 13927 # 14385 # -1 # ID=25_14;partial=00;start_type=ATG;rbs_motif=GGAG/GAGG;rbs_spacer=5-10bp;gc_cont=0.558
NODE_37_length_54602_cov_40.642439_7    -            217 54430at72274         -            117    0.0061   15.0   0.0   1   1   8.7e-05     0.018   13.4   0.0    44   100   129   191   115   194 0.78 # 6948 # 7598 # 1 # ID=37_7;partial=00;start_type=ATG;rbs_motif=GGAG/GAGG;rbs_spacer=5-10bp;gc_cont=0.610
NODE_23_length_98846_cov_41.928864_52   -            194 54430at72274         -            117     0.011   14.2   0.0   1   1   6.5e-05     0.014   13.8   0.0    33    73   108   150    83   183 0.86 # 46148 # 46729 # 1 # ID=23_52;partial=00;start_type=ATG;rbs_motif=GGA/GAG/AGG;rbs_spacer=5-10bp;gc_cont=0.416
NODE_1_length_774295_cov_40.518222_396  -            433 54430at72274         -            117     0.062   11.7   0.1   1   2       6.4   1.4e+03   -2.3   0.0    37    55    87   105    83   108 0.84 # 427985 # 429283 # 1 # ID=1_396;partial=00;start_type=ATG;rbs_motif=GGA/GAG/AGG;rbs_spacer=5-10bp;gc_cont=0.630
NODE_1_length_774295_cov_40.518222_396  -            433 54430at72274         -            117     0.062   11.7   0.1   2   2    0.0009      0.19   10.1   0.0    32    75   335   380   318   387 0.80 # 427985 # 429283 # 1 # ID=1_396;partial=00;start_type=ATG;rbs_motif=GGA/GAG/AGG;rbs_spacer=5-10bp;gc_cont=0.630
#
# Program:         hmmsearch
# Version:         3.1b2 (February 2015)
# Pipeline mode:   SEARCH
# Query file:      /data2/PEG/hoaxaca/REAA/Pseudomonas/bin/busco_downloads/lineages/pseudomonadales_odb10/hmms/54430at72274.hmm
# Target file:     /data2/PEG/hoaxaca/REAA/Pseudomonas/bin/../out/busco/trim_75.spades_def/prodigal_output/predicted_genes/predicted.faa
# Option settings: hmmsearch --domtblout /data2/PEG/hoaxaca/REAA/Pseudomonas/bin/../out/busco/trim_75.spades_def/run_pseudomonadales_odb10/hmmer_output/54430at72274.out --cpu 1 /data2/PEG/hoaxaca/REAA/Pseudomonas/bin/busco_downloads/lineages/pseudomonadales_odb10/hmms/54430at72274.hmm /data2/PEG/hoaxaca/REAA/Pseudomonas/bin/../out/busco/trim_75.spades_def/prodigal_output/predicted_genes/predicted.faa 
# Current dir:     /data2/PEG/hoaxaca/REAA/Pseudomonas/bin
# Date:            Mon Feb 20 00:35:34 2023
# [ok]
