#                                                                                              --- full sequence --- -------------- this domain -------------   hmm coord   ali coord   env coord
# target name                          accession   tlen query name           accession   qlen   E-value  score  bias   #  of  c-Evalue  i-Evalue  score  bias  from    to  from    to  from    to  acc description of target
#                  ------------------- ---------- ----- -------------------- ---------- ----- --------- ------ ----- --- --- --------- --------- ------ ----- ----- ----- ----- ----- ----- ----- ---- ---------------------
NODE_1_length_774295_cov_40.518222_668 -            617 7044at72274          -            498  2.5e-278  922.2  34.7   1   3     9e-84   1.4e-80  269.9   3.7     1   153     8   172     8   180 0.96 # 719545 # 721395 # -1 # ID=1_668;partial=00;start_type=ATG;rbs_motif=GGA/GAG/AGG;rbs_spacer=5-10bp;gc_cont=0.576
NODE_1_length_774295_cov_40.518222_668 -            617 7044at72274          -            498  2.5e-278  922.2  34.7   2   3   2.3e-19   3.7e-16   57.5   5.8   150   247   195   323   188   349 0.74 # 719545 # 721395 # -1 # ID=1_668;partial=00;start_type=ATG;rbs_motif=GGA/GAG/AGG;rbs_spacer=5-10bp;gc_cont=0.576
NODE_1_length_774295_cov_40.518222_668 -            617 7044at72274          -            498  2.5e-278  922.2  34.7   3   3  1.6e-185  2.5e-182  605.6  10.0   235   498   353   616   335   616 0.97 # 719545 # 721395 # -1 # ID=1_668;partial=00;start_type=ATG;rbs_motif=GGA/GAG/AGG;rbs_spacer=5-10bp;gc_cont=0.576
NODE_32_length_68942_cov_40.316983_53  -            335 7044at72274          -            498   1.5e-65  220.4   0.3   1   2    0.0042       6.8    3.8   0.0    79   113    53    87    11    94 0.78 # 62794 # 63798 # 1 # ID=32_53;partial=00;start_type=ATG;rbs_motif=AGGA;rbs_spacer=5-10bp;gc_cont=0.559
NODE_32_length_68942_cov_40.316983_53  -            335 7044at72274          -            498   1.5e-65  220.4   0.3   2   2   5.6e-67     9e-64  214.5   0.6   261   485    96   320    88   330 0.97 # 62794 # 63798 # 1 # ID=32_53;partial=00;start_type=ATG;rbs_motif=AGGA;rbs_spacer=5-10bp;gc_cont=0.559
NODE_1_length_774295_cov_40.518222_480 -            285 7044at72274          -            498   5.3e-22   76.8   0.2   1   1   4.8e-25   7.6e-22   76.2   0.2   260   484    50   279    40   283 0.85 # 518886 # 519740 # 1 # ID=1_480;partial=00;start_type=ATG;rbs_motif=GGAGG;rbs_spacer=5-10bp;gc_cont=0.588
NODE_17_length_120857_cov_41.637092_99 -            247 7044at72274          -            498   7.5e-09   33.4   0.1   1   1     1e-11   1.6e-08   32.3   0.1   256   484    12   237     6   240 0.84 # 107760 # 108500 # -1 # ID=17_99;partial=00;start_type=ATG;rbs_motif=AGGA;rbs_spacer=5-10bp;gc_cont=0.588
#
# Program:         hmmsearch
# Version:         3.1b2 (February 2015)
# Pipeline mode:   SEARCH
# Query file:      /data2/PEG/hoaxaca/REAA/Pseudomonas/bin/busco_downloads/lineages/pseudomonadales_odb10/hmms/7044at72274.hmm
# Target file:     /data2/PEG/hoaxaca/REAA/Pseudomonas/bin/../out/busco/trim_75.spades_def/prodigal_output/predicted_genes/predicted.faa
# Option settings: hmmsearch --domtblout /data2/PEG/hoaxaca/REAA/Pseudomonas/bin/../out/busco/trim_75.spades_def/run_pseudomonadales_odb10/hmmer_output/7044at72274.out --cpu 1 /data2/PEG/hoaxaca/REAA/Pseudomonas/bin/busco_downloads/lineages/pseudomonadales_odb10/hmms/7044at72274.hmm /data2/PEG/hoaxaca/REAA/Pseudomonas/bin/../out/busco/trim_75.spades_def/prodigal_output/predicted_genes/predicted.faa 
# Current dir:     /data2/PEG/hoaxaca/REAA/Pseudomonas/bin
# Date:            Mon Feb 20 00:35:46 2023
# [ok]
