#                                                                                               --- full sequence --- -------------- this domain -------------   hmm coord   ali coord   env coord
# target name                           accession   tlen query name           accession   qlen   E-value  score  bias   #  of  c-Evalue  i-Evalue  score  bias  from    to  from    to  from    to  acc description of target
#                   ------------------- ---------- ----- -------------------- ---------- ----- --------- ------ ----- --- --- --------- --------- ------ ----- ----- ----- ----- ----- ----- ----- ---- ---------------------
NODE_22_length_100940_cov_39.218078_96  -            663 8435at72274          -            458  8.5e-168  557.3   5.0   1   5   3.7e-99   4.5e-97  324.2   0.1     1   207     7   233     7   235 0.94 # 95878 # 97866 # -1 # ID=22_96;partial=00;start_type=ATG;rbs_motif=GGA/GAG/AGG;rbs_spacer=5-10bp;gc_cont=0.660
NODE_22_length_100940_cov_39.218078_96  -            663 8435at72274          -            458  8.5e-168  557.3   5.0   2   5   1.9e-30   2.3e-28   97.7   0.8   205   282   259   338   248   343 0.93 # 95878 # 97866 # -1 # ID=22_96;partial=00;start_type=ATG;rbs_motif=GGA/GAG/AGG;rbs_spacer=5-10bp;gc_cont=0.660
NODE_22_length_100940_cov_39.218078_96  -            663 8435at72274          -            458  8.5e-168  557.3   5.0   3   5    0.0008     0.097    9.9   0.0   250   318   347   419   343   425 0.62 # 95878 # 97866 # -1 # ID=22_96;partial=00;start_type=ATG;rbs_motif=GGA/GAG/AGG;rbs_spacer=5-10bp;gc_cont=0.660
NODE_22_length_100940_cov_39.218078_96  -            663 8435at72274          -            458  8.5e-168  557.3   5.0   4   5   6.8e-19   8.2e-17   59.6   0.0   331   409   468   575   435   584 0.80 # 95878 # 97866 # -1 # ID=22_96;partial=00;start_type=ATG;rbs_motif=GGA/GAG/AGG;rbs_spacer=5-10bp;gc_cont=0.660
NODE_22_length_100940_cov_39.218078_96  -            663 8435at72274          -            458  8.5e-168  557.3   5.0   5   5   7.8e-20   9.4e-18   62.7   0.0   407   458   601   652   599   652 0.96 # 95878 # 97866 # -1 # ID=22_96;partial=00;start_type=ATG;rbs_motif=GGA/GAG/AGG;rbs_spacer=5-10bp;gc_cont=0.660
NODE_20_length_107058_cov_41.127340_40  -            436 8435at72274          -            458   1.4e-12   45.7   1.0   1   2     3e-10   3.6e-08   31.1   0.8   208   249    29    71    17    85 0.90 # 36685 # 37992 # -1 # ID=20_40;partial=00;start_type=ATG;rbs_motif=AGGA/GGAG/GAGG;rbs_spacer=11-12bp;gc_cont=0.609
NODE_20_length_107058_cov_41.127340_40  -            436 8435at72274          -            458   1.4e-12   45.7   1.0   2   2   0.00012     0.015   12.7   0.0   400   439   346   386   304   389 0.85 # 36685 # 37992 # -1 # ID=20_40;partial=00;start_type=ATG;rbs_motif=AGGA/GGAG/GAGG;rbs_spacer=11-12bp;gc_cont=0.609
NODE_1_length_774295_cov_40.518222_287  -            434 8435at72274          -            458   1.6e-11   42.2   0.2   1   2   6.5e-06   0.00078   16.8   0.2   208   244     2    40     1    52 0.83 # 315017 # 316318 # 1 # ID=1_287;partial=00;start_type=ATG;rbs_motif=GGAG/GAGG;rbs_spacer=5-10bp;gc_cont=0.619
NODE_1_length_774295_cov_40.518222_287  -            434 8435at72274          -            458   1.6e-11   42.2   0.2   2   2   7.8e-08   9.4e-06   23.2   0.0   391   445   353   409   327   416 0.86 # 315017 # 316318 # 1 # ID=1_287;partial=00;start_type=ATG;rbs_motif=GGAG/GAGG;rbs_spacer=5-10bp;gc_cont=0.619
NODE_29_length_79520_cov_41.026510_28   -            370 8435at72274          -            458   1.8e-11   42.0   0.0   1   2   2.4e-08   2.9e-06   24.9   0.1   203   251     1    50     1    82 0.85 # 27509 # 28618 # -1 # ID=29_28;partial=00;start_type=ATG;rbs_motif=GGA/GAG/AGG;rbs_spacer=5-10bp;gc_cont=0.625
NODE_29_length_79520_cov_41.026510_28   -            370 8435at72274          -            458   1.8e-11   42.0   0.0   2   2   2.9e-05    0.0035   14.7   0.0   365   438   274   351   255   360 0.76 # 27509 # 28618 # -1 # ID=29_28;partial=00;start_type=ATG;rbs_motif=GGA/GAG/AGG;rbs_spacer=5-10bp;gc_cont=0.625
NODE_1_length_774295_cov_40.518222_531  -            414 8435at72274          -            458   2.8e-10   38.1   1.0   1   2   3.7e-07   4.5e-05   20.9   0.3   206   245     2    43     1    74 0.75 # 563496 # 564737 # 1 # ID=1_531;partial=00;start_type=ATG;rbs_motif=GGA/GAG/AGG;rbs_spacer=5-10bp;gc_cont=0.655
NODE_1_length_774295_cov_40.518222_531  -            414 8435at72274          -            458   2.8e-10   38.1   1.0   2   2   1.4e-05    0.0017   15.7   0.0   390   441   349   402   332   408 0.86 # 563496 # 564737 # 1 # ID=1_531;partial=00;start_type=ATG;rbs_motif=GGA/GAG/AGG;rbs_spacer=5-10bp;gc_cont=0.655
NODE_26_length_94916_cov_39.401122_29   -            418 8435at72274          -            458   4.2e-09   34.2   0.3   1   2   5.5e-08   6.7e-06   23.7   0.2   208   250     8    52     5    68 0.85 # 34986 # 36239 # -1 # ID=26_29;partial=00;start_type=ATG;rbs_motif=GGA/GAG/AGG;rbs_spacer=11-12bp;gc_cont=0.633
NODE_26_length_94916_cov_39.401122_29   -            418 8435at72274          -            458   4.2e-09   34.2   0.3   2   2    0.0022      0.27    8.5   0.0   388   438   350   402   325   409 0.78 # 34986 # 36239 # -1 # ID=26_29;partial=00;start_type=ATG;rbs_motif=GGA/GAG/AGG;rbs_spacer=11-12bp;gc_cont=0.633
NODE_18_length_120383_cov_41.811024_96  -            422 8435at72274          -            458   7.4e-08   30.1   0.0   1   1   1.5e-09   1.8e-07   28.8   0.0   208   255    25    73    19    85 0.91 # 86351 # 87616 # 1 # ID=18_96;partial=00;start_type=ATG;rbs_motif=GGAG/GAGG;rbs_spacer=5-10bp;gc_cont=0.665
NODE_1_length_774295_cov_40.518222_284  -            431 8435at72274          -            458   2.5e-07   28.4   0.9   1   2   1.1e-08   1.3e-06   26.0   0.4   208   249    32    74    23    86 0.90 # 312482 # 313774 # -1 # ID=1_284;partial=00;start_type=ATG;rbs_motif=GGA/GAG/AGG;rbs_spacer=5-10bp;gc_cont=0.633
NODE_1_length_774295_cov_40.518222_284  -            431 8435at72274          -            458   2.5e-07   28.4   0.9   2   2      0.71        86    0.2   0.0   400   438   349   390   303   394 0.83 # 312482 # 313774 # -1 # ID=1_284;partial=00;start_type=ATG;rbs_motif=GGA/GAG/AGG;rbs_spacer=5-10bp;gc_cont=0.633
NODE_39_length_50826_cov_44.432363_1    -            433 8435at72274          -            458   3.2e-07   28.0   0.7   1   2   3.8e-08   4.6e-06   24.2   0.4   207   249    32    75    21    83 0.90 # 117 # 1415 # -1 # ID=39_1;partial=00;start_type=ATG;rbs_motif=None;rbs_spacer=None;gc_cont=0.601
NODE_39_length_50826_cov_44.432363_1    -            433 8435at72274          -            458   3.2e-07   28.0   0.7   2   2      0.26        31    1.7   0.0   389   436   342   389   317   396 0.75 # 117 # 1415 # -1 # ID=39_1;partial=00;start_type=ATG;rbs_motif=None;rbs_spacer=None;gc_cont=0.601
NODE_26_length_94916_cov_39.401122_26   -            428 8435at72274          -            458   6.2e-07   27.1   0.2   1   2   1.3e-06   0.00015   19.2   0.1   208   248    31    72    24    85 0.89 # 31287 # 32570 # -1 # ID=26_26;partial=00;start_type=ATG;rbs_motif=GGAG/GAGG;rbs_spacer=5-10bp;gc_cont=0.618
NODE_26_length_94916_cov_39.401122_26   -            428 8435at72274          -            458   6.2e-07   27.1   0.2   2   2     0.017       2.1    5.6   0.0   400   439   347   387   321   392 0.89 # 31287 # 32570 # -1 # ID=26_26;partial=00;start_type=ATG;rbs_motif=GGAG/GAGG;rbs_spacer=5-10bp;gc_cont=0.618
NODE_7_length_212511_cov_40.052896_137  -            428 8435at72274          -            458   1.5e-06   25.8   0.1   1   2   4.8e-08   5.8e-06   23.9   0.2   208   253    29    75    17    82 0.90 # 155216 # 156499 # -1 # ID=7_137;partial=00;start_type=ATG;rbs_motif=GGAG/GAGG;rbs_spacer=5-10bp;gc_cont=0.635
NODE_7_length_212511_cov_40.052896_137  -            428 8435at72274          -            458   1.5e-06   25.8   0.1   2   2       4.3   5.2e+02   -2.4   0.0   120   158   152   190   150   197 0.84 # 155216 # 156499 # -1 # ID=7_137;partial=00;start_type=ATG;rbs_motif=GGAG/GAGG;rbs_spacer=5-10bp;gc_cont=0.635
NODE_13_length_139524_cov_40.396430_56  -            456 8435at72274          -            458   1.7e-06   25.7   0.1   1   2   3.4e-07   4.1e-05   21.1   0.0   204   257   138   190   128   236 0.80 # 68735 # 70102 # 1 # ID=13_56;partial=00;start_type=GTG;rbs_motif=GGAG/GAGG;rbs_spacer=5-10bp;gc_cont=0.645
NODE_13_length_139524_cov_40.396430_56  -            456 8435at72274          -            458   1.7e-06   25.7   0.1   2   2      0.16        19    2.4   0.0   206   249   274   320   259   342 0.79 # 68735 # 70102 # 1 # ID=13_56;partial=00;start_type=GTG;rbs_motif=GGAG/GAGG;rbs_spacer=5-10bp;gc_cont=0.645
NODE_13_length_139524_cov_40.396430_30  -            680 8435at72274          -            458   2.6e-06   25.0   0.6   1   2   8.7e-08   1.1e-05   23.0   0.2   206   242   377   413   371   421 0.87 # 30514 # 32553 # -1 # ID=13_30;partial=00;start_type=ATG;rbs_motif=GGAG/GAGG;rbs_spacer=5-10bp;gc_cont=0.636
NODE_13_length_139524_cov_40.396430_30  -            680 8435at72274          -            458   2.6e-06   25.0   0.6   2   2       1.5   1.8e+02   -0.9   0.0   206   234   500   528   497   536 0.85 # 30514 # 32553 # -1 # ID=13_30;partial=00;start_type=ATG;rbs_motif=GGAG/GAGG;rbs_spacer=5-10bp;gc_cont=0.636
NODE_1_length_774295_cov_40.518222_453  -            375 8435at72274          -            458   3.1e-06   24.7   0.2   1   1   3.8e-08   4.6e-06   24.2   0.2   208   244     3    40     1    50 0.88 # 488297 # 489421 # 1 # ID=1_453;partial=00;start_type=ATG;rbs_motif=GGAG/GAGG;rbs_spacer=5-10bp;gc_cont=0.641
NODE_44_length_42203_cov_38.699877_8    -            652 8435at72274          -            458   3.9e-06   24.4   0.1   1   1   5.2e-08   6.2e-06   23.8   0.1   196   242   377   423   356   466 0.83 # 7224 # 9179 # -1 # ID=44_8;partial=00;start_type=ATG;rbs_motif=GGAG/GAGG;rbs_spacer=5-10bp;gc_cont=0.640
NODE_18_length_120383_cov_41.811024_79  -            434 8435at72274          -            458     4e-06   24.4   0.1   1   2   1.5e-06   0.00018   18.9   0.1   205   252    24    74    15   104 0.82 # 69432 # 70733 # 1 # ID=18_79;partial=00;start_type=ATG;rbs_motif=GGAG/GAGG;rbs_spacer=5-10bp;gc_cont=0.641
NODE_18_length_120383_cov_41.811024_79  -            434 8435at72274          -            458     4e-06   24.4   0.1   2   2     0.082       9.9    3.3   0.0   399   451   354   404   317   407 0.77 # 69432 # 70733 # 1 # ID=18_79;partial=00;start_type=ATG;rbs_motif=GGAG/GAGG;rbs_spacer=5-10bp;gc_cont=0.641
NODE_1_length_774295_cov_40.518222_605  -            417 8435at72274          -            458   1.2e-05   22.8   0.0   1   2     0.019       2.3    5.4   0.0   207   243    33    71     8   112 0.81 # 648078 # 649328 # 1 # ID=1_605;partial=00;start_type=ATG;rbs_motif=GGAG/GAGG;rbs_spacer=5-10bp;gc_cont=0.627
NODE_1_length_774295_cov_40.518222_605  -            417 8435at72274          -            458   1.2e-05   22.8   0.0   2   2   2.6e-05    0.0031   14.9   0.0   370   444   315   393   274   401 0.82 # 648078 # 649328 # 1 # ID=1_605;partial=00;start_type=ATG;rbs_motif=GGAG/GAGG;rbs_spacer=5-10bp;gc_cont=0.627
NODE_10_length_205580_cov_40.606001_110 -            353 8435at72274          -            458   1.3e-05   22.8   1.0   1   2     1e-07   1.3e-05   22.8   1.0   207   242     7    43     3    55 0.85 # 100608 # 101666 # -1 # ID=10_110;partial=00;start_type=ATG;rbs_motif=GGAG/GAGG;rbs_spacer=5-10bp;gc_cont=0.603
NODE_10_length_205580_cov_40.606001_110 -            353 8435at72274          -            458   1.3e-05   22.8   1.0   2   2       6.5   7.9e+02   -3.0   0.0   393   432   289   329   285   340 0.65 # 100608 # 101666 # -1 # ID=10_110;partial=00;start_type=ATG;rbs_motif=GGAG/GAGG;rbs_spacer=5-10bp;gc_cont=0.603
NODE_1_length_774295_cov_40.518222_595  -            687 8435at72274          -            458   1.3e-05   22.7   0.0   1   2   5.6e-07   6.8e-05   20.3   0.0   207   240   391   424   374   436 0.88 # 634525 # 636585 # 1 # ID=1_595;partial=00;start_type=ATG;rbs_motif=GGAG/GAGG;rbs_spacer=5-10bp;gc_cont=0.624
NODE_1_length_774295_cov_40.518222_595  -            687 8435at72274          -            458   1.3e-05   22.7   0.0   2   2       1.2   1.4e+02   -0.5   0.0   217   239   528   550   515   616 0.82 # 634525 # 636585 # 1 # ID=1_595;partial=00;start_type=ATG;rbs_motif=GGAG/GAGG;rbs_spacer=5-10bp;gc_cont=0.624
NODE_66_length_17250_cov_41.862691_14   -            368 8435at72274          -            458   1.8e-05   22.3   0.2   1   2   5.3e-07   6.4e-05   20.4   0.1   207   245     4    43     1    58 0.85 # 14978 # 16081 # 1 # ID=66_14;partial=00;start_type=ATG;rbs_motif=GGAGG;rbs_spacer=5-10bp;gc_cont=0.651
NODE_66_length_17250_cov_41.862691_14   -            368 8435at72274          -            458   1.8e-05   22.3   0.2   2   2       2.3   2.7e+02   -1.4   0.0   398   440   308   353   284   366 0.68 # 14978 # 16081 # 1 # ID=66_14;partial=00;start_type=ATG;rbs_motif=GGAGG;rbs_spacer=5-10bp;gc_cont=0.651
NODE_20_length_107058_cov_41.127340_91  -            525 8435at72274          -            458   1.8e-05   22.2   0.8   1   2   5.7e-07   6.9e-05   20.3   0.5   205   237    49    81     8    89 0.92 # 92937 # 94511 # -1 # ID=20_91;partial=00;start_type=ATG;rbs_motif=AGGAG;rbs_spacer=5-10bp;gc_cont=0.635
NODE_20_length_107058_cov_41.127340_91  -            525 8435at72274          -            458   1.8e-05   22.2   0.8   2   2         2   2.4e+02   -1.3   0.0   327   346   164   183   146   191 0.83 # 92937 # 94511 # -1 # ID=20_91;partial=00;start_type=ATG;rbs_motif=AGGAG;rbs_spacer=5-10bp;gc_cont=0.635
NODE_1_length_774295_cov_40.518222_569  -            393 8435at72274          -            458   3.1e-05   21.5   1.2   1   1   3.7e-07   4.5e-05   20.9   1.2   205   241     2    38     1    48 0.90 # 603475 # 604653 # -1 # ID=1_569;partial=00;start_type=GTG;rbs_motif=GGAG/GAGG;rbs_spacer=5-10bp;gc_cont=0.618
NODE_16_length_124183_cov_40.474949_32  -            329 8435at72274          -            458   0.00011   19.6   0.0   1   1   1.1e-06   0.00013   19.4   0.0   209   242     5    38     1    96 0.88 # 29673 # 30659 # 1 # ID=16_32;partial=00;start_type=ATG;rbs_motif=GGAG/GAGG;rbs_spacer=5-10bp;gc_cont=0.650
NODE_46_length_38784_cov_43.437983_25   -            513 8435at72274          -            458   0.00013   19.4   0.0   1   1   1.7e-06   0.00021   18.7   0.0   208   270    16    79    10    97 0.87 # 26621 # 28159 # 1 # ID=46_25;partial=00;start_type=ATG;rbs_motif=GGAG/GAGG;rbs_spacer=5-10bp;gc_cont=0.619
NODE_10_length_205580_cov_40.606001_195 -            378 8435at72274          -            458   0.00015   19.2   0.2   1   1   1.6e-06    0.0002   18.8   0.2   203   240     1    38     1    69 0.89 # 182931 # 184064 # -1 # ID=10_195;partial=00;start_type=ATG;rbs_motif=GGAG/GAGG;rbs_spacer=5-10bp;gc_cont=0.631
NODE_18_length_120383_cov_41.811024_43  -            430 8435at72274          -            458   0.00017   19.0   0.5   1   2   0.00086       0.1    9.8   0.1   207   241     8    42     2    48 0.86 # 35735 # 37024 # 1 # ID=18_43;partial=00;start_type=ATG;rbs_motif=AGGA;rbs_spacer=5-10bp;gc_cont=0.647
NODE_18_length_120383_cov_41.811024_43  -            430 8435at72274          -            458   0.00017   19.0   0.5   2   2    0.0057      0.68    7.1   0.0   204   234   166   196   157   202 0.90 # 35735 # 37024 # 1 # ID=18_43;partial=00;start_type=ATG;rbs_motif=AGGA;rbs_spacer=5-10bp;gc_cont=0.647
NODE_1_length_774295_cov_40.518222_381  -            408 8435at72274          -            458   0.00018   18.9   0.1   1   1     3e-06   0.00037   17.9   0.0   208   265     6    63     1    70 0.92 # 412620 # 413843 # 1 # ID=1_381;partial=00;start_type=ATG;rbs_motif=GGA/GAG/AGG;rbs_spacer=5-10bp;gc_cont=0.656
NODE_13_length_139524_cov_40.396430_105 -            518 8435at72274          -            458   0.00033   18.1   2.6   1   2    0.0091       1.1    6.5   1.0   185   233   187   238   178   246 0.77 # 110520 # 112073 # 1 # ID=13_105;partial=00;start_type=ATG;rbs_motif=AGGA;rbs_spacer=5-10bp;gc_cont=0.600
NODE_13_length_139524_cov_40.396430_105 -            518 8435at72274          -            458   0.00033   18.1   2.6   2   2    0.0004     0.048   11.0   0.0   204   240   352   388   347   412 0.84 # 110520 # 112073 # 1 # ID=13_105;partial=00;start_type=ATG;rbs_motif=AGGA;rbs_spacer=5-10bp;gc_cont=0.600
NODE_1_length_774295_cov_40.518222_659  -            568 8435at72274          -            458   0.00038   17.9   0.3   1   2   2.7e-05    0.0033   14.8   0.2   192   238    38    84    35    90 0.86 # 706373 # 708076 # -1 # ID=1_659;partial=00;start_type=ATG;rbs_motif=GGA/GAG/AGG;rbs_spacer=5-10bp;gc_cont=0.617
NODE_1_length_774295_cov_40.518222_659  -            568 8435at72274          -            458   0.00038   17.9   0.3   2   2      0.49        59    0.8   0.0    91   166   288   366   220   377 0.75 # 706373 # 708076 # -1 # ID=1_659;partial=00;start_type=ATG;rbs_motif=GGA/GAG/AGG;rbs_spacer=5-10bp;gc_cont=0.617
NODE_25_length_96887_cov_39.345729_79   -            411 8435at72274          -            458    0.0005   17.5   0.0   1   1   5.7e-06   0.00069   17.0   0.0   207   320     9   124     3   138 0.75 # 82108 # 83340 # -1 # ID=25_79;partial=00;start_type=ATG;rbs_motif=None;rbs_spacer=None;gc_cont=0.624
NODE_5_length_234169_cov_39.787549_126  -            465 8435at72274          -            458   0.00096   16.6   0.2   1   3     0.008      0.97    6.6   0.1   208   253     7    52     2    73 0.81 # 127905 # 129299 # -1 # ID=5_126;partial=00;start_type=ATG;rbs_motif=AGGAG;rbs_spacer=5-10bp;gc_cont=0.601
NODE_5_length_234169_cov_39.787549_126  -            465 8435at72274          -            458   0.00096   16.6   0.2   2   3    0.0061      0.73    7.0   0.0   207   237   176   206   171   222 0.90 # 127905 # 129299 # -1 # ID=5_126;partial=00;start_type=ATG;rbs_motif=AGGAG;rbs_spacer=5-10bp;gc_cont=0.601
NODE_5_length_234169_cov_39.787549_126  -            465 8435at72274          -            458   0.00096   16.6   0.2   3   3         5     6e+02   -2.6   0.0   241   272   384   413   339   428 0.60 # 127905 # 129299 # -1 # ID=5_126;partial=00;start_type=ATG;rbs_motif=AGGAG;rbs_spacer=5-10bp;gc_cont=0.601
NODE_20_length_107058_cov_41.127340_63  -            252 8435at72274          -            458    0.0021   15.4   0.1   1   1   1.8e-05    0.0021   15.4   0.1   197   241     4    49     1   164 0.81 # 63398 # 64153 # -1 # ID=20_63;partial=00;start_type=ATG;rbs_motif=GGAG/GAGG;rbs_spacer=5-10bp;gc_cont=0.648
NODE_10_length_205580_cov_40.606001_203 -            506 8435at72274          -            458    0.0033   14.8   1.0   1   2     0.024       2.9    5.1   0.0   206   235   115   144   109   161 0.84 # 193904 # 195421 # -1 # ID=10_203;partial=00;start_type=ATG;rbs_motif=AGGAG;rbs_spacer=5-10bp;gc_cont=0.628
NODE_10_length_205580_cov_40.606001_203 -            506 8435at72274          -            458    0.0033   14.8   1.0   2   2     0.003      0.36    8.1   0.2   206   238   254   286   241   304 0.87 # 193904 # 195421 # -1 # ID=10_203;partial=00;start_type=ATG;rbs_motif=AGGAG;rbs_spacer=5-10bp;gc_cont=0.628
NODE_5_length_234169_cov_39.787549_79   -            247 8435at72274          -            458    0.0056   14.0   0.0   1   1   6.5e-05    0.0078   13.5   0.0   199   241     6    49     2   100 0.79 # 81934 # 82674 # 1 # ID=5_79;partial=00;start_type=ATG;rbs_motif=GGAG/GAGG;rbs_spacer=5-10bp;gc_cont=0.625
NODE_36_length_63664_cov_38.413025_3    -            818 8435at72274          -            458    0.0064   13.8   0.1   1   2         5   6.1e+02   -2.6   0.0   207   225     4    22     1    43 0.78 # 3444 # 5897 # 1 # ID=36_3;partial=00;start_type=ATG;rbs_motif=GGAG/GAGG;rbs_spacer=5-10bp;gc_cont=0.604
NODE_36_length_63664_cov_38.413025_3    -            818 8435at72274          -            458    0.0064   13.8   0.1   2   2   0.00014     0.018   12.4   0.2   206   236   145   175   132   191 0.89 # 3444 # 5897 # 1 # ID=36_3;partial=00;start_type=ATG;rbs_motif=GGAG/GAGG;rbs_spacer=5-10bp;gc_cont=0.604
NODE_16_length_124183_cov_40.474949_39  -            416 8435at72274          -            458    0.0084   13.4   0.2   1   1   0.00012     0.014   12.7   0.1   208   237     2    30     1    42 0.85 # 35525 # 36772 # 1 # ID=16_39;partial=00;start_type=GTG;rbs_motif=AGGA;rbs_spacer=5-10bp;gc_cont=0.606
NODE_1_length_774295_cov_40.518222_468  -            532 8435at72274          -            458     0.009   13.3   0.0   1   1   0.00012     0.015   12.6   0.0   182   242     8    66     3    73 0.78 # 505420 # 507015 # -1 # ID=1_468;partial=00;start_type=ATG;rbs_motif=GGA/GAG/AGG;rbs_spacer=5-10bp;gc_cont=0.628
NODE_50_length_36684_cov_37.984429_32   -            433 8435at72274          -            458    0.0097   13.2   0.5   1   1   0.00017      0.02   12.2   0.5   208   237    30    60    23    80 0.80 # 30254 # 31552 # 1 # ID=50_32;partial=00;start_type=ATG;rbs_motif=GGA/GAG/AGG;rbs_spacer=5-10bp;gc_cont=0.614
NODE_41_length_48511_cov_41.050460_7    -            379 8435at72274          -            458      0.01   13.1   0.2   1   2    0.0022      0.27    8.5   0.1   207   242     4    38     1    63 0.74 # 8447 # 9583 # -1 # ID=41_7;partial=00;start_type=ATG;rbs_motif=AGGAG;rbs_spacer=5-10bp;gc_cont=0.645
NODE_41_length_48511_cov_41.050460_7    -            379 8435at72274          -            458      0.01   13.1   0.2   2   2      0.12        15    2.8   0.0   406   441   321   356   274   375 0.80 # 8447 # 9583 # -1 # ID=41_7;partial=00;start_type=ATG;rbs_motif=AGGAG;rbs_spacer=5-10bp;gc_cont=0.645
NODE_2_length_306509_cov_40.703115_185  -            473 8435at72274          -            458     0.014   12.7   0.0   1   1   0.00019     0.023   12.0   0.0   205   242   148   185   117   239 0.88 # 204448 # 205866 # 1 # ID=2_185;partial=00;start_type=ATG;rbs_motif=GGAG/GAGG;rbs_spacer=5-10bp;gc_cont=0.611
NODE_1_length_774295_cov_40.518222_607  -           1006 8435at72274          -            458     0.017   12.5   0.1   1   1   0.00024     0.028   11.7   0.1   206   243   170   207   162   210 0.86 # 649643 # 652660 # 1 # ID=1_607;partial=00;start_type=ATG;rbs_motif=GGAG/GAGG;rbs_spacer=5-10bp;gc_cont=0.627
NODE_2_length_306509_cov_40.703115_250  -            392 8435at72274          -            458     0.017   12.5   0.8   1   1   0.00022     0.026   11.8   0.8   207   251     7    52     3    63 0.84 # 286920 # 288095 # -1 # ID=2_250;partial=00;start_type=ATG;rbs_motif=GGAG/GAGG;rbs_spacer=5-10bp;gc_cont=0.655
NODE_6_length_229612_cov_40.254654_150  -            469 8435at72274          -            458     0.018   12.3   0.2   1   2   0.00049      0.06   10.6   0.1   208   265    31    91    27   134 0.77 # 190752 # 192158 # -1 # ID=6_150;partial=00;start_type=ATG;rbs_motif=GGAG/GAGG;rbs_spacer=5-10bp;gc_cont=0.647
NODE_6_length_229612_cov_40.254654_150  -            469 8435at72274          -            458     0.018   12.3   0.2   2   2       4.5   5.5e+02   -2.4   0.0   408   443   367   402   323   406 0.85 # 190752 # 192158 # -1 # ID=6_150;partial=00;start_type=ATG;rbs_motif=GGAG/GAGG;rbs_spacer=5-10bp;gc_cont=0.647
NODE_21_length_101377_cov_39.024353_28  -            700 8435at72274          -            458     0.023   12.0   0.0   1   1   0.00033      0.04   11.2   0.0   175   267   313   398   305   430 0.77 # 28321 # 30420 # -1 # ID=21_28;partial=00;start_type=ATG;rbs_motif=GGAG/GAGG;rbs_spacer=5-10bp;gc_cont=0.568
NODE_5_length_234169_cov_39.787549_50   -            377 8435at72274          -            458     0.024   11.9   0.1   1   1   0.00039     0.048   11.0   0.1   208   249    12    57     7    63 0.84 # 45603 # 46733 # -1 # ID=5_50;partial=00;start_type=ATG;rbs_motif=None;rbs_spacer=None;gc_cont=0.453
NODE_1_length_774295_cov_40.518222_65   -            595 8435at72274          -            458     0.028   11.7   0.0   1   1   0.00035     0.042   11.1   0.0   203   243     4    44     2    81 0.86 # 66634 # 68418 # -1 # ID=1_65;partial=00;start_type=GTG;rbs_motif=GGAG/GAGG;rbs_spacer=5-10bp;gc_cont=0.603
NODE_30_length_78582_cov_40.333788_44   -            578 8435at72274          -            458     0.032   11.5   0.0   1   2     0.003      0.36    8.1   0.0   208   242    11    47     2    71 0.82 # 42956 # 44689 # -1 # ID=30_44;partial=00;start_type=GTG;rbs_motif=GGAG/GAGG;rbs_spacer=5-10bp;gc_cont=0.618
NODE_30_length_78582_cov_40.333788_44   -            578 8435at72274          -            458     0.032   11.5   0.0   2   2      0.44        53    0.9   0.0   270   330   137   197   119   203 0.89 # 42956 # 44689 # -1 # ID=30_44;partial=00;start_type=GTG;rbs_motif=GGAG/GAGG;rbs_spacer=5-10bp;gc_cont=0.618
NODE_17_length_120857_cov_41.637092_22  -            479 8435at72274          -            458     0.038   11.3   1.4   1   2     0.036       4.3    4.5   0.2   208   240     6    38     1    47 0.86 # 26405 # 27841 # -1 # ID=17_22;partial=00;start_type=ATG;rbs_motif=GGAG/GAGG;rbs_spacer=5-10bp;gc_cont=0.576
NODE_17_length_120857_cov_41.637092_22  -            479 8435at72274          -            458     0.038   11.3   1.4   2   2      0.02       2.4    5.4   0.1   208   237   183   212   178   230 0.88 # 26405 # 27841 # -1 # ID=17_22;partial=00;start_type=ATG;rbs_motif=GGAG/GAGG;rbs_spacer=5-10bp;gc_cont=0.576
NODE_11_length_166683_cov_41.036013_53  -            512 8435at72274          -            458     0.041   11.2   0.0   1   2    0.0063      0.77    7.0   0.1   207   231     7    31     2    46 0.80 # 57373 # 58908 # -1 # ID=11_53;partial=00;start_type=ATG;rbs_motif=GGAG/GAGG;rbs_spacer=5-10bp;gc_cont=0.630
NODE_11_length_166683_cov_41.036013_53  -            512 8435at72274          -            458     0.041   11.2   0.0   2   2       0.3        36    1.5   0.0   203   238   169   204   153   207 0.83 # 57373 # 58908 # -1 # ID=11_53;partial=00;start_type=ATG;rbs_motif=GGAG/GAGG;rbs_spacer=5-10bp;gc_cont=0.630
NODE_10_length_205580_cov_40.606001_142 -            398 8435at72274          -            458     0.047   11.0   0.0   1   2    0.0013      0.15    9.3   0.0   209   253     5    53     2    81 0.74 # 132205 # 133398 # -1 # ID=10_142;partial=00;start_type=ATG;rbs_motif=GGA/GAG/AGG;rbs_spacer=11-12bp;gc_cont=0.619
NODE_10_length_205580_cov_40.606001_142 -            398 8435at72274          -            458     0.047   11.0   0.0   2   2       2.5     3e+02   -1.6   0.0   260   315   312   368   301   379 0.82 # 132205 # 133398 # -1 # ID=10_142;partial=00;start_type=ATG;rbs_motif=GGA/GAG/AGG;rbs_spacer=11-12bp;gc_cont=0.619
NODE_14_length_139126_cov_49.893929_4   -            339 8435at72274          -            458     0.055   10.8   0.1   1   1   0.00068     0.082   10.2   0.1   202   250    12    61     6   100 0.80 # 2784 # 3800 # -1 # ID=14_4;partial=00;start_type=ATG;rbs_motif=GGAG/GAGG;rbs_spacer=5-10bp;gc_cont=0.570
NODE_12_length_160437_cov_39.552850_55  -            716 8435at72274          -            458     0.077   10.3   0.5   1   1    0.0011      0.13    9.5   0.5   206   258   316   370   304   382 0.81 # 54221 # 56368 # -1 # ID=12_55;partial=00;start_type=ATG;rbs_motif=AGGA;rbs_spacer=5-10bp;gc_cont=0.622
NODE_17_length_120857_cov_41.637092_26  -            592 8435at72274          -            458     0.091   10.0   0.6   1   1    0.0012      0.14    9.4   0.6   208   237    11    40     6    61 0.86 # 33033 # 34808 # -1 # ID=17_26;partial=00;start_type=ATG;rbs_motif=None;rbs_spacer=None;gc_cont=0.594
#
# Program:         hmmsearch
# Version:         3.1b2 (February 2015)
# Pipeline mode:   SEARCH
# Query file:      /data2/PEG/hoaxaca/REAA/Pseudomonas/bin/busco_downloads/lineages/pseudomonadales_odb10/hmms/8435at72274.hmm
# Target file:     /data2/PEG/hoaxaca/REAA/Pseudomonas/bin/../out/busco/trim_75.spades_def/prodigal_output/predicted_genes/predicted.faa
# Option settings: hmmsearch --domtblout /data2/PEG/hoaxaca/REAA/Pseudomonas/bin/../out/busco/trim_75.spades_def/run_pseudomonadales_odb10/hmmer_output/8435at72274.out --cpu 1 /data2/PEG/hoaxaca/REAA/Pseudomonas/bin/busco_downloads/lineages/pseudomonadales_odb10/hmms/8435at72274.hmm /data2/PEG/hoaxaca/REAA/Pseudomonas/bin/../out/busco/trim_75.spades_def/prodigal_output/predicted_genes/predicted.faa 
# Current dir:     /data2/PEG/hoaxaca/REAA/Pseudomonas/bin
# Date:            Mon Feb 20 00:35:48 2023
# [ok]
