#                                                                                              --- full sequence --- -------------- this domain -------------   hmm coord   ali coord   env coord
# target name                          accession   tlen query name           accession   qlen   E-value  score  bias   #  of  c-Evalue  i-Evalue  score  bias  from    to  from    to  from    to  acc description of target
#                  ------------------- ---------- ----- -------------------- ---------- ----- --------- ------ ----- --- --- --------- --------- ------ ----- ----- ----- ----- ----- ----- ----- ---- ---------------------
NODE_22_length_100940_cov_39.218078_15 -            404 9189at72274          -            359  3.6e-189  626.9   0.0   1   1  1.5e-191  4.1e-189  626.7   0.0     1   359     5   398     5   398 0.95 # 14220 # 15431 # -1 # ID=22_15;partial=00;start_type=ATG;rbs_motif=AGGA;rbs_spacer=5-10bp;gc_cont=0.619
NODE_5_length_234169_cov_39.787549_71  -            371 9189at72274          -            359   6.8e-47  158.8   0.0   1   2   4.1e-46   1.1e-43  148.2   0.0     5   270    13   298    10   303 0.84 # 71412 # 72524 # -1 # ID=5_71;partial=00;start_type=ATG;rbs_motif=GGAG/GAGG;rbs_spacer=5-10bp;gc_cont=0.615
NODE_5_length_234169_cov_39.787549_71  -            371 9189at72274          -            359   6.8e-47  158.8   0.0   2   2    0.0011       0.3    8.6   0.0   316   357   324   365   318   367 0.79 # 71412 # 72524 # -1 # ID=5_71;partial=00;start_type=ATG;rbs_motif=GGAG/GAGG;rbs_spacer=5-10bp;gc_cont=0.615
NODE_50_length_36684_cov_37.984429_3   -            410 9189at72274          -            359   1.8e-35  121.2   0.0   1   1   8.6e-38   2.4e-35  120.8   0.0    19   349    30   387    16   399 0.75 # 1767 # 2996 # 1 # ID=50_3;partial=00;start_type=ATG;rbs_motif=GGAG/GAGG;rbs_spacer=5-10bp;gc_cont=0.649
NODE_19_length_115842_cov_39.639226_66 -            406 9189at72274          -            359   1.3e-31  108.6   0.0   1   1   5.9e-34   1.6e-31  108.2   0.0    17   350    27   382    12   391 0.77 # 63507 # 64724 # -1 # ID=19_66;partial=00;start_type=ATG;rbs_motif=GGAG/GAGG;rbs_spacer=5-10bp;gc_cont=0.612
NODE_33_length_67245_cov_39.996591_7   -            403 9189at72274          -            359   1.3e-31  108.5   0.0   1   1   6.2e-34   1.7e-31  108.1   0.0    10   349    17   385     8   394 0.80 # 8943 # 10151 # -1 # ID=33_7;partial=00;start_type=ATG;rbs_motif=GGA/GAG/AGG;rbs_spacer=5-10bp;gc_cont=0.639
NODE_6_length_229612_cov_40.254654_107 -            665 9189at72274          -            359   3.1e-28   97.4   0.0   1   1   1.7e-30   4.6e-28   96.9   0.0    22   358    28   385    16   386 0.73 # 134530 # 136524 # -1 # ID=6_107;partial=00;start_type=ATG;rbs_motif=GGAG/GAGG;rbs_spacer=5-10bp;gc_cont=0.625
NODE_31_length_69300_cov_43.335727_11  -            401 9189at72274          -            359   3.5e-28   97.2   0.0   1   1   1.5e-30   4.2e-28   97.0   0.0    23   355    29   382    17   386 0.75 # 9309 # 10511 # -1 # ID=31_11;partial=00;start_type=ATG;rbs_motif=AGGAG;rbs_spacer=5-10bp;gc_cont=0.633
NODE_8_length_206175_cov_40.775641_32  -            404 9189at72274          -            359   1.3e-26   92.1   0.0   1   1     6e-29   1.7e-26   91.7   0.0    18   346    24   380     6   392 0.77 # 35421 # 36632 # 1 # ID=8_32;partial=00;start_type=ATG;rbs_motif=GGAGG;rbs_spacer=5-10bp;gc_cont=0.647
NODE_4_length_235494_cov_41.884601_71  -            383 9189at72274          -            359   1.6e-26   91.8   0.0   1   1   6.1e-29   1.7e-26   91.7   0.0    31   254    27   270     7   362 0.81 # 87140 # 88288 # -1 # ID=4_71;partial=00;start_type=ATG;rbs_motif=GGA/GAG/AGG;rbs_spacer=5-10bp;gc_cont=0.611
NODE_32_length_68942_cov_40.316983_18  -            400 9189at72274          -            359   4.7e-22   77.1   0.0   1   1   3.9e-24   1.1e-21   75.9   0.0    26   330    29   357    18   366 0.77 # 21204 # 22403 # -1 # ID=32_18;partial=00;start_type=ATG;rbs_motif=GGA/GAG/AGG;rbs_spacer=5-10bp;gc_cont=0.637
NODE_14_length_139126_cov_49.893929_18 -            391 9189at72274          -            359   3.3e-19   67.7   0.0   1   1   2.3e-21   6.4e-19   66.8   0.0    19   358    25   381    19   383 0.76 # 16654 # 17826 # -1 # ID=14_18;partial=00;start_type=ATG;rbs_motif=AGGA;rbs_spacer=5-10bp;gc_cont=0.617
NODE_9_length_205643_cov_41.075912_91  -            351 9189at72274          -            359   2.5e-17   61.5   0.0   1   1   1.2e-19   3.4e-17   61.1   0.0    26   239    24   234    12   342 0.82 # 99604 # 100656 # 1 # ID=9_91;partial=00;start_type=ATG;rbs_motif=GGA/GAG/AGG;rbs_spacer=5-10bp;gc_cont=0.617
NODE_73_length_14166_cov_37.585421_6   -            383 9189at72274          -            359   9.1e-11   40.0   0.0   1   1   6.7e-13   1.9e-10   38.9   0.0    39   356    34   376    26   379 0.71 # 6882 # 8030 # -1 # ID=73_6;partial=00;start_type=ATG;rbs_motif=GGA/GAG/AGG;rbs_spacer=5-10bp;gc_cont=0.637
NODE_36_length_63664_cov_38.413025_16  -            475 9189at72274          -            359   8.1e-08   30.3   0.0   1   1   4.6e-10   1.3e-07   29.6   0.0    51   227   137   327   121   340 0.78 # 18949 # 20373 # -1 # ID=36_16;partial=00;start_type=ATG;rbs_motif=GGA/GAG/AGG;rbs_spacer=5-10bp;gc_cont=0.620
NODE_21_length_101377_cov_39.024353_2  -            330 9189at72274          -            359   3.6e-07   28.1   0.0   1   1   1.9e-09   5.2e-07   27.6   0.0   157   227   127   206   116   218 0.81 # 1574 # 2563 # -1 # ID=21_2;partial=00;start_type=ATG;rbs_motif=GGxGG;rbs_spacer=5-10bp;gc_cont=0.648
NODE_8_length_206175_cov_40.775641_48  -            470 9189at72274          -            359     1e-06   26.7   0.0   1   1   7.3e-09     2e-06   25.6   0.0    84   263   169   363   146   385 0.69 # 62162 # 63571 # -1 # ID=8_48;partial=00;start_type=ATG;rbs_motif=GGA/GAG/AGG;rbs_spacer=5-10bp;gc_cont=0.624
NODE_10_length_205580_cov_40.606001_32 -            443 9189at72274          -            359   3.6e-05   21.6   0.0   1   1   1.9e-07   5.3e-05   21.0   0.0    54   227   117   304    88   319 0.83 # 31133 # 32461 # 1 # ID=10_32;partial=00;start_type=ATG;rbs_motif=GGA/GAG/AGG;rbs_spacer=5-10bp;gc_cont=0.664
NODE_51_length_36244_cov_40.818343_23  -            475 9189at72274          -            359   0.00032   18.4   0.0   1   1   1.5e-06   0.00042   18.0   0.0    82   240   169   340   125   402 0.73 # 23462 # 24886 # -1 # ID=51_23;partial=00;start_type=ATG;rbs_motif=GGA/GAG/AGG;rbs_spacer=5-10bp;gc_cont=0.624
NODE_12_length_160437_cov_39.552850_67 -            480 9189at72274          -            359   0.00063   17.5   0.0   1   1   3.1e-06   0.00086   17.0   0.0    56   266   140   368   122   441 0.74 # 65346 # 66785 # -1 # ID=12_67;partial=00;start_type=ATG;rbs_motif=GGA/GAG/AGG;rbs_spacer=5-10bp;gc_cont=0.622
NODE_39_length_50826_cov_44.432363_21  -            415 9189at72274          -            359    0.0044   14.7   0.0   1   1   2.8e-05    0.0079   13.8   0.0    99   181    95   177    86   209 0.80 # 19961 # 21205 # 1 # ID=39_21;partial=00;start_type=ATG;rbs_motif=AGGAG;rbs_spacer=5-10bp;gc_cont=0.637
NODE_5_length_234169_cov_39.787549_62  -            383 9189at72274          -            359    0.0061   14.2   0.1   1   1   3.2e-05    0.0089   13.7   0.1    96   187    61   154    45   161 0.80 # 60614 # 61762 # -1 # ID=5_62;partial=00;start_type=ATG;rbs_motif=GGA/GAG/AGG;rbs_spacer=5-10bp;gc_cont=0.493
NODE_22_length_100940_cov_39.218078_64 -            389 9189at72274          -            359    0.0097   13.6   0.0   1   1   4.3e-05     0.012   13.2   0.0    87   230    84   241    78   318 0.82 # 66367 # 67533 # 1 # ID=22_64;partial=00;start_type=ATG;rbs_motif=None;rbs_spacer=None;gc_cont=0.622
NODE_67_length_16334_cov_37.065510_2   -            468 9189at72274          -            359     0.048   11.3   0.0   1   1   0.00021     0.057   11.0   0.0    91   293   181   395   135   447 0.70 # 1333 # 2736 # -1 # ID=67_2;partial=00;start_type=ATG;rbs_motif=AGGA;rbs_spacer=5-10bp;gc_cont=0.632
#
# Program:         hmmsearch
# Version:         3.1b2 (February 2015)
# Pipeline mode:   SEARCH
# Query file:      /data2/PEG/hoaxaca/REAA/Pseudomonas/bin/busco_downloads/lineages/pseudomonadales_odb10/hmms/9189at72274.hmm
# Target file:     /data2/PEG/hoaxaca/REAA/Pseudomonas/bin/../out/busco/trim_75.spades_def/prodigal_output/predicted_genes/predicted.faa
# Option settings: hmmsearch --domtblout /data2/PEG/hoaxaca/REAA/Pseudomonas/bin/../out/busco/trim_75.spades_def/run_pseudomonadales_odb10/hmmer_output/9189at72274.out --cpu 1 /data2/PEG/hoaxaca/REAA/Pseudomonas/bin/busco_downloads/lineages/pseudomonadales_odb10/hmms/9189at72274.hmm /data2/PEG/hoaxaca/REAA/Pseudomonas/bin/../out/busco/trim_75.spades_def/prodigal_output/predicted_genes/predicted.faa 
# Current dir:     /data2/PEG/hoaxaca/REAA/Pseudomonas/bin
# Date:            Mon Feb 20 00:35:49 2023
# [ok]
