#                                                                                               --- full sequence --- -------------- this domain -------------   hmm coord   ali coord   env coord
# target name                           accession   tlen query name           accession   qlen   E-value  score  bias   #  of  c-Evalue  i-Evalue  score  bias  from    to  from    to  from    to  acc description of target
#                   ------------------- ---------- ----- -------------------- ---------- ----- --------- ------ ----- --- --- --------- --------- ------ ----- ----- ----- ----- ----- ----- ----- ---- ---------------------
NODE_22_length_102888_cov_11.104797_44  -            539 11534at72274         -            422  1.3e-165  550.0   7.1   1   2  1.8e-114  1.5e-112  375.2   2.8     1   319     2   399     2   408 0.86 # 47013 # 48629 # 1 # ID=22_44;partial=00;start_type=GTG;rbs_motif=None;rbs_spacer=None;gc_cont=0.640
NODE_22_length_102888_cov_11.104797_44  -            539 11534at72274         -            422  1.3e-165  550.0   7.1   2   2     1e-52   8.5e-51  171.7   0.1   321   422   420   533   411   533 0.94 # 47013 # 48629 # 1 # ID=22_44;partial=00;start_type=GTG;rbs_motif=None;rbs_spacer=None;gc_cont=0.640
NODE_9_length_129693_cov_11.453298_102  -            426 11534at72274         -            422   2.1e-69  233.0   2.4   1   1   4.3e-70   3.5e-68  229.0   2.4   170   419   135   422    72   425 0.82 # 91718 # 92995 # 1 # ID=9_102;partial=00;start_type=ATG;rbs_motif=GGAGG;rbs_spacer=5-10bp;gc_cont=0.632
NODE_33_length_81661_cov_11.531521_10   -            432 11534at72274         -            422   1.6e-68  230.1   0.4   1   1   1.8e-68   1.5e-66  223.6   0.4    91   418    40   428    21   431 0.69 # 9065 # 10360 # -1 # ID=33_10;partial=00;start_type=ATG;rbs_motif=GGA/GAG/AGG;rbs_spacer=5-10bp;gc_cont=0.644
NODE_45_length_65388_cov_11.949464_64   -            432 11534at72274         -            422   3.4e-40  136.8   0.0   1   1   1.3e-41   1.1e-39  135.2   0.0   155   415   129   422    73   427 0.75 # 56363 # 57658 # -1 # ID=45_64;partial=00;start_type=ATG;rbs_motif=GGAG/GAGG;rbs_spacer=5-10bp;gc_cont=0.632
NODE_24_length_101630_cov_11.241934_17  -            464 11534at72274         -            422   6.7e-38  129.2   1.8   1   1   1.3e-39     1e-37  128.6   1.8   162   408   180   447   160   460 0.73 # 18591 # 19982 # 1 # ID=24_17;partial=00;start_type=GTG;rbs_motif=None;rbs_spacer=None;gc_cont=0.601
NODE_1_length_244313_cov_11.646614_108  -            346 11534at72274         -            422   1.5e-37  128.1   0.9   1   1   1.9e-39   1.6e-37  128.0   0.0   174   419    72   343    64   345 0.81 # 132828 # 133865 # 1 # ID=1_108;partial=00;start_type=ATG;rbs_motif=GGA/GAG/AGG;rbs_spacer=5-10bp;gc_cont=0.649
NODE_65_length_38398_cov_11.222780_32   -            438 11534at72274         -            422   3.3e-37  127.0   0.1   1   1   8.7e-39   7.2e-37  125.8   0.1   174   407   153   415   131   427 0.77 # 36964 # 38277 # 1 # ID=65_32;partial=00;start_type=ATG;rbs_motif=None;rbs_spacer=None;gc_cont=0.618
NODE_18_length_107718_cov_12.162170_19  -            440 11534at72274         -            422   4.7e-35  119.9   0.0   1   1   8.8e-37   7.3e-35  119.2   0.0   171   419   163   438   152   439 0.78 # 19450 # 20769 # 1 # ID=18_19;partial=00;start_type=ATG;rbs_motif=None;rbs_spacer=None;gc_cont=0.627
NODE_46_length_65058_cov_10.835749_14   -            435 11534at72274         -            422   2.8e-34  117.3   0.2   1   1   6.9e-36   5.7e-34  116.3   0.2   156   406   148   420   129   428 0.71 # 14185 # 15489 # 1 # ID=46_14;partial=00;start_type=ATG;rbs_motif=GGA/GAG/AGG;rbs_spacer=5-10bp;gc_cont=0.634
NODE_74_length_31440_cov_11.207326_12   -            490 11534at72274         -            422   3.6e-33  113.6   0.0   1   1   3.4e-34   2.8e-32  110.7   0.0   164   413   208   478   190   487 0.77 # 13435 # 14904 # 1 # ID=74_12;partial=00;start_type=ATG;rbs_motif=None;rbs_spacer=None;gc_cont=0.631
NODE_22_length_102888_cov_11.104797_65  -            457 11534at72274         -            422   4.7e-33  113.3   1.0   1   1   9.1e-34   7.6e-32  109.3   1.0   177   403   179   439   157   448 0.74 # 67227 # 68597 # 1 # ID=22_65;partial=00;start_type=ATG;rbs_motif=GGA/GAG/AGG;rbs_spacer=5-10bp;gc_cont=0.631
NODE_10_length_127481_cov_12.758602_104 -            468 11534at72274         -            422   1.5e-30  105.0   0.6   1   1   1.2e-31   9.7e-30  102.4   0.6   117   406   114   446    97   461 0.76 # 94972 # 96375 # 1 # ID=10_104;partial=00;start_type=ATG;rbs_motif=GGAGG;rbs_spacer=5-10bp;gc_cont=0.631
NODE_85_length_22158_cov_10.693387_1    -            409 11534at72274         -            422   2.5e-29  101.0   0.2   1   2      0.86        71    0.7   0.0     1    30     2    32     2    53 0.90 # 3 # 1229 # -1 # ID=85_1;partial=10;start_type=GTG;rbs_motif=GGAG/GAGG;rbs_spacer=5-10bp;gc_cont=0.658
NODE_85_length_22158_cov_10.693387_1    -            409 11534at72274         -            422   2.5e-29  101.0   0.2   2   2   4.6e-30   3.8e-28   97.1   0.1   162   390   143   409   119   409 0.67 # 3 # 1229 # -1 # ID=85_1;partial=10;start_type=GTG;rbs_motif=GGAG/GAGG;rbs_spacer=5-10bp;gc_cont=0.658
NODE_2_length_235110_cov_11.837397_162  -            466 11534at72274         -            422   1.4e-28   98.5   0.2   1   2   8.3e-15   6.9e-13   46.8   0.1   174   286   168   290   119   324 0.75 # 162885 # 164282 # -1 # ID=2_162;partial=00;start_type=ATG;rbs_motif=GGAG/GAGG;rbs_spacer=5-10bp;gc_cont=0.634
NODE_2_length_235110_cov_11.837397_162  -            466 11534at72274         -            422   1.4e-28   98.5   0.2   2   2     1e-15   8.5e-14   49.8   0.0   306   416   335   454   327   460 0.78 # 162885 # 164282 # -1 # ID=2_162;partial=00;start_type=ATG;rbs_motif=GGAG/GAGG;rbs_spacer=5-10bp;gc_cont=0.634
NODE_3_length_187155_cov_11.688229_149  -            596 11534at72274         -            422   2.6e-27   94.3   9.6   1   2   1.3e-05    0.0011   16.6   2.2    13   272    16   281     9   288 0.64 # 155112 # 156899 # -1 # ID=3_149;partial=00;start_type=ATG;rbs_motif=GGA/GAG/AGG;rbs_spacer=5-10bp;gc_cont=0.606
NODE_3_length_187155_cov_11.688229_149  -            596 11534at72274         -            422   2.6e-27   94.3   9.6   2   2   6.2e-23   5.1e-21   73.6   0.9   240   419   376   594   367   595 0.72 # 155112 # 156899 # -1 # ID=3_149;partial=00;start_type=ATG;rbs_motif=GGA/GAG/AGG;rbs_spacer=5-10bp;gc_cont=0.606
NODE_15_length_113078_cov_11.450930_33  -            471 11534at72274         -            422   3.5e-25   87.3   2.4   1   1   4.2e-27   3.5e-25   87.3   2.4   166   408   170   452   156   464 0.74 # 34260 # 35672 # -1 # ID=15_33;partial=00;start_type=ATG;rbs_motif=None;rbs_spacer=None;gc_cont=0.640
NODE_22_length_102888_cov_11.104797_63  -            918 11534at72274         -            422   3.6e-24   84.0   3.9   1   3   4.7e-07   3.9e-05   21.3   0.2   166   237   173   243   162   264 0.76 # 63553 # 66306 # -1 # ID=22_63;partial=00;start_type=GTG;rbs_motif=AGGAG;rbs_spacer=5-10bp;gc_cont=0.634
NODE_22_length_102888_cov_11.104797_63  -            918 11534at72274         -            422   3.6e-24   84.0   3.9   2   3   9.2e-05    0.0076   13.8   0.0   239   305   284   357   274   370 0.75 # 63553 # 66306 # -1 # ID=22_63;partial=00;start_type=GTG;rbs_motif=AGGAG;rbs_spacer=5-10bp;gc_cont=0.634
NODE_22_length_102888_cov_11.104797_63  -            918 11534at72274         -            422   3.6e-24   84.0   3.9   3   3     2e-14   1.6e-12   45.6   0.5   298   411   372   501   363   513 0.80 # 63553 # 66306 # -1 # ID=22_63;partial=00;start_type=GTG;rbs_motif=AGGAG;rbs_spacer=5-10bp;gc_cont=0.634
NODE_8_length_135493_cov_11.702015_25   -            455 11534at72274         -            422   8.3e-23   79.5   0.9   1   1   4.4e-24   3.6e-22   77.4   0.9   156   413   147   446   133   454 0.70 # 32042 # 33406 # -1 # ID=8_25;partial=00;start_type=GTG;rbs_motif=GGAG/GAGG;rbs_spacer=5-10bp;gc_cont=0.617
NODE_5_length_152531_cov_11.068883_90   -            451 11534at72274         -            422   1.6e-22   78.6   0.9   1   1   8.7e-24   7.2e-22   76.4   0.9   166   407   153   436   128   448 0.73 # 111272 # 112624 # -1 # ID=5_90;partial=00;start_type=ATG;rbs_motif=AGGAG/GGAGG;rbs_spacer=11-12bp;gc_cont=0.620
NODE_29_length_94682_cov_10.964012_37   -            462 11534at72274         -            422     4e-22   77.3   0.4   1   1   4.8e-22     4e-20   70.7   0.4   163   408   167   448   129   454 0.71 # 36375 # 37760 # 1 # ID=29_37;partial=00;start_type=ATG;rbs_motif=GGA/GAG/AGG;rbs_spacer=5-10bp;gc_cont=0.652
NODE_45_length_65388_cov_11.949464_69   -            427 11534at72274         -            422   8.4e-22   76.2   0.3   1   1   3.6e-23     3e-21   74.4   0.3   215   414   187   416   126   420 0.76 # 62043 # 63323 # 1 # ID=45_69;partial=00;start_type=ATG;rbs_motif=GGAG/GAGG;rbs_spacer=5-10bp;gc_cont=0.625
NODE_59_length_42083_cov_11.752765_2    -            593 11534at72274         -            422   7.1e-21   73.2   0.2   1   1   9.5e-22   7.9e-20   69.7   0.2   165   415   278   572   250   579 0.73 # 2046 # 3824 # -1 # ID=59_2;partial=00;start_type=ATG;rbs_motif=None;rbs_spacer=None;gc_cont=0.613
NODE_2_length_235110_cov_11.837397_58   -            439 11534at72274         -            422   4.8e-20   70.4   3.8   1   2     5e-07   4.2e-05   21.2   2.5   143   283   129   276   117   292 0.75 # 58625 # 59941 # 1 # ID=2_58;partial=00;start_type=ATG;rbs_motif=None;rbs_spacer=None;gc_cont=0.606
NODE_2_length_235110_cov_11.837397_58   -            439 11534at72274         -            422   4.8e-20   70.4   3.8   2   2   3.8e-15   3.1e-13   48.0   0.0   331   420   340   436   330   438 0.80 # 58625 # 59941 # 1 # ID=2_58;partial=00;start_type=ATG;rbs_motif=None;rbs_spacer=None;gc_cont=0.606
NODE_52_length_52615_cov_11.099280_1    -           1021 11534at72274         -            422   7.2e-20   69.8   2.1   1   1   6.2e-21   5.1e-19   67.0   2.1   194   406   751  1001   741  1017 0.75 # 3 # 3065 # -1 # ID=52_1;partial=10;start_type=ATG;rbs_motif=GGAG/GAGG;rbs_spacer=5-10bp;gc_cont=0.627
NODE_36_length_78655_cov_11.539591_24   -            441 11534at72274         -            422   2.8e-19   67.9   0.7   1   1   1.7e-20   1.4e-18   65.6   0.7   232   408   198   415   193   429 0.72 # 26060 # 27382 # 1 # ID=36_24;partial=00;start_type=GTG;rbs_motif=AGGA/GGAG/GAGG;rbs_spacer=11-12bp;gc_cont=0.616
NODE_18_length_107718_cov_12.162170_41  -            466 11534at72274         -            422   3.4e-18   64.3   6.6   1   2     0.015       1.3    6.4   0.0   163   231     4    76     1    80 0.76 # 40095 # 41492 # 1 # ID=18_41;partial=00;start_type=ATG;rbs_motif=GGA/GAG/AGG;rbs_spacer=5-10bp;gc_cont=0.627
NODE_18_length_107718_cov_12.162170_41  -            466 11534at72274         -            422   3.4e-18   64.3   6.6   2   2   8.4e-17   6.9e-15   53.4   4.8   174   412   171   445   158   451 0.67 # 40095 # 41492 # 1 # ID=18_41;partial=00;start_type=ATG;rbs_motif=GGA/GAG/AGG;rbs_spacer=5-10bp;gc_cont=0.627
NODE_1_length_244313_cov_11.646614_120  -            634 11534at72274         -            422   7.6e-18   63.2   7.4   1   3       3.6   2.9e+02   -1.4   0.0   171   197    21    47    11    70 0.81 # 145882 # 147783 # 1 # ID=1_120;partial=00;start_type=ATG;rbs_motif=AGGAG;rbs_spacer=5-10bp;gc_cont=0.612
NODE_1_length_244313_cov_11.646614_120  -            634 11534at72274         -            422   7.6e-18   63.2   7.4   2   3   4.1e-08   3.4e-06   24.8   2.9   170   326   172   358   149   364 0.66 # 145882 # 147783 # 1 # ID=1_120;partial=00;start_type=ATG;rbs_motif=AGGAG;rbs_spacer=5-10bp;gc_cont=0.612
NODE_1_length_244313_cov_11.646614_120  -            634 11534at72274         -            422   7.6e-18   63.2   7.4   3   3   7.6e-11   6.3e-09   33.8   0.0   320   415   374   485   370   492 0.77 # 145882 # 147783 # 1 # ID=1_120;partial=00;start_type=ATG;rbs_motif=AGGAG;rbs_spacer=5-10bp;gc_cont=0.612
NODE_31_length_89830_cov_11.215065_49   -            452 11534at72274         -            422   1.5e-16   58.9   2.5   1   2   1.5e-06   0.00012   19.6   0.6   232   345   183   326   161   341 0.65 # 67566 # 68921 # 1 # ID=31_49;partial=00;start_type=ATG;rbs_motif=GGA/GAG/AGG;rbs_spacer=5-10bp;gc_cont=0.616
NODE_31_length_89830_cov_11.215065_49   -            452 11534at72274         -            422   1.5e-16   58.9   2.5   2   2   1.1e-11   9.2e-10   36.5   0.0   353   418   368   435   356   440 0.89 # 67566 # 68921 # 1 # ID=31_49;partial=00;start_type=ATG;rbs_motif=GGA/GAG/AGG;rbs_spacer=5-10bp;gc_cont=0.616
NODE_15_length_113078_cov_11.450930_21  -            451 11534at72274         -            422   2.9e-16   58.0   2.8   1   2       7.9   6.5e+02   -2.5   0.1     2    28    11    37    10    47 0.84 # 23262 # 24614 # -1 # ID=15_21;partial=00;start_type=ATG;rbs_motif=GGA/GAG/AGG;rbs_spacer=5-10bp;gc_cont=0.629
NODE_15_length_113078_cov_11.450930_21  -            451 11534at72274         -            422   2.9e-16   58.0   2.8   2   2   3.5e-18   2.9e-16   58.0   2.8   175   408   163   433   150   441 0.71 # 23262 # 24614 # -1 # ID=15_21;partial=00;start_type=ATG;rbs_motif=GGA/GAG/AGG;rbs_spacer=5-10bp;gc_cont=0.629
NODE_19_length_107430_cov_11.517777_2   -            492 11534at72274         -            422     3e-16   57.9   0.9   1   2   3.7e-10   3.1e-08   31.5   0.1   168   266   182   290   155   362 0.74 # 964 # 2439 # 1 # ID=19_2;partial=00;start_type=ATG;rbs_motif=GGA/GAG/AGG;rbs_spacer=5-10bp;gc_cont=0.622
NODE_19_length_107430_cov_11.517777_2   -            492 11534at72274         -            422     3e-16   57.9   0.9   2   2   3.3e-08   2.7e-06   25.1   0.1   320   406   374   469   369   481 0.76 # 964 # 2439 # 1 # ID=19_2;partial=00;start_type=ATG;rbs_motif=GGA/GAG/AGG;rbs_spacer=5-10bp;gc_cont=0.622
NODE_22_length_102888_cov_11.104797_48  -            449 11534at72274         -            422     4e-16   57.5   0.5   1   1     3e-17   2.4e-15   54.9   0.0   139   419   134   446   116   448 0.76 # 50623 # 51969 # 1 # ID=22_48;partial=00;start_type=TTG;rbs_motif=GGA/GAG/AGG;rbs_spacer=5-10bp;gc_cont=0.623
NODE_37_length_78641_cov_11.493110_6    -            450 11534at72274         -            422   7.9e-15   53.2   4.6   1   2       2.5   2.1e+02   -0.8   0.1     2    29    11    38    10    61 0.80 # 3784 # 5133 # 1 # ID=37_6;partial=00;start_type=ATG;rbs_motif=GGA/GAG/AGG;rbs_spacer=5-10bp;gc_cont=0.649
NODE_37_length_78641_cov_11.493110_6    -            450 11534at72274         -            422   7.9e-15   53.2   4.6   2   2   1.5e-16   1.3e-14   52.6   1.7   167   409   154   434   121   447 0.69 # 3784 # 5133 # 1 # ID=37_6;partial=00;start_type=ATG;rbs_motif=GGA/GAG/AGG;rbs_spacer=5-10bp;gc_cont=0.649
NODE_9_length_129693_cov_11.453298_126  -            402 11534at72274         -            422   1.8e-14   52.1  10.4   1   1   2.2e-15   1.8e-13   48.7  10.4   224   415   153   387   128   394 0.68 # 121946 # 123151 # 1 # ID=9_126;partial=00;start_type=ATG;rbs_motif=GGA/GAG/AGG;rbs_spacer=5-10bp;gc_cont=0.606
NODE_1_length_244313_cov_11.646614_65   -            884 11534at72274         -            422   1.1e-13   49.4   0.1   1   1   1.3e-14     1e-12   46.2   0.1   240   419   661   873   644   876 0.71 # 83597 # 86248 # 1 # ID=1_65;partial=00;start_type=ATG;rbs_motif=AGGA;rbs_spacer=5-10bp;gc_cont=0.663
NODE_9_length_129693_cov_11.453298_123  -           1166 11534at72274         -            422     2e-13   48.6  12.3   1   1   2.9e-15   2.4e-13   48.4   4.1   214   417   468   715   444   720 0.69 # 117043 # 120540 # 1 # ID=9_123;partial=00;start_type=ATG;rbs_motif=GGA/GAG/AGG;rbs_spacer=5-10bp;gc_cont=0.601
NODE_27_length_97117_cov_11.094278_22   -           1211 11534at72274         -            422   3.3e-13   47.9   0.7   1   1     3e-13   2.5e-11   41.7   0.7   242   411   719   936   681   945 0.71 # 21019 # 24651 # -1 # ID=27_22;partial=00;start_type=ATG;rbs_motif=GGA/GAG/AGG;rbs_spacer=5-10bp;gc_cont=0.594
NODE_2_length_235110_cov_11.837397_10   -           1129 11534at72274         -            422   2.2e-12   45.2   1.5   1   1     4e-12   3.3e-10   38.0   0.6   244   415   682   891   673   894 0.67 # 8478 # 11864 # -1 # ID=2_10;partial=00;start_type=GTG;rbs_motif=GGAG/GAGG;rbs_spacer=5-10bp;gc_cont=0.634
NODE_27_length_97117_cov_11.094278_19   -            775 11534at72274         -            422   5.4e-12   43.9   3.4   1   2       4.5   3.7e+02   -1.7   0.2   177   238   175   237   156   283 0.58 # 17127 # 19451 # -1 # ID=27_19;partial=00;start_type=GTG;rbs_motif=AGGA;rbs_spacer=5-10bp;gc_cont=0.615
NODE_27_length_97117_cov_11.094278_19   -            775 11534at72274         -            422   5.4e-12   43.9   3.4   2   2   2.8e-12   2.3e-10   38.5   2.6   232   413   282   503   218   512 0.65 # 17127 # 19451 # -1 # ID=27_19;partial=00;start_type=GTG;rbs_motif=AGGA;rbs_spacer=5-10bp;gc_cont=0.615
NODE_18_length_107718_cov_12.162170_20  -            743 11534at72274         -            422   6.2e-12   43.7   0.4   1   1   2.6e-12   2.2e-10   38.6   0.4   229   408   504   727   491   740 0.70 # 21128 # 23356 # -1 # ID=18_20;partial=00;start_type=ATG;rbs_motif=AGGAG;rbs_spacer=5-10bp;gc_cont=0.613
NODE_31_length_89830_cov_11.215065_35   -           1198 11534at72274         -            422   7.3e-12   43.5   0.7   1   1   9.2e-13   7.6e-11   40.1   0.7   242   407   708   918   691   925 0.73 # 48590 # 52183 # -1 # ID=31_35;partial=00;start_type=ATG;rbs_motif=None;rbs_spacer=None;gc_cont=0.617
NODE_3_length_187155_cov_11.688229_69   -            764 11534at72274         -            422   1.5e-11   42.4   2.3   1   2       7.7   6.4e+02   -2.5   0.0   333   362   153   180   142   182 0.67 # 75665 # 77956 # 1 # ID=3_69;partial=00;start_type=GTG;rbs_motif=GGA/GAG/AGG;rbs_spacer=5-10bp;gc_cont=0.611
NODE_3_length_187155_cov_11.688229_69   -            764 11534at72274         -            422   1.5e-11   42.4   2.3   2   2   1.6e-12   1.3e-10   39.3   0.9   233   419   541   759   537   762 0.63 # 75665 # 77956 # 1 # ID=3_69;partial=00;start_type=GTG;rbs_motif=GGA/GAG/AGG;rbs_spacer=5-10bp;gc_cont=0.611
NODE_66_length_35973_cov_11.478408_4    -            806 11534at72274         -            422   1.7e-11   42.2   3.8   1   1   4.4e-12   3.6e-10   37.9   2.4   243   408   320   529   298   537 0.69 # 3220 # 5637 # 1 # ID=66_4;partial=00;start_type=ATG;rbs_motif=GGA/GAG/AGG;rbs_spacer=5-10bp;gc_cont=0.588
NODE_6_length_150369_cov_11.693315_111  -           1194 11534at72274         -            422   1.9e-11   42.1   0.8   1   1   8.8e-12   7.3e-10   36.9   0.8   324   406   822   921   705   930 0.71 # 123787 # 127368 # -1 # ID=6_111;partial=00;start_type=GTG;rbs_motif=AGGA;rbs_spacer=5-10bp;gc_cont=0.620
NODE_98_length_10443_cov_11.368263_3    -            732 11534at72274         -            422   6.8e-11   40.3   5.3   1   2      0.16        13    3.1   0.2    54    96   295   338   277   365 0.79 # 1514 # 3709 # 1 # ID=98_3;partial=00;start_type=ATG;rbs_motif=GGAG/GAGG;rbs_spacer=5-10bp;gc_cont=0.635
NODE_98_length_10443_cov_11.368263_3    -            732 11534at72274         -            422   6.8e-11   40.3   5.3   2   2   1.9e-11   1.6e-09   35.8   1.0   229   403   493   712   481   723 0.73 # 1514 # 3709 # 1 # ID=98_3;partial=00;start_type=ATG;rbs_motif=GGAG/GAGG;rbs_spacer=5-10bp;gc_cont=0.635
NODE_34_length_80082_cov_12.019911_42   -            884 11534at72274         -            422   7.6e-11   40.1   0.2   1   1   1.3e-11   1.1e-09   36.3   0.2   242   415   654   867   627   875 0.69 # 46971 # 49622 # 1 # ID=34_42;partial=00;start_type=ATG;rbs_motif=AGGA/GGAG/GAGG;rbs_spacer=11-12bp;gc_cont=0.653
NODE_43_length_67348_cov_11.294491_48   -            937 11534at72274         -            422   3.6e-10   37.9   1.2   1   2       6.3   5.2e+02   -2.2   0.1     5    42    24    60    23    91 0.74 # 40330 # 43140 # 1 # ID=43_48;partial=00;start_type=ATG;rbs_motif=None;rbs_spacer=None;gc_cont=0.603
NODE_43_length_67348_cov_11.294491_48   -            937 11534at72274         -            422   3.6e-10   37.9   1.2   2   2   8.6e-11   7.1e-09   33.6   0.2   245   420   465   684   456   686 0.69 # 40330 # 43140 # 1 # ID=43_48;partial=00;start_type=ATG;rbs_motif=None;rbs_spacer=None;gc_cont=0.603
NODE_30_length_94323_cov_11.661812_82   -            480 11534at72274         -            422   5.2e-10   37.4   0.5   1   1   8.7e-11   7.2e-09   33.6   0.5   177   406   190   460   152   467 0.61 # 91315 # 92754 # 1 # ID=30_82;partial=00;start_type=ATG;rbs_motif=None;rbs_spacer=None;gc_cont=0.632
NODE_28_length_96877_cov_11.194067_61   -            791 11534at72274         -            422   5.3e-10   37.3   8.8   1   3      0.38        32    1.8   0.1     3    35   361   394   359   399 0.88 # 61650 # 64022 # 1 # ID=28_61;partial=00;start_type=ATG;rbs_motif=3Base/5BMM;rbs_spacer=13-15bp;gc_cont=0.612
NODE_28_length_96877_cov_11.194067_61   -            791 11534at72274         -            422   5.3e-10   37.3   8.8   2   3   0.00034     0.028   11.9   0.1   228   301   407   487   400   511 0.82 # 61650 # 64022 # 1 # ID=28_61;partial=00;start_type=ATG;rbs_motif=3Base/5BMM;rbs_spacer=13-15bp;gc_cont=0.612
NODE_28_length_96877_cov_11.194067_61   -            791 11534at72274         -            422   5.3e-10   37.3   8.8   3   3   5.5e-09   4.6e-07   27.7   0.1   345   415   567   638   532   644 0.85 # 61650 # 64022 # 1 # ID=28_61;partial=00;start_type=ATG;rbs_motif=3Base/5BMM;rbs_spacer=13-15bp;gc_cont=0.612
NODE_13_length_124624_cov_11.643509_46  -            457 11534at72274         -            422   7.6e-10   36.8   4.2   1   1   1.7e-11   1.4e-09   35.9   3.7   319   405   202   300    51   316 0.82 # 71064 # 72434 # 1 # ID=13_46;partial=00;start_type=ATG;rbs_motif=GGAG/GAGG;rbs_spacer=5-10bp;gc_cont=0.656
NODE_9_length_129693_cov_11.453298_40   -            392 11534at72274         -            422     1e-09   36.4   1.6   1   1   1.2e-10   9.9e-09   33.1   1.6   190   420   125   388   121   390 0.67 # 38219 # 39394 # -1 # ID=9_40;partial=00;start_type=ATG;rbs_motif=GGA/GAG/AGG;rbs_spacer=5-10bp;gc_cont=0.616
NODE_48_length_61725_cov_11.884233_17   -            679 11534at72274         -            422   2.1e-09   35.4   0.0   1   2     2e-05    0.0016   16.0   0.0   167   235   166   235    97   249 0.79 # 18907 # 20943 # -1 # ID=48_17;partial=00;start_type=ATG;rbs_motif=None;rbs_spacer=None;gc_cont=0.609
NODE_48_length_61725_cov_11.884233_17   -            679 11534at72274         -            422   2.1e-09   35.4   0.0   2   2   1.1e-05   0.00091   16.8   0.0   351   419   594   662   591   664 0.76 # 18907 # 20943 # -1 # ID=48_17;partial=00;start_type=ATG;rbs_motif=None;rbs_spacer=None;gc_cont=0.609
NODE_1_length_244313_cov_11.646614_17   -            440 11534at72274         -            422   4.8e-09   34.2   0.8   1   2   7.5e-06   0.00062   17.3   0.5   171   295   157   286   132   311 0.71 # 14113 # 15432 # -1 # ID=1_17;partial=00;start_type=ATG;rbs_motif=GGAG/GAGG;rbs_spacer=5-10bp;gc_cont=0.645
NODE_1_length_244313_cov_11.646614_17   -            440 11534at72274         -            422   4.8e-09   34.2   0.8   2   2   3.4e-05    0.0028   15.2   0.0   330   406   340   424   314   436 0.81 # 14113 # 15432 # -1 # ID=1_17;partial=00;start_type=ATG;rbs_motif=GGAG/GAGG;rbs_spacer=5-10bp;gc_cont=0.645
NODE_11_length_127457_cov_11.638648_59  -            362 11534at72274         -            422   5.5e-09   34.0   0.7   1   2   2.4e-05     0.002   15.7   0.6   239   327   132   227   107   271 0.76 # 56471 # 57556 # -1 # ID=11_59;partial=00;start_type=ATG;rbs_motif=GGAG/GAGG;rbs_spacer=5-10bp;gc_cont=0.616
NODE_11_length_127457_cov_11.638648_59  -            362 11534at72274         -            422   5.5e-09   34.0   0.7   2   2     2e-05    0.0017   15.9   0.0   348   406   286   341   267   354 0.83 # 56471 # 57556 # -1 # ID=11_59;partial=00;start_type=ATG;rbs_motif=GGAG/GAGG;rbs_spacer=5-10bp;gc_cont=0.616
NODE_77_length_26317_cov_11.607942_6    -           1206 11534at72274         -            422   6.7e-09   33.7   0.4   1   1   8.1e-10   6.7e-08   30.4   0.4   243   405   712   921   699   929 0.67 # 4054 # 7671 # 1 # ID=77_6;partial=00;start_type=TTG;rbs_motif=GGA/GAG/AGG;rbs_spacer=5-10bp;gc_cont=0.617
NODE_43_length_67348_cov_11.294491_50   -           1063 11534at72274         -            422   7.7e-09   33.5   0.2   1   1   4.3e-09   3.5e-07   28.0   0.2   243   413   490   703   434   709 0.68 # 44405 # 47593 # 1 # ID=43_50;partial=00;start_type=ATG;rbs_motif=GGA/GAG/AGG;rbs_spacer=5-10bp;gc_cont=0.627
NODE_37_length_78641_cov_11.493110_20   -            376 11534at72274         -            422   1.8e-08   32.3   0.0   1   1   6.3e-10   5.2e-08   30.8   0.0   217   420   123   373    87   375 0.71 # 16834 # 17961 # 1 # ID=37_20;partial=00;start_type=ATG;rbs_motif=AGGA;rbs_spacer=5-10bp;gc_cont=0.529
NODE_12_length_125582_cov_11.748539_19  -            376 11534at72274         -            422   1.7e-07   29.1   0.0   1   1     1e-08   8.4e-07   26.8   0.0   216   420   122   373    82   375 0.67 # 12012 # 13139 # -1 # ID=12_19;partial=00;start_type=ATG;rbs_motif=AGGA;rbs_spacer=5-10bp;gc_cont=0.519
NODE_34_length_80082_cov_12.019911_49   -            494 11534at72274         -            422   5.1e-07   27.5   3.0   1   3   6.2e-09   5.1e-07   27.5   3.0   143   239   117   217   110   296 0.78 # 54157 # 55638 # -1 # ID=34_49;partial=00;start_type=ATG;rbs_motif=GGA/GAG/AGG;rbs_spacer=5-10bp;gc_cont=0.632
NODE_34_length_80082_cov_12.019911_49   -            494 11534at72274         -            422   5.1e-07   27.5   3.0   2   3       1.3   1.1e+02    0.0   0.4   199   243   234   277   217   334 0.43 # 54157 # 55638 # -1 # ID=34_49;partial=00;start_type=ATG;rbs_motif=GGA/GAG/AGG;rbs_spacer=5-10bp;gc_cont=0.632
NODE_34_length_80082_cov_12.019911_49   -            494 11534at72274         -            422   5.1e-07   27.5   3.0   3   3      0.39        33    1.8   0.2   191   239   336   385   323   396 0.81 # 54157 # 55638 # -1 # ID=34_49;partial=00;start_type=ATG;rbs_motif=GGA/GAG/AGG;rbs_spacer=5-10bp;gc_cont=0.632
NODE_16_length_110024_cov_10.950581_68  -            925 11534at72274         -            422   5.8e-07   27.3   0.3   1   2   4.5e-07   3.7e-05   21.4   0.1   236   326   395   492   384   543 0.85 # 68733 # 71507 # 1 # ID=16_68;partial=00;start_type=GTG;rbs_motif=GGA/GAG/AGG;rbs_spacer=5-10bp;gc_cont=0.624
NODE_16_length_110024_cov_10.950581_68  -            925 11534at72274         -            422   5.8e-07   27.3   0.3   2   2      0.16        13    3.1   0.0   376   420   581   623   551   625 0.92 # 68733 # 71507 # 1 # ID=16_68;partial=00;start_type=GTG;rbs_motif=GGA/GAG/AGG;rbs_spacer=5-10bp;gc_cont=0.624
NODE_16_length_110024_cov_10.950581_43  -            911 11534at72274         -            422   7.1e-07   27.0   5.4   1   2      0.04       3.3    5.1   1.6    42   168   679   806   656   815 0.63 # 40089 # 42821 # 1 # ID=16_43;partial=00;start_type=TTG;rbs_motif=GGA/GAG/AGG;rbs_spacer=5-10bp;gc_cont=0.641
NODE_16_length_110024_cov_10.950581_43  -            911 11534at72274         -            422   7.1e-07   27.0   5.4   2   2     1e-07   8.4e-06   23.5   0.3   339   416   830   901   795   907 0.77 # 40089 # 42821 # 1 # ID=16_43;partial=00;start_type=TTG;rbs_motif=GGA/GAG/AGG;rbs_spacer=5-10bp;gc_cont=0.641
NODE_4_length_179944_cov_11.488508_18   -            659 11534at72274         -            422     8e-07   26.9   0.9   1   2   4.1e-08   3.4e-06   24.8   0.0   166   243   309   387   281   394 0.69 # 18186 # 20162 # 1 # ID=4_18;partial=00;start_type=ATG;rbs_motif=AGGAG;rbs_spacer=5-10bp;gc_cont=0.630
NODE_4_length_179944_cov_11.488508_18   -            659 11534at72274         -            422     8e-07   26.9   0.9   2   2       1.9   1.6e+02   -0.5   0.4   191   248   502   561   445   564 0.82 # 18186 # 20162 # 1 # ID=4_18;partial=00;start_type=ATG;rbs_motif=AGGAG;rbs_spacer=5-10bp;gc_cont=0.630
NODE_7_length_136322_cov_13.076831_22   -            985 11534at72274         -            422   1.2e-06   26.3   0.0   1   1   2.8e-08   2.3e-06   25.4   0.0   318   408   860   959   826   976 0.78 # 20153 # 23107 # 1 # ID=7_22;partial=00;start_type=ATG;rbs_motif=GGA/GAG/AGG;rbs_spacer=5-10bp;gc_cont=0.610
NODE_40_length_72060_cov_11.213226_40   -            392 11534at72274         -            422   1.5e-06   25.9   0.1   1   1     1e-07   8.4e-06   23.5   0.1   315   414   274   383   146   390 0.58 # 38376 # 39551 # -1 # ID=40_40;partial=00;start_type=ATG;rbs_motif=GGA/GAG/AGG;rbs_spacer=5-10bp;gc_cont=0.639
NODE_59_length_42083_cov_11.752765_17   -            469 11534at72274         -            422   1.7e-06   25.8   0.3   1   2       2.4     2e+02   -0.8   0.2   129   157   187   215   123   275 0.50 # 25036 # 26442 # 1 # ID=59_17;partial=00;start_type=ATG;rbs_motif=GGA/GAG/AGG;rbs_spacer=5-10bp;gc_cont=0.588
NODE_59_length_42083_cov_11.752765_17   -            469 11534at72274         -            422   1.7e-06   25.8   0.3   2   2   6.8e-08   5.7e-06   24.1   0.0   272   419   298   460   289   463 0.72 # 25036 # 26442 # 1 # ID=59_17;partial=00;start_type=ATG;rbs_motif=GGA/GAG/AGG;rbs_spacer=5-10bp;gc_cont=0.588
NODE_18_length_107718_cov_12.162170_5   -            797 11534at72274         -            422   1.7e-06   25.8   0.0   1   1   4.4e-08   3.6e-06   24.7   0.0   146   233   271   363   256   380 0.77 # 3293 # 5683 # 1 # ID=18_5;partial=00;start_type=ATG;rbs_motif=GGAG/GAGG;rbs_spacer=5-10bp;gc_cont=0.627
NODE_80_length_23813_cov_12.290636_5    -            627 11534at72274         -            422   1.9e-05   22.4   0.2   1   3   2.3e-07   1.9e-05   22.4   0.2   170   247   277   358   266   393 0.85 # 5991 # 7871 # 1 # ID=80_5;partial=00;start_type=ATG;rbs_motif=AGxAG;rbs_spacer=5-10bp;gc_cont=0.593
NODE_80_length_23813_cov_12.290636_5    -            627 11534at72274         -            422   1.9e-05   22.4   0.2   2   3       2.2   1.8e+02   -0.7   0.1   192   239   470   518   459   530 0.80 # 5991 # 7871 # 1 # ID=80_5;partial=00;start_type=ATG;rbs_motif=AGxAG;rbs_spacer=5-10bp;gc_cont=0.593
NODE_80_length_23813_cov_12.290636_5    -            627 11534at72274         -            422   1.9e-05   22.4   0.2   3   3      0.54        45    1.3   0.5    60   119   560   623   527   626 0.63 # 5991 # 7871 # 1 # ID=80_5;partial=00;start_type=ATG;rbs_motif=AGxAG;rbs_spacer=5-10bp;gc_cont=0.593
NODE_56_length_48402_cov_11.542579_28   -            405 11534at72274         -            422   0.00012   19.7   0.6   1   1   5.2e-06   0.00043   17.9   0.6   238   419   185   395   166   397 0.68 # 27643 # 28857 # -1 # ID=56_28;partial=00;start_type=ATG;rbs_motif=GGA/GAG/AGG;rbs_spacer=5-10bp;gc_cont=0.640
NODE_64_length_38966_cov_12.566364_3    -            634 11534at72274         -            422   0.00015   19.3   0.4   1   1   1.7e-05    0.0014   16.2   0.4   242   420   412   624   322   626 0.67 # 1962 # 3863 # -1 # ID=64_3;partial=00;start_type=ATG;rbs_motif=GGA/GAG/AGG;rbs_spacer=5-10bp;gc_cont=0.637
NODE_63_length_40424_cov_11.289029_7    -            545 11534at72274         -            422   0.00022   18.8   0.2   1   2   2.7e-06   0.00022   18.8   0.2   171   239   196   268   184   283 0.75 # 6077 # 7711 # 1 # ID=63_7;partial=00;start_type=ATG;rbs_motif=GGAG/GAGG;rbs_spacer=5-10bp;gc_cont=0.621
NODE_63_length_40424_cov_11.289029_7    -            545 11534at72274         -            422   0.00022   18.8   0.2   2   2       4.8     4e+02   -1.8   0.2   191   238   387   435   303   450 0.68 # 6077 # 7711 # 1 # ID=63_7;partial=00;start_type=ATG;rbs_motif=GGAG/GAGG;rbs_spacer=5-10bp;gc_cont=0.621
NODE_94_length_12943_cov_11.398252_12   -             64 11534at72274         -            422   0.00028   18.5   0.1   1   1   3.3e-06   0.00028   18.5   0.1   379   408    14    43     2    56 0.78 # 12751 # 12942 # -1 # ID=94_12;partial=01;start_type=Edge;rbs_motif=None;rbs_spacer=None;gc_cont=0.661
NODE_74_length_31440_cov_11.207326_20   -            589 11534at72274         -            422   0.00076   17.0   1.0   1   2       2.7   2.2e+02   -1.0   0.4   240   290   364   413   330   428 0.77 # 21608 # 23374 # -1 # ID=74_20;partial=00;start_type=ATG;rbs_motif=None;rbs_spacer=None;gc_cont=0.647
NODE_74_length_31440_cov_11.207326_20   -            589 11534at72274         -            422   0.00076   17.0   1.0   2   2   2.5e-05    0.0021   15.6   0.0   342   415   506   574   443   581 0.68 # 21608 # 23374 # -1 # ID=74_20;partial=00;start_type=ATG;rbs_motif=None;rbs_spacer=None;gc_cont=0.647
NODE_88_length_17388_cov_12.012688_3    -            375 11534at72274         -            422   0.00096   16.7   1.9   1   2      0.71        59    1.0   0.1   240   259   152   171   126   182 0.85 # 2468 # 3592 # -1 # ID=88_3;partial=00;start_type=ATG;rbs_motif=GGA/GAG/AGG;rbs_spacer=5-10bp;gc_cont=0.587
NODE_88_length_17388_cov_12.012688_3    -            375 11534at72274         -            422   0.00096   16.7   1.9   2   2   5.3e-05    0.0044   14.5   0.3   343   407   297   358   290   371 0.78 # 2468 # 3592 # -1 # ID=88_3;partial=00;start_type=ATG;rbs_motif=GGA/GAG/AGG;rbs_spacer=5-10bp;gc_cont=0.587
NODE_48_length_61725_cov_11.884233_50   -            674 11534at72274         -            422     0.015   12.8   0.1   1   2       1.7   1.4e+02   -0.3   0.0   266   300   334   368   275   392 0.68 # 54847 # 56868 # -1 # ID=48_50;partial=00;start_type=ATG;rbs_motif=None;rbs_spacer=None;gc_cont=0.621
NODE_48_length_61725_cov_11.884233_50   -            674 11534at72274         -            422     0.015   12.8   0.1   2   2    0.0011     0.089   10.2   0.0   351   415   457   519   446   526 0.75 # 54847 # 56868 # -1 # ID=48_50;partial=00;start_type=ATG;rbs_motif=None;rbs_spacer=None;gc_cont=0.621
NODE_91_length_16114_cov_10.166948_14   -            375 11534at72274         -            422      0.03   11.8   0.0   1   1   0.00058     0.048   11.1   0.0   350   415   304   367   265   374 0.81 # 9940 # 11064 # -1 # ID=91_14;partial=00;start_type=ATG;rbs_motif=AGGAG/GGAGG;rbs_spacer=11-12bp;gc_cont=0.578
NODE_24_length_101630_cov_11.241934_55  -            399 11534at72274         -            422     0.045   11.2   0.0   1   1   0.00079     0.065   10.7   0.0   189   243   340   396   324   398 0.86 # 59038 # 60234 # -1 # ID=24_55;partial=00;start_type=GTG;rbs_motif=GGA/GAG/AGG;rbs_spacer=5-10bp;gc_cont=0.651
NODE_57_length_43131_cov_11.073993_17   -            198 11534at72274         -            422     0.054   10.9   0.4   1   1   0.00083     0.069   10.6   0.4   152   191   143   182   106   194 0.88 # 20771 # 21364 # -1 # ID=57_17;partial=00;start_type=ATG;rbs_motif=GGAGG;rbs_spacer=5-10bp;gc_cont=0.653
#
# Program:         hmmsearch
# Version:         3.1b2 (February 2015)
# Pipeline mode:   SEARCH
# Query file:      /data2/PEG/hoaxaca/REAA/Pseudomonas/bin/busco_downloads/lineages/pseudomonadales_odb10/hmms/11534at72274.hmm
# Target file:     /data2/PEG/hoaxaca/REAA/Pseudomonas/bin/../out/busco/trim_130.spades_kmer/prodigal_output/predicted_genes/predicted.faa
# Option settings: hmmsearch --domtblout /data2/PEG/hoaxaca/REAA/Pseudomonas/bin/../out/busco/trim_130.spades_kmer/run_pseudomonadales_odb10/hmmer_output/11534at72274.out --cpu 1 /data2/PEG/hoaxaca/REAA/Pseudomonas/bin/busco_downloads/lineages/pseudomonadales_odb10/hmms/11534at72274.hmm /data2/PEG/hoaxaca/REAA/Pseudomonas/bin/../out/busco/trim_130.spades_kmer/prodigal_output/predicted_genes/predicted.faa 
# Current dir:     /data2/PEG/hoaxaca/REAA/Pseudomonas/bin
# Date:            Mon Feb 20 00:30:16 2023
# [ok]
