#                                                                                               --- full sequence --- -------------- this domain -------------   hmm coord   ali coord   env coord
# target name                           accession   tlen query name           accession   qlen   E-value  score  bias   #  of  c-Evalue  i-Evalue  score  bias  from    to  from    to  from    to  acc description of target
#                   ------------------- ---------- ----- -------------------- ---------- ----- --------- ------ ----- --- --- --------- --------- ------ ----- ----- ----- ----- ----- ----- ----- ---- ---------------------
NODE_13_length_124624_cov_11.643509_76  -            428 13283at72274         -            358  7.3e-208  688.3   7.3   1   1  5.4e-210  3.1e-207  686.2   7.3     6   358    15   404    11   404 0.97 # 107974 # 109257 # 1 # ID=13_76;partial=00;start_type=ATG;rbs_motif=GGA/GAG/AGG;rbs_spacer=5-10bp;gc_cont=0.552
NODE_11_length_127457_cov_11.638648_114 -            446 13283at72274         -            358   1.7e-43  147.5   0.5   1   3   1.9e-25   1.1e-22   79.1   0.0    39   130     4   105     1   122 0.89 # 120841 # 122178 # -1 # ID=11_114;partial=00;start_type=ATG;rbs_motif=AGGA/GGAG/GAGG;rbs_spacer=11-12bp;gc_cont=0.602
NODE_11_length_127457_cov_11.638648_114 -            446 13283at72274         -            358   1.7e-43  147.5   0.5   2   3   4.4e-11   2.5e-08   31.8   0.1   138   183   246   289   230   313 0.78 # 120841 # 122178 # -1 # ID=11_114;partial=00;start_type=ATG;rbs_motif=AGGA/GGAG/GAGG;rbs_spacer=11-12bp;gc_cont=0.602
NODE_11_length_127457_cov_11.638648_114 -            446 13283at72274         -            358   1.7e-43  147.5   0.5   3   3   1.8e-11     1e-08   33.1   0.0   258   342   316   408   306   425 0.80 # 120841 # 122178 # -1 # ID=11_114;partial=00;start_type=ATG;rbs_motif=AGGA/GGAG/GAGG;rbs_spacer=11-12bp;gc_cont=0.602
NODE_2_length_235110_cov_11.837397_88   -            757 13283at72274         -            358   4.7e-06   24.4   0.0   1   3     9e-05     0.051   11.1   0.0    73   151   210   294   199   308 0.78 # 95626 # 97896 # 1 # ID=2_88;partial=00;start_type=ATG;rbs_motif=GGAG/GAGG;rbs_spacer=5-10bp;gc_cont=0.606
NODE_2_length_235110_cov_11.837397_88   -            757 13283at72274         -            358   4.7e-06   24.4   0.0   2   3   0.00028      0.16    9.5   0.0    22   107   438   525   428   562 0.78 # 95626 # 97896 # 1 # ID=2_88;partial=00;start_type=ATG;rbs_motif=GGAG/GAGG;rbs_spacer=5-10bp;gc_cont=0.606
NODE_2_length_235110_cov_11.837397_88   -            757 13283at72274         -            358   4.7e-06   24.4   0.0   3   3      0.35     2e+02   -0.7   0.0   248   294   630   676   581   717 0.72 # 95626 # 97896 # 1 # ID=2_88;partial=00;start_type=ATG;rbs_motif=GGAG/GAGG;rbs_spacer=5-10bp;gc_cont=0.606
NODE_26_length_97137_cov_11.550964_68   -            855 13283at72274         -            358   5.3e-06   24.2   0.0   1   3    0.0061       3.5    5.1   0.0    72    97   197   222   161   242 0.88 # 73883 # 76447 # 1 # ID=26_68;partial=00;start_type=ATG;rbs_motif=AGGA;rbs_spacer=5-10bp;gc_cont=0.588
NODE_26_length_97137_cov_11.550964_68   -            855 13283at72274         -            358   5.3e-06   24.2   0.0   2   3       2.1   1.2e+03   -3.3   0.0   213   270   455   517   451   539 0.61 # 73883 # 76447 # 1 # ID=26_68;partial=00;start_type=ATG;rbs_motif=AGGA;rbs_spacer=5-10bp;gc_cont=0.588
NODE_26_length_97137_cov_11.550964_68   -            855 13283at72274         -            358   5.3e-06   24.2   0.0   3   3   3.3e-06    0.0019   15.8   0.0    40    98   562   622   550   636 0.86 # 73883 # 76447 # 1 # ID=26_68;partial=00;start_type=ATG;rbs_motif=AGGA;rbs_spacer=5-10bp;gc_cont=0.588
NODE_7_length_136322_cov_13.076831_45   -            640 13283at72274         -            358   2.1e-05   22.2   0.0   1   1   7.7e-08   4.4e-05   21.2   0.0    76   154   192   264   154   287 0.83 # 51660 # 53579 # -1 # ID=7_45;partial=00;start_type=TTG;rbs_motif=GGAG/GAGG;rbs_spacer=5-10bp;gc_cont=0.582
NODE_81_length_23063_cov_11.093172_3    -            807 13283at72274         -            358   9.9e-05   20.0   0.0   1   1     3e-07   0.00017   19.2   0.0    37   153   349   466   344   475 0.76 # 2820 # 5240 # 1 # ID=81_3;partial=00;start_type=ATG;rbs_motif=GGA/GAG/AGG;rbs_spacer=5-10bp;gc_cont=0.613
NODE_13_length_124624_cov_11.643509_77  -            799 13283at72274         -            358     0.011   13.3   0.0   1   1   5.1e-05     0.029   11.9   0.0    38   117   310   389   303   434 0.67 # 109409 # 111805 # 1 # ID=13_77;partial=00;start_type=ATG;rbs_motif=GGAG/GAGG;rbs_spacer=5-10bp;gc_cont=0.578
NODE_86_length_18713_cov_12.191112_12   -            368 13283at72274         -            358     0.016   12.7   0.0   1   1   5.1e-05     0.029   11.9   0.0    72   150    40   124    25   132 0.79 # 10526 # 11629 # 1 # ID=86_12;partial=00;start_type=ATG;rbs_motif=GGAG/GAGG;rbs_spacer=5-10bp;gc_cont=0.619
NODE_15_length_113078_cov_11.450930_85  -            363 13283at72274         -            358     0.029   11.9   0.0   1   1   7.8e-05     0.045   11.3   0.0    71   150    39   124    26   134 0.78 # 86180 # 87268 # -1 # ID=15_85;partial=00;start_type=ATG;rbs_motif=GGA/GAG/AGG;rbs_spacer=5-10bp;gc_cont=0.623
NODE_55_length_49636_cov_11.677251_7    -            536 13283at72274         -            358     0.038   11.5   0.0   1   1   9.8e-05     0.056   10.9   0.0    68    97   207   236   199   300 0.86 # 8268 # 9875 # -1 # ID=55_7;partial=00;start_type=ATG;rbs_motif=None;rbs_spacer=None;gc_cont=0.627
NODE_39_length_76270_cov_11.926586_58   -            641 13283at72274         -            358      0.04   11.5   0.0   1   1   0.00012     0.067   10.7   0.0    60   103    89   133    82   143 0.84 # 66685 # 68607 # -1 # ID=39_58;partial=00;start_type=ATG;rbs_motif=GGAG/GAGG;rbs_spacer=5-10bp;gc_cont=0.576
#
# Program:         hmmsearch
# Version:         3.1b2 (February 2015)
# Pipeline mode:   SEARCH
# Query file:      /data2/PEG/hoaxaca/REAA/Pseudomonas/bin/busco_downloads/lineages/pseudomonadales_odb10/hmms/13283at72274.hmm
# Target file:     /data2/PEG/hoaxaca/REAA/Pseudomonas/bin/../out/busco/trim_130.spades_kmer/prodigal_output/predicted_genes/predicted.faa
# Option settings: hmmsearch --domtblout /data2/PEG/hoaxaca/REAA/Pseudomonas/bin/../out/busco/trim_130.spades_kmer/run_pseudomonadales_odb10/hmmer_output/13283at72274.out --cpu 1 /data2/PEG/hoaxaca/REAA/Pseudomonas/bin/busco_downloads/lineages/pseudomonadales_odb10/hmms/13283at72274.hmm /data2/PEG/hoaxaca/REAA/Pseudomonas/bin/../out/busco/trim_130.spades_kmer/prodigal_output/predicted_genes/predicted.faa 
# Current dir:     /data2/PEG/hoaxaca/REAA/Pseudomonas/bin
# Date:            Mon Feb 20 00:30:17 2023
# [ok]
