#                                                                                              --- full sequence --- -------------- this domain -------------   hmm coord   ali coord   env coord
# target name                          accession   tlen query name           accession   qlen   E-value  score  bias   #  of  c-Evalue  i-Evalue  score  bias  from    to  from    to  from    to  acc description of target
#                  ------------------- ---------- ----- -------------------- ---------- ----- --------- ------ ----- --- --- --------- --------- ------ ----- ----- ----- ----- ----- ----- ----- ---- ---------------------
NODE_2_length_235110_cov_11.837397_98  -            465 13427at72274         -            378    5e-190  629.6   0.2   1   3   1.5e-16   1.6e-13   48.7   0.0     1    48     1    52     1    55 0.88 # 106494 # 107888 # 1 # ID=2_98;partial=00;start_type=ATG;rbs_motif=AGGA/GGAG/GAGG;rbs_spacer=11-12bp;gc_cont=0.621
NODE_2_length_235110_cov_11.837397_98  -            465 13427at72274         -            378    5e-190  629.6   0.2   2   3   1.3e-39   1.4e-36  124.6   0.0    27   143    52   190    48   204 0.86 # 106494 # 107888 # 1 # ID=2_98;partial=00;start_type=ATG;rbs_motif=AGGA/GGAG/GAGG;rbs_spacer=11-12bp;gc_cont=0.621
NODE_2_length_235110_cov_11.837397_98  -            465 13427at72274         -            378    5e-190  629.6   0.2   3   3  9.2e-140  9.6e-137  454.3   0.0   128   378   200   456   195   456 0.97 # 106494 # 107888 # 1 # ID=2_98;partial=00;start_type=ATG;rbs_motif=AGGA/GGAG/GAGG;rbs_spacer=11-12bp;gc_cont=0.621
NODE_52_length_52615_cov_11.099280_37  -            248 13427at72274         -            378   5.7e-70  234.5   0.1   1   1   6.2e-73   6.5e-70  234.3   0.1   144   375     3   238     1   241 0.94 # 42893 # 43636 # -1 # ID=52_37;partial=00;start_type=ATG;rbs_motif=GGAG/GAGG;rbs_spacer=5-10bp;gc_cont=0.628
NODE_82_length_22897_cov_11.247255_6   -            249 13427at72274         -            378   1.3e-36  124.7   0.4   1   1   1.7e-39   1.7e-36  124.3   0.4   146   370     3   227     1   230 0.86 # 14594 # 15340 # -1 # ID=82_6;partial=00;start_type=ATG;rbs_motif=AGGA;rbs_spacer=5-10bp;gc_cont=0.600
NODE_16_length_110024_cov_10.950581_72 -            244 13427at72274         -            378   1.2e-15   55.7   0.0   1   2   2.1e-09   2.2e-06   25.2   0.0   143   175     4    36     1    41 0.91 # 75042 # 75773 # -1 # ID=16_72;partial=00;start_type=ATG;rbs_motif=GGAGG;rbs_spacer=5-10bp;gc_cont=0.617
NODE_16_length_110024_cov_10.950581_72 -            244 13427at72274         -            378   1.2e-15   55.7   0.0   2   2     2e-10   2.1e-07   28.6   0.0   217   346    96   219    84   236 0.85 # 75042 # 75773 # -1 # ID=16_72;partial=00;start_type=ATG;rbs_motif=GGAGG;rbs_spacer=5-10bp;gc_cont=0.617
NODE_16_length_110024_cov_10.950581_71 -            547 13427at72274         -            378   1.3e-08   32.6   0.1   1   1   4.7e-11   4.9e-08   30.7   0.1   212   368   353   519   285   524 0.77 # 73402 # 75042 # -1 # ID=16_71;partial=00;start_type=ATG;rbs_motif=AGxAGG/AGGxGG;rbs_spacer=5-10bp;gc_cont=0.656
NODE_89_length_17021_cov_10.795253_5   -            284 13427at72274         -            378   1.6e-08   32.3   0.1   1   2   1.2e-06    0.0013   16.1   0.0   146   190    36    81    30    96 0.78 # 13157 # 14008 # -1 # ID=89_5;partial=00;start_type=ATG;rbs_motif=GGA/GAG/AGG;rbs_spacer=5-10bp;gc_cont=0.604
NODE_89_length_17021_cov_10.795253_5   -            284 13427at72274         -            378   1.6e-08   32.3   0.1   2   2   6.1e-06    0.0064   13.8   0.0   207   289   121   204   108   221 0.75 # 13157 # 14008 # -1 # ID=89_5;partial=00;start_type=ATG;rbs_motif=GGA/GAG/AGG;rbs_spacer=5-10bp;gc_cont=0.604
#
# Program:         hmmsearch
# Version:         3.1b2 (February 2015)
# Pipeline mode:   SEARCH
# Query file:      /data2/PEG/hoaxaca/REAA/Pseudomonas/bin/busco_downloads/lineages/pseudomonadales_odb10/hmms/13427at72274.hmm
# Target file:     /data2/PEG/hoaxaca/REAA/Pseudomonas/bin/../out/busco/trim_130.spades_kmer/prodigal_output/predicted_genes/predicted.faa
# Option settings: hmmsearch --domtblout /data2/PEG/hoaxaca/REAA/Pseudomonas/bin/../out/busco/trim_130.spades_kmer/run_pseudomonadales_odb10/hmmer_output/13427at72274.out --cpu 1 /data2/PEG/hoaxaca/REAA/Pseudomonas/bin/busco_downloads/lineages/pseudomonadales_odb10/hmms/13427at72274.hmm /data2/PEG/hoaxaca/REAA/Pseudomonas/bin/../out/busco/trim_130.spades_kmer/prodigal_output/predicted_genes/predicted.faa 
# Current dir:     /data2/PEG/hoaxaca/REAA/Pseudomonas/bin
# Date:            Mon Feb 20 00:30:17 2023
# [ok]
