#                                                                                               --- full sequence --- -------------- this domain -------------   hmm coord   ali coord   env coord
# target name                           accession   tlen query name           accession   qlen   E-value  score  bias   #  of  c-Evalue  i-Evalue  score  bias  from    to  from    to  from    to  acc description of target
#                   ------------------- ---------- ----- -------------------- ---------- ----- --------- ------ ----- --- --- --------- --------- ------ ----- ----- ----- ----- ----- ----- ----- ---- ---------------------
NODE_44_length_65404_cov_11.235918_32   -            380 16137at72274         -            322  2.4e-183  606.8   0.0   1   1    9e-185  4.4e-182  602.7   0.0     2   322     7   369     6   369 0.94 # 29422 # 30561 # 1 # ID=44_32;partial=00;start_type=ATG;rbs_motif=GGA/GAG/AGG;rbs_spacer=5-10bp;gc_cont=0.641
NODE_25_length_101577_cov_11.125755_48  -            268 16137at72274         -            322   4.9e-05   20.9   0.0   1   1   1.6e-07   7.9e-05   20.2   0.0   126   174    76   124    66   130 0.89 # 47174 # 47977 # 1 # ID=25_48;partial=00;start_type=ATG;rbs_motif=AGGAG;rbs_spacer=5-10bp;gc_cont=0.585
NODE_12_length_125582_cov_11.748539_137 -            338 16137at72274         -            322   0.00094   16.7   0.0   1   1   2.9e-06    0.0014   16.1   0.0    92   163   105   165    77   172 0.78 # 112055 # 113068 # 1 # ID=12_137;partial=00;start_type=ATG;rbs_motif=GGAG/GAGG;rbs_spacer=5-10bp;gc_cont=0.600
NODE_14_length_116145_cov_11.888948_63  -            269 16137at72274         -            322    0.0025   15.3   0.0   1   1   7.3e-06    0.0035   14.8   0.0   112   166    77   131    70   146 0.87 # 57522 # 58328 # -1 # ID=14_63;partial=00;start_type=ATG;rbs_motif=AGGAG;rbs_spacer=5-10bp;gc_cont=0.617
NODE_30_length_94323_cov_11.661812_35   -            297 16137at72274         -            322    0.0028   15.1   0.0   1   1   8.3e-06     0.004   14.6   0.0   103   192    65   152    60   185 0.89 # 37595 # 38485 # -1 # ID=30_35;partial=00;start_type=ATG;rbs_motif=GGAG/GAGG;rbs_spacer=5-10bp;gc_cont=0.584
NODE_21_length_103667_cov_11.513135_43  -            282 16137at72274         -            322    0.0039   14.7   0.0   1   1   1.2e-05    0.0058   14.1   0.0   128   171    85   127    61   133 0.79 # 48800 # 49645 # -1 # ID=21_43;partial=00;start_type=ATG;rbs_motif=GGAG/GAGG;rbs_spacer=5-10bp;gc_cont=0.619
NODE_59_length_42083_cov_11.752765_9    -            340 16137at72274         -            322    0.0042   14.6   0.0   1   1   1.2e-05    0.0058   14.1   0.0   117   168   119   170    92   190 0.85 # 10420 # 11439 # -1 # ID=59_9;partial=00;start_type=ATG;rbs_motif=None;rbs_spacer=None;gc_cont=0.631
NODE_1_length_244313_cov_11.646614_101  -            271 16137at72274         -            322    0.0047   14.4   0.0   1   1   1.4e-05    0.0066   13.9   0.0   116   166    67   117    49   128 0.89 # 124379 # 125191 # 1 # ID=1_101;partial=00;start_type=ATG;rbs_motif=GGA/GAG/AGG;rbs_spacer=5-10bp;gc_cont=0.621
NODE_11_length_127457_cov_11.638648_111 -            282 16137at72274         -            322    0.0052   14.2   0.0   1   1   1.7e-05    0.0082   13.6   0.0   125   169    84   128    76   132 0.90 # 117351 # 118196 # -1 # ID=11_111;partial=00;start_type=ATG;rbs_motif=GGA/GAG/AGG;rbs_spacer=5-10bp;gc_cont=0.624
NODE_1_length_244313_cov_11.646614_111  -            285 16137at72274         -            322     0.018   12.5   0.0   1   1   5.6e-05     0.027   11.9   0.0   118   177    77   138    58   183 0.78 # 135953 # 136807 # -1 # ID=1_111;partial=00;start_type=ATG;rbs_motif=GGA/GAG/AGG;rbs_spacer=11-12bp;gc_cont=0.630
NODE_11_length_127457_cov_11.638648_87  -            324 16137at72274         -            322     0.026   12.0   0.0   1   1   9.6e-05     0.047   11.1   0.0   119   164    86   131    71   143 0.88 # 92718 # 93689 # 1 # ID=11_87;partial=00;start_type=ATG;rbs_motif=GGAG/GAGG;rbs_spacer=5-10bp;gc_cont=0.622
NODE_24_length_101630_cov_11.241934_72  -            264 16137at72274         -            322     0.042   11.3   0.0   1   1   0.00014     0.067   10.6   0.0   126   177    78   129    67   141 0.87 # 75257 # 76048 # 1 # ID=24_72;partial=00;start_type=GTG;rbs_motif=AGGAG;rbs_spacer=5-10bp;gc_cont=0.624
NODE_5_length_152531_cov_11.068883_125  -            296 16137at72274         -            322     0.064   10.7   0.0   1   1   0.00019     0.092   10.2   0.0   112   165    76   129    67   143 0.86 # 145325 # 146212 # 1 # ID=5_125;partial=00;start_type=ATG;rbs_motif=AGGA;rbs_spacer=5-10bp;gc_cont=0.618
#
# Program:         hmmsearch
# Version:         3.1b2 (February 2015)
# Pipeline mode:   SEARCH
# Query file:      /data2/PEG/hoaxaca/REAA/Pseudomonas/bin/busco_downloads/lineages/pseudomonadales_odb10/hmms/16137at72274.hmm
# Target file:     /data2/PEG/hoaxaca/REAA/Pseudomonas/bin/../out/busco/trim_130.spades_kmer/prodigal_output/predicted_genes/predicted.faa
# Option settings: hmmsearch --domtblout /data2/PEG/hoaxaca/REAA/Pseudomonas/bin/../out/busco/trim_130.spades_kmer/run_pseudomonadales_odb10/hmmer_output/16137at72274.out --cpu 1 /data2/PEG/hoaxaca/REAA/Pseudomonas/bin/busco_downloads/lineages/pseudomonadales_odb10/hmms/16137at72274.hmm /data2/PEG/hoaxaca/REAA/Pseudomonas/bin/../out/busco/trim_130.spades_kmer/prodigal_output/predicted_genes/predicted.faa 
# Current dir:     /data2/PEG/hoaxaca/REAA/Pseudomonas/bin
# Date:            Mon Feb 20 00:30:21 2023
# [ok]
