#                                                                                              --- full sequence --- -------------- this domain -------------   hmm coord   ali coord   env coord
# target name                          accession   tlen query name           accession   qlen   E-value  score  bias   #  of  c-Evalue  i-Evalue  score  bias  from    to  from    to  from    to  acc description of target
#                  ------------------- ---------- ----- -------------------- ---------- ----- --------- ------ ----- --- --- --------- --------- ------ ----- ----- ----- ----- ----- ----- ----- ---- ---------------------
NODE_18_length_107718_cov_12.162170_59 -            405 17279at72274         -            353  3.1e-200  663.0   2.6   1   2    4e-152  3.6e-149  495.0   0.9     1   259     1   269     1   284 0.96 # 55152 # 56366 # 1 # ID=18_59;partial=00;start_type=ATG;rbs_motif=AGGAG;rbs_spacer=5-10bp;gc_cont=0.588
NODE_18_length_107718_cov_12.162170_59 -            405 17279at72274         -            353  3.1e-200  663.0   2.6   2   2   1.2e-52   1.1e-49  167.8   0.0   252   353   286   404   278   404 0.88 # 55152 # 56366 # 1 # ID=18_59;partial=00;start_type=ATG;rbs_motif=AGGAG;rbs_spacer=5-10bp;gc_cont=0.588
NODE_86_length_18713_cov_12.191112_7   -            387 17279at72274         -            353  1.6e-126  420.5   4.0   1   2  2.9e-114  2.6e-111  370.5   0.8     2   251     3   262     2   275 0.94 # 5505 # 6665 # -1 # ID=86_7;partial=00;start_type=ATG;rbs_motif=GGA/GAG/AGG;rbs_spacer=11-12bp;gc_cont=0.630
NODE_86_length_18713_cov_12.191112_7   -            387 17279at72274         -            353  1.6e-126  420.5   4.0   2   2   3.3e-17     3e-14   51.2   0.1   260   329   302   372   283   381 0.88 # 5505 # 6665 # -1 # ID=86_7;partial=00;start_type=ATG;rbs_motif=GGA/GAG/AGG;rbs_spacer=11-12bp;gc_cont=0.630
NODE_6_length_150369_cov_11.693315_45  -            402 17279at72274         -            353   1.9e-25   88.1   0.0   1   1     3e-28   2.7e-25   87.6   0.0     4   224    22   250    19   259 0.86 # 50042 # 51247 # 1 # ID=6_45;partial=00;start_type=ATG;rbs_motif=GGA/GAG/AGG;rbs_spacer=11-12bp;gc_cont=0.624
NODE_24_length_101630_cov_11.241934_55 -            399 17279at72274         -            353     1e-12   46.2   0.0   1   1   1.7e-15   1.5e-12   45.6   0.0    48   217    65   239    56   244 0.90 # 59038 # 60234 # -1 # ID=24_55;partial=00;start_type=GTG;rbs_motif=GGA/GAG/AGG;rbs_spacer=5-10bp;gc_cont=0.651
NODE_68_length_35033_cov_11.692718_21  -            392 17279at72274         -            353   3.5e-07   28.0   0.0   1   1   5.7e-10   5.1e-07   27.4   0.0    30   216    48   244    32   255 0.73 # 20272 # 21447 # -1 # ID=68_21;partial=00;start_type=ATG;rbs_motif=GGA/GAG/AGG;rbs_spacer=5-10bp;gc_cont=0.594
NODE_13_length_124624_cov_11.643509_15 -            438 17279at72274         -            353   2.6e-05   21.8   0.0   1   1   5.1e-08   4.6e-05   21.0   0.0    50   215   106   288    76   293 0.75 # 37515 # 38828 # -1 # ID=13_15;partial=00;start_type=GTG;rbs_motif=AGGA;rbs_spacer=5-10bp;gc_cont=0.619
NODE_7_length_136322_cov_13.076831_89  -            417 17279at72274         -            353   6.3e-05   20.6   0.0   1   1   9.9e-08   8.9e-05   20.1   0.0    53   196    78   226    29   251 0.69 # 107237 # 108487 # -1 # ID=7_89;partial=00;start_type=ATG;rbs_motif=AGGA;rbs_spacer=5-10bp;gc_cont=0.631
#
# Program:         hmmsearch
# Version:         3.1b2 (February 2015)
# Pipeline mode:   SEARCH
# Query file:      /data2/PEG/hoaxaca/REAA/Pseudomonas/bin/busco_downloads/lineages/pseudomonadales_odb10/hmms/17279at72274.hmm
# Target file:     /data2/PEG/hoaxaca/REAA/Pseudomonas/bin/../out/busco/trim_130.spades_kmer/prodigal_output/predicted_genes/predicted.faa
# Option settings: hmmsearch --domtblout /data2/PEG/hoaxaca/REAA/Pseudomonas/bin/../out/busco/trim_130.spades_kmer/run_pseudomonadales_odb10/hmmer_output/17279at72274.out --cpu 1 /data2/PEG/hoaxaca/REAA/Pseudomonas/bin/busco_downloads/lineages/pseudomonadales_odb10/hmms/17279at72274.hmm /data2/PEG/hoaxaca/REAA/Pseudomonas/bin/../out/busco/trim_130.spades_kmer/prodigal_output/predicted_genes/predicted.faa 
# Current dir:     /data2/PEG/hoaxaca/REAA/Pseudomonas/bin
# Date:            Mon Feb 20 00:30:23 2023
# [ok]
