#                                                                                              --- full sequence --- -------------- this domain -------------   hmm coord   ali coord   env coord
# target name                          accession   tlen query name           accession   qlen   E-value  score  bias   #  of  c-Evalue  i-Evalue  score  bias  from    to  from    to  from    to  acc description of target
#                  ------------------- ---------- ----- -------------------- ---------- ----- --------- ------ ----- --- --- --------- --------- ------ ----- ----- ----- ----- ----- ----- ----- ---- ---------------------
NODE_93_length_13347_cov_11.262632_14  -            469 17346at72274         -            326    1e-153  509.9   3.2   1   3   1.7e-70     7e-68  227.8   0.0     1   141     9   163     9   187 0.91 # 10105 # 11511 # -1 # ID=93_14;partial=00;start_type=ATG;rbs_motif=AGGAG;rbs_spacer=5-10bp;gc_cont=0.618
NODE_93_length_13347_cov_11.262632_14  -            469 17346at72274         -            326    1e-153  509.9   3.2   2   3   4.7e-73   1.9e-70  236.2   1.6   148   300   203   385   198   391 0.84 # 10105 # 11511 # -1 # ID=93_14;partial=00;start_type=ATG;rbs_motif=AGGAG;rbs_spacer=5-10bp;gc_cont=0.618
NODE_93_length_13347_cov_11.262632_14  -            469 17346at72274         -            326    1e-153  509.9   3.2   3   3   5.3e-12   2.2e-09   35.5   0.0   293   326   401   434   396   434 0.94 # 10105 # 11511 # -1 # ID=93_14;partial=00;start_type=ATG;rbs_motif=AGGAG;rbs_spacer=5-10bp;gc_cont=0.618
NODE_4_length_179944_cov_11.488508_129 -            455 17346at72274         -            326   8.7e-57  191.3   0.0   1   4   3.2e-24   1.3e-21   75.7   0.0    19   140    36   167    25   176 0.90 # 131691 # 133055 # 1 # ID=4_129;partial=00;start_type=ATG;rbs_motif=AGGAG;rbs_spacer=5-10bp;gc_cont=0.597
NODE_4_length_179944_cov_11.488508_129 -            455 17346at72274         -            326   8.7e-57  191.3   0.0   2   4   1.4e-31   5.9e-29   99.9   0.0   135   281   196   346   181   353 0.87 # 131691 # 133055 # 1 # ID=4_129;partial=00;start_type=ATG;rbs_motif=AGGAG;rbs_spacer=5-10bp;gc_cont=0.597
NODE_4_length_179944_cov_11.488508_129 -            455 17346at72274         -            326   8.7e-57  191.3   0.0   3   4     0.088        37    1.9   0.0   283   310   370   397   362   407 0.80 # 131691 # 133055 # 1 # ID=4_129;partial=00;start_type=ATG;rbs_motif=AGGAG;rbs_spacer=5-10bp;gc_cont=0.597
NODE_4_length_179944_cov_11.488508_129 -            455 17346at72274         -            326   8.7e-57  191.3   0.0   4   4   0.00012     0.049   11.4   0.0   270   326   380   435   375   435 0.90 # 131691 # 133055 # 1 # ID=4_129;partial=00;start_type=ATG;rbs_motif=AGGAG;rbs_spacer=5-10bp;gc_cont=0.597
NODE_16_length_110024_cov_10.950581_2  -            450 17346at72274         -            326   2.1e-56  190.0   0.2   1   3   4.9e-22     2e-19   68.5   0.0     5   139    18   165    14   178 0.85 # 1750 # 3099 # -1 # ID=16_2;partial=00;start_type=ATG;rbs_motif=GGAG/GAGG;rbs_spacer=5-10bp;gc_cont=0.599
NODE_16_length_110024_cov_10.950581_2  -            450 17346at72274         -            326   2.1e-56  190.0   0.2   2   3   1.6e-36   6.6e-34  116.1   0.2   151   286   211   358   203   361 0.85 # 1750 # 3099 # -1 # ID=16_2;partial=00;start_type=ATG;rbs_motif=GGAG/GAGG;rbs_spacer=5-10bp;gc_cont=0.599
NODE_16_length_110024_cov_10.950581_2  -            450 17346at72274         -            326   2.1e-56  190.0   0.2   3   3      0.13        54    1.4   0.0   281   309   373   402   365   410 0.86 # 1750 # 3099 # -1 # ID=16_2;partial=00;start_type=ATG;rbs_motif=GGAG/GAGG;rbs_spacer=5-10bp;gc_cont=0.599
NODE_9_length_129693_cov_11.453298_56  -            461 17346at72274         -            326   2.4e-54  183.3   0.0   1   2   1.2e-23   5.2e-21   73.7   0.0    20   141    40   171    28   178 0.89 # 52196 # 53578 # 1 # ID=9_56;partial=00;start_type=ATG;rbs_motif=GGA/GAG/AGG;rbs_spacer=5-10bp;gc_cont=0.620
NODE_9_length_129693_cov_11.453298_56  -            461 17346at72274         -            326   2.4e-54  183.3   0.0   2   2   7.6e-34   3.2e-31  107.3   0.0   150   280   213   348   206   356 0.89 # 52196 # 53578 # 1 # ID=9_56;partial=00;start_type=ATG;rbs_motif=GGA/GAG/AGG;rbs_spacer=5-10bp;gc_cont=0.620
NODE_17_length_109448_cov_11.974058_79 -            473 17346at72274         -            326   3.2e-52  176.3   0.0   1   3   9.5e-22     4e-19   67.5   0.0    17   146    40   180    21   193 0.85 # 80256 # 81674 # -1 # ID=17_79;partial=00;start_type=ATG;rbs_motif=GGA/GAG/AGG;rbs_spacer=5-10bp;gc_cont=0.615
NODE_17_length_109448_cov_11.974058_79 -            473 17346at72274         -            326   3.2e-52  176.3   0.0   2   3     4e-30   1.7e-27   95.1   0.0   151   286   219   363   201   372 0.86 # 80256 # 81674 # -1 # ID=17_79;partial=00;start_type=ATG;rbs_motif=GGA/GAG/AGG;rbs_spacer=5-10bp;gc_cont=0.615
NODE_17_length_109448_cov_11.974058_79 -            473 17346at72274         -            326   3.2e-52  176.3   0.0   3   3   0.00026      0.11   10.2   0.1   298   326   418   446   372   446 0.79 # 80256 # 81674 # -1 # ID=17_79;partial=00;start_type=ATG;rbs_motif=GGA/GAG/AGG;rbs_spacer=5-10bp;gc_cont=0.615
NODE_62_length_41681_cov_11.236632_8   -            426 17346at72274         -            326   5.6e-44  149.2   0.3   1   3   2.3e-14   9.6e-12   43.3   0.0    20   143    28   155    14   160 0.85 # 9762 # 11039 # 1 # ID=62_8;partial=00;start_type=ATG;rbs_motif=GGAG/GAGG;rbs_spacer=5-10bp;gc_cont=0.624
NODE_62_length_41681_cov_11.236632_8   -            426 17346at72274         -            326   5.6e-44  149.2   0.3   2   3   3.2e-32   1.3e-29  102.0   0.4   150   283   189   324   179   358 0.83 # 9762 # 11039 # 1 # ID=62_8;partial=00;start_type=ATG;rbs_motif=GGAG/GAGG;rbs_spacer=5-10bp;gc_cont=0.624
NODE_62_length_41681_cov_11.236632_8   -            426 17346at72274         -            326   5.6e-44  149.2   0.3   3   3      0.29   1.2e+02    0.2   0.0   278   298   341   361   334   367 0.83 # 9762 # 11039 # 1 # ID=62_8;partial=00;start_type=ATG;rbs_motif=GGAG/GAGG;rbs_spacer=5-10bp;gc_cont=0.624
NODE_22_length_102888_cov_11.104797_13 -            407 17346at72274         -            326   1.1e-43  148.3   0.0   1   1     5e-46   2.1e-43  147.3   0.0    22   279    30   306    12   332 0.85 # 13362 # 14582 # 1 # ID=22_13;partial=00;start_type=ATG;rbs_motif=AGGAG;rbs_spacer=5-10bp;gc_cont=0.631
NODE_5_length_152531_cov_11.068883_117 -            390 17346at72274         -            326   8.4e-43  145.4   0.0   1   1   1.4e-44   5.9e-42  142.6   0.0    19   283    16   301     7   333 0.83 # 136143 # 137312 # 1 # ID=5_117;partial=00;start_type=ATG;rbs_motif=GGAG/GAGG;rbs_spacer=5-10bp;gc_cont=0.635
NODE_18_length_107718_cov_12.162170_10 -            417 17346at72274         -            326   8.4e-39  132.2   0.0   1   2   2.1e-12   8.6e-10   36.9   0.0    13   138    11   140     6   150 0.86 # 10582 # 11832 # -1 # ID=18_10;partial=00;start_type=ATG;rbs_motif=GGA/GAG/AGG;rbs_spacer=5-10bp;gc_cont=0.616
NODE_18_length_107718_cov_12.162170_10 -            417 17346at72274         -            326   8.4e-39  132.2   0.0   2   2   1.5e-29   6.4e-27   93.2   0.0   156   282   187   313   171   326 0.88 # 10582 # 11832 # -1 # ID=18_10;partial=00;start_type=ATG;rbs_motif=GGA/GAG/AGG;rbs_spacer=5-10bp;gc_cont=0.616
NODE_50_length_61080_cov_11.184076_25  -            421 17346at72274         -            326   2.6e-37  127.3   0.0   1   2   3.5e-15   1.5e-12   46.0   0.0    17   136    11   133     5   150 0.86 # 27737 # 28999 # -1 # ID=50_25;partial=00;start_type=ATG;rbs_motif=GGA/GAG/AGG;rbs_spacer=5-10bp;gc_cont=0.621
NODE_50_length_61080_cov_11.184076_25  -            421 17346at72274         -            326   2.6e-37  127.3   0.0   2   2   3.2e-25   1.3e-22   79.0   0.0   152   281   182   310   177   354 0.87 # 27737 # 28999 # -1 # ID=50_25;partial=00;start_type=ATG;rbs_motif=GGA/GAG/AGG;rbs_spacer=5-10bp;gc_cont=0.621
NODE_1_length_244313_cov_11.646614_15  -            467 17346at72274         -            326   1.3e-32  111.9   0.0   1   3     2e-06   0.00084   17.2   0.0    19   138    48   174    40   186 0.77 # 11666 # 13066 # -1 # ID=1_15;partial=00;start_type=ATG;rbs_motif=GGAG/GAGG;rbs_spacer=5-10bp;gc_cont=0.642
NODE_1_length_244313_cov_11.646614_15  -            467 17346at72274         -            326   1.3e-32  111.9   0.0   2   3   1.1e-27   4.6e-25   87.1   0.0   161   279   234   351   214   359 0.89 # 11666 # 13066 # -1 # ID=1_15;partial=00;start_type=ATG;rbs_motif=GGAG/GAGG;rbs_spacer=5-10bp;gc_cont=0.642
NODE_1_length_244313_cov_11.646614_15  -            467 17346at72274         -            326   1.3e-32  111.9   0.0   3   3     0.024        10    3.8   0.0   308   326   431   449   411   449 0.79 # 11666 # 13066 # -1 # ID=1_15;partial=00;start_type=ATG;rbs_motif=GGAG/GAGG;rbs_spacer=5-10bp;gc_cont=0.642
NODE_59_length_42083_cov_11.752765_5   -            465 17346at72274         -            326   6.7e-31  106.2   0.0   1   2   2.8e-11   1.2e-08   33.1   0.0    20   138    37   161    27   165 0.80 # 5828 # 7222 # -1 # ID=59_5;partial=00;start_type=ATG;rbs_motif=AGGA/GGAG/GAGG;rbs_spacer=11-12bp;gc_cont=0.594
NODE_59_length_42083_cov_11.752765_5   -            465 17346at72274         -            326   6.7e-31  106.2   0.0   2   2   9.2e-23   3.8e-20   70.9   0.0   158   277   224   346   220   356 0.87 # 5828 # 7222 # -1 # ID=59_5;partial=00;start_type=ATG;rbs_motif=AGGA/GGAG/GAGG;rbs_spacer=11-12bp;gc_cont=0.594
NODE_39_length_76270_cov_11.926586_28  -            427 17346at72274         -            326   2.6e-27   94.5   0.0   1   1   1.2e-29     5e-27   93.5   0.0    19   286    44   328    35   336 0.78 # 32912 # 34192 # 1 # ID=39_28;partial=00;start_type=ATG;rbs_motif=GGA/GAG/AGG;rbs_spacer=5-10bp;gc_cont=0.616
NODE_28_length_96877_cov_11.194067_58  -            428 17346at72274         -            326   1.6e-21   75.4   0.0   1   2   2.1e-06   0.00089   17.1   0.0    20   130    36   145    31   154 0.82 # 58616 # 59899 # -1 # ID=28_58;partial=00;start_type=ATG;rbs_motif=GGA/GAG/AGG;rbs_spacer=5-10bp;gc_cont=0.646
NODE_28_length_96877_cov_11.194067_58  -            428 17346at72274         -            326   1.6e-21   75.4   0.0   2   2   2.8e-18   1.2e-15   56.2   0.0   147   277   185   317   170   326 0.83 # 58616 # 59899 # -1 # ID=28_58;partial=00;start_type=ATG;rbs_motif=GGA/GAG/AGG;rbs_spacer=5-10bp;gc_cont=0.646
NODE_58_length_42592_cov_11.948310_8   -            467 17346at72274         -            326   6.8e-08   30.6   0.0   1   2     0.045        19    2.9   0.0     8    39    48    79    44   113 0.82 # 8031 # 9431 # 1 # ID=58_8;partial=00;start_type=ATG;rbs_motif=GGA/GAG/AGG;rbs_spacer=5-10bp;gc_cont=0.581
NODE_58_length_42592_cov_11.948310_8   -            467 17346at72274         -            326   6.8e-08   30.6   0.0   2   2   7.4e-09   3.1e-06   25.2   0.0   150   247   210   302   189   353 0.69 # 8031 # 9431 # 1 # ID=58_8;partial=00;start_type=ATG;rbs_motif=GGA/GAG/AGG;rbs_spacer=5-10bp;gc_cont=0.581
#
# Program:         hmmsearch
# Version:         3.1b2 (February 2015)
# Pipeline mode:   SEARCH
# Query file:      /data2/PEG/hoaxaca/REAA/Pseudomonas/bin/busco_downloads/lineages/pseudomonadales_odb10/hmms/17346at72274.hmm
# Target file:     /data2/PEG/hoaxaca/REAA/Pseudomonas/bin/../out/busco/trim_130.spades_kmer/prodigal_output/predicted_genes/predicted.faa
# Option settings: hmmsearch --domtblout /data2/PEG/hoaxaca/REAA/Pseudomonas/bin/../out/busco/trim_130.spades_kmer/run_pseudomonadales_odb10/hmmer_output/17346at72274.out --cpu 1 /data2/PEG/hoaxaca/REAA/Pseudomonas/bin/busco_downloads/lineages/pseudomonadales_odb10/hmms/17346at72274.hmm /data2/PEG/hoaxaca/REAA/Pseudomonas/bin/../out/busco/trim_130.spades_kmer/prodigal_output/predicted_genes/predicted.faa 
# Current dir:     /data2/PEG/hoaxaca/REAA/Pseudomonas/bin
# Date:            Mon Feb 20 00:30:23 2023
# [ok]
