#                                                                                               --- full sequence --- -------------- this domain -------------   hmm coord   ali coord   env coord
# target name                           accession   tlen query name           accession   qlen   E-value  score  bias   #  of  c-Evalue  i-Evalue  score  bias  from    to  from    to  from    to  acc description of target
#                   ------------------- ---------- ----- -------------------- ---------- ----- --------- ------ ----- --- --- --------- --------- ------ ----- ----- ----- ----- ----- ----- ----- ---- ---------------------
NODE_20_length_107404_cov_11.636511_45  -            550 18974at72274         -            424  1.4e-200  665.1  17.8   1   3   2.8e-35   1.2e-32  111.8   1.2     1    73     5    77     5    88 0.96 # 56145 # 57794 # -1 # ID=20_45;partial=00;start_type=GTG;rbs_motif=AGGAG;rbs_spacer=5-10bp;gc_cont=0.632
NODE_20_length_107404_cov_11.636511_45  -            550 18974at72274         -            424  1.4e-200  665.1  17.8   2   3   1.7e-32   7.1e-30  102.6   3.0    72   164   121   215   117   221 0.89 # 56145 # 57794 # -1 # ID=20_45;partial=00;start_type=GTG;rbs_motif=AGGAG;rbs_spacer=5-10bp;gc_cont=0.632
NODE_20_length_107404_cov_11.636511_45  -            550 18974at72274         -            424  1.4e-200  665.1  17.8   3   3  5.1e-141  2.1e-138  460.2   0.5   147   424   237   549   227   549 0.90 # 56145 # 57794 # -1 # ID=20_45;partial=00;start_type=GTG;rbs_motif=AGGAG;rbs_spacer=5-10bp;gc_cont=0.632
NODE_13_length_124624_cov_11.643509_36  -            428 18974at72274         -            424   2.8e-64  216.0  11.1   1   1   1.4e-65   5.9e-63  211.6  11.1     1   417     6   419     6   426 0.83 # 61179 # 62462 # -1 # ID=13_36;partial=00;start_type=ATG;rbs_motif=GGAGG;rbs_spacer=5-10bp;gc_cont=0.643
NODE_1_length_244313_cov_11.646614_137  -            414 18974at72274         -            424   5.1e-58  195.4  11.7   1   2   1.2e-06   0.00051   17.5   2.5    84   161    18    95     3   102 0.66 # 168623 # 169864 # -1 # ID=1_137;partial=00;start_type=ATG;rbs_motif=AGGA;rbs_spacer=5-10bp;gc_cont=0.606
NODE_1_length_244313_cov_11.646614_137  -            414 18974at72274         -            424   5.1e-58  195.4  11.7   2   2   1.6e-56   6.5e-54  181.8   2.9   147   424   104   411    96   411 0.82 # 168623 # 169864 # -1 # ID=1_137;partial=00;start_type=ATG;rbs_motif=AGGA;rbs_spacer=5-10bp;gc_cont=0.606
NODE_36_length_78655_cov_11.539591_56   -            603 18974at72274         -            424   7.5e-10   36.7   1.7   1   1   2.6e-12   1.1e-09   36.1   1.7    11    71   541   601   536   602 0.97 # 67125 # 68933 # -1 # ID=36_56;partial=00;start_type=ATG;rbs_motif=GGAG/GAGG;rbs_spacer=5-10bp;gc_cont=0.614
NODE_17_length_109448_cov_11.974058_28  -            646 18974at72274         -            424   1.4e-09   35.7   0.3   1   1   6.5e-12   2.7e-09   34.8   0.3    10    73   581   644   577   645 0.93 # 26674 # 28611 # -1 # ID=17_28;partial=00;start_type=ATG;rbs_motif=AGGAG;rbs_spacer=5-10bp;gc_cont=0.645
NODE_16_length_110024_cov_10.950581_60  -            154 18974at72274         -            424   1.8e-05   22.2   0.0   1   1   5.7e-08   2.4e-05   21.8   0.0    15    68    97   150    80   153 0.82 # 59691 # 60152 # 1 # ID=16_60;partial=00;start_type=ATG;rbs_motif=GGAG/GAGG;rbs_spacer=5-10bp;gc_cont=0.574
NODE_29_length_94682_cov_10.964012_21   -           1254 18974at72274         -            424   1.9e-05   22.1   0.1   1   1   6.7e-08   2.8e-05   21.6   0.1    11    73  1189  1251  1180  1253 0.72 # 18458 # 22219 # -1 # ID=29_21;partial=00;start_type=ATG;rbs_motif=None;rbs_spacer=None;gc_cont=0.631
NODE_1_length_244313_cov_11.646614_33   -            645 18974at72274         -            424   3.5e-05   21.3   0.6   1   1   1.2e-07   5.2e-05   20.7   0.6    10    71   583   644   578   644 0.89 # 45790 # 47724 # 1 # ID=1_33;partial=00;start_type=ATG;rbs_motif=AGGA;rbs_spacer=5-10bp;gc_cont=0.639
NODE_13_length_124624_cov_11.643509_20  -            389 18974at72274         -            424   0.00019   18.9   1.4   1   2   7.3e-07   0.00031   18.2   0.4    39   127    61   146    38   183 0.70 # 45490 # 46656 # -1 # ID=13_20;partial=00;start_type=ATG;rbs_motif=GGA/GAG/AGG;rbs_spacer=5-10bp;gc_cont=0.621
NODE_13_length_124624_cov_11.643509_20  -            389 18974at72274         -            424   0.00019   18.9   1.4   2   2       1.2   5.1e+02   -2.3   0.0    39    67   350   378   298   381 0.62 # 45490 # 46656 # -1 # ID=13_20;partial=00;start_type=ATG;rbs_motif=GGA/GAG/AGG;rbs_spacer=5-10bp;gc_cont=0.621
NODE_54_length_50984_cov_11.261695_4    -            374 18974at72274         -            424   0.00046   17.6   1.5   1   3   1.8e-06   0.00074   16.9   0.1    39    90    50   100    26   123 0.83 # 25588 # 26709 # 1 # ID=54_4;partial=00;start_type=ATG;rbs_motif=None;rbs_spacer=None;gc_cont=0.638
NODE_54_length_50984_cov_11.261695_4    -            374 18974at72274         -            424   0.00046   17.6   1.5   2   3       3.2   1.3e+03   -3.7   0.0    31    46   298   313   292   317 0.65 # 25588 # 26709 # 1 # ID=54_4;partial=00;start_type=ATG;rbs_motif=None;rbs_spacer=None;gc_cont=0.638
NODE_54_length_50984_cov_11.261695_4    -            374 18974at72274         -            424   0.00046   17.6   1.5   3   3       1.2     5e+02   -2.3   0.1    45    68   339   362   324   367 0.73 # 25588 # 26709 # 1 # ID=54_4;partial=00;start_type=ATG;rbs_motif=None;rbs_spacer=None;gc_cont=0.638
NODE_10_length_127481_cov_12.758602_106 -            373 18974at72274         -            424    0.0014   16.0   0.1   1   2   6.8e-06    0.0028   15.0   0.0   107   149    70   111    53   149 0.70 # 99593 # 100711 # -1 # ID=10_106;partial=00;start_type=ATG;rbs_motif=AGGAG;rbs_spacer=5-10bp;gc_cont=0.637
NODE_10_length_127481_cov_12.758602_106 -            373 18974at72274         -            424    0.0014   16.0   0.1   2   2       2.6   1.1e+03   -3.4   0.0    42    70   185   213   182   249 0.69 # 99593 # 100711 # -1 # ID=10_106;partial=00;start_type=ATG;rbs_motif=AGGAG;rbs_spacer=5-10bp;gc_cont=0.637
NODE_61_length_41929_cov_11.195565_18   -            349 18974at72274         -            424    0.0093   13.3   0.6   1   2   0.00017     0.071   10.4   0.3    82   145    54   119    36   169 0.77 # 22316 # 23362 # 1 # ID=61_18;partial=00;start_type=ATG;rbs_motif=None;rbs_spacer=None;gc_cont=0.632
NODE_61_length_41929_cov_11.195565_18   -            349 18974at72274         -            424    0.0093   13.3   0.6   2   2      0.11        45    1.2   0.0   105   144   204   243   177   261 0.61 # 22316 # 23362 # 1 # ID=61_18;partial=00;start_type=ATG;rbs_motif=None;rbs_spacer=None;gc_cont=0.632
NODE_4_length_179944_cov_11.488508_105  -            128 18974at72274         -            424    0.0096   13.2   0.0   1   1   2.3e-05    0.0096   13.2   0.0    79   126    36    82    13   113 0.76 # 107582 # 107965 # 1 # ID=4_105;partial=00;start_type=ATG;rbs_motif=GGAG/GAGG;rbs_spacer=5-10bp;gc_cont=0.596
NODE_16_length_110024_cov_10.950581_78  -            384 18974at72274         -            424     0.011   13.1   0.1   1   2    0.0007      0.29    8.4   0.2    39   105    75   138    65   171 0.62 # 82936 # 84087 # -1 # ID=16_78;partial=00;start_type=ATG;rbs_motif=AGGA;rbs_spacer=5-10bp;gc_cont=0.639
NODE_16_length_110024_cov_10.950581_78  -            384 18974at72274         -            424     0.011   13.1   0.1   2   2     0.029        12    3.0   0.0    39    74   169   204   154   233 0.71 # 82936 # 84087 # -1 # ID=16_78;partial=00;start_type=ATG;rbs_motif=AGGA;rbs_spacer=5-10bp;gc_cont=0.639
NODE_19_length_107430_cov_11.517777_21  -            445 18974at72274         -            424     0.035   11.4   0.0   1   2    0.0014      0.59    7.4   0.0    44    74    70   100    52   132 0.76 # 31696 # 33030 # -1 # ID=19_21;partial=00;start_type=ATG;rbs_motif=AGGA;rbs_spacer=5-10bp;gc_cont=0.641
NODE_19_length_107430_cov_11.517777_21  -            445 18974at72274         -            424     0.035   11.4   0.0   2   2     0.067        28    1.8   0.0    35    82   289   337   270   371 0.71 # 31696 # 33030 # -1 # ID=19_21;partial=00;start_type=ATG;rbs_motif=AGGA;rbs_spacer=5-10bp;gc_cont=0.641
#
# Program:         hmmsearch
# Version:         3.1b2 (February 2015)
# Pipeline mode:   SEARCH
# Query file:      /data2/PEG/hoaxaca/REAA/Pseudomonas/bin/busco_downloads/lineages/pseudomonadales_odb10/hmms/18974at72274.hmm
# Target file:     /data2/PEG/hoaxaca/REAA/Pseudomonas/bin/../out/busco/trim_130.spades_kmer/prodigal_output/predicted_genes/predicted.faa
# Option settings: hmmsearch --domtblout /data2/PEG/hoaxaca/REAA/Pseudomonas/bin/../out/busco/trim_130.spades_kmer/run_pseudomonadales_odb10/hmmer_output/18974at72274.out --cpu 1 /data2/PEG/hoaxaca/REAA/Pseudomonas/bin/busco_downloads/lineages/pseudomonadales_odb10/hmms/18974at72274.hmm /data2/PEG/hoaxaca/REAA/Pseudomonas/bin/../out/busco/trim_130.spades_kmer/prodigal_output/predicted_genes/predicted.faa 
# Current dir:     /data2/PEG/hoaxaca/REAA/Pseudomonas/bin
# Date:            Mon Feb 20 00:30:25 2023
# [ok]
