#                                                                                             --- full sequence --- -------------- this domain -------------   hmm coord   ali coord   env coord
# target name                         accession   tlen query name           accession   qlen   E-value  score  bias   #  of  c-Evalue  i-Evalue  score  bias  from    to  from    to  from    to  acc description of target
#                 ------------------- ---------- ----- -------------------- ---------- ----- --------- ------ ----- --- --- --------- --------- ------ ----- ----- ----- ----- ----- ----- ----- ---- ---------------------
NODE_48_length_61725_cov_11.884233_32 -            353 22700at72274         -            271  3.7e-156  516.6   1.1   1   1  3.8e-159  4.8e-156  516.3   1.1     1   271    21   322    21   322 0.94 # 33325 # 34383 # 1 # ID=48_32;partial=00;start_type=GTG;rbs_motif=GGA/GAG/AGG;rbs_spacer=5-10bp;gc_cont=0.619
NODE_2_length_235110_cov_11.837397_95 -            441 22700at72274         -            271   5.7e-09   34.0   0.0   1   1   6.9e-12   8.6e-09   33.4   0.0     7   127    21   144    15   157 0.74 # 103500 # 104822 # 1 # ID=2_95;partial=00;start_type=ATG;rbs_motif=3Base/5BMM;rbs_spacer=13-15bp;gc_cont=0.629
NODE_5_length_152531_cov_11.068883_32 -            685 22700at72274         -            271    0.0035   15.1   0.0   1   2     8e-06      0.01   13.5   0.0    12    69    19    72     8    83 0.74 # 42539 # 44593 # 1 # ID=5_32;partial=00;start_type=ATG;rbs_motif=None;rbs_spacer=None;gc_cont=0.647
NODE_5_length_152531_cov_11.068883_32 -            685 22700at72274         -            271    0.0035   15.1   0.0   2   2       1.2   1.6e+03   -3.5   0.0    89   100   122   133   119   144 0.79 # 42539 # 44593 # 1 # ID=5_32;partial=00;start_type=ATG;rbs_motif=None;rbs_spacer=None;gc_cont=0.647
NODE_2_length_235110_cov_11.837397_88 -            757 22700at72274         -            271    0.0051   14.5   1.1   1   2     0.016        20    2.7   0.1    77    96   271   292   189   297 0.49 # 95626 # 97896 # 1 # ID=2_88;partial=00;start_type=ATG;rbs_motif=GGAG/GAGG;rbs_spacer=5-10bp;gc_cont=0.606
NODE_2_length_235110_cov_11.837397_88 -            757 22700at72274         -            271    0.0051   14.5   1.1   2   2   0.00061      0.77    7.4   0.1    35    64   492   521   458   620 0.65 # 95626 # 97896 # 1 # ID=2_88;partial=00;start_type=ATG;rbs_motif=GGAG/GAGG;rbs_spacer=5-10bp;gc_cont=0.606
NODE_7_length_136322_cov_13.076831_45 -            640 22700at72274         -            271     0.017   12.8   0.0   1   1     3e-05     0.038   11.7   0.0    38    69   193   224   151   263 0.75 # 51660 # 53579 # -1 # ID=7_45;partial=00;start_type=TTG;rbs_motif=GGAG/GAGG;rbs_spacer=5-10bp;gc_cont=0.582
#
# Program:         hmmsearch
# Version:         3.1b2 (February 2015)
# Pipeline mode:   SEARCH
# Query file:      /data2/PEG/hoaxaca/REAA/Pseudomonas/bin/busco_downloads/lineages/pseudomonadales_odb10/hmms/22700at72274.hmm
# Target file:     /data2/PEG/hoaxaca/REAA/Pseudomonas/bin/../out/busco/trim_130.spades_kmer/prodigal_output/predicted_genes/predicted.faa
# Option settings: hmmsearch --domtblout /data2/PEG/hoaxaca/REAA/Pseudomonas/bin/../out/busco/trim_130.spades_kmer/run_pseudomonadales_odb10/hmmer_output/22700at72274.out --cpu 1 /data2/PEG/hoaxaca/REAA/Pseudomonas/bin/busco_downloads/lineages/pseudomonadales_odb10/hmms/22700at72274.hmm /data2/PEG/hoaxaca/REAA/Pseudomonas/bin/../out/busco/trim_130.spades_kmer/prodigal_output/predicted_genes/predicted.faa 
# Current dir:     /data2/PEG/hoaxaca/REAA/Pseudomonas/bin
# Date:            Mon Feb 20 00:30:31 2023
# [ok]
