#                                                                                               --- full sequence --- -------------- this domain -------------   hmm coord   ali coord   env coord
# target name                           accession   tlen query name           accession   qlen   E-value  score  bias   #  of  c-Evalue  i-Evalue  score  bias  from    to  from    to  from    to  acc description of target
#                   ------------------- ---------- ----- -------------------- ---------- ----- --------- ------ ----- --- --- --------- --------- ------ ----- ----- ----- ----- ----- ----- ----- ---- ---------------------
NODE_11_length_127457_cov_11.638648_59  -            362 23306at72274         -            310  5.8e-150  497.1   1.8   1   1  8.8e-152  7.1e-150  496.8   1.8     1   310     9   356     9   356 0.91 # 56471 # 57556 # -1 # ID=11_59;partial=00;start_type=ATG;rbs_motif=GGAG/GAGG;rbs_spacer=5-10bp;gc_cont=0.616
NODE_59_length_42083_cov_11.752765_2    -            593 23306at72274         -            310   4.7e-34  116.4   0.1   1   1     2e-35   1.6e-33  114.6   0.1   110   309   369   579   342   580 0.73 # 2046 # 3824 # -1 # ID=59_2;partial=00;start_type=ATG;rbs_motif=None;rbs_spacer=None;gc_cont=0.613
NODE_48_length_61725_cov_11.884233_17   -            679 23306at72274         -            310   3.1e-24   84.1   0.1   1   2   6.2e-08     5e-06   24.3   0.1     2   145   291   450   290   491 0.74 # 18907 # 20943 # -1 # ID=48_17;partial=00;start_type=ATG;rbs_motif=None;rbs_spacer=None;gc_cont=0.609
NODE_48_length_61725_cov_11.884233_17   -            679 23306at72274         -            310   3.1e-24   84.1   0.1   2   2   6.2e-18     5e-16   57.2   0.0   186   308   537   663   534   665 0.88 # 18907 # 20943 # -1 # ID=48_17;partial=00;start_type=ATG;rbs_motif=None;rbs_spacer=None;gc_cont=0.609
NODE_7_length_136322_cov_13.076831_22   -            985 23306at72274         -            310   5.1e-22   76.9   0.1   1   1   4.7e-23   3.8e-21   74.0   0.1     5   301   639   962   635   965 0.62 # 20153 # 23107 # 1 # ID=7_22;partial=00;start_type=ATG;rbs_motif=GGA/GAG/AGG;rbs_spacer=5-10bp;gc_cont=0.610
NODE_59_length_42083_cov_11.752765_17   -            469 23306at72274         -            310   5.9e-22   76.7   2.7   1   2   0.00014     0.012   13.3   1.1    67   190   166   304   137   337 0.58 # 25036 # 26442 # 1 # ID=59_17;partial=00;start_type=ATG;rbs_motif=GGA/GAG/AGG;rbs_spacer=5-10bp;gc_cont=0.588
NODE_59_length_42083_cov_11.752765_17   -            469 23306at72274         -            310   5.9e-22   76.7   2.7   2   2   1.4e-19   1.1e-17   62.6   0.0   192   309   347   462   318   463 0.82 # 25036 # 26442 # 1 # ID=59_17;partial=00;start_type=ATG;rbs_motif=GGA/GAG/AGG;rbs_spacer=5-10bp;gc_cont=0.588
NODE_14_length_116145_cov_11.888948_43  -            559 23306at72274         -            310     3e-21   74.3   0.0   1   1   8.5e-23   6.8e-21   73.2   0.0    72   307   153   416   142   419 0.76 # 36152 # 37828 # 1 # ID=14_43;partial=00;start_type=ATG;rbs_motif=GGA/GAG/AGG;rbs_spacer=5-10bp;gc_cont=0.628
NODE_48_length_61725_cov_11.884233_50   -            674 23306at72274         -            310   3.5e-21   74.1   0.0   1   1   7.9e-23   6.4e-21   73.3   0.0    92   307   283   524   274   527 0.78 # 54847 # 56868 # -1 # ID=48_50;partial=00;start_type=ATG;rbs_motif=None;rbs_spacer=None;gc_cont=0.621
NODE_9_length_129693_cov_11.453298_128  -            557 23306at72274         -            310   5.7e-20   70.1   0.2   1   1   1.4e-21   1.1e-19   69.1   0.2    80   307   155   414   119   416 0.70 # 123626 # 125296 # -1 # ID=9_128;partial=00;start_type=ATG;rbs_motif=AGGA;rbs_spacer=5-10bp;gc_cont=0.607
NODE_16_length_110024_cov_10.950581_43  -            911 23306at72274         -            310   1.4e-19   68.9   0.8   1   1   4.2e-21   3.4e-19   67.6   0.8    95   308   669   906   652   908 0.72 # 40089 # 42821 # 1 # ID=16_43;partial=00;start_type=TTG;rbs_motif=GGA/GAG/AGG;rbs_spacer=5-10bp;gc_cont=0.641
NODE_17_length_109448_cov_11.974058_68  -            846 23306at72274         -            310   5.1e-19   67.0   0.0   1   1   1.7e-20   1.4e-18   65.6   0.0   100   307   464   700   439   703 0.78 # 64632 # 67169 # -1 # ID=17_68;partial=00;start_type=ATG;rbs_motif=GGA/GAG/AGG;rbs_spacer=5-10bp;gc_cont=0.638
NODE_88_length_17388_cov_12.012688_3    -            375 23306at72274         -            310   1.5e-18   65.5   0.2   1   2      0.27        21    2.5   0.0    94   127   137   171   126   187 0.79 # 2468 # 3592 # -1 # ID=88_3;partial=00;start_type=ATG;rbs_motif=GGA/GAG/AGG;rbs_spacer=5-10bp;gc_cont=0.587
NODE_88_length_17388_cov_12.012688_3    -            375 23306at72274         -            310   1.5e-18   65.5   0.2   2   2   6.6e-19   5.3e-17   60.4   0.0   201   308   265   371   247   372 0.86 # 2468 # 3592 # -1 # ID=88_3;partial=00;start_type=ATG;rbs_motif=GGA/GAG/AGG;rbs_spacer=5-10bp;gc_cont=0.587
NODE_3_length_187155_cov_11.688229_149  -            596 23306at72274         -            310   6.3e-18   63.4   0.0   1   2         2   1.6e+02   -0.4   0.0     3    35   263   295   261   318 0.86 # 155112 # 156899 # -1 # ID=3_149;partial=00;start_type=ATG;rbs_motif=GGA/GAG/AGG;rbs_spacer=5-10bp;gc_cont=0.606
NODE_3_length_187155_cov_11.688229_149  -            596 23306at72274         -            310   6.3e-18   63.4   0.0   2   2   1.2e-18   9.7e-17   59.5   0.1   106   308   374   595   360   595 0.79 # 155112 # 156899 # -1 # ID=3_149;partial=00;start_type=ATG;rbs_motif=GGA/GAG/AGG;rbs_spacer=5-10bp;gc_cont=0.606
NODE_43_length_67348_cov_11.294491_48   -            937 23306at72274         -            310   2.3e-17   61.6   0.1   1   1   1.5e-18   1.2e-16   59.2   0.1    99   309   450   685   433   686 0.75 # 40330 # 43140 # 1 # ID=43_48;partial=00;start_type=ATG;rbs_motif=None;rbs_spacer=None;gc_cont=0.603
NODE_56_length_48402_cov_11.542579_28   -            405 23306at72274         -            310   3.7e-17   60.9   0.0   1   1   2.3e-18   1.8e-16   58.6   0.0     2   307    84   395    83   398 0.73 # 27643 # 28857 # -1 # ID=56_28;partial=00;start_type=ATG;rbs_motif=GGA/GAG/AGG;rbs_spacer=5-10bp;gc_cont=0.640
NODE_77_length_26317_cov_11.607942_16   -            570 23306at72274         -            310   9.1e-17   59.6   0.0   1   1   1.8e-18   1.5e-16   58.9   0.0    97   308   186   425   171   427 0.75 # 18627 # 20336 # 1 # ID=77_16;partial=00;start_type=ATG;rbs_motif=GGA/GAG/AGG;rbs_spacer=5-10bp;gc_cont=0.630
NODE_10_length_127481_cov_12.758602_104 -            468 23306at72274         -            310   1.6e-16   58.8   0.0   1   1   4.8e-18   3.8e-16   57.6   0.0   114   309   248   461   239   462 0.74 # 94972 # 96375 # 1 # ID=10_104;partial=00;start_type=ATG;rbs_motif=GGAGG;rbs_spacer=5-10bp;gc_cont=0.631
NODE_31_length_89830_cov_11.215065_3    -            649 23306at72274         -            310   2.3e-16   58.3   0.0   1   1   5.5e-18   4.4e-16   57.4   0.0    93   308   265   502   254   504 0.77 # 5425 # 7371 # -1 # ID=31_3;partial=00;start_type=ATG;rbs_motif=GGA/GAG/AGG;rbs_spacer=5-10bp;gc_cont=0.590
NODE_91_length_16114_cov_10.166948_14   -            375 23306at72274         -            310   2.9e-16   57.9   0.1   1   1   3.3e-17   2.7e-15   54.8   0.1    95   307   134   372   125   374 0.71 # 9940 # 11064 # -1 # ID=91_14;partial=00;start_type=ATG;rbs_motif=AGGAG/GGAGG;rbs_spacer=11-12bp;gc_cont=0.578
NODE_9_length_129693_cov_11.453298_40   -            392 23306at72274         -            310   6.6e-16   56.8   0.5   1   2   1.6e-06   0.00013   19.7   0.2   101   165   164   228   138   253 0.85 # 38219 # 39394 # -1 # ID=9_40;partial=00;start_type=ATG;rbs_motif=GGA/GAG/AGG;rbs_spacer=5-10bp;gc_cont=0.616
NODE_9_length_129693_cov_11.453298_40   -            392 23306at72274         -            310   6.6e-16   56.8   0.5   2   2   2.8e-11   2.3e-09   35.3   0.0   200   309   280   389   274   390 0.79 # 38219 # 39394 # -1 # ID=9_40;partial=00;start_type=ATG;rbs_motif=GGA/GAG/AGG;rbs_spacer=5-10bp;gc_cont=0.616
NODE_59_length_42083_cov_11.752765_16   -            601 23306at72274         -            310   9.3e-16   56.3   0.6   1   2      0.63        51    1.3   0.5    86   141   310   366   244   409 0.82 # 23231 # 25033 # 1 # ID=59_16;partial=00;start_type=ATG;rbs_motif=GGA/GAG/AGG;rbs_spacer=5-10bp;gc_cont=0.606
NODE_59_length_42083_cov_11.752765_16   -            601 23306at72274         -            310   9.3e-16   56.3   0.6   2   2   1.9e-16   1.6e-14   52.3   0.0   184   309   471   596   465   597 0.86 # 23231 # 25033 # 1 # ID=59_16;partial=00;start_type=ATG;rbs_motif=GGA/GAG/AGG;rbs_spacer=5-10bp;gc_cont=0.606
NODE_36_length_78655_cov_11.539591_24   -            441 23306at72274         -            310   1.3e-15   55.8   0.1   1   2     4e-09   3.3e-07   28.2   0.1     7   164   107   264   102   292 0.78 # 26060 # 27382 # 1 # ID=36_24;partial=00;start_type=GTG;rbs_motif=AGGA/GGAG/GAGG;rbs_spacer=11-12bp;gc_cont=0.616
NODE_36_length_78655_cov_11.539591_24   -            441 23306at72274         -            310   1.3e-15   55.8   0.1   2   2   2.5e-08     2e-06   25.6   0.0   240   307   351   426   319   429 0.79 # 26060 # 27382 # 1 # ID=36_24;partial=00;start_type=GTG;rbs_motif=AGGA/GGAG/GAGG;rbs_spacer=11-12bp;gc_cont=0.616
NODE_22_length_102888_cov_11.104797_63  -            918 23306at72274         -            310   1.6e-15   55.5   2.1   1   1   2.8e-16   2.3e-14   51.7   2.1    92   297   270   497   225   512 0.73 # 63553 # 66306 # -1 # ID=22_63;partial=00;start_type=GTG;rbs_motif=AGGAG;rbs_spacer=5-10bp;gc_cont=0.634
NODE_22_length_102888_cov_11.104797_44  -            539 23306at72274         -            310   4.8e-15   53.9   0.0   1   2   1.6e-05    0.0013   16.4   0.0   101   170   302   371   297   406 0.91 # 47013 # 48629 # 1 # ID=22_44;partial=00;start_type=GTG;rbs_motif=None;rbs_spacer=None;gc_cont=0.640
NODE_22_length_102888_cov_11.104797_44  -            539 23306at72274         -            310   4.8e-15   53.9   0.0   2   2     3e-11   2.4e-09   35.2   0.0   207   307   430   530   418   533 0.71 # 47013 # 48629 # 1 # ID=22_44;partial=00;start_type=GTG;rbs_motif=None;rbs_spacer=None;gc_cont=0.640
NODE_66_length_35973_cov_11.478408_4    -            806 23306at72274         -            310   2.1e-14   51.8   1.1   1   1   5.2e-16   4.2e-14   50.9   1.1    79   297   293   528   263   541 0.76 # 3220 # 5637 # 1 # ID=66_4;partial=00;start_type=ATG;rbs_motif=GGA/GAG/AGG;rbs_spacer=5-10bp;gc_cont=0.588
NODE_2_length_235110_cov_11.837397_10   -           1129 23306at72274         -            310   7.4e-14   50.1   3.1   1   1   1.9e-14   1.6e-12   45.7   3.1    78   306   648   895   576   899 0.69 # 8478 # 11864 # -1 # ID=2_10;partial=00;start_type=GTG;rbs_motif=GGAG/GAGG;rbs_spacer=5-10bp;gc_cont=0.634
NODE_9_length_129693_cov_11.453298_126  -            402 23306at72274         -            310   7.6e-14   50.0   1.8   1   2   0.00032     0.026   12.1   1.1    93   155   153   217   107   240 0.75 # 121946 # 123151 # 1 # ID=9_126;partial=00;start_type=ATG;rbs_motif=GGA/GAG/AGG;rbs_spacer=5-10bp;gc_cont=0.606
NODE_9_length_129693_cov_11.453298_126  -            402 23306at72274         -            310   7.6e-14   50.0   1.8   2   2   1.6e-11   1.3e-09   36.2   0.0   237   308   316   393   283   395 0.74 # 121946 # 123151 # 1 # ID=9_126;partial=00;start_type=ATG;rbs_motif=GGA/GAG/AGG;rbs_spacer=5-10bp;gc_cont=0.606
NODE_74_length_31440_cov_11.207326_20   -            589 23306at72274         -            310   2.1e-13   48.6   0.1   1   1   1.8e-14   1.5e-12   45.8   0.1    87   308   342   580   336   582 0.72 # 21608 # 23374 # -1 # ID=74_20;partial=00;start_type=ATG;rbs_motif=None;rbs_spacer=None;gc_cont=0.647
NODE_30_length_94323_cov_11.661812_82   -            480 23306at72274         -            310   2.4e-13   48.4   0.8   1   2   5.5e-13   4.4e-11   40.9   0.3   100   169   248   317   238   330 0.88 # 91315 # 92754 # 1 # ID=30_82;partial=00;start_type=ATG;rbs_motif=None;rbs_spacer=None;gc_cont=0.632
NODE_30_length_94323_cov_11.661812_82   -            480 23306at72274         -            310   2.4e-13   48.4   0.8   2   2     0.032       2.6    5.6   0.0   268   294   433   458   419   472 0.77 # 91315 # 92754 # 1 # ID=30_82;partial=00;start_type=ATG;rbs_motif=None;rbs_spacer=None;gc_cont=0.632
NODE_1_length_244313_cov_11.646614_120  -            634 23306at72274         -            310   9.4e-13   46.4   0.5   1   2   4.3e-07   3.4e-05   21.6   0.2    95   171   252   328   241   350 0.80 # 145882 # 147783 # 1 # ID=1_120;partial=00;start_type=ATG;rbs_motif=AGGAG;rbs_spacer=5-10bp;gc_cont=0.612
NODE_1_length_244313_cov_11.646614_120  -            634 23306at72274         -            310   9.4e-13   46.4   0.5   2   2   1.8e-07   1.5e-05   22.8   0.0   197   308   375   491   369   493 0.79 # 145882 # 147783 # 1 # ID=1_120;partial=00;start_type=ATG;rbs_motif=AGGAG;rbs_spacer=5-10bp;gc_cont=0.612
NODE_64_length_38966_cov_12.566364_3    -            634 23306at72274         -            310   1.9e-12   45.4   0.3   1   2       3.8   3.1e+02   -1.3   0.1    63   117   314   368   312   399 0.81 # 1962 # 3863 # -1 # ID=64_3;partial=00;start_type=ATG;rbs_motif=GGA/GAG/AGG;rbs_spacer=5-10bp;gc_cont=0.637
NODE_64_length_38966_cov_12.566364_3    -            634 23306at72274         -            310   1.9e-12   45.4   0.3   2   2   1.3e-13     1e-11   43.0   0.1    94   309   396   625   382   626 0.68 # 1962 # 3863 # -1 # ID=64_3;partial=00;start_type=ATG;rbs_motif=GGA/GAG/AGG;rbs_spacer=5-10bp;gc_cont=0.637
NODE_18_length_107718_cov_12.162170_20  -            743 23306at72274         -            310   3.8e-12   44.4   0.3   1   3       3.7     3e+02   -1.2   0.0   170   199   130   159   100   164 0.63 # 21128 # 23356 # -1 # ID=18_20;partial=00;start_type=ATG;rbs_motif=AGGAG;rbs_spacer=5-10bp;gc_cont=0.613
NODE_18_length_107718_cov_12.162170_20  -            743 23306at72274         -            310   3.8e-12   44.4   0.3   2   3       7.6   6.1e+02   -2.2   0.1    11    54   298   338   289   349 0.69 # 21128 # 23356 # -1 # ID=18_20;partial=00;start_type=ATG;rbs_motif=AGGAG;rbs_spacer=5-10bp;gc_cont=0.613
NODE_18_length_107718_cov_12.162170_20  -            743 23306at72274         -            310   3.8e-12   44.4   0.3   3   3     4e-13   3.3e-11   41.4   0.0   105   297   515   727   499   740 0.77 # 21128 # 23356 # -1 # ID=18_20;partial=00;start_type=ATG;rbs_motif=AGGAG;rbs_spacer=5-10bp;gc_cont=0.613
NODE_34_length_80082_cov_12.019911_42   -            884 23306at72274         -            310   4.3e-12   44.3   0.1   1   1   4.8e-13   3.9e-11   41.1   0.1   105   309   649   874   637   875 0.72 # 46971 # 49622 # 1 # ID=34_42;partial=00;start_type=ATG;rbs_motif=AGGA/GGAG/GAGG;rbs_spacer=11-12bp;gc_cont=0.653
NODE_18_length_107718_cov_12.162170_41  -            466 23306at72274         -            310   7.9e-12   43.4   2.8   1   2   1.4e-05    0.0011   16.6   0.7   108   189   239   320   228   338 0.91 # 40095 # 41492 # 1 # ID=18_41;partial=00;start_type=ATG;rbs_motif=GGA/GAG/AGG;rbs_spacer=5-10bp;gc_cont=0.627
NODE_18_length_107718_cov_12.162170_41  -            466 23306at72274         -            310   7.9e-12   43.4   2.8   2   2   1.1e-08   9.1e-07   26.8   0.1   240   294   383   438   348   444 0.88 # 40095 # 41492 # 1 # ID=18_41;partial=00;start_type=ATG;rbs_motif=GGA/GAG/AGG;rbs_spacer=5-10bp;gc_cont=0.627
NODE_37_length_78641_cov_11.493110_20   -            376 23306at72274         -            310   5.4e-11   40.7   0.2   1   1     8e-12   6.4e-10   37.1   0.2   107   309   149   374   136   375 0.67 # 16834 # 17961 # 1 # ID=37_20;partial=00;start_type=ATG;rbs_motif=AGGA;rbs_spacer=5-10bp;gc_cont=0.529
NODE_43_length_67348_cov_11.294491_50   -           1063 23306at72274         -            310   8.9e-11   39.9   0.0   1   2     2e-05    0.0016   16.1   0.0   106   169   485   548   462   560 0.84 # 44405 # 47593 # 1 # ID=43_50;partial=00;start_type=ATG;rbs_motif=GGA/GAG/AGG;rbs_spacer=5-10bp;gc_cont=0.627
NODE_43_length_67348_cov_11.294491_50   -           1063 23306at72274         -            310   8.9e-11   39.9   0.0   2   2     5e-07   4.1e-05   21.3   0.0   190   297   588   697   575   710 0.79 # 44405 # 47593 # 1 # ID=43_50;partial=00;start_type=ATG;rbs_motif=GGA/GAG/AGG;rbs_spacer=5-10bp;gc_cont=0.627
NODE_5_length_152531_cov_11.068883_90   -            451 23306at72274         -            310   1.1e-10   39.6   0.1   1   2    0.0087       0.7    7.4   0.0   114   168   236   291   227   311 0.78 # 111272 # 112624 # -1 # ID=5_90;partial=00;start_type=ATG;rbs_motif=AGGAG/GGAGG;rbs_spacer=11-12bp;gc_cont=0.620
NODE_5_length_152531_cov_11.068883_90   -            451 23306at72274         -            310   1.1e-10   39.6   0.1   2   2   1.3e-09     1e-07   29.9   0.0   242   307   374   447   363   449 0.84 # 111272 # 112624 # -1 # ID=5_90;partial=00;start_type=ATG;rbs_motif=AGGAG/GGAGG;rbs_spacer=11-12bp;gc_cont=0.620
NODE_15_length_113078_cov_11.450930_33  -            471 23306at72274         -            310   1.3e-10   39.4   0.2   1   1   1.3e-11     1e-09   36.4   0.2   114   307   252   462   247   465 0.78 # 34260 # 35672 # -1 # ID=15_33;partial=00;start_type=ATG;rbs_motif=None;rbs_spacer=None;gc_cont=0.640
NODE_45_length_65388_cov_11.949464_64   -            432 23306at72274         -            310   1.3e-10   39.3   0.0   1   1   2.5e-12   2.1e-10   38.7   0.0   100   295   207   413   155   428 0.74 # 56363 # 57658 # -1 # ID=45_64;partial=00;start_type=ATG;rbs_motif=GGAG/GAGG;rbs_spacer=5-10bp;gc_cont=0.632
NODE_19_length_107430_cov_11.517777_2   -            492 23306at72274         -            310   1.8e-10   38.9   0.3   1   1   9.5e-11   7.6e-09   33.6   0.3   100   292   256   465   241   482 0.69 # 964 # 2439 # 1 # ID=19_2;partial=00;start_type=ATG;rbs_motif=GGA/GAG/AGG;rbs_spacer=5-10bp;gc_cont=0.622
NODE_77_length_26317_cov_11.607942_6    -           1206 23306at72274         -            310     4e-10   37.8   0.1   1   1   8.6e-12   6.9e-10   37.0   0.1    93   296   695   922   675   936 0.77 # 4054 # 7671 # 1 # ID=77_6;partial=00;start_type=TTG;rbs_motif=GGA/GAG/AGG;rbs_spacer=5-10bp;gc_cont=0.617
NODE_27_length_97117_cov_11.094278_19   -            775 23306at72274         -            310   4.9e-10   37.5   3.8   1   2       2.2   1.8e+02   -0.5   0.1   176   252    28    99    18   107 0.79 # 17127 # 19451 # -1 # ID=27_19;partial=00;start_type=GTG;rbs_motif=AGGA;rbs_spacer=5-10bp;gc_cont=0.615
NODE_27_length_97117_cov_11.094278_19   -            775 23306at72274         -            310   4.9e-10   37.5   3.8   2   2   3.2e-11   2.6e-09   35.1   0.6   105   298   289   499   222   512 0.72 # 17127 # 19451 # -1 # ID=27_19;partial=00;start_type=GTG;rbs_motif=AGGA;rbs_spacer=5-10bp;gc_cont=0.615
NODE_31_length_89830_cov_11.215065_35   -           1198 23306at72274         -            310   9.2e-10   36.6   0.6   1   1   2.9e-11   2.4e-09   35.3   0.6   106   296   704   917   683   930 0.74 # 48590 # 52183 # -1 # ID=31_35;partial=00;start_type=ATG;rbs_motif=None;rbs_spacer=None;gc_cont=0.617
NODE_12_length_125582_cov_11.748539_19  -            376 23306at72274         -            310   1.1e-09   36.3   0.1   1   2      0.36        29    2.1   0.0   106   164   148   208   122   216 0.76 # 12012 # 13139 # -1 # ID=12_19;partial=00;start_type=ATG;rbs_motif=AGGA;rbs_spacer=5-10bp;gc_cont=0.519
NODE_12_length_125582_cov_11.748539_19  -            376 23306at72274         -            310   1.1e-09   36.3   0.1   2   2   3.3e-10   2.7e-08   31.8   0.0   200   309   261   374   256   375 0.73 # 12012 # 13139 # -1 # ID=12_19;partial=00;start_type=ATG;rbs_motif=AGGA;rbs_spacer=5-10bp;gc_cont=0.519
NODE_40_length_72060_cov_11.213226_40   -            392 23306at72274         -            310   1.2e-09   36.2   1.8   1   1   4.8e-10   3.8e-08   31.3   1.8    97   307   159   388   129   391 0.70 # 38376 # 39551 # -1 # ID=40_40;partial=00;start_type=ATG;rbs_motif=GGA/GAG/AGG;rbs_spacer=5-10bp;gc_cont=0.639
NODE_85_length_22158_cov_10.693387_1    -            409 23306at72274         -            310   1.2e-09   36.2   0.0   1   1     3e-11   2.4e-09   35.2   0.0   108   280   228   409   217   409 0.82 # 3 # 1229 # -1 # ID=85_1;partial=10;start_type=GTG;rbs_motif=GGAG/GAGG;rbs_spacer=5-10bp;gc_cont=0.658
NODE_29_length_94682_cov_10.964012_37   -            462 23306at72274         -            310   1.9e-09   35.6   0.2   1   2     3e-05    0.0024   15.5   0.1   100   178   237   315   218   341 0.82 # 36375 # 37760 # 1 # ID=29_37;partial=00;start_type=ATG;rbs_motif=GGA/GAG/AGG;rbs_spacer=5-10bp;gc_cont=0.652
NODE_29_length_94682_cov_10.964012_37   -            462 23306at72274         -            310   1.9e-09   35.6   0.2   2   2   5.3e-06   0.00043   18.0   0.0   245   294   393   444   383   454 0.85 # 36375 # 37760 # 1 # ID=29_37;partial=00;start_type=ATG;rbs_motif=GGA/GAG/AGG;rbs_spacer=5-10bp;gc_cont=0.652
NODE_22_length_102888_cov_11.104797_65  -            457 23306at72274         -            310   2.3e-09   35.3   0.0   1   1     4e-10   3.3e-08   31.5   0.0   100   298   236   444   230   450 0.70 # 67227 # 68597 # 1 # ID=22_65;partial=00;start_type=ATG;rbs_motif=GGA/GAG/AGG;rbs_spacer=5-10bp;gc_cont=0.631
NODE_11_length_127457_cov_11.638648_11  -            603 23306at72274         -            310   2.7e-09   35.1   0.0   1   1   1.1e-10   9.1e-09   33.3   0.0    94   291   355   568   341   583 0.74 # 9560 # 11368 # -1 # ID=11_11;partial=00;start_type=ATG;rbs_motif=GGA/GAG/AGG;rbs_spacer=11-12bp;gc_cont=0.650
NODE_33_length_81661_cov_11.531521_10   -            432 23306at72274         -            310   4.4e-09   34.4   0.0   1   1   8.3e-11   6.7e-09   33.8   0.0   106   307   211   430   201   431 0.74 # 9065 # 10360 # -1 # ID=33_10;partial=00;start_type=ATG;rbs_motif=GGA/GAG/AGG;rbs_spacer=5-10bp;gc_cont=0.644
NODE_15_length_113078_cov_11.450930_21  -            451 23306at72274         -            310   4.7e-09   34.3   0.1   1   1   1.3e-10   1.1e-08   33.1   0.1    99   288   221   423   213   433 0.68 # 23262 # 24614 # -1 # ID=15_21;partial=00;start_type=ATG;rbs_motif=GGA/GAG/AGG;rbs_spacer=5-10bp;gc_cont=0.629
NODE_27_length_97117_cov_11.094278_22   -           1211 23306at72274         -            310     5e-09   34.2   0.8   1   2       7.9   6.4e+02   -2.3   0.0    18    73   601   656   585   661 0.76 # 21019 # 24651 # -1 # ID=27_22;partial=00;start_type=ATG;rbs_motif=GGA/GAG/AGG;rbs_spacer=5-10bp;gc_cont=0.594
NODE_27_length_97117_cov_11.094278_22   -           1211 23306at72274         -            310     5e-09   34.2   0.8   2   2   1.8e-10   1.4e-08   32.7   0.4    96   297   706   932   691   945 0.76 # 21019 # 24651 # -1 # ID=27_22;partial=00;start_type=ATG;rbs_motif=GGA/GAG/AGG;rbs_spacer=5-10bp;gc_cont=0.594
NODE_8_length_135493_cov_11.702015_25   -            455 23306at72274         -            310   5.7e-09   34.0   1.2   1   1     4e-10   3.2e-08   31.5   1.2   113   307   242   453   227   454 0.70 # 32042 # 33406 # -1 # ID=8_25;partial=00;start_type=GTG;rbs_motif=GGAG/GAGG;rbs_spacer=5-10bp;gc_cont=0.617
NODE_1_length_244313_cov_11.646614_65   -            884 23306at72274         -            310   1.4e-08   32.7   0.1   1   1   1.2e-09   9.5e-08   30.0   0.1   101   307   654   873   637   876 0.74 # 83597 # 86248 # 1 # ID=1_65;partial=00;start_type=ATG;rbs_motif=AGGA;rbs_spacer=5-10bp;gc_cont=0.663
NODE_31_length_89830_cov_11.215065_49   -            452 23306at72274         -            310   1.5e-08   32.6   0.2   1   2     0.021       1.7    6.1   0.1   101   169   184   255   167   273 0.77 # 67566 # 68921 # 1 # ID=31_49;partial=00;start_type=ATG;rbs_motif=GGA/GAG/AGG;rbs_spacer=5-10bp;gc_cont=0.616
NODE_31_length_89830_cov_11.215065_49   -            452 23306at72274         -            310   1.5e-08   32.6   0.2   2   2   8.1e-08   6.6e-06   23.9   0.0   232   309   354   439   284   440 0.83 # 67566 # 68921 # 1 # ID=31_49;partial=00;start_type=ATG;rbs_motif=GGA/GAG/AGG;rbs_spacer=5-10bp;gc_cont=0.616
NODE_6_length_150369_cov_11.693315_111  -           1194 23306at72274         -            310   1.6e-08   32.5   0.3   1   2      0.57        46    1.5   0.0   107   133   707   733   682   766 0.76 # 123787 # 127368 # -1 # ID=6_111;partial=00;start_type=GTG;rbs_motif=AGGA;rbs_spacer=5-10bp;gc_cont=0.620
NODE_6_length_150369_cov_11.693315_111  -           1194 23306at72274         -            310   1.6e-08   32.5   0.3   2   2   3.3e-09   2.7e-07   28.5   0.0   200   297   822   922   799   936 0.81 # 123787 # 127368 # -1 # ID=6_111;partial=00;start_type=GTG;rbs_motif=AGGA;rbs_spacer=5-10bp;gc_cont=0.620
NODE_65_length_38398_cov_11.222780_32   -            438 23306at72274         -            310   2.9e-08   31.7   0.0   1   2      0.62        50    1.3   0.0   109   135   223   249   205   298 0.72 # 36964 # 38277 # 1 # ID=65_32;partial=00;start_type=ATG;rbs_motif=None;rbs_spacer=None;gc_cont=0.618
NODE_65_length_38398_cov_11.222780_32   -            438 23306at72274         -            310   2.9e-08   31.7   0.0   2   2   4.2e-09   3.4e-07   28.2   0.0   244   296   358   414   325   428 0.87 # 36964 # 38277 # 1 # ID=65_32;partial=00;start_type=ATG;rbs_motif=None;rbs_spacer=None;gc_cont=0.618
NODE_74_length_31440_cov_11.207326_12   -            490 23306at72274         -            310   3.1e-08   31.6   0.1   1   2         7   5.6e+02   -2.1   0.0   109   137   286   314   267   347 0.78 # 13435 # 14904 # 1 # ID=74_12;partial=00;start_type=ATG;rbs_motif=None;rbs_spacer=None;gc_cont=0.631
NODE_74_length_31440_cov_11.207326_12   -            490 23306at72274         -            310   3.1e-08   31.6   0.1   2   2     1e-09   8.3e-08   30.2   0.0   245   299   419   475   408   486 0.86 # 13435 # 14904 # 1 # ID=74_12;partial=00;start_type=ATG;rbs_motif=None;rbs_spacer=None;gc_cont=0.631
NODE_18_length_107718_cov_12.162170_19  -            440 23306at72274         -            310   5.6e-08   30.7   0.2   1   2       1.4   1.2e+02    0.1   0.0   216   243   225   252   213   311 0.70 # 19450 # 20769 # 1 # ID=18_19;partial=00;start_type=ATG;rbs_motif=None;rbs_spacer=None;gc_cont=0.627
NODE_18_length_107718_cov_12.162170_19  -            440 23306at72274         -            310   5.6e-08   30.7   0.2   2   2   4.1e-09   3.3e-07   28.2   0.0   234   295   357   424   340   438 0.82 # 19450 # 20769 # 1 # ID=18_19;partial=00;start_type=ATG;rbs_motif=None;rbs_spacer=None;gc_cont=0.627
NODE_41_length_70147_cov_11.731977_32   -            421 23306at72274         -            310   6.1e-08   30.6   4.2   1   1   2.7e-08   2.1e-06   25.5   4.2    85   299   180   401   166   412 0.72 # 31911 # 33173 # -1 # ID=41_32;partial=00;start_type=ATG;rbs_motif=GGAG/GAGG;rbs_spacer=5-10bp;gc_cont=0.635
NODE_3_length_187155_cov_11.688229_69   -            764 23306at72274         -            310   7.3e-08   30.4   0.0   1   1   1.9e-09   1.5e-07   29.3   0.0   197   308   650   760   623   762 0.72 # 75665 # 77956 # 1 # ID=3_69;partial=00;start_type=GTG;rbs_motif=GGA/GAG/AGG;rbs_spacer=5-10bp;gc_cont=0.611
NODE_9_length_129693_cov_11.453298_123  -           1166 23306at72274         -            310     9e-08   30.1   1.0   1   1   6.9e-08   5.6e-06   24.2   0.9   100   307   486   717   417   720 0.68 # 117043 # 120540 # 1 # ID=9_123;partial=00;start_type=ATG;rbs_motif=GGA/GAG/AGG;rbs_spacer=5-10bp;gc_cont=0.601
NODE_24_length_101630_cov_11.241934_17  -            464 23306at72274         -            310   9.8e-08   29.9   0.2   1   2         3   2.4e+02   -0.9   0.1   117   176   265   293   241   348 0.59 # 18591 # 19982 # 1 # ID=24_17;partial=00;start_type=GTG;rbs_motif=None;rbs_spacer=None;gc_cont=0.601
NODE_24_length_101630_cov_11.241934_17  -            464 23306at72274         -            310   9.8e-08   29.9   0.2   2   2   4.3e-09   3.4e-07   28.2   0.0   228   298   371   447   357   459 0.76 # 18591 # 19982 # 1 # ID=24_17;partial=00;start_type=GTG;rbs_motif=None;rbs_spacer=None;gc_cont=0.601
NODE_16_length_110024_cov_10.950581_68  -            925 23306at72274         -            310     1e-07   29.9   0.1   1   1   2.8e-08   2.3e-06   25.4   0.1   109   306   400   619   363   625 0.70 # 68733 # 71507 # 1 # ID=16_68;partial=00;start_type=GTG;rbs_motif=GGA/GAG/AGG;rbs_spacer=5-10bp;gc_cont=0.624
NODE_37_length_78641_cov_11.493110_6    -            450 23306at72274         -            310   1.4e-07   29.5   0.0   1   1   4.1e-09   3.3e-07   28.2   0.0   102   290   224   425   214   436 0.67 # 3784 # 5133 # 1 # ID=37_6;partial=00;start_type=ATG;rbs_motif=GGA/GAG/AGG;rbs_spacer=5-10bp;gc_cont=0.649
NODE_45_length_65388_cov_11.949464_69   -            427 23306at72274         -            310   3.9e-07   28.0   0.1   1   2      0.22        18    2.8   0.1   112   164   216   269   201   278 0.78 # 62043 # 63323 # 1 # ID=45_69;partial=00;start_type=ATG;rbs_motif=GGAG/GAGG;rbs_spacer=5-10bp;gc_cont=0.625
NODE_45_length_65388_cov_11.949464_69   -            427 23306at72274         -            310   3.9e-07   28.0   0.1   2   2     2e-07   1.6e-05   22.7   0.0   247   288   357   401   352   419 0.87 # 62043 # 63323 # 1 # ID=45_69;partial=00;start_type=ATG;rbs_motif=GGAG/GAGG;rbs_spacer=5-10bp;gc_cont=0.625
NODE_98_length_10443_cov_11.368263_3    -            732 23306at72274         -            310   4.7e-07   27.7   0.0   1   1   3.2e-08   2.6e-06   25.3   0.0   197   297   620   716   478   727 0.85 # 1514 # 3709 # 1 # ID=98_3;partial=00;start_type=ATG;rbs_motif=GGAG/GAGG;rbs_spacer=5-10bp;gc_cont=0.635
NODE_2_length_235110_cov_11.837397_162  -            466 23306at72274         -            310     1e-06   26.6   0.3   1   2       1.1        87    0.6   0.1   109   156   240   288   214   302 0.62 # 162885 # 164282 # -1 # ID=2_162;partial=00;start_type=ATG;rbs_motif=GGAG/GAGG;rbs_spacer=5-10bp;gc_cont=0.634
NODE_2_length_235110_cov_11.837397_162  -            466 23306at72274         -            310     1e-06   26.6   0.3   2   2   1.5e-07   1.2e-05   23.1   0.0   193   300   344   449   334   459 0.73 # 162885 # 164282 # -1 # ID=2_162;partial=00;start_type=ATG;rbs_motif=GGAG/GAGG;rbs_spacer=5-10bp;gc_cont=0.634
NODE_9_length_129693_cov_11.453298_102  -            426 23306at72274         -            310   1.8e-06   25.8   0.0   1   1   1.3e-07     1e-05   23.3   0.0   207   295   323   408   193   421 0.78 # 91718 # 92995 # 1 # ID=9_102;partial=00;start_type=ATG;rbs_motif=GGAGG;rbs_spacer=5-10bp;gc_cont=0.632
NODE_28_length_96877_cov_11.194067_61   -            791 23306at72274         -            310   3.1e-05   21.7   0.0   1   2    0.0027      0.21    9.1   0.0   101   168   412   479   397   499 0.82 # 61650 # 64022 # 1 # ID=28_61;partial=00;start_type=ATG;rbs_motif=3Base/5BMM;rbs_spacer=13-15bp;gc_cont=0.612
NODE_28_length_96877_cov_11.194067_61   -            791 23306at72274         -            310   3.1e-05   21.7   0.0   2   2    0.0017      0.14    9.8   0.0   188   297   518   631   510   644 0.77 # 61650 # 64022 # 1 # ID=28_61;partial=00;start_type=ATG;rbs_motif=3Base/5BMM;rbs_spacer=13-15bp;gc_cont=0.612
NODE_2_length_235110_cov_11.837397_58   -            439 23306at72274         -            310   3.2e-05   21.7   0.3   1   1   1.5e-06   0.00012   19.8   0.3   245   294   369   420   221   434 0.82 # 58625 # 59941 # 1 # ID=2_58;partial=00;start_type=ATG;rbs_motif=None;rbs_spacer=None;gc_cont=0.606
NODE_1_length_244313_cov_11.646614_17   -            440 23306at72274         -            310   5.8e-05   20.8   0.3   1   1   2.8e-06   0.00023   18.9   0.3   103   299   220   427   207   438 0.72 # 14113 # 15432 # -1 # ID=1_17;partial=00;start_type=ATG;rbs_motif=GGAG/GAGG;rbs_spacer=5-10bp;gc_cont=0.645
NODE_1_length_244313_cov_11.646614_108  -            346 23306at72274         -            310   9.2e-05   20.2   0.0   1   2       3.2   2.6e+02   -1.0   0.0   106   127   140   161   122   196 0.69 # 132828 # 133865 # 1 # ID=1_108;partial=00;start_type=ATG;rbs_motif=GGA/GAG/AGG;rbs_spacer=5-10bp;gc_cont=0.649
NODE_1_length_244313_cov_11.646614_108  -            346 23306at72274         -            310   9.2e-05   20.2   0.0   2   2   4.2e-06   0.00033   18.3   0.0   238   295   266   329   241   343 0.77 # 132828 # 133865 # 1 # ID=1_108;partial=00;start_type=ATG;rbs_motif=GGA/GAG/AGG;rbs_spacer=5-10bp;gc_cont=0.649
NODE_46_length_65058_cov_10.835749_14   -            435 23306at72274         -            310   0.00011   20.0   0.0   1   1   2.9e-06   0.00024   18.8   0.0   243   286   361   410   329   422 0.76 # 14185 # 15489 # 1 # ID=46_14;partial=00;start_type=ATG;rbs_motif=GGA/GAG/AGG;rbs_spacer=5-10bp;gc_cont=0.634
NODE_13_length_124624_cov_11.643509_46  -            457 23306at72274         -            310   0.00012   19.9   0.8   1   2       2.5     2e+02   -0.7   0.7    97   155    88   141    20   162 0.71 # 71064 # 72434 # 1 # ID=13_46;partial=00;start_type=ATG;rbs_motif=GGAG/GAGG;rbs_spacer=5-10bp;gc_cont=0.656
NODE_13_length_124624_cov_11.643509_46  -            457 23306at72274         -            310   0.00012   19.9   0.8   2   2   4.8e-06   0.00038   18.1   0.0   234   307   233   314   203   317 0.73 # 71064 # 72434 # 1 # ID=13_46;partial=00;start_type=ATG;rbs_motif=GGAG/GAGG;rbs_spacer=5-10bp;gc_cont=0.656
NODE_22_length_102888_cov_11.104797_48  -            449 23306at72274         -            310   0.00018   19.2   0.0   1   1   9.2e-06   0.00074   17.2   0.0   106   307   237   446   219   447 0.65 # 50623 # 51969 # 1 # ID=22_48;partial=00;start_type=TTG;rbs_motif=GGA/GAG/AGG;rbs_spacer=5-10bp;gc_cont=0.623
NODE_52_length_52615_cov_11.099280_1    -           1021 23306at72274         -            310    0.0074   13.9   0.0   1   1   0.00019     0.015   12.9   0.0   236   308   935  1015   926  1017 0.72 # 3 # 3065 # -1 # ID=52_1;partial=10;start_type=ATG;rbs_motif=GGAG/GAGG;rbs_spacer=5-10bp;gc_cont=0.627
NODE_94_length_12943_cov_11.398252_12   -             64 23306at72274         -            310     0.012   13.2   0.0   1   1   0.00015     0.012   13.2   0.0   263   298     8    43     2    57 0.70 # 12751 # 12942 # -1 # ID=94_12;partial=01;start_type=Edge;rbs_motif=None;rbs_spacer=None;gc_cont=0.661
NODE_70_length_34415_cov_11.307046_11   -            821 23306at72274         -            310     0.014   13.1   0.0   1   1   0.00026     0.021   12.4   0.0     5    67   252   313   248   318 0.83 # 11741 # 14203 # 1 # ID=70_11;partial=00;start_type=ATG;rbs_motif=GGA/GAG/AGG;rbs_spacer=5-10bp;gc_cont=0.598
#
# Program:         hmmsearch
# Version:         3.1b2 (February 2015)
# Pipeline mode:   SEARCH
# Query file:      /data2/PEG/hoaxaca/REAA/Pseudomonas/bin/busco_downloads/lineages/pseudomonadales_odb10/hmms/23306at72274.hmm
# Target file:     /data2/PEG/hoaxaca/REAA/Pseudomonas/bin/../out/busco/trim_130.spades_kmer/prodigal_output/predicted_genes/predicted.faa
# Option settings: hmmsearch --domtblout /data2/PEG/hoaxaca/REAA/Pseudomonas/bin/../out/busco/trim_130.spades_kmer/run_pseudomonadales_odb10/hmmer_output/23306at72274.out --cpu 1 /data2/PEG/hoaxaca/REAA/Pseudomonas/bin/busco_downloads/lineages/pseudomonadales_odb10/hmms/23306at72274.hmm /data2/PEG/hoaxaca/REAA/Pseudomonas/bin/../out/busco/trim_130.spades_kmer/prodigal_output/predicted_genes/predicted.faa 
# Current dir:     /data2/PEG/hoaxaca/REAA/Pseudomonas/bin
# Date:            Mon Feb 20 00:30:32 2023
# [ok]
