#                                                                                               --- full sequence --- -------------- this domain -------------   hmm coord   ali coord   env coord
# target name                           accession   tlen query name           accession   qlen   E-value  score  bias   #  of  c-Evalue  i-Evalue  score  bias  from    to  from    to  from    to  acc description of target
#                   ------------------- ---------- ----- -------------------- ---------- ----- --------- ------ ----- --- --- --------- --------- ------ ----- ----- ----- ----- ----- ----- ----- ---- ---------------------
NODE_65_length_38398_cov_11.222780_32   -            438 25705at72274         -            341  2.8e-139  462.6   5.1   1   2     1e-11     9e-10   36.8   0.5     1    48    14    69    14    76 0.88 # 36964 # 38277 # 1 # ID=65_32;partial=00;start_type=ATG;rbs_motif=None;rbs_spacer=None;gc_cont=0.618
NODE_65_length_38398_cov_11.222780_32   -            438 25705at72274         -            341  2.8e-139  462.6   5.1   2   2    9e-131  7.9e-129  428.2   0.5    29   341    71   428    65   428 0.90 # 36964 # 38277 # 1 # ID=65_32;partial=00;start_type=ATG;rbs_motif=None;rbs_spacer=None;gc_cont=0.618
NODE_18_length_107718_cov_12.162170_19  -            440 25705at72274         -            341   1.3e-49  167.8   0.8   1   1   3.4e-51     3e-49  166.6   0.8    98   341   164   439   135   439 0.85 # 19450 # 20769 # 1 # ID=18_19;partial=00;start_type=ATG;rbs_motif=None;rbs_spacer=None;gc_cont=0.627
NODE_24_length_101630_cov_11.241934_17  -            464 25705at72274         -            341   4.3e-46  156.2   5.9   1   1   3.1e-47   2.7e-45  153.6   5.9    95   338   178   456   149   458 0.81 # 18591 # 19982 # 1 # ID=24_17;partial=00;start_type=GTG;rbs_motif=None;rbs_spacer=None;gc_cont=0.601
NODE_46_length_65058_cov_10.835749_14   -            435 25705at72274         -            341   1.5e-45  154.4   1.2   1   1   1.7e-47   1.5e-45  154.4   1.2    95   340   154   433   125   434 0.82 # 14185 # 15489 # 1 # ID=46_14;partial=00;start_type=ATG;rbs_motif=GGA/GAG/AGG;rbs_spacer=5-10bp;gc_cont=0.634
NODE_74_length_31440_cov_11.207326_12   -            490 25705at72274         -            341   2.2e-43  147.3   0.8   1   2      0.12        10    3.7   0.4    93   141    22    71     9    78 0.78 # 13435 # 14904 # 1 # ID=74_12;partial=00;start_type=ATG;rbs_motif=None;rbs_spacer=None;gc_cont=0.631
NODE_74_length_31440_cov_11.207326_12   -            490 25705at72274         -            341   2.2e-43  147.3   0.8   2   2   1.9e-43   1.7e-41  141.1   0.0    94   340   211   485   193   486 0.83 # 13435 # 14904 # 1 # ID=74_12;partial=00;start_type=ATG;rbs_motif=None;rbs_spacer=None;gc_cont=0.631
NODE_1_length_244313_cov_11.646614_108  -            346 25705at72274         -            341   5.1e-41  139.5   0.2   1   1   1.8e-42   1.6e-40  137.9   0.2   105   340    77   343    68   344 0.85 # 132828 # 133865 # 1 # ID=1_108;partial=00;start_type=ATG;rbs_motif=GGA/GAG/AGG;rbs_spacer=5-10bp;gc_cont=0.649
NODE_22_length_102888_cov_11.104797_44  -            539 25705at72274         -            341   2.3e-31  107.7   1.0   1   1   1.2e-32     1e-30  105.6   1.0    94   319   235   505   213   525 0.70 # 47013 # 48629 # 1 # ID=22_44;partial=00;start_type=GTG;rbs_motif=None;rbs_spacer=None;gc_cont=0.640
NODE_33_length_81661_cov_11.531521_10   -            432 25705at72274         -            341   1.6e-24   85.3   0.3   1   1   7.4e-26   6.5e-24   83.3   0.3   132   340   189   430   118   431 0.68 # 9065 # 10360 # -1 # ID=33_10;partial=00;start_type=ATG;rbs_motif=GGA/GAG/AGG;rbs_spacer=5-10bp;gc_cont=0.644
NODE_45_length_65388_cov_11.949464_69   -            427 25705at72274         -            341   5.4e-22   77.0   0.2   1   1   1.5e-23   1.3e-21   75.7   0.2    94   334   148   416    97   422 0.73 # 62043 # 63323 # 1 # ID=45_69;partial=00;start_type=ATG;rbs_motif=GGAG/GAGG;rbs_spacer=5-10bp;gc_cont=0.625
NODE_9_length_129693_cov_11.453298_102  -            426 25705at72274         -            341   9.1e-22   76.2   0.0   1   1   1.8e-23   1.6e-21   75.4   0.0   133   335   183   417   119   421 0.73 # 91718 # 92995 # 1 # ID=9_102;partial=00;start_type=ATG;rbs_motif=GGAGG;rbs_spacer=5-10bp;gc_cont=0.632
NODE_45_length_65388_cov_11.949464_64   -            432 25705at72274         -            341   1.4e-21   75.6   0.0   1   1     2e-23   1.8e-21   75.3   0.0   130   340   189   427   116   428 0.72 # 56363 # 57658 # -1 # ID=45_64;partial=00;start_type=ATG;rbs_motif=GGAG/GAGG;rbs_spacer=5-10bp;gc_cont=0.632
NODE_85_length_22158_cov_10.693387_1    -            409 25705at72274         -            341   1.7e-20   72.0   1.2   1   2       4.1   3.5e+02   -1.4   0.1    94   144     8    59     3    75 0.69 # 3 # 1229 # -1 # ID=85_1;partial=10;start_type=GTG;rbs_motif=GGAG/GAGG;rbs_spacer=5-10bp;gc_cont=0.658
NODE_85_length_22158_cov_10.693387_1    -            409 25705at72274         -            341   1.7e-20   72.0   1.2   2   2   1.1e-21   9.8e-20   69.5   0.2   133   314   205   409   134   409 0.74 # 3 # 1229 # -1 # ID=85_1;partial=10;start_type=GTG;rbs_motif=GGAG/GAGG;rbs_spacer=5-10bp;gc_cont=0.658
NODE_18_length_107718_cov_12.162170_41  -            466 25705at72274         -            341   8.4e-20   69.8   3.3   1   1   2.9e-21   2.5e-19   68.2   3.3    95   338   166   451   143   453 0.72 # 40095 # 41492 # 1 # ID=18_41;partial=00;start_type=ATG;rbs_motif=GGA/GAG/AGG;rbs_spacer=5-10bp;gc_cont=0.627
NODE_1_length_244313_cov_11.646614_65   -            884 25705at72274         -            341     1e-19   69.5   3.5   1   1     8e-21     7e-19   66.7   3.5   116   340   618   873   608   874 0.66 # 83597 # 86248 # 1 # ID=1_65;partial=00;start_type=ATG;rbs_motif=AGGA;rbs_spacer=5-10bp;gc_cont=0.663
NODE_15_length_113078_cov_11.450930_21  -            451 25705at72274         -            341   3.7e-19   67.6   0.6   1   1     1e-20   9.1e-19   66.3   0.6   129   321   203   422   147   447 0.71 # 23262 # 24614 # -1 # ID=15_21;partial=00;start_type=ATG;rbs_motif=GGA/GAG/AGG;rbs_spacer=5-10bp;gc_cont=0.629
NODE_8_length_135493_cov_11.702015_25   -            455 25705at72274         -            341   8.8e-18   63.1   1.7   1   1   2.8e-19   2.5e-17   61.6   1.7   127   340   208   453   144   454 0.67 # 32042 # 33406 # -1 # ID=8_25;partial=00;start_type=GTG;rbs_motif=GGAG/GAGG;rbs_spacer=5-10bp;gc_cont=0.617
NODE_29_length_94682_cov_10.964012_37   -            462 25705at72274         -            341   1.3e-17   62.6   0.2   1   1   3.2e-19   2.8e-17   61.5   0.2    94   338   167   457   148   459 0.68 # 36375 # 37760 # 1 # ID=29_37;partial=00;start_type=ATG;rbs_motif=GGA/GAG/AGG;rbs_spacer=5-10bp;gc_cont=0.652
NODE_22_length_102888_cov_11.104797_65  -            457 25705at72274         -            341   1.4e-17   62.4   3.1   1   1   1.3e-18   1.2e-16   59.4   3.1   123   338   211   452   167   454 0.74 # 67227 # 68597 # 1 # ID=22_65;partial=00;start_type=ATG;rbs_motif=GGA/GAG/AGG;rbs_spacer=5-10bp;gc_cont=0.631
NODE_37_length_78641_cov_11.493110_6    -            450 25705at72274         -            341   3.5e-17   61.1   0.2   1   1   7.8e-19   6.8e-17   60.2   0.2   129   321   203   422   159   447 0.74 # 3784 # 5133 # 1 # ID=37_6;partial=00;start_type=ATG;rbs_motif=GGA/GAG/AGG;rbs_spacer=5-10bp;gc_cont=0.649
NODE_5_length_152531_cov_11.068883_90   -            451 25705at72274         -            341   4.9e-16   57.4   2.0   1   1   2.7e-17   2.3e-15   55.1   2.0   100   321   157   426   116   432 0.65 # 111272 # 112624 # -1 # ID=5_90;partial=00;start_type=ATG;rbs_motif=AGGAG/GGAGG;rbs_spacer=11-12bp;gc_cont=0.620
NODE_10_length_127481_cov_12.758602_104 -            468 25705at72274         -            341   6.1e-16   57.1   1.7   1   1   4.8e-16   4.2e-14   51.0   1.7   126   320   212   436   155   460 0.71 # 94972 # 96375 # 1 # ID=10_104;partial=00;start_type=ATG;rbs_motif=GGAGG;rbs_spacer=5-10bp;gc_cont=0.631
NODE_3_length_187155_cov_11.688229_149  -            596 25705at72274         -            341   6.9e-16   56.9   0.7   1   3         3   2.7e+02   -0.9   0.0   146   163   157   174   145   176 0.79 # 155112 # 156899 # -1 # ID=3_149;partial=00;start_type=ATG;rbs_motif=GGA/GAG/AGG;rbs_spacer=5-10bp;gc_cont=0.606
NODE_3_length_187155_cov_11.688229_149  -            596 25705at72274         -            341   6.9e-16   56.9   0.7   2   3       1.1        94    0.5   0.0    99   134   179   214   160   246 0.80 # 155112 # 156899 # -1 # ID=3_149;partial=00;start_type=ATG;rbs_motif=GGA/GAG/AGG;rbs_spacer=5-10bp;gc_cont=0.606
NODE_3_length_187155_cov_11.688229_149  -            596 25705at72274         -            341   6.9e-16   56.9   0.7   3   3   1.3e-16   1.1e-14   52.9   0.2   156   341   376   595   359   595 0.73 # 155112 # 156899 # -1 # ID=3_149;partial=00;start_type=ATG;rbs_motif=GGA/GAG/AGG;rbs_spacer=5-10bp;gc_cont=0.606
NODE_2_length_235110_cov_11.837397_10   -           1129 25705at72274         -            341   2.4e-15   55.1   1.8   1   2   0.00012     0.011   13.5   0.4    93   189   609   711   593   732 0.72 # 8478 # 11864 # -1 # ID=2_10;partial=00;start_type=GTG;rbs_motif=GGAG/GAGG;rbs_spacer=5-10bp;gc_cont=0.634
NODE_2_length_235110_cov_11.837397_10   -           1129 25705at72274         -            341   2.4e-15   55.1   1.8   2   2   7.1e-13   6.2e-11   40.6   0.0   251   333   795   889   754   897 0.77 # 8478 # 11864 # -1 # ID=2_10;partial=00;start_type=GTG;rbs_motif=GGAG/GAGG;rbs_spacer=5-10bp;gc_cont=0.634
NODE_52_length_52615_cov_11.099280_1    -           1021 25705at72274         -            341   3.1e-15   54.7   0.1   1   1   5.7e-17     5e-15   54.1   0.1   124   341   765  1015   698  1015 0.76 # 3 # 3065 # -1 # ID=52_1;partial=10;start_type=ATG;rbs_motif=GGAG/GAGG;rbs_spacer=5-10bp;gc_cont=0.627
NODE_43_length_67348_cov_11.294491_48   -            937 25705at72274         -            341   4.8e-15   54.1   0.0   1   1   1.1e-16   9.7e-15   53.1   0.0   136   341   440   684   429   684 0.75 # 40330 # 43140 # 1 # ID=43_48;partial=00;start_type=ATG;rbs_motif=None;rbs_spacer=None;gc_cont=0.603
NODE_34_length_80082_cov_12.019911_42   -            884 25705at72274         -            341     1e-14   53.0   1.4   1   1   1.1e-15   9.8e-14   49.8   1.3   152   320   648   848   634   873 0.70 # 46971 # 49622 # 1 # ID=34_42;partial=00;start_type=ATG;rbs_motif=AGGA/GGAG/GAGG;rbs_spacer=11-12bp;gc_cont=0.653
NODE_19_length_107430_cov_11.517777_2   -            492 25705at72274         -            341   1.9e-14   52.2   3.9   1   2   2.6e-10   2.3e-08   32.2   1.1   125   182   226   290   167   299 0.84 # 964 # 2439 # 1 # ID=19_2;partial=00;start_type=ATG;rbs_motif=GGA/GAG/AGG;rbs_spacer=5-10bp;gc_cont=0.622
NODE_19_length_107430_cov_11.517777_2   -            492 25705at72274         -            341   1.9e-14   52.2   3.9   2   2   1.4e-06   0.00012   19.9   0.1   251   320   382   459   340   481 0.79 # 964 # 2439 # 1 # ID=19_2;partial=00;start_type=ATG;rbs_motif=GGA/GAG/AGG;rbs_spacer=5-10bp;gc_cont=0.622
NODE_9_length_129693_cov_11.453298_126  -            402 25705at72274         -            341   2.2e-14   51.9   9.6   1   1   4.7e-15   4.1e-13   47.8   9.6   108   341   121   393    67   393 0.73 # 121946 # 123151 # 1 # ID=9_126;partial=00;start_type=ATG;rbs_motif=GGA/GAG/AGG;rbs_spacer=5-10bp;gc_cont=0.606
NODE_13_length_124624_cov_11.643509_46  -            457 25705at72274         -            341   1.2e-13   49.5   1.2   1   1   2.1e-15   1.8e-13   48.9   1.2   124   341    63   315    52   315 0.73 # 71064 # 72434 # 1 # ID=13_46;partial=00;start_type=ATG;rbs_motif=GGAG/GAGG;rbs_spacer=5-10bp;gc_cont=0.656
NODE_36_length_78655_cov_11.539591_24   -            441 25705at72274         -            341   7.2e-13   47.0   0.2   1   1   3.2e-14   2.8e-12   45.0   0.2   147   319   197   402   191   426 0.71 # 26060 # 27382 # 1 # ID=36_24;partial=00;start_type=GTG;rbs_motif=AGGA/GGAG/GAGG;rbs_spacer=11-12bp;gc_cont=0.616
NODE_31_length_89830_cov_11.215065_49   -            452 25705at72274         -            341   8.1e-13   46.8   0.9   1   2   0.00046      0.04   11.6   0.8   139   198   174   227   158   338 0.77 # 67566 # 68921 # 1 # ID=31_49;partial=00;start_type=ATG;rbs_motif=GGA/GAG/AGG;rbs_spacer=5-10bp;gc_cont=0.616
NODE_31_length_89830_cov_11.215065_49   -            452 25705at72274         -            341   8.1e-13   46.8   0.9   2   2   2.8e-10   2.5e-08   32.0   0.0   274   341   365   438   352   438 0.89 # 67566 # 68921 # 1 # ID=31_49;partial=00;start_type=ATG;rbs_motif=GGA/GAG/AGG;rbs_spacer=5-10bp;gc_cont=0.616
NODE_2_length_235110_cov_11.837397_58   -            439 25705at72274         -            341   2.1e-12   45.4   2.4   1   1   2.2e-13   1.9e-11   42.3   2.4   127   340   201   435   133   436 0.67 # 58625 # 59941 # 1 # ID=2_58;partial=00;start_type=ATG;rbs_motif=None;rbs_spacer=None;gc_cont=0.606
NODE_9_length_129693_cov_11.453298_40   -            392 25705at72274         -            341   2.6e-12   45.1   0.4   1   1   7.9e-14   6.9e-12   43.7   0.4   144   341   156   388   123   388 0.71 # 38219 # 39394 # -1 # ID=9_40;partial=00;start_type=ATG;rbs_motif=GGA/GAG/AGG;rbs_spacer=5-10bp;gc_cont=0.616
NODE_40_length_72060_cov_11.213226_40   -            392 25705at72274         -            341   2.8e-12   45.0   0.1   1   1   4.9e-14   4.3e-12   44.4   0.1   141   340   155   388   137   389 0.72 # 38376 # 39551 # -1 # ID=40_40;partial=00;start_type=ATG;rbs_motif=GGA/GAG/AGG;rbs_spacer=5-10bp;gc_cont=0.639
NODE_59_length_42083_cov_11.752765_2    -            593 25705at72274         -            341   1.1e-11   43.0   1.0   1   1   1.1e-12   9.2e-11   40.0   1.0    92   340   278   577   268   578 0.65 # 2046 # 3824 # -1 # ID=59_2;partial=00;start_type=ATG;rbs_motif=None;rbs_spacer=None;gc_cont=0.613
NODE_22_length_102888_cov_11.104797_48  -            449 25705at72274         -            341   3.9e-11   41.2   0.1   1   1     1e-12   9.1e-11   40.1   0.1   111   340   189   446   157   447 0.64 # 50623 # 51969 # 1 # ID=22_48;partial=00;start_type=TTG;rbs_motif=GGA/GAG/AGG;rbs_spacer=5-10bp;gc_cont=0.623
NODE_1_length_244313_cov_11.646614_17   -            440 25705at72274         -            341   6.2e-11   40.6   0.2   1   2   6.1e-05    0.0054   14.5   0.3   129   182   198   251   153   284 0.79 # 14113 # 15432 # -1 # ID=1_17;partial=00;start_type=ATG;rbs_motif=GGAG/GAGG;rbs_spacer=5-10bp;gc_cont=0.645
NODE_1_length_244313_cov_11.646614_17   -            440 25705at72274         -            341   6.2e-11   40.6   0.2   2   2   8.3e-08   7.3e-06   23.9   0.0   255   340   342   436   329   437 0.75 # 14113 # 15432 # -1 # ID=1_17;partial=00;start_type=ATG;rbs_motif=GGAG/GAGG;rbs_spacer=5-10bp;gc_cont=0.645
NODE_1_length_244313_cov_11.646614_120  -            634 25705at72274         -            341   6.3e-11   40.6   1.2   1   1   7.2e-13   6.3e-11   40.6   1.2   122   341   228   491   221   491 0.67 # 145882 # 147783 # 1 # ID=1_120;partial=00;start_type=ATG;rbs_motif=AGGAG;rbs_spacer=5-10bp;gc_cont=0.612
NODE_9_length_129693_cov_11.453298_123  -           1166 25705at72274         -            341   8.4e-11   40.2   3.6   1   1   9.9e-12   8.7e-10   36.8   2.7   121   332   459   709   450   717 0.67 # 117043 # 120540 # 1 # ID=9_123;partial=00;start_type=ATG;rbs_motif=GGA/GAG/AGG;rbs_spacer=5-10bp;gc_cont=0.601
NODE_18_length_107718_cov_12.162170_20  -            743 25705at72274         -            341   8.5e-11   40.1   0.2   1   1   1.7e-11   1.5e-09   36.1   0.2   150   340   512   739   491   740 0.67 # 21128 # 23356 # -1 # ID=18_20;partial=00;start_type=ATG;rbs_motif=AGGAG;rbs_spacer=5-10bp;gc_cont=0.613
NODE_37_length_78641_cov_11.493110_20   -            376 25705at72274         -            341   1.4e-10   39.4   0.0   1   1   2.6e-12   2.3e-10   38.7   0.0   137   341   127   373   105   373 0.71 # 16834 # 17961 # 1 # ID=37_20;partial=00;start_type=ATG;rbs_motif=AGGA;rbs_spacer=5-10bp;gc_cont=0.529
NODE_22_length_102888_cov_11.104797_63  -            918 25705at72274         -            341   1.6e-10   39.3   4.3   1   2      0.18        16    3.1   0.3    98   172   174   262   150   279 0.69 # 63553 # 66306 # -1 # ID=22_63;partial=00;start_type=GTG;rbs_motif=AGGAG;rbs_spacer=5-10bp;gc_cont=0.634
NODE_22_length_102888_cov_11.104797_63  -            918 25705at72274         -            341   1.6e-10   39.3   4.3   2   2   1.2e-11   1.1e-09   36.5   0.6   153   340   282   509   268   510 0.67 # 63553 # 66306 # -1 # ID=22_63;partial=00;start_type=GTG;rbs_motif=AGGAG;rbs_spacer=5-10bp;gc_cont=0.634
NODE_3_length_187155_cov_11.688229_69   -            764 25705at72274         -            341   1.6e-10   39.2   0.2   1   1     6e-12   5.3e-10   37.5   0.2   151   341   544   760   538   760 0.74 # 75665 # 77956 # 1 # ID=3_69;partial=00;start_type=GTG;rbs_motif=GGA/GAG/AGG;rbs_spacer=5-10bp;gc_cont=0.611
NODE_27_length_97117_cov_11.094278_19   -            775 25705at72274         -            341     2e-10   38.9   1.4   1   1   1.6e-11   1.4e-09   36.2   1.0   152   341   288   511   242   511 0.65 # 17127 # 19451 # -1 # ID=27_19;partial=00;start_type=GTG;rbs_motif=AGGA;rbs_spacer=5-10bp;gc_cont=0.615
NODE_31_length_89830_cov_11.215065_35   -           1198 25705at72274         -            341   2.4e-10   38.6   3.6   1   1   6.5e-12   5.7e-10   37.4   3.6   144   340   694   930   690   931 0.72 # 48590 # 52183 # -1 # ID=31_35;partial=00;start_type=ATG;rbs_motif=None;rbs_spacer=None;gc_cont=0.617
NODE_2_length_235110_cov_11.837397_162  -            466 25705at72274         -            341   3.8e-10   38.0   7.1   1   1   8.5e-11   7.4e-09   33.8   7.1   134   333   217   451   158   457 0.74 # 162885 # 164282 # -1 # ID=2_162;partial=00;start_type=ATG;rbs_motif=GGAG/GAGG;rbs_spacer=5-10bp;gc_cont=0.634
NODE_56_length_48402_cov_11.542579_28   -            405 25705at72274         -            341     6e-10   37.4   0.5   1   1   2.4e-11   2.1e-09   35.6   0.5   144   341   173   396   145   396 0.72 # 27643 # 28857 # -1 # ID=56_28;partial=00;start_type=ATG;rbs_motif=GGA/GAG/AGG;rbs_spacer=5-10bp;gc_cont=0.640
NODE_66_length_35973_cov_11.478408_4    -            806 25705at72274         -            341     2e-09   35.7   1.3   1   1   8.2e-11   7.2e-09   33.8   1.2   143   339   304   539   296   541 0.72 # 3220 # 5637 # 1 # ID=66_4;partial=00;start_type=ATG;rbs_motif=GGA/GAG/AGG;rbs_spacer=5-10bp;gc_cont=0.588
NODE_12_length_125582_cov_11.748539_19  -            376 25705at72274         -            341   2.7e-09   35.2   0.0   1   1   6.6e-11   5.7e-09   34.1   0.0   134   341   124   373   107   373 0.72 # 12012 # 13139 # -1 # ID=12_19;partial=00;start_type=ATG;rbs_motif=AGGA;rbs_spacer=5-10bp;gc_cont=0.519
NODE_15_length_113078_cov_11.450930_33  -            471 25705at72274         -            341   3.5e-09   34.8   1.5   1   2       9.6   8.4e+02   -2.6   0.1    94   129    14    48     5    59 0.74 # 34260 # 35672 # -1 # ID=15_33;partial=00;start_type=ATG;rbs_motif=None;rbs_spacer=None;gc_cont=0.640
NODE_15_length_113078_cov_11.450930_33  -            471 25705at72274         -            341   3.5e-09   34.8   1.5   2   2     4e-11   3.5e-09   34.8   1.5   129   320   219   440   155   454 0.68 # 34260 # 35672 # -1 # ID=15_33;partial=00;start_type=ATG;rbs_motif=None;rbs_spacer=None;gc_cont=0.640
NODE_77_length_26317_cov_11.607942_6    -           1206 25705at72274         -            341   2.1e-08   32.3   1.7   1   1   2.5e-09   2.2e-07   28.9   1.7   147   340   700   935   686   936 0.63 # 4054 # 7671 # 1 # ID=77_6;partial=00;start_type=TTG;rbs_motif=GGA/GAG/AGG;rbs_spacer=5-10bp;gc_cont=0.617
NODE_94_length_12943_cov_11.398252_12   -             64 25705at72274         -            341   2.9e-08   31.8   0.1   1   1   3.5e-10     3e-08   31.7   0.1   290   341     2    55     1    55 0.89 # 12751 # 12942 # -1 # ID=94_12;partial=01;start_type=Edge;rbs_motif=None;rbs_spacer=None;gc_cont=0.661
NODE_59_length_42083_cov_11.752765_17   -            469 25705at72274         -            341   3.5e-08   31.6   0.0   1   1   8.3e-10   7.2e-08   30.5   0.0   200   341   299   461   265   461 0.69 # 25036 # 26442 # 1 # ID=59_17;partial=00;start_type=ATG;rbs_motif=GGA/GAG/AGG;rbs_spacer=5-10bp;gc_cont=0.588
NODE_41_length_70147_cov_11.731977_32   -            421 25705at72274         -            341     4e-08   31.3   0.0   1   1   9.5e-10   8.3e-08   30.3   0.0   161   340   209   411   193   412 0.77 # 31911 # 33173 # -1 # ID=41_32;partial=00;start_type=ATG;rbs_motif=GGAG/GAGG;rbs_spacer=5-10bp;gc_cont=0.635
NODE_43_length_67348_cov_11.294491_50   -           1063 25705at72274         -            341     5e-08   31.0   0.1   1   1   3.7e-09   3.3e-07   28.4   0.1   141   337   472   706   458   710 0.69 # 44405 # 47593 # 1 # ID=43_50;partial=00;start_type=ATG;rbs_motif=GGA/GAG/AGG;rbs_spacer=5-10bp;gc_cont=0.627
NODE_27_length_97117_cov_11.094278_22   -           1211 25705at72274         -            341   1.3e-07   29.7   2.2   1   1   5.3e-09   4.6e-07   27.9   2.2   146   339   707   943   692   945 0.67 # 21019 # 24651 # -1 # ID=27_22;partial=00;start_type=ATG;rbs_motif=GGA/GAG/AGG;rbs_spacer=5-10bp;gc_cont=0.594
NODE_98_length_10443_cov_11.368263_3    -            732 25705at72274         -            341   2.2e-07   28.9   2.4   1   2       9.6   8.3e+02   -2.6   0.1   213   242   308   337   285   340 0.75 # 1514 # 3709 # 1 # ID=98_3;partial=00;start_type=ATG;rbs_motif=GGAG/GAGG;rbs_spacer=5-10bp;gc_cont=0.635
NODE_98_length_10443_cov_11.368263_3    -            732 25705at72274         -            341   2.2e-07   28.9   2.4   2   2   1.4e-08   1.2e-06   26.5   0.5   150   320   501   705   486   711 0.67 # 1514 # 3709 # 1 # ID=98_3;partial=00;start_type=ATG;rbs_motif=GGAG/GAGG;rbs_spacer=5-10bp;gc_cont=0.635
NODE_7_length_136322_cov_13.076831_22   -            985 25705at72274         -            341     9e-07   26.9   0.1   1   1     2e-08   1.7e-06   26.0   0.1   159   340   760   974   741   975 0.64 # 20153 # 23107 # 1 # ID=7_22;partial=00;start_type=ATG;rbs_motif=GGA/GAG/AGG;rbs_spacer=5-10bp;gc_cont=0.610
NODE_30_length_94323_cov_11.661812_82   -            480 25705at72274         -            341     9e-07   26.9   0.1   1   1     2e-08   1.8e-06   25.9   0.1   133   338   234   470   173   472 0.71 # 91315 # 92754 # 1 # ID=30_82;partial=00;start_type=ATG;rbs_motif=None;rbs_spacer=None;gc_cont=0.632
NODE_6_length_150369_cov_11.693315_111  -           1194 25705at72274         -            341   1.7e-06   26.0   7.9   1   3       9.8   8.5e+02   -2.6   0.8    89   131   523   567   502   573 0.73 # 123787 # 127368 # -1 # ID=6_111;partial=00;start_type=GTG;rbs_motif=AGGA;rbs_spacer=5-10bp;gc_cont=0.620
NODE_6_length_150369_cov_11.693315_111  -           1194 25705at72274         -            341   1.7e-06   26.0   7.9   2   3     0.041       3.6    5.2   0.0   151   189   703   740   690   747 0.79 # 123787 # 127368 # -1 # ID=6_111;partial=00;start_type=GTG;rbs_motif=AGGA;rbs_spacer=5-10bp;gc_cont=0.620
NODE_6_length_150369_cov_11.693315_111  -           1194 25705at72274         -            341   1.7e-06   26.0   7.9   3   3   5.7e-08     5e-06   24.5   0.0   248   339   823   933   805   935 0.79 # 123787 # 127368 # -1 # ID=6_111;partial=00;start_type=GTG;rbs_motif=AGGA;rbs_spacer=5-10bp;gc_cont=0.620
NODE_64_length_38966_cov_12.566364_3    -            634 25705at72274         -            341   2.3e-06   25.6   1.1   1   1     6e-08   5.3e-06   24.4   0.5   124   341   373   624   358   624 0.68 # 1962 # 3863 # -1 # ID=64_3;partial=00;start_type=ATG;rbs_motif=GGA/GAG/AGG;rbs_spacer=5-10bp;gc_cont=0.637
NODE_11_length_127457_cov_11.638648_59  -            362 25705at72274         -            341   7.3e-06   23.9   0.7   1   2     0.011      0.94    7.1   0.2   155   197   132   177   118   254 0.79 # 56471 # 57556 # -1 # ID=11_59;partial=00;start_type=ATG;rbs_motif=GGAG/GAGG;rbs_spacer=5-10bp;gc_cont=0.616
NODE_11_length_127457_cov_11.638648_59  -            362 25705at72274         -            341   7.3e-06   23.9   0.7   2   2   3.2e-05    0.0028   15.4   0.1   255   326   274   337   221   354 0.66 # 56471 # 57556 # -1 # ID=11_59;partial=00;start_type=ATG;rbs_motif=GGAG/GAGG;rbs_spacer=5-10bp;gc_cont=0.616
NODE_31_length_89830_cov_11.215065_3    -            649 25705at72274         -            341   1.1e-05   23.3   1.4   1   2       6.3   5.5e+02   -2.0   0.2   161   183   286   308   250   405 0.53 # 5425 # 7371 # -1 # ID=31_3;partial=00;start_type=ATG;rbs_motif=GGA/GAG/AGG;rbs_spacer=5-10bp;gc_cont=0.590
NODE_31_length_89830_cov_11.215065_3    -            649 25705at72274         -            341   1.1e-05   23.3   1.4   2   2   2.2e-07   1.9e-05   22.5   0.0   272   341   431   502   428   502 0.88 # 5425 # 7371 # -1 # ID=31_3;partial=00;start_type=ATG;rbs_motif=GGA/GAG/AGG;rbs_spacer=5-10bp;gc_cont=0.590
NODE_11_length_127457_cov_11.638648_11  -            603 25705at72274         -            341   1.6e-05   22.8   0.8   1   1     6e-07   5.3e-05   21.1   0.7   131   337   339   583   323   586 0.65 # 9560 # 11368 # -1 # ID=11_11;partial=00;start_type=ATG;rbs_motif=GGA/GAG/AGG;rbs_spacer=11-12bp;gc_cont=0.650
NODE_14_length_116145_cov_11.888948_43  -            559 25705at72274         -            341   2.2e-05   22.3   1.8   1   2     0.035         3    5.4   0.4   104   211   141   254   136   317 0.57 # 36152 # 37828 # 1 # ID=14_43;partial=00;start_type=ATG;rbs_motif=GGA/GAG/AGG;rbs_spacer=5-10bp;gc_cont=0.628
NODE_14_length_116145_cov_11.888948_43  -            559 25705at72274         -            341   2.2e-05   22.3   1.8   2   2     2e-05    0.0017   16.1   0.0   273   340   347   416   343   417 0.79 # 36152 # 37828 # 1 # ID=14_43;partial=00;start_type=ATG;rbs_motif=GGA/GAG/AGG;rbs_spacer=5-10bp;gc_cont=0.628
NODE_48_length_61725_cov_11.884233_50   -            674 25705at72274         -            341   2.3e-05   22.3   0.2   1   3       6.5   5.7e+02   -2.0   0.0   177   224    23    72    21    74 0.78 # 54847 # 56868 # -1 # ID=48_50;partial=00;start_type=ATG;rbs_motif=None;rbs_spacer=None;gc_cont=0.621
NODE_48_length_61725_cov_11.884233_50   -            674 25705at72274         -            341   2.3e-05   22.3   0.2   2   3       3.4     3e+02   -1.1   0.0   161   188   305   331   285   362 0.76 # 54847 # 56868 # -1 # ID=48_50;partial=00;start_type=ATG;rbs_motif=None;rbs_spacer=None;gc_cont=0.621
NODE_48_length_61725_cov_11.884233_50   -            674 25705at72274         -            341   2.3e-05   22.3   0.2   3   3   1.7e-06   0.00015   19.6   0.0   266   340   449   524   442   525 0.75 # 54847 # 56868 # -1 # ID=48_50;partial=00;start_type=ATG;rbs_motif=None;rbs_spacer=None;gc_cont=0.621
NODE_74_length_31440_cov_11.207326_20   -            589 25705at72274         -            341   2.8e-05   22.0   2.6   1   1   9.1e-07     8e-05   20.5   2.6   112   333   318   573   287   580 0.67 # 21608 # 23374 # -1 # ID=74_20;partial=00;start_type=ATG;rbs_motif=None;rbs_spacer=None;gc_cont=0.647
NODE_16_length_110024_cov_10.950581_43  -            911 25705at72274         -            341   6.6e-05   20.8   0.7   1   2       1.2     1e+02    0.4   0.1   147   178   671   704   653   731 0.72 # 40089 # 42821 # 1 # ID=16_43;partial=00;start_type=TTG;rbs_motif=GGA/GAG/AGG;rbs_spacer=5-10bp;gc_cont=0.641
NODE_16_length_110024_cov_10.950581_43  -            911 25705at72274         -            341   6.6e-05   20.8   0.7   2   2     4e-06   0.00035   18.4   0.0   267   341   831   906   777   906 0.82 # 40089 # 42821 # 1 # ID=16_43;partial=00;start_type=TTG;rbs_motif=GGA/GAG/AGG;rbs_spacer=5-10bp;gc_cont=0.641
NODE_91_length_16114_cov_10.166948_14   -            375 25705at72274         -            341   0.00036   18.4   0.2   1   2      0.72        63    1.1   0.0   163   196   155   188   132   201 0.81 # 9940 # 11064 # -1 # ID=91_14;partial=00;start_type=ATG;rbs_motif=AGGAG/GGAGG;rbs_spacer=11-12bp;gc_cont=0.578
NODE_91_length_16114_cov_10.166948_14   -            375 25705at72274         -            341   0.00036   18.4   0.2   2   2     4e-05    0.0035   15.1   0.0   269   340   299   372   266   373 0.78 # 9940 # 11064 # -1 # ID=91_14;partial=00;start_type=ATG;rbs_motif=AGGAG/GGAGG;rbs_spacer=11-12bp;gc_cont=0.578
NODE_18_length_107718_cov_12.162170_5   -            797 25705at72274         -            341   0.00095   17.0   0.5   1   1   3.2e-05    0.0028   15.4   0.1    91   132   292   333   274   395 0.70 # 3293 # 5683 # 1 # ID=18_5;partial=00;start_type=ATG;rbs_motif=GGAG/GAGG;rbs_spacer=5-10bp;gc_cont=0.627
NODE_48_length_61725_cov_11.884233_17   -            679 25705at72274         -            341    0.0011   16.8   0.4   1   2      0.11       9.5    3.8   0.3   100   152   166   236   151   243 0.50 # 18907 # 20943 # -1 # ID=48_17;partial=00;start_type=ATG;rbs_motif=None;rbs_spacer=None;gc_cont=0.609
NODE_48_length_61725_cov_11.884233_17   -            679 25705at72274         -            341    0.0011   16.8   0.4   2   2    0.0029      0.25    9.0   0.0   276   341   595   663   587   663 0.80 # 18907 # 20943 # -1 # ID=48_17;partial=00;start_type=ATG;rbs_motif=None;rbs_spacer=None;gc_cont=0.609
NODE_28_length_96877_cov_11.194067_61   -            791 25705at72274         -            341     0.046   11.4   6.4   1   3       5.9   5.2e+02   -1.9   0.3     3    31   310   338   308   346 0.86 # 61650 # 64022 # 1 # ID=28_61;partial=00;start_type=ATG;rbs_motif=3Base/5BMM;rbs_spacer=13-15bp;gc_cont=0.612
NODE_28_length_96877_cov_11.194067_61   -            791 25705at72274         -            341     0.046   11.4   6.4   2   3    0.0011     0.096   10.4   0.2   137   184   400   447   348   456 0.81 # 61650 # 64022 # 1 # ID=28_61;partial=00;start_type=ATG;rbs_motif=3Base/5BMM;rbs_spacer=13-15bp;gc_cont=0.612
NODE_28_length_96877_cov_11.194067_61   -            791 25705at72274         -            341     0.046   11.4   6.4   3   3      0.11       9.4    3.8   0.1   278   319   575   619   557   643 0.79 # 61650 # 64022 # 1 # ID=28_61;partial=00;start_type=ATG;rbs_motif=3Base/5BMM;rbs_spacer=13-15bp;gc_cont=0.612
#
# Program:         hmmsearch
# Version:         3.1b2 (February 2015)
# Pipeline mode:   SEARCH
# Query file:      /data2/PEG/hoaxaca/REAA/Pseudomonas/bin/busco_downloads/lineages/pseudomonadales_odb10/hmms/25705at72274.hmm
# Target file:     /data2/PEG/hoaxaca/REAA/Pseudomonas/bin/../out/busco/trim_130.spades_kmer/prodigal_output/predicted_genes/predicted.faa
# Option settings: hmmsearch --domtblout /data2/PEG/hoaxaca/REAA/Pseudomonas/bin/../out/busco/trim_130.spades_kmer/run_pseudomonadales_odb10/hmmer_output/25705at72274.out --cpu 1 /data2/PEG/hoaxaca/REAA/Pseudomonas/bin/busco_downloads/lineages/pseudomonadales_odb10/hmms/25705at72274.hmm /data2/PEG/hoaxaca/REAA/Pseudomonas/bin/../out/busco/trim_130.spades_kmer/prodigal_output/predicted_genes/predicted.faa 
# Current dir:     /data2/PEG/hoaxaca/REAA/Pseudomonas/bin
# Date:            Mon Feb 20 00:30:35 2023
# [ok]
