#                                                                                              --- full sequence --- -------------- this domain -------------   hmm coord   ali coord   env coord
# target name                          accession   tlen query name           accession   qlen   E-value  score  bias   #  of  c-Evalue  i-Evalue  score  bias  from    to  from    to  from    to  acc description of target
#                  ------------------- ---------- ----- -------------------- ---------- ----- --------- ------ ----- --- --- --------- --------- ------ ----- ----- ----- ----- ----- ----- ----- ---- ---------------------
NODE_45_length_65388_cov_11.949464_35  -            353 29426at72274         -            308  5.5e-188  622.2   3.8   1   1    6e-191  6.3e-188  622.0   3.8     1   308     1   327     1   327 0.97 # 24290 # 25348 # 1 # ID=45_35;partial=00;start_type=ATG;rbs_motif=GGAG/GAGG;rbs_spacer=5-10bp;gc_cont=0.589
NODE_9_length_129693_cov_11.453298_129 -            501 29426at72274         -            308   4.5e-05   21.5   0.1   1   2    0.0021       2.2    6.1   0.0    36    89    13    65     8    90 0.83 # 125293 # 126795 # -1 # ID=9_129;partial=00;start_type=TTG;rbs_motif=GGAG/GAGG;rbs_spacer=5-10bp;gc_cont=0.603
NODE_9_length_129693_cov_11.453298_129 -            501 29426at72274         -            308   4.5e-05   21.5   0.1   2   2   1.4e-05     0.015   13.2   0.0    33   142   252   372   243   390 0.75 # 125293 # 126795 # -1 # ID=9_129;partial=00;start_type=TTG;rbs_motif=GGAG/GAGG;rbs_spacer=5-10bp;gc_cont=0.603
NODE_77_length_26317_cov_11.607942_13  -            204 29426at72274         -            308    0.0022   15.9   0.0   1   1   2.9e-06     0.003   15.5   0.0    36   133    30   127    19   135 0.89 # 13414 # 14025 # 1 # ID=77_13;partial=00;start_type=ATG;rbs_motif=GGAG/GAGG;rbs_spacer=5-10bp;gc_cont=0.704
NODE_26_length_97137_cov_11.550964_25  -            456 29426at72274         -            308    0.0022   15.9   0.1   1   1   3.1e-06    0.0033   15.4   0.1    30   143    68   177    54   203 0.77 # 27648 # 29015 # 1 # ID=26_25;partial=00;start_type=ATG;rbs_motif=GGAGG;rbs_spacer=5-10bp;gc_cont=0.634
NODE_91_length_16114_cov_10.166948_13  -            487 29426at72274         -            308    0.0069   14.3   0.7   1   2     0.039        41    1.9   0.0    35    83     7    54     2    68 0.80 # 8389 # 9849 # -1 # ID=91_13;partial=00;start_type=GTG;rbs_motif=GGA/GAG/AGG;rbs_spacer=5-10bp;gc_cont=0.554
NODE_91_length_16114_cov_10.166948_13  -            487 29426at72274         -            308    0.0069   14.3   0.7   2   2   0.00011      0.11   10.3   0.1    33    79   240   285   232   316 0.84 # 8389 # 9849 # -1 # ID=91_13;partial=00;start_type=GTG;rbs_motif=GGA/GAG/AGG;rbs_spacer=5-10bp;gc_cont=0.554
NODE_37_length_78641_cov_11.493110_10  -            425 29426at72274         -            308     0.014   13.3   0.1   1   1   2.7e-05     0.029   12.3   0.1    33    83   185   234   179   262 0.84 # 6806 # 8080 # -1 # ID=37_10;partial=00;start_type=GTG;rbs_motif=GGAGG;rbs_spacer=3-4bp;gc_cont=0.522
#
# Program:         hmmsearch
# Version:         3.1b2 (February 2015)
# Pipeline mode:   SEARCH
# Query file:      /data2/PEG/hoaxaca/REAA/Pseudomonas/bin/busco_downloads/lineages/pseudomonadales_odb10/hmms/29426at72274.hmm
# Target file:     /data2/PEG/hoaxaca/REAA/Pseudomonas/bin/../out/busco/trim_130.spades_kmer/prodigal_output/predicted_genes/predicted.faa
# Option settings: hmmsearch --domtblout /data2/PEG/hoaxaca/REAA/Pseudomonas/bin/../out/busco/trim_130.spades_kmer/run_pseudomonadales_odb10/hmmer_output/29426at72274.out --cpu 1 /data2/PEG/hoaxaca/REAA/Pseudomonas/bin/busco_downloads/lineages/pseudomonadales_odb10/hmms/29426at72274.hmm /data2/PEG/hoaxaca/REAA/Pseudomonas/bin/../out/busco/trim_130.spades_kmer/prodigal_output/predicted_genes/predicted.faa 
# Current dir:     /data2/PEG/hoaxaca/REAA/Pseudomonas/bin
# Date:            Mon Feb 20 00:30:39 2023
# [ok]
