#                                                                                              --- full sequence --- -------------- this domain -------------   hmm coord   ali coord   env coord
# target name                          accession   tlen query name           accession   qlen   E-value  score  bias   #  of  c-Evalue  i-Evalue  score  bias  from    to  from    to  from    to  acc description of target
#                  ------------------- ---------- ----- -------------------- ---------- ----- --------- ------ ----- --- --- --------- --------- ------ ----- ----- ----- ----- ----- ----- ----- ---- ---------------------
NODE_25_length_101577_cov_11.125755_66 -            282 29821at72274         -            248  2.3e-146  484.0   2.8   1   1  1.1e-148  5.3e-146  482.8   2.8     1   248     3   278     3   278 0.94 # 70896 # 71741 # 1 # ID=25_66;partial=00;start_type=ATG;rbs_motif=GGAG/GAGG;rbs_spacer=5-10bp;gc_cont=0.592
NODE_2_length_235110_cov_11.837397_88  -            757 29821at72274         -            248   3.8e-08   31.2   0.0   1   2    0.0012      0.57    7.7   0.0    23    49   212   237   195   293 0.79 # 95626 # 97896 # 1 # ID=2_88;partial=00;start_type=ATG;rbs_motif=GGAG/GAGG;rbs_spacer=5-10bp;gc_cont=0.606
NODE_2_length_235110_cov_11.837397_88  -            757 29821at72274         -            248   3.8e-08   31.2   0.0   2   2   1.8e-07   8.9e-05   20.2   0.0    27   154   496   614   467   653 0.76 # 95626 # 97896 # 1 # ID=2_88;partial=00;start_type=ATG;rbs_motif=GGAG/GAGG;rbs_spacer=5-10bp;gc_cont=0.606
NODE_26_length_97137_cov_11.550964_68  -            855 29821at72274         -            248   2.8e-05   21.8   0.0   1   2    0.0012      0.57    7.7   0.0    23    47   200   223   185   281 0.85 # 73883 # 76447 # 1 # ID=26_68;partial=00;start_type=ATG;rbs_motif=AGGA;rbs_spacer=5-10bp;gc_cont=0.588
NODE_26_length_97137_cov_11.550964_68  -            855 29821at72274         -            248   2.8e-05   21.8   0.0   2   2   8.5e-05     0.041   11.4   0.0    86   150   656   719   601   727 0.86 # 73883 # 76447 # 1 # ID=26_68;partial=00;start_type=ATG;rbs_motif=AGGA;rbs_spacer=5-10bp;gc_cont=0.588
NODE_94_length_12943_cov_11.398252_3   -            503 29821at72274         -            248    0.0065   14.0   0.0   1   1   2.4e-05     0.012   13.2   0.0    16    44   207   235   198   243 0.82 # 1599 # 3107 # -1 # ID=94_3;partial=00;start_type=ATG;rbs_motif=None;rbs_spacer=None;gc_cont=0.657
NODE_56_length_48402_cov_11.542579_43  -            522 29821at72274         -            248    0.0089   13.6   0.0   1   1   3.4e-05     0.016   12.7   0.0    12    41   218   247   209   253 0.82 # 45003 # 46568 # -1 # ID=56_43;partial=00;start_type=ATG;rbs_motif=None;rbs_spacer=None;gc_cont=0.625
NODE_7_length_136322_cov_13.076831_45  -            640 29821at72274         -            248    0.0097   13.5   0.0   1   2     0.001       0.5    7.9   0.0    23    44   190   211   182   222 0.88 # 51660 # 53579 # -1 # ID=7_45;partial=00;start_type=TTG;rbs_motif=GGAG/GAGG;rbs_spacer=5-10bp;gc_cont=0.582
NODE_7_length_136322_cov_13.076831_45  -            640 29821at72274         -            248    0.0097   13.5   0.0   2   2     0.032        15    3.0   0.0    94   187   243   343   228   356 0.65 # 51660 # 53579 # -1 # ID=7_45;partial=00;start_type=TTG;rbs_motif=GGAG/GAGG;rbs_spacer=5-10bp;gc_cont=0.582
NODE_17_length_109448_cov_11.974058_90 -            857 29821at72274         -            248     0.011   13.4   0.0   1   2      0.16        79    0.7   0.0    23    46   204   226   191   232 0.81 # 92127 # 94697 # 1 # ID=17_90;partial=00;start_type=ATG;rbs_motif=GGA/GAG/AGG;rbs_spacer=5-10bp;gc_cont=0.605
NODE_17_length_109448_cov_11.974058_90 -            857 29821at72274         -            248     0.011   13.4   0.0   2   2   0.00033      0.16    9.5   0.0    27   150   595   712   573   717 0.74 # 92127 # 94697 # 1 # ID=17_90;partial=00;start_type=ATG;rbs_motif=GGA/GAG/AGG;rbs_spacer=5-10bp;gc_cont=0.605
NODE_13_length_124624_cov_11.643509_76 -            428 29821at72274         -            248     0.015   12.9   0.4   1   1   0.00015     0.071   10.7   0.4    25    55   116   148   106   198 0.75 # 107974 # 109257 # 1 # ID=13_76;partial=00;start_type=ATG;rbs_motif=GGA/GAG/AGG;rbs_spacer=5-10bp;gc_cont=0.552
NODE_33_length_81661_cov_11.531521_48  -            443 29821at72274         -            248     0.023   12.3   0.0   1   1   8.7e-05     0.042   11.4   0.0    14    53   151   190   146   210 0.86 # 56161 # 57489 # -1 # ID=33_48;partial=00;start_type=ATG;rbs_motif=AGGA;rbs_spacer=5-10bp;gc_cont=0.631
NODE_17_length_109448_cov_11.974058_72 -            466 29821at72274         -            248     0.033   11.7   0.0   1   2   0.00067      0.32    8.5   0.0    15    43   171   199   157   206 0.82 # 71878 # 73275 # -1 # ID=17_72;partial=00;start_type=ATG;rbs_motif=GGxGG;rbs_spacer=5-10bp;gc_cont=0.616
NODE_17_length_109448_cov_11.974058_72 -            466 29821at72274         -            248     0.033   11.7   0.0   2   2      0.18        85    0.6   0.0   103   150   254   301   244   317 0.88 # 71878 # 73275 # -1 # ID=17_72;partial=00;start_type=ATG;rbs_motif=GGxGG;rbs_spacer=5-10bp;gc_cont=0.616
NODE_4_length_179944_cov_11.488508_21  -            499 29821at72274         -            248     0.053   11.1   0.1   1   1   0.00018     0.087   10.4   0.1    19    45   207   233   195   237 0.80 # 21889 # 23385 # -1 # ID=4_21;partial=00;start_type=ATG;rbs_motif=AGGA;rbs_spacer=5-10bp;gc_cont=0.653
NODE_56_length_48402_cov_11.542579_27  -            461 29821at72274         -            248     0.054   11.0   0.0   1   2   0.00026      0.13    9.8   0.0    11    43   139   171   134   178 0.88 # 26255 # 27637 # -1 # ID=56_27;partial=00;start_type=ATG;rbs_motif=GGAG/GAGG;rbs_spacer=5-10bp;gc_cont=0.652
NODE_56_length_48402_cov_11.542579_27  -            461 29821at72274         -            248     0.054   11.0   0.0   2   2       3.2   1.6e+03   -3.6   0.0    96   128   218   250   216   273 0.71 # 26255 # 27637 # -1 # ID=56_27;partial=00;start_type=ATG;rbs_motif=GGAG/GAGG;rbs_spacer=5-10bp;gc_cont=0.652
NODE_2_length_235110_cov_11.837397_95  -            441 29821at72274         -            248     0.058   10.9   0.0   1   2    0.0009      0.43    8.1   0.0    25    66    49    90    25   121 0.76 # 103500 # 104822 # 1 # ID=2_95;partial=00;start_type=ATG;rbs_motif=3Base/5BMM;rbs_spacer=13-15bp;gc_cont=0.629
NODE_2_length_235110_cov_11.837397_95  -            441 29821at72274         -            248     0.058   10.9   0.0   2   2      0.27   1.3e+02   -0.0   0.0   148   181   140   173   131   177 0.85 # 103500 # 104822 # 1 # ID=2_95;partial=00;start_type=ATG;rbs_motif=3Base/5BMM;rbs_spacer=13-15bp;gc_cont=0.629
#
# Program:         hmmsearch
# Version:         3.1b2 (February 2015)
# Pipeline mode:   SEARCH
# Query file:      /data2/PEG/hoaxaca/REAA/Pseudomonas/bin/busco_downloads/lineages/pseudomonadales_odb10/hmms/29821at72274.hmm
# Target file:     /data2/PEG/hoaxaca/REAA/Pseudomonas/bin/../out/busco/trim_130.spades_kmer/prodigal_output/predicted_genes/predicted.faa
# Option settings: hmmsearch --domtblout /data2/PEG/hoaxaca/REAA/Pseudomonas/bin/../out/busco/trim_130.spades_kmer/run_pseudomonadales_odb10/hmmer_output/29821at72274.out --cpu 1 /data2/PEG/hoaxaca/REAA/Pseudomonas/bin/busco_downloads/lineages/pseudomonadales_odb10/hmms/29821at72274.hmm /data2/PEG/hoaxaca/REAA/Pseudomonas/bin/../out/busco/trim_130.spades_kmer/prodigal_output/predicted_genes/predicted.faa 
# Current dir:     /data2/PEG/hoaxaca/REAA/Pseudomonas/bin
# Date:            Mon Feb 20 00:30:39 2023
# [ok]
