#                                                                                              --- full sequence --- -------------- this domain -------------   hmm coord   ali coord   env coord
# target name                          accession   tlen query name           accession   qlen   E-value  score  bias   #  of  c-Evalue  i-Evalue  score  bias  from    to  from    to  from    to  acc description of target
#                  ------------------- ---------- ----- -------------------- ---------- ----- --------- ------ ----- --- --- --------- --------- ------ ----- ----- ----- ----- ----- ----- ----- ---- ---------------------
NODE_38_length_76753_cov_11.841568_8   -            496 30483at72274         -            371  1.6e-199  660.7   0.0   1   1  3.2e-202  1.9e-199  660.5   0.0     2   366    92   480    91   485 0.95 # 9840 # 11327 # -1 # ID=38_8;partial=00;start_type=ATG;rbs_motif=None;rbs_spacer=None;gc_cont=0.616
NODE_30_length_94323_cov_11.661812_1   -            529 30483at72274         -            371   1.8e-97  324.9   0.0   1   1  4.5e-100   2.5e-97  324.4   0.0    18   364    12   373     3   377 0.93 # 1 # 1587 # -1 # ID=30_1;partial=10;start_type=ATG;rbs_motif=AGGA;rbs_spacer=5-10bp;gc_cont=0.650
NODE_28_length_96877_cov_11.194067_78  -            444 30483at72274         -            371   6.2e-96  319.8   0.3   1   1   1.5e-98   8.3e-96  319.4   0.3    19   366    13   370     4   374 0.93 # 80659 # 81990 # 1 # ID=28_78;partial=00;start_type=ATG;rbs_motif=None;rbs_spacer=None;gc_cont=0.621
NODE_25_length_101577_cov_11.125755_40 -            449 30483at72274         -            371   1.7e-84  282.2   2.7   1   1   3.9e-87   2.2e-84  281.8   2.7    14   369     7   372     2   374 0.92 # 39501 # 40847 # -1 # ID=25_40;partial=00;start_type=GTG;rbs_motif=GGAG/GAGG;rbs_spacer=5-10bp;gc_cont=0.612
NODE_30_length_94323_cov_11.661812_33  -            462 30483at72274         -            371     2e-81  272.1   0.1   1   1   4.7e-84   2.7e-81  271.7   0.1    18   362    20   366     3   374 0.91 # 34663 # 36048 # -1 # ID=30_33;partial=00;start_type=GTG;rbs_motif=GGA/GAG/AGG;rbs_spacer=5-10bp;gc_cont=0.631
NODE_27_length_97117_cov_11.094278_11  -            558 30483at72274         -            371     3e-81  271.5   0.8   1   1   7.4e-84   4.2e-81  271.0   0.8    21   364    20   369     5   375 0.91 # 9747 # 11420 # 1 # ID=27_11;partial=00;start_type=ATG;rbs_motif=GGAG/GAGG;rbs_spacer=5-10bp;gc_cont=0.605
NODE_95_length_12851_cov_11.658598_12  -            646 30483at72274         -            371   1.7e-14   51.9   0.1   1   2      0.97   5.6e+02   -2.5   0.0    31    62    18    49    13    51 0.86 # 9020 # 10957 # 1 # ID=95_12;partial=00;start_type=ATG;rbs_motif=GGAG/GAGG;rbs_spacer=5-10bp;gc_cont=0.592
NODE_95_length_12851_cov_11.658598_12  -            646 30483at72274         -            371   1.7e-14   51.9   0.1   2   2   7.4e-17   4.2e-14   50.6   0.0   142   346   120   332    94   342 0.80 # 9020 # 10957 # 1 # ID=95_12;partial=00;start_type=ATG;rbs_motif=GGAG/GAGG;rbs_spacer=5-10bp;gc_cont=0.592
NODE_91_length_16114_cov_10.166948_16  -           1286 30483at72274         -            371   1.9e-06   25.4   0.1   1   2     0.069        40    1.3   0.0    30    70    68   108    63   154 0.78 # 12257 # 16114 # 1 # ID=91_16;partial=01;start_type=ATG;rbs_motif=GGA/GAG/AGG;rbs_spacer=5-10bp;gc_cont=0.654
NODE_91_length_16114_cov_10.166948_16  -           1286 30483at72274         -            371   1.9e-06   25.4   0.1   2   2   5.3e-08     3e-05   21.4   0.0   235   333   303   408   290   432 0.80 # 12257 # 16114 # 1 # ID=91_16;partial=01;start_type=ATG;rbs_motif=GGA/GAG/AGG;rbs_spacer=5-10bp;gc_cont=0.654
NODE_51_length_55188_cov_11.457184_52  -            709 30483at72274         -            371   0.00014   19.2   0.0   1   2     0.076        43    1.2   0.0    71   187   103   220    73   230 0.72 # 45579 # 47705 # 1 # ID=51_52;partial=00;start_type=ATG;rbs_motif=GGAG/GAGG;rbs_spacer=5-10bp;gc_cont=0.625
NODE_51_length_55188_cov_11.457184_52  -            709 30483at72274         -            371   0.00014   19.2   0.0   2   2   4.4e-06    0.0025   15.1   0.0   278   337   266   325   258   351 0.85 # 45579 # 47705 # 1 # ID=51_52;partial=00;start_type=ATG;rbs_motif=GGAG/GAGG;rbs_spacer=5-10bp;gc_cont=0.625
NODE_24_length_101630_cov_11.241934_53 -            949 30483at72274         -            371     0.026   11.8   0.0   1   1   7.8e-05     0.045   11.0   0.0   280   339   527   588   476   593 0.75 # 55637 # 58483 # -1 # ID=24_53;partial=00;start_type=ATG;rbs_motif=GGAG/GAGG;rbs_spacer=5-10bp;gc_cont=0.639
NODE_120_length_1436_cov_8.257448_1    -            371 30483at72274         -            371     0.062   10.5   0.0   1   2   0.00058      0.33    8.1   0.0    29   158    21   161     6   168 0.63 # 323 # 1435 # 1 # ID=120_1;partial=01;start_type=ATG;rbs_motif=GGA/GAG/AGG;rbs_spacer=5-10bp;gc_cont=0.644
NODE_120_length_1436_cov_8.257448_1    -            371 30483at72274         -            371     0.062   10.5   0.0   2   2      0.18   1.1e+02   -0.1   0.0   271   334   292   355   246   365 0.78 # 323 # 1435 # 1 # ID=120_1;partial=01;start_type=ATG;rbs_motif=GGA/GAG/AGG;rbs_spacer=5-10bp;gc_cont=0.644
#
# Program:         hmmsearch
# Version:         3.1b2 (February 2015)
# Pipeline mode:   SEARCH
# Query file:      /data2/PEG/hoaxaca/REAA/Pseudomonas/bin/busco_downloads/lineages/pseudomonadales_odb10/hmms/30483at72274.hmm
# Target file:     /data2/PEG/hoaxaca/REAA/Pseudomonas/bin/../out/busco/trim_130.spades_kmer/prodigal_output/predicted_genes/predicted.faa
# Option settings: hmmsearch --domtblout /data2/PEG/hoaxaca/REAA/Pseudomonas/bin/../out/busco/trim_130.spades_kmer/run_pseudomonadales_odb10/hmmer_output/30483at72274.out --cpu 1 /data2/PEG/hoaxaca/REAA/Pseudomonas/bin/busco_downloads/lineages/pseudomonadales_odb10/hmms/30483at72274.hmm /data2/PEG/hoaxaca/REAA/Pseudomonas/bin/../out/busco/trim_130.spades_kmer/prodigal_output/predicted_genes/predicted.faa 
# Current dir:     /data2/PEG/hoaxaca/REAA/Pseudomonas/bin
# Date:            Mon Feb 20 00:30:40 2023
# [ok]
