#                                                                                              --- full sequence --- -------------- this domain -------------   hmm coord   ali coord   env coord
# target name                          accession   tlen query name           accession   qlen   E-value  score  bias   #  of  c-Evalue  i-Evalue  score  bias  from    to  from    to  from    to  acc description of target
#                  ------------------- ---------- ----- -------------------- ---------- ----- --------- ------ ----- --- --- --------- --------- ------ ----- ----- ----- ----- ----- ----- ----- ---- ---------------------
NODE_33_length_81661_cov_11.531521_8   -            278 31899at72274         -            191   4.8e-77  256.4   0.0   1   1   7.9e-79   4.5e-76  253.2   0.0    19   188    51   262    38   265 0.83 # 7189 # 8022 # -1 # ID=33_8;partial=00;start_type=ATG;rbs_motif=GGA/GAG/AGG;rbs_spacer=5-10bp;gc_cont=0.647
NODE_6_length_150369_cov_11.693315_130 -            221 31899at72274         -            191     9e-10   37.0   0.5   1   1   7.2e-12   4.1e-09   34.8   0.5    65   163    65   170    24   189 0.72 # 143687 # 144349 # 1 # ID=6_130;partial=00;start_type=ATG;rbs_motif=None;rbs_spacer=None;gc_cont=0.612
NODE_1_length_244313_cov_11.646614_186 -            137 31899at72274         -            191   6.7e-05   21.1   0.0   1   1   1.4e-07   8.2e-05   20.8   0.0    76   132     7    65     3    83 0.74 # 225069 # 225479 # 1 # ID=1_186;partial=00;start_type=ATG;rbs_motif=GGA/GAG/AGG;rbs_spacer=5-10bp;gc_cont=0.574
NODE_4_length_179944_cov_11.488508_161 -            160 31899at72274         -            191   0.00047   18.3   0.0   1   1   1.1e-06   0.00064   17.9   0.0    75   133     9    70     6    82 0.79 # 163613 # 164092 # 1 # ID=4_161;partial=00;start_type=GTG;rbs_motif=GGAG/GAGG;rbs_spacer=5-10bp;gc_cont=0.558
NODE_18_length_107718_cov_12.162170_26 -            149 31899at72274         -            191   0.00071   17.7   0.0   1   1   1.6e-06   0.00092   17.4   0.0    72   132     5    71     2    80 0.76 # 26396 # 26842 # 1 # ID=18_26;partial=00;start_type=ATG;rbs_motif=AGGA;rbs_spacer=5-10bp;gc_cont=0.582
NODE_48_length_61725_cov_11.884233_15  -            315 31899at72274         -            191   0.00094   17.3   0.0   1   1   2.5e-06    0.0014   16.7   0.0    86   139    17    76     3    92 0.73 # 17308 # 18252 # 1 # ID=48_15;partial=00;start_type=GTG;rbs_motif=GGAG/GAGG;rbs_spacer=5-10bp;gc_cont=0.622
NODE_2_length_235110_cov_11.837397_51  -            208 31899at72274         -            191    0.0043   15.2   0.0   1   2   2.4e-05     0.014   13.5   0.0    80   127    75   124    62   132 0.85 # 54373 # 54996 # -1 # ID=2_51;partial=00;start_type=ATG;rbs_motif=AGGAG;rbs_spacer=5-10bp;gc_cont=0.603
NODE_2_length_235110_cov_11.837397_51  -            208 31899at72274         -            191    0.0043   15.2   0.0   2   2       1.1   6.3e+02   -1.7   0.0   161   181   165   186   161   192 0.73 # 54373 # 54996 # -1 # ID=2_51;partial=00;start_type=ATG;rbs_motif=AGGAG;rbs_spacer=5-10bp;gc_cont=0.603
NODE_59_length_42083_cov_11.752765_12  -            137 31899at72274         -            191    0.0081   14.3   0.0   1   1   1.7e-05    0.0098   14.0   0.0    80   140    12    76     4   110 0.66 # 18283 # 18693 # -1 # ID=59_12;partial=00;start_type=ATG;rbs_motif=GGA/GAG/AGG;rbs_spacer=5-10bp;gc_cont=0.659
NODE_32_length_88372_cov_11.705003_60  -            139 31899at72274         -            191     0.014   13.6   0.0   1   1   2.9e-05     0.016   13.3   0.0    79   173    25   118    16   135 0.80 # 65733 # 66149 # 1 # ID=32_60;partial=00;start_type=ATG;rbs_motif=AGGA/GGAG/GAGG;rbs_spacer=11-12bp;gc_cont=0.583
NODE_16_length_110024_cov_10.950581_55 -            179 31899at72274         -            191     0.021   13.0   0.0   1   1   5.9e-05     0.034   12.2   0.0    98   170    76   150    53   158 0.74 # 53380 # 53916 # -1 # ID=16_55;partial=00;start_type=ATG;rbs_motif=GGA/GAG/AGG;rbs_spacer=5-10bp;gc_cont=0.644
NODE_2_length_235110_cov_11.837397_83  -            149 31899at72274         -            191     0.022   12.8   0.0   1   1   3.9e-05     0.022   12.8   0.0    99   132    35    68     9   114 0.87 # 90020 # 90466 # -1 # ID=2_83;partial=00;start_type=ATG;rbs_motif=GGAG/GAGG;rbs_spacer=5-10bp;gc_cont=0.609
#
# Program:         hmmsearch
# Version:         3.1b2 (February 2015)
# Pipeline mode:   SEARCH
# Query file:      /data2/PEG/hoaxaca/REAA/Pseudomonas/bin/busco_downloads/lineages/pseudomonadales_odb10/hmms/31899at72274.hmm
# Target file:     /data2/PEG/hoaxaca/REAA/Pseudomonas/bin/../out/busco/trim_130.spades_kmer/prodigal_output/predicted_genes/predicted.faa
# Option settings: hmmsearch --domtblout /data2/PEG/hoaxaca/REAA/Pseudomonas/bin/../out/busco/trim_130.spades_kmer/run_pseudomonadales_odb10/hmmer_output/31899at72274.out --cpu 1 /data2/PEG/hoaxaca/REAA/Pseudomonas/bin/busco_downloads/lineages/pseudomonadales_odb10/hmms/31899at72274.hmm /data2/PEG/hoaxaca/REAA/Pseudomonas/bin/../out/busco/trim_130.spades_kmer/prodigal_output/predicted_genes/predicted.faa 
# Current dir:     /data2/PEG/hoaxaca/REAA/Pseudomonas/bin
# Date:            Mon Feb 20 00:30:41 2023
# [ok]
