#                                                                                              --- full sequence --- -------------- this domain -------------   hmm coord   ali coord   env coord
# target name                          accession   tlen query name           accession   qlen   E-value  score  bias   #  of  c-Evalue  i-Evalue  score  bias  from    to  from    to  from    to  acc description of target
#                  ------------------- ---------- ----- -------------------- ---------- ----- --------- ------ ----- --- --- --------- --------- ------ ----- ----- ----- ----- ----- ----- ----- ---- ---------------------
NODE_26_length_97137_cov_11.550964_21  -            259 32857at72274         -            199   4.7e-89  295.4   1.3   1   2   1.5e-63     1e-60  202.9   0.7     1   130     4   150     4   167 0.92 # 23957 # 24733 # 1 # ID=26_21;partial=00;start_type=ATG;rbs_motif=GGAG/GAGG;rbs_spacer=5-10bp;gc_cont=0.600
NODE_26_length_97137_cov_11.550964_21  -            259 32857at72274         -            199   4.7e-89  295.4   1.3   2   2   2.4e-29   1.7e-26   91.3   0.0   128   199   174   258   166   258 0.88 # 23957 # 24733 # 1 # ID=26_21;partial=00;start_type=ATG;rbs_motif=GGAG/GAGG;rbs_spacer=5-10bp;gc_cont=0.600
NODE_45_length_65388_cov_11.949464_43  -            260 32857at72274         -            199   2.4e-45  152.8   0.0   1   2   1.4e-38   9.7e-36  121.4   0.0     9   144    11   158     2   172 0.85 # 31226 # 32005 # 1 # ID=45_43;partial=00;start_type=ATG;rbs_motif=AGGAG;rbs_spacer=5-10bp;gc_cont=0.585
NODE_45_length_65388_cov_11.949464_43  -            260 32857at72274         -            199   2.4e-45  152.8   0.0   2   2     2e-10   1.4e-07   29.5   0.0   130   184   174   234   169   243 0.86 # 31226 # 32005 # 1 # ID=45_43;partial=00;start_type=ATG;rbs_motif=AGGAG;rbs_spacer=5-10bp;gc_cont=0.585
NODE_19_length_107430_cov_11.517777_42 -            341 32857at72274         -            199   1.5e-13   49.0   0.0   1   1   7.5e-15   5.3e-12   44.0   0.0    27   185   134   316   124   329 0.75 # 57727 # 58749 # -1 # ID=19_42;partial=00;start_type=ATG;rbs_motif=GGAG/GAGG;rbs_spacer=5-10bp;gc_cont=0.633
NODE_7_length_136322_cov_13.076831_98  -            336 32857at72274         -            199   3.2e-12   44.7   0.0   1   2     2e-12   1.4e-09   36.0   0.0    15   130   121   242   108   258 0.83 # 116066 # 117073 # 1 # ID=7_98;partial=00;start_type=ATG;rbs_motif=GGA/GAG/AGG;rbs_spacer=5-10bp;gc_cont=0.597
NODE_7_length_136322_cov_13.076831_98  -            336 32857at72274         -            199   3.2e-12   44.7   0.0   2   2    0.0022       1.6    6.5   0.0   158   183   290   315   279   328 0.79 # 116066 # 117073 # 1 # ID=7_98;partial=00;start_type=ATG;rbs_motif=GGA/GAG/AGG;rbs_spacer=5-10bp;gc_cont=0.597
NODE_74_length_31440_cov_11.207326_22  -            311 32857at72274         -            199   4.4e-12   44.2   0.0   1   1   1.4e-14   9.7e-12   43.1   0.0     8   183    96   291    92   299 0.75 # 25347 # 26279 # 1 # ID=74_22;partial=00;start_type=ATG;rbs_motif=GGA/GAG/AGG;rbs_spacer=5-10bp;gc_cont=0.662
NODE_103_length_7518_cov_10.850900_5   -            359 32857at72274         -            199   1.7e-06   26.0   0.0   1   2   7.5e-07   0.00052   17.9   0.0    24   130    33   150    13   156 0.76 # 2958 # 4034 # 1 # ID=103_5;partial=00;start_type=ATG;rbs_motif=GGAG/GAGG;rbs_spacer=5-10bp;gc_cont=0.627
NODE_103_length_7518_cov_10.850900_5   -            359 32857at72274         -            199   1.7e-06   26.0   0.0   2   2    0.0033       2.3    6.0   0.0   119   186   160   232   157   244 0.72 # 2958 # 4034 # 1 # ID=103_5;partial=00;start_type=ATG;rbs_motif=GGAG/GAGG;rbs_spacer=5-10bp;gc_cont=0.627
NODE_4_length_179944_cov_11.488508_81  -            323 32857at72274         -            199    0.0013   16.6   0.0   1   2   4.3e-06     0.003   15.4   0.0    25   116   120   216   111   232 0.79 # 82437 # 83405 # 1 # ID=4_81;partial=00;start_type=ATG;rbs_motif=AGGA;rbs_spacer=5-10bp;gc_cont=0.628
NODE_4_length_179944_cov_11.488508_81  -            323 32857at72274         -            199    0.0013   16.6   0.0   2   2       1.7   1.2e+03   -2.9   0.0   162   182   280   300   267   303 0.71 # 82437 # 83405 # 1 # ID=4_81;partial=00;start_type=ATG;rbs_motif=AGGA;rbs_spacer=5-10bp;gc_cont=0.628
NODE_30_length_94323_cov_11.661812_63  -            367 32857at72274         -            199    0.0024   15.7   0.0   1   1   4.9e-06    0.0034   15.2   0.0    24   131    45   162    23   189 0.74 # 72982 # 74082 # 1 # ID=30_63;partial=00;start_type=ATG;rbs_motif=GGAG/GAGG;rbs_spacer=5-10bp;gc_cont=0.601
NODE_43_length_67348_cov_11.294491_24  -            558 32857at72274         -            199    0.0069   14.2   0.0   1   1    0.0001     0.071   10.9   0.0    10   182   113   303   104   311 0.60 # 19609 # 21282 # 1 # ID=43_24;partial=00;start_type=ATG;rbs_motif=GGAG/GAGG;rbs_spacer=5-10bp;gc_cont=0.637
#
# Program:         hmmsearch
# Version:         3.1b2 (February 2015)
# Pipeline mode:   SEARCH
# Query file:      /data2/PEG/hoaxaca/REAA/Pseudomonas/bin/busco_downloads/lineages/pseudomonadales_odb10/hmms/32857at72274.hmm
# Target file:     /data2/PEG/hoaxaca/REAA/Pseudomonas/bin/../out/busco/trim_130.spades_kmer/prodigal_output/predicted_genes/predicted.faa
# Option settings: hmmsearch --domtblout /data2/PEG/hoaxaca/REAA/Pseudomonas/bin/../out/busco/trim_130.spades_kmer/run_pseudomonadales_odb10/hmmer_output/32857at72274.out --cpu 1 /data2/PEG/hoaxaca/REAA/Pseudomonas/bin/busco_downloads/lineages/pseudomonadales_odb10/hmms/32857at72274.hmm /data2/PEG/hoaxaca/REAA/Pseudomonas/bin/../out/busco/trim_130.spades_kmer/prodigal_output/predicted_genes/predicted.faa 
# Current dir:     /data2/PEG/hoaxaca/REAA/Pseudomonas/bin
# Date:            Mon Feb 20 00:30:43 2023
# [ok]
