#                                                                                              --- full sequence --- -------------- this domain -------------   hmm coord   ali coord   env coord
# target name                          accession   tlen query name           accession   qlen   E-value  score  bias   #  of  c-Evalue  i-Evalue  score  bias  from    to  from    to  from    to  acc description of target
#                  ------------------- ---------- ----- -------------------- ---------- ----- --------- ------ ----- --- --- --------- --------- ------ ----- ----- ----- ----- ----- ----- ----- ---- ---------------------
NODE_11_length_127457_cov_11.638648_43 -            213 43102at72274         -            162   9.9e-76  251.6   2.1   1   2   3.6e-65   3.7e-62  207.5   0.4     1   132     3   159     3   165 0.91 # 42316 # 42954 # 1 # ID=11_43;partial=00;start_type=ATG;rbs_motif=GGA/GAG/AGG;rbs_spacer=5-10bp;gc_cont=0.638
NODE_11_length_127457_cov_11.638648_43 -            213 43102at72274         -            162   9.9e-76  251.6   2.1   2   2     1e-14   1.1e-11   43.4   0.1   131   162   175   209   169   209 0.85 # 42316 # 42954 # 1 # ID=11_43;partial=00;start_type=ATG;rbs_motif=GGA/GAG/AGG;rbs_spacer=5-10bp;gc_cont=0.638
NODE_6_length_150369_cov_11.693315_20  -            544 43102at72274         -            162   0.00021   19.7   0.8   1   3      0.65   6.8e+02   -1.4   0.1    35    69   120   153   109   159 0.81 # 18626 # 20257 # -1 # ID=6_20;partial=00;start_type=ATG;rbs_motif=GGA/GAG/AGG;rbs_spacer=5-10bp;gc_cont=0.604
NODE_6_length_150369_cov_11.693315_20  -            544 43102at72274         -            162   0.00021   19.7   0.8   2   3   2.1e-06    0.0022   16.4   0.0    18    78   323   384   310   397 0.77 # 18626 # 20257 # -1 # ID=6_20;partial=00;start_type=ATG;rbs_motif=GGA/GAG/AGG;rbs_spacer=5-10bp;gc_cont=0.604
NODE_6_length_150369_cov_11.693315_20  -            544 43102at72274         -            162   0.00021   19.7   0.8   3   3      0.24   2.5e+02   -0.0   0.0   138   159   509   532   507   535 0.70 # 18626 # 20257 # -1 # ID=6_20;partial=00;start_type=ATG;rbs_motif=GGA/GAG/AGG;rbs_spacer=5-10bp;gc_cont=0.604
NODE_24_length_101630_cov_11.241934_88 -            198 43102at72274         -            162   0.00042   18.7   0.0   1   2   9.3e-05     0.098   11.1   0.0    43    78    53    86     2   107 0.81 # 94802 # 95395 # 1 # ID=24_88;partial=00;start_type=ATG;rbs_motif=AGGAG;rbs_spacer=5-10bp;gc_cont=0.534
NODE_24_length_101630_cov_11.241934_88 -            198 43102at72274         -            162   0.00042   18.7   0.0   2   2    0.0038         4    5.8   0.0   139   160   167   189   158   191 0.83 # 94802 # 95395 # 1 # ID=24_88;partial=00;start_type=ATG;rbs_motif=AGGAG;rbs_spacer=5-10bp;gc_cont=0.534
NODE_71_length_33769_cov_11.314072_17  -            198 43102at72274         -            162   0.00047   18.6   0.2   1   2    0.0006      0.63    8.4   0.0    38    92    45    98     2   113 0.62 # 18739 # 19332 # 1 # ID=71_17;partial=00;start_type=ATG;rbs_motif=AGGA/GGAG/GAGG;rbs_spacer=11-12bp;gc_cont=0.609
NODE_71_length_33769_cov_11.314072_17  -            198 43102at72274         -            162   0.00047   18.6   0.2   2   2   0.00061      0.63    8.4   0.1   134   160   164   191   160   193 0.83 # 18739 # 19332 # 1 # ID=71_17;partial=00;start_type=ATG;rbs_motif=AGGA/GGAG/GAGG;rbs_spacer=11-12bp;gc_cont=0.609
NODE_18_length_107718_cov_12.162170_85 -            526 43102at72274         -            162    0.0042   15.5   0.0   1   2    0.0016       1.7    7.0   0.0    66    81    80    95    10   108 0.89 # 84460 # 86037 # 1 # ID=18_85;partial=00;start_type=ATG;rbs_motif=GGA/GAG/AGG;rbs_spacer=5-10bp;gc_cont=0.617
NODE_18_length_107718_cov_12.162170_85 -            526 43102at72274         -            162    0.0042   15.5   0.0   2   2    0.0033       3.4    6.0   0.0   137   159   175   198   167   200 0.80 # 84460 # 86037 # 1 # ID=18_85;partial=00;start_type=ATG;rbs_motif=GGA/GAG/AGG;rbs_spacer=5-10bp;gc_cont=0.617
NODE_25_length_101577_cov_11.125755_1  -            484 43102at72274         -            162     0.042   12.3   0.0   1   1   7.6e-05      0.08   11.3   0.0    32    83   283   340   274   347 0.81 # 176 # 1627 # -1 # ID=25_1;partial=00;start_type=ATG;rbs_motif=GGA/GAG/AGG;rbs_spacer=5-10bp;gc_cont=0.614
#
# Program:         hmmsearch
# Version:         3.1b2 (February 2015)
# Pipeline mode:   SEARCH
# Query file:      /data2/PEG/hoaxaca/REAA/Pseudomonas/bin/busco_downloads/lineages/pseudomonadales_odb10/hmms/43102at72274.hmm
# Target file:     /data2/PEG/hoaxaca/REAA/Pseudomonas/bin/../out/busco/trim_130.spades_kmer/prodigal_output/predicted_genes/predicted.faa
# Option settings: hmmsearch --domtblout /data2/PEG/hoaxaca/REAA/Pseudomonas/bin/../out/busco/trim_130.spades_kmer/run_pseudomonadales_odb10/hmmer_output/43102at72274.out --cpu 1 /data2/PEG/hoaxaca/REAA/Pseudomonas/bin/busco_downloads/lineages/pseudomonadales_odb10/hmms/43102at72274.hmm /data2/PEG/hoaxaca/REAA/Pseudomonas/bin/../out/busco/trim_130.spades_kmer/prodigal_output/predicted_genes/predicted.faa 
# Current dir:     /data2/PEG/hoaxaca/REAA/Pseudomonas/bin
# Date:            Mon Feb 20 00:30:54 2023
# [ok]
