#                                                                                              --- full sequence --- -------------- this domain -------------   hmm coord   ali coord   env coord
# target name                          accession   tlen query name           accession   qlen   E-value  score  bias   #  of  c-Evalue  i-Evalue  score  bias  from    to  from    to  from    to  acc description of target
#                  ------------------- ---------- ----- -------------------- ---------- ----- --------- ------ ----- --- --- --------- --------- ------ ----- ----- ----- ----- ----- ----- ----- ---- ---------------------
NODE_49_length_61454_cov_11.239373_48  -            227 44589at72274         -            183   9.7e-76  252.1  11.5   1   1   7.1e-78   1.4e-75  251.6  11.5     2   183     9   214     8   214 0.91 # 44630 # 45310 # 1 # ID=49_48;partial=00;start_type=ATG;rbs_motif=GGA/GAG/AGG;rbs_spacer=5-10bp;gc_cont=0.612
NODE_71_length_33769_cov_11.314072_11  -            275 44589at72274         -            183   4.6e-29   99.9  19.7   1   1   4.1e-31   8.1e-29   99.2  19.7     1   182    68   255    68   257 0.89 # 10973 # 11797 # 1 # ID=71_11;partial=00;start_type=ATG;rbs_motif=AGGAG;rbs_spacer=5-10bp;gc_cont=0.627
NODE_62_length_41681_cov_11.236632_15  -            273 44589at72274         -            183   1.1e-28   98.7  13.5   1   2       2.9   5.8e+02   -1.4   0.1    74    99    13    38    11    50 0.56 # 18722 # 19540 # 1 # ID=62_15;partial=00;start_type=ATG;rbs_motif=AGGA;rbs_spacer=5-10bp;gc_cont=0.607
NODE_62_length_41681_cov_11.236632_15  -            273 44589at72274         -            183   1.1e-28   98.7  13.5   2   2   5.8e-31   1.1e-28   98.7  13.5     1   182    56   260    56   261 0.86 # 18722 # 19540 # 1 # ID=62_15;partial=00;start_type=ATG;rbs_motif=AGGA;rbs_spacer=5-10bp;gc_cont=0.607
NODE_62_length_41681_cov_11.236632_16  -            291 44589at72274         -            183   2.3e-26   91.2  13.1   1   1   1.8e-28   3.5e-26   90.6  13.1     1   180    67   269    67   272 0.80 # 19554 # 20426 # 1 # ID=62_16;partial=00;start_type=ATG;rbs_motif=AGGAG;rbs_spacer=5-10bp;gc_cont=0.614
NODE_23_length_102382_cov_11.802269_25 -            522 44589at72274         -            183   8.2e-21   73.1  34.8   1   2   1.5e-15     3e-13   48.4  12.2     4   182    68   249    65   250 0.76 # 27458 # 29023 # -1 # ID=23_25;partial=00;start_type=ATG;rbs_motif=None;rbs_spacer=None;gc_cont=0.621
NODE_23_length_102382_cov_11.802269_25 -            522 44589at72274         -            183   8.2e-21   73.1  34.8   2   2   6.9e-10   1.3e-07   30.0  14.6     2   169   321   493   320   508 0.77 # 27458 # 29023 # -1 # ID=23_25;partial=00;start_type=ATG;rbs_motif=None;rbs_spacer=None;gc_cont=0.621
NODE_9_length_129693_cov_11.453298_12  -            265 44589at72274         -            183   1.9e-20   71.9  13.4   1   1   9.5e-23   1.9e-20   71.9  13.4     4   171    61   233    58   251 0.81 # 10310 # 11104 # 1 # ID=9_12;partial=00;start_type=GTG;rbs_motif=GGA/GAG/AGG;rbs_spacer=5-10bp;gc_cont=0.635
NODE_2_length_235110_cov_11.837397_5   -            265 44589at72274         -            183   2.9e-19   68.0  17.2   1   2       4.2   8.3e+02   -1.9   0.3    37    90    14    27     7    45 0.52 # 3947 # 4741 # -1 # ID=2_5;partial=00;start_type=ATG;rbs_motif=GGAG/GAGG;rbs_spacer=5-10bp;gc_cont=0.623
NODE_2_length_235110_cov_11.837397_5   -            265 44589at72274         -            183   2.9e-19   68.0  17.2   2   2   1.5e-21   2.9e-19   68.0  17.2     2   180    60   239    59   249 0.81 # 3947 # 4741 # -1 # ID=2_5;partial=00;start_type=ATG;rbs_motif=GGAG/GAGG;rbs_spacer=5-10bp;gc_cont=0.623
NODE_4_length_179944_cov_11.488508_133 -            307 44589at72274         -            183   3.7e-19   67.7  12.3   1   1     7e-21   1.4e-18   65.8  12.3     4   179    88   284    85   291 0.73 # 136832 # 137752 # 1 # ID=4_133;partial=00;start_type=ATG;rbs_motif=None;rbs_spacer=None;gc_cont=0.570
NODE_9_length_129693_cov_11.453298_11  -            274 44589at72274         -            183   2.4e-18   65.0  16.6   1   1   2.4e-20   4.7e-18   64.1  16.6     3   176    58   251    56   260 0.82 # 9492 # 10313 # 1 # ID=9_11;partial=00;start_type=GTG;rbs_motif=GGAG/GAGG;rbs_spacer=5-10bp;gc_cont=0.655
NODE_4_length_179944_cov_11.488508_171 -            575 44589at72274         -            183   3.5e-17   61.2   9.4   1   3   1.8e-19   3.5e-17   61.2   9.4     6   167    83   254    79   270 0.82 # 174978 # 176702 # 1 # ID=4_171;partial=00;start_type=ATG;rbs_motif=GGA/GAG/AGG;rbs_spacer=11-12bp;gc_cont=0.638
NODE_4_length_179944_cov_11.488508_171 -            575 44589at72274         -            183   3.5e-17   61.2   9.4   2   3       8.7   1.7e+03   -2.9   0.3    13    82   314   327   306   341 0.57 # 174978 # 176702 # 1 # ID=4_171;partial=00;start_type=ATG;rbs_motif=GGA/GAG/AGG;rbs_spacer=11-12bp;gc_cont=0.638
NODE_4_length_179944_cov_11.488508_171 -            575 44589at72274         -            183   3.5e-17   61.2   9.4   3   3    0.0076       1.5    7.0  11.2     3   146   357   513   355   552 0.76 # 174978 # 176702 # 1 # ID=4_171;partial=00;start_type=ATG;rbs_motif=GGA/GAG/AGG;rbs_spacer=11-12bp;gc_cont=0.638
NODE_6_length_150369_cov_11.693315_94  -            310 44589at72274         -            183   3.7e-17   61.1  15.7   1   3   2.8e-05    0.0056   14.9   3.1     3    67    82   152    80   156 0.80 # 106063 # 106992 # 1 # ID=6_94;partial=00;start_type=ATG;rbs_motif=GGAG/GAGG;rbs_spacer=5-10bp;gc_cont=0.617
NODE_6_length_150369_cov_11.693315_94  -            310 44589at72274         -            183   3.7e-17   61.1  15.7   2   3   3.4e-17   6.7e-15   53.8   1.6    56   144   165   258   160   266 0.88 # 106063 # 106992 # 1 # ID=6_94;partial=00;start_type=ATG;rbs_motif=GGAG/GAGG;rbs_spacer=5-10bp;gc_cont=0.617
NODE_6_length_150369_cov_11.693315_94  -            310 44589at72274         -            183   3.7e-17   61.1  15.7   3   3       2.5     5e+02   -1.2   0.1    62    93   275   297   256   306 0.53 # 106063 # 106992 # 1 # ID=6_94;partial=00;start_type=ATG;rbs_motif=GGAG/GAGG;rbs_spacer=5-10bp;gc_cont=0.617
NODE_2_length_235110_cov_11.837397_6   -            282 44589at72274         -            183   4.7e-17   60.8  16.7   1   1   4.9e-19   9.6e-17   59.8  16.7     3   180    62   258    60   264 0.82 # 4746 # 5591 # -1 # ID=2_6;partial=00;start_type=ATG;rbs_motif=GGAG/GAGG;rbs_spacer=5-10bp;gc_cont=0.619
NODE_6_length_150369_cov_11.693315_95  -            270 44589at72274         -            183   8.1e-15   53.5  12.9   1   2       1.5   2.9e+02   -0.4   0.0     5    37     7    39     4    45 0.73 # 106982 # 107791 # 1 # ID=6_95;partial=00;start_type=ATG;rbs_motif=GGxGG;rbs_spacer=5-10bp;gc_cont=0.604
NODE_6_length_150369_cov_11.693315_95  -            270 44589at72274         -            183   8.1e-15   53.5  12.9   2   2   7.5e-17   1.5e-14   52.7  11.4     1   180    62   242    62   250 0.80 # 106982 # 107791 # 1 # ID=6_95;partial=00;start_type=ATG;rbs_motif=GGxGG;rbs_spacer=5-10bp;gc_cont=0.604
NODE_4_length_179944_cov_11.488508_134 -            296 44589at72274         -            183   1.2e-14   53.0  13.9   1   2       5.4   1.1e+03   -2.3   0.4    70    92     6    28     3    36 0.75 # 137749 # 138636 # 1 # ID=4_134;partial=00;start_type=ATG;rbs_motif=GGAGG;rbs_spacer=5-10bp;gc_cont=0.618
NODE_4_length_179944_cov_11.488508_134 -            296 44589at72274         -            183   1.2e-14   53.0  13.9   2   2   5.9e-17   1.2e-14   53.0  13.9     6   165    62   231    57   256 0.72 # 137749 # 138636 # 1 # ID=4_134;partial=00;start_type=ATG;rbs_motif=GGAGG;rbs_spacer=5-10bp;gc_cont=0.618
NODE_4_length_179944_cov_11.488508_103 -            539 44589at72274         -            183     6e-13   47.4  28.2   1   2   1.9e-09   3.7e-07   28.5  13.0    18   146    71   216    53   252 0.68 # 104676 # 106292 # 1 # ID=4_103;partial=00;start_type=TTG;rbs_motif=GGA/GAG/AGG;rbs_spacer=5-10bp;gc_cont=0.651
NODE_4_length_179944_cov_11.488508_103 -            539 44589at72274         -            183     6e-13   47.4  28.2   2   2   9.4e-09   1.9e-06   26.3   3.5    63   171   400   511   321   523 0.74 # 104676 # 106292 # 1 # ID=4_103;partial=00;start_type=TTG;rbs_motif=GGA/GAG/AGG;rbs_spacer=5-10bp;gc_cont=0.651
NODE_15_length_113078_cov_11.450930_26 -            534 44589at72274         -            183   6.6e-12   44.0  33.6   1   3       2.8   5.5e+02   -1.3   0.5    16    55    46    85    37    87 0.66 # 27670 # 29271 # -1 # ID=15_26;partial=00;start_type=TTG;rbs_motif=GGA/GAG/AGG;rbs_spacer=5-10bp;gc_cont=0.652
NODE_15_length_113078_cov_11.450930_26 -            534 44589at72274         -            183   6.6e-12   44.0  33.6   2   3   4.3e-11   8.4e-09   33.9  11.9     4   145    77   221    74   259 0.81 # 27670 # 29271 # -1 # ID=15_26;partial=00;start_type=TTG;rbs_motif=GGA/GAG/AGG;rbs_spacer=5-10bp;gc_cont=0.652
NODE_15_length_113078_cov_11.450930_26 -            534 44589at72274         -            183   6.6e-12   44.0  33.6   3   3   6.9e-06    0.0014   16.9  11.1     3   176   332   510   330   518 0.77 # 27670 # 29271 # -1 # ID=15_26;partial=00;start_type=TTG;rbs_motif=GGA/GAG/AGG;rbs_spacer=5-10bp;gc_cont=0.652
NODE_1_length_244313_cov_11.646614_49  -            267 44589at72274         -            183   2.8e-10   38.7  16.0   1   1   1.4e-12   2.8e-10   38.7  16.0    22   153    89   225    64   254 0.70 # 63042 # 63842 # 1 # ID=1_49;partial=00;start_type=ATG;rbs_motif=AGGAG;rbs_spacer=5-10bp;gc_cont=0.604
NODE_71_length_33769_cov_11.314072_10  -            411 44589at72274         -            183   1.1e-08   33.5  15.5   1   2       6.9   1.4e+03   -2.6   0.3    10    29    29    48    19    53 0.64 # 9727 # 10959 # 1 # ID=71_10;partial=00;start_type=ATG;rbs_motif=GGAG/GAGG;rbs_spacer=5-10bp;gc_cont=0.626
NODE_71_length_33769_cov_11.314072_10  -            411 44589at72274         -            183   1.1e-08   33.5  15.5   2   2   5.7e-11   1.1e-08   33.5  15.5     3   164   195   374   189   396 0.73 # 9727 # 10959 # 1 # ID=71_10;partial=00;start_type=ATG;rbs_motif=GGAG/GAGG;rbs_spacer=5-10bp;gc_cont=0.626
NODE_90_length_16358_cov_11.553632_1   -            235 44589at72274         -            183   5.4e-08   31.3  13.5   1   2      0.96   1.9e+02    0.2   0.7    16    55     8    47     2    49 0.69 # 1 # 705 # -1 # ID=90_1;partial=10;start_type=GTG;rbs_motif=GGA/GAG/AGG;rbs_spacer=5-10bp;gc_cont=0.661
NODE_90_length_16358_cov_11.553632_1   -            235 44589at72274         -            183   5.4e-08   31.3  13.5   2   2     4e-10     8e-08   30.7  10.8     4   145    39   183    36   221 0.79 # 1 # 705 # -1 # ID=90_1;partial=10;start_type=GTG;rbs_motif=GGA/GAG/AGG;rbs_spacer=5-10bp;gc_cont=0.661
NODE_1_length_244313_cov_11.646614_48  -            282 44589at72274         -            183   7.1e-07   27.6   5.7   1   1   1.8e-08   3.5e-06   25.4   5.4     2   164    61   241    60   267 0.66 # 62210 # 63055 # 1 # ID=1_48;partial=00;start_type=GTG;rbs_motif=GGAG/GAGG;rbs_spacer=5-10bp;gc_cont=0.602
NODE_36_length_78655_cov_11.539591_30  -            557 44589at72274         -            183   3.8e-06   25.3   2.4   1   2       4.5   8.8e+02   -2.0   0.4    10    29   314   333   306   370 0.61 # 32438 # 34108 # -1 # ID=36_30;partial=00;start_type=GTG;rbs_motif=GGA/GAG/AGG;rbs_spacer=5-10bp;gc_cont=0.630
NODE_36_length_78655_cov_11.539591_30  -            557 44589at72274         -            183   3.8e-06   25.3   2.4   2   2   1.9e-08   3.8e-06   25.3   2.4    99   147   429   476   390   485 0.77 # 32438 # 34108 # -1 # ID=36_30;partial=00;start_type=GTG;rbs_motif=GGA/GAG/AGG;rbs_spacer=5-10bp;gc_cont=0.630
NODE_36_length_78655_cov_11.539591_31  -            762 44589at72274         -            183   5.8e-06   24.7   0.8   1   3      0.77   1.5e+02    0.5   1.0    53    80    41    68    38    74 0.88 # 34124 # 36409 # -1 # ID=36_31;partial=00;start_type=ATG;rbs_motif=GGA/GAG/AGG;rbs_spacer=5-10bp;gc_cont=0.618
NODE_36_length_78655_cov_11.539591_31  -            762 44589at72274         -            183   5.8e-06   24.7   0.8   2   3      0.31        61    1.8   3.4     5    59   468   521   460   553 0.73 # 34124 # 36409 # -1 # ID=36_31;partial=00;start_type=ATG;rbs_motif=GGA/GAG/AGG;rbs_spacer=5-10bp;gc_cont=0.618
NODE_36_length_78655_cov_11.539591_31  -            762 44589at72274         -            183   5.8e-06   24.7   0.8   3   3     3e-08   5.8e-06   24.7   0.8   102   165   648   707   635   717 0.86 # 34124 # 36409 # -1 # ID=36_31;partial=00;start_type=ATG;rbs_motif=GGA/GAG/AGG;rbs_spacer=5-10bp;gc_cont=0.618
NODE_48_length_61725_cov_11.884233_43  -            291 44589at72274         -            183     9e-06   24.0  12.1   1   1   6.6e-08   1.3e-05   23.5  11.3     3   142    69   223    67   250 0.81 # 42447 # 43319 # -1 # ID=48_43;partial=00;start_type=ATG;rbs_motif=AGGAGG;rbs_spacer=3-4bp;gc_cont=0.617
NODE_11_length_127457_cov_11.638648_78 -            284 44589at72274         -            183   1.4e-05   23.4  14.3   1   2       4.6   9.1e+02   -2.1   0.8    20    42    57    79    46    86 0.66 # 81858 # 82709 # 1 # ID=11_78;partial=00;start_type=ATG;rbs_motif=GGA/GAG/AGG;rbs_spacer=5-10bp;gc_cont=0.594
NODE_11_length_127457_cov_11.638648_78 -            284 44589at72274         -            183   1.4e-05   23.4  14.3   2   2   7.2e-08   1.4e-05   23.4  14.3     1   162    89   250    89   270 0.78 # 81858 # 82709 # 1 # ID=11_78;partial=00;start_type=ATG;rbs_motif=GGA/GAG/AGG;rbs_spacer=5-10bp;gc_cont=0.594
NODE_68_length_35033_cov_11.692718_13  -            282 44589at72274         -            183   1.8e-05   23.1  10.5   1   2      0.25        50    2.1   0.6    26    57     9    40     2    58 0.70 # 11495 # 12340 # 1 # ID=68_13;partial=00;start_type=ATG;rbs_motif=AGGA;rbs_spacer=5-10bp;gc_cont=0.598
NODE_68_length_35033_cov_11.692718_13  -            282 44589at72274         -            183   1.8e-05   23.1  10.5   2   2     9e-08   1.8e-05   23.1  10.5     4   167    74   240    72   262 0.81 # 11495 # 12340 # 1 # ID=68_13;partial=00;start_type=ATG;rbs_motif=AGGA;rbs_spacer=5-10bp;gc_cont=0.598
NODE_48_length_61725_cov_11.884233_44  -            332 44589at72274         -            183   2.2e-05   22.7   0.9   1   2       2.6   5.1e+02   -1.2   0.5    10    30    95   115    86   180 0.66 # 43316 # 44311 # -1 # ID=48_44;partial=00;start_type=ATG;rbs_motif=GGA/GAG/AGG;rbs_spacer=5-10bp;gc_cont=0.589
NODE_48_length_61725_cov_11.884233_44  -            332 44589at72274         -            183   2.2e-05   22.7   0.9   2   2   1.1e-07   2.2e-05   22.7   0.9    87   149   206   267   183   275 0.75 # 43316 # 44311 # -1 # ID=48_44;partial=00;start_type=ATG;rbs_motif=GGA/GAG/AGG;rbs_spacer=5-10bp;gc_cont=0.589
NODE_32_length_88372_cov_11.705003_8   -            289 44589at72274         -            183   2.5e-05   22.6   7.9   1   1   1.6e-05    0.0032   15.7   7.9    12   154    74   240    65   273 0.65 # 7856 # 8722 # -1 # ID=32_8;partial=00;start_type=ATG;rbs_motif=GGAGG;rbs_spacer=5-10bp;gc_cont=0.606
NODE_37_length_78641_cov_11.493110_1   -            252 44589at72274         -            183    0.0047   15.2  11.2   1   1   4.7e-05    0.0093   14.2  11.2     3   179    50   231    48   237 0.70 # 1 # 756 # 1 # ID=37_1;partial=10;start_type=Edge;rbs_motif=None;rbs_spacer=None;gc_cont=0.680
NODE_65_length_38398_cov_11.222780_6   -            215 44589at72274         -            183    0.0052   15.0  12.6   1   1   4.9e-05    0.0097   14.2  12.6    10   143    16   163    10   202 0.77 # 7838 # 8482 # -1 # ID=65_6;partial=00;start_type=ATG;rbs_motif=GGAGG;rbs_spacer=5-10bp;gc_cont=0.605
NODE_37_length_78641_cov_11.493110_41  -            261 44589at72274         -            183     0.033   12.4   4.9   1   1   0.00029     0.058   11.6   4.9    88   148   148   207    60   243 0.70 # 40324 # 41106 # -1 # ID=37_41;partial=00;start_type=ATG;rbs_motif=GGAG/GAGG;rbs_spacer=5-10bp;gc_cont=0.644
NODE_63_length_40424_cov_11.289029_29  -            277 44589at72274         -            183     0.094   10.9  13.0   1   2         4   7.8e+02   -1.8   0.3     7    41    11    48     9    62 0.60 # 32655 # 33485 # 1 # ID=63_29;partial=00;start_type=ATG;rbs_motif=GGAG/GAGG;rbs_spacer=5-10bp;gc_cont=0.613
NODE_63_length_40424_cov_11.289029_29  -            277 44589at72274         -            183     0.094   10.9  13.0   2   2     3e-05    0.0059   14.9   7.1     5   135    73   209    69   258 0.68 # 32655 # 33485 # 1 # ID=63_29;partial=00;start_type=ATG;rbs_motif=GGAG/GAGG;rbs_spacer=5-10bp;gc_cont=0.613
NODE_65_length_38398_cov_11.222780_25  -            279 44589at72274         -            183       2.4    6.4  15.6   1   2       1.6   3.1e+02   -0.5   0.4    19    47    33    59    24    82 0.62 # 28375 # 29211 # -1 # ID=65_25;partial=00;start_type=ATG;rbs_motif=GGA/GAG/AGG;rbs_spacer=5-10bp;gc_cont=0.658
NODE_65_length_38398_cov_11.222780_25  -            279 44589at72274         -            183       2.4    6.4  15.6   2   2    0.0011      0.22    9.7   8.8    17   133    96   212    80   259 0.68 # 28375 # 29211 # -1 # ID=65_25;partial=00;start_type=ATG;rbs_motif=GGA/GAG/AGG;rbs_spacer=5-10bp;gc_cont=0.658
#
# Program:         hmmsearch
# Version:         3.1b2 (February 2015)
# Pipeline mode:   SEARCH
# Query file:      /data2/PEG/hoaxaca/REAA/Pseudomonas/bin/busco_downloads/lineages/pseudomonadales_odb10/hmms/44589at72274.hmm
# Target file:     /data2/PEG/hoaxaca/REAA/Pseudomonas/bin/../out/busco/trim_130.spades_kmer/prodigal_output/predicted_genes/predicted.faa
# Option settings: hmmsearch --domtblout /data2/PEG/hoaxaca/REAA/Pseudomonas/bin/../out/busco/trim_130.spades_kmer/run_pseudomonadales_odb10/hmmer_output/44589at72274.out --cpu 1 /data2/PEG/hoaxaca/REAA/Pseudomonas/bin/busco_downloads/lineages/pseudomonadales_odb10/hmms/44589at72274.hmm /data2/PEG/hoaxaca/REAA/Pseudomonas/bin/../out/busco/trim_130.spades_kmer/prodigal_output/predicted_genes/predicted.faa 
# Current dir:     /data2/PEG/hoaxaca/REAA/Pseudomonas/bin
# Date:            Mon Feb 20 00:30:56 2023
# [ok]
