#                                                                                              --- full sequence --- -------------- this domain -------------   hmm coord   ali coord   env coord
# target name                          accession   tlen query name           accession   qlen   E-value  score  bias   #  of  c-Evalue  i-Evalue  score  bias  from    to  from    to  from    to  acc description of target
#                  ------------------- ---------- ----- -------------------- ---------- ----- --------- ------ ----- --- --- --------- --------- ------ ----- ----- ----- ----- ----- ----- ----- ---- ---------------------
NODE_41_length_70147_cov_11.731977_28  -            210 45682at72274         -            158   1.3e-65  218.3   0.6   1   2     4e-55   1.9e-52  175.5   0.0     1   123     6   143     6   149 0.89 # 28120 # 28749 # -1 # ID=41_28;partial=00;start_type=ATG;rbs_motif=3Base/5BMM;rbs_spacer=13-15bp;gc_cont=0.611
NODE_41_length_70147_cov_11.731977_28  -            210 45682at72274         -            158   1.3e-65  218.3   0.6   2   2   1.5e-13   7.3e-11   40.3   0.1   115   158   150   203   144   203 0.85 # 28120 # 28749 # -1 # ID=41_28;partial=00;start_type=ATG;rbs_motif=3Base/5BMM;rbs_spacer=13-15bp;gc_cont=0.611
NODE_44_length_65404_cov_11.235918_50  -            332 45682at72274         -            158   2.3e-07   29.0   0.0   1   1   8.7e-10   4.2e-07   28.1   0.0    27   105    71   151    59   197 0.84 # 45016 # 46011 # 1 # ID=44_50;partial=00;start_type=GTG;rbs_motif=GGA/GAG/AGG;rbs_spacer=5-10bp;gc_cont=0.631
NODE_9_length_129693_cov_11.453298_91  -            314 45682at72274         -            158   1.1e-05   23.6   0.0   1   1   4.2e-08     2e-05   22.6   0.0    41   110   110   180   101   194 0.87 # 81198 # 82139 # -1 # ID=9_91;partial=00;start_type=ATG;rbs_motif=GGA/GAG/AGG;rbs_spacer=5-10bp;gc_cont=0.628
NODE_6_length_150369_cov_11.693315_76  -            302 45682at72274         -            158   4.4e-05   21.6   0.0   1   1   1.4e-07     7e-05   20.9   0.0    43   103    90   151    86   174 0.83 # 84153 # 85058 # -1 # ID=6_76;partial=00;start_type=ATG;rbs_motif=GGAG/GAGG;rbs_spacer=5-10bp;gc_cont=0.640
NODE_11_length_127457_cov_11.638648_35 -            307 45682at72274         -            158   6.4e-05   21.0   0.2   1   1   2.6e-07   0.00012   20.1   0.2    42   102    60   126    46   146 0.75 # 31787 # 32707 # -1 # ID=11_35;partial=00;start_type=ATG;rbs_motif=GGA/GAG/AGG;rbs_spacer=5-10bp;gc_cont=0.620
NODE_54_length_50984_cov_11.261695_2   -           3806 45682at72274         -            158   0.00039   18.5   0.0   1   2      0.02       9.6    4.2   0.0    77   110  3303  3336  3294  3339 0.87 # 13295 # 24712 # 1 # ID=54_2;partial=00;start_type=GTG;rbs_motif=GGAG/GAGG;rbs_spacer=5-10bp;gc_cont=0.646
NODE_54_length_50984_cov_11.261695_2   -           3806 45682at72274         -            158   0.00039   18.5   0.0   2   2   0.00014     0.066   11.2   0.0    74   110  3590  3626  3576  3637 0.88 # 13295 # 24712 # 1 # ID=54_2;partial=00;start_type=GTG;rbs_motif=GGAG/GAGG;rbs_spacer=5-10bp;gc_cont=0.646
NODE_68_length_35033_cov_11.692718_25  -            315 45682at72274         -            158   0.00055   18.0   0.0   1   1   2.6e-06    0.0013   16.8   0.0    37   103    47   121    35   143 0.80 # 22956 # 23900 # -1 # ID=68_25;partial=00;start_type=ATG;rbs_motif=AGGA;rbs_spacer=5-10bp;gc_cont=0.633
NODE_45_length_65388_cov_11.949464_50  -            429 45682at72274         -            158   0.00087   17.4   0.0   1   1   3.5e-06    0.0017   16.4   0.0    63   109   275   321   271   328 0.90 # 38319 # 39605 # -1 # ID=45_50;partial=00;start_type=ATG;rbs_motif=3Base/5BMM;rbs_spacer=13-15bp;gc_cont=0.648
NODE_42_length_69640_cov_12.726008_8   -            251 45682at72274         -            158    0.0021   16.1   0.0   1   2   0.00099      0.48    8.4   0.0    45   125    55   138    47   154 0.70 # 8351 # 9103 # -1 # ID=42_8;partial=00;start_type=ATG;rbs_motif=None;rbs_spacer=None;gc_cont=0.627
NODE_42_length_69640_cov_12.726008_8   -            251 45682at72274         -            158    0.0021   16.1   0.0   2   2    0.0059       2.8    5.9   0.0    97   147   157   207   138   216 0.87 # 8351 # 9103 # -1 # ID=42_8;partial=00;start_type=ATG;rbs_motif=None;rbs_spacer=None;gc_cont=0.627
NODE_55_length_49636_cov_11.677251_23  -            273 45682at72274         -            158    0.0034   15.4   0.1   1   2   3.5e-05     0.017   13.1   0.0    41   115    43   120    35   131 0.69 # 24976 # 25794 # -1 # ID=55_23;partial=00;start_type=ATG;rbs_motif=AGGAG;rbs_spacer=5-10bp;gc_cont=0.611
NODE_55_length_49636_cov_11.677251_23  -            273 45682at72274         -            158    0.0034   15.4   0.1   2   2       0.5   2.4e+02   -0.3   0.0   112   133   209   230   177   241 0.82 # 24976 # 25794 # -1 # ID=55_23;partial=00;start_type=ATG;rbs_motif=AGGAG;rbs_spacer=5-10bp;gc_cont=0.611
NODE_27_length_97117_cov_11.094278_77  -            321 45682at72274         -            158     0.012   13.7   0.0   1   1   4.5e-05     0.022   12.8   0.0    36   117    80   166    67   182 0.76 # 77295 # 78257 # -1 # ID=27_77;partial=00;start_type=ATG;rbs_motif=None;rbs_spacer=None;gc_cont=0.633
NODE_5_length_152531_cov_11.068883_125 -            296 45682at72274         -            158     0.028   12.4   0.0   1   1   0.00011     0.055   11.5   0.0    41   103    53   115    49   133 0.91 # 145325 # 146212 # 1 # ID=5_125;partial=00;start_type=ATG;rbs_motif=AGGA;rbs_spacer=5-10bp;gc_cont=0.618
NODE_1_length_244313_cov_11.646614_149 -            433 45682at72274         -            158     0.071   11.1   0.0   1   1   0.00028      0.14   10.2   0.0    66   105   153   195   107   233 0.74 # 183685 # 184983 # 1 # ID=1_149;partial=00;start_type=ATG;rbs_motif=GGA/GAG/AGG;rbs_spacer=5-10bp;gc_cont=0.598
#
# Program:         hmmsearch
# Version:         3.1b2 (February 2015)
# Pipeline mode:   SEARCH
# Query file:      /data2/PEG/hoaxaca/REAA/Pseudomonas/bin/busco_downloads/lineages/pseudomonadales_odb10/hmms/45682at72274.hmm
# Target file:     /data2/PEG/hoaxaca/REAA/Pseudomonas/bin/../out/busco/trim_130.spades_kmer/prodigal_output/predicted_genes/predicted.faa
# Option settings: hmmsearch --domtblout /data2/PEG/hoaxaca/REAA/Pseudomonas/bin/../out/busco/trim_130.spades_kmer/run_pseudomonadales_odb10/hmmer_output/45682at72274.out --cpu 1 /data2/PEG/hoaxaca/REAA/Pseudomonas/bin/busco_downloads/lineages/pseudomonadales_odb10/hmms/45682at72274.hmm /data2/PEG/hoaxaca/REAA/Pseudomonas/bin/../out/busco/trim_130.spades_kmer/prodigal_output/predicted_genes/predicted.faa 
# Current dir:     /data2/PEG/hoaxaca/REAA/Pseudomonas/bin
# Date:            Mon Feb 20 00:30:57 2023
# [ok]
