#                                                                                              --- full sequence --- -------------- this domain -------------   hmm coord   ali coord   env coord
# target name                          accession   tlen query name           accession   qlen   E-value  score  bias   #  of  c-Evalue  i-Evalue  score  bias  from    to  from    to  from    to  acc description of target
#                  ------------------- ---------- ----- -------------------- ---------- ----- --------- ------ ----- --- --- --------- --------- ------ ----- ----- ----- ----- ----- ----- ----- ---- ---------------------
NODE_2_length_235110_cov_11.837397_68  -            183 46636at72274         -            152   1.9e-93  308.6   0.4   1   1   2.7e-96   2.1e-93  308.4   0.4     1   152    17   182    17   182 0.94 # 71904 # 72452 # -1 # ID=2_68;partial=00;start_type=ATG;rbs_motif=GGAG/GAGG;rbs_spacer=5-10bp;gc_cont=0.581
NODE_44_length_65404_cov_11.235918_57  -             84 46636at72274         -            152   0.00095   17.4   5.6   1   2   0.00025       0.2    9.8   1.0    74    92     7    25     2    32 0.82 # 52173 # 52424 # 1 # ID=44_57;partial=00;start_type=ATG;rbs_motif=AGGAG;rbs_spacer=5-10bp;gc_cont=0.575
NODE_44_length_65404_cov_11.235918_57  -             84 46636at72274         -            152   0.00095   17.4   5.6   2   2   0.00013      0.11   10.7   0.2    26    70    30    77    25    82 0.73 # 52173 # 52424 # 1 # ID=44_57;partial=00;start_type=ATG;rbs_motif=AGGAG;rbs_spacer=5-10bp;gc_cont=0.575
NODE_37_length_78641_cov_11.493110_43  -             82 46636at72274         -            152    0.0016   16.6   5.6   1   1   3.8e-06     0.003   15.7   5.6    28    94    17    75     2    81 0.69 # 42648 # 42893 # -1 # ID=37_43;partial=00;start_type=ATG;rbs_motif=AGGA;rbs_spacer=5-10bp;gc_cont=0.569
NODE_13_length_124624_cov_11.643509_61 -            425 46636at72274         -            152    0.0041   15.3   9.1   1   2    0.0024       1.9    6.6   0.3    68    95   337   364   331   378 0.78 # 87308 # 88582 # -1 # ID=13_61;partial=00;start_type=ATG;rbs_motif=GGAGG;rbs_spacer=5-10bp;gc_cont=0.613
NODE_13_length_124624_cov_11.643509_61 -            425 46636at72274         -            152    0.0041   15.3   9.1   2   2   7.5e-05     0.059   11.5   3.4    34    55   379   401   373   412 0.84 # 87308 # 88582 # -1 # ID=13_61;partial=00;start_type=ATG;rbs_motif=GGAGG;rbs_spacer=5-10bp;gc_cont=0.613
NODE_7_length_136322_cov_13.076831_64  -            937 46636at72274         -            152     0.021   13.0   4.9   1   2   0.00028      0.22    9.7   0.4    74    98   538   562   535   580 0.86 # 72668 # 75478 # 1 # ID=7_64;partial=00;start_type=ATG;rbs_motif=GGAGG;rbs_spacer=3-4bp;gc_cont=0.625
NODE_7_length_136322_cov_13.076831_64  -            937 46636at72274         -            152     0.021   13.0   4.9   2   2      0.01       7.9    4.6   0.4    32    52   589   609   582   635 0.85 # 72668 # 75478 # 1 # ID=7_64;partial=00;start_type=ATG;rbs_motif=GGAGG;rbs_spacer=3-4bp;gc_cont=0.625
NODE_64_length_38966_cov_12.566364_33  -            108 46636at72274         -            152     0.029   12.5   9.1   1   1   0.00022      0.17   10.0   9.1    37   104     9    68     4    78 0.74 # 34819 # 35142 # -1 # ID=64_33;partial=00;start_type=ATG;rbs_motif=AGGAG;rbs_spacer=5-10bp;gc_cont=0.556
NODE_30_length_94323_cov_11.661812_59  -            647 46636at72274         -            152     0.033   12.3   1.7   1   2   0.00021      0.17   10.1   0.1    72    91   241   260   233   276 0.82 # 66480 # 68420 # 1 # ID=30_59;partial=00;start_type=ATG;rbs_motif=GGAG/GAGG;rbs_spacer=5-10bp;gc_cont=0.650
NODE_30_length_94323_cov_11.661812_59  -            647 46636at72274         -            152     0.033   12.3   1.7   2   2      0.17   1.4e+02    0.6   0.2    75   101   318   344   313   355 0.74 # 66480 # 68420 # 1 # ID=30_59;partial=00;start_type=ATG;rbs_motif=GGAG/GAGG;rbs_spacer=5-10bp;gc_cont=0.650
NODE_64_length_38966_cov_12.566364_30  -            275 46636at72274         -            152      0.17   10.0  12.5   1   2    0.0034       2.7    6.2   2.0    35    52    79    96    66   105 0.66 # 30037 # 30861 # -1 # ID=64_30;partial=00;start_type=ATG;rbs_motif=None;rbs_spacer=None;gc_cont=0.615
NODE_64_length_38966_cov_12.566364_30  -            275 46636at72274         -            152      0.17   10.0  12.5   2   2   0.00053      0.42    8.8   3.1    36    55   110   129   103   133 0.89 # 30037 # 30861 # -1 # ID=64_30;partial=00;start_type=ATG;rbs_motif=None;rbs_spacer=None;gc_cont=0.615
#
# Program:         hmmsearch
# Version:         3.1b2 (February 2015)
# Pipeline mode:   SEARCH
# Query file:      /data2/PEG/hoaxaca/REAA/Pseudomonas/bin/busco_downloads/lineages/pseudomonadales_odb10/hmms/46636at72274.hmm
# Target file:     /data2/PEG/hoaxaca/REAA/Pseudomonas/bin/../out/busco/trim_130.spades_kmer/prodigal_output/predicted_genes/predicted.faa
# Option settings: hmmsearch --domtblout /data2/PEG/hoaxaca/REAA/Pseudomonas/bin/../out/busco/trim_130.spades_kmer/run_pseudomonadales_odb10/hmmer_output/46636at72274.out --cpu 1 /data2/PEG/hoaxaca/REAA/Pseudomonas/bin/busco_downloads/lineages/pseudomonadales_odb10/hmms/46636at72274.hmm /data2/PEG/hoaxaca/REAA/Pseudomonas/bin/../out/busco/trim_130.spades_kmer/prodigal_output/predicted_genes/predicted.faa 
# Current dir:     /data2/PEG/hoaxaca/REAA/Pseudomonas/bin
# Date:            Mon Feb 20 00:30:58 2023
# [ok]
