#                                                                                              --- full sequence --- -------------- this domain -------------   hmm coord   ali coord   env coord
# target name                          accession   tlen query name           accession   qlen   E-value  score  bias   #  of  c-Evalue  i-Evalue  score  bias  from    to  from    to  from    to  acc description of target
#                  ------------------- ---------- ----- -------------------- ---------- ----- --------- ------ ----- --- --- --------- --------- ------ ----- ----- ----- ----- ----- ----- ----- ---- ---------------------
NODE_44_length_65404_cov_11.235918_16  -            175 48572at72274         -            138   4.9e-51  170.6   0.6   1   1   3.6e-53   3.2e-50  168.0   0.6     6   138     9   173     3   173 0.88 # 16858 # 17382 # -1 # ID=44_16;partial=00;start_type=ATG;rbs_motif=None;rbs_spacer=None;gc_cont=0.657
NODE_1_length_244313_cov_11.646614_204 -            162 48572at72274         -            138     6e-14   50.5   0.5   1   2   6.2e-14   5.6e-11   40.9   0.4    25   108    17   107     2   112 0.84 # 239701 # 240186 # -1 # ID=1_204;partial=00;start_type=ATG;rbs_motif=GGA/GAG/AGG;rbs_spacer=5-10bp;gc_cont=0.562
NODE_1_length_244313_cov_11.646614_204 -            162 48572at72274         -            138     6e-14   50.5   0.5   2   2   0.00091      0.82    7.9   0.0    46    85   113   152   107   155 0.87 # 239701 # 240186 # -1 # ID=1_204;partial=00;start_type=ATG;rbs_motif=GGA/GAG/AGG;rbs_spacer=5-10bp;gc_cont=0.562
NODE_1_length_244313_cov_11.646614_37  -            312 48572at72274         -            138     2e-10   39.1   0.0   1   2   5.2e-13   4.7e-10   37.9   0.1    28    85    22    81     4   116 0.83 # 49583 # 50518 # -1 # ID=1_37;partial=00;start_type=ATG;rbs_motif=AGGAG;rbs_spacer=5-10bp;gc_cont=0.600
NODE_1_length_244313_cov_11.646614_37  -            312 48572at72274         -            138     2e-10   39.1   0.0   2   2       2.4   2.1e+03   -3.1   0.0    59    82   129   152   118   155 0.72 # 49583 # 50518 # -1 # ID=1_37;partial=00;start_type=ATG;rbs_motif=AGGAG;rbs_spacer=5-10bp;gc_cont=0.600
NODE_8_length_135493_cov_11.702015_34  -            301 48572at72274         -            138   7.5e-10   37.2   0.1   1   3   1.8e-10   1.6e-07   29.7   0.0    35    85    21    72     4   108 0.74 # 42861 # 43763 # -1 # ID=8_34;partial=00;start_type=ATG;rbs_motif=GGA/GAG/AGG;rbs_spacer=5-10bp;gc_cont=0.626
NODE_8_length_135493_cov_11.702015_34  -            301 48572at72274         -            138   7.5e-10   37.2   0.1   2   3    0.0088       7.9    4.7   0.0    58    83   120   145    96   148 0.79 # 42861 # 43763 # -1 # ID=8_34;partial=00;start_type=ATG;rbs_motif=GGA/GAG/AGG;rbs_spacer=5-10bp;gc_cont=0.626
NODE_8_length_135493_cov_11.702015_34  -            301 48572at72274         -            138   7.5e-10   37.2   0.1   3   3       1.2     1e+03   -2.1   0.0    81    97   166   182   161   190 0.76 # 42861 # 43763 # -1 # ID=8_34;partial=00;start_type=ATG;rbs_motif=GGA/GAG/AGG;rbs_spacer=5-10bp;gc_cont=0.626
NODE_22_length_102888_cov_11.104797_35 -            311 48572at72274         -            138   4.3e-08   31.5   0.0   1   1   9.8e-11   8.8e-08   30.5   0.0    30    81    24    77     5   116 0.76 # 36296 # 37228 # 1 # ID=22_35;partial=00;start_type=ATG;rbs_motif=AGGAG;rbs_spacer=5-10bp;gc_cont=0.584
NODE_6_length_150369_cov_11.693315_87  -            171 48572at72274         -            138   5.3e-06   24.7   0.0   1   1   9.9e-09   8.9e-06   24.0   0.0    29    81    20    73     3    98 0.88 # 97152 # 97664 # -1 # ID=6_87;partial=00;start_type=ATG;rbs_motif=None;rbs_spacer=None;gc_cont=0.647
NODE_6_length_150369_cov_11.693315_85  -            229 48572at72274         -            138     0.001   17.3   0.6   1   2   5.8e-06    0.0052   15.0   0.2    29    83    83   139    60   185 0.72 # 95222 # 95908 # -1 # ID=6_85;partial=00;start_type=ATG;rbs_motif=GGA/GAG/AGG;rbs_spacer=5-10bp;gc_cont=0.652
NODE_6_length_150369_cov_11.693315_85  -            229 48572at72274         -            138     0.001   17.3   0.6   2   2       2.6   2.3e+03   -3.3   0.0    22    30   202   210   190   221 0.50 # 95222 # 95908 # -1 # ID=6_85;partial=00;start_type=ATG;rbs_motif=GGA/GAG/AGG;rbs_spacer=5-10bp;gc_cont=0.652
#
# Program:         hmmsearch
# Version:         3.1b2 (February 2015)
# Pipeline mode:   SEARCH
# Query file:      /data2/PEG/hoaxaca/REAA/Pseudomonas/bin/busco_downloads/lineages/pseudomonadales_odb10/hmms/48572at72274.hmm
# Target file:     /data2/PEG/hoaxaca/REAA/Pseudomonas/bin/../out/busco/trim_130.spades_kmer/prodigal_output/predicted_genes/predicted.faa
# Option settings: hmmsearch --domtblout /data2/PEG/hoaxaca/REAA/Pseudomonas/bin/../out/busco/trim_130.spades_kmer/run_pseudomonadales_odb10/hmmer_output/48572at72274.out --cpu 1 /data2/PEG/hoaxaca/REAA/Pseudomonas/bin/busco_downloads/lineages/pseudomonadales_odb10/hmms/48572at72274.hmm /data2/PEG/hoaxaca/REAA/Pseudomonas/bin/../out/busco/trim_130.spades_kmer/prodigal_output/predicted_genes/predicted.faa 
# Current dir:     /data2/PEG/hoaxaca/REAA/Pseudomonas/bin
# Date:            Mon Feb 20 00:31:00 2023
# [ok]
