#                                                                                              --- full sequence --- -------------- this domain -------------   hmm coord   ali coord   env coord
# target name                          accession   tlen query name           accession   qlen   E-value  score  bias   #  of  c-Evalue  i-Evalue  score  bias  from    to  from    to  from    to  acc description of target
#                  ------------------- ---------- ----- -------------------- ---------- ----- --------- ------ ----- --- --- --------- --------- ------ ----- ----- ----- ----- ----- ----- ----- ---- ---------------------
NODE_8_length_135493_cov_11.702015_60  -            257 52383at72274         -            151   8.6e-46  154.5  13.1   1   2         6   3.1e+03   -3.1   0.0     1     9    15    23    15    33 0.78 # 73031 # 73801 # -1 # ID=8_60;partial=00;start_type=ATG;rbs_motif=AGGAG;rbs_spacer=5-10bp;gc_cont=0.620
NODE_8_length_135493_cov_11.702015_60  -            257 52383at72274         -            151   8.6e-46  154.5  13.1   2   2   2.3e-48   1.2e-45  154.0  11.2    10   151    50   222    38   222 0.84 # 73031 # 73801 # -1 # ID=8_60;partial=00;start_type=ATG;rbs_motif=AGGAG;rbs_spacer=5-10bp;gc_cont=0.620
NODE_6_length_150369_cov_11.693315_73  -            262 52383at72274         -            151   1.3e-20   72.8   5.2   1   1   6.6e-23   3.5e-20   71.4   4.8    37   151   110   246    87   246 0.88 # 82597 # 83382 # 1 # ID=6_73;partial=00;start_type=ATG;rbs_motif=AGGA;rbs_spacer=5-10bp;gc_cont=0.601
NODE_51_length_55188_cov_11.457184_21  -            271 52383at72274         -            151   3.2e-17   61.8   2.8   1   1   3.8e-19     2e-16   59.2   2.7    36   149   122   257    89   259 0.76 # 17825 # 18637 # 1 # ID=51_21;partial=00;start_type=ATG;rbs_motif=GGAG/GAGG;rbs_spacer=5-10bp;gc_cont=0.608
NODE_52_length_52615_cov_11.099280_36  -            328 52383at72274         -            151   7.3e-15   54.1   0.8   1   1   6.2e-17   3.3e-14   52.0   0.8    70   150   218   320   207   321 0.82 # 41849 # 42832 # 1 # ID=52_36;partial=00;start_type=ATG;rbs_motif=GGA/GAG/AGG;rbs_spacer=5-10bp;gc_cont=0.548
NODE_24_length_101630_cov_11.241934_22 -            232 52383at72274         -            151   7.1e-14   50.9   0.9   1   2      0.64   3.3e+02    0.0   1.2    10    26    32    48    16    67 0.51 # 22016 # 22711 # 1 # ID=24_22;partial=00;start_type=ATG;rbs_motif=AGGAG;rbs_spacer=5-10bp;gc_cont=0.608
NODE_24_length_101630_cov_11.241934_22 -            232 52383at72274         -            151   7.1e-14   50.9   0.9   2   2   1.4e-16   7.1e-14   50.9   0.9    66   151   120   229   104   229 0.75 # 22016 # 22711 # 1 # ID=24_22;partial=00;start_type=ATG;rbs_motif=AGGAG;rbs_spacer=5-10bp;gc_cont=0.608
NODE_7_length_136322_cov_13.076831_106 -            164 52383at72274         -            151   6.2e-11   41.4   0.8   1   2       2.3   1.2e+03   -1.8   0.0     2    11    18    27    17    45 0.66 # 124441 # 124932 # -1 # ID=7_106;partial=00;start_type=TTG;rbs_motif=AGGAG;rbs_spacer=5-10bp;gc_cont=0.624
NODE_7_length_136322_cov_13.076831_106 -            164 52383at72274         -            151   6.2e-11   41.4   0.8   2   2   2.1e-13   1.1e-10   40.6   0.5    92   150    90   159    55   160 0.87 # 124441 # 124932 # -1 # ID=7_106;partial=00;start_type=TTG;rbs_motif=AGGAG;rbs_spacer=5-10bp;gc_cont=0.624
NODE_48_length_61725_cov_11.884233_38  -            167 52383at72274         -            151   9.9e-10   37.4   3.5   1   2     0.022        12    4.8   0.9     4    35    20    51    17    57 0.90 # 38577 # 39077 # 1 # ID=48_38;partial=00;start_type=ATG;rbs_motif=AGGAG;rbs_spacer=5-10bp;gc_cont=0.561
NODE_48_length_61725_cov_11.884233_38  -            167 52383at72274         -            151   9.9e-10   37.4   3.5   2   2   5.2e-11   2.7e-08   32.8   0.1    71   149    65   164    54   165 0.73 # 38577 # 39077 # 1 # ID=48_38;partial=00;start_type=ATG;rbs_motif=AGGAG;rbs_spacer=5-10bp;gc_cont=0.561
NODE_64_length_38966_cov_12.566364_25  -            303 52383at72274         -            151   1.4e-08   33.8   0.1   1   1   4.3e-11   2.3e-08   33.0   0.1    92   151   209   279   191   279 0.79 # 25363 # 26271 # 1 # ID=64_25;partial=00;start_type=GTG;rbs_motif=GGAG/GAGG;rbs_spacer=5-10bp;gc_cont=0.598
NODE_83_length_22806_cov_10.395829_19  -            406 52383at72274         -            151   5.6e-08   31.8   0.3   1   2       1.7   9.1e+02   -1.4   0.0    42    64   179   201   160   215 0.71 # 21587 # 22804 # -1 # ID=83_19;partial=01;start_type=Edge;rbs_motif=None;rbs_spacer=None;gc_cont=0.658
NODE_83_length_22806_cov_10.395829_19  -            406 52383at72274         -            151   5.6e-08   31.8   0.3   2   2   6.3e-10   3.3e-07   29.2   0.4    67   151   290   399   271   399 0.69 # 21587 # 22804 # -1 # ID=83_19;partial=01;start_type=Edge;rbs_motif=None;rbs_spacer=None;gc_cont=0.658
NODE_1_length_244313_cov_11.646614_207 -            296 52383at72274         -            151   1.1e-07   30.8   0.1   1   1   4.1e-10   2.1e-07   29.9   0.1    83   149   160   241   104   243 0.76 # 242046 # 242933 # -1 # ID=1_207;partial=00;start_type=GTG;rbs_motif=GGAGG;rbs_spacer=5-10bp;gc_cont=0.615
NODE_21_length_103667_cov_11.513135_5  -            447 52383at72274         -            151     2e-06   26.7   3.7   1   2       2.9   1.5e+03   -2.1   0.1    19    48    75   106    41   128 0.60 # 4547 # 5887 # -1 # ID=21_5;partial=00;start_type=ATG;rbs_motif=GGA/GAG/AGG;rbs_spacer=5-10bp;gc_cont=0.620
NODE_21_length_103667_cov_11.513135_5  -            447 52383at72274         -            151     2e-06   26.7   3.7   2   2   4.9e-09   2.6e-06   26.4   1.0    86   150   371   444   288   445 0.87 # 4547 # 5887 # -1 # ID=21_5;partial=00;start_type=ATG;rbs_motif=GGA/GAG/AGG;rbs_spacer=5-10bp;gc_cont=0.620
NODE_24_length_101630_cov_11.241934_29 -            391 52383at72274         -            151   3.1e-06   26.1   0.1   1   2       1.2   6.5e+02   -0.9   0.0     2    36    14    48    13    51 0.81 # 30499 # 31671 # 1 # ID=24_29;partial=00;start_type=ATG;rbs_motif=GGA/GAG/AGG;rbs_spacer=5-10bp;gc_cont=0.618
NODE_24_length_101630_cov_11.241934_29 -            391 52383at72274         -            151   3.1e-06   26.1   0.1   2   2   3.4e-08   1.8e-05   23.6   0.0    93   149   234   301   224   303 0.84 # 30499 # 31671 # 1 # ID=24_29;partial=00;start_type=ATG;rbs_motif=GGA/GAG/AGG;rbs_spacer=5-10bp;gc_cont=0.618
#
# Program:         hmmsearch
# Version:         3.1b2 (February 2015)
# Pipeline mode:   SEARCH
# Query file:      /data2/PEG/hoaxaca/REAA/Pseudomonas/bin/busco_downloads/lineages/pseudomonadales_odb10/hmms/52383at72274.hmm
# Target file:     /data2/PEG/hoaxaca/REAA/Pseudomonas/bin/../out/busco/trim_130.spades_kmer/prodigal_output/predicted_genes/predicted.faa
# Option settings: hmmsearch --domtblout /data2/PEG/hoaxaca/REAA/Pseudomonas/bin/../out/busco/trim_130.spades_kmer/run_pseudomonadales_odb10/hmmer_output/52383at72274.out --cpu 1 /data2/PEG/hoaxaca/REAA/Pseudomonas/bin/busco_downloads/lineages/pseudomonadales_odb10/hmms/52383at72274.hmm /data2/PEG/hoaxaca/REAA/Pseudomonas/bin/../out/busco/trim_130.spades_kmer/prodigal_output/predicted_genes/predicted.faa 
# Current dir:     /data2/PEG/hoaxaca/REAA/Pseudomonas/bin
# Date:            Mon Feb 20 00:31:03 2023
# [ok]
