#                                                                                               --- full sequence --- -------------- this domain -------------   hmm coord   ali coord   env coord
# target name                           accession   tlen query name           accession   qlen   E-value  score  bias   #  of  c-Evalue  i-Evalue  score  bias  from    to  from    to  from    to  acc description of target
#                   ------------------- ---------- ----- -------------------- ---------- ----- --------- ------ ----- --- --- --------- --------- ------ ----- ----- ----- ----- ----- ----- ----- ---- ---------------------
NODE_10_length_127481_cov_12.758602_120 -            151 54430at72274         -            117   2.3e-43  145.3   0.0   1   1   2.2e-45   4.6e-43  144.3   0.0     1   117    10   147    10   147 0.89 # 114106 # 114558 # -1 # ID=10_120;partial=00;start_type=ATG;rbs_motif=GGA/GAG/AGG;rbs_spacer=5-10bp;gc_cont=0.592
NODE_49_length_61454_cov_11.239373_11   -            171 54430at72274         -            117     3e-13   48.2   0.0   1   1   2.7e-15   5.7e-13   47.3   0.0    46   113    84   158    70   165 0.83 # 11676 # 12188 # -1 # ID=49_11;partial=00;start_type=ATG;rbs_motif=AGGA;rbs_spacer=5-10bp;gc_cont=0.647
NODE_14_length_116145_cov_11.888948_11  -            367 54430at72274         -            117   7.6e-13   46.9   0.0   1   1   6.5e-15   1.4e-12   46.1   0.0    34   108    55   137    12   146 0.82 # 8790 # 9890 # 1 # ID=14_11;partial=00;start_type=ATG;rbs_motif=GGxGG;rbs_spacer=3-4bp;gc_cont=0.639
NODE_13_length_124624_cov_11.643509_33  -            299 54430at72274         -            117   1.4e-09   36.4   0.0   1   2   2.8e-05    0.0059   15.0   0.0    43   116    73   147    53   148 0.77 # 57481 # 58377 # 1 # ID=13_33;partial=00;start_type=ATG;rbs_motif=AGGAG;rbs_spacer=5-10bp;gc_cont=0.611
NODE_13_length_124624_cov_11.643509_33  -            299 54430at72274         -            117   1.4e-09   36.4   0.0   2   2   1.6e-06   0.00033   19.0   0.0    48    97   223   278   208   284 0.85 # 57481 # 58377 # 1 # ID=13_33;partial=00;start_type=ATG;rbs_motif=AGGAG;rbs_spacer=5-10bp;gc_cont=0.611
NODE_45_length_65388_cov_11.949464_47   -            158 54430at72274         -            117   1.4e-08   33.2   0.0   1   1     1e-10   2.1e-08   32.5   0.0    51   101    79   130    51   133 0.89 # 34144 # 34617 # -1 # ID=45_47;partial=00;start_type=ATG;rbs_motif=GGA/GAG/AGG;rbs_spacer=5-10bp;gc_cont=0.603
NODE_18_length_107718_cov_12.162170_24  -            174 54430at72274         -            117   4.7e-07   28.2   0.2   1   1   4.2e-09   8.9e-07   27.3   0.2     9   100    41   139    37   142 0.77 # 25433 # 25954 # 1 # ID=18_24;partial=00;start_type=ATG;rbs_motif=None;rbs_spacer=None;gc_cont=0.600
NODE_8_length_135493_cov_11.702015_33   -            161 54430at72274         -            117   1.1e-06   27.1   0.0   1   1   7.5e-09   1.6e-06   26.5   0.0    25    97    72   150    53   155 0.79 # 42375 # 42857 # -1 # ID=8_33;partial=00;start_type=GTG;rbs_motif=GGA/GAG/AGG;rbs_spacer=11-12bp;gc_cont=0.619
NODE_13_length_124624_cov_11.643509_59  -            148 54430at72274         -            117   4.2e-06   25.1   0.0   1   1   2.2e-08   4.7e-06   25.0   0.0    48   101    75   127    31   129 0.82 # 85963 # 86406 # -1 # ID=13_59;partial=00;start_type=ATG;rbs_motif=AGGA;rbs_spacer=5-10bp;gc_cont=0.626
NODE_43_length_67348_cov_11.294491_4    -            167 54430at72274         -            117   4.6e-06   25.0   0.0   1   1   3.4e-08   7.1e-06   24.4   0.0    25   110    61   152    48   155 0.81 # 2352 # 2852 # -1 # ID=43_4;partial=00;start_type=ATG;rbs_motif=3Base/5BMM;rbs_spacer=13-15bp;gc_cont=0.539
NODE_29_length_94682_cov_10.964012_17   -            150 54430at72274         -            117   1.6e-05   23.3   0.0   1   1   1.1e-07   2.2e-05   22.8   0.0    24   100    48   130    37   136 0.83 # 15523 # 15972 # 1 # ID=29_17;partial=00;start_type=ATG;rbs_motif=GGAG/GAGG;rbs_spacer=5-10bp;gc_cont=0.529
NODE_38_length_76753_cov_11.841568_55   -            162 54430at72274         -            117   1.8e-05   23.1   0.0   1   1   1.5e-07   3.2e-05   22.3   0.0    45    98    92   151    56   157 0.81 # 57733 # 58218 # -1 # ID=38_55;partial=00;start_type=ATG;rbs_motif=AGGA;rbs_spacer=5-10bp;gc_cont=0.634
NODE_23_length_102382_cov_11.802269_80  -            177 54430at72274         -            117   2.2e-05   22.8   0.0   1   1   1.8e-07   3.8e-05   22.1   0.0    28   108    72   157    61   161 0.80 # 96208 # 96738 # -1 # ID=23_80;partial=00;start_type=ATG;rbs_motif=AGGAG;rbs_spacer=5-10bp;gc_cont=0.623
NODE_27_length_97117_cov_11.094278_94   -            582 54430at72274         -            117   3.8e-05   22.0   0.0   1   1   5.4e-07   0.00011   20.5   0.0    48    99   191   248   173   256 0.84 # 92252 # 93997 # -1 # ID=27_94;partial=00;start_type=ATG;rbs_motif=AGGA;rbs_spacer=5-10bp;gc_cont=0.643
NODE_75_length_30458_cov_10.800930_12   -            196 54430at72274         -            117   4.3e-05   21.9   0.0   1   1   3.1e-07   6.6e-05   21.3   0.0    29    99    86   163    69   175 0.75 # 13531 # 14118 # 1 # ID=75_12;partial=00;start_type=ATG;rbs_motif=GGA/GAG/AGG;rbs_spacer=5-10bp;gc_cont=0.594
NODE_23_length_102382_cov_11.802269_81  -            174 54430at72274         -            117   5.3e-05   21.6   0.0   1   1   3.9e-07   8.2e-05   21.0   0.0    49   100    85   142    43   147 0.81 # 96744 # 97265 # -1 # ID=23_81;partial=00;start_type=ATG;rbs_motif=GGAG/GAGG;rbs_spacer=5-10bp;gc_cont=0.615
NODE_40_length_72060_cov_11.213226_22   -            162 54430at72274         -            117   6.1e-05   21.4   0.1   1   2       7.6   1.6e+03   -2.5   0.0    62    81     6    25     3    28 0.73 # 22247 # 22732 # -1 # ID=40_22;partial=00;start_type=ATG;rbs_motif=GGA/GAG/AGG;rbs_spacer=5-10bp;gc_cont=0.621
NODE_40_length_72060_cov_11.213226_22   -            162 54430at72274         -            117   6.1e-05   21.4   0.1   2   2   9.1e-07   0.00019   19.8   0.0    45    99    81   143    76   156 0.82 # 22247 # 22732 # -1 # ID=40_22;partial=00;start_type=ATG;rbs_motif=GGA/GAG/AGG;rbs_spacer=5-10bp;gc_cont=0.621
NODE_51_length_55188_cov_11.457184_8    -            160 54430at72274         -            117   0.00015   20.2   0.0   1   1   1.6e-06   0.00035   19.0   0.0     3   111    31   152    29   154 0.72 # 4263 # 4742 # 1 # ID=51_8;partial=00;start_type=ATG;rbs_motif=GGA/GAG/AGG;rbs_spacer=5-10bp;gc_cont=0.619
NODE_14_length_116145_cov_11.888948_35  -            225 54430at72274         -            117   0.00048   18.5   0.0   1   1   5.2e-06    0.0011   17.4   0.0    30    88    77   139    64   152 0.78 # 28059 # 28733 # -1 # ID=14_35;partial=00;start_type=ATG;rbs_motif=AGGA;rbs_spacer=5-10bp;gc_cont=0.599
NODE_2_length_235110_cov_11.837397_52   -            151 54430at72274         -            117   0.00052   18.4   0.1   1   1   4.4e-06   0.00092   17.6   0.1    32   102    59   132    46   146 0.78 # 55007 # 55459 # -1 # ID=2_52;partial=00;start_type=ATG;rbs_motif=GGA/GAG/AGG;rbs_spacer=11-12bp;gc_cont=0.605
NODE_9_length_129693_cov_11.453298_44   -            176 54430at72274         -            117   0.00099   17.5   0.0   1   1   7.4e-06    0.0016   16.9   0.0    32    99    80   152    62   161 0.82 # 42347 # 42874 # 1 # ID=9_44;partial=00;start_type=ATG;rbs_motif=GGA/GAG/AGG;rbs_spacer=5-10bp;gc_cont=0.598
NODE_9_length_129693_cov_11.453298_59   -            145 54430at72274         -            117   0.00099   17.5   0.0   1   1   7.6e-06    0.0016   16.8   0.0    51    97    74   126    46   135 0.81 # 56700 # 57134 # 1 # ID=9_59;partial=00;start_type=ATG;rbs_motif=AGGA/GGAG/GAGG;rbs_spacer=11-12bp;gc_cont=0.625
NODE_9_length_129693_cov_11.453298_48   -            164 54430at72274         -            117    0.0017   16.8   0.1   1   1   2.1e-05    0.0044   15.4   0.1    46    77    88   119    74   147 0.75 # 44133 # 44624 # -1 # ID=9_48;partial=00;start_type=ATG;rbs_motif=None;rbs_spacer=None;gc_cont=0.585
NODE_66_length_35973_cov_11.478408_11   -            145 54430at72274         -            117    0.0023   16.3   0.0   1   1   1.7e-05    0.0036   15.7   0.0    17   103    40   133    33   140 0.79 # 10357 # 10791 # -1 # ID=66_11;partial=00;start_type=ATG;rbs_motif=AGGAG;rbs_spacer=5-10bp;gc_cont=0.579
NODE_36_length_78655_cov_11.539591_50   -            149 54430at72274         -            117    0.0026   16.1   0.0   1   1     2e-05    0.0041   15.5   0.0    45    94    80   135    36   146 0.74 # 59741 # 60187 # 1 # ID=36_50;partial=00;start_type=ATG;rbs_motif=AGGAG;rbs_spacer=5-10bp;gc_cont=0.624
NODE_33_length_81661_cov_11.531521_57   -            164 54430at72274         -            117    0.0031   15.9   0.0   1   1   2.5e-05    0.0052   15.2   0.0    47    97    89   145    83   151 0.84 # 66768 # 67259 # -1 # ID=33_57;partial=00;start_type=ATG;rbs_motif=GGAG/GAGG;rbs_spacer=5-10bp;gc_cont=0.583
NODE_10_length_127481_cov_12.758602_83  -            195 54430at72274         -            117     0.004   15.5   0.1   1   1   3.1e-05    0.0066   14.9   0.1    28   106    76   164    50   171 0.75 # 74467 # 75051 # 1 # ID=10_83;partial=00;start_type=ATG;rbs_motif=GGA/GAG/AGG;rbs_spacer=5-10bp;gc_cont=0.585
NODE_28_length_96877_cov_11.194067_14   -            153 54430at72274         -            117     0.006   15.0   0.0   1   1     4e-05    0.0084   14.5   0.0    50   106    84   146    59   150 0.76 # 13927 # 14385 # -1 # ID=28_14;partial=00;start_type=ATG;rbs_motif=GGAG/GAGG;rbs_spacer=5-10bp;gc_cont=0.558
NODE_21_length_103667_cov_11.513135_7   -            217 54430at72274         -            117     0.006   15.0   0.0   1   1   8.7e-05     0.018   13.4   0.0    44   100   129   191   115   194 0.78 # 6999 # 7649 # 1 # ID=21_7;partial=00;start_type=ATG;rbs_motif=GGAG/GAGG;rbs_spacer=5-10bp;gc_cont=0.610
NODE_42_length_69640_cov_12.726008_21   -            194 54430at72274         -            117     0.011   14.2   0.0   1   1   6.5e-05     0.014   13.8   0.0    33    73   108   150    83   183 0.86 # 22862 # 23443 # -1 # ID=42_21;partial=00;start_type=ATG;rbs_motif=GGA/GAG/AGG;rbs_spacer=5-10bp;gc_cont=0.414
NODE_4_length_179944_cov_11.488508_116  -            433 54430at72274         -            117     0.061   11.7   0.1   1   2       6.4   1.3e+03   -2.3   0.0    37    55    87   105    83   108 0.84 # 117556 # 118854 # 1 # ID=4_116;partial=00;start_type=ATG;rbs_motif=GGA/GAG/AGG;rbs_spacer=5-10bp;gc_cont=0.630
NODE_4_length_179944_cov_11.488508_116  -            433 54430at72274         -            117     0.061   11.7   0.1   2   2    0.0009      0.19   10.1   0.0    32    75   335   380   318   387 0.80 # 117556 # 118854 # 1 # ID=4_116;partial=00;start_type=ATG;rbs_motif=GGA/GAG/AGG;rbs_spacer=5-10bp;gc_cont=0.630
#
# Program:         hmmsearch
# Version:         3.1b2 (February 2015)
# Pipeline mode:   SEARCH
# Query file:      /data2/PEG/hoaxaca/REAA/Pseudomonas/bin/busco_downloads/lineages/pseudomonadales_odb10/hmms/54430at72274.hmm
# Target file:     /data2/PEG/hoaxaca/REAA/Pseudomonas/bin/../out/busco/trim_130.spades_kmer/prodigal_output/predicted_genes/predicted.faa
# Option settings: hmmsearch --domtblout /data2/PEG/hoaxaca/REAA/Pseudomonas/bin/../out/busco/trim_130.spades_kmer/run_pseudomonadales_odb10/hmmer_output/54430at72274.out --cpu 1 /data2/PEG/hoaxaca/REAA/Pseudomonas/bin/busco_downloads/lineages/pseudomonadales_odb10/hmms/54430at72274.hmm /data2/PEG/hoaxaca/REAA/Pseudomonas/bin/../out/busco/trim_130.spades_kmer/prodigal_output/predicted_genes/predicted.faa 
# Current dir:     /data2/PEG/hoaxaca/REAA/Pseudomonas/bin
# Date:            Mon Feb 20 00:31:04 2023
# [ok]
