#                                                                                              --- full sequence --- -------------- this domain -------------   hmm coord   ali coord   env coord
# target name                          accession   tlen query name           accession   qlen   E-value  score  bias   #  of  c-Evalue  i-Evalue  score  bias  from    to  from    to  from    to  acc description of target
#                  ------------------- ---------- ----- -------------------- ---------- ----- --------- ------ ----- --- --- --------- --------- ------ ----- ----- ----- ----- ----- ----- ----- ---- ---------------------
NODE_71_length_33769_cov_11.314072_14  -            273 55277at72274         -            186   5.1e-80  266.1   0.0   1   1   4.5e-82   2.8e-79  263.7   0.0     3   186    12   226    10   226 0.88 # 13897 # 14715 # 1 # ID=71_14;partial=00;start_type=ATG;rbs_motif=None;rbs_spacer=None;gc_cont=0.611
NODE_116_length_1915_cov_9.901566_1    -            224 55277at72274         -            186     1e-28   98.9   0.0   1   1   2.7e-31   1.7e-28   98.1   0.0     5   172     4   194     1   209 0.83 # 121 # 792 # -1 # ID=116_1;partial=00;start_type=GTG;rbs_motif=AGGAG;rbs_spacer=5-10bp;gc_cont=0.628
NODE_22_length_102888_cov_11.104797_79 -            221 55277at72274         -            186   2.4e-19   68.3   0.0   1   1   1.2e-21   7.8e-19   66.6   0.0     3   175     5   198     3   213 0.78 # 82849 # 83511 # 1 # ID=22_79;partial=00;start_type=GTG;rbs_motif=GGAG/GAGG;rbs_spacer=5-10bp;gc_cont=0.609
NODE_3_length_187155_cov_11.688229_108 -            218 55277at72274         -            186   1.5e-16   59.2   0.0   1   1     1e-18   6.4e-16   57.1   0.0     5   174     4   194     1   203 0.74 # 113147 # 113800 # -1 # ID=3_108;partial=00;start_type=ATG;rbs_motif=AGGA;rbs_spacer=5-10bp;gc_cont=0.602
NODE_28_length_96877_cov_11.194067_83  -            196 55277at72274         -            186   1.5e-07   29.9   0.1   1   1   6.3e-09   3.9e-06   25.2   0.1     8   165    10   171     4   191 0.64 # 85987 # 86574 # 1 # ID=28_83;partial=00;start_type=ATG;rbs_motif=AGGA;rbs_spacer=5-10bp;gc_cont=0.626
NODE_4_length_179944_cov_11.488508_29  -            232 55277at72274         -            186   6.3e-07   27.8   0.0   1   2   0.00023      0.14   10.4   0.0     5    36     4    35     1    43 0.83 # 29438 # 30133 # -1 # ID=4_29;partial=00;start_type=ATG;rbs_motif=GGA/GAG/AGG;rbs_spacer=5-10bp;gc_cont=0.628
NODE_4_length_179944_cov_11.488508_29  -            232 55277at72274         -            186   6.3e-07   27.8   0.0   2   2   5.8e-06    0.0036   15.6   0.0    63   162    93   198    68   204 0.80 # 29438 # 30133 # -1 # ID=4_29;partial=00;start_type=ATG;rbs_motif=GGA/GAG/AGG;rbs_spacer=5-10bp;gc_cont=0.628
NODE_51_length_55188_cov_11.457184_49  -            229 55277at72274         -            186   1.5e-05   23.3   0.0   1   2   0.00015     0.093   11.0   0.0     5    60    11    65     7    76 0.86 # 43447 # 44133 # 1 # ID=51_49;partial=00;start_type=ATG;rbs_motif=GGA/GAG/AGG;rbs_spacer=5-10bp;gc_cont=0.607
NODE_51_length_55188_cov_11.457184_49  -            229 55277at72274         -            186   1.5e-05   23.3   0.0   2   2   0.00018      0.11   10.7   0.0   111   164   134   194    95   217 0.81 # 43447 # 44133 # 1 # ID=51_49;partial=00;start_type=ATG;rbs_motif=GGA/GAG/AGG;rbs_spacer=5-10bp;gc_cont=0.607
NODE_15_length_113078_cov_11.450930_38 -            225 55277at72274         -            186   0.00015   20.1   0.1   1   1   2.4e-06    0.0015   16.8   0.1     5   165    14   188    10   193 0.67 # 38141 # 38815 # 1 # ID=15_38;partial=00;start_type=GTG;rbs_motif=GGAG/GAGG;rbs_spacer=5-10bp;gc_cont=0.639
NODE_12_length_125582_cov_11.748539_9  -            233 55277at72274         -            186   0.00056   18.2   0.0   1   2     0.002       1.2    7.3   0.0     4    36     3    35     1    50 0.81 # 4270 # 4968 # -1 # ID=12_9;partial=00;start_type=GTG;rbs_motif=GGAG/GAGG;rbs_spacer=5-10bp;gc_cont=0.598
NODE_12_length_125582_cov_11.748539_9  -            233 55277at72274         -            186   0.00056   18.2   0.0   2   2   0.00058      0.36    9.0   0.0    72   162   100   200    57   223 0.71 # 4270 # 4968 # -1 # ID=12_9;partial=00;start_type=GTG;rbs_motif=GGAG/GAGG;rbs_spacer=5-10bp;gc_cont=0.598
NODE_3_length_187155_cov_11.688229_71  -            179 55277at72274         -            186      0.02   13.1   0.0   1   1   6.6e-05     0.041   12.1   0.0   124   168   100   149    94   171 0.73 # 78992 # 79528 # -1 # ID=3_71;partial=00;start_type=ATG;rbs_motif=None;rbs_spacer=None;gc_cont=0.577
#
# Program:         hmmsearch
# Version:         3.1b2 (February 2015)
# Pipeline mode:   SEARCH
# Query file:      /data2/PEG/hoaxaca/REAA/Pseudomonas/bin/busco_downloads/lineages/pseudomonadales_odb10/hmms/55277at72274.hmm
# Target file:     /data2/PEG/hoaxaca/REAA/Pseudomonas/bin/../out/busco/trim_130.spades_kmer/prodigal_output/predicted_genes/predicted.faa
# Option settings: hmmsearch --domtblout /data2/PEG/hoaxaca/REAA/Pseudomonas/bin/../out/busco/trim_130.spades_kmer/run_pseudomonadales_odb10/hmmer_output/55277at72274.out --cpu 1 /data2/PEG/hoaxaca/REAA/Pseudomonas/bin/busco_downloads/lineages/pseudomonadales_odb10/hmms/55277at72274.hmm /data2/PEG/hoaxaca/REAA/Pseudomonas/bin/../out/busco/trim_130.spades_kmer/prodigal_output/predicted_genes/predicted.faa 
# Current dir:     /data2/PEG/hoaxaca/REAA/Pseudomonas/bin
# Date:            Mon Feb 20 00:31:05 2023
# [ok]
