#                                                                                              --- full sequence --- -------------- this domain -------------   hmm coord   ali coord   env coord
# target name                          accession   tlen query name           accession   qlen   E-value  score  bias   #  of  c-Evalue  i-Evalue  score  bias  from    to  from    to  from    to  acc description of target
#                  ------------------- ---------- ----- -------------------- ---------- ----- --------- ------ ----- --- --- --------- --------- ------ ----- ----- ----- ----- ----- ----- ----- ---- ---------------------
NODE_81_length_23063_cov_11.093172_16  -            600 5969at72274          -            521         0 1029.5   1.4   1   1         0         0 1029.1   1.4     1   521     6   596     6   596 0.95 # 15392 # 17191 # -1 # ID=81_16;partial=00;start_type=GTG;rbs_motif=GGA/GAG/AGG;rbs_spacer=5-10bp;gc_cont=0.577
NODE_11_length_127457_cov_11.638648_64 -            607 5969at72274          -            521   9.9e-36  121.8   0.2   1   1   3.4e-38   3.1e-35  120.2   0.2     1   204     4   235     4   434 0.86 # 62009 # 63829 # 1 # ID=11_64;partial=00;start_type=GTG;rbs_motif=GGA/GAG/AGG;rbs_spacer=5-10bp;gc_cont=0.567
NODE_42_length_69640_cov_12.726008_59  -            702 5969at72274          -            521   2.6e-35  120.4   0.2   1   3   2.4e-25   2.2e-22   77.8   0.0     2   144    10   164     9   180 0.87 # 51367 # 53472 # -1 # ID=42_59;partial=00;start_type=ATG;rbs_motif=GGAG/GAGG;rbs_spacer=5-10bp;gc_cont=0.542
NODE_42_length_69640_cov_12.726008_59  -            702 5969at72274          -            521   2.6e-35  120.4   0.2   2   3   1.8e-10   1.6e-07   28.7   0.1   169   344   313   497   281   507 0.79 # 51367 # 53472 # -1 # ID=42_59;partial=00;start_type=ATG;rbs_motif=GGAG/GAGG;rbs_spacer=5-10bp;gc_cont=0.542
NODE_42_length_69640_cov_12.726008_59  -            702 5969at72274          -            521   2.6e-35  120.4   0.2   3   3     7e-05     0.063   10.3   0.0   351   419   609   682   588   686 0.83 # 51367 # 53472 # -1 # ID=42_59;partial=00;start_type=ATG;rbs_motif=GGAG/GAGG;rbs_spacer=5-10bp;gc_cont=0.542
NODE_41_length_70147_cov_11.731977_45  -            528 5969at72274          -            521   7.9e-27   92.4   0.0   1   3   1.7e-25   1.6e-22   78.3   0.0     3   148    12   165    10   173 0.89 # 50859 # 52442 # -1 # ID=41_45;partial=00;start_type=ATG;rbs_motif=GGA/GAG/AGG;rbs_spacer=5-10bp;gc_cont=0.603
NODE_41_length_70147_cov_11.731977_45  -            528 5969at72274          -            521   7.9e-27   92.4   0.0   2   3       1.1   9.9e+02   -3.6   0.0   155   172   259   276   255   280 0.84 # 50859 # 52442 # -1 # ID=41_45;partial=00;start_type=ATG;rbs_motif=GGA/GAG/AGG;rbs_spacer=5-10bp;gc_cont=0.603
NODE_41_length_70147_cov_11.731977_45  -            528 5969at72274          -            521   7.9e-27   92.4   0.0   3   3   2.6e-05     0.023   11.7   0.0   193   344   315   473   300   487 0.72 # 50859 # 52442 # -1 # ID=41_45;partial=00;start_type=ATG;rbs_motif=GGA/GAG/AGG;rbs_spacer=5-10bp;gc_cont=0.603
NODE_7_length_136322_cov_13.076831_39  -            841 5969at72274          -            521   1.1e-18   65.6   0.7   1   1   4.9e-21   4.4e-18   63.6   0.7     7   212   347   554   344   563 0.82 # 43278 # 45800 # -1 # ID=7_39;partial=00;start_type=ATG;rbs_motif=AGGAG;rbs_spacer=5-10bp;gc_cont=0.588
NODE_42_length_69640_cov_12.726008_58  -            398 5969at72274          -            521   2.7e-13   47.8   0.3   1   1   4.9e-16   4.4e-13   47.1   0.3     4   129    14   142    12   278 0.89 # 50143 # 51336 # -1 # ID=42_58;partial=00;start_type=GTG;rbs_motif=AGGAG;rbs_spacer=5-10bp;gc_cont=0.545
NODE_10_length_127481_cov_12.758602_24 -            633 5969at72274          -            521   1.7e-09   35.2   0.9   1   2   4.3e-12   3.9e-09   34.1   0.2    36   131    76   173    25   184 0.82 # 19241 # 21139 # -1 # ID=10_24;partial=00;start_type=ATG;rbs_motif=GGA/GAG/AGG;rbs_spacer=5-10bp;gc_cont=0.622
NODE_10_length_127481_cov_12.758602_24 -            633 5969at72274          -            521   1.7e-09   35.2   0.9   2   2       1.2   1.1e+03   -3.7   0.0   197   236   267   312   265   328 0.64 # 19241 # 21139 # -1 # ID=10_24;partial=00;start_type=ATG;rbs_motif=GGA/GAG/AGG;rbs_spacer=5-10bp;gc_cont=0.622
#
# Program:         hmmsearch
# Version:         3.1b2 (February 2015)
# Pipeline mode:   SEARCH
# Query file:      /data2/PEG/hoaxaca/REAA/Pseudomonas/bin/busco_downloads/lineages/pseudomonadales_odb10/hmms/5969at72274.hmm
# Target file:     /data2/PEG/hoaxaca/REAA/Pseudomonas/bin/../out/busco/trim_130.spades_kmer/prodigal_output/predicted_genes/predicted.faa
# Option settings: hmmsearch --domtblout /data2/PEG/hoaxaca/REAA/Pseudomonas/bin/../out/busco/trim_130.spades_kmer/run_pseudomonadales_odb10/hmmer_output/5969at72274.out --cpu 1 /data2/PEG/hoaxaca/REAA/Pseudomonas/bin/busco_downloads/lineages/pseudomonadales_odb10/hmms/5969at72274.hmm /data2/PEG/hoaxaca/REAA/Pseudomonas/bin/../out/busco/trim_130.spades_kmer/prodigal_output/predicted_genes/predicted.faa 
# Current dir:     /data2/PEG/hoaxaca/REAA/Pseudomonas/bin
# Date:            Mon Feb 20 00:31:08 2023
# [ok]
