#                                                                                               --- full sequence --- -------------- this domain -------------   hmm coord   ali coord   env coord
# target name                           accession   tlen query name           accession   qlen   E-value  score  bias   #  of  c-Evalue  i-Evalue  score  bias  from    to  from    to  from    to  acc description of target
#                   ------------------- ---------- ----- -------------------- ---------- ----- --------- ------ ----- --- --- --------- --------- ------ ----- ----- ----- ----- ----- ----- ----- ---- ---------------------
NODE_5_length_152531_cov_11.068883_80   -           1150 606at72274           -            950         0 1571.7   9.9   1   2  1.8e-113  1.9e-110  368.7   0.6     6   306    13   405     9   414 0.84 # 97230 # 100679 # -1 # ID=5_80;partial=00;start_type=GTG;rbs_motif=AGGA/GGAG/GAGG;rbs_spacer=11-12bp;gc_cont=0.634
NODE_5_length_152531_cov_11.068883_80   -           1150 606at72274           -            950         0 1571.7   9.9   2   2         0         0 1205.4   3.1   303   939   424  1122   416  1137 0.94 # 97230 # 100679 # -1 # ID=5_80;partial=00;start_type=GTG;rbs_motif=AGGA/GGAG/GAGG;rbs_spacer=11-12bp;gc_cont=0.634
NODE_83_length_22806_cov_10.395829_8    -            692 606at72274           -            950   5.7e-73  244.7   0.3   1   1   7.5e-76   7.8e-73  244.2   0.3   453   802   261   643   238   659 0.83 # 4926 # 7001 # 1 # ID=83_8;partial=00;start_type=ATG;rbs_motif=GGA/GAG/AGG;rbs_spacer=11-12bp;gc_cont=0.650
NODE_61_length_41929_cov_11.195565_20   -            672 606at72274           -            950   1.8e-15   54.4   0.8   1   3     0.007       7.3    2.7   0.0   458   535     9    86     2    92 0.81 # 25068 # 27083 # -1 # ID=61_20;partial=00;start_type=ATG;rbs_motif=GGAG/GAGG;rbs_spacer=5-10bp;gc_cont=0.611
NODE_61_length_41929_cov_11.195565_20   -            672 606at72274           -            950   1.8e-15   54.4   0.8   2   3   1.5e-14   1.6e-11   41.3   0.0    86   164   151   231   118   248 0.88 # 25068 # 27083 # -1 # ID=61_20;partial=00;start_type=ATG;rbs_motif=GGAG/GAGG;rbs_spacer=5-10bp;gc_cont=0.611
NODE_61_length_41929_cov_11.195565_20   -            672 606at72274           -            950   1.8e-15   54.4   0.8   3   3   0.00041      0.43    6.8   0.1   517   735   452   525   435   547 0.55 # 25068 # 27083 # -1 # ID=61_20;partial=00;start_type=ATG;rbs_motif=GGAG/GAGG;rbs_spacer=5-10bp;gc_cont=0.611
NODE_11_length_127457_cov_11.638648_118 -            616 606at72274           -            950   4.5e-12   43.1   0.0   1   2   1.8e-14   1.8e-11   41.1   0.0   437   616    55   238    47   250 0.78 # 125609 # 127456 # -1 # ID=11_118;partial=01;start_type=Edge;rbs_motif=None;rbs_spacer=None;gc_cont=0.653
NODE_11_length_127457_cov_11.638648_118 -            616 606at72274           -            950   4.5e-12   43.1   0.0   2   2     0.094        98   -1.0   0.0   495   522   400   427   392   429 0.91 # 125609 # 127456 # -1 # ID=11_118;partial=01;start_type=Edge;rbs_motif=None;rbs_spacer=None;gc_cont=0.653
NODE_30_length_94323_cov_11.661812_33   -            462 606at72274           -            950   4.4e-05   20.0   0.4   1   2      0.45   4.7e+02   -3.3   0.0   507   571    76   144    73   161 0.53 # 34663 # 36048 # -1 # ID=30_33;partial=00;start_type=GTG;rbs_motif=GGA/GAG/AGG;rbs_spacer=5-10bp;gc_cont=0.631
NODE_30_length_94323_cov_11.661812_33   -            462 606at72274           -            950   4.4e-05   20.0   0.4   2   2   8.3e-08   8.7e-05   19.0   0.3   682   773   271   362   254   367 0.81 # 34663 # 36048 # -1 # ID=30_33;partial=00;start_type=GTG;rbs_motif=GGA/GAG/AGG;rbs_spacer=5-10bp;gc_cont=0.631
NODE_30_length_94323_cov_11.661812_1    -            529 606at72274           -            950     0.009   12.4   0.1   1   1   1.2e-05     0.012   11.9   0.1   507   773    81   367    20   377 0.78 # 1 # 1587 # -1 # ID=30_1;partial=10;start_type=ATG;rbs_motif=AGGA;rbs_spacer=5-10bp;gc_cont=0.650
#
# Program:         hmmsearch
# Version:         3.1b2 (February 2015)
# Pipeline mode:   SEARCH
# Query file:      /data2/PEG/hoaxaca/REAA/Pseudomonas/bin/busco_downloads/lineages/pseudomonadales_odb10/hmms/606at72274.hmm
# Target file:     /data2/PEG/hoaxaca/REAA/Pseudomonas/bin/../out/busco/trim_130.spades_kmer/prodigal_output/predicted_genes/predicted.faa
# Option settings: hmmsearch --domtblout /data2/PEG/hoaxaca/REAA/Pseudomonas/bin/../out/busco/trim_130.spades_kmer/run_pseudomonadales_odb10/hmmer_output/606at72274.out --cpu 1 /data2/PEG/hoaxaca/REAA/Pseudomonas/bin/busco_downloads/lineages/pseudomonadales_odb10/hmms/606at72274.hmm /data2/PEG/hoaxaca/REAA/Pseudomonas/bin/../out/busco/trim_130.spades_kmer/prodigal_output/predicted_genes/predicted.faa 
# Current dir:     /data2/PEG/hoaxaca/REAA/Pseudomonas/bin
# Date:            Mon Feb 20 00:31:09 2023
# [ok]
