#                                                                                              --- full sequence --- -------------- this domain -------------   hmm coord   ali coord   env coord
# target name                          accession   tlen query name           accession   qlen   E-value  score  bias   #  of  c-Evalue  i-Evalue  score  bias  from    to  from    to  from    to  acc description of target
#                  ------------------- ---------- ----- -------------------- ---------- ----- --------- ------ ----- --- --- --------- --------- ------ ----- ----- ----- ----- ----- ----- ----- ---- ---------------------
NODE_16_length_110024_cov_10.950581_65 -            107 70568at72274         -             82   5.5e-41  137.4   2.3   1   1     8e-43   4.6e-40  134.4   2.3     2    82     3   106     2   106 0.90 # 65187 # 65507 # 1 # ID=16_65;partial=00;start_type=ATG;rbs_motif=GGA/GAG/AGG;rbs_spacer=5-10bp;gc_cont=0.555
NODE_64_length_38966_cov_12.566364_2   -            447 70568at72274         -             82     2e-05   23.4   0.4   1   2       3.1   1.8e+03   -2.0   0.1    37    68   246   277   238   280 0.80 # 625 # 1965 # -1 # ID=64_2;partial=00;start_type=ATG;rbs_motif=GGA/GAG/AGG;rbs_spacer=5-10bp;gc_cont=0.623
NODE_64_length_38966_cov_12.566364_2   -            447 70568at72274         -             82     2e-05   23.4   0.4   2   2   1.1e-07   6.4e-05   21.8   0.0    40    81   403   444   398   445 0.94 # 625 # 1965 # -1 # ID=64_2;partial=00;start_type=ATG;rbs_motif=GGA/GAG/AGG;rbs_spacer=5-10bp;gc_cont=0.623
NODE_15_length_113078_cov_11.450930_85 -            363 70568at72274         -             82   0.00044   19.1   0.1   1   1   1.8e-06     0.001   18.0   0.1    26    74   286   333   272   339 0.84 # 86180 # 87268 # -1 # ID=15_85;partial=00;start_type=ATG;rbs_motif=GGA/GAG/AGG;rbs_spacer=5-10bp;gc_cont=0.623
NODE_86_length_18713_cov_12.191112_12  -            368 70568at72274         -             82    0.0006   18.7   0.1   1   1   2.1e-06    0.0012   17.8   0.1    13    76   278   340   266   346 0.81 # 10526 # 11629 # 1 # ID=86_12;partial=00;start_type=ATG;rbs_motif=GGAG/GAGG;rbs_spacer=5-10bp;gc_cont=0.619
NODE_17_length_109448_cov_11.974058_91 -            511 70568at72274         -             82   0.00067   18.6   0.4   1   1   3.1e-06    0.0018   17.2   0.4    40    78   460   498   454   501 0.90 # 94697 # 96229 # 1 # ID=17_91;partial=00;start_type=ATG;rbs_motif=GGA/GAG/AGG;rbs_spacer=5-10bp;gc_cont=0.604
NODE_11_length_127457_cov_11.638648_58 -            479 70568at72274         -             82   0.00088   18.2   0.0   1   1   3.3e-06    0.0019   17.1   0.0    30    80   414   464   393   466 0.81 # 55038 # 56474 # -1 # ID=11_58;partial=00;start_type=ATG;rbs_motif=AGGAG;rbs_spacer=5-10bp;gc_cont=0.633
NODE_41_length_70147_cov_11.731977_31  -            187 70568at72274         -             82    0.0029   16.5   0.0   1   1   1.1e-05    0.0062   15.5   0.0    47    78   150   181   142   184 0.92 # 31358 # 31918 # -1 # ID=41_31;partial=00;start_type=ATG;rbs_motif=AGGAG;rbs_spacer=5-10bp;gc_cont=0.654
NODE_11_length_127457_cov_11.638648_10 -            462 70568at72274         -             82    0.0034   16.3   0.6   1   2       3.6   2.1e+03   -2.2   0.1    37    68   244   275   242   276 0.75 # 8178 # 9563 # -1 # ID=11_10;partial=00;start_type=ATG;rbs_motif=GGAG/GAGG;rbs_spacer=5-10bp;gc_cont=0.641
NODE_11_length_127457_cov_11.638648_10 -            462 70568at72274         -             82    0.0034   16.3   0.6   2   2   1.4e-05    0.0082   15.1   0.1    40    81   407   448   404   449 0.95 # 8178 # 9563 # -1 # ID=11_10;partial=00;start_type=ATG;rbs_motif=GGAG/GAGG;rbs_spacer=5-10bp;gc_cont=0.641
NODE_17_length_109448_cov_11.974058_72 -            466 70568at72274         -             82    0.0049   15.8   0.0   1   1   1.9e-05     0.011   14.7   0.0    45    77   428   460   416   464 0.88 # 71878 # 73275 # -1 # ID=17_72;partial=00;start_type=ATG;rbs_motif=GGxGG;rbs_spacer=5-10bp;gc_cont=0.616
NODE_56_length_48402_cov_11.542579_29  -            492 70568at72274         -             82     0.005   15.8   0.1   1   1   2.4e-05     0.014   14.4   0.1    39    81   438   480   430   481 0.92 # 28965 # 30440 # -1 # ID=56_29;partial=00;start_type=ATG;rbs_motif=GGA/GAG/AGG;rbs_spacer=11-12bp;gc_cont=0.614
NODE_28_length_96877_cov_11.194067_19  -            635 70568at72274         -             82     0.017   14.1   0.0   1   1   6.9e-05      0.04   12.9   0.0    42    81   593   632   587   633 0.86 # 20227 # 22131 # 1 # ID=28_19;partial=00;start_type=ATG;rbs_motif=AGGA/GGAG/GAGG;rbs_spacer=11-12bp;gc_cont=0.633
#
# Program:         hmmsearch
# Version:         3.1b2 (February 2015)
# Pipeline mode:   SEARCH
# Query file:      /data2/PEG/hoaxaca/REAA/Pseudomonas/bin/busco_downloads/lineages/pseudomonadales_odb10/hmms/70568at72274.hmm
# Target file:     /data2/PEG/hoaxaca/REAA/Pseudomonas/bin/../out/busco/trim_130.spades_kmer/prodigal_output/predicted_genes/predicted.faa
# Option settings: hmmsearch --domtblout /data2/PEG/hoaxaca/REAA/Pseudomonas/bin/../out/busco/trim_130.spades_kmer/run_pseudomonadales_odb10/hmmer_output/70568at72274.out --cpu 1 /data2/PEG/hoaxaca/REAA/Pseudomonas/bin/busco_downloads/lineages/pseudomonadales_odb10/hmms/70568at72274.hmm /data2/PEG/hoaxaca/REAA/Pseudomonas/bin/../out/busco/trim_130.spades_kmer/prodigal_output/predicted_genes/predicted.faa 
# Current dir:     /data2/PEG/hoaxaca/REAA/Pseudomonas/bin
# Date:            Mon Feb 20 00:31:16 2023
# [ok]
