#                                                                                              --- full sequence --- -------------- this domain -------------   hmm coord   ali coord   env coord
# target name                          accession   tlen query name           accession   qlen   E-value  score  bias   #  of  c-Evalue  i-Evalue  score  bias  from    to  from    to  from    to  acc description of target
#                  ------------------- ---------- ----- -------------------- ---------- ----- --------- ------ ----- --- --- --------- --------- ------ ----- ----- ----- ----- ----- ----- ----- ---- ---------------------
NODE_28_length_96877_cov_11.194067_51  -            508 8457at72274          -            414  3.4e-177  588.1  12.3   1   1  5.9e-180  6.2e-177  587.3  12.3     1   413    13   494    13   495 0.88 # 51892 # 53415 # -1 # ID=28_51;partial=00;start_type=ATG;rbs_motif=AGGA;rbs_spacer=5-10bp;gc_cont=0.636
NODE_8_length_135493_cov_11.702015_121 -            283 8457at72274          -            414   0.00046   17.8   0.0   1   2       1.3   1.4e+03   -3.5   0.0   360   376    97   113    94   118 0.79 # 127881 # 128729 # -1 # ID=8_121;partial=00;start_type=ATG;rbs_motif=GGAG/GAGG;rbs_spacer=5-10bp;gc_cont=0.635
NODE_8_length_135493_cov_11.702015_121 -            283 8457at72274          -            414   0.00046   17.8   0.0   2   2   9.1e-07   0.00095   16.8   0.0   296   386   151   248   131   262 0.80 # 127881 # 128729 # -1 # ID=8_121;partial=00;start_type=ATG;rbs_motif=GGAG/GAGG;rbs_spacer=5-10bp;gc_cont=0.635
NODE_59_length_42083_cov_11.752765_20  -            274 8457at72274          -            414    0.0057   14.3   0.0   1   1     7e-06    0.0074   13.9   0.0   279   336   117   172    65   247 0.81 # 28415 # 29236 # -1 # ID=59_20;partial=00;start_type=ATG;rbs_motif=AGGA;rbs_spacer=5-10bp;gc_cont=0.639
NODE_18_length_107718_cov_12.162170_76 -            264 8457at72274          -            414    0.0097   13.5   0.0   1   1   1.2e-05     0.012   13.2   0.0   183   326     9   172     4   200 0.73 # 70762 # 71553 # 1 # ID=18_76;partial=00;start_type=ATG;rbs_motif=GGA/GAG/AGG;rbs_spacer=5-10bp;gc_cont=0.630
NODE_58_length_42592_cov_11.948310_14  -            272 8457at72274          -            414     0.011   13.3   0.0   1   2       1.1   1.2e+03   -3.3   0.0   212   222    32    42    23    46 0.83 # 14962 # 15777 # 1 # ID=58_14;partial=00;start_type=ATG;rbs_motif=AGGA;rbs_spacer=5-10bp;gc_cont=0.609
NODE_58_length_42592_cov_11.948310_14  -            272 8457at72274          -            414     0.011   13.3   0.0   2   2   2.3e-05     0.025   12.2   0.0   295   392   133   238    65   254 0.72 # 14962 # 15777 # 1 # ID=58_14;partial=00;start_type=ATG;rbs_motif=AGGA;rbs_spacer=5-10bp;gc_cont=0.609
NODE_77_length_26317_cov_11.607942_19  -            265 8457at72274          -            414     0.055   11.0   0.0   1   1   8.4e-05     0.088   10.3   0.0   273   363   112   196    67   206 0.76 # 23709 # 24503 # 1 # ID=77_19;partial=00;start_type=ATG;rbs_motif=GGA/GAG/AGG;rbs_spacer=5-10bp;gc_cont=0.540
#
# Program:         hmmsearch
# Version:         3.1b2 (February 2015)
# Pipeline mode:   SEARCH
# Query file:      /data2/PEG/hoaxaca/REAA/Pseudomonas/bin/busco_downloads/lineages/pseudomonadales_odb10/hmms/8457at72274.hmm
# Target file:     /data2/PEG/hoaxaca/REAA/Pseudomonas/bin/../out/busco/trim_130.spades_kmer/prodigal_output/predicted_genes/predicted.faa
# Option settings: hmmsearch --domtblout /data2/PEG/hoaxaca/REAA/Pseudomonas/bin/../out/busco/trim_130.spades_kmer/run_pseudomonadales_odb10/hmmer_output/8457at72274.out --cpu 1 /data2/PEG/hoaxaca/REAA/Pseudomonas/bin/busco_downloads/lineages/pseudomonadales_odb10/hmms/8457at72274.hmm /data2/PEG/hoaxaca/REAA/Pseudomonas/bin/../out/busco/trim_130.spades_kmer/prodigal_output/predicted_genes/predicted.faa 
# Current dir:     /data2/PEG/hoaxaca/REAA/Pseudomonas/bin
# Date:            Mon Feb 20 00:31:18 2023
# [ok]
