#                                                                                               --- full sequence --- -------------- this domain -------------   hmm coord   ali coord   env coord
# target name                           accession   tlen query name           accession   qlen   E-value  score  bias   #  of  c-Evalue  i-Evalue  score  bias  from    to  from    to  from    to  acc description of target
#                   ------------------- ---------- ----- -------------------- ---------- ----- --------- ------ ----- --- --- --------- --------- ------ ----- ----- ----- ----- ----- ----- ----- ---- ---------------------
NODE_41_length_49221_cov_40.613381_47   -            463 10449at72274         -            381  5.4e-200  662.8   7.0   1   1    6e-202  5.5e-199  659.5   7.0     1   381     2   458     2   458 0.91 # 46621 # 48009 # 1 # ID=41_47;partial=00;start_type=ATG;rbs_motif=AGGAG;rbs_spacer=5-10bp;gc_cont=0.638
NODE_9_length_205643_cov_41.238468_68   -            459 10449at72274         -            381  3.4e-111  370.5   9.8   1   1  5.2e-113  4.8e-110  366.7   9.8     1   380     4   453     4   454 0.82 # 81818 # 83194 # 1 # ID=9_68;partial=00;start_type=ATG;rbs_motif=AGGA;rbs_spacer=5-10bp;gc_cont=0.609
NODE_1_length_774295_cov_40.668278_200  -            475 10449at72274         -            381     9e-93  309.8   3.2   1   1   8.6e-95   7.9e-92  306.8   3.2     2   381     8   465     7   465 0.80 # 219016 # 220440 # -1 # ID=1_200;partial=00;start_type=ATG;rbs_motif=GGA/GAG/AGG;rbs_spacer=11-12bp;gc_cont=0.621
NODE_47_length_38689_cov_40.281881_12   -            455 10449at72274         -            381   3.3e-06   24.9   0.3   1   1   9.3e-09   8.5e-06   23.6   0.3   141   282   153   309   149   320 0.76 # 10991 # 12355 # 1 # ID=47_12;partial=00;start_type=ATG;rbs_motif=GGA/GAG/AGG;rbs_spacer=5-10bp;gc_cont=0.647
NODE_3_length_236953_cov_41.991401_174  -            457 10449at72274         -            381   0.00054   17.6   0.0   1   2   0.00011     0.097   10.2   0.0   141   174   167   200   151   234 0.77 # 173164 # 174534 # 1 # ID=3_174;partial=00;start_type=ATG;rbs_motif=GGA/GAG/AGG;rbs_spacer=5-10bp;gc_cont=0.607
NODE_3_length_236953_cov_41.991401_174  -            457 10449at72274         -            381   0.00054   17.6   0.0   2   2    0.0037       3.4    5.1   0.0   246   266   289   309   278   314 0.84 # 173164 # 174534 # 1 # ID=3_174;partial=00;start_type=ATG;rbs_motif=GGA/GAG/AGG;rbs_spacer=5-10bp;gc_cont=0.607
NODE_1_length_774295_cov_40.668278_322  -            465 10449at72274         -            381    0.0022   15.6   0.0   1   1   4.6e-06    0.0042   14.7   0.0   141   272   157   301   153   318 0.67 # 350362 # 351756 # -1 # ID=1_322;partial=00;start_type=ATG;rbs_motif=GGA/GAG/AGG;rbs_spacer=5-10bp;gc_cont=0.642
NODE_19_length_115842_cov_39.764117_112 -            476 10449at72274         -            381     0.012   13.2   0.0   1   1   2.3e-05     0.021   12.4   0.0   138   282   153   310   143   359 0.72 # 104613 # 106040 # -1 # ID=19_112;partial=00;start_type=ATG;rbs_motif=GGAG/GAGG;rbs_spacer=5-10bp;gc_cont=0.634
#
# Program:         hmmsearch
# Version:         3.1b2 (February 2015)
# Pipeline mode:   SEARCH
# Query file:      /data2/PEG/hoaxaca/REAA/Pseudomonas/bin/busco_downloads/lineages/pseudomonadales_odb10/hmms/10449at72274.hmm
# Target file:     /data2/PEG/hoaxaca/REAA/Pseudomonas/bin/../out/busco/trim_def.spades_def/prodigal_output/predicted_genes/predicted.faa
# Option settings: hmmsearch --domtblout /data2/PEG/hoaxaca/REAA/Pseudomonas/bin/../out/busco/trim_def.spades_def/run_pseudomonadales_odb10/hmmer_output/10449at72274.out --cpu 1 /data2/PEG/hoaxaca/REAA/Pseudomonas/bin/busco_downloads/lineages/pseudomonadales_odb10/hmms/10449at72274.hmm /data2/PEG/hoaxaca/REAA/Pseudomonas/bin/../out/busco/trim_def.spades_def/prodigal_output/predicted_genes/predicted.faa 
# Current dir:     /data2/PEG/hoaxaca/REAA/Pseudomonas/bin
# Date:            Mon Feb 20 00:37:43 2023
# [ok]
