#                                                                                              --- full sequence --- -------------- this domain -------------   hmm coord   ali coord   env coord
# target name                          accession   tlen query name           accession   qlen   E-value  score  bias   #  of  c-Evalue  i-Evalue  score  bias  from    to  from    to  from    to  acc description of target
#                  ------------------- ---------- ----- -------------------- ---------- ----- --------- ------ ----- --- --- --------- --------- ------ ----- ----- ----- ----- ----- ----- ----- ---- ---------------------
NODE_29_length_79520_cov_41.135065_66  -            456 10681at72274         -            397  1.7e-223  740.4  12.4   1   1  6.4e-226  6.9e-223  738.3  12.4     4   397     4   450     1   450 0.93 # 69040 # 70407 # -1 # ID=29_66;partial=00;start_type=ATG;rbs_motif=GGAGG;rbs_spacer=5-10bp;gc_cont=0.634
NODE_45_length_41691_cov_38.249700_3   -            501 10681at72274         -            397     8e-08   30.2   2.9   1   2   3.8e-05     0.041   11.4   0.0    48    79    17    49     3    84 0.82 # 2354 # 3856 # 1 # ID=45_3;partial=00;start_type=TTG;rbs_motif=GGAG/GAGG;rbs_spacer=5-10bp;gc_cont=0.603
NODE_45_length_41691_cov_38.249700_3   -            501 10681at72274         -            397     8e-08   30.2   2.9   2   2   9.5e-07     0.001   16.7   1.6    38   120   250   342   239   470 0.54 # 2354 # 3856 # 1 # ID=45_3;partial=00;start_type=TTG;rbs_motif=GGAG/GAGG;rbs_spacer=5-10bp;gc_cont=0.603
NODE_23_length_98846_cov_42.042361_75  -            487 10681at72274         -            397   9.6e-06   23.4   2.5   1   2     7e-05     0.075   10.5   0.1    48    77    13    42     2    59 0.85 # 75819 # 77279 # 1 # ID=23_75;partial=00;start_type=GTG;rbs_motif=GGA/GAG/AGG;rbs_spacer=5-10bp;gc_cont=0.555
NODE_23_length_98846_cov_42.042361_75  -            487 10681at72274         -            397   9.6e-06   23.4   2.5   2   2   1.8e-05     0.019   12.5   0.2    48    79   248   279   237   311 0.89 # 75819 # 77279 # 1 # ID=23_75;partial=00;start_type=GTG;rbs_motif=GGA/GAG/AGG;rbs_spacer=5-10bp;gc_cont=0.555
NODE_1_length_774295_cov_40.668278_301 -            499 10681at72274         -            397   2.3e-05   22.1   0.2   1   1   3.5e-08   3.7e-05   21.4   0.2   321   395    85   162    80   164 0.79 # 332318 # 333814 # -1 # ID=1_301;partial=00;start_type=ATG;rbs_motif=AGGA;rbs_spacer=5-10bp;gc_cont=0.653
NODE_30_length_78582_cov_40.477600_10  -            425 10681at72274         -            397    0.0018   15.9   0.2   1   1   2.8e-06     0.003   15.2   0.2    48    79   193   224   181   254 0.89 # 6813 # 8087 # -1 # ID=30_10;partial=00;start_type=GTG;rbs_motif=GGAGG;rbs_spacer=3-4bp;gc_cont=0.522
NODE_4_length_235494_cov_42.023962_151 -            807 10681at72274         -            397     0.018   12.6   0.9   1   2    0.0022       2.4    5.6   0.1    56    76   381   401   359   408 0.85 # 164055 # 166475 # 1 # ID=4_151;partial=00;start_type=ATG;rbs_motif=GGA/GAG/AGG;rbs_spacer=5-10bp;gc_cont=0.613
NODE_4_length_235494_cov_42.023962_151 -            807 10681at72274         -            397     0.018   12.6   0.9   2   2     0.003       3.2    5.2   0.0   328   379   722   775   699   783 0.82 # 164055 # 166475 # 1 # ID=4_151;partial=00;start_type=ATG;rbs_motif=GGA/GAG/AGG;rbs_spacer=5-10bp;gc_cont=0.613
#
# Program:         hmmsearch
# Version:         3.1b2 (February 2015)
# Pipeline mode:   SEARCH
# Query file:      /data2/PEG/hoaxaca/REAA/Pseudomonas/bin/busco_downloads/lineages/pseudomonadales_odb10/hmms/10681at72274.hmm
# Target file:     /data2/PEG/hoaxaca/REAA/Pseudomonas/bin/../out/busco/trim_def.spades_def/prodigal_output/predicted_genes/predicted.faa
# Option settings: hmmsearch --domtblout /data2/PEG/hoaxaca/REAA/Pseudomonas/bin/../out/busco/trim_def.spades_def/run_pseudomonadales_odb10/hmmer_output/10681at72274.out --cpu 1 /data2/PEG/hoaxaca/REAA/Pseudomonas/bin/busco_downloads/lineages/pseudomonadales_odb10/hmms/10681at72274.hmm /data2/PEG/hoaxaca/REAA/Pseudomonas/bin/../out/busco/trim_def.spades_def/prodigal_output/predicted_genes/predicted.faa 
# Current dir:     /data2/PEG/hoaxaca/REAA/Pseudomonas/bin
# Date:            Mon Feb 20 00:37:43 2023
# [ok]
