#                                                                                              --- full sequence --- -------------- this domain -------------   hmm coord   ali coord   env coord
# target name                          accession   tlen query name           accession   qlen   E-value  score  bias   #  of  c-Evalue  i-Evalue  score  bias  from    to  from    to  from    to  acc description of target
#                  ------------------- ---------- ----- -------------------- ---------- ----- --------- ------ ----- --- --- --------- --------- ------ ----- ----- ----- ----- ----- ----- ----- ---- ---------------------
NODE_26_length_94916_cov_39.557851_10  -            473 11099at72274         -            420  6.6e-247  817.5   7.9   1   1  1.4e-249  1.8e-246  816.1   7.9     1   420     2   469     2   469 0.93 # 12126 # 13544 # 1 # ID=26_10;partial=00;start_type=ATG;rbs_motif=GGAG/GAGG;rbs_spacer=5-10bp;gc_cont=0.614
NODE_48_length_38369_cov_40.311292_25  -            474 11099at72274         -            420  6.5e-152  504.6   0.8   1   1    1e-154  1.3e-151  503.6   0.8     2   420     4   467     3   467 0.89 # 21627 # 23048 # -1 # ID=48_25;partial=00;start_type=ATG;rbs_motif=GGA/GAG/AGG;rbs_spacer=5-10bp;gc_cont=0.648
NODE_5_length_234169_cov_39.920501_153 -            914 11099at72274         -            420   1.4e-19   68.6   0.0   1   2   1.9e-15   2.4e-12   44.9   0.0   116   232   206   328   188   345 0.85 # 163479 # 166220 # 1 # ID=5_153;partial=00;start_type=ATG;rbs_motif=AGGAG;rbs_spacer=5-10bp;gc_cont=0.624
NODE_5_length_234169_cov_39.920501_153 -            914 11099at72274         -            420   1.4e-19   68.6   0.0   2   2   2.4e-08   3.1e-05   21.5   0.0   299   415   450   582   424   587 0.75 # 163479 # 166220 # 1 # ID=5_153;partial=00;start_type=ATG;rbs_motif=AGGAG;rbs_spacer=5-10bp;gc_cont=0.624
NODE_36_length_63664_cov_38.591284_26  -            865 11099at72274         -            420   2.7e-15   54.6   0.2   1   2   7.4e-15   9.5e-12   42.9   0.1   113   232   192   316   169   332 0.88 # 32195 # 34789 # -1 # ID=36_26;partial=00;start_type=ATG;rbs_motif=GGA/GAG/AGG;rbs_spacer=5-10bp;gc_cont=0.642
NODE_36_length_63664_cov_38.591284_26  -            865 11099at72274         -            420   2.7e-15   54.6   0.2   2   2    0.0001      0.13    9.5   0.0   300   415   403   534   393   539 0.69 # 32195 # 34789 # -1 # ID=36_26;partial=00;start_type=ATG;rbs_motif=GGA/GAG/AGG;rbs_spacer=5-10bp;gc_cont=0.642
NODE_68_length_16215_cov_38.483517_11  -            872 11099at72274         -            420   7.3e-15   53.2   0.0   1   2     0.038        49    1.0   0.0   112   213   492   595   480   618 0.71 # 12651 # 15266 # -1 # ID=68_11;partial=00;start_type=ATG;rbs_motif=GGA/GAG/AGG;rbs_spacer=5-10bp;gc_cont=0.604
NODE_68_length_16215_cov_38.483517_11  -            872 11099at72274         -            420   7.3e-15   53.2   0.0   2   2   6.5e-17   8.3e-14   49.7   0.0   290   416   702   825   645   829 0.86 # 12651 # 15266 # -1 # ID=68_11;partial=00;start_type=ATG;rbs_motif=GGA/GAG/AGG;rbs_spacer=5-10bp;gc_cont=0.604
#
# Program:         hmmsearch
# Version:         3.1b2 (February 2015)
# Pipeline mode:   SEARCH
# Query file:      /data2/PEG/hoaxaca/REAA/Pseudomonas/bin/busco_downloads/lineages/pseudomonadales_odb10/hmms/11099at72274.hmm
# Target file:     /data2/PEG/hoaxaca/REAA/Pseudomonas/bin/../out/busco/trim_def.spades_def/prodigal_output/predicted_genes/predicted.faa
# Option settings: hmmsearch --domtblout /data2/PEG/hoaxaca/REAA/Pseudomonas/bin/../out/busco/trim_def.spades_def/run_pseudomonadales_odb10/hmmer_output/11099at72274.out --cpu 1 /data2/PEG/hoaxaca/REAA/Pseudomonas/bin/busco_downloads/lineages/pseudomonadales_odb10/hmms/11099at72274.hmm /data2/PEG/hoaxaca/REAA/Pseudomonas/bin/../out/busco/trim_def.spades_def/prodigal_output/predicted_genes/predicted.faa 
# Current dir:     /data2/PEG/hoaxaca/REAA/Pseudomonas/bin
# Date:            Mon Feb 20 00:37:44 2023
# [ok]
