#                                                                                               --- full sequence --- -------------- this domain -------------   hmm coord   ali coord   env coord
# target name                           accession   tlen query name           accession   qlen   E-value  score  bias   #  of  c-Evalue  i-Evalue  score  bias  from    to  from    to  from    to  acc description of target
#                   ------------------- ---------- ----- -------------------- ---------- ----- --------- ------ ----- --- --- --------- --------- ------ ----- ----- ----- ----- ----- ----- ----- ---- ---------------------
NODE_1_length_774295_cov_40.668278_287  -            434 12585at72274         -            381    7e-200  662.3   0.0   1   1  4.4e-202  1.1e-199  661.7   0.0     1   381     1   416     1   416 0.93 # 315017 # 316318 # 1 # ID=1_287;partial=00;start_type=ATG;rbs_motif=GGAG/GAGG;rbs_spacer=5-10bp;gc_cont=0.619
NODE_1_length_774295_cov_40.668278_531  -            414 12585at72274         -            381   9.1e-88  293.3   0.0   1   1   4.8e-90   1.2e-87  292.9   0.0     2   369     4   398     3   409 0.87 # 563496 # 564737 # 1 # ID=1_531;partial=00;start_type=ATG;rbs_motif=GGA/GAG/AGG;rbs_spacer=5-10bp;gc_cont=0.655
NODE_26_length_94916_cov_39.557851_29   -            418 12585at72274         -            381   6.2e-34  116.1   0.0   1   1   3.3e-36     8e-34  115.7   0.0     3   368     9   400     7   407 0.85 # 34986 # 36239 # -1 # ID=26_29;partial=00;start_type=ATG;rbs_motif=GGA/GAG/AGG;rbs_spacer=11-12bp;gc_cont=0.633
NODE_29_length_79520_cov_41.135065_28   -            370 12585at72274         -            381   1.9e-33  114.5   0.2   1   2   1.1e-12   2.7e-10   38.3   0.6     2    55     6    57     5    82 0.88 # 27509 # 28618 # -1 # ID=29_28;partial=00;start_type=ATG;rbs_motif=GGA/GAG/AGG;rbs_spacer=5-10bp;gc_cont=0.625
NODE_29_length_79520_cov_41.135065_28   -            370 12585at72274         -            381   1.9e-33  114.5   0.2   2   2   1.7e-23   4.3e-21   73.9   0.0   218   368   195   349   168   355 0.89 # 27509 # 28618 # -1 # ID=29_28;partial=00;start_type=ATG;rbs_motif=GGA/GAG/AGG;rbs_spacer=5-10bp;gc_cont=0.625
NODE_1_length_774295_cov_40.668278_605  -            417 12585at72274         -            381   4.3e-12   44.2   3.2   1   3    0.0007      0.17    9.3   1.0     2    32    34    66    33    85 0.79 # 648078 # 649328 # 1 # ID=1_605;partial=00;start_type=ATG;rbs_motif=GGAG/GAGG;rbs_spacer=5-10bp;gc_cont=0.627
NODE_1_length_774295_cov_40.668278_605  -            417 12585at72274         -            381   4.3e-12   44.2   3.2   2   3       1.1   2.6e+02   -1.1   0.0   110   164    99   153    72   158 0.80 # 648078 # 649328 # 1 # ID=1_605;partial=00;start_type=ATG;rbs_motif=GGAG/GAGG;rbs_spacer=5-10bp;gc_cont=0.627
NODE_1_length_774295_cov_40.668278_605  -            417 12585at72274         -            381   4.3e-12   44.2   3.2   3   3   2.6e-11   6.3e-09   33.8   0.0   282   366   297   382   242   390 0.83 # 648078 # 649328 # 1 # ID=1_605;partial=00;start_type=ATG;rbs_motif=GGAG/GAGG;rbs_spacer=5-10bp;gc_cont=0.627
NODE_66_length_17250_cov_42.064578_14   -            368 12585at72274         -            381   1.5e-11   42.5   0.1   1   3   6.2e-08   1.5e-05   22.7   0.3     2    46     5    49     4    54 0.93 # 14978 # 16081 # 1 # ID=66_14;partial=00;start_type=ATG;rbs_motif=GGAGG;rbs_spacer=5-10bp;gc_cont=0.651
NODE_66_length_17250_cov_42.064578_14   -            368 12585at72274         -            381   1.5e-11   42.5   0.1   2   3    0.0018      0.45    7.9   0.0   106   212    64   174    51   185 0.83 # 14978 # 16081 # 1 # ID=66_14;partial=00;start_type=ATG;rbs_motif=GGAGG;rbs_spacer=5-10bp;gc_cont=0.651
NODE_66_length_17250_cov_42.064578_14   -            368 12585at72274         -            381   1.5e-11   42.5   0.1   3   3    0.0015      0.36    8.3   0.0   303   372   282   353   257   364 0.75 # 14978 # 16081 # 1 # ID=66_14;partial=00;start_type=ATG;rbs_motif=GGAGG;rbs_spacer=5-10bp;gc_cont=0.651
NODE_26_length_94916_cov_39.557851_26   -            428 12585at72274         -            381   7.9e-11   40.1   0.2   1   2   4.8e-09   1.2e-06   26.3   0.2     2    51    31    80    30    84 0.96 # 31287 # 32570 # -1 # ID=26_26;partial=00;start_type=ATG;rbs_motif=GGAG/GAGG;rbs_spacer=5-10bp;gc_cont=0.618
NODE_26_length_94916_cov_39.557851_26   -            428 12585at72274         -            381   7.9e-11   40.1   0.2   2   2   0.00015     0.037   11.5   0.0   305   370   321   386   308   394 0.88 # 31287 # 32570 # -1 # ID=26_26;partial=00;start_type=ATG;rbs_motif=GGAG/GAGG;rbs_spacer=5-10bp;gc_cont=0.618
NODE_10_length_205580_cov_40.760213_110 -            353 12585at72274         -            381   3.1e-08   31.6   1.3   1   3   1.1e-07   2.7e-05   21.9   0.6     2    41     8    50     7    71 0.81 # 100608 # 101666 # -1 # ID=10_110;partial=00;start_type=ATG;rbs_motif=GGAG/GAGG;rbs_spacer=5-10bp;gc_cont=0.603
NODE_10_length_205580_cov_40.760213_110 -            353 12585at72274         -            381   3.1e-08   31.6   1.3   2   3     0.074        18    2.7   0.0   162   245   114   209    95   229 0.66 # 100608 # 101666 # -1 # ID=10_110;partial=00;start_type=ATG;rbs_motif=GGAG/GAGG;rbs_spacer=5-10bp;gc_cont=0.603
NODE_10_length_205580_cov_40.760213_110 -            353 12585at72274         -            381   3.1e-08   31.6   1.3   3   3     0.025       6.1    4.2   0.0   321   348   286   315   258   333 0.74 # 100608 # 101666 # -1 # ID=10_110;partial=00;start_type=ATG;rbs_motif=GGAG/GAGG;rbs_spacer=5-10bp;gc_cont=0.603
NODE_20_length_107058_cov_41.325310_40  -            436 12585at72274         -            381   5.6e-08   30.7   1.6   1   2   3.7e-06   0.00091   16.8   0.3     2    52    29    79    28    85 0.93 # 36685 # 37992 # -1 # ID=20_40;partial=00;start_type=ATG;rbs_motif=AGGA/GGAG/GAGG;rbs_spacer=11-12bp;gc_cont=0.609
NODE_20_length_107058_cov_41.325310_40  -            436 12585at72274         -            381   5.6e-08   30.7   1.6   2   2   5.2e-05     0.013   13.0   0.1   291   370   306   385   290   391 0.88 # 36685 # 37992 # -1 # ID=20_40;partial=00;start_type=ATG;rbs_motif=AGGA/GGAG/GAGG;rbs_spacer=11-12bp;gc_cont=0.609
NODE_18_length_120383_cov_41.988222_96  -            422 12585at72274         -            381     2e-07   28.9   0.0   1   3   2.9e-07   7.1e-05   20.5   0.1     2    49    25    72    24    77 0.95 # 86351 # 87616 # 1 # ID=18_96;partial=00;start_type=ATG;rbs_motif=GGAG/GAGG;rbs_spacer=5-10bp;gc_cont=0.665
NODE_18_length_120383_cov_41.988222_96  -            422 12585at72274         -            381     2e-07   28.9   0.0   2   3     0.018       4.5    4.7   0.0    98   176    90   169    79   261 0.79 # 86351 # 87616 # 1 # ID=18_96;partial=00;start_type=ATG;rbs_motif=GGAG/GAGG;rbs_spacer=5-10bp;gc_cont=0.665
NODE_18_length_120383_cov_41.988222_96  -            422 12585at72274         -            381     2e-07   28.9   0.0   3   3      0.57   1.4e+02   -0.2   0.0   299   361   311   373   294   382 0.82 # 86351 # 87616 # 1 # ID=18_96;partial=00;start_type=ATG;rbs_motif=GGAG/GAGG;rbs_spacer=5-10bp;gc_cont=0.665
NODE_18_length_120383_cov_41.988222_79  -            434 12585at72274         -            381     4e-06   24.6   0.6   1   3   3.2e-06    0.0008   17.0   0.0     4    47    29    74    26    82 0.86 # 69432 # 70733 # 1 # ID=18_79;partial=00;start_type=ATG;rbs_motif=GGAG/GAGG;rbs_spacer=5-10bp;gc_cont=0.641
NODE_18_length_120383_cov_41.988222_79  -            434 12585at72274         -            381     4e-06   24.6   0.6   2   3      0.72   1.8e+02   -0.6   0.0   106   161    99   157    96   172 0.82 # 69432 # 70733 # 1 # ID=18_79;partial=00;start_type=ATG;rbs_motif=GGAG/GAGG;rbs_spacer=5-10bp;gc_cont=0.641
NODE_18_length_120383_cov_41.988222_79  -            434 12585at72274         -            381     4e-06   24.6   0.6   3   3     0.024         6    4.3   0.0   293   366   315   387   288   398 0.74 # 69432 # 70733 # 1 # ID=18_79;partial=00;start_type=ATG;rbs_motif=GGAG/GAGG;rbs_spacer=5-10bp;gc_cont=0.641
NODE_7_length_212511_cov_40.209209_137  -            428 12585at72274         -            381     1e-05   23.3   1.8   1   3   5.4e-06    0.0013   16.3   0.1     2    50    29    77    28    83 0.92 # 155216 # 156499 # -1 # ID=7_137;partial=00;start_type=ATG;rbs_motif=GGAG/GAGG;rbs_spacer=5-10bp;gc_cont=0.635
NODE_7_length_212511_cov_40.209209_137  -            428 12585at72274         -            381     1e-05   23.3   1.8   2   3     0.041        10    3.5   0.0   114   197   110   194    95   239 0.79 # 155216 # 156499 # -1 # ID=7_137;partial=00;start_type=ATG;rbs_motif=GGAG/GAGG;rbs_spacer=5-10bp;gc_cont=0.635
NODE_7_length_212511_cov_40.209209_137  -            428 12585at72274         -            381     1e-05   23.3   1.8   3   3      0.21        52    1.2   0.0   304   368   319   383   313   388 0.85 # 155216 # 156499 # -1 # ID=7_137;partial=00;start_type=ATG;rbs_motif=GGAG/GAGG;rbs_spacer=5-10bp;gc_cont=0.635
NODE_39_length_50826_cov_44.652013_1    -            433 12585at72274         -            381     2e-05   22.3   0.5   1   2   6.5e-06    0.0016   16.0   0.4     2    49    33    80    32   104 0.90 # 117 # 1415 # -1 # ID=39_1;partial=00;start_type=ATG;rbs_motif=None;rbs_spacer=None;gc_cont=0.601
NODE_39_length_50826_cov_44.652013_1    -            433 12585at72274         -            381     2e-05   22.3   0.5   2   2     0.021       5.2    4.5   0.0   305   369   324   390   217   400 0.88 # 117 # 1415 # -1 # ID=39_1;partial=00;start_type=ATG;rbs_motif=None;rbs_spacer=None;gc_cont=0.601
NODE_1_length_774295_cov_40.668278_453  -            375 12585at72274         -            381   3.8e-05   21.4   0.0   1   1   2.9e-07     7e-05   20.5   0.0     2    47     3    48     2    55 0.92 # 488297 # 489421 # 1 # ID=1_453;partial=00;start_type=ATG;rbs_motif=GGAG/GAGG;rbs_spacer=5-10bp;gc_cont=0.641
NODE_1_length_774295_cov_40.668278_284  -            431 12585at72274         -            381   5.6e-05   20.8   0.4   1   2   6.7e-06    0.0016   16.0   0.2     2    48    32    78    31    84 0.93 # 312482 # 313774 # -1 # ID=1_284;partial=00;start_type=ATG;rbs_motif=GGA/GAG/AGG;rbs_spacer=5-10bp;gc_cont=0.633
NODE_1_length_774295_cov_40.668278_284  -            431 12585at72274         -            381   5.6e-05   20.8   0.4   2   2     0.065        16    2.8   0.0   263   367   281   387    96   395 0.63 # 312482 # 313774 # -1 # ID=1_284;partial=00;start_type=ATG;rbs_motif=GGA/GAG/AGG;rbs_spacer=5-10bp;gc_cont=0.633
NODE_20_length_107058_cov_41.325310_91  -            525 12585at72274         -            381   7.4e-05   20.4   0.7   1   2   5.2e-07   0.00013   19.6   0.2     2    32    52    82    51    89 0.91 # 92937 # 94511 # -1 # ID=20_91;partial=00;start_type=ATG;rbs_motif=AGGAG;rbs_spacer=5-10bp;gc_cont=0.635
NODE_20_length_107058_cov_41.325310_91  -            525 12585at72274         -            381   7.4e-05   20.4   0.7   2   2       3.7   9.1e+02   -2.9   0.0   195   225   299   327   286   329 0.70 # 92937 # 94511 # -1 # ID=20_91;partial=00;start_type=ATG;rbs_motif=AGGAG;rbs_spacer=5-10bp;gc_cont=0.635
NODE_6_length_229612_cov_40.410704_150  -            469 12585at72274         -            381   0.00061   17.4   0.4   1   2   1.4e-05    0.0035   14.9   0.1     2    45    31    76    30    80 0.88 # 190752 # 192158 # -1 # ID=6_150;partial=00;start_type=ATG;rbs_motif=GGAG/GAGG;rbs_spacer=5-10bp;gc_cont=0.647
NODE_6_length_229612_cov_40.410704_150  -            469 12585at72274         -            381   0.00061   17.4   0.4   2   2      0.47   1.2e+02    0.0   0.0   290   368   316   395   307   398 0.85 # 190752 # 192158 # -1 # ID=6_150;partial=00;start_type=ATG;rbs_motif=GGAG/GAGG;rbs_spacer=5-10bp;gc_cont=0.647
NODE_22_length_100940_cov_39.393722_96  -            663 12585at72274         -            381    0.0014   16.2   0.2   1   2   0.00016      0.04   11.4   0.0     2    42   262   302   261   311 0.85 # 95878 # 97866 # -1 # ID=22_96;partial=00;start_type=ATG;rbs_motif=GGA/GAG/AGG;rbs_spacer=5-10bp;gc_cont=0.660
NODE_22_length_100940_cov_39.393722_96  -            663 12585at72274         -            381    0.0014   16.2   0.2   2   2      0.12        28    2.0   0.0   340   365   602   627   599   633 0.85 # 95878 # 97866 # -1 # ID=22_96;partial=00;start_type=ATG;rbs_motif=GGA/GAG/AGG;rbs_spacer=5-10bp;gc_cont=0.660
NODE_1_length_774295_cov_40.668278_102  -            458 12585at72274         -            381      0.02   12.4   0.0   1   1   0.00013     0.033   11.7   0.0     1    33     1    33     1    38 0.93 # 100993 # 102366 # 1 # ID=1_102;partial=00;start_type=ATG;rbs_motif=GGAG/GAGG;rbs_spacer=5-10bp;gc_cont=0.616
NODE_5_length_234169_cov_39.920501_50   -            377 12585at72274         -            381     0.026   12.0   0.0   1   1   0.00015     0.036   11.6   0.0     4    55    14    68    11   114 0.79 # 45603 # 46733 # -1 # ID=5_50;partial=00;start_type=ATG;rbs_motif=None;rbs_spacer=None;gc_cont=0.453
NODE_62_length_22563_cov_46.448768_5    -            291 12585at72274         -            381     0.038   11.5   0.0   1   1    0.0002      0.05   11.1   0.0     2    59    16    72    15    97 0.68 # 4647 # 5519 # 1 # ID=62_5;partial=00;start_type=GTG;rbs_motif=AGGA;rbs_spacer=5-10bp;gc_cont=0.630
NODE_31_length_69300_cov_43.488031_6    -            530 12585at72274         -            381     0.042   11.4   0.0   1   1   0.00027     0.066   10.7   0.0     2    32     8    38     7    73 0.78 # 4236 # 5825 # 1 # ID=31_6;partial=00;start_type=ATG;rbs_motif=GGA/GAG/AGG;rbs_spacer=5-10bp;gc_cont=0.622
NODE_5_length_234169_cov_39.920501_126  -            465 12585at72274         -            381     0.053   11.0   0.3   1   2    0.0026      0.64    7.4   0.1     2    32     7    39     6    50 0.84 # 127905 # 129299 # -1 # ID=5_126;partial=00;start_type=ATG;rbs_motif=AGGAG;rbs_spacer=5-10bp;gc_cont=0.601
NODE_5_length_234169_cov_39.920501_126  -            465 12585at72274         -            381     0.053   11.0   0.3   2   2      0.16        40    1.5   0.0     2    33   177   208   176   228 0.88 # 127905 # 129299 # -1 # ID=5_126;partial=00;start_type=ATG;rbs_motif=AGGAG;rbs_spacer=5-10bp;gc_cont=0.601
NODE_50_length_36684_cov_38.142732_32   -            433 12585at72274         -            381     0.056   10.9   1.1   1   2   0.00052      0.13    9.8   0.4     2    49    30    78    29    83 0.90 # 30254 # 31552 # 1 # ID=50_32;partial=00;start_type=ATG;rbs_motif=GGA/GAG/AGG;rbs_spacer=5-10bp;gc_cont=0.614
NODE_50_length_36684_cov_38.142732_32   -            433 12585at72274         -            381     0.056   10.9   1.1   2   2       1.7   4.3e+02   -1.9   0.0   307   365   324   384   318   391 0.81 # 30254 # 31552 # 1 # ID=50_32;partial=00;start_type=ATG;rbs_motif=GGA/GAG/AGG;rbs_spacer=5-10bp;gc_cont=0.614
NODE_16_length_124183_cov_40.602864_16  -            321 12585at72274         -            381     0.057   10.9   0.5   1   2     0.025       6.2    4.2   0.1     2    29     8    35     7    50 0.81 # 9990 # 10952 # -1 # ID=16_16;partial=00;start_type=ATG;rbs_motif=AGGAG;rbs_spacer=5-10bp;gc_cont=0.623
NODE_16_length_124183_cov_40.602864_16  -            321 12585at72274         -            381     0.057   10.9   0.5   2   2     0.015       3.6    5.0   0.0     3    33   149   179   147   185 0.92 # 9990 # 10952 # -1 # ID=16_16;partial=00;start_type=ATG;rbs_motif=AGGAG;rbs_spacer=5-10bp;gc_cont=0.623
NODE_12_length_160437_cov_39.694805_55  -            716 12585at72274         -            381     0.063   10.8   0.5   1   1   0.00038     0.094   10.2   0.5     2    41   318   357   317   363 0.89 # 54221 # 56368 # -1 # ID=12_55;partial=00;start_type=ATG;rbs_motif=AGGA;rbs_spacer=5-10bp;gc_cont=0.622
#
# Program:         hmmsearch
# Version:         3.1b2 (February 2015)
# Pipeline mode:   SEARCH
# Query file:      /data2/PEG/hoaxaca/REAA/Pseudomonas/bin/busco_downloads/lineages/pseudomonadales_odb10/hmms/12585at72274.hmm
# Target file:     /data2/PEG/hoaxaca/REAA/Pseudomonas/bin/../out/busco/trim_def.spades_def/prodigal_output/predicted_genes/predicted.faa
# Option settings: hmmsearch --domtblout /data2/PEG/hoaxaca/REAA/Pseudomonas/bin/../out/busco/trim_def.spades_def/run_pseudomonadales_odb10/hmmer_output/12585at72274.out --cpu 1 /data2/PEG/hoaxaca/REAA/Pseudomonas/bin/busco_downloads/lineages/pseudomonadales_odb10/hmms/12585at72274.hmm /data2/PEG/hoaxaca/REAA/Pseudomonas/bin/../out/busco/trim_def.spades_def/prodigal_output/predicted_genes/predicted.faa 
# Current dir:     /data2/PEG/hoaxaca/REAA/Pseudomonas/bin
# Date:            Mon Feb 20 00:37:46 2023
# [ok]
