#                                                                                              --- full sequence --- -------------- this domain -------------   hmm coord   ali coord   env coord
# target name                          accession   tlen query name           accession   qlen   E-value  score  bias   #  of  c-Evalue  i-Evalue  score  bias  from    to  from    to  from    to  acc description of target
#                  ------------------- ---------- ----- -------------------- ---------- ----- --------- ------ ----- --- --- --------- --------- ------ ----- ----- ----- ----- ----- ----- ----- ---- ---------------------
NODE_13_length_139524_cov_40.570575_40 -            625 12775at72274         -            529  7.5e-193  640.7  19.3   1   2  5.3e-184  6.8e-181  601.3  15.2     1   461     2   515     2   535 0.92 # 44355 # 46229 # -1 # ID=13_40;partial=00;start_type=ATG;rbs_motif=GGxGG;rbs_spacer=3-4bp;gc_cont=0.592
NODE_13_length_139524_cov_40.570575_40 -            625 12775at72274         -            529  7.5e-193  640.7  19.3   2   2   1.8e-14   2.4e-11   41.8   0.2   459   529   531   622   519   622 0.77 # 44355 # 46229 # -1 # ID=13_40;partial=00;start_type=ATG;rbs_motif=GGxGG;rbs_spacer=3-4bp;gc_cont=0.592
NODE_1_length_774295_cov_40.668278_684 -            448 12775at72274         -            529   1.1e-44  151.7   6.7   1   3   1.8e-06    0.0023   15.4   5.0    34   166    35   169    23   175 0.81 # 736784 # 738127 # -1 # ID=1_684;partial=00;start_type=GTG;rbs_motif=GGA/GAG/AGG;rbs_spacer=5-10bp;gc_cont=0.599
NODE_1_length_774295_cov_40.668278_684 -            448 12775at72274         -            529   1.1e-44  151.7   6.7   2   3   6.6e-15   8.4e-12   43.3   0.0   230   334   176   285   160   292 0.85 # 736784 # 738127 # -1 # ID=1_684;partial=00;start_type=GTG;rbs_motif=GGA/GAG/AGG;rbs_spacer=5-10bp;gc_cont=0.599
NODE_1_length_774295_cov_40.668278_684 -            448 12775at72274         -            529   1.1e-44  151.7   6.7   3   3   7.8e-30     1e-26   92.5   0.0   229   374   286   434   284   444 0.93 # 736784 # 738127 # -1 # ID=1_684;partial=00;start_type=GTG;rbs_motif=GGA/GAG/AGG;rbs_spacer=5-10bp;gc_cont=0.599
NODE_78_length_10527_cov_39.656746_2   -            312 12775at72274         -            529   4.1e-25   87.2   0.3   1   1   4.9e-28   6.2e-25   86.6   0.2   213   360   134   288   110   308 0.85 # 1240 # 2175 # -1 # ID=78_2;partial=00;start_type=GTG;rbs_motif=GGAG/GAGG;rbs_spacer=5-10bp;gc_cont=0.665
NODE_43_length_46072_cov_43.262507_29  -             94 12775at72274         -            529   4.5e-18   64.0   0.0   1   1   3.7e-21   4.7e-18   63.9   0.0   235   330     3    91     1    93 0.89 # 29744 # 30025 # -1 # ID=43_29;partial=00;start_type=ATG;rbs_motif=AGGAG;rbs_spacer=5-10bp;gc_cont=0.589
NODE_43_length_46072_cov_43.262507_19  -             92 12775at72274         -            529   9.4e-14   49.7   0.0   1   1   8.4e-17   1.1e-13   49.5   0.0   236   327     3    87     1    90 0.88 # 15120 # 15395 # -1 # ID=43_19;partial=00;start_type=ATG;rbs_motif=AGGA;rbs_spacer=5-10bp;gc_cont=0.558
#
# Program:         hmmsearch
# Version:         3.1b2 (February 2015)
# Pipeline mode:   SEARCH
# Query file:      /data2/PEG/hoaxaca/REAA/Pseudomonas/bin/busco_downloads/lineages/pseudomonadales_odb10/hmms/12775at72274.hmm
# Target file:     /data2/PEG/hoaxaca/REAA/Pseudomonas/bin/../out/busco/trim_def.spades_def/prodigal_output/predicted_genes/predicted.faa
# Option settings: hmmsearch --domtblout /data2/PEG/hoaxaca/REAA/Pseudomonas/bin/../out/busco/trim_def.spades_def/run_pseudomonadales_odb10/hmmer_output/12775at72274.out --cpu 1 /data2/PEG/hoaxaca/REAA/Pseudomonas/bin/busco_downloads/lineages/pseudomonadales_odb10/hmms/12775at72274.hmm /data2/PEG/hoaxaca/REAA/Pseudomonas/bin/../out/busco/trim_def.spades_def/prodigal_output/predicted_genes/predicted.faa 
# Current dir:     /data2/PEG/hoaxaca/REAA/Pseudomonas/bin
# Date:            Mon Feb 20 00:37:46 2023
# [ok]
