#                                                                                              --- full sequence --- -------------- this domain -------------   hmm coord   ali coord   env coord
# target name                          accession   tlen query name           accession   qlen   E-value  score  bias   #  of  c-Evalue  i-Evalue  score  bias  from    to  from    to  from    to  acc description of target
#                  ------------------- ---------- ----- -------------------- ---------- ----- --------- ------ ----- --- --- --------- --------- ------ ----- ----- ----- ----- ----- ----- ----- ---- ---------------------
NODE_32_length_68942_cov_40.455340_18  -            400 14552at72274         -            324  2.7e-151  501.7   0.0   1   1  2.5e-152  6.4e-150  497.2   0.0     1   323     8   392     8   393 0.91 # 21204 # 22403 # -1 # ID=32_18;partial=00;start_type=ATG;rbs_motif=GGA/GAG/AGG;rbs_spacer=5-10bp;gc_cont=0.637
NODE_19_length_115842_cov_39.764117_66 -            406 14552at72274         -            324   1.1e-33  115.2   0.0   1   1   3.9e-34   9.9e-32  108.8   0.0    15   323    39   391    31   392 0.75 # 63507 # 64724 # -1 # ID=19_66;partial=00;start_type=ATG;rbs_motif=GGAG/GAGG;rbs_spacer=5-10bp;gc_cont=0.612
NODE_4_length_235494_cov_42.023962_71  -            383 14552at72274         -            324   1.1e-30  105.5   0.0   1   2   1.8e-32   4.6e-30  103.4   0.0    14   268    26   296    13   310 0.83 # 87140 # 88288 # -1 # ID=4_71;partial=00;start_type=ATG;rbs_motif=GGA/GAG/AGG;rbs_spacer=5-10bp;gc_cont=0.611
NODE_4_length_235494_cov_42.023962_71  -            383 14552at72274         -            324   1.1e-30  105.5   0.0   2   2      0.69   1.8e+02   -0.4   0.0   274   321   329   378   309   380 0.76 # 87140 # 88288 # -1 # ID=4_71;partial=00;start_type=ATG;rbs_motif=GGA/GAG/AGG;rbs_spacer=5-10bp;gc_cont=0.611
NODE_6_length_229612_cov_40.410704_107 -            665 14552at72274         -            324   6.6e-28   96.3   0.0   1   1   4.3e-30   1.1e-27   95.5   0.0    15   267    35   302    30   384 0.80 # 134530 # 136524 # -1 # ID=6_107;partial=00;start_type=ATG;rbs_motif=GGAG/GAGG;rbs_spacer=5-10bp;gc_cont=0.625
NODE_31_length_69300_cov_43.488031_11  -            401 14552at72274         -            324   4.6e-26   90.2   0.0   1   1   2.7e-28     7e-26   89.6   0.0    14   294    34   339    24   352 0.81 # 9309 # 10511 # -1 # ID=31_11;partial=00;start_type=ATG;rbs_motif=AGGAG;rbs_spacer=5-10bp;gc_cont=0.633
NODE_22_length_100940_cov_39.393722_15 -            404 14552at72274         -            324   2.6e-25   87.8   0.0   1   1   1.4e-27   3.7e-25   87.2   0.0    15   218    35   253    28   274 0.83 # 14220 # 15431 # -1 # ID=22_15;partial=00;start_type=ATG;rbs_motif=AGGA;rbs_spacer=5-10bp;gc_cont=0.619
NODE_50_length_36684_cov_38.142732_3   -            410 14552at72274         -            324   4.7e-22   77.0   0.0   1   1   2.4e-24   6.2e-22   76.7   0.0    15   268    38   309    30   365 0.77 # 1767 # 2996 # 1 # ID=50_3;partial=00;start_type=ATG;rbs_motif=GGAG/GAGG;rbs_spacer=5-10bp;gc_cont=0.649
NODE_8_length_212180_cov_40.901892_32  -            404 14552at72274         -            324   1.9e-20   71.7   0.0   1   1   1.1e-22   2.9e-20   71.1   0.0    16   269    36   307    31   338 0.71 # 35421 # 36632 # 1 # ID=8_32;partial=00;start_type=ATG;rbs_motif=GGAGG;rbs_spacer=5-10bp;gc_cont=0.647
NODE_33_length_67245_cov_40.137506_7   -            403 14552at72274         -            324   3.4e-19   67.6   0.0   1   1   2.1e-21   5.3e-19   67.0   0.0    15   283    36   332    27   341 0.79 # 8943 # 10151 # -1 # ID=33_7;partial=00;start_type=ATG;rbs_motif=GGA/GAG/AGG;rbs_spacer=5-10bp;gc_cont=0.639
NODE_14_length_139126_cov_50.060288_18 -            391 14552at72274         -            324     1e-12   46.4   0.0   1   1   7.4e-13   1.9e-10   38.9   0.0    15   322    35   381    28   383 0.69 # 16654 # 17826 # -1 # ID=14_18;partial=00;start_type=ATG;rbs_motif=AGGA;rbs_spacer=5-10bp;gc_cont=0.617
NODE_36_length_63664_cov_38.591284_16  -            475 14552at72274         -            324   2.4e-11   41.9   0.0   1   1   1.3e-13   3.3e-11   41.4   0.0    40   251   144   360   121   403 0.78 # 18949 # 20373 # -1 # ID=36_16;partial=00;start_type=ATG;rbs_motif=GGA/GAG/AGG;rbs_spacer=5-10bp;gc_cont=0.620
NODE_73_length_14166_cov_37.622897_6   -            383 14552at72274         -            324   7.6e-10   36.9   0.0   1   1   7.6e-12   1.9e-09   35.6   0.0    19   220    31   246    26   265 0.77 # 6882 # 8030 # -1 # ID=73_6;partial=00;start_type=ATG;rbs_motif=GGA/GAG/AGG;rbs_spacer=5-10bp;gc_cont=0.637
NODE_9_length_205643_cov_41.238468_91  -            351 14552at72274         -            324     2e-08   32.2   0.0   1   1   1.5e-10   3.8e-08   31.4   0.0    22   259    35   267    17   287 0.74 # 99604 # 100656 # 1 # ID=9_91;partial=00;start_type=ATG;rbs_motif=GGA/GAG/AGG;rbs_spacer=5-10bp;gc_cont=0.617
NODE_1_length_774295_cov_40.668278_282 -            475 14552at72274         -            324   1.1e-07   29.9   0.0   1   1   1.9e-09   4.9e-07   27.7   0.0   136   268   246   379   106   407 0.73 # 310653 # 312077 # -1 # ID=1_282;partial=00;start_type=ATG;rbs_motif=GGA/GAG/AGG;rbs_spacer=5-10bp;gc_cont=0.619
NODE_12_length_160437_cov_39.694805_67 -            480 14552at72274         -            324   1.2e-07   29.7   0.0   1   1     8e-10     2e-07   28.9   0.0   123   271   236   385   134   429 0.75 # 65346 # 66785 # -1 # ID=12_67;partial=00;start_type=ATG;rbs_motif=GGA/GAG/AGG;rbs_spacer=5-10bp;gc_cont=0.622
NODE_5_length_234169_cov_39.920501_71  -            371 14552at72274         -            324   1.7e-07   29.2   0.0   1   1   9.8e-10   2.5e-07   28.6   0.0    26   258    52   283    37   296 0.63 # 71412 # 72524 # -1 # ID=5_71;partial=00;start_type=ATG;rbs_motif=GGAG/GAGG;rbs_spacer=5-10bp;gc_cont=0.615
NODE_8_length_212180_cov_40.901892_177 -            462 14552at72274         -            324   4.5e-07   27.8   0.0   1   1   3.3e-09   8.3e-07   26.9   0.0   119   225   226   330   126   403 0.66 # 186910 # 188295 # 1 # ID=8_177;partial=00;start_type=ATG;rbs_motif=GGA/GAG/AGG;rbs_spacer=5-10bp;gc_cont=0.542
NODE_51_length_36244_cov_41.016894_23  -            475 14552at72274         -            324   8.6e-07   26.9   0.0   1   1   4.8e-09   1.2e-06   26.4   0.0    40   235   142   344   127   403 0.77 # 23462 # 24886 # -1 # ID=51_23;partial=00;start_type=ATG;rbs_motif=GGA/GAG/AGG;rbs_spacer=5-10bp;gc_cont=0.624
NODE_14_length_139126_cov_50.060288_70 -            424 14552at72274         -            324     1e-06   26.7   0.0   1   1   7.2e-09   1.9e-06   25.8   0.0    66   226   103   268    67   288 0.74 # 80519 # 81790 # 1 # ID=14_70;partial=00;start_type=ATG;rbs_motif=GGA/GAG/AGG;rbs_spacer=5-10bp;gc_cont=0.489
NODE_10_length_205580_cov_40.760213_32 -            443 14552at72274         -            324   1.9e-06   25.8   0.0   1   1   1.1e-08   2.7e-06   25.3   0.0   140   266   231   352   110   379 0.77 # 31133 # 32461 # 1 # ID=10_32;partial=00;start_type=ATG;rbs_motif=GGA/GAG/AGG;rbs_spacer=5-10bp;gc_cont=0.664
NODE_21_length_101376_cov_39.173319_2  -            330 14552at72274         -            324   1.3e-05   23.0   0.0   1   1   9.2e-08   2.4e-05   22.2   0.0   130   227   123   215   111   220 0.77 # 1573 # 2562 # -1 # ID=21_2;partial=00;start_type=ATG;rbs_motif=GGxGG;rbs_spacer=5-10bp;gc_cont=0.648
NODE_15_length_126463_cov_41.060782_58 -            442 14552at72274         -            324   2.1e-05   22.3   0.0   1   1   1.1e-07   2.8e-05   21.9   0.0   119   281   208   378   118   389 0.79 # 86551 # 87876 # 1 # ID=15_58;partial=00;start_type=ATG;rbs_motif=GGA/GAG/AGG;rbs_spacer=5-10bp;gc_cont=0.643
NODE_8_length_212180_cov_40.901892_48  -            470 14552at72274         -            324    0.0003   18.5   0.0   1   1   2.4e-06   0.00062   17.5   0.0   138   266   249   378   232   410 0.69 # 62162 # 63571 # -1 # ID=8_48;partial=00;start_type=ATG;rbs_motif=GGA/GAG/AGG;rbs_spacer=5-10bp;gc_cont=0.624
NODE_26_length_94916_cov_39.557851_24  -            404 14552at72274         -            324   0.00069   17.4   0.1   1   2   8.9e-06    0.0023   15.6   0.0   120   178   147   205   137   217 0.86 # 28637 # 29848 # 1 # ID=26_24;partial=00;start_type=ATG;rbs_motif=AGGAG;rbs_spacer=5-10bp;gc_cont=0.631
NODE_26_length_94916_cov_39.557851_24  -            404 14552at72274         -            324   0.00069   17.4   0.1   2   2       2.3     6e+02   -2.2   0.0    40    82   294   337   275   342 0.66 # 28637 # 29848 # 1 # ID=26_24;partial=00;start_type=ATG;rbs_motif=AGGAG;rbs_spacer=5-10bp;gc_cont=0.631
NODE_22_length_100940_cov_39.393722_64 -            389 14552at72274         -            324   0.00094   16.9   0.0   1   1     7e-06    0.0018   16.0   0.0   118   269   138   293    46   320 0.63 # 66367 # 67533 # 1 # ID=22_64;partial=00;start_type=ATG;rbs_motif=None;rbs_spacer=None;gc_cont=0.622
#
# Program:         hmmsearch
# Version:         3.1b2 (February 2015)
# Pipeline mode:   SEARCH
# Query file:      /data2/PEG/hoaxaca/REAA/Pseudomonas/bin/busco_downloads/lineages/pseudomonadales_odb10/hmms/14552at72274.hmm
# Target file:     /data2/PEG/hoaxaca/REAA/Pseudomonas/bin/../out/busco/trim_def.spades_def/prodigal_output/predicted_genes/predicted.faa
# Option settings: hmmsearch --domtblout /data2/PEG/hoaxaca/REAA/Pseudomonas/bin/../out/busco/trim_def.spades_def/run_pseudomonadales_odb10/hmmer_output/14552at72274.out --cpu 1 /data2/PEG/hoaxaca/REAA/Pseudomonas/bin/busco_downloads/lineages/pseudomonadales_odb10/hmms/14552at72274.hmm /data2/PEG/hoaxaca/REAA/Pseudomonas/bin/../out/busco/trim_def.spades_def/prodigal_output/predicted_genes/predicted.faa 
# Current dir:     /data2/PEG/hoaxaca/REAA/Pseudomonas/bin
# Date:            Mon Feb 20 00:37:49 2023
# [ok]
