#                                                                                             --- full sequence --- -------------- this domain -------------   hmm coord   ali coord   env coord
# target name                         accession   tlen query name           accession   qlen   E-value  score  bias   #  of  c-Evalue  i-Evalue  score  bias  from    to  from    to  from    to  acc description of target
#                 ------------------- ---------- ----- -------------------- ---------- ----- --------- ------ ----- --- --- --------- --------- ------ ----- ----- ----- ----- ----- ----- ----- ---- ---------------------
NODE_37_length_54602_cov_40.796332_17 -            463 16555at72274         -            398  8.6e-215  711.6   0.0   1   1  7.9e-218  1.3e-214  711.0   0.0     3   398    14   459     2   459 0.91 # 21265 # 22653 # 1 # ID=37_17;partial=00;start_type=GTG;rbs_motif=AGGA;rbs_spacer=5-10bp;gc_cont=0.608
NODE_29_length_79520_cov_41.135065_37 -            944 16555at72274         -            398   4.8e-08   30.9   0.0   1   2     0.017        27    2.0   0.0    25    53    64    92    60    96 0.94 # 33562 # 36393 # -1 # ID=29_37;partial=00;start_type=ATG;rbs_motif=GGA/GAG/AGG;rbs_spacer=5-10bp;gc_cont=0.609
NODE_29_length_79520_cov_41.135065_37 -            944 16555at72274         -            398   4.8e-08   30.9   0.0   2   2   7.1e-10   1.1e-06   26.3   0.0   225   303   590   668   532   685 0.81 # 33562 # 36393 # -1 # ID=29_37;partial=00;start_type=ATG;rbs_motif=GGA/GAG/AGG;rbs_spacer=5-10bp;gc_cont=0.609
NODE_46_length_38784_cov_43.540910_5  -            684 16555at72274         -            398     6e-07   27.2   0.0   1   2   0.00054      0.86    7.0   0.0    25    83    20    81    13    90 0.89 # 5862 # 7913 # 1 # ID=46_5;partial=00;start_type=ATG;rbs_motif=AGxAG;rbs_spacer=5-10bp;gc_cont=0.607
NODE_46_length_38784_cov_43.540910_5  -            684 16555at72274         -            398     6e-07   27.2   0.0   2   2   2.5e-07    0.0004   17.9   0.0   234   273   322   361   306   380 0.88 # 5862 # 7913 # 1 # ID=46_5;partial=00;start_type=ATG;rbs_motif=AGxAG;rbs_spacer=5-10bp;gc_cont=0.607
NODE_25_length_96887_cov_39.464239_48 -            869 16555at72274         -            398      0.02   12.3   0.0   1   2     0.046        73    0.6   0.0    25    50    48    73    26    75 0.75 # 47811 # 50417 # -1 # ID=25_48;partial=00;start_type=ATG;rbs_motif=None;rbs_spacer=None;gc_cont=0.613
NODE_25_length_96887_cov_39.464239_48 -            869 16555at72274         -            398      0.02   12.3   0.0   2   2   0.00011      0.18    9.2   0.0   241   299   625   684   608   754 0.82 # 47811 # 50417 # -1 # ID=25_48;partial=00;start_type=ATG;rbs_motif=None;rbs_spacer=None;gc_cont=0.613
#
# Program:         hmmsearch
# Version:         3.1b2 (February 2015)
# Pipeline mode:   SEARCH
# Query file:      /data2/PEG/hoaxaca/REAA/Pseudomonas/bin/busco_downloads/lineages/pseudomonadales_odb10/hmms/16555at72274.hmm
# Target file:     /data2/PEG/hoaxaca/REAA/Pseudomonas/bin/../out/busco/trim_def.spades_def/prodigal_output/predicted_genes/predicted.faa
# Option settings: hmmsearch --domtblout /data2/PEG/hoaxaca/REAA/Pseudomonas/bin/../out/busco/trim_def.spades_def/run_pseudomonadales_odb10/hmmer_output/16555at72274.out --cpu 1 /data2/PEG/hoaxaca/REAA/Pseudomonas/bin/busco_downloads/lineages/pseudomonadales_odb10/hmms/16555at72274.hmm /data2/PEG/hoaxaca/REAA/Pseudomonas/bin/../out/busco/trim_def.spades_def/prodigal_output/predicted_genes/predicted.faa 
# Current dir:     /data2/PEG/hoaxaca/REAA/Pseudomonas/bin
# Date:            Mon Feb 20 00:37:51 2023
# [ok]
