#                                                                                               --- full sequence --- -------------- this domain -------------   hmm coord   ali coord   env coord
# target name                           accession   tlen query name           accession   qlen   E-value  score  bias   #  of  c-Evalue  i-Evalue  score  bias  from    to  from    to  from    to  acc description of target
#                   ------------------- ---------- ----- -------------------- ---------- ----- --------- ------ ----- --- --- --------- --------- ------ ----- ----- ----- ----- ----- ----- ----- ---- ---------------------
NODE_23_length_98846_cov_42.042361_46   -            465 18777at72274         -            384  7.6e-175  579.9  39.7   1   1  3.2e-176  8.5e-174  576.4  39.7     1   383     9   451     9   452 0.91 # 38693 # 40087 # 1 # ID=23_46;partial=00;start_type=ATG;rbs_motif=GGAG/GAGG;rbs_spacer=5-10bp;gc_cont=0.611
NODE_30_length_78582_cov_40.477600_37   -            402 18777at72274         -            384   8.1e-17   59.7  14.2   1   1     3e-19   8.1e-17   59.7  14.2    11   172    11   177     1   192 0.86 # 37038 # 38243 # 1 # ID=30_37;partial=00;start_type=ATG;rbs_motif=GGA/GAG/AGG;rbs_spacer=5-10bp;gc_cont=0.624
NODE_20_length_107058_cov_41.325310_57  -            510 18777at72274         -            384   1.3e-12   45.8   5.8   1   1   4.9e-15   1.3e-12   45.8   5.8    13   177    14   187     1   212 0.80 # 57303 # 58832 # -1 # ID=20_57;partial=00;start_type=ATG;rbs_motif=3Base/5BMM;rbs_spacer=13-15bp;gc_cont=0.642
NODE_5_length_234169_cov_39.920501_91   -            398 18777at72274         -            384   4.3e-12   44.1   7.6   1   2   1.6e-14   4.3e-12   44.1   7.6    14   180    13   181     5   214 0.91 # 94681 # 95874 # -1 # ID=5_91;partial=00;start_type=ATG;rbs_motif=GGA/GAG/AGG;rbs_spacer=5-10bp;gc_cont=0.621
NODE_5_length_234169_cov_39.920501_91   -            398 18777at72274         -            384   4.3e-12   44.1   7.6   2   2       1.3   3.6e+02   -1.7   2.6   141   213   287   363   255   377 0.56 # 94681 # 95874 # -1 # ID=5_91;partial=00;start_type=ATG;rbs_motif=GGA/GAG/AGG;rbs_spacer=5-10bp;gc_cont=0.621
NODE_4_length_235494_cov_42.023962_187  -            503 18777at72274         -            384   1.8e-09   35.5  13.6   1   2   6.7e-12   1.8e-09   35.5  13.6    45   205    58   222    17   256 0.73 # 208520 # 210028 # 1 # ID=4_187;partial=00;start_type=ATG;rbs_motif=AGGA;rbs_spacer=5-10bp;gc_cont=0.657
NODE_4_length_235494_cov_42.023962_187  -            503 18777at72274         -            384   1.8e-09   35.5  13.6   2   2      0.16        43    1.3   8.2    27   183   296   448   281   465 0.71 # 208520 # 210028 # 1 # ID=4_187;partial=00;start_type=ATG;rbs_motif=AGGA;rbs_spacer=5-10bp;gc_cont=0.657
NODE_10_length_205580_cov_40.760213_144 -            409 18777at72274         -            384   2.1e-09   35.3  36.5   1   3   1.3e-11   3.4e-09   34.6  13.7    49   167    50   173    10   191 0.84 # 134263 # 135489 # -1 # ID=10_144;partial=00;start_type=ATG;rbs_motif=AGGAG;rbs_spacer=5-10bp;gc_cont=0.659
NODE_10_length_205580_cov_40.760213_144 -            409 18777at72274         -            384   2.1e-09   35.3  36.5   2   3     0.001      0.27    8.6  11.9    10   141   212   346   204   373 0.69 # 134263 # 135489 # -1 # ID=10_144;partial=00;start_type=ATG;rbs_motif=AGGAG;rbs_spacer=5-10bp;gc_cont=0.659
NODE_10_length_205580_cov_40.760213_144 -            409 18777at72274         -            384   2.1e-09   35.3  36.5   3   3       1.6   4.3e+02   -1.9   1.8    37   152   366   406   300   408 0.55 # 134263 # 135489 # -1 # ID=10_144;partial=00;start_type=ATG;rbs_motif=AGGAG;rbs_spacer=5-10bp;gc_cont=0.659
NODE_59_length_25054_cov_40.417664_2    -            398 18777at72274         -            384   4.1e-08   31.0   8.6   1   1   1.5e-10   4.1e-08   31.0   8.6    28   168    30   173     9   189 0.79 # 751 # 1944 # 1 # ID=59_2;partial=00;start_type=ATG;rbs_motif=GGAG/GAGG;rbs_spacer=5-10bp;gc_cont=0.638
NODE_39_length_50826_cov_44.652013_6    -            377 18777at72274         -            384   1.9e-07   28.8  11.9   1   2   7.3e-10   1.9e-07   28.8  11.9    17   170    15   173     4   243 0.87 # 7293 # 8423 # -1 # ID=39_6;partial=00;start_type=ATG;rbs_motif=GGA/GAG/AGG;rbs_spacer=5-10bp;gc_cont=0.646
NODE_39_length_50826_cov_44.652013_6    -            377 18777at72274         -            384   1.9e-07   28.8  11.9   2   2     0.095        25    2.1   0.9   219   276   288   348   271   362 0.73 # 7293 # 8423 # -1 # ID=39_6;partial=00;start_type=ATG;rbs_motif=GGA/GAG/AGG;rbs_spacer=5-10bp;gc_cont=0.646
NODE_1_length_774295_cov_40.668278_571  -            476 18777at72274         -            384   4.1e-07   27.8   9.3   1   2   6.2e-09   1.7e-06   25.7   4.0    46   109    53   116    21   127 0.86 # 606286 # 607713 # -1 # ID=1_571;partial=00;start_type=ATG;rbs_motif=GGA/GAG/AGG;rbs_spacer=5-10bp;gc_cont=0.645
NODE_1_length_774295_cov_40.668278_571  -            476 18777at72274         -            384   4.1e-07   27.8   9.3   2   2     0.032       8.5    3.6   0.3   299   336   137   173   124   185 0.75 # 606286 # 607713 # -1 # ID=1_571;partial=00;start_type=ATG;rbs_motif=GGA/GAG/AGG;rbs_spacer=5-10bp;gc_cont=0.645
NODE_41_length_49221_cov_40.613381_38   -            425 18777at72274         -            384     7e-07   27.0   4.4   1   2   2.6e-09     7e-07   27.0   4.4    56   176    69   190    20   204 0.82 # 36199 # 37473 # 1 # ID=41_38;partial=00;start_type=ATG;rbs_motif=GGA/GAG/AGG;rbs_spacer=5-10bp;gc_cont=0.617
NODE_41_length_49221_cov_40.613381_38   -            425 18777at72274         -            384     7e-07   27.0   4.4   2   2      0.23        62    0.8   3.1   242   318   291   368   272   389 0.62 # 36199 # 37473 # 1 # ID=41_38;partial=00;start_type=ATG;rbs_motif=GGA/GAG/AGG;rbs_spacer=5-10bp;gc_cont=0.617
NODE_1_length_774295_cov_40.668278_461  -            400 18777at72274         -            384   1.1e-06   26.4  24.6   1   1   8.6e-09   2.3e-06   25.3  24.6    25   332    38   369    14   394 0.76 # 498392 # 499591 # -1 # ID=1_461;partial=00;start_type=ATG;rbs_motif=GGA/GAG/AGG;rbs_spacer=5-10bp;gc_cont=0.591
NODE_80_length_10455_cov_36.643958_2    -            455 18777at72274         -            384   7.7e-06   23.5  10.3   1   4   2.9e-08   7.7e-06   23.5  10.3    34   150    42   156    10   182 0.74 # 1334 # 2698 # -1 # ID=80_2;partial=00;start_type=ATG;rbs_motif=GGA/GAG/AGG;rbs_spacer=5-10bp;gc_cont=0.662
NODE_80_length_10455_cov_36.643958_2    -            455 18777at72274         -            384   7.7e-06   23.5  10.3   2   4       1.1     3e+02   -1.5   1.3    43   100   173   236   162   245 0.57 # 1334 # 2698 # -1 # ID=80_2;partial=00;start_type=ATG;rbs_motif=GGA/GAG/AGG;rbs_spacer=5-10bp;gc_cont=0.662
NODE_80_length_10455_cov_36.643958_2    -            455 18777at72274         -            384   7.7e-06   23.5  10.3   3   4      0.37     1e+02    0.1   7.0    10   101   270   361   264   373 0.78 # 1334 # 2698 # -1 # ID=80_2;partial=00;start_type=ATG;rbs_motif=GGA/GAG/AGG;rbs_spacer=5-10bp;gc_cont=0.662
NODE_80_length_10455_cov_36.643958_2    -            455 18777at72274         -            384   7.7e-06   23.5  10.3   4   4     0.016       4.4    4.6   0.8   289   320   382   413   370   428 0.85 # 1334 # 2698 # -1 # ID=80_2;partial=00;start_type=ATG;rbs_motif=GGA/GAG/AGG;rbs_spacer=5-10bp;gc_cont=0.662
NODE_27_length_94833_cov_38.807105_4    -            396 18777at72274         -            384   4.3e-05   21.1  24.4   1   1   2.5e-07   6.6e-05   20.5  23.9    18   172    16   175     1   353 0.87 # 2357 # 3544 # -1 # ID=27_4;partial=00;start_type=TTG;rbs_motif=AGGA/GGAG/GAGG;rbs_spacer=11-12bp;gc_cont=0.640
NODE_1_length_774295_cov_40.668278_84   -            435 18777at72274         -            384   4.7e-05   21.0   3.7   1   2   4.9e-07   0.00013   19.5   1.7    38   107    52   121    42   135 0.91 # 82333 # 83637 # -1 # ID=1_84;partial=00;start_type=ATG;rbs_motif=GGAG/GAGG;rbs_spacer=5-10bp;gc_cont=0.608
NODE_1_length_774295_cov_40.668278_84   -            435 18777at72274         -            384   4.7e-05   21.0   3.7   2   2    0.0006      0.16    9.3   0.0   293   316   138   161   129   182 0.75 # 82333 # 83637 # -1 # ID=1_84;partial=00;start_type=ATG;rbs_motif=GGAG/GAGG;rbs_spacer=5-10bp;gc_cont=0.608
NODE_7_length_212511_cov_40.209209_18   -            398 18777at72274         -            384     5e-05   20.9  17.7   1   1   1.9e-07     5e-05   20.9  17.7    10   169     7   171     1   364 0.81 # 16340 # 17533 # -1 # ID=7_18;partial=00;start_type=ATG;rbs_motif=None;rbs_spacer=None;gc_cont=0.647
NODE_49_length_37565_cov_42.569702_26   -            480 18777at72274         -            384     5e-05   20.9   9.2   1   2   1.9e-07     5e-05   20.9   9.2    25   175    39   197    18   203 0.76 # 29434 # 30873 # -1 # ID=49_26;partial=00;start_type=TTG;rbs_motif=None;rbs_spacer=None;gc_cont=0.640
NODE_49_length_37565_cov_42.569702_26   -            480 18777at72274         -            384     5e-05   20.9   9.2   2   2      0.79   2.1e+02   -0.9   4.5    86   150   356   424   306   458 0.63 # 29434 # 30873 # -1 # ID=49_26;partial=00;start_type=TTG;rbs_motif=None;rbs_spacer=None;gc_cont=0.640
NODE_27_length_94833_cov_38.807105_98   -            485 18777at72274         -            384   6.1e-05   20.6  14.2   1   1   2.3e-07   6.1e-05   20.6  14.2    56   161    43   146    13   336 0.68 # 93285 # 94739 # 1 # ID=27_98;partial=00;start_type=ATG;rbs_motif=None;rbs_spacer=None;gc_cont=0.624
NODE_20_length_107058_cov_41.325310_34  -            522 18777at72274         -            384   0.00027   18.4  22.2   1   3   2.9e-05    0.0077   13.7   9.4    55   176    62   188     9   215 0.82 # 31217 # 32782 # -1 # ID=20_34;partial=00;start_type=ATG;rbs_motif=GGA/GAG/AGG;rbs_spacer=5-10bp;gc_cont=0.625
NODE_20_length_107058_cov_41.325310_34  -            522 18777at72274         -            384   0.00027   18.4  22.2   2   3   9.5e-05     0.025   12.0   2.2    10    84   272   348   265   352 0.82 # 31217 # 32782 # -1 # ID=20_34;partial=00;start_type=ATG;rbs_motif=GGA/GAG/AGG;rbs_spacer=5-10bp;gc_cont=0.625
NODE_20_length_107058_cov_41.325310_34  -            522 18777at72274         -            384   0.00027   18.4  22.2   3   3       1.1     3e+02   -1.4   0.0   120   153   475   508   454   511 0.72 # 31217 # 32782 # -1 # ID=20_34;partial=00;start_type=ATG;rbs_motif=GGA/GAG/AGG;rbs_spacer=5-10bp;gc_cont=0.625
NODE_19_length_115842_cov_39.764117_58  -            470 18777at72274         -            384   0.00036   18.0   5.1   1   2   1.4e-06   0.00036   18.0   5.1    62   162    96   203    72   221 0.75 # 55943 # 57352 # -1 # ID=19_58;partial=00;start_type=ATG;rbs_motif=GGA/GAG/AGG;rbs_spacer=5-10bp;gc_cont=0.618
NODE_19_length_115842_cov_39.764117_58  -            470 18777at72274         -            384   0.00036   18.0   5.1   2   2      0.32        86    0.3   1.1    89   269   364   374   318   457 0.57 # 55943 # 57352 # -1 # ID=19_58;partial=00;start_type=ATG;rbs_motif=GGA/GAG/AGG;rbs_spacer=5-10bp;gc_cont=0.618
NODE_40_length_49493_cov_41.551603_17   -            434 18777at72274         -            384     0.001   16.5   3.2   1   3   3.9e-06     0.001   16.5   3.2    62   109    89   136    43   214 0.83 # 15928 # 17229 # 1 # ID=40_17;partial=00;start_type=ATG;rbs_motif=GGAGG;rbs_spacer=5-10bp;gc_cont=0.626
NODE_40_length_49493_cov_41.551603_17   -            434 18777at72274         -            384     0.001   16.5   3.2   2   3       2.8   7.6e+02   -2.8   2.1    98   164   247   314   238   326 0.65 # 15928 # 17229 # 1 # ID=40_17;partial=00;start_type=ATG;rbs_motif=GGAGG;rbs_spacer=5-10bp;gc_cont=0.626
NODE_40_length_49493_cov_41.551603_17   -            434 18777at72274         -            384     0.001   16.5   3.2   3   3       0.4   1.1e+02    0.0   0.5   278   322   350   395   327   425 0.71 # 15928 # 17229 # 1 # ID=40_17;partial=00;start_type=ATG;rbs_motif=GGAGG;rbs_spacer=5-10bp;gc_cont=0.626
NODE_13_length_139524_cov_40.570575_38  -            393 18777at72274         -            384      0.09   10.2  35.1   1   1     0.003       0.8    7.0  35.1    29   324    43   363    14   391 0.65 # 41635 # 42813 # 1 # ID=13_38;partial=00;start_type=ATG;rbs_motif=GGAG/GAGG;rbs_spacer=5-10bp;gc_cont=0.639
NODE_3_length_236953_cov_41.991401_66   -            385 18777at72274         -            384     0.098   10.0  26.6   1   1    0.0033      0.88    6.9  26.1    24   170    20   168     9   348 0.87 # 67370 # 68524 # -1 # ID=3_66;partial=00;start_type=ATG;rbs_motif=GGAG/GAGG;rbs_spacer=5-10bp;gc_cont=0.633
NODE_13_length_139524_cov_40.570575_23  -            438 18777at72274         -            384       1.3    6.3  27.9   1   3   7.1e-05     0.019   12.4   2.1    49   106    58   115    50   121 0.86 # 23267 # 24580 # -1 # ID=13_23;partial=00;start_type=ATG;rbs_motif=AGGA/GGAG/GAGG;rbs_spacer=11-12bp;gc_cont=0.639
NODE_13_length_139524_cov_40.570575_23  -            438 18777at72274         -            384       1.3    6.3  27.9   2   3     0.032       8.6    3.6   0.4   293   346   133   186   123   200 0.85 # 23267 # 24580 # -1 # ID=13_23;partial=00;start_type=ATG;rbs_motif=AGGA/GGAG/GAGG;rbs_spacer=11-12bp;gc_cont=0.639
NODE_13_length_139524_cov_40.570575_23  -            438 18777at72274         -            384       1.3    6.3  27.9   3   3      0.47   1.2e+02   -0.2  11.6   258   331   313   395   222   411 0.68 # 23267 # 24580 # -1 # ID=13_23;partial=00;start_type=ATG;rbs_motif=AGGA/GGAG/GAGG;rbs_spacer=11-12bp;gc_cont=0.639
NODE_23_length_98846_cov_42.042361_70   -            401 18777at72274         -            384       2.1    5.6  31.9   1   1   0.00091      0.24    8.7  24.7    23   246    19   257     4   285 0.70 # 65412 # 66614 # -1 # ID=23_70;partial=00;start_type=ATG;rbs_motif=GGAG/GAGG;rbs_spacer=5-10bp;gc_cont=0.641
#
# Program:         hmmsearch
# Version:         3.1b2 (February 2015)
# Pipeline mode:   SEARCH
# Query file:      /data2/PEG/hoaxaca/REAA/Pseudomonas/bin/busco_downloads/lineages/pseudomonadales_odb10/hmms/18777at72274.hmm
# Target file:     /data2/PEG/hoaxaca/REAA/Pseudomonas/bin/../out/busco/trim_def.spades_def/prodigal_output/predicted_genes/predicted.faa
# Option settings: hmmsearch --domtblout /data2/PEG/hoaxaca/REAA/Pseudomonas/bin/../out/busco/trim_def.spades_def/run_pseudomonadales_odb10/hmmer_output/18777at72274.out --cpu 1 /data2/PEG/hoaxaca/REAA/Pseudomonas/bin/busco_downloads/lineages/pseudomonadales_odb10/hmms/18777at72274.hmm /data2/PEG/hoaxaca/REAA/Pseudomonas/bin/../out/busco/trim_def.spades_def/prodigal_output/predicted_genes/predicted.faa 
# Current dir:     /data2/PEG/hoaxaca/REAA/Pseudomonas/bin
# Date:            Mon Feb 20 00:37:54 2023
# [ok]
