#                                                                                               --- full sequence --- -------------- this domain -------------   hmm coord   ali coord   env coord
# target name                           accession   tlen query name           accession   qlen   E-value  score  bias   #  of  c-Evalue  i-Evalue  score  bias  from    to  from    to  from    to  acc description of target
#                   ------------------- ---------- ----- -------------------- ---------- ----- --------- ------ ----- --- --- --------- --------- ------ ----- ----- ----- ----- ----- ----- ----- ---- ---------------------
NODE_2_length_306509_cov_40.847444_227  -            550 18974at72274         -            424  1.4e-200  665.1  17.8   1   3   2.8e-35   1.2e-32  111.8   1.2     1    73     5    77     5    88 0.96 # 255300 # 256949 # -1 # ID=2_227;partial=00;start_type=GTG;rbs_motif=AGGAG;rbs_spacer=5-10bp;gc_cont=0.632
NODE_2_length_306509_cov_40.847444_227  -            550 18974at72274         -            424  1.4e-200  665.1  17.8   2   3   1.7e-32   7.2e-30  102.6   3.0    72   164   121   215   117   221 0.89 # 255300 # 256949 # -1 # ID=2_227;partial=00;start_type=GTG;rbs_motif=AGGAG;rbs_spacer=5-10bp;gc_cont=0.632
NODE_2_length_306509_cov_40.847444_227  -            550 18974at72274         -            424  1.4e-200  665.1  17.8   3   3  5.1e-141  2.2e-138  460.2   0.5   147   424   237   549   227   549 0.90 # 255300 # 256949 # -1 # ID=2_227;partial=00;start_type=GTG;rbs_motif=AGGAG;rbs_spacer=5-10bp;gc_cont=0.632
NODE_15_length_126463_cov_41.060782_12  -            428 18974at72274         -            424   2.9e-64  216.0  11.1   1   1   1.4e-65     6e-63  211.6  11.1     1   417     6   419     6   426 0.83 # 11641 # 12924 # 1 # ID=15_12;partial=00;start_type=ATG;rbs_motif=GGAGG;rbs_spacer=5-10bp;gc_cont=0.643
NODE_17_length_120857_cov_41.802923_23  -            414 18974at72274         -            424   5.2e-58  195.4  11.7   1   2   1.2e-06   0.00052   17.5   2.5    84   161    18    95     3   102 0.66 # 27937 # 29178 # -1 # ID=17_23;partial=00;start_type=ATG;rbs_motif=AGGA;rbs_spacer=5-10bp;gc_cont=0.606
NODE_17_length_120857_cov_41.802923_23  -            414 18974at72274         -            424   5.2e-58  195.4  11.7   2   2   1.6e-56   6.7e-54  181.8   2.9   147   424   104   411    96   411 0.82 # 27937 # 29178 # -1 # ID=17_23;partial=00;start_type=ATG;rbs_motif=AGGA;rbs_spacer=5-10bp;gc_cont=0.606
NODE_1_length_774295_cov_40.668278_185  -            603 18974at72274         -            424   7.6e-10   36.7   1.7   1   1   2.6e-12   1.1e-09   36.1   1.7    11    71   541   601   536   602 0.97 # 196616 # 198424 # 1 # ID=1_185;partial=00;start_type=ATG;rbs_motif=GGAG/GAGG;rbs_spacer=5-10bp;gc_cont=0.614
NODE_13_length_139524_cov_40.570575_5   -            646 18974at72274         -            424   1.5e-09   35.7   0.3   1   1   6.5e-12   2.8e-09   34.8   0.3    10    73   581   644   577   645 0.93 # 5525 # 7462 # 1 # ID=13_5;partial=00;start_type=ATG;rbs_motif=AGGAG;rbs_spacer=5-10bp;gc_cont=0.646
NODE_7_length_212511_cov_40.209209_60   -            154 18974at72274         -            424   1.9e-05   22.2   0.0   1   1   5.7e-08   2.4e-05   21.8   0.0    15    68    97   150    80   153 0.82 # 59906 # 60367 # 1 # ID=7_60;partial=00;start_type=ATG;rbs_motif=GGAG/GAGG;rbs_spacer=5-10bp;gc_cont=0.574
NODE_27_length_94833_cov_38.807105_22   -           1254 18974at72274         -            424     2e-05   22.1   0.1   1   1   6.7e-08   2.9e-05   21.6   0.1    11    73  1189  1251  1180  1253 0.72 # 18535 # 22296 # -1 # ID=27_22;partial=00;start_type=ATG;rbs_motif=None;rbs_spacer=None;gc_cont=0.631
NODE_62_length_22563_cov_46.448768_9    -            645 18974at72274         -            424   3.6e-05   21.3   0.6   1   1   1.2e-07   5.3e-05   20.7   0.6    10    71   583   644   578   644 0.89 # 9987 # 11921 # 1 # ID=62_9;partial=00;start_type=ATG;rbs_motif=AGGA;rbs_spacer=5-10bp;gc_cont=0.639
NODE_15_length_126463_cov_41.060782_28  -            389 18974at72274         -            424   0.00019   18.9   1.4   1   2   7.3e-07   0.00031   18.2   0.4    39   127    61   146    38   183 0.70 # 27447 # 28613 # 1 # ID=15_28;partial=00;start_type=ATG;rbs_motif=GGA/GAG/AGG;rbs_spacer=5-10bp;gc_cont=0.620
NODE_15_length_126463_cov_41.060782_28  -            389 18974at72274         -            424   0.00019   18.9   1.4   2   2       1.2   5.2e+02   -2.3   0.0    39    67   350   378   298   381 0.62 # 27447 # 28613 # 1 # ID=15_28;partial=00;start_type=ATG;rbs_motif=GGA/GAG/AGG;rbs_spacer=5-10bp;gc_cont=0.620
NODE_39_length_50826_cov_44.652013_24   -            374 18974at72274         -            424   0.00047   17.6   1.5   1   3   1.8e-06   0.00076   16.9   0.1    39    90    50   100    26   123 0.83 # 24168 # 25289 # -1 # ID=39_24;partial=00;start_type=ATG;rbs_motif=None;rbs_spacer=None;gc_cont=0.637
NODE_39_length_50826_cov_44.652013_24   -            374 18974at72274         -            424   0.00047   17.6   1.5   2   3       3.2   1.4e+03   -3.7   0.0    31    46   298   313   292   317 0.65 # 24168 # 25289 # -1 # ID=39_24;partial=00;start_type=ATG;rbs_motif=None;rbs_spacer=None;gc_cont=0.637
NODE_39_length_50826_cov_44.652013_24   -            374 18974at72274         -            424   0.00047   17.6   1.5   3   3       1.2   5.1e+02   -2.3   0.1    45    68   339   362   324   367 0.73 # 24168 # 25289 # -1 # ID=39_24;partial=00;start_type=ATG;rbs_motif=None;rbs_spacer=None;gc_cont=0.637
NODE_16_length_124183_cov_40.602864_106 -            373 18974at72274         -            424    0.0014   16.0   0.1   1   2   6.8e-06    0.0029   15.0   0.0   107   149    70   111    53   149 0.70 # 99543 # 100661 # -1 # ID=16_106;partial=00;start_type=ATG;rbs_motif=AGGAG;rbs_spacer=5-10bp;gc_cont=0.637
NODE_16_length_124183_cov_40.602864_106 -            373 18974at72274         -            424    0.0014   16.0   0.1   2   2       2.6   1.1e+03   -3.4   0.0    42    70   185   213   182   249 0.69 # 99543 # 100661 # -1 # ID=16_106;partial=00;start_type=ATG;rbs_motif=AGGAG;rbs_spacer=5-10bp;gc_cont=0.637
NODE_63_length_21618_cov_40.660833_21   -            349 18974at72274         -            424    0.0095   13.3   0.6   1   2   0.00017     0.072   10.4   0.3    82   145    54   119    36   169 0.77 # 18518 # 19564 # -1 # ID=63_21;partial=00;start_type=ATG;rbs_motif=None;rbs_spacer=None;gc_cont=0.632
NODE_63_length_21618_cov_40.660833_21   -            349 18974at72274         -            424    0.0095   13.3   0.6   2   2      0.11        45    1.2   0.0   105   144   204   243   177   261 0.61 # 18518 # 19564 # -1 # ID=63_21;partial=00;start_type=ATG;rbs_motif=None;rbs_spacer=None;gc_cont=0.632
NODE_1_length_774295_cov_40.668278_385  -            128 18974at72274         -            424    0.0097   13.2   0.0   1   1   2.3e-05    0.0098   13.2   0.0    79   126    36    82    13   113 0.76 # 418011 # 418394 # 1 # ID=1_385;partial=00;start_type=ATG;rbs_motif=GGAG/GAGG;rbs_spacer=5-10bp;gc_cont=0.596
NODE_7_length_212511_cov_40.209209_78   -            384 18974at72274         -            424     0.011   13.1   0.1   1   2    0.0007       0.3    8.4   0.2    39   105    75   138    65   171 0.62 # 83151 # 84302 # -1 # ID=7_78;partial=00;start_type=ATG;rbs_motif=AGGA;rbs_spacer=5-10bp;gc_cont=0.639
NODE_7_length_212511_cov_40.209209_78   -            384 18974at72274         -            424     0.011   13.1   0.1   2   2     0.029        12    3.0   0.0    39    74   169   204   154   233 0.71 # 83151 # 84302 # -1 # ID=7_78;partial=00;start_type=ATG;rbs_motif=AGGA;rbs_spacer=5-10bp;gc_cont=0.639
NODE_6_length_229612_cov_40.410704_141  -            445 18974at72274         -            424     0.036   11.4   0.0   1   2    0.0014       0.6    7.4   0.0    44    74    70   100    52   132 0.76 # 180218 # 181552 # -1 # ID=6_141;partial=00;start_type=ATG;rbs_motif=AGGA;rbs_spacer=5-10bp;gc_cont=0.641
NODE_6_length_229612_cov_40.410704_141  -            445 18974at72274         -            424     0.036   11.4   0.0   2   2     0.067        29    1.8   0.0    35    82   289   337   270   371 0.71 # 180218 # 181552 # -1 # ID=6_141;partial=00;start_type=ATG;rbs_motif=AGGA;rbs_spacer=5-10bp;gc_cont=0.641
#
# Program:         hmmsearch
# Version:         3.1b2 (February 2015)
# Pipeline mode:   SEARCH
# Query file:      /data2/PEG/hoaxaca/REAA/Pseudomonas/bin/busco_downloads/lineages/pseudomonadales_odb10/hmms/18974at72274.hmm
# Target file:     /data2/PEG/hoaxaca/REAA/Pseudomonas/bin/../out/busco/trim_def.spades_def/prodigal_output/predicted_genes/predicted.faa
# Option settings: hmmsearch --domtblout /data2/PEG/hoaxaca/REAA/Pseudomonas/bin/../out/busco/trim_def.spades_def/run_pseudomonadales_odb10/hmmer_output/18974at72274.out --cpu 1 /data2/PEG/hoaxaca/REAA/Pseudomonas/bin/busco_downloads/lineages/pseudomonadales_odb10/hmms/18974at72274.hmm /data2/PEG/hoaxaca/REAA/Pseudomonas/bin/../out/busco/trim_def.spades_def/prodigal_output/predicted_genes/predicted.faa 
# Current dir:     /data2/PEG/hoaxaca/REAA/Pseudomonas/bin
# Date:            Mon Feb 20 00:37:54 2023
# [ok]
