#                                                                                              --- full sequence --- -------------- this domain -------------   hmm coord   ali coord   env coord
# target name                          accession   tlen query name           accession   qlen   E-value  score  bias   #  of  c-Evalue  i-Evalue  score  bias  from    to  from    to  from    to  acc description of target
#                  ------------------- ---------- ----- -------------------- ---------- ----- --------- ------ ----- --- --- --------- --------- ------ ----- ----- ----- ----- ----- ----- ----- ---- ---------------------
NODE_5_length_234169_cov_39.920501_192 -           1163 20685at72274         -            884         0 1128.6 101.0   1   4  5.6e-182    6e-179  595.6  34.7     1   426     1   555     1   562 0.88 # 207126 # 210614 # -1 # ID=5_192;partial=00;start_type=GTG;rbs_motif=GGA/GAG/AGG;rbs_spacer=5-10bp;gc_cont=0.620
NODE_5_length_234169_cov_39.920501_192 -           1163 20685at72274         -            884         0 1128.6 101.0   2   4   2.4e-08   2.5e-05   21.1   3.3   429   528   596   698   570   705 0.61 # 207126 # 210614 # -1 # ID=5_192;partial=00;start_type=GTG;rbs_motif=GGA/GAG/AGG;rbs_spacer=5-10bp;gc_cont=0.620
NODE_5_length_234169_cov_39.920501_192 -           1163 20685at72274         -            884         0 1128.6 101.0   3   4   9.3e-23   9.9e-20   68.8  49.6   480   673   688   915   674   925 0.75 # 207126 # 210614 # -1 # ID=5_192;partial=00;start_type=GTG;rbs_motif=GGA/GAG/AGG;rbs_spacer=5-10bp;gc_cont=0.620
NODE_5_length_234169_cov_39.920501_192 -           1163 20685at72274         -            884         0 1128.6 101.0   4   4  1.4e-135  1.5e-132  442.0   1.7   666   884   936  1158   912  1158 0.93 # 207126 # 210614 # -1 # ID=5_192;partial=00;start_type=GTG;rbs_motif=GGA/GAG/AGG;rbs_spacer=5-10bp;gc_cont=0.620
NODE_24_length_96940_cov_41.008920_13  -            260 20685at72274         -            884   4.2e-05   20.4   0.0   1   2   3.5e-05     0.037   10.6   0.0    24    40    38    54    33    60 0.88 # 19097 # 19876 # 1 # ID=24_13;partial=00;start_type=ATG;rbs_motif=GGA/GAG/AGG;rbs_spacer=5-10bp;gc_cont=0.578
NODE_24_length_96940_cov_41.008920_13  -            260 20685at72274         -            884   4.2e-05   20.4   0.0   2   2   0.00026      0.28    7.7   0.0   816   851   178   213   118   225 0.91 # 19097 # 19876 # 1 # ID=24_13;partial=00;start_type=ATG;rbs_motif=GGA/GAG/AGG;rbs_spacer=5-10bp;gc_cont=0.578
NODE_48_length_38369_cov_40.311292_31  -            249 20685at72274         -            884   0.00081   16.1   0.0   1   2   0.00019      0.21    8.1   0.0    24    42    41    59    31    62 0.83 # 26864 # 27610 # 1 # ID=48_31;partial=00;start_type=ATG;rbs_motif=AGGAG;rbs_spacer=5-10bp;gc_cont=0.667
NODE_48_length_38369_cov_40.311292_31  -            249 20685at72274         -            884   0.00081   16.1   0.0   2   2   0.00092      0.98    5.9   0.0   782   851   136   202   133   217 0.77 # 26864 # 27610 # 1 # ID=48_31;partial=00;start_type=ATG;rbs_motif=AGGAG;rbs_spacer=5-10bp;gc_cont=0.667
NODE_1_length_774295_cov_40.668278_245 -            235 20685at72274         -            884    0.0072   13.0   0.0   1   1     1e-05     0.011   12.4   0.0    27    47    33    53    25    58 0.85 # 274572 # 275276 # 1 # ID=1_245;partial=00;start_type=ATG;rbs_motif=None;rbs_spacer=None;gc_cont=0.662
NODE_15_length_126463_cov_41.060782_46 -            377 20685at72274         -            884     0.091    9.3  21.4   1   1   0.00011      0.12    9.0  21.4   501   665    99   226    62   256 0.40 # 72721 # 73851 # -1 # ID=15_46;partial=00;start_type=ATG;rbs_motif=GGAG/GAGG;rbs_spacer=5-10bp;gc_cont=0.645
NODE_78_length_10527_cov_39.656746_4   -            209 20685at72274         -            884      0.14    8.7  23.6   1   1   0.00015      0.16    8.5  23.6   530   658    25   159    14   188 0.48 # 2687 # 3313 # -1 # ID=78_4;partial=00;start_type=ATG;rbs_motif=GGAG/GAGG;rbs_spacer=5-10bp;gc_cont=0.600
#
# Program:         hmmsearch
# Version:         3.1b2 (February 2015)
# Pipeline mode:   SEARCH
# Query file:      /data2/PEG/hoaxaca/REAA/Pseudomonas/bin/busco_downloads/lineages/pseudomonadales_odb10/hmms/20685at72274.hmm
# Target file:     /data2/PEG/hoaxaca/REAA/Pseudomonas/bin/../out/busco/trim_def.spades_def/prodigal_output/predicted_genes/predicted.faa
# Option settings: hmmsearch --domtblout /data2/PEG/hoaxaca/REAA/Pseudomonas/bin/../out/busco/trim_def.spades_def/run_pseudomonadales_odb10/hmmer_output/20685at72274.out --cpu 1 /data2/PEG/hoaxaca/REAA/Pseudomonas/bin/busco_downloads/lineages/pseudomonadales_odb10/hmms/20685at72274.hmm /data2/PEG/hoaxaca/REAA/Pseudomonas/bin/../out/busco/trim_def.spades_def/prodigal_output/predicted_genes/predicted.faa 
# Current dir:     /data2/PEG/hoaxaca/REAA/Pseudomonas/bin
# Date:            Mon Feb 20 00:37:57 2023
# [ok]
