#                                                                                               --- full sequence --- -------------- this domain -------------   hmm coord   ali coord   env coord
# target name                           accession   tlen query name           accession   qlen   E-value  score  bias   #  of  c-Evalue  i-Evalue  score  bias  from    to  from    to  from    to  acc description of target
#                   ------------------- ---------- ----- -------------------- ---------- ----- --------- ------ ----- --- --- --------- --------- ------ ----- ----- ----- ----- ----- ----- ----- ---- ---------------------
NODE_7_length_212511_cov_40.209209_64   -            338 24801at72274         -            270  3.6e-144  477.4   0.4   1   1    6e-147  5.5e-144  476.8   0.4     1   266     1   290     1   299 0.94 # 64392 # 65405 # 1 # ID=7_64;partial=00;start_type=ATG;rbs_motif=GGA/GAG/AGG;rbs_spacer=5-10bp;gc_cont=0.615
NODE_26_length_94916_cov_39.557851_4    -            322 24801at72274         -            270   1.3e-37  127.9   0.0   1   2    0.0052       4.7    4.8   0.0    14    46     2    35     1    42 0.79 # 2203 # 3168 # 1 # ID=26_4;partial=00;start_type=ATG;rbs_motif=GGA/GAG/AGG;rbs_spacer=5-10bp;gc_cont=0.625
NODE_26_length_94916_cov_39.557851_4    -            322 24801at72274         -            270   1.3e-37  127.9   0.0   2   2   1.5e-38   1.4e-35  121.3   0.0    52   244    60   259    48   278 0.89 # 2203 # 3168 # 1 # ID=26_4;partial=00;start_type=ATG;rbs_motif=GGA/GAG/AGG;rbs_spacer=5-10bp;gc_cont=0.625
NODE_5_length_234169_cov_39.920501_110  -            313 24801at72274         -            270   2.6e-21   74.5   0.0   1   1   3.8e-24   3.5e-21   74.1   0.0    52   247    45   259     1   273 0.79 # 113152 # 114090 # 1 # ID=5_110;partial=00;start_type=ATG;rbs_motif=None;rbs_spacer=None;gc_cont=0.609
NODE_2_length_306509_cov_40.847444_99   -            246 24801at72274         -            270     0.018   12.7   0.6   1   2      0.24   2.2e+02   -0.7   0.0   177   214    75   111    63   132 0.63 # 102393 # 103130 # 1 # ID=2_99;partial=00;start_type=ATG;rbs_motif=GGA/GAG/AGG;rbs_spacer=5-10bp;gc_cont=0.619
NODE_2_length_306509_cov_40.847444_99   -            246 24801at72274         -            270     0.018   12.7   0.6   2   2   5.9e-05     0.054   11.2   0.2   134   209   148   225   138   235 0.87 # 102393 # 103130 # 1 # ID=2_99;partial=00;start_type=ATG;rbs_motif=GGA/GAG/AGG;rbs_spacer=5-10bp;gc_cont=0.619
NODE_61_length_23429_cov_37.841812_20   -            296 24801at72274         -            270     0.019   12.6   0.0   1   1   3.1e-05     0.028   12.1   0.0   144   231    38   132    28   139 0.75 # 20991 # 21878 # -1 # ID=61_20;partial=00;start_type=ATG;rbs_motif=GGAG/GAGG;rbs_spacer=5-10bp;gc_cont=0.617
NODE_1_length_774295_cov_40.668278_595  -            687 24801at72274         -            270     0.034   11.8   0.1   1   1   9.4e-05     0.086   10.5   0.1   172   220   289   337   284   343 0.93 # 634525 # 636585 # 1 # ID=1_595;partial=00;start_type=ATG;rbs_motif=GGAG/GAGG;rbs_spacer=5-10bp;gc_cont=0.624
NODE_11_length_166698_cov_41.190264_136 -           1237 24801at72274         -            270     0.042   11.5   0.1   1   2   0.00041      0.38    8.4   0.0    69    89   386   406   366   415 0.83 # 158573 # 162283 # -1 # ID=11_136;partial=00;start_type=ATG;rbs_motif=GGA/GAG/AGG;rbs_spacer=5-10bp;gc_cont=0.620
NODE_11_length_166698_cov_41.190264_136 -           1237 24801at72274         -            270     0.042   11.5   0.1   2   2      0.17   1.6e+02   -0.2   0.0    29    53   473   500   460   511 0.74 # 158573 # 162283 # -1 # ID=11_136;partial=00;start_type=ATG;rbs_motif=GGA/GAG/AGG;rbs_spacer=5-10bp;gc_cont=0.620
#
# Program:         hmmsearch
# Version:         3.1b2 (February 2015)
# Pipeline mode:   SEARCH
# Query file:      /data2/PEG/hoaxaca/REAA/Pseudomonas/bin/busco_downloads/lineages/pseudomonadales_odb10/hmms/24801at72274.hmm
# Target file:     /data2/PEG/hoaxaca/REAA/Pseudomonas/bin/../out/busco/trim_def.spades_def/prodigal_output/predicted_genes/predicted.faa
# Option settings: hmmsearch --domtblout /data2/PEG/hoaxaca/REAA/Pseudomonas/bin/../out/busco/trim_def.spades_def/run_pseudomonadales_odb10/hmmer_output/24801at72274.out --cpu 1 /data2/PEG/hoaxaca/REAA/Pseudomonas/bin/busco_downloads/lineages/pseudomonadales_odb10/hmms/24801at72274.hmm /data2/PEG/hoaxaca/REAA/Pseudomonas/bin/../out/busco/trim_def.spades_def/prodigal_output/predicted_genes/predicted.faa 
# Current dir:     /data2/PEG/hoaxaca/REAA/Pseudomonas/bin
# Date:            Mon Feb 20 00:38:03 2023
# [ok]
