#                                                                                              --- full sequence --- -------------- this domain -------------   hmm coord   ali coord   env coord
# target name                          accession   tlen query name           accession   qlen   E-value  score  bias   #  of  c-Evalue  i-Evalue  score  bias  from    to  from    to  from    to  acc description of target
#                  ------------------- ---------- ----- -------------------- ---------- ----- --------- ------ ----- --- --- --------- --------- ------ ----- ----- ----- ----- ----- ----- ----- ---- ---------------------
NODE_2_length_306509_cov_40.847444_180 -            465 26676at72274         -            494    2e-174  579.3  11.8   1   2   9.4e-88   6.7e-85  284.0   2.9   136   320    47   242    39   252 0.91 # 194878 # 196272 # 1 # ID=2_180;partial=00;start_type=ATG;rbs_motif=GGA/GAG/AGG;rbs_spacer=5-10bp;gc_cont=0.594
NODE_2_length_306509_cov_40.847444_180 -            465 26676at72274         -            494    2e-174  579.3  11.8   2   2     1e-92   7.3e-90  300.4   1.6   317   494   271   461   270   461 0.93 # 194878 # 196272 # 1 # ID=2_180;partial=00;start_type=ATG;rbs_motif=GGA/GAG/AGG;rbs_spacer=5-10bp;gc_cont=0.594
NODE_55_length_31449_cov_38.660908_9   -            770 26676at72274         -            494   8.2e-51  171.6   0.7   1   4   3.2e-13   2.3e-10   38.1   0.0   138   290    90   249    65   260 0.85 # 5234 # 7543 # 1 # ID=55_9;partial=00;start_type=ATG;rbs_motif=AGGA;rbs_spacer=5-10bp;gc_cont=0.635
NODE_55_length_31449_cov_38.660908_9   -            770 26676at72274         -            494   8.2e-51  171.6   0.7   2   4     0.017        12    2.8   0.2   232   289   252   319   250   323 0.65 # 5234 # 7543 # 1 # ID=55_9;partial=00;start_type=ATG;rbs_motif=AGGA;rbs_spacer=5-10bp;gc_cont=0.635
NODE_55_length_31449_cov_38.660908_9   -            770 26676at72274         -            494   8.2e-51  171.6   0.7   3   4   1.2e-11   8.3e-09   33.0   0.0   258   320   421   484   412   497 0.89 # 5234 # 7543 # 1 # ID=55_9;partial=00;start_type=ATG;rbs_motif=AGGA;rbs_spacer=5-10bp;gc_cont=0.635
NODE_55_length_31449_cov_38.660908_9   -            770 26676at72274         -            494   8.2e-51  171.6   0.7   4   4   8.1e-30   5.8e-27   92.9   0.1   335   491   532   710   514   712 0.83 # 5234 # 7543 # 1 # ID=55_9;partial=00;start_type=ATG;rbs_motif=AGGA;rbs_spacer=5-10bp;gc_cont=0.635
NODE_50_length_36684_cov_38.142732_8   -            738 26676at72274         -            494   9.4e-45  151.6   2.9   1   3   2.3e-09   1.6e-06   25.4   0.0   141   290   101   258    92   264 0.85 # 6442 # 8655 # -1 # ID=50_8;partial=00;start_type=TTG;rbs_motif=GGA/GAG/AGG;rbs_spacer=5-10bp;gc_cont=0.637
NODE_50_length_36684_cov_38.142732_8   -            738 26676at72274         -            494   9.4e-45  151.6   2.9   2   3   9.5e-09   6.8e-06   23.4   0.0   258   316   439   497   432   507 0.93 # 6442 # 8655 # -1 # ID=50_8;partial=00;start_type=TTG;rbs_motif=GGA/GAG/AGG;rbs_spacer=5-10bp;gc_cont=0.637
NODE_50_length_36684_cov_38.142732_8   -            738 26676at72274         -            494   9.4e-45  151.6   2.9   3   3   8.3e-32   5.9e-29   99.5   1.6   324   490   531   715   523   719 0.81 # 6442 # 8655 # -1 # ID=50_8;partial=00;start_type=TTG;rbs_motif=GGA/GAG/AGG;rbs_spacer=5-10bp;gc_cont=0.637
NODE_16_length_124183_cov_40.602864_65 -            714 26676at72274         -            494   8.7e-28   95.6   0.2   1   1   2.5e-30   1.7e-27   94.6   0.2   254   492   293   551   290   553 0.80 # 57074 # 59215 # 1 # ID=16_65;partial=00;start_type=ATG;rbs_motif=GGA/GAG/AGG;rbs_spacer=5-10bp;gc_cont=0.618
NODE_79_length_10503_cov_38.880107_2   -            427 26676at72274         -            494   5.7e-22   76.4   0.0   1   1   2.9e-24   2.1e-21   74.6   0.0   333   489   221   392   162   397 0.88 # 786 # 2066 # -1 # ID=79_2;partial=00;start_type=ATG;rbs_motif=None;rbs_spacer=None;gc_cont=0.633
NODE_7_length_212511_cov_40.209209_33  -            408 26676at72274         -            494   3.4e-21   73.9   0.0   1   1   1.2e-23   8.8e-21   72.5   0.0   341   489   201   365   194   370 0.82 # 31778 # 33001 # 1 # ID=7_33;partial=00;start_type=ATG;rbs_motif=AGGA;rbs_spacer=5-10bp;gc_cont=0.618
NODE_5_length_234169_cov_39.920501_207 -            488 26676at72274         -            494   3.8e-06   24.2   0.0   1   1   7.6e-09   5.4e-06   23.7   0.0   264   366   234   335   222   390 0.83 # 230562 # 232025 # -1 # ID=5_207;partial=00;start_type=ATG;rbs_motif=None;rbs_spacer=None;gc_cont=0.628
NODE_3_length_236953_cov_41.991401_177 -            246 26676at72274         -            494   3.7e-05   20.9   1.9   1   2   4.1e-06    0.0029   14.7   0.0   234   298    22    86    12    98 0.80 # 176423 # 177160 # 1 # ID=3_177;partial=00;start_type=ATG;rbs_motif=GGA/GAG/AGG;rbs_spacer=5-10bp;gc_cont=0.603
NODE_3_length_236953_cov_41.991401_177 -            246 26676at72274         -            494   3.7e-05   20.9   1.9   2   2    0.0028         2    5.3   0.8   365   450   125   220   116   224 0.76 # 176423 # 177160 # 1 # ID=3_177;partial=00;start_type=ATG;rbs_motif=GGA/GAG/AGG;rbs_spacer=5-10bp;gc_cont=0.603
NODE_41_length_49221_cov_40.613381_20  -            189 26676at72274         -            494    0.0011   16.1   0.0   1   1   2.1e-06    0.0015   15.6   0.0   148   220    34   106    27   131 0.90 # 17690 # 18256 # -1 # ID=41_20;partial=00;start_type=ATG;rbs_motif=None;rbs_spacer=None;gc_cont=0.637
#
# Program:         hmmsearch
# Version:         3.1b2 (February 2015)
# Pipeline mode:   SEARCH
# Query file:      /data2/PEG/hoaxaca/REAA/Pseudomonas/bin/busco_downloads/lineages/pseudomonadales_odb10/hmms/26676at72274.hmm
# Target file:     /data2/PEG/hoaxaca/REAA/Pseudomonas/bin/../out/busco/trim_def.spades_def/prodigal_output/predicted_genes/predicted.faa
# Option settings: hmmsearch --domtblout /data2/PEG/hoaxaca/REAA/Pseudomonas/bin/../out/busco/trim_def.spades_def/run_pseudomonadales_odb10/hmmer_output/26676at72274.out --cpu 1 /data2/PEG/hoaxaca/REAA/Pseudomonas/bin/busco_downloads/lineages/pseudomonadales_odb10/hmms/26676at72274.hmm /data2/PEG/hoaxaca/REAA/Pseudomonas/bin/../out/busco/trim_def.spades_def/prodigal_output/predicted_genes/predicted.faa 
# Current dir:     /data2/PEG/hoaxaca/REAA/Pseudomonas/bin
# Date:            Mon Feb 20 00:38:05 2023
# [ok]
