#                                                                                              --- full sequence --- -------------- this domain -------------   hmm coord   ali coord   env coord
# target name                          accession   tlen query name           accession   qlen   E-value  score  bias   #  of  c-Evalue  i-Evalue  score  bias  from    to  from    to  from    to  acc description of target
#                  ------------------- ---------- ----- -------------------- ---------- ----- --------- ------ ----- --- --- --------- --------- ------ ----- ----- ----- ----- ----- ----- ----- ---- ---------------------
NODE_2_length_306509_cov_40.847444_38  -            775 2787at72274          -            607  3.6e-304 1008.6  13.8   1   2   4.6e-77   7.4e-74  247.9   4.5     1   190     1   236     1   243 0.86 # 41547 # 43871 # -1 # ID=2_38;partial=00;start_type=ATG;rbs_motif=AGxAGG/AGGxGG;rbs_spacer=3-4bp;gc_cont=0.623
NODE_2_length_306509_cov_40.847444_38  -            775 2787at72274          -            607  3.6e-304 1008.6  13.8   2   2  4.9e-232  7.9e-229  759.7   1.8   192   601   285   720   279   722 0.95 # 41547 # 43871 # -1 # ID=2_38;partial=00;start_type=ATG;rbs_motif=AGxAGG/AGGxGG;rbs_spacer=3-4bp;gc_cont=0.623
NODE_5_length_234169_cov_39.920501_68  -            565 2787at72274          -            607   2.8e-35  120.5  10.3   1   4   1.1e-16   1.7e-13   48.5   0.2   527   599   190   262   152   266 0.87 # 66673 # 68367 # -1 # ID=5_68;partial=00;start_type=ATG;rbs_motif=AGGA;rbs_spacer=5-10bp;gc_cont=0.537
NODE_5_length_234169_cov_39.920501_68  -            565 2787at72274          -            607   2.8e-35  120.5  10.3   2   4   2.6e-11   4.2e-08   30.8   0.1   537   599   285   349   279   353 0.87 # 66673 # 68367 # -1 # ID=5_68;partial=00;start_type=ATG;rbs_motif=AGGA;rbs_spacer=5-10bp;gc_cont=0.537
NODE_5_length_234169_cov_39.920501_68  -            565 2787at72274          -            607   2.8e-35  120.5  10.3   3   4   9.3e-09   1.5e-05   22.3   0.0   531   599   366   436   357   440 0.88 # 66673 # 68367 # -1 # ID=5_68;partial=00;start_type=ATG;rbs_motif=AGGA;rbs_spacer=5-10bp;gc_cont=0.537
NODE_5_length_234169_cov_39.920501_68  -            565 2787at72274          -            607   2.8e-35  120.5  10.3   4   4   4.5e-09   7.2e-06   23.4   0.4   520   599   443   522   437   525 0.90 # 66673 # 68367 # -1 # ID=5_68;partial=00;start_type=ATG;rbs_motif=AGGA;rbs_spacer=5-10bp;gc_cont=0.537
NODE_14_length_139126_cov_50.060288_35 -            702 2787at72274          -            607   3.1e-14   51.0   1.0   1   1     3e-17   4.9e-14   50.4   1.0   472   599   561   691   550   698 0.75 # 38735 # 40840 # -1 # ID=14_35;partial=00;start_type=GTG;rbs_motif=GGA/GAG/AGG;rbs_spacer=5-10bp;gc_cont=0.577
NODE_7_length_212511_cov_40.209209_158 -            878 2787at72274          -            607   3.9e-05   21.0   0.0   1   1   3.9e-08   6.3e-05   20.3   0.0   530   595   666   744   654   748 0.73 # 179135 # 181768 # -1 # ID=7_158;partial=00;start_type=ATG;rbs_motif=3Base/5BMM;rbs_spacer=13-15bp;gc_cont=0.621
#
# Program:         hmmsearch
# Version:         3.1b2 (February 2015)
# Pipeline mode:   SEARCH
# Query file:      /data2/PEG/hoaxaca/REAA/Pseudomonas/bin/busco_downloads/lineages/pseudomonadales_odb10/hmms/2787at72274.hmm
# Target file:     /data2/PEG/hoaxaca/REAA/Pseudomonas/bin/../out/busco/trim_def.spades_def/prodigal_output/predicted_genes/predicted.faa
# Option settings: hmmsearch --domtblout /data2/PEG/hoaxaca/REAA/Pseudomonas/bin/../out/busco/trim_def.spades_def/run_pseudomonadales_odb10/hmmer_output/2787at72274.out --cpu 1 /data2/PEG/hoaxaca/REAA/Pseudomonas/bin/busco_downloads/lineages/pseudomonadales_odb10/hmms/2787at72274.hmm /data2/PEG/hoaxaca/REAA/Pseudomonas/bin/../out/busco/trim_def.spades_def/prodigal_output/predicted_genes/predicted.faa 
# Current dir:     /data2/PEG/hoaxaca/REAA/Pseudomonas/bin
# Date:            Mon Feb 20 00:38:07 2023
# [ok]
