#                                                                                              --- full sequence --- -------------- this domain -------------   hmm coord   ali coord   env coord
# target name                          accession   tlen query name           accession   qlen   E-value  score  bias   #  of  c-Evalue  i-Evalue  score  bias  from    to  from    to  from    to  acc description of target
#                  ------------------- ---------- ----- -------------------- ---------- ----- --------- ------ ----- --- --- --------- --------- ------ ----- ----- ----- ----- ----- ----- ----- ---- ---------------------
NODE_42_length_48511_cov_41.210740_8   -            496 30483at72274         -            371  1.6e-199  660.7   0.0   1   1  2.9e-202  1.9e-199  660.5   0.0     2   366    92   480    91   485 0.95 # 9759 # 11246 # -1 # ID=42_8;partial=00;start_type=ATG;rbs_motif=None;rbs_spacer=None;gc_cont=0.616
NODE_1_length_774295_cov_40.668278_538 -            629 30483at72274         -            371   3.1e-97  324.2   0.0   1   1  6.7e-100   4.3e-97  323.7   0.0    18   364    12   373     3   377 0.93 # 569856 # 571742 # -1 # ID=1_538;partial=00;start_type=ATG;rbs_motif=AGGA;rbs_spacer=5-10bp;gc_cont=0.656
NODE_25_length_96887_cov_39.464239_78  -            444 30483at72274         -            371   6.3e-96  319.8   0.3   1   1   1.3e-98   8.5e-96  319.4   0.3    19   366    13   370     4   374 0.93 # 80659 # 81990 # 1 # ID=25_78;partial=00;start_type=ATG;rbs_motif=None;rbs_spacer=None;gc_cont=0.621
NODE_21_length_101376_cov_39.173319_40 -            449 30483at72274         -            371   1.7e-84  282.2   2.7   1   1   3.5e-87   2.3e-84  281.8   2.7    14   369     7   372     2   374 0.92 # 39450 # 40796 # -1 # ID=21_40;partial=00;start_type=GTG;rbs_motif=GGAG/GAGG;rbs_spacer=5-10bp;gc_cont=0.612
NODE_1_length_774295_cov_40.668278_570 -            462 30483at72274         -            371     2e-81  272.1   0.1   1   1   4.3e-84   2.7e-81  271.7   0.1    18   362    20   366     3   374 0.91 # 604818 # 606203 # -1 # ID=1_570;partial=00;start_type=GTG;rbs_motif=GGA/GAG/AGG;rbs_spacer=5-10bp;gc_cont=0.631
NODE_22_length_100940_cov_39.393722_11 -            558 30483at72274         -            371     3e-81  271.5   0.8   1   1   6.7e-84   4.3e-81  271.0   0.8    21   364    20   369     5   375 0.91 # 9697 # 11370 # 1 # ID=22_11;partial=00;start_type=ATG;rbs_motif=GGAG/GAGG;rbs_spacer=5-10bp;gc_cont=0.605
NODE_2_length_306509_cov_40.847444_52  -            646 30483at72274         -            371   1.7e-14   51.9   0.1   1   2      0.89   5.7e+02   -2.5   0.0    31    62    18    49    13    51 0.86 # 55406 # 57343 # 1 # ID=2_52;partial=00;start_type=ATG;rbs_motif=GGAG/GAGG;rbs_spacer=5-10bp;gc_cont=0.592
NODE_2_length_306509_cov_40.847444_52  -            646 30483at72274         -            371   1.7e-14   51.9   0.1   2   2   6.7e-17   4.3e-14   50.6   0.0   142   346   120   332    94   342 0.80 # 55406 # 57343 # 1 # ID=2_52;partial=00;start_type=ATG;rbs_motif=GGAG/GAGG;rbs_spacer=5-10bp;gc_cont=0.592
NODE_23_length_98846_cov_42.042361_72  -           1463 30483at72274         -            371   2.7e-06   24.9   0.1   1   2     0.076        49    1.0   0.0    31    70    69   108    64   152 0.78 # 69023 # 73411 # -1 # ID=23_72;partial=00;start_type=ATG;rbs_motif=GGA/GAG/AGG;rbs_spacer=5-10bp;gc_cont=0.655
NODE_23_length_98846_cov_42.042361_72  -           1463 30483at72274         -            371   2.7e-06   24.9   0.1   2   2   5.7e-08   3.6e-05   21.2   0.0   235   333   303   408   290   432 0.80 # 69023 # 73411 # -1 # ID=23_72;partial=00;start_type=ATG;rbs_motif=GGA/GAG/AGG;rbs_spacer=5-10bp;gc_cont=0.655
NODE_12_length_160437_cov_39.694805_37 -            709 30483at72274         -            371   0.00014   19.2   0.0   1   2     0.069        44    1.2   0.0    71   187   103   220    73   230 0.72 # 38030 # 40156 # -1 # ID=12_37;partial=00;start_type=ATG;rbs_motif=GGAG/GAGG;rbs_spacer=5-10bp;gc_cont=0.626
NODE_12_length_160437_cov_39.694805_37 -            709 30483at72274         -            371   0.00014   19.2   0.0   2   2     4e-06    0.0025   15.1   0.0   278   337   266   325   258   351 0.85 # 38030 # 40156 # -1 # ID=12_37;partial=00;start_type=ATG;rbs_motif=GGAG/GAGG;rbs_spacer=5-10bp;gc_cont=0.626
NODE_74_length_13616_cov_38.726715_4   -            949 30483at72274         -            371     0.026   11.8   0.0   1   1   7.1e-05     0.046   11.0   0.0   280   339   527   588   476   593 0.75 # 6717 # 9563 # -1 # ID=74_4;partial=00;start_type=ATG;rbs_motif=GGAG/GAGG;rbs_spacer=5-10bp;gc_cont=0.639
#
# Program:         hmmsearch
# Version:         3.1b2 (February 2015)
# Pipeline mode:   SEARCH
# Query file:      /data2/PEG/hoaxaca/REAA/Pseudomonas/bin/busco_downloads/lineages/pseudomonadales_odb10/hmms/30483at72274.hmm
# Target file:     /data2/PEG/hoaxaca/REAA/Pseudomonas/bin/../out/busco/trim_def.spades_def/prodigal_output/predicted_genes/predicted.faa
# Option settings: hmmsearch --domtblout /data2/PEG/hoaxaca/REAA/Pseudomonas/bin/../out/busco/trim_def.spades_def/run_pseudomonadales_odb10/hmmer_output/30483at72274.out --cpu 1 /data2/PEG/hoaxaca/REAA/Pseudomonas/bin/busco_downloads/lineages/pseudomonadales_odb10/hmms/30483at72274.hmm /data2/PEG/hoaxaca/REAA/Pseudomonas/bin/../out/busco/trim_def.spades_def/prodigal_output/predicted_genes/predicted.faa 
# Current dir:     /data2/PEG/hoaxaca/REAA/Pseudomonas/bin
# Date:            Mon Feb 20 00:38:10 2023
# [ok]
