#                                                                                              --- full sequence --- -------------- this domain -------------   hmm coord   ali coord   env coord
# target name                          accession   tlen query name           accession   qlen   E-value  score  bias   #  of  c-Evalue  i-Evalue  score  bias  from    to  from    to  from    to  acc description of target
#                  ------------------- ---------- ----- -------------------- ---------- ----- --------- ------ ----- --- --- --------- --------- ------ ----- ----- ----- ----- ----- ----- ----- ---- ---------------------
NODE_1_length_774295_cov_40.668278_172 -            324 32976at72274         -            200   1.2e-76  255.3  10.2   1   2   1.8e-72   1.6e-69  232.1   0.4     1   148     4   165     4   176 0.90 # 180710 # 181681 # 1 # ID=1_172;partial=00;start_type=ATG;rbs_motif=None;rbs_spacer=None;gc_cont=0.616
NODE_1_length_774295_cov_40.668278_172 -            324 32976at72274         -            200   1.2e-76  255.3  10.2   2   2   5.9e-08   5.4e-05   21.5   3.8   149   195   239   309   225   314 0.72 # 180710 # 181681 # 1 # ID=1_172;partial=00;start_type=ATG;rbs_motif=None;rbs_spacer=None;gc_cont=0.616
NODE_38_length_53296_cov_40.271726_7   -            354 32976at72274         -            200   1.4e-27   95.2   0.5   1   3   3.3e-29     3e-26   90.9   0.1     3   130     5   143     3   150 0.85 # 4782 # 5843 # 1 # ID=38_7;partial=00;start_type=ATG;rbs_motif=GGA/GAG/AGG;rbs_spacer=5-10bp;gc_cont=0.631
NODE_38_length_53296_cov_40.271726_7   -            354 32976at72274         -            200   1.4e-27   95.2   0.5   2   3     0.078        72    1.5   0.0   129   147   174   192   171   199 0.87 # 4782 # 5843 # 1 # ID=38_7;partial=00;start_type=ATG;rbs_motif=GGA/GAG/AGG;rbs_spacer=5-10bp;gc_cont=0.631
NODE_38_length_53296_cov_40.271726_7   -            354 32976at72274         -            200   1.4e-27   95.2   0.5   3   3       1.3   1.2e+03   -2.5   0.0    87   137   301   346   298   349 0.57 # 4782 # 5843 # 1 # ID=38_7;partial=00;start_type=ATG;rbs_motif=GGA/GAG/AGG;rbs_spacer=5-10bp;gc_cont=0.631
NODE_29_length_79520_cov_41.135065_62  -            322 32976at72274         -            200     2e-26   91.4   0.0   1   1   3.5e-29   3.2e-26   90.8   0.0     2   136     2   143     1   192 0.83 # 64987 # 65952 # -1 # ID=29_62;partial=00;start_type=TTG;rbs_motif=AGGAG;rbs_spacer=5-10bp;gc_cont=0.610
NODE_4_length_235494_cov_42.023962_143 -            325 32976at72274         -            200   3.1e-23   81.1   0.2   1   1   5.5e-26   5.1e-23   80.3   0.2     5   133     3   141     1   169 0.80 # 155940 # 156914 # -1 # ID=4_143;partial=00;start_type=ATG;rbs_motif=GGAG/GAGG;rbs_spacer=5-10bp;gc_cont=0.624
NODE_1_length_774295_cov_40.668278_170 -            402 32976at72274         -            200   1.3e-20   72.5   0.0   1   2   4.6e-23   4.2e-20   70.8   0.0     3   137     3   149     1   159 0.82 # 178824 # 180029 # 1 # ID=1_170;partial=00;start_type=ATG;rbs_motif=GGAG/GAGG;rbs_spacer=5-10bp;gc_cont=0.600
NODE_1_length_774295_cov_40.668278_170 -            402 32976at72274         -            200   1.3e-20   72.5   0.0   2   2      0.99     9e+02   -2.1   0.0   129   149   170   190   167   193 0.84 # 178824 # 180029 # 1 # ID=1_170;partial=00;start_type=ATG;rbs_motif=GGAG/GAGG;rbs_spacer=5-10bp;gc_cont=0.600
NODE_48_length_38369_cov_40.311292_31  -            249 32976at72274         -            200     0.063   11.5   0.1   1   2   0.00016      0.15   10.3   0.1     7    32    43    68    37    75 0.89 # 26864 # 27610 # 1 # ID=48_31;partial=00;start_type=ATG;rbs_motif=AGGAG;rbs_spacer=5-10bp;gc_cont=0.667
NODE_48_length_38369_cov_40.311292_31  -            249 32976at72274         -            200     0.063   11.5   0.1   2   2       1.2   1.1e+03   -2.3   0.0   137   166   163   193   152   207 0.66 # 26864 # 27610 # 1 # ID=48_31;partial=00;start_type=ATG;rbs_motif=AGGAG;rbs_spacer=5-10bp;gc_cont=0.667
NODE_26_length_94916_cov_39.557851_40  -            352 32976at72274         -            200     0.077   11.2   1.1   1   3    0.0011      0.99    7.6   0.0     8    26    32    50    25    75 0.81 # 46584 # 47639 # -1 # ID=26_40;partial=00;start_type=ATG;rbs_motif=None;rbs_spacer=None;gc_cont=0.628
NODE_26_length_94916_cov_39.557851_40  -            352 32976at72274         -            200     0.077   11.2   1.1   2   3      0.67   6.1e+02   -1.5   0.0    75   144   143   211   137   222 0.61 # 46584 # 47639 # -1 # ID=26_40;partial=00;start_type=ATG;rbs_motif=None;rbs_spacer=None;gc_cont=0.628
NODE_26_length_94916_cov_39.557851_40  -            352 32976at72274         -            200     0.077   11.2   1.1   3   3      0.11     1e+02    1.0   0.1    36   100   258   328   241   337 0.75 # 46584 # 47639 # -1 # ID=26_40;partial=00;start_type=ATG;rbs_motif=None;rbs_spacer=None;gc_cont=0.628
#
# Program:         hmmsearch
# Version:         3.1b2 (February 2015)
# Pipeline mode:   SEARCH
# Query file:      /data2/PEG/hoaxaca/REAA/Pseudomonas/bin/busco_downloads/lineages/pseudomonadales_odb10/hmms/32976at72274.hmm
# Target file:     /data2/PEG/hoaxaca/REAA/Pseudomonas/bin/../out/busco/trim_def.spades_def/prodigal_output/predicted_genes/predicted.faa
# Option settings: hmmsearch --domtblout /data2/PEG/hoaxaca/REAA/Pseudomonas/bin/../out/busco/trim_def.spades_def/run_pseudomonadales_odb10/hmmer_output/32976at72274.out --cpu 1 /data2/PEG/hoaxaca/REAA/Pseudomonas/bin/busco_downloads/lineages/pseudomonadales_odb10/hmms/32976at72274.hmm /data2/PEG/hoaxaca/REAA/Pseudomonas/bin/../out/busco/trim_def.spades_def/prodigal_output/predicted_genes/predicted.faa 
# Current dir:     /data2/PEG/hoaxaca/REAA/Pseudomonas/bin
# Date:            Mon Feb 20 00:38:13 2023
# [ok]
