#                                                                                               --- full sequence --- -------------- this domain -------------   hmm coord   ali coord   env coord
# target name                           accession   tlen query name           accession   qlen   E-value  score  bias   #  of  c-Evalue  i-Evalue  score  bias  from    to  from    to  from    to  acc description of target
#                   ------------------- ---------- ----- -------------------- ---------- ----- --------- ------ ----- --- --- --------- --------- ------ ----- ----- ----- ----- ----- ----- ----- ---- ---------------------
NODE_22_length_100940_cov_39.393722_48  -            271 35711at72274         -            224    2e-128  424.7   1.2   1   1  3.3e-131  2.3e-128  424.5   1.2     1   224     1   240     1   240 0.96 # 46100 # 46912 # -1 # ID=22_48;partial=00;start_type=TTG;rbs_motif=GGA/GAG/AGG;rbs_spacer=11-12bp;gc_cont=0.595
NODE_17_length_120857_cov_41.802923_100 -            278 35711at72274         -            224   1.1e-14   52.8   0.4   1   1     2e-17   1.4e-14   52.5   0.4     3   158     8   166     6   231 0.80 # 108497 # 109330 # -1 # ID=17_100;partial=00;start_type=ATG;rbs_motif=GGA/GAG/AGG;rbs_spacer=11-12bp;gc_cont=0.613
NODE_17_length_120857_cov_41.802923_92  -            263 35711at72274         -            224   2.1e-08   32.3   0.1   1   2   3.8e-09   2.7e-06   25.4   0.2     4    40     3    39     1    46 0.92 # 100520 # 101308 # -1 # ID=17_92;partial=00;start_type=ATG;rbs_motif=GGAGG;rbs_spacer=5-10bp;gc_cont=0.638
NODE_17_length_120857_cov_41.802923_92  -            263 35711at72274         -            224   2.1e-08   32.3   0.1   2   2    0.0056         4    5.2   0.0   107   162   120   175    78   230 0.81 # 100520 # 101308 # -1 # ID=17_92;partial=00;start_type=ATG;rbs_motif=GGAGG;rbs_spacer=5-10bp;gc_cont=0.638
NODE_2_length_306509_cov_40.847444_81   -            314 35711at72274         -            224   1.8e-07   29.2   0.1   1   2     5e-05     0.035   11.9   0.0     2    40    67   105    66   110 0.93 # 82939 # 83880 # 1 # ID=2_81;partial=00;start_type=ATG;rbs_motif=GGAG/GAGG;rbs_spacer=5-10bp;gc_cont=0.611
NODE_2_length_306509_cov_40.847444_81   -            314 35711at72274         -            224   1.8e-07   29.2   0.1   2   2   4.3e-06    0.0031   15.4   0.0   111   207   184   283   174   302 0.77 # 82939 # 83880 # 1 # ID=2_81;partial=00;start_type=ATG;rbs_motif=GGAG/GAGG;rbs_spacer=5-10bp;gc_cont=0.611
NODE_1_length_774295_cov_40.668278_124  -            266 35711at72274         -            224   2.5e-07   28.7   0.3   1   1   1.4e-09   9.6e-07   26.8   0.3     1   147     1   156     1   236 0.66 # 128615 # 129412 # 1 # ID=1_124;partial=00;start_type=ATG;rbs_motif=GGA/GAG/AGG;rbs_spacer=11-12bp;gc_cont=0.585
NODE_46_length_38784_cov_43.540910_4    -            365 35711at72274         -            224   6.8e-07   27.3   0.5   1   2   2.5e-09   1.8e-06   25.9   0.5     3    41   100   138    98   151 0.91 # 4595 # 5689 # -1 # ID=46_4;partial=00;start_type=ATG;rbs_motif=GGAG/GAGG;rbs_spacer=5-10bp;gc_cont=0.645
NODE_46_length_38784_cov_43.540910_4    -            365 35711at72274         -            224   6.8e-07   27.3   0.5   2   2       1.2   8.7e+02   -2.4   0.0   111   143   210   244   207   259 0.63 # 4595 # 5689 # -1 # ID=46_4;partial=00;start_type=ATG;rbs_motif=GGAG/GAGG;rbs_spacer=5-10bp;gc_cont=0.645
NODE_2_length_306509_cov_40.847444_208  -            257 35711at72274         -            224   3.1e-05   21.9   0.0   1   1   7.4e-08   5.3e-05   21.1   0.0     6   138     4   152     2   215 0.72 # 226154 # 226924 # 1 # ID=2_208;partial=00;start_type=ATG;rbs_motif=GGAGG;rbs_spacer=5-10bp;gc_cont=0.582
NODE_18_length_120383_cov_41.988222_122 -            743 35711at72274         -            224   0.00077   17.3   0.0   1   1     2e-06    0.0014   16.5   0.0    11   119   554   664   546   696 0.79 # 111428 # 113656 # -1 # ID=18_122;partial=00;start_type=ATG;rbs_motif=3Base/5BMM;rbs_spacer=13-15bp;gc_cont=0.594
NODE_4_length_235494_cov_42.023962_33   -            459 35711at72274         -            224     0.019   12.8   0.4   1   2       1.3     9e+02   -2.5   0.0   128   148    37    57    25    67 0.59 # 34974 # 36350 # -1 # ID=4_33;partial=00;start_type=ATG;rbs_motif=AGGA;rbs_spacer=5-10bp;gc_cont=0.603
NODE_4_length_235494_cov_42.023962_33   -            459 35711at72274         -            224     0.019   12.8   0.4   2   2   6.7e-05     0.048   11.5   0.1     5    84   102   185    99   238 0.82 # 34974 # 36350 # -1 # ID=4_33;partial=00;start_type=ATG;rbs_motif=AGGA;rbs_spacer=5-10bp;gc_cont=0.603
#
# Program:         hmmsearch
# Version:         3.1b2 (February 2015)
# Pipeline mode:   SEARCH
# Query file:      /data2/PEG/hoaxaca/REAA/Pseudomonas/bin/busco_downloads/lineages/pseudomonadales_odb10/hmms/35711at72274.hmm
# Target file:     /data2/PEG/hoaxaca/REAA/Pseudomonas/bin/../out/busco/trim_def.spades_def/prodigal_output/predicted_genes/predicted.faa
# Option settings: hmmsearch --domtblout /data2/PEG/hoaxaca/REAA/Pseudomonas/bin/../out/busco/trim_def.spades_def/run_pseudomonadales_odb10/hmmer_output/35711at72274.out --cpu 1 /data2/PEG/hoaxaca/REAA/Pseudomonas/bin/busco_downloads/lineages/pseudomonadales_odb10/hmms/35711at72274.hmm /data2/PEG/hoaxaca/REAA/Pseudomonas/bin/../out/busco/trim_def.spades_def/prodigal_output/predicted_genes/predicted.faa 
# Current dir:     /data2/PEG/hoaxaca/REAA/Pseudomonas/bin
# Date:            Mon Feb 20 00:38:17 2023
# [ok]
