#                                                                                              --- full sequence --- -------------- this domain -------------   hmm coord   ali coord   env coord
# target name                          accession   tlen query name           accession   qlen   E-value  score  bias   #  of  c-Evalue  i-Evalue  score  bias  from    to  from    to  from    to  acc description of target
#                  ------------------- ---------- ----- -------------------- ---------- ----- --------- ------ ----- --- --- --------- --------- ------ ----- ----- ----- ----- ----- ----- ----- ---- ---------------------
NODE_2_length_306509_cov_40.847444_104 -            436 43014at72274         -            299  1.9e-124  413.1   1.8   1   1  3.4e-127  4.4e-124  411.9   1.8     1   295    43   373    43   379 0.91 # 106851 # 108158 # -1 # ID=2_104;partial=00;start_type=ATG;rbs_motif=AGGAG;rbs_spacer=5-10bp;gc_cont=0.639
NODE_75_length_11374_cov_41.977782_9   -            694 43014at72274         -            299   3.3e-42  143.1   0.2   1   2    0.0034       4.4    4.8   0.1    21    75   206   260   195   266 0.86 # 8078 # 10159 # -1 # ID=75_9;partial=00;start_type=ATG;rbs_motif=None;rbs_spacer=None;gc_cont=0.583
NODE_75_length_11374_cov_41.977782_9   -            694 43014at72274         -            299   3.3e-42  143.1   0.2   2   2     4e-43   5.1e-40  135.9   0.0   146   292   390   541   387   547 0.90 # 8078 # 10159 # -1 # ID=75_9;partial=00;start_type=ATG;rbs_motif=None;rbs_spacer=None;gc_cont=0.583
NODE_27_length_94833_cov_38.807105_47  -            479 43014at72274         -            299   2.5e-05   22.0   0.2   1   2   1.2e-05     0.015   12.9   0.0    64   124   297   362   286   366 0.83 # 44940 # 46376 # 1 # ID=27_47;partial=00;start_type=ATG;rbs_motif=GGA/GAG/AGG;rbs_spacer=5-10bp;gc_cont=0.608
NODE_27_length_94833_cov_38.807105_47  -            479 43014at72274         -            299   2.5e-05   22.0   0.2   2   2   0.00081         1    6.9   0.0    64    98   410   445   398   475 0.82 # 44940 # 46376 # 1 # ID=27_47;partial=00;start_type=ATG;rbs_motif=GGA/GAG/AGG;rbs_spacer=5-10bp;gc_cont=0.608
NODE_32_length_68942_cov_40.455340_28  -            451 43014at72274         -            299   0.00061   17.5   0.0   1   2   0.00056      0.72    7.4   0.0    68    96   132   160   105   185 0.86 # 32503 # 33855 # 1 # ID=32_28;partial=00;start_type=ATG;rbs_motif=GGAG/GAGG;rbs_spacer=5-10bp;gc_cont=0.599
NODE_32_length_68942_cov_40.455340_28  -            451 43014at72274         -            299   0.00061   17.5   0.0   2   2   0.00038      0.49    8.0   0.0    69   122   229   286   223   297 0.78 # 32503 # 33855 # 1 # ID=32_28;partial=00;start_type=ATG;rbs_motif=GGAG/GAGG;rbs_spacer=5-10bp;gc_cont=0.599
NODE_16_length_124183_cov_40.602864_27 -            385 43014at72274         -            299     0.014   13.0   0.0   1   1   2.1e-05     0.027   12.1   0.0    69   120   310   366   295   371 0.79 # 23073 # 24227 # 1 # ID=16_27;partial=00;start_type=ATG;rbs_motif=AGGA;rbs_spacer=5-10bp;gc_cont=0.626
#
# Program:         hmmsearch
# Version:         3.1b2 (February 2015)
# Pipeline mode:   SEARCH
# Query file:      /data2/PEG/hoaxaca/REAA/Pseudomonas/bin/busco_downloads/lineages/pseudomonadales_odb10/hmms/43014at72274.hmm
# Target file:     /data2/PEG/hoaxaca/REAA/Pseudomonas/bin/../out/busco/trim_def.spades_def/prodigal_output/predicted_genes/predicted.faa
# Option settings: hmmsearch --domtblout /data2/PEG/hoaxaca/REAA/Pseudomonas/bin/../out/busco/trim_def.spades_def/run_pseudomonadales_odb10/hmmer_output/43014at72274.out --cpu 1 /data2/PEG/hoaxaca/REAA/Pseudomonas/bin/busco_downloads/lineages/pseudomonadales_odb10/hmms/43014at72274.hmm /data2/PEG/hoaxaca/REAA/Pseudomonas/bin/../out/busco/trim_def.spades_def/prodigal_output/predicted_genes/predicted.faa 
# Current dir:     /data2/PEG/hoaxaca/REAA/Pseudomonas/bin
# Date:            Mon Feb 20 00:38:24 2023
# [ok]
