#                                                                                               --- full sequence --- -------------- this domain -------------   hmm coord   ali coord   env coord
# target name                           accession   tlen query name           accession   qlen   E-value  score  bias   #  of  c-Evalue  i-Evalue  score  bias  from    to  from    to  from    to  acc description of target
#                   ------------------- ---------- ----- -------------------- ---------- ----- --------- ------ ----- --- --- --------- --------- ------ ----- ----- ----- ----- ----- ----- ----- ---- ---------------------
NODE_13_length_139524_cov_40.570575_84  -            227 44589at72274         -            183   9.9e-76  252.1  11.5   1   1   7.1e-78   1.4e-75  251.6  11.5     2   183     9   214     8   214 0.91 # 94262 # 94942 # -1 # ID=13_84;partial=00;start_type=ATG;rbs_motif=GGA/GAG/AGG;rbs_spacer=5-10bp;gc_cont=0.609
NODE_1_length_774295_cov_40.668278_695  -            275 44589at72274         -            183   4.7e-29   99.9  19.7   1   1   4.1e-31   8.2e-29   99.2  19.7     1   182    68   255    68   257 0.89 # 751544 # 752368 # 1 # ID=1_695;partial=00;start_type=ATG;rbs_motif=AGGAG;rbs_spacer=5-10bp;gc_cont=0.627
NODE_28_length_93377_cov_40.055895_48   -            273 44589at72274         -            183   1.2e-28   98.7  13.5   1   2       2.9   5.9e+02   -1.4   0.1    74    99    13    38    11    50 0.56 # 68759 # 69577 # 1 # ID=28_48;partial=00;start_type=ATG;rbs_motif=AGGA;rbs_spacer=5-10bp;gc_cont=0.607
NODE_28_length_93377_cov_40.055895_48   -            273 44589at72274         -            183   1.2e-28   98.7  13.5   2   2   5.8e-31   1.2e-28   98.7  13.5     1   182    56   260    56   261 0.86 # 68759 # 69577 # 1 # ID=28_48;partial=00;start_type=ATG;rbs_motif=AGGA;rbs_spacer=5-10bp;gc_cont=0.607
NODE_28_length_93377_cov_40.055895_49   -            291 44589at72274         -            183   2.3e-26   91.2  13.1   1   1   1.8e-28   3.6e-26   90.6  13.1     1   180    67   269    67   272 0.80 # 69591 # 70463 # 1 # ID=28_49;partial=00;start_type=ATG;rbs_motif=AGGAG;rbs_spacer=5-10bp;gc_cont=0.614
NODE_7_length_212511_cov_40.209209_160  -            522 44589at72274         -            183   8.3e-21   73.1  34.8   1   2   1.5e-15   3.1e-13   48.4  12.2     4   182    68   249    65   250 0.76 # 183540 # 185105 # 1 # ID=7_160;partial=00;start_type=ATG;rbs_motif=None;rbs_spacer=None;gc_cont=0.621
NODE_7_length_212511_cov_40.209209_160  -            522 44589at72274         -            183   8.3e-21   73.1  34.8   2   2   6.9e-10   1.4e-07   30.0  14.6     2   169   321   493   320   508 0.77 # 183540 # 185105 # 1 # ID=7_160;partial=00;start_type=ATG;rbs_motif=None;rbs_spacer=None;gc_cont=0.621
NODE_18_length_120383_cov_41.988222_85  -            265 44589at72274         -            183   1.9e-20   71.9  13.4   1   1   9.5e-23   1.9e-20   71.9  13.4     4   171    61   233    58   251 0.81 # 75745 # 76539 # -1 # ID=18_85;partial=00;start_type=GTG;rbs_motif=GGA/GAG/AGG;rbs_spacer=5-10bp;gc_cont=0.635
NODE_66_length_17250_cov_42.064578_11   -            265 44589at72274         -            183     3e-19   68.0  17.2   1   2       4.2   8.5e+02   -1.9   0.3    37    90    14    27     7    45 0.52 # 12557 # 13351 # 1 # ID=66_11;partial=00;start_type=ATG;rbs_motif=GGAG/GAGG;rbs_spacer=5-10bp;gc_cont=0.620
NODE_66_length_17250_cov_42.064578_11   -            265 44589at72274         -            183     3e-19   68.0  17.2   2   2   1.5e-21     3e-19   68.0  17.2     2   180    60   239    59   249 0.81 # 12557 # 13351 # 1 # ID=66_11;partial=00;start_type=ATG;rbs_motif=GGAG/GAGG;rbs_spacer=5-10bp;gc_cont=0.620
NODE_1_length_774295_cov_40.668278_413  -            307 44589at72274         -            183   3.7e-19   67.7  12.3   1   1     7e-21   1.4e-18   65.8  12.3     4   179    88   284    85   291 0.73 # 447261 # 448181 # 1 # ID=1_413;partial=00;start_type=ATG;rbs_motif=None;rbs_spacer=None;gc_cont=0.570
NODE_18_length_120383_cov_41.988222_86  -            274 44589at72274         -            183   2.5e-18   65.0  16.6   1   1   2.4e-20   4.8e-18   64.1  16.6     3   176    58   251    56   260 0.82 # 76536 # 77357 # -1 # ID=18_86;partial=00;start_type=GTG;rbs_motif=GGAG/GAGG;rbs_spacer=5-10bp;gc_cont=0.653
NODE_1_length_774295_cov_40.668278_451  -            575 44589at72274         -            183   3.6e-17   61.2   9.4   1   3   1.8e-19   3.6e-17   61.2   9.4     6   167    83   254    79   270 0.82 # 485407 # 487131 # 1 # ID=1_451;partial=00;start_type=ATG;rbs_motif=GGA/GAG/AGG;rbs_spacer=11-12bp;gc_cont=0.638
NODE_1_length_774295_cov_40.668278_451  -            575 44589at72274         -            183   3.6e-17   61.2   9.4   2   3       8.7   1.7e+03   -2.9   0.3    13    82   314   327   306   341 0.57 # 485407 # 487131 # 1 # ID=1_451;partial=00;start_type=ATG;rbs_motif=GGA/GAG/AGG;rbs_spacer=11-12bp;gc_cont=0.638
NODE_1_length_774295_cov_40.668278_451  -            575 44589at72274         -            183   3.6e-17   61.2   9.4   3   3    0.0076       1.5    7.0  11.2     3   146   357   513   355   552 0.76 # 485407 # 487131 # 1 # ID=1_451;partial=00;start_type=ATG;rbs_motif=GGA/GAG/AGG;rbs_spacer=11-12bp;gc_cont=0.638
NODE_4_length_235494_cov_42.023962_6    -            310 44589at72274         -            183   3.8e-17   61.1  15.7   1   3   2.8e-05    0.0057   14.9   3.1     3    67    82   152    80   156 0.80 # 5940 # 6869 # 1 # ID=4_6;partial=00;start_type=ATG;rbs_motif=GGAG/GAGG;rbs_spacer=5-10bp;gc_cont=0.617
NODE_4_length_235494_cov_42.023962_6    -            310 44589at72274         -            183   3.8e-17   61.1  15.7   2   3   3.4e-17   6.8e-15   53.8   1.6    56   144   165   258   160   266 0.88 # 5940 # 6869 # 1 # ID=4_6;partial=00;start_type=ATG;rbs_motif=GGAG/GAGG;rbs_spacer=5-10bp;gc_cont=0.617
NODE_4_length_235494_cov_42.023962_6    -            310 44589at72274         -            183   3.8e-17   61.1  15.7   3   3       2.5   5.1e+02   -1.2   0.1    62    93   275   297   256   306 0.53 # 5940 # 6869 # 1 # ID=4_6;partial=00;start_type=ATG;rbs_motif=GGAG/GAGG;rbs_spacer=5-10bp;gc_cont=0.617
NODE_66_length_17250_cov_42.064578_10   -            282 44589at72274         -            183   4.8e-17   60.8  16.7   1   1   4.9e-19   9.8e-17   59.8  16.7     3   180    62   258    60   264 0.82 # 11707 # 12552 # 1 # ID=66_10;partial=00;start_type=ATG;rbs_motif=GGAG/GAGG;rbs_spacer=5-10bp;gc_cont=0.617
NODE_4_length_235494_cov_42.023962_7    -            270 44589at72274         -            183   8.3e-15   53.5  12.9   1   2       1.5     3e+02   -0.4   0.0     5    37     7    39     4    45 0.73 # 6859 # 7668 # 1 # ID=4_7;partial=00;start_type=ATG;rbs_motif=GGxGG;rbs_spacer=5-10bp;gc_cont=0.604
NODE_4_length_235494_cov_42.023962_7    -            270 44589at72274         -            183   8.3e-15   53.5  12.9   2   2   7.5e-17   1.5e-14   52.7  11.4     1   180    62   242    62   250 0.80 # 6859 # 7668 # 1 # ID=4_7;partial=00;start_type=ATG;rbs_motif=GGxGG;rbs_spacer=5-10bp;gc_cont=0.604
NODE_1_length_774295_cov_40.668278_414  -            296 44589at72274         -            183   1.2e-14   53.0  13.9   1   2       5.4   1.1e+03   -2.3   0.4    70    92     6    28     3    36 0.75 # 448178 # 449065 # 1 # ID=1_414;partial=00;start_type=ATG;rbs_motif=GGAGG;rbs_spacer=5-10bp;gc_cont=0.618
NODE_1_length_774295_cov_40.668278_414  -            296 44589at72274         -            183   1.2e-14   53.0  13.9   2   2   5.9e-17   1.2e-14   53.0  13.9     6   165    62   231    57   256 0.72 # 448178 # 449065 # 1 # ID=1_414;partial=00;start_type=ATG;rbs_motif=GGAGG;rbs_spacer=5-10bp;gc_cont=0.618
NODE_1_length_774295_cov_40.668278_383  -            539 44589at72274         -            183   6.1e-13   47.4  28.2   1   2   1.9e-09   3.8e-07   28.5  13.0    18   146    71   216    53   252 0.68 # 415105 # 416721 # 1 # ID=1_383;partial=00;start_type=TTG;rbs_motif=GGA/GAG/AGG;rbs_spacer=5-10bp;gc_cont=0.651
NODE_1_length_774295_cov_40.668278_383  -            539 44589at72274         -            183   6.1e-13   47.4  28.2   2   2   9.4e-09   1.9e-06   26.3   3.5    63   171   400   511   321   523 0.74 # 415105 # 416721 # 1 # ID=1_383;partial=00;start_type=TTG;rbs_motif=GGA/GAG/AGG;rbs_spacer=5-10bp;gc_cont=0.651
NODE_26_length_94916_cov_39.557851_41   -            534 44589at72274         -            183   6.7e-12   44.0  33.6   1   3       2.8   5.6e+02   -1.3   0.5    16    55    46    85    37    87 0.66 # 47636 # 49237 # -1 # ID=26_41;partial=00;start_type=TTG;rbs_motif=GGA/GAG/AGG;rbs_spacer=5-10bp;gc_cont=0.652
NODE_26_length_94916_cov_39.557851_41   -            534 44589at72274         -            183   6.7e-12   44.0  33.6   2   3   4.3e-11   8.6e-09   33.9  11.9     4   145    77   221    74   259 0.81 # 47636 # 49237 # -1 # ID=26_41;partial=00;start_type=TTG;rbs_motif=GGA/GAG/AGG;rbs_spacer=5-10bp;gc_cont=0.652
NODE_26_length_94916_cov_39.557851_41   -            534 44589at72274         -            183   6.7e-12   44.0  33.6   3   3   6.9e-06    0.0014   16.9  11.1     3   176   332   510   330   518 0.77 # 47636 # 49237 # -1 # ID=26_41;partial=00;start_type=TTG;rbs_motif=GGA/GAG/AGG;rbs_spacer=5-10bp;gc_cont=0.652
NODE_83_length_6683_cov_43.617318_3     -            267 44589at72274         -            183   2.8e-10   38.7  16.0   1   1   1.4e-12   2.8e-10   38.7  16.0    22   153    89   225    64   254 0.70 # 1799 # 2599 # -1 # ID=83_3;partial=00;start_type=ATG;rbs_motif=AGGAG;rbs_spacer=5-10bp;gc_cont=0.607
NODE_1_length_774295_cov_40.668278_694  -            411 44589at72274         -            183   1.1e-08   33.5  15.5   1   2       6.9   1.4e+03   -2.6   0.3    10    29    29    48    19    53 0.64 # 750298 # 751530 # 1 # ID=1_694;partial=00;start_type=ATG;rbs_motif=GGAG/GAGG;rbs_spacer=5-10bp;gc_cont=0.626
NODE_1_length_774295_cov_40.668278_694  -            411 44589at72274         -            183   1.1e-08   33.5  15.5   2   2   5.7e-11   1.1e-08   33.5  15.5     3   164   195   374   189   396 0.73 # 750298 # 751530 # 1 # ID=1_694;partial=00;start_type=ATG;rbs_motif=GGAG/GAGG;rbs_spacer=5-10bp;gc_cont=0.626
NODE_6_length_229612_cov_40.410704_1    -            240 44589at72274         -            183   5.5e-08   31.3  13.3   1   2      0.92   1.8e+02    0.2   0.6    16    55     8    47     2    49 0.69 # 2 # 721 # -1 # ID=6_1;partial=10;start_type=GTG;rbs_motif=GGA/GAG/AGG;rbs_spacer=5-10bp;gc_cont=0.664
NODE_6_length_229612_cov_40.410704_1    -            240 44589at72274         -            183   5.5e-08   31.3  13.3   2   2   4.8e-10   9.6e-08   30.5  10.9     4   145    39   183    36   221 0.79 # 2 # 721 # -1 # ID=6_1;partial=10;start_type=GTG;rbs_motif=GGA/GAG/AGG;rbs_spacer=5-10bp;gc_cont=0.664
NODE_83_length_6683_cov_43.617318_4     -            282 44589at72274         -            183   7.3e-07   27.6   5.7   1   1   1.8e-08   3.6e-06   25.4   5.4     2   164    61   241    60   267 0.66 # 2586 # 3431 # -1 # ID=83_4;partial=00;start_type=GTG;rbs_motif=GGAG/GAGG;rbs_spacer=5-10bp;gc_cont=0.599
NODE_1_length_774295_cov_40.668278_211  -            557 44589at72274         -            183   3.8e-06   25.3   2.4   1   2       4.5     9e+02   -2.0   0.4    10    29   314   333   306   370 0.61 # 231441 # 233111 # 1 # ID=1_211;partial=00;start_type=GTG;rbs_motif=GGA/GAG/AGG;rbs_spacer=5-10bp;gc_cont=0.630
NODE_1_length_774295_cov_40.668278_211  -            557 44589at72274         -            183   3.8e-06   25.3   2.4   2   2   1.9e-08   3.8e-06   25.3   2.4    99   147   429   476   390   485 0.77 # 231441 # 233111 # 1 # ID=1_211;partial=00;start_type=GTG;rbs_motif=GGA/GAG/AGG;rbs_spacer=5-10bp;gc_cont=0.630
NODE_1_length_774295_cov_40.668278_210  -            762 44589at72274         -            183   5.9e-06   24.7   0.8   1   3      0.77   1.5e+02    0.5   1.0    53    80    41    68    38    74 0.88 # 229140 # 231425 # 1 # ID=1_210;partial=00;start_type=ATG;rbs_motif=GGA/GAG/AGG;rbs_spacer=5-10bp;gc_cont=0.617
NODE_1_length_774295_cov_40.668278_210  -            762 44589at72274         -            183   5.9e-06   24.7   0.8   2   3      0.31        62    1.8   3.4     5    59   468   521   460   553 0.73 # 229140 # 231425 # 1 # ID=1_210;partial=00;start_type=ATG;rbs_motif=GGA/GAG/AGG;rbs_spacer=5-10bp;gc_cont=0.617
NODE_1_length_774295_cov_40.668278_210  -            762 44589at72274         -            183   5.9e-06   24.7   0.8   3   3     3e-08   5.9e-06   24.7   0.8   102   165   648   707   635   717 0.86 # 229140 # 231425 # 1 # ID=1_210;partial=00;start_type=ATG;rbs_motif=GGA/GAG/AGG;rbs_spacer=5-10bp;gc_cont=0.617
NODE_24_length_96940_cov_41.008920_12   -            291 44589at72274         -            183   9.2e-06   24.0  12.1   1   1   6.6e-08   1.3e-05   23.5  11.3     3   142    69   223    67   250 0.81 # 18225 # 19097 # 1 # ID=24_12;partial=00;start_type=ATG;rbs_motif=AGGAGG;rbs_spacer=3-4bp;gc_cont=0.617
NODE_2_length_306509_cov_40.847444_132  -            284 44589at72274         -            183   1.4e-05   23.4  14.3   1   2       4.6   9.3e+02   -2.1   0.8    20    42    57    79    46    86 0.66 # 141000 # 141851 # 1 # ID=2_132;partial=00;start_type=ATG;rbs_motif=GGA/GAG/AGG;rbs_spacer=5-10bp;gc_cont=0.594
NODE_2_length_306509_cov_40.847444_132  -            284 44589at72274         -            183   1.4e-05   23.4  14.3   2   2   7.2e-08   1.4e-05   23.4  14.3     1   162    89   250    89   270 0.78 # 141000 # 141851 # 1 # ID=2_132;partial=00;start_type=ATG;rbs_motif=GGA/GAG/AGG;rbs_spacer=5-10bp;gc_cont=0.594
NODE_19_length_115842_cov_39.764117_23  -            282 44589at72274         -            183   1.8e-05   23.1  10.5   1   2      0.25        51    2.1   0.6    26    57     9    40     2    58 0.70 # 20379 # 21224 # 1 # ID=19_23;partial=00;start_type=ATG;rbs_motif=AGGA;rbs_spacer=5-10bp;gc_cont=0.598
NODE_19_length_115842_cov_39.764117_23  -            282 44589at72274         -            183   1.8e-05   23.1  10.5   2   2     9e-08   1.8e-05   23.1  10.5     4   167    74   240    72   262 0.81 # 20379 # 21224 # 1 # ID=19_23;partial=00;start_type=ATG;rbs_motif=AGGA;rbs_spacer=5-10bp;gc_cont=0.598
NODE_24_length_96940_cov_41.008920_11   -            332 44589at72274         -            183   2.3e-05   22.7   0.9   1   2       2.6   5.2e+02   -1.2   0.5    10    30    95   115    86   180 0.66 # 17233 # 18228 # 1 # ID=24_11;partial=00;start_type=ATG;rbs_motif=GGA/GAG/AGG;rbs_spacer=5-10bp;gc_cont=0.589
NODE_24_length_96940_cov_41.008920_11   -            332 44589at72274         -            183   2.3e-05   22.7   0.9   2   2   1.1e-07   2.3e-05   22.7   0.9    87   149   206   267   183   275 0.75 # 17233 # 18228 # 1 # ID=24_11;partial=00;start_type=ATG;rbs_motif=GGA/GAG/AGG;rbs_spacer=5-10bp;gc_cont=0.589
NODE_11_length_166698_cov_41.190264_100 -            289 44589at72274         -            183   2.5e-05   22.6   7.9   1   1   1.6e-05    0.0033   15.7   7.9    12   154    74   240    65   273 0.65 # 110881 # 111747 # 1 # ID=11_100;partial=00;start_type=ATG;rbs_motif=GGAGG;rbs_spacer=5-10bp;gc_cont=0.606
NODE_2_length_306509_cov_40.847444_14   -            215 44589at72274         -            183    0.0053   15.0  12.6   1   1   4.9e-05    0.0098   14.2  12.6    10   143    16   163    10   202 0.77 # 15960 # 16604 # -1 # ID=2_14;partial=00;start_type=ATG;rbs_motif=GGAGG;rbs_spacer=5-10bp;gc_cont=0.605
NODE_30_length_78582_cov_40.477600_1    -            254 44589at72274         -            183    0.0056   15.0  11.3   1   1   5.5e-05     0.011   14.0  11.3     3   179    52   233    50   239 0.70 # 2 # 763 # 1 # ID=30_1;partial=10;start_type=Edge;rbs_motif=None;rbs_spacer=None;gc_cont=0.680
NODE_30_length_78582_cov_40.477600_41   -            261 44589at72274         -            183     0.034   12.4   4.9   1   1   0.00029     0.059   11.6   4.9    88   148   148   207    60   243 0.70 # 40331 # 41113 # -1 # ID=30_41;partial=00;start_type=ATG;rbs_motif=GGAG/GAGG;rbs_spacer=5-10bp;gc_cont=0.644
NODE_10_length_205580_cov_40.760213_185 -            277 44589at72274         -            183     0.096   10.9  13.0   1   2         4     8e+02   -1.8   0.3     7    41    11    48     9    62 0.60 # 172146 # 172976 # -1 # ID=10_185;partial=00;start_type=ATG;rbs_motif=GGAG/GAGG;rbs_spacer=5-10bp;gc_cont=0.614
NODE_10_length_205580_cov_40.760213_185 -            277 44589at72274         -            183     0.096   10.9  13.0   2   2     3e-05     0.006   14.9   7.1     5   135    73   209    69   258 0.68 # 172146 # 172976 # -1 # ID=10_185;partial=00;start_type=ATG;rbs_motif=GGAG/GAGG;rbs_spacer=5-10bp;gc_cont=0.614
NODE_2_length_306509_cov_40.847444_33   -            279 44589at72274         -            183       2.4    6.4  15.6   1   2       1.6   3.2e+02   -0.5   0.4    19    47    33    59    24    82 0.62 # 36497 # 37333 # -1 # ID=2_33;partial=00;start_type=ATG;rbs_motif=GGA/GAG/AGG;rbs_spacer=5-10bp;gc_cont=0.658
NODE_2_length_306509_cov_40.847444_33   -            279 44589at72274         -            183       2.4    6.4  15.6   2   2    0.0011      0.23    9.7   8.8    17   133    96   212    80   259 0.68 # 36497 # 37333 # -1 # ID=2_33;partial=00;start_type=ATG;rbs_motif=GGA/GAG/AGG;rbs_spacer=5-10bp;gc_cont=0.658
#
# Program:         hmmsearch
# Version:         3.1b2 (February 2015)
# Pipeline mode:   SEARCH
# Query file:      /data2/PEG/hoaxaca/REAA/Pseudomonas/bin/busco_downloads/lineages/pseudomonadales_odb10/hmms/44589at72274.hmm
# Target file:     /data2/PEG/hoaxaca/REAA/Pseudomonas/bin/../out/busco/trim_def.spades_def/prodigal_output/predicted_genes/predicted.faa
# Option settings: hmmsearch --domtblout /data2/PEG/hoaxaca/REAA/Pseudomonas/bin/../out/busco/trim_def.spades_def/run_pseudomonadales_odb10/hmmer_output/44589at72274.out --cpu 1 /data2/PEG/hoaxaca/REAA/Pseudomonas/bin/busco_downloads/lineages/pseudomonadales_odb10/hmms/44589at72274.hmm /data2/PEG/hoaxaca/REAA/Pseudomonas/bin/../out/busco/trim_def.spades_def/prodigal_output/predicted_genes/predicted.faa 
# Current dir:     /data2/PEG/hoaxaca/REAA/Pseudomonas/bin
# Date:            Mon Feb 20 00:38:26 2023
# [ok]
