#                                                                                               --- full sequence --- -------------- this domain -------------   hmm coord   ali coord   env coord
# target name                           accession   tlen query name           accession   qlen   E-value  score  bias   #  of  c-Evalue  i-Evalue  score  bias  from    to  from    to  from    to  acc description of target
#                   ------------------- ---------- ----- -------------------- ---------- ----- --------- ------ ----- --- --- --------- --------- ------ ----- ----- ----- ----- ----- ----- ----- ---- ---------------------
NODE_12_length_160437_cov_39.694805_121 -            237 49942at72274         -            173   2.5e-83  277.0   7.9   1   1   3.1e-85   2.8e-82  273.6   7.9     1   173    26   217    26   217 0.90 # 116331 # 117041 # -1 # ID=12_121;partial=00;start_type=ATG;rbs_motif=None;rbs_spacer=None;gc_cont=0.605
NODE_24_length_96940_cov_41.008920_21   -            232 49942at72274         -            173   2.1e-20   72.1   5.2   1   1   4.6e-22   4.2e-19   67.9   5.2    11   160    25   203    11   212 0.64 # 25870 # 26565 # -1 # ID=24_21;partial=00;start_type=GTG;rbs_motif=AGGAG;rbs_spacer=5-10bp;gc_cont=0.608
NODE_1_length_774295_cov_40.668278_258  -            329 49942at72274         -            173   1.3e-19   69.5   2.8   1   1   2.5e-22   2.3e-19   68.8   2.8    11   169   115   297   112   301 0.69 # 287450 # 288436 # -1 # ID=1_258;partial=00;start_type=ATG;rbs_motif=GGA/GAG/AGG;rbs_spacer=5-10bp;gc_cont=0.636
NODE_51_length_36244_cov_41.016894_14   -            216 49942at72274         -            173   6.7e-19   67.2   0.1   1   1   1.2e-21   1.1e-18   66.6   0.1    50   165    62   182    14   187 0.84 # 14034 # 14681 # 1 # ID=51_14;partial=00;start_type=ATG;rbs_motif=GGAG/GAGG;rbs_spacer=5-10bp;gc_cont=0.623
NODE_28_length_93377_cov_40.055895_69   -            241 49942at72274         -            173   3.3e-16   58.5   0.4   1   1   4.7e-19   4.3e-16   58.1   0.4    63   169    91   201    71   205 0.84 # 92075 # 92797 # 1 # ID=28_69;partial=00;start_type=ATG;rbs_motif=GGAG/GAGG;rbs_spacer=5-10bp;gc_cont=0.631
NODE_78_length_10527_cov_39.656746_8    -            600 49942at72274         -            173   7.6e-16   57.3   1.5   1   1   1.6e-18   1.4e-15   56.4   1.5    68   168   460   564   448   566 0.87 # 6221 # 8020 # -1 # ID=78_8;partial=00;start_type=ATG;rbs_motif=GGAG/GAGG;rbs_spacer=5-10bp;gc_cont=0.652
NODE_17_length_120857_cov_41.802923_94  -            247 49942at72274         -            173   3.5e-05   22.6   0.4   1   2       1.6   1.4e+03   -2.2   1.0   112   143     6    36     3    49 0.65 # 102263 # 103003 # -1 # ID=17_94;partial=00;start_type=ATG;rbs_motif=GGAGG;rbs_spacer=5-10bp;gc_cont=0.615
NODE_17_length_120857_cov_41.802923_94  -            247 49942at72274         -            173   3.5e-05   22.6   0.4   2   2   3.8e-08   3.5e-05   22.6   0.4    95   145   145   194   115   209 0.87 # 102263 # 103003 # -1 # ID=17_94;partial=00;start_type=ATG;rbs_motif=GGAGG;rbs_spacer=5-10bp;gc_cont=0.615
#
# Program:         hmmsearch
# Version:         3.1b2 (February 2015)
# Pipeline mode:   SEARCH
# Query file:      /data2/PEG/hoaxaca/REAA/Pseudomonas/bin/busco_downloads/lineages/pseudomonadales_odb10/hmms/49942at72274.hmm
# Target file:     /data2/PEG/hoaxaca/REAA/Pseudomonas/bin/../out/busco/trim_def.spades_def/prodigal_output/predicted_genes/predicted.faa
# Option settings: hmmsearch --domtblout /data2/PEG/hoaxaca/REAA/Pseudomonas/bin/../out/busco/trim_def.spades_def/run_pseudomonadales_odb10/hmmer_output/49942at72274.out --cpu 1 /data2/PEG/hoaxaca/REAA/Pseudomonas/bin/busco_downloads/lineages/pseudomonadales_odb10/hmms/49942at72274.hmm /data2/PEG/hoaxaca/REAA/Pseudomonas/bin/../out/busco/trim_def.spades_def/prodigal_output/predicted_genes/predicted.faa 
# Current dir:     /data2/PEG/hoaxaca/REAA/Pseudomonas/bin
# Date:            Mon Feb 20 00:38:31 2023
# [ok]
