#                                                                                              --- full sequence --- -------------- this domain -------------   hmm coord   ali coord   env coord
# target name                          accession   tlen query name           accession   qlen   E-value  score  bias   #  of  c-Evalue  i-Evalue  score  bias  from    to  from    to  from    to  acc description of target
#                  ------------------- ---------- ----- -------------------- ---------- ----- --------- ------ ----- --- --- --------- --------- ------ ----- ----- ----- ----- ----- ----- ----- ---- ---------------------
NODE_14_length_139126_cov_50.060288_45 -            640 6237at72274          -            557         0 1090.0   8.9   1   2         0         0 1033.2   5.0     1   502     4   530     4   532 0.97 # 51284 # 53203 # -1 # ID=14_45;partial=00;start_type=TTG;rbs_motif=GGAG/GAGG;rbs_spacer=5-10bp;gc_cont=0.582
NODE_14_length_139126_cov_50.060288_45 -            640 6237at72274          -            557         0 1090.0   8.9   2   2   2.6e-19   1.3e-16   58.7   0.1   497   551   546   609   541   614 0.86 # 51284 # 53203 # -1 # ID=14_45;partial=00;start_type=TTG;rbs_motif=GGAG/GAGG;rbs_spacer=5-10bp;gc_cont=0.582
NODE_220_length_243_cov_0.873494_1     -             80 6237at72274          -            557     2e-24   84.4   0.1   1   1   4.2e-27   2.1e-24   84.4   0.1   103   182     2    79     1    80 0.88 # 2 # 241 # 1 # ID=220_1;partial=11;start_type=Edge;rbs_motif=None;rbs_spacer=None;gc_cont=0.646
NODE_2_length_306509_cov_40.847444_168 -            446 6237at72274          -            557   6.4e-09   33.2   0.1   1   2   3.9e-09   1.9e-06   25.1   0.0   175   233    47   107     6   110 0.75 # 179983 # 181320 # -1 # ID=2_168;partial=00;start_type=ATG;rbs_motif=AGGA/GGAG/GAGG;rbs_spacer=11-12bp;gc_cont=0.602
NODE_2_length_306509_cov_40.847444_168 -            446 6237at72274          -            557   6.4e-09   33.2   0.1   2   2    0.0023       1.1    6.0   0.1   238   281   249   290   238   300 0.76 # 179983 # 181320 # -1 # ID=2_168;partial=00;start_type=ATG;rbs_motif=AGGA/GGAG/GAGG;rbs_spacer=11-12bp;gc_cont=0.602
NODE_13_length_139524_cov_40.570575_42 -            428 6237at72274          -            557   7.5e-06   23.1   0.0   1   2     3e-08   1.5e-05   22.2   0.0   179   252   116   195    60   216 0.77 # 49427 # 50710 # -1 # ID=13_42;partial=00;start_type=ATG;rbs_motif=GGA/GAG/AGG;rbs_spacer=5-10bp;gc_cont=0.551
NODE_13_length_139524_cov_40.570575_42 -            428 6237at72274          -            557   7.5e-06   23.1   0.0   2   2       2.3   1.1e+03   -3.9   0.0    38    57   391   410   387   421 0.76 # 49427 # 50710 # -1 # ID=13_42;partial=00;start_type=ATG;rbs_motif=GGA/GAG/AGG;rbs_spacer=5-10bp;gc_cont=0.551
NODE_4_length_235494_cov_42.023962_151 -            807 6237at72274          -            557    0.0011   16.0   0.1   1   1   3.4e-06    0.0017   15.4   0.1   172   250   383   466   347   474 0.63 # 164055 # 166475 # 1 # ID=4_151;partial=00;start_type=ATG;rbs_motif=GGA/GAG/AGG;rbs_spacer=5-10bp;gc_cont=0.613
NODE_21_length_101376_cov_39.173319_66 -            282 6237at72274          -            557      0.02   11.8   0.1   1   1   0.00019     0.095    9.6   0.1   175   200    24    49    13   201 0.87 # 70845 # 71690 # 1 # ID=21_66;partial=00;start_type=ATG;rbs_motif=GGAG/GAGG;rbs_spacer=5-10bp;gc_cont=0.592
NODE_1_length_774295_cov_40.668278_143 -            161 6237at72274          -            557     0.032   11.1   0.0   1   1   6.8e-05     0.034   11.1   0.0   238   335    39   137    24   147 0.69 # 152753 # 153235 # 1 # ID=1_143;partial=00;start_type=ATG;rbs_motif=None;rbs_spacer=None;gc_cont=0.598
NODE_34_length_66996_cov_41.432941_26  -            263 6237at72274          -            557     0.037   10.9   0.0   1   1   0.00012     0.058   10.3   0.0   182   228    36    83    26    87 0.85 # 29968 # 30756 # -1 # ID=34_26;partial=00;start_type=ATG;rbs_motif=GGAGG;rbs_spacer=5-10bp;gc_cont=0.602
NODE_18_length_120383_cov_41.988222_60 -            167 6237at72274          -            557     0.049   10.5   0.0   1   1   0.00012     0.059   10.3   0.0   181   208     4    31     1    74 0.87 # 50667 # 51167 # 1 # ID=18_60;partial=00;start_type=ATG;rbs_motif=AGGA;rbs_spacer=5-10bp;gc_cont=0.627
NODE_43_length_46072_cov_43.262507_24  -            466 6237at72274          -            557     0.051   10.5   0.0   1   1   0.00016     0.081    9.8   0.0   174   208   176   213   163   224 0.77 # 22684 # 24081 # -1 # ID=43_24;partial=00;start_type=ATG;rbs_motif=GGxGG;rbs_spacer=5-10bp;gc_cont=0.616
NODE_3_length_236953_cov_41.991401_159 -            441 6237at72274          -            557     0.054   10.4   0.0   1   1   0.00015     0.073   10.0   0.0   180   247    50   115    37   167 0.85 # 156433 # 157755 # -1 # ID=3_159;partial=00;start_type=ATG;rbs_motif=3Base/5BMM;rbs_spacer=13-15bp;gc_cont=0.630
NODE_24_length_96940_cov_41.008920_23  -            353 6237at72274          -            557     0.058   10.3   0.0   1   1   0.00018      0.09    9.6   0.0   180   210    59    89    50    93 0.91 # 27161 # 28219 # -1 # ID=24_23;partial=00;start_type=GTG;rbs_motif=GGA/GAG/AGG;rbs_spacer=5-10bp;gc_cont=0.619
NODE_49_length_37565_cov_42.569702_23  -            363 6237at72274          -            557     0.059   10.3   0.0   1   1   0.00017     0.082    9.8   0.0   178   218    43    86    21    91 0.84 # 25811 # 26899 # 1 # ID=49_23;partial=00;start_type=ATG;rbs_motif=GGA/GAG/AGG;rbs_spacer=5-10bp;gc_cont=0.622
#
# Program:         hmmsearch
# Version:         3.1b2 (February 2015)
# Pipeline mode:   SEARCH
# Query file:      /data2/PEG/hoaxaca/REAA/Pseudomonas/bin/busco_downloads/lineages/pseudomonadales_odb10/hmms/6237at72274.hmm
# Target file:     /data2/PEG/hoaxaca/REAA/Pseudomonas/bin/../out/busco/trim_def.spades_def/prodigal_output/predicted_genes/predicted.faa
# Option settings: hmmsearch --domtblout /data2/PEG/hoaxaca/REAA/Pseudomonas/bin/../out/busco/trim_def.spades_def/run_pseudomonadales_odb10/hmmer_output/6237at72274.out --cpu 1 /data2/PEG/hoaxaca/REAA/Pseudomonas/bin/busco_downloads/lineages/pseudomonadales_odb10/hmms/6237at72274.hmm /data2/PEG/hoaxaca/REAA/Pseudomonas/bin/../out/busco/trim_def.spades_def/prodigal_output/predicted_genes/predicted.faa 
# Current dir:     /data2/PEG/hoaxaca/REAA/Pseudomonas/bin
# Date:            Mon Feb 20 00:38:41 2023
# [ok]
