#                                                                                               --- full sequence --- -------------- this domain -------------   hmm coord   ali coord   env coord
# target name                           accession   tlen query name           accession   qlen   E-value  score  bias   #  of  c-Evalue  i-Evalue  score  bias  from    to  from    to  from    to  acc description of target
#                   ------------------- ---------- ----- -------------------- ---------- ----- --------- ------ ----- --- --- --------- --------- ------ ----- ----- ----- ----- ----- ----- ----- ---- ---------------------
NODE_24_length_96940_cov_41.008920_17   -            167 62753at72274         -            115     5e-53  176.6   2.0   1   2     0.054        25    3.5   0.1     2    15    13    26    12    28 0.88 # 22467 # 22967 # -1 # ID=24_17;partial=00;start_type=ATG;rbs_motif=AGGAG;rbs_spacer=5-10bp;gc_cont=0.563
NODE_24_length_96940_cov_41.008920_17   -            167 62753at72274         -            115     5e-53  176.6   2.0   2   2   1.7e-54   7.8e-52  172.7   0.2    15   115    63   164    53   164 0.95 # 22467 # 22967 # -1 # ID=24_17;partial=00;start_type=ATG;rbs_motif=AGGAG;rbs_spacer=5-10bp;gc_cont=0.563
NODE_56_length_31199_cov_40.902609_16   -            262 62753at72274         -            115   5.9e-21   73.2   1.0   1   2       3.1   1.4e+03   -2.1   0.0   100   115    73    88    65    88 0.73 # 16128 # 16913 # -1 # ID=56_16;partial=00;start_type=ATG;rbs_motif=AGGA;rbs_spacer=5-10bp;gc_cont=0.601
NODE_56_length_31199_cov_40.902609_16   -            262 62753at72274         -            115   5.9e-21   73.2   1.0   2   2   3.1e-23   1.4e-20   72.0   0.2    17   115   144   244   136   244 0.91 # 16128 # 16913 # -1 # ID=56_16;partial=00;start_type=ATG;rbs_motif=AGGA;rbs_spacer=5-10bp;gc_cont=0.601
NODE_36_length_63664_cov_38.591284_7    -            328 62753at72274         -            115   1.2e-20   72.2   0.1   1   1   4.5e-23   2.1e-20   71.5   0.1    17   114   219   318   210   319 0.93 # 9733 # 10716 # -1 # ID=36_7;partial=00;start_type=ATG;rbs_motif=GGA/GAG/AGG;rbs_spacer=5-10bp;gc_cont=0.549
NODE_34_length_66996_cov_41.432941_37   -            232 62753at72274         -            115   7.1e-20   69.7   0.9   1   2       9.3   4.3e+03   -3.7   0.1     4    12    13    21    11    24 0.75 # 40496 # 41191 # 1 # ID=34_37;partial=00;start_type=ATG;rbs_motif=AGGAG;rbs_spacer=5-10bp;gc_cont=0.608
NODE_34_length_66996_cov_41.432941_37   -            232 62753at72274         -            115   7.1e-20   69.7   0.9   2   2   1.8e-22   8.4e-20   69.5   0.1    16   115   124   227   112   227 0.87 # 40496 # 41191 # 1 # ID=34_37;partial=00;start_type=ATG;rbs_motif=AGGAG;rbs_spacer=5-10bp;gc_cont=0.608
NODE_9_length_205643_cov_41.238468_124  -            257 62753at72274         -            115   8.2e-20   69.5   0.2   1   2       3.6   1.7e+03   -2.4   0.0     3    13    12    22    10    26 0.79 # 131880 # 132650 # 1 # ID=9_124;partial=00;start_type=ATG;rbs_motif=AGGAG;rbs_spacer=5-10bp;gc_cont=0.620
NODE_9_length_205643_cov_41.238468_124  -            257 62753at72274         -            115   8.2e-20   69.5   0.2   2   2   4.4e-22     2e-19   68.3   0.0    17   115   120   220   116   220 0.92 # 131880 # 132650 # 1 # ID=9_124;partial=00;start_type=ATG;rbs_motif=AGGAG;rbs_spacer=5-10bp;gc_cont=0.620
NODE_12_length_160437_cov_39.694805_68  -            271 62753at72274         -            115   4.8e-15   54.2   1.3   1   2       1.9   8.5e+02   -1.4   0.0    89   115    82   108    58   108 0.69 # 67098 # 67910 # -1 # ID=12_68;partial=00;start_type=ATG;rbs_motif=GGAG/GAGG;rbs_spacer=5-10bp;gc_cont=0.606
NODE_12_length_160437_cov_39.694805_68  -            271 62753at72274         -            115   4.8e-15   54.2   1.3   2   2   2.3e-17     1e-14   53.1   0.4    17   115   157   257   151   257 0.90 # 67098 # 67910 # -1 # ID=12_68;partial=00;start_type=ATG;rbs_motif=GGAG/GAGG;rbs_spacer=5-10bp;gc_cont=0.606
NODE_14_length_139126_cov_50.060288_106 -            164 62753at72274         -            115   1.1e-13   49.8   0.1   1   1   3.4e-16   1.6e-13   49.3   0.1    17   115    58   158    50   158 0.88 # 124065 # 124556 # -1 # ID=14_106;partial=00;start_type=TTG;rbs_motif=AGGAG;rbs_spacer=5-10bp;gc_cont=0.624
NODE_46_length_38784_cov_43.540910_11   -            303 62753at72274         -            115   5.8e-11   41.0   0.0   1   1     2e-13   9.2e-11   40.4   0.0    31   115   191   277   176   277 0.88 # 12646 # 13554 # -1 # ID=46_11;partial=00;start_type=GTG;rbs_motif=GGAG/GAGG;rbs_spacer=5-10bp;gc_cont=0.600
NODE_17_length_120857_cov_41.802923_93  -            296 62753at72274         -            115   4.1e-10   38.3   0.0   1   1   1.7e-12   7.8e-10   37.4   0.0    22   115   144   241   135   241 0.84 # 101360 # 102247 # -1 # ID=17_93;partial=00;start_type=GTG;rbs_motif=GGAGG;rbs_spacer=5-10bp;gc_cont=0.615
NODE_34_length_66996_cov_41.432941_44   -            391 62753at72274         -            115   3.7e-07   28.8   0.0   1   1   1.5e-09   6.8e-07   27.9   0.0    37   115   222   301   215   301 0.93 # 48979 # 50151 # 1 # ID=34_44;partial=00;start_type=ATG;rbs_motif=GGA/GAG/AGG;rbs_spacer=5-10bp;gc_cont=0.618
NODE_1_length_774295_cov_40.668278_240  -            430 62753at72274         -            115   9.9e-07   27.4   0.0   1   1   4.3e-09     2e-06   26.4   0.0    19   115   320   421   310   421 0.87 # 265402 # 266691 # 1 # ID=1_240;partial=00;start_type=ATG;rbs_motif=GGAG/GAGG;rbs_spacer=5-10bp;gc_cont=0.659
NODE_37_length_54602_cov_40.796332_5    -            447 62753at72274         -            115   1.7e-06   26.6   0.4   1   1   7.7e-09   3.5e-06   25.6   0.4    17   115   343   443   330   443 0.81 # 4496 # 5836 # -1 # ID=37_5;partial=00;start_type=ATG;rbs_motif=GGA/GAG/AGG;rbs_spacer=5-10bp;gc_cont=0.620
NODE_14_length_139126_cov_50.060288_33  -            978 62753at72274         -            115     0.029   13.0   0.0   1   2     0.011         5    5.8   0.0    13    54   790   832   781   837 0.82 # 34657 # 37590 # 1 # ID=14_33;partial=00;start_type=ATG;rbs_motif=None;rbs_spacer=None;gc_cont=0.599
NODE_14_length_139126_cov_50.060288_33  -            978 62753at72274         -            115     0.029   13.0   0.0   2   2     0.032        15    4.3   0.0    65    83   928   946   921   960 0.85 # 34657 # 37590 # 1 # ID=14_33;partial=00;start_type=ATG;rbs_motif=None;rbs_spacer=None;gc_cont=0.599
NODE_7_length_212511_cov_40.209209_178  -            341 62753at72274         -            115     0.057   12.1   0.0   1   1    0.0002     0.092   11.4   0.0    19    93   167   246   159   267 0.75 # 203942 # 204964 # -1 # ID=7_178;partial=00;start_type=ATG;rbs_motif=None;rbs_spacer=None;gc_cont=0.617
#
# Program:         hmmsearch
# Version:         3.1b2 (February 2015)
# Pipeline mode:   SEARCH
# Query file:      /data2/PEG/hoaxaca/REAA/Pseudomonas/bin/busco_downloads/lineages/pseudomonadales_odb10/hmms/62753at72274.hmm
# Target file:     /data2/PEG/hoaxaca/REAA/Pseudomonas/bin/../out/busco/trim_def.spades_def/prodigal_output/predicted_genes/predicted.faa
# Option settings: hmmsearch --domtblout /data2/PEG/hoaxaca/REAA/Pseudomonas/bin/../out/busco/trim_def.spades_def/run_pseudomonadales_odb10/hmmer_output/62753at72274.out --cpu 1 /data2/PEG/hoaxaca/REAA/Pseudomonas/bin/busco_downloads/lineages/pseudomonadales_odb10/hmms/62753at72274.hmm /data2/PEG/hoaxaca/REAA/Pseudomonas/bin/../out/busco/trim_def.spades_def/prodigal_output/predicted_genes/predicted.faa 
# Current dir:     /data2/PEG/hoaxaca/REAA/Pseudomonas/bin
# Date:            Mon Feb 20 00:38:41 2023
# [ok]
