#                                                                                              --- full sequence --- -------------- this domain -------------   hmm coord   ali coord   env coord
# target name                          accession   tlen query name           accession   qlen   E-value  score  bias   #  of  c-Evalue  i-Evalue  score  bias  from    to  from    to  from    to  acc description of target
#                  ------------------- ---------- ----- -------------------- ---------- ----- --------- ------ ----- --- --- --------- --------- ------ ----- ----- ----- ----- ----- ----- ----- ---- ---------------------
NODE_2_length_306509_cov_40.847444_118 -            607 6352at72274          -            536         0 1034.4   3.1   1   1         0         0 1033.6   3.1     1   536     4   599     4   599 0.95 # 121151 # 122971 # 1 # ID=2_118;partial=00;start_type=GTG;rbs_motif=GGA/GAG/AGG;rbs_spacer=5-10bp;gc_cont=0.567
NODE_4_length_235494_cov_42.023962_164 -            600 6352at72274          -            536   6.2e-35  118.9   0.0   1   2   1.6e-37   1.3e-34  117.9   0.0     2   361     7   376     6   393 0.80 # 176627 # 178426 # -1 # ID=4_164;partial=00;start_type=GTG;rbs_motif=GGA/GAG/AGG;rbs_spacer=5-10bp;gc_cont=0.577
NODE_4_length_235494_cov_42.023962_164 -            600 6352at72274          -            536   6.2e-35  118.9   0.0   2   2      0.55   4.4e+02   -2.7   0.0   363   415   401   452   387   473 0.80 # 176627 # 178426 # -1 # ID=4_164;partial=00;start_type=GTG;rbs_motif=GGA/GAG/AGG;rbs_spacer=5-10bp;gc_cont=0.577
NODE_23_length_98846_cov_42.042361_14  -            702 6352at72274          -            536   3.7e-34  116.4   6.9   1   3     4e-23   3.2e-20   70.4   0.1     2   132    10   160     9   172 0.82 # 16119 # 18224 # 1 # ID=23_14;partial=00;start_type=ATG;rbs_motif=GGAG/GAGG;rbs_spacer=5-10bp;gc_cont=0.543
NODE_23_length_98846_cov_42.042361_14  -            702 6352at72274          -            536   3.7e-34  116.4   6.9   2   3   4.7e-13   3.8e-10   37.1   0.7   177   359   312   490   297   501 0.82 # 16119 # 18224 # 1 # ID=23_14;partial=00;start_type=ATG;rbs_motif=GGAG/GAGG;rbs_spacer=5-10bp;gc_cont=0.543
NODE_23_length_98846_cov_42.042361_14  -            702 6352at72274          -            536   3.7e-34  116.4   6.9   3   3   5.8e-05     0.046   10.4   0.1   362   438   608   683   592   690 0.90 # 16119 # 18224 # 1 # ID=23_14;partial=00;start_type=ATG;rbs_motif=GGAG/GAGG;rbs_spacer=5-10bp;gc_cont=0.543
NODE_23_length_98846_cov_42.042361_15  -            398 6352at72274          -            536   5.4e-20   69.6   0.5   1   1     9e-23   7.2e-20   69.2   0.5     4   215    14   246    12   281 0.72 # 18255 # 19448 # 1 # ID=23_15;partial=00;start_type=GTG;rbs_motif=AGGAG;rbs_spacer=5-10bp;gc_cont=0.545
NODE_14_length_139126_cov_50.060288_39 -            841 6352at72274          -            536   5.7e-16   56.4   0.4   1   1   1.3e-18     1e-15   55.5   0.4     5   127   345   461   342   510 0.82 # 42902 # 45424 # -1 # ID=14_39;partial=00;start_type=ATG;rbs_motif=AGGAG;rbs_spacer=5-10bp;gc_cont=0.588
NODE_9_length_205643_cov_41.238468_14  -            528 6352at72274          -            536   6.6e-14   49.5   0.6   1   2   1.3e-16     1e-13   48.9   0.1     3   131    12   156    10   166 0.76 # 17734 # 19317 # 1 # ID=9_14;partial=00;start_type=ATG;rbs_motif=GGA/GAG/AGG;rbs_spacer=5-10bp;gc_cont=0.602
NODE_9_length_205643_cov_41.238468_14  -            528 6352at72274          -            536   6.6e-14   49.5   0.6   2   2      0.87     7e+02   -3.4   0.0   218   260   333   377   308   381 0.63 # 17734 # 19317 # 1 # ID=9_14;partial=00;start_type=ATG;rbs_motif=GGA/GAG/AGG;rbs_spacer=5-10bp;gc_cont=0.602
NODE_16_length_124183_cov_40.602864_24 -            633 6352at72274          -            536   2.7e-07   27.7   0.2   1   1   1.8e-09   1.5e-06   25.3   0.2    36   121    83   171    25   208 0.88 # 19191 # 21089 # -1 # ID=16_24;partial=00;start_type=ATG;rbs_motif=GGA/GAG/AGG;rbs_spacer=5-10bp;gc_cont=0.622
NODE_4_length_235494_cov_42.023962_72  -            490 6352at72274          -            536    0.0078   13.0   0.3   1   2   0.00079      0.63    6.7   0.0    77   119    80   122     4   133 0.74 # 88397 # 89866 # -1 # ID=4_72;partial=00;start_type=ATG;rbs_motif=GGAG/GAGG;rbs_spacer=5-10bp;gc_cont=0.591
NODE_4_length_235494_cov_42.023962_72  -            490 6352at72274          -            536    0.0078   13.0   0.3   2   2    0.0044       3.5    4.2   0.1     4   119   196   317   194   339 0.71 # 88397 # 89866 # -1 # ID=4_72;partial=00;start_type=ATG;rbs_motif=GGAG/GAGG;rbs_spacer=5-10bp;gc_cont=0.591
#
# Program:         hmmsearch
# Version:         3.1b2 (February 2015)
# Pipeline mode:   SEARCH
# Query file:      /data2/PEG/hoaxaca/REAA/Pseudomonas/bin/busco_downloads/lineages/pseudomonadales_odb10/hmms/6352at72274.hmm
# Target file:     /data2/PEG/hoaxaca/REAA/Pseudomonas/bin/../out/busco/trim_def.spades_def/prodigal_output/predicted_genes/predicted.faa
# Option settings: hmmsearch --domtblout /data2/PEG/hoaxaca/REAA/Pseudomonas/bin/../out/busco/trim_def.spades_def/run_pseudomonadales_odb10/hmmer_output/6352at72274.out --cpu 1 /data2/PEG/hoaxaca/REAA/Pseudomonas/bin/busco_downloads/lineages/pseudomonadales_odb10/hmms/6352at72274.hmm /data2/PEG/hoaxaca/REAA/Pseudomonas/bin/../out/busco/trim_def.spades_def/prodigal_output/predicted_genes/predicted.faa 
# Current dir:     /data2/PEG/hoaxaca/REAA/Pseudomonas/bin
# Date:            Mon Feb 20 00:38:42 2023
# [ok]
