#                                                                                              --- full sequence --- -------------- this domain -------------   hmm coord   ali coord   env coord
# target name                          accession   tlen query name           accession   qlen   E-value  score  bias   #  of  c-Evalue  i-Evalue  score  bias  from    to  from    to  from    to  acc description of target
#                  ------------------- ---------- ----- -------------------- ---------- ----- --------- ------ ----- --- --- --------- --------- ------ ----- ----- ----- ----- ----- ----- ----- ---- ---------------------
NODE_4_length_235494_cov_42.023962_61  -            526 6493at72274          -            459  2.3e-270  895.3   0.3   1   1  2.3e-271  1.5e-268  889.3   0.3     1   459     9   525     9   525 0.94 # 71877 # 73454 # -1 # ID=4_61;partial=00;start_type=ATG;rbs_motif=GGA/GAG/AGG;rbs_spacer=5-10bp;gc_cont=0.618
NODE_1_length_774295_cov_40.668278_701 -            198 6493at72274          -            459   1.4e-06   25.8   0.1   1   2   5.1e-05     0.033   11.3   0.0    41    88    44    94     2   117 0.70 # 759310 # 759903 # 1 # ID=1_701;partial=00;start_type=ATG;rbs_motif=AGGA/GGAG/GAGG;rbs_spacer=11-12bp;gc_cont=0.609
NODE_1_length_774295_cov_40.668278_701 -            198 6493at72274          -            459   1.4e-06   25.8   0.1   2   2   1.8e-05     0.012   12.8   0.0   120   153   160   193   151   197 0.84 # 759310 # 759903 # 1 # ID=1_701;partial=00;start_type=ATG;rbs_motif=AGGA/GGAG/GAGG;rbs_spacer=11-12bp;gc_cont=0.609
NODE_47_length_38689_cov_40.281881_29  -            198 6493at72274          -            459   7.2e-06   23.4   0.0   1   2    0.0001     0.065   10.4   0.0     5    87     6    94     2   120 0.73 # 31911 # 32504 # 1 # ID=47_29;partial=00;start_type=ATG;rbs_motif=AGGAG;rbs_spacer=5-10bp;gc_cont=0.534
NODE_47_length_38689_cov_40.281881_29  -            198 6493at72274          -            459   7.2e-06   23.4   0.0   2   2   4.7e-05      0.03   11.5   0.0   110   155   148   193   139   197 0.81 # 31911 # 32504 # 1 # ID=47_29;partial=00;start_type=ATG;rbs_motif=AGGAG;rbs_spacer=5-10bp;gc_cont=0.534
NODE_14_length_139126_cov_50.060288_51 -            379 6493at72274          -            459   0.00093   16.5   0.0   1   2      0.15        93   -0.0   0.0   379   428   147   196   138   226 0.84 # 58701 # 59837 # -1 # ID=14_51;partial=00;start_type=TTG;rbs_motif=GGAGG;rbs_spacer=5-10bp;gc_cont=0.599
NODE_14_length_139126_cov_50.060288_51 -            379 6493at72274          -            459   0.00093   16.5   0.0   2   2     6e-06    0.0039   14.4   0.0    34    86   226   282   193   294 0.69 # 58701 # 59837 # -1 # ID=14_51;partial=00;start_type=TTG;rbs_motif=GGAGG;rbs_spacer=5-10bp;gc_cont=0.599
NODE_12_length_160437_cov_39.694805_54 -            266 6493at72274          -            459    0.0081   13.4   0.1   1   1    0.0004      0.26    8.4   0.1    76   141   144   216   111   249 0.54 # 53399 # 54196 # -1 # ID=12_54;partial=00;start_type=TTG;rbs_motif=GGAG/GAGG;rbs_spacer=5-10bp;gc_cont=0.575
NODE_1_length_774295_cov_40.668278_407 -            260 6493at72274          -            459     0.011   12.9   0.0   1   1   2.7e-05     0.018   12.2   0.0    63    88   103   128    87   143 0.84 # 439884 # 440663 # 1 # ID=1_407;partial=00;start_type=ATG;rbs_motif=None;rbs_spacer=None;gc_cont=0.600
NODE_2_length_306509_cov_40.847444_97  -            213 6493at72274          -            459     0.013   12.7   0.0   1   2     0.015       9.9    3.2   0.0    66    80    74    88     4    97 0.78 # 101458 # 102096 # 1 # ID=2_97;partial=00;start_type=ATG;rbs_motif=GGA/GAG/AGG;rbs_spacer=5-10bp;gc_cont=0.638
NODE_2_length_306509_cov_40.847444_97  -            213 6493at72274          -            459     0.013   12.7   0.0   2   2   0.00056      0.36    7.9   0.0   116   149   174   205   120   208 0.78 # 101458 # 102096 # 1 # ID=2_97;partial=00;start_type=ATG;rbs_motif=GGA/GAG/AGG;rbs_spacer=5-10bp;gc_cont=0.638
NODE_3_length_236953_cov_41.991401_172 -            375 6493at72274          -            459      0.02   12.1   0.0   1   2   7.9e-05     0.051   10.7   0.0   172   202    13    42     7   116 0.77 # 171295 # 172419 # 1 # ID=3_172;partial=00;start_type=ATG;rbs_motif=None;rbs_spacer=None;gc_cont=0.622
NODE_3_length_236953_cov_41.991401_172 -            375 6493at72274          -            459      0.02   12.1   0.0   2   2       0.5   3.2e+02   -1.8   0.0   299   331   161   193   151   198 0.86 # 171295 # 172419 # 1 # ID=3_172;partial=00;start_type=ATG;rbs_motif=None;rbs_spacer=None;gc_cont=0.622
NODE_29_length_79520_cov_41.135065_69  -            139 6493at72274          -            459      0.03   11.5   1.2   1   2     0.015       9.3    3.3   0.1    22    62     1    41     1    47 0.86 # 72863 # 73279 # 1 # ID=29_69;partial=00;start_type=ATG;rbs_motif=AGGA;rbs_spacer=5-10bp;gc_cont=0.590
NODE_29_length_79520_cov_41.135065_69  -            139 6493at72274          -            459      0.03   11.5   1.2   2   2   0.00066      0.42    7.7   0.2   177   234    48   105    41   128 0.81 # 72863 # 73279 # 1 # ID=29_69;partial=00;start_type=ATG;rbs_motif=AGGA;rbs_spacer=5-10bp;gc_cont=0.590
NODE_10_length_205580_cov_40.760213_24 -            638 6493at72274          -            459     0.042   11.0   0.0   1   2   0.00049      0.32    8.1   0.0     1    84   437   528   437   536 0.78 # 23397 # 25310 # 1 # ID=10_24;partial=00;start_type=ATG;rbs_motif=GGAG/GAGG;rbs_spacer=5-10bp;gc_cont=0.627
NODE_10_length_205580_cov_40.760213_24 -            638 6493at72274          -            459     0.042   11.0   0.0   2   2       0.2   1.3e+02   -0.5   0.0   127   151   596   620   587   627 0.88 # 23397 # 25310 # 1 # ID=10_24;partial=00;start_type=ATG;rbs_motif=GGAG/GAGG;rbs_spacer=5-10bp;gc_cont=0.627
#
# Program:         hmmsearch
# Version:         3.1b2 (February 2015)
# Pipeline mode:   SEARCH
# Query file:      /data2/PEG/hoaxaca/REAA/Pseudomonas/bin/busco_downloads/lineages/pseudomonadales_odb10/hmms/6493at72274.hmm
# Target file:     /data2/PEG/hoaxaca/REAA/Pseudomonas/bin/../out/busco/trim_def.spades_def/prodigal_output/predicted_genes/predicted.faa
# Option settings: hmmsearch --domtblout /data2/PEG/hoaxaca/REAA/Pseudomonas/bin/../out/busco/trim_def.spades_def/run_pseudomonadales_odb10/hmmer_output/6493at72274.out --cpu 1 /data2/PEG/hoaxaca/REAA/Pseudomonas/bin/busco_downloads/lineages/pseudomonadales_odb10/hmms/6493at72274.hmm /data2/PEG/hoaxaca/REAA/Pseudomonas/bin/../out/busco/trim_def.spades_def/prodigal_output/predicted_genes/predicted.faa 
# Current dir:     /data2/PEG/hoaxaca/REAA/Pseudomonas/bin
# Date:            Mon Feb 20 00:38:44 2023
# [ok]
