#                                                                                               --- full sequence --- -------------- this domain -------------   hmm coord   ali coord   env coord
# target name                           accession   tlen query name           accession   qlen   E-value  score  bias   #  of  c-Evalue  i-Evalue  score  bias  from    to  from    to  from    to  acc description of target
#                   ------------------- ---------- ----- -------------------- ---------- ----- --------- ------ ----- --- --- --------- --------- ------ ----- ----- ----- ----- ----- ----- ----- ---- ---------------------
NODE_6_length_154355_cov_11.215791_51   -            465 10683at72274         -            448  9.8e-272  899.8   0.1   1   1  5.3e-274  1.1e-271  899.6   0.1     1   448     4   464     4   464 0.98 # 47955 # 49349 # -1 # ID=6_51;partial=00;start_type=ATG;rbs_motif=AGGAG;rbs_spacer=5-10bp;gc_cont=0.601
NODE_1_length_244313_cov_11.834909_136  -            479 10683at72274         -            448   3.6e-58  195.9   0.4   1   1   2.1e-60   4.5e-58  195.6   0.4     2   441     4   463     3   468 0.88 # 167091 # 168527 # -1 # ID=1_136;partial=00;start_type=ATG;rbs_motif=GGAG/GAGG;rbs_spacer=5-10bp;gc_cont=0.576
NODE_47_length_61454_cov_11.422440_31   -            453 10683at72274         -            448   2.4e-56  189.9   0.0   1   1   1.4e-58   2.9e-56  189.6   0.0     1   436     3   443     3   448 0.93 # 31989 # 33347 # -1 # ID=47_31;partial=00;start_type=ATG;rbs_motif=AGGAG;rbs_spacer=5-10bp;gc_cont=0.610
NODE_13_length_124624_cov_11.800035_35  -            460 10683at72274         -            448   7.3e-46  155.3   0.0   1   1   4.4e-48   9.2e-46  155.0   0.0     6   444    10   453     6   457 0.88 # 59796 # 61175 # -1 # ID=13_35;partial=00;start_type=ATG;rbs_motif=GGAG/GAGG;rbs_spacer=5-10bp;gc_cont=0.637
NODE_50_length_52615_cov_11.250324_40   -            818 10683at72274         -            448     2e-10   38.5   0.2   1   2   1.9e-12   4.1e-10   37.5   0.0    79   307    48   284    33   306 0.81 # 46668 # 49121 # -1 # ID=50_40;partial=00;start_type=ATG;rbs_motif=GGAG/GAGG;rbs_spacer=5-10bp;gc_cont=0.604
NODE_50_length_52615_cov_11.250324_40   -            818 10683at72274         -            448     2e-10   38.5   0.2   2   2       5.9   1.2e+03   -3.7   0.2    14    51   399   438   399   452 0.66 # 46668 # 49121 # -1 # ID=50_40;partial=00;start_type=ATG;rbs_motif=GGAG/GAGG;rbs_spacer=5-10bp;gc_cont=0.604
NODE_36_length_78655_cov_11.689206_18   -            383 10683at72274         -            448   6.4e-09   33.5   0.0   1   1   4.6e-11   9.6e-09   33.0   0.0   162   304   138   277    87   285 0.81 # 21747 # 22895 # -1 # ID=36_18;partial=00;start_type=ATG;rbs_motif=AGGAG;rbs_spacer=5-10bp;gc_cont=0.661
NODE_18_length_109480_cov_12.152470_100 -            680 10683at72274         -            448     3e-07   28.0   0.9   1   2   1.8e-06   0.00038   17.8   0.2     5    50   380   425   377   441 0.90 # 105859 # 107898 # -1 # ID=18_100;partial=00;start_type=ATG;rbs_motif=GGAG/GAGG;rbs_spacer=5-10bp;gc_cont=0.636
NODE_18_length_109480_cov_12.152470_100 -            680 10683at72274         -            448     3e-07   28.0   0.9   2   2   0.00085      0.18    9.0   0.0   122   187   451   520   418   530 0.77 # 105859 # 107898 # -1 # ID=18_100;partial=00;start_type=ATG;rbs_motif=GGAG/GAGG;rbs_spacer=5-10bp;gc_cont=0.636
NODE_47_length_61454_cov_11.422440_27   -            518 10683at72274         -            448   4.1e-07   27.6   0.7   1   2   1.3e-05    0.0028   14.9   0.3     3    34   212   243   210   256 0.87 # 27499 # 29052 # -1 # ID=47_27;partial=00;start_type=ATG;rbs_motif=AGGA;rbs_spacer=5-10bp;gc_cont=0.599
NODE_47_length_61454_cov_11.422440_27   -            518 10683at72274         -            448   4.1e-07   27.6   0.7   2   2   0.00035     0.073   10.3   0.0   128   308   312   493   268   511 0.69 # 27499 # 29052 # -1 # ID=47_27;partial=00;start_type=ATG;rbs_motif=AGGA;rbs_spacer=5-10bp;gc_cont=0.599
NODE_62_length_40424_cov_11.448048_11   -            506 10683at72274         -            448   1.3e-06   25.9   0.0   1   2       1.2   2.5e+02   -1.4   0.0     6    25   119   138   117   151 0.81 # 10210 # 11727 # 1 # ID=62_11;partial=00;start_type=ATG;rbs_motif=AGGAG;rbs_spacer=5-10bp;gc_cont=0.628
NODE_62_length_40424_cov_11.448048_11   -            506 10683at72274         -            448   1.3e-06   25.9   0.0   2   2   2.2e-08   4.5e-06   24.1   0.0   156   307   243   390   212   396 0.86 # 10210 # 11727 # 1 # ID=62_11;partial=00;start_type=ATG;rbs_motif=AGGAG;rbs_spacer=5-10bp;gc_cont=0.628
NODE_31_length_94329_cov_11.803284_70   -           1006 10683at72274         -            448   5.3e-06   23.9   0.0   1   1   4.8e-08     1e-05   23.0   0.0     3    40   171   208   169   217 0.95 # 79488 # 82505 # 1 # ID=31_70;partial=00;start_type=ATG;rbs_motif=GGAG/GAGG;rbs_spacer=5-10bp;gc_cont=0.627
NODE_13_length_124624_cov_11.800035_62  -            456 10683at72274         -            448   7.3e-06   23.5   1.8   1   3   0.00012     0.024   11.8   0.1     5    39   143   177   141   186 0.93 # 88582 # 89949 # -1 # ID=13_62;partial=00;start_type=GTG;rbs_motif=GGAG/GAGG;rbs_spacer=5-10bp;gc_cont=0.645
NODE_13_length_124624_cov_11.800035_62  -            456 10683at72274         -            448   7.3e-06   23.5   1.8   2   3       1.7   3.6e+02   -1.9   0.1     5    34   277   307   275   322 0.77 # 88582 # 89949 # -1 # ID=13_62;partial=00;start_type=GTG;rbs_motif=GGAG/GAGG;rbs_spacer=5-10bp;gc_cont=0.645
NODE_13_length_124624_cov_11.800035_62  -            456 10683at72274         -            448   7.3e-06   23.5   1.8   3   3   0.00041     0.085   10.1   0.0   280   325   398   445   366   450 0.76 # 88582 # 89949 # -1 # ID=13_62;partial=00;start_type=GTG;rbs_motif=GGAG/GAGG;rbs_spacer=5-10bp;gc_cont=0.645
NODE_10_length_127481_cov_12.919170_16  -            321 10683at72274         -            448     2e-05   22.1   0.2   1   2   0.00042     0.087   10.0   0.0     5    40     9    43     6    54 0.80 # 10040 # 11002 # -1 # ID=10_16;partial=00;start_type=ATG;rbs_motif=AGGAG;rbs_spacer=5-10bp;gc_cont=0.623
NODE_10_length_127481_cov_12.919170_16  -            321 10683at72274         -            448     2e-05   22.1   0.2   2   2   0.00037     0.078   10.2   0.0   129   305   105   288    65   306 0.80 # 10040 # 11002 # -1 # ID=10_16;partial=00;start_type=ATG;rbs_motif=AGGAG;rbs_spacer=5-10bp;gc_cont=0.623
NODE_31_length_94329_cov_11.803284_58   -            687 10683at72274         -            448   6.4e-05   20.4   0.0   1   1     5e-07   0.00011   19.6   0.0     4    50   392   438   390   461 0.86 # 64370 # 66430 # 1 # ID=31_58;partial=00;start_type=ATG;rbs_motif=GGAG/GAGG;rbs_spacer=5-10bp;gc_cont=0.624
NODE_67_length_38139_cov_11.369015_27   -            652 10683at72274         -            448   0.00018   18.8   0.0   1   2     4e-05    0.0084   13.4   0.2     5    42   390   427   387   437 0.89 # 28909 # 30864 # 1 # ID=67_27;partial=00;start_type=ATG;rbs_motif=GGAG/GAGG;rbs_spacer=5-10bp;gc_cont=0.639
NODE_67_length_38139_cov_11.369015_27   -            652 10683at72274         -            448   0.00018   18.8   0.0   2   2     0.069        15    2.7   0.0   129   272   471   618   450   631 0.71 # 28909 # 30864 # 1 # ID=67_27;partial=00;start_type=ATG;rbs_motif=GGAG/GAGG;rbs_spacer=5-10bp;gc_cont=0.639
NODE_20_length_107404_cov_11.794224_3   -            473 10683at72274         -            448   0.00024   18.4   0.0   1   2   0.00079      0.17    9.1   0.0     5    57   152   202   150   241 0.80 # 5293 # 6711 # 1 # ID=20_3;partial=00;start_type=ATG;rbs_motif=GGAG/GAGG;rbs_spacer=5-10bp;gc_cont=0.611
NODE_20_length_107404_cov_11.794224_3   -            473 10683at72274         -            448   0.00024   18.4   0.0   2   2    0.0031      0.66    7.1   0.0   272   324   410   466   386   469 0.80 # 5293 # 6711 # 1 # ID=20_3;partial=00;start_type=ATG;rbs_motif=GGAG/GAGG;rbs_spacer=5-10bp;gc_cont=0.611
NODE_37_length_78648_cov_11.643229_44   -            578 10683at72274         -            448   0.00073   16.9   0.5   1   2   0.00019     0.041   11.1   0.1     2    35     9    44     8    60 0.81 # 42956 # 44689 # -1 # ID=37_44;partial=00;start_type=GTG;rbs_motif=GGAG/GAGG;rbs_spacer=5-10bp;gc_cont=0.618
NODE_37_length_78648_cov_11.643229_44   -            578 10683at72274         -            448   0.00073   16.9   0.5   2   2     0.034       7.1    3.7   0.0   271   308   345   383   334   405 0.73 # 42956 # 44689 # -1 # ID=37_44;partial=00;start_type=GTG;rbs_motif=GGAG/GAGG;rbs_spacer=5-10bp;gc_cont=0.618
NODE_56_length_43131_cov_11.229211_11   -            525 10683at72274         -            448    0.0017   15.6   0.0   1   1   1.4e-05    0.0029   14.9   0.0     4    44    52    92    50   135 0.82 # 12635 # 14209 # 1 # ID=56_11;partial=00;start_type=ATG;rbs_motif=AGGAG;rbs_spacer=5-10bp;gc_cont=0.636
NODE_31_length_94329_cov_11.803284_32   -            393 10683at72274         -            448     0.002   15.4   0.2   1   1   1.4e-05    0.0029   14.9   0.2     4    39     5    40     2    59 0.91 # 33320 # 34498 # -1 # ID=31_32;partial=00;start_type=GTG;rbs_motif=GGAG/GAGG;rbs_spacer=5-10bp;gc_cont=0.618
NODE_49_length_55188_cov_11.632571_16   -            555 10683at72274         -            448    0.0024   15.2   0.1   1   1   1.7e-05    0.0036   14.6   0.1     2    40     7    51     6    65 0.77 # 12658 # 14322 # -1 # ID=49_16;partial=00;start_type=GTG;rbs_motif=AGGAG;rbs_spacer=5-10bp;gc_cont=0.606
NODE_35_length_79420_cov_11.636059_57   -            296 10683at72274         -            448    0.0028   14.9   0.1   1   2   4.5e-05    0.0094   13.2   0.1     2    35     2    35     1    46 0.89 # 77858 # 78745 # -1 # ID=35_57;partial=00;start_type=ATG;rbs_motif=GGAG/GAGG;rbs_spacer=5-10bp;gc_cont=0.635
NODE_35_length_79420_cov_11.636059_57   -            296 10683at72274         -            448    0.0028   14.9   0.1   2   2      0.96     2e+02   -1.1   0.0   284   303   248   267   207   288 0.81 # 77858 # 78745 # -1 # ID=35_57;partial=00;start_type=ATG;rbs_motif=GGAG/GAGG;rbs_spacer=5-10bp;gc_cont=0.635
NODE_38_length_76730_cov_12.020195_51   -            530 10683at72274         -            448    0.0044   14.3   0.0   1   1   3.2e-05    0.0067   13.7   0.0     2    35     6    39     5    43 0.90 # 53185 # 54774 # 1 # ID=38_51;partial=00;start_type=ATG;rbs_motif=GGA/GAG/AGG;rbs_spacer=5-10bp;gc_cont=0.622
NODE_24_length_102382_cov_11.954261_48  -            428 10683at72274         -            448    0.0047   14.2   1.3   1   1   3.1e-05    0.0066   13.7   1.3     2    47    27    73    26    77 0.86 # 56064 # 57347 # 1 # ID=24_48;partial=00;start_type=ATG;rbs_motif=GGAG/GAGG;rbs_spacer=5-10bp;gc_cont=0.635
NODE_1_length_244313_cov_11.834909_140  -            592 10683at72274         -            448      0.01   13.1   0.1   1   1   8.1e-05     0.017   12.4   0.1     2    32     9    39     8    53 0.93 # 173719 # 175494 # -1 # ID=1_140;partial=00;start_type=ATG;rbs_motif=None;rbs_spacer=None;gc_cont=0.594
NODE_2_length_235110_cov_12.031228_2    -            368 10683at72274         -            448     0.013   12.8   0.2   1   2   0.00011     0.024   11.9   0.1     3    35     4    35     2    48 0.84 # 1217 # 2320 # -1 # ID=2_2;partial=00;start_type=ATG;rbs_motif=GGAGG;rbs_spacer=5-10bp;gc_cont=0.651
NODE_2_length_235110_cov_12.031228_2    -            368 10683at72274         -            448     0.013   12.8   0.2   2   2       5.1   1.1e+03   -3.5   0.0   213   262   153   202   150   207 0.72 # 1217 # 2320 # -1 # ID=2_2;partial=00;start_type=ATG;rbs_motif=GGAGG;rbs_spacer=5-10bp;gc_cont=0.651
NODE_92_length_13347_cov_11.365431_8    -            414 10683at72274         -            448     0.023   12.0   0.5   1   2   0.00021     0.044   11.0   0.4     4    42     4    42     1    48 0.91 # 5424 # 6665 # -1 # ID=92_8;partial=00;start_type=ATG;rbs_motif=GGA/GAG/AGG;rbs_spacer=5-10bp;gc_cont=0.655
NODE_92_length_13347_cov_11.365431_8    -            414 10683at72274         -            448     0.023   12.0   0.5   2   2       4.8     1e+03   -3.4   0.0   119   140   233   254   225   256 0.87 # 5424 # 6665 # -1 # ID=92_8;partial=00;start_type=ATG;rbs_motif=GGA/GAG/AGG;rbs_spacer=5-10bp;gc_cont=0.655
NODE_31_length_94329_cov_11.803284_68   -            417 10683at72274         -            448     0.024   11.9   0.0   1   1   0.00016     0.035   11.4   0.0     3    48    33    80    31   105 0.87 # 77923 # 79173 # 1 # ID=31_68;partial=00;start_type=ATG;rbs_motif=GGAG/GAGG;rbs_spacer=5-10bp;gc_cont=0.627
NODE_2_length_235110_cov_12.031228_3    -            448 10683at72274         -            448     0.052   10.8   0.4   1   3    0.0021      0.43    7.7   0.0     5    40     4    39     2    58 0.91 # 2317 # 3660 # -1 # ID=2_3;partial=00;start_type=ATG;rbs_motif=None;rbs_spacer=None;gc_cont=0.645
NODE_2_length_235110_cov_12.031228_3    -            448 10683at72274         -            448     0.052   10.8   0.4   2   3      0.77   1.6e+02   -0.7   0.0     7    33   153   179   150   193 0.77 # 2317 # 3660 # -1 # ID=2_3;partial=00;start_type=ATG;rbs_motif=None;rbs_spacer=None;gc_cont=0.645
NODE_2_length_235110_cov_12.031228_3    -            448 10683at72274         -            448     0.052   10.8   0.4   3   3       1.3   2.8e+02   -1.5   0.1   249   321   240   314   205   322 0.59 # 2317 # 3660 # -1 # ID=2_3;partial=00;start_type=ATG;rbs_motif=None;rbs_spacer=None;gc_cont=0.645
NODE_4_length_179944_cov_11.656412_7    -            434 10683at72274         -            448     0.074   10.3   0.1   1   1   0.00054      0.11    9.7   0.1     5    39     3    37     1    49 0.88 # 4588 # 5889 # 1 # ID=4_7;partial=00;start_type=ATG;rbs_motif=GGAG/GAGG;rbs_spacer=5-10bp;gc_cont=0.619
NODE_29_length_96877_cov_11.324072_79   -            411 10683at72274         -            448     0.096    9.9   0.2   1   1    0.0008      0.17    9.1   0.2     5    39    11    45     8    60 0.90 # 82108 # 83340 # -1 # ID=29_79;partial=00;start_type=ATG;rbs_motif=None;rbs_spacer=None;gc_cont=0.624
NODE_15_length_113078_cov_11.607042_14  -            418 10683at72274         -            448      0.11    9.6   0.1   1   1   0.00084      0.18    9.0   0.1     4    45     8    53     5    61 0.79 # 15020 # 16273 # -1 # ID=15_14;partial=00;start_type=ATG;rbs_motif=GGA/GAG/AGG;rbs_spacer=11-12bp;gc_cont=0.633
#
# Program:         hmmsearch
# Version:         3.1b2 (February 2015)
# Pipeline mode:   SEARCH
# Query file:      /data2/PEG/hoaxaca/REAA/Pseudomonas/bin/busco_downloads/lineages/pseudomonadales_odb10/hmms/10683at72274.hmm
# Target file:     /data2/PEG/hoaxaca/REAA/Pseudomonas/bin/../out/busco/trim_def.spades_kmer/prodigal_output/predicted_genes/predicted.faa
# Option settings: hmmsearch --domtblout /data2/PEG/hoaxaca/REAA/Pseudomonas/bin/../out/busco/trim_def.spades_kmer/run_pseudomonadales_odb10/hmmer_output/10683at72274.out --cpu 1 /data2/PEG/hoaxaca/REAA/Pseudomonas/bin/busco_downloads/lineages/pseudomonadales_odb10/hmms/10683at72274.hmm /data2/PEG/hoaxaca/REAA/Pseudomonas/bin/../out/busco/trim_def.spades_kmer/prodigal_output/predicted_genes/predicted.faa 
# Current dir:     /data2/PEG/hoaxaca/REAA/Pseudomonas/bin
# Date:            Mon Feb 20 00:39:11 2023
# [ok]
