#                                                                                               --- full sequence --- -------------- this domain -------------   hmm coord   ali coord   env coord
# target name                           accession   tlen query name           accession   qlen   E-value  score  bias   #  of  c-Evalue  i-Evalue  score  bias  from    to  from    to  from    to  acc description of target
#                   ------------------- ---------- ----- -------------------- ---------- ----- --------- ------ ----- --- --- --------- --------- ------ ----- ----- ----- ----- ----- ----- ----- ---- ---------------------
NODE_20_length_107404_cov_11.794224_3   -            473 12118at72274         -            418  4.4e-238  788.3   0.2   1   1  5.5e-240    1e-237  787.1   0.2     1   418     1   472     1   472 0.93 # 5293 # 6711 # 1 # ID=20_3;partial=00;start_type=ATG;rbs_motif=GGAG/GAGG;rbs_spacer=5-10bp;gc_cont=0.611
NODE_13_length_124624_cov_11.800035_62  -            456 12118at72274         -            418   9.5e-57  191.0   0.1   1   1     7e-59   1.3e-56  190.5   0.1    32   416    37   448    31   450 0.83 # 88582 # 89949 # -1 # ID=13_62;partial=00;start_type=GTG;rbs_motif=GGAG/GAGG;rbs_spacer=5-10bp;gc_cont=0.645
NODE_18_length_109480_cov_12.152470_100 -            680 12118at72274         -            418   8.1e-16   56.1   0.3   1   2   1.2e-17   2.2e-15   54.7   0.1   127   277   374   525   364   532 0.85 # 105859 # 107898 # -1 # ID=18_100;partial=00;start_type=ATG;rbs_motif=GGAG/GAGG;rbs_spacer=5-10bp;gc_cont=0.636
NODE_18_length_109480_cov_12.152470_100 -            680 12118at72274         -            418   8.1e-16   56.1   0.3   2   2         3   5.6e+02   -2.6   0.0   250   277   646   674   635   677 0.76 # 105859 # 107898 # -1 # ID=18_100;partial=00;start_type=ATG;rbs_motif=GGAG/GAGG;rbs_spacer=5-10bp;gc_cont=0.636
NODE_6_length_154355_cov_11.215791_51   -            465 12118at72274         -            418   3.5e-09   34.3   0.2   1   3     7e-07   0.00013   19.2   0.0   132   185     7    62     3    76 0.86 # 47955 # 49349 # -1 # ID=6_51;partial=00;start_type=ATG;rbs_motif=AGGAG;rbs_spacer=5-10bp;gc_cont=0.601
NODE_6_length_154355_cov_11.215791_51   -            465 12118at72274         -            418   3.5e-09   34.3   0.2   2   3      0.67   1.2e+02   -0.5   0.0   131   169   176   214   163   221 0.85 # 47955 # 49349 # -1 # ID=6_51;partial=00;start_type=ATG;rbs_motif=AGGAG;rbs_spacer=5-10bp;gc_cont=0.601
NODE_6_length_154355_cov_11.215791_51   -            465 12118at72274         -            418   3.5e-09   34.3   0.2   3   3    0.0002     0.037   11.2   0.0   369   414   289   334   278   337 0.94 # 47955 # 49349 # -1 # ID=6_51;partial=00;start_type=ATG;rbs_motif=AGGAG;rbs_spacer=5-10bp;gc_cont=0.601
NODE_67_length_38139_cov_11.369015_27   -            652 12118at72274         -            418   7.4e-08   29.9   0.0   1   1   6.2e-10   1.2e-07   29.3   0.0    92   257   350   515   341   540 0.78 # 28909 # 30864 # 1 # ID=67_27;partial=00;start_type=ATG;rbs_motif=GGAG/GAGG;rbs_spacer=5-10bp;gc_cont=0.639
NODE_31_length_94329_cov_11.803284_58   -            687 12118at72274         -            418   3.1e-07   27.8   0.1   1   1   3.1e-09   5.7e-07   27.0   0.1   130   170   390   430   343   483 0.89 # 64370 # 66430 # 1 # ID=31_58;partial=00;start_type=ATG;rbs_motif=GGAG/GAGG;rbs_spacer=5-10bp;gc_cont=0.624
NODE_29_length_96877_cov_11.324072_79   -            411 12118at72274         -            418   1.1e-06   26.1   0.1   1   2   2.8e-08   5.2e-06   23.8   0.1   128   167     6    45     2    65 0.86 # 82108 # 83340 # -1 # ID=29_79;partial=00;start_type=ATG;rbs_motif=None;rbs_spacer=None;gc_cont=0.624
NODE_29_length_96877_cov_11.324072_79   -            411 12118at72274         -            418   1.1e-06   26.1   0.1   2   2      0.73   1.3e+02   -0.6   0.0   382   417   369   409   359   410 0.79 # 82108 # 83340 # -1 # ID=29_79;partial=00;start_type=ATG;rbs_motif=None;rbs_spacer=None;gc_cont=0.624
NODE_2_length_235110_cov_12.031228_3    -            448 12118at72274         -            418   8.7e-06   23.1   0.4   1   2   2.6e-07   4.8e-05   20.6   0.1   131   167     2    38     1    49 0.91 # 2317 # 3660 # -1 # ID=2_3;partial=00;start_type=ATG;rbs_motif=None;rbs_spacer=None;gc_cont=0.645
NODE_2_length_235110_cov_12.031228_3    -            448 12118at72274         -            418   8.7e-06   23.1   0.4   2   2      0.54        99   -0.2   0.0   131   157   149   175   102   184 0.61 # 2317 # 3660 # -1 # ID=2_3;partial=00;start_type=ATG;rbs_motif=None;rbs_spacer=None;gc_cont=0.645
NODE_31_length_94329_cov_11.803284_70   -           1006 12118at72274         -            418   1.7e-05   22.1   0.0   1   1   1.6e-07   2.9e-05   21.3   0.0   129   169   169   209   162   212 0.90 # 79488 # 82505 # 1 # ID=31_70;partial=00;start_type=ATG;rbs_motif=GGAG/GAGG;rbs_spacer=5-10bp;gc_cont=0.627
NODE_62_length_40424_cov_11.448048_10   -            381 12118at72274         -            418   4.3e-05   20.8   0.0   1   1   3.3e-07     6e-05   20.3   0.0   128   162     2    36     1    54 0.91 # 8998 # 10140 # 1 # ID=62_10;partial=00;start_type=ATG;rbs_motif=GGAG/GAGG;rbs_spacer=5-10bp;gc_cont=0.629
NODE_39_length_76270_cov_12.057772_39   -            568 12118at72274         -            418   4.3e-05   20.8   0.1   1   1   3.4e-07   6.3e-05   20.3   0.1   121   169    43    90    35    96 0.87 # 41978 # 43681 # -1 # ID=39_39;partial=00;start_type=ATG;rbs_motif=GGA/GAG/AGG;rbs_spacer=5-10bp;gc_cont=0.617
NODE_1_length_244313_cov_11.834909_136  -            479 12118at72274         -            418   8.9e-05   19.8   9.0   1   5     0.005      0.93    6.5   0.2   127   172     1    46     1    52 0.89 # 167091 # 168527 # -1 # ID=1_136;partial=00;start_type=ATG;rbs_motif=GGAG/GAGG;rbs_spacer=5-10bp;gc_cont=0.576
NODE_1_length_244313_cov_11.834909_136  -            479 12118at72274         -            418   8.9e-05   19.8   9.0   2   5      0.52        97   -0.1   0.0   343   362   136   155   113   170 0.83 # 167091 # 168527 # -1 # ID=1_136;partial=00;start_type=ATG;rbs_motif=GGAG/GAGG;rbs_spacer=5-10bp;gc_cont=0.576
NODE_1_length_244313_cov_11.834909_136  -            479 12118at72274         -            418   8.9e-05   19.8   9.0   3   5    0.0051      0.94    6.5   0.1   125   161   176   212   162   259 0.85 # 167091 # 168527 # -1 # ID=1_136;partial=00;start_type=ATG;rbs_motif=GGAG/GAGG;rbs_spacer=5-10bp;gc_cont=0.576
NODE_1_length_244313_cov_11.834909_136  -            479 12118at72274         -            418   8.9e-05   19.8   9.0   4   5   0.00062      0.12    9.5   0.0   345   412   264   341   244   346 0.78 # 167091 # 168527 # -1 # ID=1_136;partial=00;start_type=ATG;rbs_motif=GGAG/GAGG;rbs_spacer=5-10bp;gc_cont=0.576
NODE_1_length_244313_cov_11.834909_136  -            479 12118at72274         -            418   8.9e-05   19.8   9.0   5   5       6.4   1.2e+03   -3.7   0.1   125   174   404   452   395   455 0.65 # 167091 # 168527 # -1 # ID=1_136;partial=00;start_type=ATG;rbs_motif=GGAG/GAGG;rbs_spacer=5-10bp;gc_cont=0.576
NODE_47_length_61454_cov_11.422440_27   -            518 12118at72274         -            418    0.0002   18.6   1.4   1   3     0.015       2.7    5.0   0.1   132   160   213   241   198   262 0.80 # 27499 # 29052 # -1 # ID=47_27;partial=00;start_type=ATG;rbs_motif=AGGA;rbs_spacer=5-10bp;gc_cont=0.599
NODE_47_length_61454_cov_11.422440_27   -            518 12118at72274         -            418    0.0002   18.6   1.4   2   3     0.019       3.5    4.6   0.0   127   152   351   376   332   397 0.78 # 27499 # 29052 # -1 # ID=47_27;partial=00;start_type=ATG;rbs_motif=AGGA;rbs_spacer=5-10bp;gc_cont=0.599
NODE_47_length_61454_cov_11.422440_27   -            518 12118at72274         -            418    0.0002   18.6   1.4   3   3    0.0055         1    6.4   0.0   369   416   466   514   432   516 0.82 # 27499 # 29052 # -1 # ID=47_27;partial=00;start_type=ATG;rbs_motif=AGGA;rbs_spacer=5-10bp;gc_cont=0.599
NODE_30_length_94682_cov_11.138521_96   -            398 12118at72274         -            418   0.00031   18.0   0.1   1   1   2.2e-06   0.00041   17.6   0.1   131   208     6    94     1   125 0.70 # 91884 # 93077 # 1 # ID=30_96;partial=00;start_type=ATG;rbs_motif=None;rbs_spacer=None;gc_cont=0.605
NODE_10_length_127481_cov_12.919170_16  -            321 12118at72274         -            418   0.00038   17.7   0.6   1   2   0.00058      0.11    9.6   0.0   130   169     6    44     1    49 0.80 # 10040 # 11002 # -1 # ID=10_16;partial=00;start_type=ATG;rbs_motif=AGGAG;rbs_spacer=5-10bp;gc_cont=0.623
NODE_10_length_127481_cov_12.919170_16  -            321 12118at72274         -            418   0.00038   17.7   0.6   2   2     0.017       3.1    4.8   0.2   252   374   146   257    96   313 0.60 # 10040 # 11002 # -1 # ID=10_16;partial=00;start_type=ATG;rbs_motif=AGGAG;rbs_spacer=5-10bp;gc_cont=0.623
NODE_92_length_13347_cov_11.365431_8    -            414 12118at72274         -            418   0.00051   17.3   0.3   1   1   4.1e-06   0.00077   16.7   0.3   131   170     3    42     1    46 0.91 # 5424 # 6665 # -1 # ID=92_8;partial=00;start_type=ATG;rbs_motif=GGA/GAG/AGG;rbs_spacer=5-10bp;gc_cont=0.655
NODE_56_length_43131_cov_11.229211_11   -            525 12118at72274         -            418    0.0011   16.1   0.1   1   1   1.1e-05     0.002   15.3   0.1   128   167    48    87    31    93 0.92 # 12635 # 14209 # 1 # ID=56_11;partial=00;start_type=ATG;rbs_motif=AGGAG;rbs_spacer=5-10bp;gc_cont=0.636
NODE_10_length_127481_cov_12.919170_32  -            329 12118at72274         -            418    0.0012   16.0   0.1   1   1   9.8e-06    0.0018   15.4   0.1   133   168     5    40     2    45 0.93 # 29723 # 30709 # 1 # ID=10_32;partial=00;start_type=ATG;rbs_motif=GGAG/GAGG;rbs_spacer=5-10bp;gc_cont=0.650
NODE_15_length_113078_cov_11.607042_14  -            418 12118at72274         -            418    0.0015   15.7   0.3   1   1   1.3e-05    0.0024   15.1   0.3   132   160     8    36     2    47 0.90 # 15020 # 16273 # -1 # ID=15_14;partial=00;start_type=ATG;rbs_motif=GGA/GAG/AGG;rbs_spacer=11-12bp;gc_cont=0.633
NODE_56_length_43131_cov_11.229211_39   -             46 12118at72274         -            418    0.0019   15.4   0.1   1   1   1.1e-05     0.002   15.3   0.1   123   161     5    45     2    46 0.83 # 42993 # 43130 # 1 # ID=56_39;partial=01;start_type=ATG;rbs_motif=GGAG/GAGG;rbs_spacer=5-10bp;gc_cont=0.696
NODE_62_length_40424_cov_11.448048_19   -            378 12118at72274         -            418    0.0021   15.2   0.1   1   1   1.7e-05    0.0031   14.7   0.1   127   168     1    42     1    70 0.78 # 21567 # 22700 # 1 # ID=62_19;partial=00;start_type=ATG;rbs_motif=GGAG/GAGG;rbs_spacer=5-10bp;gc_cont=0.631
NODE_5_length_163274_cov_11.816932_89   -            430 12118at72274         -            418    0.0029   14.8   0.9   1   3    0.0062       1.1    6.2   0.0   134   162    11    39     2    43 0.87 # 83406 # 84695 # -1 # ID=5_89;partial=00;start_type=ATG;rbs_motif=AGGA;rbs_spacer=5-10bp;gc_cont=0.647
NODE_5_length_163274_cov_11.816932_89   -            430 12118at72274         -            418    0.0029   14.8   0.9   2   3       1.6   2.9e+02   -1.7   0.0   341   363   117   140   105   161 0.79 # 83406 # 84695 # -1 # ID=5_89;partial=00;start_type=ATG;rbs_motif=AGGA;rbs_spacer=5-10bp;gc_cont=0.647
NODE_5_length_163274_cov_11.816932_89   -            430 12118at72274         -            418    0.0029   14.8   0.9   3   3    0.0065       1.2    6.1   0.1   130   156   168   194   146   201 0.85 # 83406 # 84695 # -1 # ID=5_89;partial=00;start_type=ATG;rbs_motif=AGGA;rbs_spacer=5-10bp;gc_cont=0.647
NODE_4_length_179944_cov_11.656412_7    -            434 12118at72274         -            418    0.0033   14.6   0.1   1   1   3.1e-05    0.0058   13.8   0.1   132   166     2    36     1    43 0.92 # 4588 # 5889 # 1 # ID=4_7;partial=00;start_type=ATG;rbs_motif=GGAG/GAGG;rbs_spacer=5-10bp;gc_cont=0.619
NODE_10_length_127481_cov_12.919170_39  -            416 12118at72274         -            418    0.0078   13.4   0.0   1   1   5.8e-05     0.011   12.9   0.0   132   168     2    37     1    42 0.92 # 35575 # 36822 # 1 # ID=10_39;partial=00;start_type=GTG;rbs_motif=AGGA;rbs_spacer=5-10bp;gc_cont=0.606
NODE_31_length_94329_cov_11.803284_32   -            393 12118at72274         -            418    0.0089   13.2   0.3   1   1   8.3e-05     0.015   12.4   0.3   130   167     3    40     1    52 0.89 # 33320 # 34498 # -1 # ID=31_32;partial=00;start_type=GTG;rbs_motif=GGAG/GAGG;rbs_spacer=5-10bp;gc_cont=0.618
NODE_5_length_163274_cov_11.816932_36   -            422 12118at72274         -            418     0.014   12.5   0.6   1   2   0.00011     0.021   11.9   0.1   132   163    25    56     7    63 0.87 # 32814 # 34079 # -1 # ID=5_36;partial=00;start_type=ATG;rbs_motif=GGAG/GAGG;rbs_spacer=5-10bp;gc_cont=0.665
NODE_5_length_163274_cov_11.816932_36   -            422 12118at72274         -            418     0.014   12.5   0.6   2   2         6   1.1e+03   -3.6   0.1   352   374   154   176   149   206 0.60 # 32814 # 34079 # -1 # ID=5_36;partial=00;start_type=ATG;rbs_motif=GGAG/GAGG;rbs_spacer=5-10bp;gc_cont=0.665
NODE_29_length_96877_cov_11.324072_91   -            287 12118at72274         -            418     0.016   12.3   0.2   1   1   0.00012     0.022   11.9   0.2   117   162   115   163    93   171 0.81 # 94547 # 95407 # -1 # ID=29_91;partial=00;start_type=ATG;rbs_motif=None;rbs_spacer=None;gc_cont=0.639
NODE_62_length_40424_cov_11.448048_11   -            506 12118at72274         -            418     0.018   12.1   1.0   1   3   0.00094      0.17    8.9   0.0    90   156    75   141    66   152 0.87 # 10210 # 11727 # 1 # ID=62_11;partial=00;start_type=ATG;rbs_motif=AGGAG;rbs_spacer=5-10bp;gc_cont=0.628
NODE_62_length_40424_cov_11.448048_11   -            506 12118at72274         -            418     0.018   12.1   1.0   2   3      0.39        71    0.3   0.1   131   162   255   286   208   295 0.75 # 10210 # 11727 # 1 # ID=62_11;partial=00;start_type=ATG;rbs_motif=AGGAG;rbs_spacer=5-10bp;gc_cont=0.628
NODE_62_length_40424_cov_11.448048_11   -            506 12118at72274         -            418     0.018   12.1   1.0   3   3       1.2   2.2e+02   -1.3   0.0   349   392   339   387   325   389 0.67 # 10210 # 11727 # 1 # ID=62_11;partial=00;start_type=ATG;rbs_motif=AGGAG;rbs_spacer=5-10bp;gc_cont=0.628
NODE_46_length_64128_cov_12.217778_24   -            436 12118at72274         -            418     0.036   11.2   0.2   1   1   0.00031     0.057   10.5   0.2   132   160    29    57    23    64 0.91 # 26087 # 27394 # 1 # ID=46_24;partial=00;start_type=ATG;rbs_motif=AGGA/GGAG/GAGG;rbs_spacer=11-12bp;gc_cont=0.609
NODE_77_length_25916_cov_11.455117_9    -            302 12118at72274         -            418     0.043   10.9   1.0   1   2   0.00026     0.048   10.8   0.1   130   164     3    37     1    43 0.88 # 9395 # 10300 # 1 # ID=77_9;partial=00;start_type=ATG;rbs_motif=AGGA;rbs_spacer=5-10bp;gc_cont=0.626
NODE_77_length_25916_cov_11.455117_9    -            302 12118at72274         -            418     0.043   10.9   1.0   2   2       5.4     1e+03   -3.5   0.1   211   230   148   167   135   173 0.66 # 9395 # 10300 # 1 # ID=77_9;partial=00;start_type=ATG;rbs_motif=AGGA;rbs_spacer=5-10bp;gc_cont=0.626
NODE_13_length_124624_cov_11.800035_35  -            460 12118at72274         -            418     0.047   10.8   0.1   1   2      0.97   1.8e+02   -1.0   0.1   133   175     9    52     2    95 0.72 # 59796 # 61175 # -1 # ID=13_35;partial=00;start_type=ATG;rbs_motif=GGAG/GAGG;rbs_spacer=5-10bp;gc_cont=0.637
NODE_13_length_124624_cov_11.800035_35  -            460 12118at72274         -            418     0.047   10.8   0.1   2   2    0.0048      0.88    6.6   0.0   250   410   170   326   165   330 0.61 # 59796 # 61175 # -1 # ID=13_35;partial=00;start_type=ATG;rbs_motif=GGAG/GAGG;rbs_spacer=5-10bp;gc_cont=0.637
NODE_64_length_39806_cov_12.008518_32   -            512 12118at72274         -            418      0.06   10.4   0.0   1   2    0.0068       1.3    6.1   0.0   132   167     8    44     2    48 0.83 # 26143 # 27678 # -1 # ID=64_32;partial=00;start_type=ATG;rbs_motif=GGAG/GAGG;rbs_spacer=5-10bp;gc_cont=0.630
NODE_64_length_39806_cov_12.008518_32   -            512 12118at72274         -            418      0.06   10.4   0.0   2   2      0.15        29    1.6   0.0   123   152   164   194   150   214 0.69 # 26143 # 27678 # -1 # ID=64_32;partial=00;start_type=ATG;rbs_motif=GGAG/GAGG;rbs_spacer=5-10bp;gc_cont=0.630
NODE_70_length_34415_cov_11.462378_18   -            510 12118at72274         -            418     0.068   10.3   1.4   1   2     0.016       2.9    4.9   0.4   130   163     5    38     1    43 0.89 # 20767 # 22296 # 1 # ID=70_18;partial=00;start_type=ATG;rbs_motif=GGA/GAG/AGG;rbs_spacer=5-10bp;gc_cont=0.660
NODE_70_length_34415_cov_11.462378_18   -            510 12118at72274         -            418     0.068   10.3   1.4   2   2     0.026       4.8    4.2   0.0   374   417    64   107    50   108 0.84 # 20767 # 22296 # 1 # ID=70_18;partial=00;start_type=ATG;rbs_motif=GGA/GAG/AGG;rbs_spacer=5-10bp;gc_cont=0.660
NODE_14_length_116145_cov_12.034865_71  -            353 12118at72274         -            418     0.086    9.9   1.4   1   2    0.0086       1.6    5.7   0.4   130   164     6    40     2    49 0.85 # 63671 # 64729 # 1 # ID=14_71;partial=00;start_type=ATG;rbs_motif=GGAG/GAGG;rbs_spacer=5-10bp;gc_cont=0.605
NODE_14_length_116145_cov_12.034865_71  -            353 12118at72274         -            418     0.086    9.9   1.4   2   2     0.059        11    3.0   0.0   320   364   153   197   125   250 0.70 # 63671 # 64729 # 1 # ID=14_71;partial=00;start_type=ATG;rbs_motif=GGAG/GAGG;rbs_spacer=5-10bp;gc_cont=0.605
#
# Program:         hmmsearch
# Version:         3.1b2 (February 2015)
# Pipeline mode:   SEARCH
# Query file:      /data2/PEG/hoaxaca/REAA/Pseudomonas/bin/busco_downloads/lineages/pseudomonadales_odb10/hmms/12118at72274.hmm
# Target file:     /data2/PEG/hoaxaca/REAA/Pseudomonas/bin/../out/busco/trim_def.spades_kmer/prodigal_output/predicted_genes/predicted.faa
# Option settings: hmmsearch --domtblout /data2/PEG/hoaxaca/REAA/Pseudomonas/bin/../out/busco/trim_def.spades_kmer/run_pseudomonadales_odb10/hmmer_output/12118at72274.out --cpu 1 /data2/PEG/hoaxaca/REAA/Pseudomonas/bin/busco_downloads/lineages/pseudomonadales_odb10/hmms/12118at72274.hmm /data2/PEG/hoaxaca/REAA/Pseudomonas/bin/../out/busco/trim_def.spades_kmer/prodigal_output/predicted_genes/predicted.faa 
# Current dir:     /data2/PEG/hoaxaca/REAA/Pseudomonas/bin
# Date:            Mon Feb 20 00:39:13 2023
# [ok]
