#                                                                                              --- full sequence --- -------------- this domain -------------   hmm coord   ali coord   env coord
# target name                          accession   tlen query name           accession   qlen   E-value  score  bias   #  of  c-Evalue  i-Evalue  score  bias  from    to  from    to  from    to  acc description of target
#                  ------------------- ---------- ----- -------------------- ---------- ----- --------- ------ ----- --- --- --------- --------- ------ ----- ----- ----- ----- ----- ----- ----- ---- ---------------------
NODE_3_length_186977_cov_11.850067_58  -            457 13645at72274         -            380    9e-188  622.3  14.5   1   2  5.1e-159  4.6e-156  518.0   4.2     1   285     7   305     7   308 0.95 # 61418 # 62788 # -1 # ID=3_58;partial=00;start_type=ATG;rbs_motif=None;rbs_spacer=None;gc_cont=0.611
NODE_3_length_186977_cov_11.850067_58  -            457 13645at72274         -            380    9e-188  622.3  14.5   2   2   2.2e-34     2e-31  107.8   2.6   284   380   326   456   323   456 0.79 # 61418 # 62788 # -1 # ID=3_58;partial=00;start_type=ATG;rbs_motif=None;rbs_spacer=None;gc_cont=0.611
NODE_16_length_111127_cov_12.288640_78 -            490 13645at72274         -            380   5.5e-33  112.9   1.8   1   2   3.2e-16   2.9e-13   48.0   0.1   201   286     6    92     2   101 0.93 # 71457 # 72926 # 1 # ID=16_78;partial=00;start_type=ATG;rbs_motif=GGAG/GAGG;rbs_spacer=5-10bp;gc_cont=0.591
NODE_16_length_111127_cov_12.288640_78 -            490 13645at72274         -            380   5.5e-33  112.9   1.8   2   2   3.6e-21   3.2e-18   64.3   0.2   191   287   188   288   161   312 0.84 # 71457 # 72926 # 1 # ID=16_78;partial=00;start_type=ATG;rbs_motif=GGAG/GAGG;rbs_spacer=5-10bp;gc_cont=0.591
NODE_80_length_23063_cov_11.281610_13  -            301 13645at72274         -            380     3e-11   41.3   0.1   1   1   5.4e-14   4.8e-11   40.6   0.1   200   288    12   102     6   114 0.89 # 12800 # 13702 # -1 # ID=80_13;partial=00;start_type=ATG;rbs_motif=GGAG/GAGG;rbs_spacer=5-10bp;gc_cont=0.590
NODE_24_length_102382_cov_11.954261_19 -            434 13645at72274         -            380   3.8e-07   27.8   0.1   1   1   5.6e-10     5e-07   27.4   0.1   172   286   170   288   114   314 0.85 # 19000 # 20301 # 1 # ID=24_19;partial=00;start_type=TTG;rbs_motif=AGGAG;rbs_spacer=5-10bp;gc_cont=0.585
NODE_3_length_186977_cov_11.850067_142 -            214 13645at72274         -            380   0.00041   17.8   0.0   1   1   6.7e-07    0.0006   17.3   0.0   196   232    30    66    10    77 0.83 # 148640 # 149281 # -1 # ID=3_142;partial=00;start_type=ATG;rbs_motif=GGA/GAG/AGG;rbs_spacer=5-10bp;gc_cont=0.597
NODE_10_length_127481_cov_12.919170_56 -            367 13645at72274         -            380    0.0028   15.1   1.2   1   2   0.00079      0.71    7.2   0.1   197   221     2    26     1   120 0.74 # 51223 # 52323 # 1 # ID=10_56;partial=00;start_type=ATG;rbs_motif=GGAG/GAGG;rbs_spacer=5-10bp;gc_cont=0.589
NODE_10_length_127481_cov_12.919170_56 -            367 13645at72274         -            380    0.0028   15.1   1.2   2   2    0.0011      0.97    6.7   0.1   149   225   113   193   109   206 0.75 # 51223 # 52323 # 1 # ID=10_56;partial=00;start_type=ATG;rbs_motif=GGAG/GAGG;rbs_spacer=5-10bp;gc_cont=0.589
NODE_83_length_22268_cov_11.724041_6   -            207 13645at72274         -            380      0.01   13.2   0.0   1   1   1.9e-05     0.017   12.5   0.0   201   252    10    60     4   100 0.82 # 5083 # 5703 # -1 # ID=83_6;partial=00;start_type=ATG;rbs_motif=GGA/GAG/AGG;rbs_spacer=5-10bp;gc_cont=0.602
#
# Program:         hmmsearch
# Version:         3.1b2 (February 2015)
# Pipeline mode:   SEARCH
# Query file:      /data2/PEG/hoaxaca/REAA/Pseudomonas/bin/busco_downloads/lineages/pseudomonadales_odb10/hmms/13645at72274.hmm
# Target file:     /data2/PEG/hoaxaca/REAA/Pseudomonas/bin/../out/busco/trim_def.spades_kmer/prodigal_output/predicted_genes/predicted.faa
# Option settings: hmmsearch --domtblout /data2/PEG/hoaxaca/REAA/Pseudomonas/bin/../out/busco/trim_def.spades_kmer/run_pseudomonadales_odb10/hmmer_output/13645at72274.out --cpu 1 /data2/PEG/hoaxaca/REAA/Pseudomonas/bin/busco_downloads/lineages/pseudomonadales_odb10/hmms/13645at72274.hmm /data2/PEG/hoaxaca/REAA/Pseudomonas/bin/../out/busco/trim_def.spades_kmer/prodigal_output/predicted_genes/predicted.faa 
# Current dir:     /data2/PEG/hoaxaca/REAA/Pseudomonas/bin
# Date:            Mon Feb 20 00:39:15 2023
# [ok]
