#                                                                                              --- full sequence --- -------------- this domain -------------   hmm coord   ali coord   env coord
# target name                          accession   tlen query name           accession   qlen   E-value  score  bias   #  of  c-Evalue  i-Evalue  score  bias  from    to  from    to  from    to  acc description of target
#                  ------------------- ---------- ----- -------------------- ---------- ----- --------- ------ ----- --- --- --------- --------- ------ ----- ----- ----- ----- ----- ----- ----- ---- ---------------------
NODE_24_length_102382_cov_11.954261_2  -            405 14812at72274         -            333  1.1e-155  516.5   5.1   1   2   4.8e-06    0.0025   15.7   0.1     1    39     1    51     1    78 0.73 # 1956 # 3170 # 1 # ID=24_2;partial=00;start_type=TTG;rbs_motif=GGxGG;rbs_spacer=5-10bp;gc_cont=0.611
NODE_24_length_102382_cov_11.954261_2  -            405 14812at72274         -            333  1.1e-155  516.5   5.1   2   2  7.1e-154  3.7e-151  501.6   2.5    42   333    90   401    55   401 0.92 # 1956 # 3170 # 1 # ID=24_2;partial=00;start_type=TTG;rbs_motif=GGxGG;rbs_spacer=5-10bp;gc_cont=0.611
NODE_4_length_179944_cov_11.656412_160 -            219 14812at72274         -            333   1.1e-09   36.6   0.0   1   2      0.17        88    0.8   0.0   124   135     2    13     1    21 0.90 # 162813 # 163469 # -1 # ID=4_160;partial=00;start_type=ATG;rbs_motif=GGA/GAG/AGG;rbs_spacer=5-10bp;gc_cont=0.601
NODE_4_length_179944_cov_11.656412_160 -            219 14812at72274         -            333   1.1e-09   36.6   0.0   2   2   1.5e-11   7.9e-09   33.8   0.0   188   312    83   207    49   210 0.88 # 162813 # 163469 # -1 # ID=4_160;partial=00;start_type=ATG;rbs_motif=GGA/GAG/AGG;rbs_spacer=5-10bp;gc_cont=0.601
NODE_6_length_154355_cov_11.215791_92  -            817 14812at72274         -            333   2.3e-09   35.5   0.2   1   2   1.1e-05    0.0056   14.6   0.0   194   237   626   669   612   677 0.93 # 99103 # 101553 # 1 # ID=6_92;partial=00;start_type=ATG;rbs_motif=GGA/GAG/AGG;rbs_spacer=5-10bp;gc_cont=0.667
NODE_6_length_154355_cov_11.215791_92  -            817 14812at72274         -            333   2.3e-09   35.5   0.2   2   2   9.8e-07   0.00051   18.0   0.9   277   326   689   739   675   746 0.82 # 99103 # 101553 # 1 # ID=6_92;partial=00;start_type=ATG;rbs_motif=GGA/GAG/AGG;rbs_spacer=5-10bp;gc_cont=0.667
NODE_50_length_52615_cov_11.250324_7   -            206 14812at72274         -            333   6.6e-09   34.0   0.0   1   1   2.5e-11   1.3e-08   33.1   0.0   166   305    38   173     2   182 0.76 # 8507 # 9124 # 1 # ID=50_7;partial=00;start_type=GTG;rbs_motif=GGAG/GAGG;rbs_spacer=5-10bp;gc_cont=0.578
NODE_1_length_244313_cov_11.834909_51  -            218 14812at72274         -            333   8.7e-09   33.7   0.0   1   2     0.053        28    2.4   0.1   125   137     3    15     1    26 0.88 # 64858 # 65511 # 1 # ID=1_51;partial=00;start_type=ATG;rbs_motif=GGA/GAG/AGG;rbs_spacer=5-10bp;gc_cont=0.598
NODE_1_length_244313_cov_11.834909_51  -            218 14812at72274         -            333   8.7e-09   33.7   0.0   2   2   3.2e-10   1.7e-07   29.4   0.0   186   313    81   208    50   210 0.85 # 64858 # 65511 # 1 # ID=1_51;partial=00;start_type=ATG;rbs_motif=GGA/GAG/AGG;rbs_spacer=5-10bp;gc_cont=0.598
NODE_33_length_81661_cov_11.674602_50  -            275 14812at72274         -            333     1e-08   33.4   1.6   1   2       2.1   1.1e+03   -2.9   0.0   124   136    10    22     7    29 0.85 # 58230 # 59054 # -1 # ID=33_50;partial=00;start_type=ATG;rbs_motif=None;rbs_spacer=None;gc_cont=0.632
NODE_33_length_81661_cov_11.674602_50  -            275 14812at72274         -            333     1e-08   33.4   1.6   2   2   3.5e-11   1.8e-08   32.6   0.5   259   312   197   251   190   260 0.91 # 58230 # 59054 # -1 # ID=33_50;partial=00;start_type=ATG;rbs_motif=None;rbs_spacer=None;gc_cont=0.632
NODE_17_length_110024_cov_11.158876_78 -            734 14812at72274         -            333   1.1e-07   30.1   3.3   1   2   1.5e-06   0.00078   17.4   0.0   194   245   551   602   536   612 0.89 # 89371 # 91572 # -1 # ID=17_78;partial=00;start_type=ATG;rbs_motif=GGAG/GAGG;rbs_spacer=5-10bp;gc_cont=0.654
NODE_17_length_110024_cov_11.158876_78 -            734 14812at72274         -            333   1.1e-07   30.1   3.3   2   2   8.7e-05     0.046   11.6   2.8   273   301   608   637   600   649 0.78 # 89371 # 91572 # -1 # ID=17_78;partial=00;start_type=ATG;rbs_motif=GGAG/GAGG;rbs_spacer=5-10bp;gc_cont=0.654
NODE_34_length_80082_cov_12.111288_40  -            688 14812at72274         -            333   5.7e-07   27.7   4.8   1   3     8e-06    0.0042   15.0   0.0   182   239   441   498   433   504 0.87 # 44166 # 46229 # 1 # ID=34_40;partial=00;start_type=ATG;rbs_motif=GGA/GAG/AGG;rbs_spacer=5-10bp;gc_cont=0.639
NODE_34_length_80082_cov_12.111288_40  -            688 14812at72274         -            333   5.7e-07   27.7   4.8   2   3   5.4e-05     0.028   12.2   2.5   281   321   520   557   503   559 0.79 # 44166 # 46229 # 1 # ID=34_40;partial=00;start_type=ATG;rbs_motif=GGA/GAG/AGG;rbs_spacer=5-10bp;gc_cont=0.639
NODE_34_length_80082_cov_12.111288_40  -            688 14812at72274         -            333   5.7e-07   27.7   4.8   3   3       4.6   2.4e+03   -4.0   0.0   188   208   568   588   564   600 0.77 # 44166 # 46229 # 1 # ID=34_40;partial=00;start_type=ATG;rbs_motif=GGA/GAG/AGG;rbs_spacer=5-10bp;gc_cont=0.639
NODE_9_length_135493_cov_11.866710_104 -            175 14812at72274         -            333   1.8e-06   26.0   0.2   1   3      0.17        91    0.7   0.0   117   135     6    24     2    28 0.82 # 114365 # 114889 # 1 # ID=9_104;partial=00;start_type=ATG;rbs_motif=GGAG/GAGG;rbs_spacer=5-10bp;gc_cont=0.615
NODE_9_length_135493_cov_11.866710_104 -            175 14812at72274         -            333   1.8e-06   26.0   0.2   2   3    0.0045       2.4    5.9   0.0   203   237    48    82    39    88 0.90 # 114365 # 114889 # 1 # ID=9_104;partial=00;start_type=ATG;rbs_motif=GGAG/GAGG;rbs_spacer=5-10bp;gc_cont=0.615
NODE_9_length_135493_cov_11.866710_104 -            175 14812at72274         -            333   1.8e-06   26.0   0.2   3   3   3.9e-06     0.002   16.0   0.1   261   321    88   149    83   152 0.86 # 114365 # 114889 # 1 # ID=9_104;partial=00;start_type=ATG;rbs_motif=GGAG/GAGG;rbs_spacer=5-10bp;gc_cont=0.615
NODE_4_length_179944_cov_11.656412_168 -            757 14812at72274         -            333   2.1e-05   22.5   1.2   1   2   4.3e-05     0.022   12.6   0.0   195   237   583   625   574   637 0.88 # 170536 # 172806 # 1 # ID=4_168;partial=00;start_type=ATG;rbs_motif=GGA/GAG/AGG;rbs_spacer=5-10bp;gc_cont=0.625
NODE_4_length_179944_cov_11.656412_168 -            757 14812at72274         -            333   2.1e-05   22.5   1.2   2   2   0.00081      0.43    8.4   0.4   280   303   648   671   629   684 0.89 # 170536 # 172806 # 1 # ID=4_168;partial=00;start_type=ATG;rbs_motif=GGA/GAG/AGG;rbs_spacer=5-10bp;gc_cont=0.625
NODE_1_length_244313_cov_11.834909_64  -            691 14812at72274         -            333   4.3e-05   21.5   3.6   1   2   7.6e-05      0.04   11.8   0.0   195   239   457   501   445   506 0.90 # 81395 # 83467 # 1 # ID=1_64;partial=00;start_type=ATG;rbs_motif=GGA/GAG/AGG;rbs_spacer=5-10bp;gc_cont=0.645
NODE_1_length_244313_cov_11.834909_64  -            691 14812at72274         -            333   4.3e-05   21.5   3.6   2   2   0.00052      0.27    9.0   1.6   280   320   522   559   505   562 0.77 # 81395 # 83467 # 1 # ID=1_64;partial=00;start_type=ATG;rbs_motif=GGA/GAG/AGG;rbs_spacer=5-10bp;gc_cont=0.645
NODE_23_length_102919_cov_11.261937_79 -            221 14812at72274         -            333      0.04   11.7   0.8   1   2      0.47   2.5e+02   -0.7   0.0   124   137     7    20     3    49 0.74 # 82880 # 83542 # 1 # ID=23_79;partial=00;start_type=GTG;rbs_motif=GGAG/GAGG;rbs_spacer=5-10bp;gc_cont=0.609
NODE_23_length_102919_cov_11.261937_79 -            221 14812at72274         -            333      0.04   11.7   0.8   2   2   0.00049      0.26    9.1   0.5   263   298   148   183    86   199 0.84 # 82880 # 83542 # 1 # ID=23_79;partial=00;start_type=GTG;rbs_motif=GGAG/GAGG;rbs_spacer=5-10bp;gc_cont=0.609
#
# Program:         hmmsearch
# Version:         3.1b2 (February 2015)
# Pipeline mode:   SEARCH
# Query file:      /data2/PEG/hoaxaca/REAA/Pseudomonas/bin/busco_downloads/lineages/pseudomonadales_odb10/hmms/14812at72274.hmm
# Target file:     /data2/PEG/hoaxaca/REAA/Pseudomonas/bin/../out/busco/trim_def.spades_kmer/prodigal_output/predicted_genes/predicted.faa
# Option settings: hmmsearch --domtblout /data2/PEG/hoaxaca/REAA/Pseudomonas/bin/../out/busco/trim_def.spades_kmer/run_pseudomonadales_odb10/hmmer_output/14812at72274.out --cpu 1 /data2/PEG/hoaxaca/REAA/Pseudomonas/bin/busco_downloads/lineages/pseudomonadales_odb10/hmms/14812at72274.hmm /data2/PEG/hoaxaca/REAA/Pseudomonas/bin/../out/busco/trim_def.spades_kmer/prodigal_output/predicted_genes/predicted.faa 
# Current dir:     /data2/PEG/hoaxaca/REAA/Pseudomonas/bin
# Date:            Mon Feb 20 00:39:17 2023
# [ok]
