#                                                                                              --- full sequence --- -------------- this domain -------------   hmm coord   ali coord   env coord
# target name                          accession   tlen query name           accession   qlen   E-value  score  bias   #  of  c-Evalue  i-Evalue  score  bias  from    to  from    to  from    to  acc description of target
#                  ------------------- ---------- ----- -------------------- ---------- ----- --------- ------ ----- --- --- --------- --------- ------ ----- ----- ----- ----- ----- ----- ----- ---- ---------------------
NODE_4_length_179944_cov_11.656412_116 -            433 15329at72274         -            368  9.5e-189  625.2   2.2   1   2   4.5e-40     7e-37  125.5   0.1     1    70     3    72     3    84 0.95 # 117556 # 118854 # 1 # ID=4_116;partial=00;start_type=ATG;rbs_motif=GGA/GAG/AGG;rbs_spacer=5-10bp;gc_cont=0.630
NODE_4_length_179944_cov_11.656412_116 -            433 15329at72274         -            368  9.5e-189  625.2   2.2   2   2    5e-152  7.8e-149  493.8   0.3    61   368    82   432    73   432 0.92 # 117556 # 118854 # 1 # ID=4_116;partial=00;start_type=ATG;rbs_motif=GGA/GAG/AGG;rbs_spacer=5-10bp;gc_cont=0.630
NODE_83_length_22268_cov_11.724041_12  -            302 15329at72274         -            368   1.7e-20   71.5   0.5   1   2   5.4e-12   8.4e-09   33.1   0.0     5    66    14    76    10   111 0.87 # 9643 # 10548 # -1 # ID=83_12;partial=00;start_type=ATG;rbs_motif=GGAG/GAGG;rbs_spacer=5-10bp;gc_cont=0.611
NODE_83_length_22268_cov_11.724041_12  -            302 15329at72274         -            368   1.7e-20   71.5   0.5   2   2   5.8e-11   9.1e-08   29.7   0.2   132   227   179   296   171   299 0.80 # 9643 # 10548 # -1 # ID=83_12;partial=00;start_type=ATG;rbs_motif=GGAG/GAGG;rbs_spacer=5-10bp;gc_cont=0.611
NODE_13_length_124624_cov_11.800035_33 -            299 15329at72274         -            368   1.3e-05   22.6   0.0   1   2   1.4e-05     0.023   11.9   0.0   273   343    61   130    54   147 0.85 # 57481 # 58377 # 1 # ID=13_33;partial=00;start_type=ATG;rbs_motif=AGGAG;rbs_spacer=5-10bp;gc_cont=0.611
NODE_13_length_124624_cov_11.800035_33 -            299 15329at72274         -            368   1.3e-05   22.6   0.0   2   2   0.00014      0.23    8.6   0.0   290   327   221   258   199   276 0.83 # 57481 # 58377 # 1 # ID=13_33;partial=00;start_type=ATG;rbs_motif=AGGAG;rbs_spacer=5-10bp;gc_cont=0.611
NODE_5_length_163274_cov_11.816932_95  -            159 15329at72274         -            368     0.025   11.8   0.0   1   1   2.1e-05     0.034   11.4   0.0   282   343    68   130    56   138 0.80 # 90733 # 91209 # 1 # ID=5_95;partial=00;start_type=ATG;rbs_motif=GGAGG;rbs_spacer=5-10bp;gc_cont=0.587
#
# Program:         hmmsearch
# Version:         3.1b2 (February 2015)
# Pipeline mode:   SEARCH
# Query file:      /data2/PEG/hoaxaca/REAA/Pseudomonas/bin/busco_downloads/lineages/pseudomonadales_odb10/hmms/15329at72274.hmm
# Target file:     /data2/PEG/hoaxaca/REAA/Pseudomonas/bin/../out/busco/trim_def.spades_kmer/prodigal_output/predicted_genes/predicted.faa
# Option settings: hmmsearch --domtblout /data2/PEG/hoaxaca/REAA/Pseudomonas/bin/../out/busco/trim_def.spades_kmer/run_pseudomonadales_odb10/hmmer_output/15329at72274.out --cpu 1 /data2/PEG/hoaxaca/REAA/Pseudomonas/bin/busco_downloads/lineages/pseudomonadales_odb10/hmms/15329at72274.hmm /data2/PEG/hoaxaca/REAA/Pseudomonas/bin/../out/busco/trim_def.spades_kmer/prodigal_output/predicted_genes/predicted.faa 
# Current dir:     /data2/PEG/hoaxaca/REAA/Pseudomonas/bin
# Date:            Mon Feb 20 00:39:18 2023
# [ok]
