#                                                                                              --- full sequence --- -------------- this domain -------------   hmm coord   ali coord   env coord
# target name                          accession   tlen query name           accession   qlen   E-value  score  bias   #  of  c-Evalue  i-Evalue  score  bias  from    to  from    to  from    to  acc description of target
#                  ------------------- ---------- ----- -------------------- ---------- ----- --------- ------ ----- --- --- --------- --------- ------ ----- ----- ----- ----- ----- ----- ----- ---- ---------------------
NODE_26_length_101577_cov_11.283884_20 -            451 17191at72274         -            353  2.1e-141  469.6   2.3   1   1  2.6e-143  2.3e-140  466.2   2.3     9   352    27   448    22   449 0.86 # 19905 # 21257 # -1 # ID=26_20;partial=00;start_type=ATG;rbs_motif=None;rbs_spacer=None;gc_cont=0.626
NODE_27_length_97149_cov_11.704119_9   -            360 17191at72274         -            353   1.5e-25   88.5   0.0   1   1     2e-27   1.8e-24   85.0   0.0   197   350   178   355   164   358 0.80 # 9664 # 10743 # -1 # ID=27_9;partial=00;start_type=ATG;rbs_motif=None;rbs_spacer=None;gc_cont=0.622
NODE_17_length_110024_cov_11.158876_14 -            249 17191at72274         -            353   8.7e-05   20.3   0.0   1   1   1.5e-07   0.00014   19.6   0.0   215   273    38   100     4   111 0.79 # 19182 # 19928 # 1 # ID=17_14;partial=00;start_type=ATG;rbs_motif=GGA/GAG/AGG;rbs_spacer=5-10bp;gc_cont=0.578
NODE_10_length_127481_cov_12.919170_47 -            276 17191at72274         -            353    0.0029   15.3   0.0   1   1   4.3e-06    0.0039   14.8   0.0   209   272    95   167    68   188 0.71 # 42035 # 42862 # -1 # ID=10_47;partial=00;start_type=ATG;rbs_motif=GGA/GAG/AGG;rbs_spacer=5-10bp;gc_cont=0.658
NODE_49_length_55188_cov_11.632571_2   -            243 17191at72274         -            353    0.0095   13.6   0.0   1   1   1.5e-05     0.013   13.1   0.0   222   274    45    99    35   107 0.85 # 169 # 897 # 1 # ID=49_2;partial=00;start_type=ATG;rbs_motif=GGAG/GAGG;rbs_spacer=5-10bp;gc_cont=0.609
NODE_17_length_110024_cov_11.158876_52 -            250 17191at72274         -            353     0.029   12.0   0.0   1   1   4.5e-05     0.041   11.5   0.0   222   284    44   112    27   116 0.73 # 63086 # 63835 # 1 # ID=17_52;partial=00;start_type=ATG;rbs_motif=GGxGG;rbs_spacer=5-10bp;gc_cont=0.633
NODE_26_length_101577_cov_11.283884_91 -            217 17191at72274         -            353     0.033   11.8   0.0   1   1   5.2e-05     0.047   11.3   0.0   209   259    43    97    39   188 0.83 # 94997 # 95647 # -1 # ID=26_91;partial=00;start_type=ATG;rbs_motif=GGA/GAG/AGG;rbs_spacer=5-10bp;gc_cont=0.651
#
# Program:         hmmsearch
# Version:         3.1b2 (February 2015)
# Pipeline mode:   SEARCH
# Query file:      /data2/PEG/hoaxaca/REAA/Pseudomonas/bin/busco_downloads/lineages/pseudomonadales_odb10/hmms/17191at72274.hmm
# Target file:     /data2/PEG/hoaxaca/REAA/Pseudomonas/bin/../out/busco/trim_def.spades_kmer/prodigal_output/predicted_genes/predicted.faa
# Option settings: hmmsearch --domtblout /data2/PEG/hoaxaca/REAA/Pseudomonas/bin/../out/busco/trim_def.spades_kmer/run_pseudomonadales_odb10/hmmer_output/17191at72274.out --cpu 1 /data2/PEG/hoaxaca/REAA/Pseudomonas/bin/busco_downloads/lineages/pseudomonadales_odb10/hmms/17191at72274.hmm /data2/PEG/hoaxaca/REAA/Pseudomonas/bin/../out/busco/trim_def.spades_kmer/prodigal_output/predicted_genes/predicted.faa 
# Current dir:     /data2/PEG/hoaxaca/REAA/Pseudomonas/bin
# Date:            Mon Feb 20 00:39:20 2023
# [ok]
