#                                                                                               --- full sequence --- -------------- this domain -------------   hmm coord   ali coord   env coord
# target name                           accession   tlen query name           accession   qlen   E-value  score  bias   #  of  c-Evalue  i-Evalue  score  bias  from    to  from    to  from    to  acc description of target
#                   ------------------- ---------- ----- -------------------- ---------- ----- --------- ------ ----- --- --- --------- --------- ------ ----- ----- ----- ----- ----- ----- ----- ---- ---------------------
NODE_11_length_127457_cov_11.778520_61  -            479 19630at72274         -            384  2.2e-211  700.0   7.0   1   3   6.4e-08   4.4e-06   24.2   0.3     1    23     7    29     7    45 0.89 # 70984 # 72420 # 1 # ID=11_61;partial=00;start_type=ATG;rbs_motif=AGGAG;rbs_spacer=5-10bp;gc_cont=0.634
NODE_11_length_127457_cov_11.778520_61  -            479 19630at72274         -            384  2.2e-211  700.0   7.0   2   3   5.2e-33   3.6e-31  106.8   0.0    18    90    44   125    36   137 0.88 # 70984 # 72420 # 1 # ID=11_61;partial=00;start_type=ATG;rbs_motif=AGGAG;rbs_spacer=5-10bp;gc_cont=0.634
NODE_11_length_127457_cov_11.778520_61  -            479 19630at72274         -            384  2.2e-211  700.0   7.0   3   3  2.2e-174  1.5e-172  572.1   0.4    81   384   135   465   127   465 0.96 # 70984 # 72420 # 1 # ID=11_61;partial=00;start_type=ATG;rbs_motif=AGGAG;rbs_spacer=5-10bp;gc_cont=0.634
NODE_58_length_42083_cov_11.941439_28   -            466 19630at72274         -            384   3.9e-96  320.6   0.5   1   1   3.4e-95   2.3e-93  311.4   0.2    16   383    40   457    36   458 0.85 # 40028 # 41425 # 1 # ID=58_28;partial=00;start_type=ATG;rbs_motif=GGAG/GAGG;rbs_spacer=5-10bp;gc_cont=0.628
NODE_8_length_136322_cov_13.267910_23   -            479 19630at72274         -            384   8.5e-96  319.5   0.1   1   2   6.4e-14   4.4e-12   43.9   0.0    23    84    46   112    35   121 0.87 # 23130 # 24566 # 1 # ID=8_23;partial=00;start_type=ATG;rbs_motif=GGA/GAG/AGG;rbs_spacer=5-10bp;gc_cont=0.608
NODE_8_length_136322_cov_13.267910_23   -            479 19630at72274         -            384   8.5e-96  319.5   0.1   2   2   1.2e-83   8.2e-82  273.4   0.0    85   317   148   386   141   408 0.94 # 23130 # 24566 # 1 # ID=8_23;partial=00;start_type=ATG;rbs_motif=GGA/GAG/AGG;rbs_spacer=5-10bp;gc_cont=0.608
NODE_11_length_127457_cov_11.778520_109 -            462 19630at72274         -            384   1.5e-86  289.1   0.8   1   3       2.3   1.6e+02   -0.7   0.0     2    26    10    34     9    47 0.82 # 117895 # 119280 # 1 # ID=11_109;partial=00;start_type=ATG;rbs_motif=GGAG/GAGG;rbs_spacer=5-10bp;gc_cont=0.640
NODE_11_length_127457_cov_11.778520_109 -            462 19630at72274         -            384   1.5e-86  289.1   0.8   2   3     2e-15   1.4e-13   48.9   0.0    17    86    45   123    39   127 0.89 # 117895 # 119280 # 1 # ID=11_109;partial=00;start_type=ATG;rbs_motif=GGAG/GAGG;rbs_spacer=5-10bp;gc_cont=0.640
NODE_11_length_127457_cov_11.778520_109 -            462 19630at72274         -            384   1.5e-86  289.1   0.8   3   3   8.7e-73     6e-71  237.7   0.1    85   382   146   446   135   448 0.92 # 117895 # 119280 # 1 # ID=11_109;partial=00;start_type=ATG;rbs_motif=GGAG/GAGG;rbs_spacer=5-10bp;gc_cont=0.640
NODE_55_length_48402_cov_11.691642_27   -            461 19630at72274         -            384   2.7e-86  288.2   1.6   1   1   1.2e-86   8.4e-85  283.3   1.6    16   381    40   445     5   448 0.83 # 26255 # 27637 # -1 # ID=55_27;partial=00;start_type=ATG;rbs_motif=GGAG/GAGG;rbs_spacer=5-10bp;gc_cont=0.652
NODE_65_length_38966_cov_12.691238_2    -            447 19630at72274         -            384   5.8e-86  287.1   0.6   1   2   1.6e-12   1.1e-10   39.4   0.0    23    94    53   133    39   146 0.82 # 625 # 1965 # -1 # ID=65_2;partial=00;start_type=ATG;rbs_motif=GGA/GAG/AGG;rbs_spacer=5-10bp;gc_cont=0.623
NODE_65_length_38966_cov_12.691238_2    -            447 19630at72274         -            384   5.8e-86  287.1   0.6   2   2   6.7e-75   4.6e-73  244.6   0.3    86   383   149   443   140   444 0.93 # 625 # 1965 # -1 # ID=65_2;partial=00;start_type=ATG;rbs_motif=GGA/GAG/AGG;rbs_spacer=5-10bp;gc_cont=0.623
NODE_73_length_31480_cov_11.371543_19   -            444 19630at72274         -            384   4.9e-84  280.8   0.4   1   3       2.5   1.7e+02   -0.8   0.0     1    25     5    29     5    33 0.84 # 20323 # 21654 # -1 # ID=73_19;partial=00;start_type=ATG;rbs_motif=AGGA/GGAG/GAGG;rbs_spacer=11-12bp;gc_cont=0.642
NODE_73_length_31480_cov_11.371543_19   -            444 19630at72274         -            384   4.9e-84  280.8   0.4   2   3   8.2e-14   5.6e-12   43.6   0.0    20    86    44   119    36   133 0.87 # 20323 # 21654 # -1 # ID=73_19;partial=00;start_type=ATG;rbs_motif=AGGA/GGAG/GAGG;rbs_spacer=11-12bp;gc_cont=0.642
NODE_73_length_31480_cov_11.371543_19   -            444 19630at72274         -            384   4.9e-84  280.8   0.4   3   3   1.2e-71   8.2e-70  233.9   0.0    86   306   143   369   133   436 0.93 # 20323 # 21654 # -1 # ID=73_19;partial=00;start_type=ATG;rbs_motif=AGGA/GGAG/GAGG;rbs_spacer=11-12bp;gc_cont=0.642
NODE_18_length_109480_cov_12.152470_13  -            511 19630at72274         -            384   1.1e-78  263.1   0.0   1   1   2.2e-80   1.5e-78  262.7   0.0    84   383   196   500   190   501 0.96 # 13252 # 14784 # -1 # ID=18_13;partial=00;start_type=ATG;rbs_motif=GGA/GAG/AGG;rbs_spacer=5-10bp;gc_cont=0.603
NODE_33_length_81661_cov_11.674602_48   -            443 19630at72274         -            384   1.8e-78  262.5   0.1   1   1   3.6e-80   2.5e-78  262.0   0.1    85   380   137   437   134   441 0.96 # 56161 # 57489 # -1 # ID=33_48;partial=00;start_type=ATG;rbs_motif=AGGA;rbs_spacer=5-10bp;gc_cont=0.631
NODE_55_length_48402_cov_11.691642_29   -            492 19630at72274         -            384   2.4e-78  262.0   0.3   1   2   4.6e-78   3.2e-76  255.0   0.1    86   316   145   380   141   416 0.91 # 28965 # 30440 # -1 # ID=55_29;partial=00;start_type=ATG;rbs_motif=GGA/GAG/AGG;rbs_spacer=11-12bp;gc_cont=0.614
NODE_55_length_48402_cov_11.691642_29   -            492 19630at72274         -            384   2.4e-78  262.0   0.3   2   2      0.04       2.8    5.1   0.0   338   384   434   480   429   480 0.90 # 28965 # 30440 # -1 # ID=55_29;partial=00;start_type=ATG;rbs_motif=GGA/GAG/AGG;rbs_spacer=11-12bp;gc_cont=0.614
NODE_3_length_186977_cov_11.850067_150  -            449 19630at72274         -            384   3.7e-78  261.4   0.1   1   1   3.3e-78   2.3e-76  255.5   0.1    39   382    78   446    43   448 0.82 # 156910 # 158256 # -1 # ID=3_150;partial=00;start_type=ATG;rbs_motif=GGAG/GAGG;rbs_spacer=5-10bp;gc_cont=0.613
NODE_93_length_12943_cov_11.624766_3    -            503 19630at72274         -            384   4.6e-75  251.2   0.0   1   1   8.2e-77   5.7e-75  250.9   0.0    86   366   192   481   145   498 0.87 # 1599 # 3107 # -1 # ID=93_3;partial=00;start_type=ATG;rbs_motif=None;rbs_spacer=None;gc_cont=0.657
NODE_86_length_18713_cov_12.327612_12   -            368 19630at72274         -            384   2.4e-74  248.9   0.1   1   1   5.9e-75   4.1e-73  244.8   0.1    77   379    11   341     8   347 0.82 # 10526 # 11629 # 1 # ID=86_12;partial=00;start_type=ATG;rbs_motif=GGAG/GAGG;rbs_spacer=5-10bp;gc_cont=0.619
NODE_15_length_113078_cov_11.607042_85  -            363 19630at72274         -            384   1.7e-73  246.1   0.2   1   1   9.3e-75   6.4e-73  244.2   0.2    78   377    12   332     9   340 0.85 # 86180 # 87268 # -1 # ID=15_85;partial=00;start_type=ATG;rbs_motif=GGA/GAG/AGG;rbs_spacer=5-10bp;gc_cont=0.623
NODE_29_length_96877_cov_11.324072_19   -            635 19630at72274         -            384   2.1e-70  235.9   0.0   1   1   4.2e-72   2.9e-70  235.4   0.0    91   382   335   630   316   632 0.89 # 20227 # 22131 # 1 # ID=29_19;partial=00;start_type=ATG;rbs_motif=AGGA/GGAG/GAGG;rbs_spacer=11-12bp;gc_cont=0.633
NODE_18_length_109480_cov_12.152470_32  -            466 19630at72274         -            384   5.1e-70  234.6   0.0   1   1   1.2e-71   8.1e-70  234.0   0.0    86   383   157   463   148   464 0.85 # 36206 # 37603 # 1 # ID=18_32;partial=00;start_type=ATG;rbs_motif=GGxGG;rbs_spacer=5-10bp;gc_cont=0.616
NODE_38_length_76730_cov_12.020195_36   -            515 19630at72274         -            384   1.1e-69  233.6   0.2   1   1   3.4e-71   2.4e-69  232.4   0.2    83   383   190   512   184   513 0.88 # 38468 # 40012 # -1 # ID=38_36;partial=00;start_type=ATG;rbs_motif=AGGAG;rbs_spacer=5-10bp;gc_cont=0.665
NODE_55_length_48402_cov_11.691642_43   -            522 19630at72274         -            384   3.4e-63  212.2   0.0   1   1   5.9e-65   4.1e-63  211.9   0.0    86   314   207   442   175   515 0.86 # 45003 # 46568 # -1 # ID=55_43;partial=00;start_type=ATG;rbs_motif=None;rbs_spacer=None;gc_cont=0.625
NODE_54_length_48637_cov_11.774974_11   -            609 19630at72274         -            384     1e-58  197.4   0.0   1   1   2.2e-60   1.5e-58  196.9   0.0    94   381   316   603   304   606 0.85 # 11148 # 12974 # 1 # ID=54_11;partial=00;start_type=ATG;rbs_motif=GGA/GAG/AGG;rbs_spacer=5-10bp;gc_cont=0.610
NODE_97_length_10488_cov_11.462600_8    -            309 19630at72274         -            384   3.2e-56  189.2   0.0   1   1   5.6e-58   3.9e-56  188.9   0.0   100   347    42   295    18   306 0.88 # 6392 # 7318 # -1 # ID=97_8;partial=00;start_type=ATG;rbs_motif=GGAG/GAGG;rbs_spacer=5-10bp;gc_cont=0.631
NODE_10_length_127481_cov_12.919170_57  -            308 19630at72274         -            384   6.4e-52  175.0   0.0   1   1   1.5e-53     1e-51  174.4   0.0   101   383    25   303    15   304 0.91 # 52745 # 53668 # 1 # ID=10_57;partial=00;start_type=ATG;rbs_motif=GGAG/GAGG;rbs_spacer=5-10bp;gc_cont=0.578
NODE_53_length_49636_cov_11.893191_40   -            536 19630at72274         -            384   2.1e-39  133.8   0.1   1   1   4.3e-41     3e-39  133.3   0.1    86   318   190   437   160   454 0.84 # 39762 # 41369 # 1 # ID=53_40;partial=00;start_type=ATG;rbs_motif=None;rbs_spacer=None;gc_cont=0.627
NODE_40_length_70224_cov_11.895987_31   -            187 19630at72274         -            384   3.8e-09   34.2   1.2   1   3       2.9     2e+02   -1.0   0.0     3    25    17    39    15    57 0.83 # 31435 # 31995 # -1 # ID=40_31;partial=00;start_type=ATG;rbs_motif=AGGAG;rbs_spacer=5-10bp;gc_cont=0.654
NODE_40_length_70224_cov_11.895987_31   -            187 19630at72274         -            384   3.8e-09   34.2   1.2   2   3   3.3e-09   2.3e-07   28.4   0.0    32    81    75   124    68   140 0.91 # 31435 # 31995 # -1 # ID=40_31;partial=00;start_type=ATG;rbs_motif=AGGAG;rbs_spacer=5-10bp;gc_cont=0.654
NODE_40_length_70224_cov_11.895987_31   -            187 19630at72274         -            384   3.8e-09   34.2   1.2   3   3     0.098       6.8    3.8   0.2   350   381   150   181   133   184 0.89 # 31435 # 31995 # -1 # ID=40_31;partial=00;start_type=ATG;rbs_motif=AGGAG;rbs_spacer=5-10bp;gc_cont=0.654
NODE_88_length_17388_cov_12.191588_13   -            202 19630at72274         -            384   7.2e-09   33.3   0.3   1   2       1.2        82    0.3   0.1     1    17     8    24     8    35 0.80 # 12246 # 12851 # -1 # ID=88_13;partial=00;start_type=ATG;rbs_motif=None;rbs_spacer=None;gc_cont=0.606
NODE_88_length_17388_cov_12.191588_13   -            202 19630at72274         -            384   7.2e-09   33.3   0.3   2   2   4.5e-10   3.1e-08   31.2   0.0    20    99    47   135    36   178 0.79 # 12246 # 12851 # -1 # ID=88_13;partial=00;start_type=ATG;rbs_motif=None;rbs_spacer=None;gc_cont=0.606
NODE_16_length_111127_cov_12.288640_22  -            237 19630at72274         -            384   8.1e-08   29.9   0.0   1   2       7.7   5.3e+02   -2.4   0.0     2    24     5    27     4    31 0.83 # 22152 # 22862 # 1 # ID=16_22;partial=00;start_type=GTG;rbs_motif=None;rbs_spacer=None;gc_cont=0.624
NODE_16_length_111127_cov_12.288640_22  -            237 19630at72274         -            384   8.1e-08   29.9   0.0   2   2   2.8e-09   1.9e-07   28.7   0.0    17   105    40   137    34   144 0.83 # 22152 # 22862 # 1 # ID=16_22;partial=00;start_type=GTG;rbs_motif=None;rbs_spacer=None;gc_cont=0.624
NODE_6_length_154355_cov_11.215791_38   -            394 19630at72274         -            384   1.6e-07   28.9   0.2   1   1   1.9e-08   1.3e-06   25.9   0.2    17    73    44   109     8   138 0.84 # 35955 # 37136 # -1 # ID=6_38;partial=00;start_type=ATG;rbs_motif=None;rbs_spacer=None;gc_cont=0.596
NODE_30_length_94682_cov_11.138521_36   -            224 19630at72274         -            384     2e-07   28.6   0.0   1   1   4.1e-09   2.8e-07   28.1   0.0    17    82    39   113    32   131 0.82 # 35711 # 36382 # 1 # ID=30_36;partial=00;start_type=ATG;rbs_motif=GGAG/GAGG;rbs_spacer=5-10bp;gc_cont=0.631
NODE_36_length_78655_cov_11.689206_27   -            300 19630at72274         -            384   2.7e-07   28.2   0.0   1   2         3   2.1e+02   -1.1   0.0     1    29     6    34     6    42 0.88 # 29571 # 30470 # -1 # ID=36_27;partial=00;start_type=ATG;rbs_motif=AGGA;rbs_spacer=5-10bp;gc_cont=0.611
NODE_36_length_78655_cov_11.689206_27   -            300 19630at72274         -            384   2.7e-07   28.2   0.0   2   2   1.3e-08     9e-07   26.4   0.0    18    94    45   132    34   153 0.86 # 29571 # 30470 # -1 # ID=36_27;partial=00;start_type=ATG;rbs_motif=AGGA;rbs_spacer=5-10bp;gc_cont=0.611
NODE_5_length_163274_cov_11.816932_161  -            402 19630at72274         -            384   3.2e-07   27.9   0.2   1   3   1.9e-08   1.3e-06   25.9   0.0    25   103    53   143    36   166 0.74 # 155527 # 156732 # 1 # ID=5_161;partial=00;start_type=ATG;rbs_motif=GGA/GAG/AGG;rbs_spacer=5-10bp;gc_cont=0.606
NODE_5_length_163274_cov_11.816932_161  -            402 19630at72274         -            384   3.2e-07   27.9   0.2   2   3     0.063       4.3    4.4   0.1   212   278   124   191   118   234 0.81 # 155527 # 156732 # 1 # ID=5_161;partial=00;start_type=ATG;rbs_motif=GGA/GAG/AGG;rbs_spacer=5-10bp;gc_cont=0.606
NODE_5_length_163274_cov_11.816932_161  -            402 19630at72274         -            384   3.2e-07   27.9   0.2   3   3       5.1   3.5e+02   -1.9   0.0   242   280   233   273   205   283 0.77 # 155527 # 156732 # 1 # ID=5_161;partial=00;start_type=ATG;rbs_motif=GGA/GAG/AGG;rbs_spacer=5-10bp;gc_cont=0.606
NODE_37_length_78648_cov_11.643229_5    -            242 19630at72274         -            384   4.3e-07   27.5   0.0   1   1   9.1e-09   6.3e-07   26.9   0.0    17    85    59   136    49   150 0.81 # 3090 # 3815 # 1 # ID=37_5;partial=00;start_type=ATG;rbs_motif=GGA/GAG/AGG;rbs_spacer=5-10bp;gc_cont=0.635
NODE_66_length_38408_cov_11.433557_31   -            247 19630at72274         -            384   4.9e-07   27.3   0.0   1   2       5.2   3.6e+02   -1.9   0.0     1    22    13    34    13    37 0.87 # 36107 # 36847 # 1 # ID=66_31;partial=00;start_type=ATG;rbs_motif=AGGAG;rbs_spacer=5-10bp;gc_cont=0.621
NODE_66_length_38408_cov_11.433557_31   -            247 19630at72274         -            384   4.9e-07   27.3   0.0   2   2   1.9e-08   1.3e-06   25.9   0.0    25    83    57   124    44   132 0.77 # 36107 # 36847 # 1 # ID=66_31;partial=00;start_type=ATG;rbs_motif=AGGAG;rbs_spacer=5-10bp;gc_cont=0.621
NODE_2_length_235110_cov_12.031228_9    -            233 19630at72274         -            384   5.2e-07   27.2   0.1   1   2       4.6   3.2e+02   -1.7   0.0     1    33    13    45    13    62 0.73 # 7805 # 8503 # -1 # ID=2_9;partial=00;start_type=ATG;rbs_motif=AGGAG;rbs_spacer=5-10bp;gc_cont=0.641
NODE_2_length_235110_cov_12.031228_9    -            233 19630at72274         -            384   5.2e-07   27.2   0.1   2   2   1.5e-08     1e-06   26.3   0.0    18    82    50   125    30   143 0.82 # 7805 # 8503 # -1 # ID=2_9;partial=00;start_type=ATG;rbs_motif=AGGAG;rbs_spacer=5-10bp;gc_cont=0.641
NODE_1_length_244313_cov_11.834909_18   -            227 19630at72274         -            384   5.2e-07   27.2   0.0   1   1   9.9e-09   6.8e-07   26.8   0.0    19    83    41   114    33   149 0.76 # 15432 # 16112 # -1 # ID=1_18;partial=00;start_type=ATG;rbs_motif=GGA/GAG/AGG;rbs_spacer=5-10bp;gc_cont=0.656
NODE_23_length_102919_cov_11.261937_64  -            243 19630at72274         -            384   6.8e-07   26.9   0.0   1   1     2e-08   1.4e-06   25.8   0.0    20    77    50   115    43   130 0.82 # 66543 # 67271 # 1 # ID=23_64;partial=00;start_type=ATG;rbs_motif=None;rbs_spacer=None;gc_cont=0.627
NODE_43_length_65404_cov_11.446038_17   -            122 19630at72274         -            384   7.3e-07   26.7   0.0   1   1   1.9e-08   1.3e-06   25.9   0.0    19    84    42   118    38   120 0.83 # 17395 # 17760 # -1 # ID=43_17;partial=00;start_type=ATG;rbs_motif=GGA/GAG/AGG;rbs_spacer=5-10bp;gc_cont=0.593
NODE_16_length_111127_cov_12.288640_44  -            221 19630at72274         -            384   9.6e-07   26.3   0.0   1   1   2.1e-08   1.5e-06   25.8   0.0    16    82    38   113    31   128 0.84 # 42845 # 43507 # 1 # ID=16_44;partial=00;start_type=ATG;rbs_motif=GGA/GAG/AGG;rbs_spacer=5-10bp;gc_cont=0.650
NODE_25_length_101630_cov_11.421879_80  -            237 19630at72274         -            384   1.1e-06   26.2   0.3   1   2      0.22        15    2.6   0.0     2    25     8    31     7    37 0.90 # 83037 # 83747 # -1 # ID=25_80;partial=00;start_type=ATG;rbs_motif=GGA/GAG/AGG;rbs_spacer=11-12bp;gc_cont=0.636
NODE_25_length_101630_cov_11.421879_80  -            237 19630at72274         -            384   1.1e-06   26.2   0.3   2   2   3.8e-07   2.6e-05   21.6   0.0    23    82    49   116    38   126 0.81 # 83037 # 83747 # -1 # ID=25_80;partial=00;start_type=ATG;rbs_motif=GGA/GAG/AGG;rbs_spacer=11-12bp;gc_cont=0.636
NODE_15_length_113078_cov_11.607042_34  -            224 19630at72274         -            384   1.2e-06   26.0   0.0   1   1   2.9e-08     2e-06   25.3   0.0    22    81    44   111    35   123 0.83 # 35669 # 36340 # -1 # ID=15_34;partial=00;start_type=ATG;rbs_motif=GGA/GAG/AGG;rbs_spacer=5-10bp;gc_cont=0.631
NODE_15_length_113078_cov_11.607042_22  -            222 19630at72274         -            384   1.5e-06   25.7   0.0   1   1   3.1e-08   2.2e-06   25.2   0.0    17    82    39   113    26   124 0.83 # 24590 # 25255 # -1 # ID=15_22;partial=00;start_type=ATG;rbs_motif=AGGAG;rbs_spacer=5-10bp;gc_cont=0.643
NODE_44_length_65388_cov_12.121420_68   -            228 19630at72274         -            384   2.7e-06   24.9   0.0   1   1   5.6e-08   3.9e-06   24.4   0.0    21    82    43   114    37   127 0.79 # 61370 # 62053 # 1 # ID=44_68;partial=00;start_type=ATG;rbs_motif=GGAG/GAGG;rbs_spacer=5-10bp;gc_cont=0.599
NODE_1_length_244313_cov_11.834909_66   -            231 19630at72274         -            384   3.1e-06   24.7   0.1   1   3      0.75        52    0.9   0.0     1    29     6    34     6    42 0.89 # 86245 # 86937 # 1 # ID=1_66;partial=00;start_type=ATG;rbs_motif=GGA/GAG/AGG;rbs_spacer=5-10bp;gc_cont=0.646
NODE_1_length_244313_cov_11.834909_66   -            231 19630at72274         -            384   3.1e-06   24.7   0.1   2   3   9.9e-07   6.8e-05   20.3   0.0    20    90    45   123    30   139 0.77 # 86245 # 86937 # 1 # ID=1_66;partial=00;start_type=ATG;rbs_motif=GGA/GAG/AGG;rbs_spacer=5-10bp;gc_cont=0.646
NODE_1_length_244313_cov_11.834909_66   -            231 19630at72274         -            384   3.1e-06   24.7   0.1   3   3       1.3        92    0.1   0.0   237   269   188   220   140   226 0.83 # 86245 # 86937 # 1 # ID=1_66;partial=00;start_type=ATG;rbs_motif=GGA/GAG/AGG;rbs_spacer=5-10bp;gc_cont=0.646
NODE_45_length_65058_cov_11.003096_13   -            247 19630at72274         -            384   3.9e-06   24.4   0.3   1   2      0.21        14    2.7   0.0     1    29     7    36     7    42 0.78 # 13448 # 14188 # 1 # ID=45_13;partial=00;start_type=ATG;rbs_motif=GGAG/GAGG;rbs_spacer=5-10bp;gc_cont=0.636
NODE_45_length_65058_cov_11.003096_13   -            247 19630at72274         -            384   3.9e-06   24.4   0.3   2   2   8.7e-07     6e-05   20.4   0.1     4    82    34   118    31   125 0.78 # 13448 # 14188 # 1 # ID=45_13;partial=00;start_type=ATG;rbs_motif=GGAG/GAGG;rbs_spacer=5-10bp;gc_cont=0.636
NODE_36_length_78655_cov_11.689206_23   -            230 19630at72274         -            384   4.4e-06   24.2   0.0   1   2       2.1   1.5e+02   -0.6   0.0     1    25     6    30     6    34 0.87 # 25327 # 26016 # 1 # ID=36_23;partial=00;start_type=ATG;rbs_motif=GGAG/GAGG;rbs_spacer=5-10bp;gc_cont=0.626
NODE_36_length_78655_cov_11.689206_23   -            230 19630at72274         -            384   4.4e-06   24.2   0.0   2   2   3.7e-07   2.5e-05   21.7   0.0    20    84    45   120    35   136 0.73 # 25327 # 26016 # 1 # ID=36_23;partial=00;start_type=ATG;rbs_motif=GGAG/GAGG;rbs_spacer=5-10bp;gc_cont=0.626
NODE_1_length_244313_cov_11.834909_107  -            277 19630at72274         -            384   9.8e-06   23.0   0.0   1   1   2.6e-07   1.8e-05   22.2   0.0    14    85    82   161    76   178 0.85 # 131998 # 132828 # 1 # ID=1_107;partial=00;start_type=ATG;rbs_motif=None;rbs_spacer=None;gc_cont=0.639
NODE_5_length_163274_cov_11.816932_158  -           1166 19630at72274         -            384   2.4e-05   21.8   0.1   1   2      0.84        58    0.7   0.0    20    40   814   834   809   888 0.71 # 150624 # 154121 # 1 # ID=5_158;partial=00;start_type=ATG;rbs_motif=GGA/GAG/AGG;rbs_spacer=5-10bp;gc_cont=0.601
NODE_5_length_163274_cov_11.816932_158  -           1166 19630at72274         -            384   2.4e-05   21.8   0.1   2   2     5e-06   0.00034   17.9   0.0    13    82  1076  1156  1044  1160 0.85 # 150624 # 154121 # 1 # ID=5_158;partial=00;start_type=ATG;rbs_motif=GGA/GAG/AGG;rbs_spacer=5-10bp;gc_cont=0.601
NODE_31_length_94329_cov_11.803284_26   -            704 19630at72274         -            384   2.7e-05   21.6   0.0   1   1   6.7e-07   4.7e-05   20.8   0.0    20    77    54   123    48   167 0.73 # 26313 # 28424 # 1 # ID=31_26;partial=00;start_type=ATG;rbs_motif=GGA/GAG/AGG;rbs_spacer=5-10bp;gc_cont=0.630
NODE_9_length_135493_cov_11.866710_26   -            226 19630at72274         -            384   4.2e-05   21.0   0.0   1   1   1.2e-06     8e-05   20.0   0.0    21    82    43   112    37   131 0.80 # 33396 # 34073 # -1 # ID=9_26;partial=00;start_type=ATG;rbs_motif=GGA/GAG/AGG;rbs_spacer=11-12bp;gc_cont=0.630
NODE_32_length_89830_cov_11.382685_51   -            423 19630at72274         -            384   5.1e-05   20.7   0.0   1   2       1.9   1.3e+02   -0.4   0.0     2    25     9    32     8    36 0.88 # 69299 # 70567 # 1 # ID=32_51;partial=00;start_type=ATG;rbs_motif=GGA/GAG/AGG;rbs_spacer=5-10bp;gc_cont=0.599
NODE_32_length_89830_cov_11.382685_51   -            423 19630at72274         -            384   5.1e-05   20.7   0.0   2   2   4.4e-06    0.0003   18.1   0.0    18    73    45   111    39   130 0.81 # 69299 # 70567 # 1 # ID=32_51;partial=00;start_type=ATG;rbs_motif=GGA/GAG/AGG;rbs_spacer=5-10bp;gc_cont=0.599
NODE_73_length_31480_cov_11.371543_11   -            244 19630at72274         -            384   5.7e-05   20.5   0.0   1   2      0.46        32    1.6   0.0     2    25     9    32     8    35 0.87 # 12754 # 13485 # 1 # ID=73_11;partial=00;start_type=GTG;rbs_motif=AGGA;rbs_spacer=5-10bp;gc_cont=0.648
NODE_73_length_31480_cov_11.371543_11   -            244 19630at72274         -            384   5.7e-05   20.5   0.0   2   2   1.3e-05   0.00089   16.6   0.0    16    82    43   120    40   138 0.76 # 12754 # 13485 # 1 # ID=73_11;partial=00;start_type=GTG;rbs_motif=AGGA;rbs_spacer=5-10bp;gc_cont=0.648
NODE_37_length_78648_cov_11.643229_9    -            121 19630at72274         -            384   7.1e-05   20.2   0.5   1   2      0.84        58    0.7   0.0     1    27     4    30     4    40 0.87 # 6426 # 6788 # -1 # ID=37_9;partial=00;start_type=ATG;rbs_motif=3Base/5BMM;rbs_spacer=13-15bp;gc_cont=0.477
NODE_37_length_78648_cov_11.643229_9    -            121 19630at72274         -            384   7.1e-05   20.2   0.5   2   2   5.2e-06   0.00036   17.9   0.1    16    83    39   115    34   119 0.72 # 6426 # 6788 # -1 # ID=37_9;partial=00;start_type=ATG;rbs_motif=3Base/5BMM;rbs_spacer=13-15bp;gc_cont=0.477
NODE_19_length_107430_cov_11.706290_1   -            237 19630at72274         -            384   7.8e-05   20.1   0.0   1   1   1.6e-06   0.00011   19.5   0.0    18    84    44   119    39   148 0.80 # 257 # 967 # 1 # ID=19_1;partial=00;start_type=ATG;rbs_motif=GGA/GAG/AGG;rbs_spacer=5-10bp;gc_cont=0.640
NODE_34_length_80082_cov_12.111288_43   -            232 19630at72274         -            384   0.00012   19.5   0.0   1   2       1.4        98   -0.0   0.0     1    26     7    32     7    42 0.90 # 49660 # 50355 # 1 # ID=34_43;partial=00;start_type=ATG;rbs_motif=3Base/5BMM;rbs_spacer=13-15bp;gc_cont=0.618
NODE_34_length_80082_cov_12.111288_43   -            232 19630at72274         -            384   0.00012   19.5   0.0   2   2   7.4e-06   0.00051   17.4   0.0    22    84    48   118    38   174 0.80 # 49660 # 50355 # 1 # ID=34_43;partial=00;start_type=ATG;rbs_motif=3Base/5BMM;rbs_spacer=13-15bp;gc_cont=0.618
NODE_43_length_65404_cov_11.446038_18   -            136 19630at72274         -            384   0.00015   19.2   0.3   1   2     0.048       3.3    4.8   0.0     1    27    10    36    10    44 0.91 # 17808 # 18215 # -1 # ID=43_18;partial=00;start_type=ATG;rbs_motif=GGA/GAG/AGG;rbs_spacer=5-10bp;gc_cont=0.527
NODE_43_length_65404_cov_11.446038_18   -            136 19630at72274         -            384   0.00015   19.2   0.3   2   2    0.0002     0.014   12.7   0.0    19    82    48   122    41   130 0.82 # 17808 # 18215 # -1 # ID=43_18;partial=00;start_type=ATG;rbs_motif=GGA/GAG/AGG;rbs_spacer=5-10bp;gc_cont=0.527
NODE_55_length_48402_cov_11.691642_4    -            125 19630at72274         -            384   0.00016   19.1   0.1   1   1   5.5e-06   0.00038   17.8   0.1    20    88    43   122     3   124 0.81 # 3601 # 3975 # -1 # ID=55_4;partial=00;start_type=ATG;rbs_motif=GGA/GAG/AGG;rbs_spacer=5-10bp;gc_cont=0.541
NODE_4_length_179944_cov_11.656412_43   -            249 19630at72274         -            384   0.00018   18.9   0.0   1   1   3.8e-06   0.00027   18.3   0.0    21    85    46   117    38   125 0.80 # 41892 # 42638 # 1 # ID=4_43;partial=00;start_type=ATG;rbs_motif=AGGA/GGAG/GAGG;rbs_spacer=11-12bp;gc_cont=0.612
NODE_2_length_235110_cov_12.031228_164  -            228 19630at72274         -            384   0.00024   18.5   0.0   1   1   4.7e-06   0.00033   18.0   0.0    39    82    71   114    43   140 0.81 # 164260 # 164943 # -1 # ID=2_164;partial=00;start_type=ATG;rbs_motif=GGA/GAG/AGG;rbs_spacer=5-10bp;gc_cont=0.608
NODE_23_length_102919_cov_11.261937_47  -            226 19630at72274         -            384   0.00031   18.1   0.0   1   1   6.9e-06   0.00048   17.5   0.0    22    78    44   109    20   126 0.79 # 49980 # 50657 # 1 # ID=23_47;partial=00;start_type=ATG;rbs_motif=GGAG/GAGG;rbs_spacer=5-10bp;gc_cont=0.634
NODE_6_length_154355_cov_11.215791_44   -            227 19630at72274         -            384   0.00051   17.4   0.0   1   1   1.2e-05   0.00082   16.7   0.0    39    82    70   113    39   127 0.76 # 41052 # 41732 # 1 # ID=6_44;partial=00;start_type=ATG;rbs_motif=GGA/GAG/AGG;rbs_spacer=5-10bp;gc_cont=0.630
NODE_32_length_89830_cov_11.382685_36   -            209 19630at72274         -            384   0.00057   17.2   0.0   1   1   9.5e-06   0.00066   17.0   0.0    19    84    43   117    36   185 0.86 # 52184 # 52810 # -1 # ID=32_36;partial=00;start_type=ATG;rbs_motif=AGGAGG;rbs_spacer=3-4bp;gc_cont=0.558
NODE_33_length_81661_cov_11.674602_11   -            234 19630at72274         -            384   0.00061   17.1   0.0   1   1   1.6e-05    0.0011   16.2   0.0    21    76    44   108    36   123 0.82 # 10364 # 11065 # -1 # ID=33_11;partial=00;start_type=ATG;rbs_motif=GGA/GAG/AGG;rbs_spacer=5-10bp;gc_cont=0.645
NODE_85_length_21476_cov_12.035271_18   -            276 19630at72274         -            384    0.0008   16.7   0.1   1   1   1.3e-05   0.00093   16.5   0.1    84   225    25   159     9   251 0.78 # 20647 # 21474 # 1 # ID=85_18;partial=01;start_type=ATG;rbs_motif=AGGA;rbs_spacer=5-10bp;gc_cont=0.638
NODE_10_length_127481_cov_12.919170_108 -            225 19630at72274         -            384     0.001   16.4   0.0   1   1   2.2e-05    0.0015   15.8   0.0    20    83    42   113    37   129 0.81 # 102113 # 102787 # 1 # ID=10_108;partial=00;start_type=ATG;rbs_motif=GGA/GAG/AGG;rbs_spacer=5-10bp;gc_cont=0.596
NODE_23_length_102919_cov_11.261937_63  -            918 19630at72274         -            384    0.0011   16.3   0.1   1   2       1.8   1.2e+02   -0.3   0.0   259   354   530   624   506   636 0.74 # 63584 # 66337 # -1 # ID=23_63;partial=00;start_type=GTG;rbs_motif=AGGAG;rbs_spacer=5-10bp;gc_cont=0.634
NODE_23_length_102919_cov_11.261937_63  -            918 19630at72274         -            384    0.0011   16.3   0.1   2   2   0.00018     0.012   12.8   0.0    16    78   704   780   700   790 0.78 # 63584 # 66337 # -1 # ID=23_63;partial=00;start_type=GTG;rbs_motif=AGGAG;rbs_spacer=5-10bp;gc_cont=0.634
NODE_63_length_40352_cov_12.010218_33   -            674 19630at72274         -            384    0.0012   16.1   0.0   1   1   2.9e-05     0.002   15.4   0.0    19    83   588   661   573   667 0.79 # 33474 # 35495 # -1 # ID=63_33;partial=00;start_type=ATG;rbs_motif=None;rbs_spacer=None;gc_cont=0.621
NODE_39_length_76270_cov_12.057772_9    -            179 19630at72274         -            384    0.0013   16.1   1.3   1   2       1.4        96    0.0   0.1     1    29    29    57    29    74 0.81 # 9380 # 9916 # 1 # ID=39_9;partial=00;start_type=ATG;rbs_motif=GGA/GAG/AGG;rbs_spacer=5-10bp;gc_cont=0.570
NODE_39_length_76270_cov_12.057772_9    -            179 19630at72274         -            384    0.0013   16.1   1.3   2   2   4.1e-05    0.0028   14.9   0.2    25    88    74   147    65   162 0.82 # 9380 # 9916 # 1 # ID=39_9;partial=00;start_type=ATG;rbs_motif=GGA/GAG/AGG;rbs_spacer=5-10bp;gc_cont=0.570
NODE_10_length_127481_cov_12.919170_103 -            225 19630at72274         -            384    0.0014   15.9   0.0   1   1   3.7e-05    0.0025   15.1   0.0    21    83    43   113    28   129 0.79 # 94301 # 94975 # 1 # ID=10_103;partial=00;start_type=ATG;rbs_motif=GGA/GAG/AGG;rbs_spacer=5-10bp;gc_cont=0.610
NODE_55_length_48402_cov_11.691642_1    -            170 19630at72274         -            384    0.0014   15.9   0.0   1   1   2.5e-05    0.0018   15.6   0.0    21    73    47   109    16   127 0.78 # 1 # 510 # -1 # ID=55_1;partial=10;start_type=ATG;rbs_motif=GGAG/GAGG;rbs_spacer=5-10bp;gc_cont=0.629
NODE_2_length_235110_cov_12.031228_57   -            223 19630at72274         -            384    0.0016   15.8   0.0   1   1     3e-05    0.0021   15.4   0.0    23    77    45   108    34   149 0.73 # 57960 # 58628 # 1 # ID=2_57;partial=00;start_type=ATG;rbs_motif=AGGA;rbs_spacer=5-10bp;gc_cont=0.629
NODE_13_length_124624_cov_11.800035_44  -            222 19630at72274         -            384    0.0018   15.6   0.1   1   1   5.6e-05    0.0039   14.5   0.1    19    71    45   106    35   126 0.78 # 69014 # 69679 # -1 # ID=13_44;partial=00;start_type=ATG;rbs_motif=GGA/GAG/AGG;rbs_spacer=5-10bp;gc_cont=0.598
NODE_67_length_38139_cov_11.369015_8    -            195 19630at72274         -            384     0.002   15.4   0.0   1   1   3.9e-05    0.0027   15.0   0.0    20    82    26    97    18   142 0.76 # 10979 # 11563 # -1 # ID=67_8;partial=00;start_type=ATG;rbs_motif=GGA/GAG/AGG;rbs_spacer=5-10bp;gc_cont=0.578
NODE_91_length_16114_cov_10.411459_12   -            121 19630at72274         -            384    0.0023   15.2   0.2   1   2      0.97        67    0.5   0.0     1    26     4    29     4    41 0.87 # 8020 # 8382 # -1 # ID=91_12;partial=00;start_type=ATG;rbs_motif=None;rbs_spacer=None;gc_cont=0.554
NODE_91_length_16114_cov_10.411459_12   -            121 19630at72274         -            384    0.0023   15.2   0.2   2   2   0.00018     0.012   12.8   0.1    17    83    40   115    36   119 0.67 # 8020 # 8382 # -1 # ID=91_12;partial=00;start_type=ATG;rbs_motif=None;rbs_spacer=None;gc_cont=0.554
NODE_32_length_89830_cov_11.382685_50   -            128 19630at72274         -            384    0.0025   15.1   0.0   1   1   5.1e-05    0.0035   14.6   0.0    19    81    42   115    21   122 0.80 # 68906 # 69289 # 1 # ID=32_50;partial=00;start_type=ATG;rbs_motif=GGAGG;rbs_spacer=3-4bp;gc_cont=0.609
NODE_44_length_65388_cov_12.121420_40   -            217 19630at72274         -            384    0.0026   15.1   0.1   1   1   7.1e-05    0.0049   14.1   0.0    19    81    48   119    29   128 0.76 # 29090 # 29740 # 1 # ID=44_40;partial=00;start_type=ATG;rbs_motif=AGGA/GGAG/GAGG;rbs_spacer=11-12bp;gc_cont=0.604
NODE_65_length_38966_cov_12.691238_27   -            211 19630at72274         -            384    0.0028   14.9   0.0   1   1   5.7e-05     0.004   14.4   0.0    19   109    43   146     4   174 0.78 # 28275 # 28907 # 1 # ID=65_27;partial=00;start_type=ATG;rbs_motif=GGA/GAG/AGG;rbs_spacer=5-10bp;gc_cont=0.572
NODE_17_length_110024_cov_11.158876_34  -            107 19630at72274         -            384     0.003   14.8   0.0   1   1   4.8e-05    0.0033   14.7   0.0   344   382    65   103    43   105 0.90 # 44518 # 44838 # -1 # ID=17_34;partial=00;start_type=ATG;rbs_motif=GGA/GAG/AGG;rbs_spacer=5-10bp;gc_cont=0.558
NODE_17_length_110024_cov_11.158876_69  -            136 19630at72274         -            384    0.0033   14.7   0.0   1   1   6.6e-05    0.0046   14.2   0.0    20    76    51   118    34   129 0.72 # 79868 # 80275 # 1 # ID=17_69;partial=00;start_type=ATG;rbs_motif=GGA/GAG/AGG;rbs_spacer=5-10bp;gc_cont=0.566
NODE_84_length_22158_cov_10.948663_3    -            226 19630at72274         -            384    0.0033   14.7   0.1   1   2       2.7   1.9e+02   -0.9   0.0     2    25     5    28     4    33 0.89 # 2029 # 2706 # -1 # ID=84_3;partial=00;start_type=ATG;rbs_motif=GGA/GAG/AGG;rbs_spacer=5-10bp;gc_cont=0.656
NODE_84_length_22158_cov_10.948663_3    -            226 19630at72274         -            384    0.0033   14.7   0.1   2   2   0.00015      0.01   13.1   0.0    15    79    38   111    29   128 0.86 # 2029 # 2706 # -1 # ID=84_3;partial=00;start_type=ATG;rbs_motif=GGA/GAG/AGG;rbs_spacer=5-10bp;gc_cont=0.656
NODE_17_length_110024_cov_11.158876_42  -            557 19630at72274         -            384    0.0035   14.6   0.0   1   2       3.2   2.2e+02   -1.2   0.0    34    73   189   229   183   241 0.80 # 53094 # 54764 # -1 # ID=17_42;partial=00;start_type=ATG;rbs_motif=AGxAG;rbs_spacer=5-10bp;gc_cont=0.625
NODE_17_length_110024_cov_11.158876_42  -            557 19630at72274         -            384    0.0035   14.6   0.0   2   2   0.00022     0.016   12.5   0.0    18    83   288   364   279   395 0.81 # 53094 # 54764 # -1 # ID=17_42;partial=00;start_type=ATG;rbs_motif=AGxAG;rbs_spacer=5-10bp;gc_cont=0.625
NODE_5_length_163274_cov_11.816932_136  -            236 19630at72274         -            384    0.0061   13.8   0.0   1   1   0.00018     0.012   12.8   0.0    17    73    45   109    40   122 0.83 # 124591 # 125298 # 1 # ID=5_136;partial=00;start_type=ATG;rbs_motif=GGA/GAG/AGG;rbs_spacer=5-10bp;gc_cont=0.624
NODE_71_length_33769_cov_11.503210_7    -            210 19630at72274         -            384    0.0067   13.7   0.5   1   2    0.0004     0.028   11.7   0.1    15    82    40   116    28   137 0.79 # 6576 # 7205 # 1 # ID=71_7;partial=00;start_type=GTG;rbs_motif=GGAG/GAGG;rbs_spacer=5-10bp;gc_cont=0.622
NODE_71_length_33769_cov_11.503210_7    -            210 19630at72274         -            384    0.0067   13.7   0.5   2   2       1.5   1.1e+02   -0.1   0.0   267   293   166   192   147   199 0.84 # 6576 # 7205 # 1 # ID=71_7;partial=00;start_type=GTG;rbs_motif=GGAG/GAGG;rbs_spacer=5-10bp;gc_cont=0.622
NODE_28_length_97117_cov_11.245262_75   -            209 19630at72274         -            384     0.007   13.6   0.2   1   2       1.1        79    0.3   0.0     1    26     4    29     4    33 0.91 # 71832 # 72458 # 1 # ID=28_75;partial=00;start_type=ATG;rbs_motif=GGA/GAG/AGG;rbs_spacer=5-10bp;gc_cont=0.477
NODE_28_length_97117_cov_11.245262_75   -            209 19630at72274         -            384     0.007   13.6   0.2   2   2   0.00081     0.056   10.7   0.0    18    82    42   115    36   121 0.80 # 71832 # 72458 # 1 # ID=28_75;partial=00;start_type=ATG;rbs_motif=GGA/GAG/AGG;rbs_spacer=5-10bp;gc_cont=0.477
NODE_7_length_150369_cov_11.860239_82   -            334 19630at72274         -            384    0.0077   13.5   0.1   1   1   0.00021     0.015   12.6   0.1    22    82    60   131    50   157 0.79 # 90874 # 91875 # -1 # ID=7_82;partial=00;start_type=ATG;rbs_motif=GGA/GAG/AGG;rbs_spacer=5-10bp;gc_cont=0.618
NODE_26_length_101577_cov_11.283884_66  -            282 19630at72274         -            384      0.01   13.1   0.0   1   1    0.0017      0.12    9.6   0.0   112   242    30   177    17   205 0.68 # 70896 # 71741 # 1 # ID=26_66;partial=00;start_type=ATG;rbs_motif=GGAG/GAGG;rbs_spacer=5-10bp;gc_cont=0.592
NODE_58_length_42083_cov_11.941439_16   -            449 19630at72274         -            384     0.011   13.1   0.0   1   1   0.00026     0.018   12.3   0.0    21    85    55   129    47   138 0.81 # 21996 # 23342 # 1 # ID=58_16;partial=00;start_type=ATG;rbs_motif=AGGAG;rbs_spacer=5-10bp;gc_cont=0.610
NODE_44_length_65388_cov_12.121420_65   -            233 19630at72274         -            384     0.011   13.0   0.0   1   1   0.00023     0.016   12.5   0.0    17    79    41   111    37   125 0.79 # 57648 # 58346 # -1 # ID=44_65;partial=00;start_type=ATG;rbs_motif=None;rbs_spacer=None;gc_cont=0.621
NODE_28_length_97117_cov_11.245262_79   -            775 19630at72274         -            384     0.015   12.6   0.0   1   1   0.00052     0.036   11.3   0.0    17    80   689   763   686   767 0.82 # 77667 # 79991 # 1 # ID=28_79;partial=00;start_type=GTG;rbs_motif=AGGA;rbs_spacer=5-10bp;gc_cont=0.615
NODE_42_length_67348_cov_11.469749_50   -           1063 19630at72274         -            384     0.027   11.7   0.0   1   1   0.00083     0.058   10.6   0.0    21    79   884   951   875   973 0.79 # 44405 # 47593 # 1 # ID=42_50;partial=00;start_type=ATG;rbs_motif=GGA/GAG/AGG;rbs_spacer=5-10bp;gc_cont=0.627
NODE_34_length_80082_cov_12.111288_30   -            278 19630at72274         -            384     0.037   11.3   0.0   1   1    0.0008     0.056   10.7   0.0    85   146   188   251   178   262 0.82 # 35419 # 36252 # 1 # ID=34_30;partial=00;start_type=ATG;rbs_motif=GGA/GAG/AGG;rbs_spacer=5-10bp;gc_cont=0.487
NODE_31_length_94329_cov_11.803284_81   -            223 19630at72274         -            384     0.042   11.1   0.0   1   1   0.00084     0.058   10.6   0.0    20    91    43   122    33   138 0.78 # 90647 # 91315 # 1 # ID=31_81;partial=00;start_type=ATG;rbs_motif=GGA/GAG/AGG;rbs_spacer=5-10bp;gc_cont=0.629
NODE_3_length_186977_cov_11.850067_66   -            241 19630at72274         -            384     0.057   10.6   0.0   1   1     0.001     0.069   10.4   0.0    18    85    46   123    41   178 0.74 # 73239 # 73961 # -1 # ID=3_66;partial=00;start_type=ATG;rbs_motif=AGGA;rbs_spacer=5-10bp;gc_cont=0.591
NODE_33_length_81661_cov_11.674602_70   -            333 19630at72274         -            384      0.06   10.6   0.1   1   1    0.0013     0.092   10.0   0.1   111   201    34   126    26   143 0.82 # 79386 # 80384 # -1 # ID=33_70;partial=00;start_type=ATG;rbs_motif=GGA/GAG/AGG;rbs_spacer=5-10bp;gc_cont=0.659
#
# Program:         hmmsearch
# Version:         3.1b2 (February 2015)
# Pipeline mode:   SEARCH
# Query file:      /data2/PEG/hoaxaca/REAA/Pseudomonas/bin/busco_downloads/lineages/pseudomonadales_odb10/hmms/19630at72274.hmm
# Target file:     /data2/PEG/hoaxaca/REAA/Pseudomonas/bin/../out/busco/trim_def.spades_kmer/prodigal_output/predicted_genes/predicted.faa
# Option settings: hmmsearch --domtblout /data2/PEG/hoaxaca/REAA/Pseudomonas/bin/../out/busco/trim_def.spades_kmer/run_pseudomonadales_odb10/hmmer_output/19630at72274.out --cpu 1 /data2/PEG/hoaxaca/REAA/Pseudomonas/bin/busco_downloads/lineages/pseudomonadales_odb10/hmms/19630at72274.hmm /data2/PEG/hoaxaca/REAA/Pseudomonas/bin/../out/busco/trim_def.spades_kmer/prodigal_output/predicted_genes/predicted.faa 
# Current dir:     /data2/PEG/hoaxaca/REAA/Pseudomonas/bin
# Date:            Mon Feb 20 00:39:23 2023
# [ok]
