#                                                                                              --- full sequence --- -------------- this domain -------------   hmm coord   ali coord   env coord
# target name                          accession   tlen query name           accession   qlen   E-value  score  bias   #  of  c-Evalue  i-Evalue  score  bias  from    to  from    to  from    to  acc description of target
#                  ------------------- ---------- ----- -------------------- ---------- ----- --------- ------ ----- --- --- --------- --------- ------ ----- ----- ----- ----- ----- ----- ----- ---- ---------------------
NODE_40_length_70224_cov_11.895987_2   -            346 20878at72274         -            301  1.6e-172  570.8   5.1   1   1  1.1e-175  1.8e-172  570.6   5.1     1   301     7   333     7   333 0.95 # 1155 # 2192 # -1 # ID=40_2;partial=00;start_type=ATG;rbs_motif=GGA/GAG/AGG;rbs_spacer=11-12bp;gc_cont=0.592
NODE_16_length_111127_cov_12.288640_67 -            621 20878at72274         -            301   1.7e-09   35.5   1.3   1   3      0.62   9.7e+02   -3.1   0.0     7    18    22    33    21    38 0.86 # 61197 # 63059 # 1 # ID=16_67;partial=00;start_type=ATG;rbs_motif=None;rbs_spacer=None;gc_cont=0.626
NODE_16_length_111127_cov_12.288640_67 -            621 20878at72274         -            301   1.7e-09   35.5   1.3   2   3   1.1e-12   1.7e-09   35.5   1.3    90   188   152   258   117   376 0.67 # 61197 # 63059 # 1 # ID=16_67;partial=00;start_type=ATG;rbs_motif=None;rbs_spacer=None;gc_cont=0.626
NODE_16_length_111127_cov_12.288640_67 -            621 20878at72274         -            301   1.7e-09   35.5   1.3   3   3      0.47   7.4e+02   -2.7   0.0   204   221   483   500   466   563 0.68 # 61197 # 63059 # 1 # ID=16_67;partial=00;start_type=ATG;rbs_motif=None;rbs_spacer=None;gc_cont=0.626
NODE_9_length_135493_cov_11.866710_41  -            421 20878at72274         -            301   4.6e-07   27.5   3.0   1   2      0.26     4e+02   -1.8   0.1   212   234    44    66    15    97 0.61 # 52118 # 53380 # -1 # ID=9_41;partial=00;start_type=ATG;rbs_motif=GGAG/GAGG;rbs_spacer=5-10bp;gc_cont=0.623
NODE_9_length_135493_cov_11.866710_41  -            421 20878at72274         -            301   4.6e-07   27.5   3.0   2   2   2.9e-10   4.6e-07   27.5   3.0    85   267   155   335    88   352 0.77 # 52118 # 53380 # -1 # ID=9_41;partial=00;start_type=ATG;rbs_motif=GGAG/GAGG;rbs_spacer=5-10bp;gc_cont=0.623
NODE_24_length_102382_cov_11.954261_73 -            423 20878at72274         -            301   0.00016   19.2   0.0   1   2   7.1e-07    0.0011   16.4   0.0   109   156   153   200   142   231 0.83 # 79949 # 81217 # -1 # ID=24_73;partial=00;start_type=ATG;rbs_motif=GGA/GAG/AGG;rbs_spacer=11-12bp;gc_cont=0.619
NODE_24_length_102382_cov_11.954261_73 -            423 20878at72274         -            301   0.00016   19.2   0.0   2   2     0.063        99    0.2   0.0   222   264   338   381   268   401 0.77 # 79949 # 81217 # -1 # ID=24_73;partial=00;start_type=ATG;rbs_motif=GGA/GAG/AGG;rbs_spacer=11-12bp;gc_cont=0.619
#
# Program:         hmmsearch
# Version:         3.1b2 (February 2015)
# Pipeline mode:   SEARCH
# Query file:      /data2/PEG/hoaxaca/REAA/Pseudomonas/bin/busco_downloads/lineages/pseudomonadales_odb10/hmms/20878at72274.hmm
# Target file:     /data2/PEG/hoaxaca/REAA/Pseudomonas/bin/../out/busco/trim_def.spades_kmer/prodigal_output/predicted_genes/predicted.faa
# Option settings: hmmsearch --domtblout /data2/PEG/hoaxaca/REAA/Pseudomonas/bin/../out/busco/trim_def.spades_kmer/run_pseudomonadales_odb10/hmmer_output/20878at72274.out --cpu 1 /data2/PEG/hoaxaca/REAA/Pseudomonas/bin/busco_downloads/lineages/pseudomonadales_odb10/hmms/20878at72274.hmm /data2/PEG/hoaxaca/REAA/Pseudomonas/bin/../out/busco/trim_def.spades_kmer/prodigal_output/predicted_genes/predicted.faa 
# Current dir:     /data2/PEG/hoaxaca/REAA/Pseudomonas/bin
# Date:            Mon Feb 20 00:39:25 2023
# [ok]
