#                                                                                               --- full sequence --- -------------- this domain -------------   hmm coord   ali coord   env coord
# target name                           accession   tlen query name           accession   qlen   E-value  score  bias   #  of  c-Evalue  i-Evalue  score  bias  from    to  from    to  from    to  acc description of target
#                   ------------------- ---------- ----- -------------------- ---------- ----- --------- ------ ----- --- --- --------- --------- ------ ----- ----- ----- ----- ----- ----- ----- ---- ---------------------
NODE_31_length_94329_cov_11.803284_32   -            393 20929at72274         -            324  7.6e-171  565.7   7.2   1   3   1.4e-73   3.8e-71  238.1   0.6     1   141     5   145     5   150 0.97 # 33320 # 34498 # -1 # ID=31_32;partial=00;start_type=GTG;rbs_motif=GGAG/GAGG;rbs_spacer=5-10bp;gc_cont=0.618
NODE_31_length_94329_cov_11.803284_32   -            393 20929at72274         -            324  7.6e-171  565.7   7.2   2   3   2.4e-58   6.6e-56  188.0   0.0   112   269   132   311   131   312 0.83 # 33320 # 34498 # -1 # ID=31_32;partial=00;start_type=GTG;rbs_motif=GGAG/GAGG;rbs_spacer=5-10bp;gc_cont=0.618
NODE_31_length_94329_cov_11.803284_32   -            393 20929at72274         -            324  7.6e-171  565.7   7.2   3   3   6.3e-46   1.7e-43  147.2   0.5   241   323   308   391   301   392 0.95 # 33320 # 34498 # -1 # ID=31_32;partial=00;start_type=GTG;rbs_motif=GGAG/GAGG;rbs_spacer=5-10bp;gc_cont=0.618
NODE_29_length_96877_cov_11.324072_79   -            411 20929at72274         -            324   2.2e-12   45.0   0.0   1   2   9.4e-10   2.6e-07   28.3   0.0     2   119    11   131    10   138 0.85 # 82108 # 83340 # -1 # ID=29_79;partial=00;start_type=ATG;rbs_motif=None;rbs_spacer=None;gc_cont=0.624
NODE_29_length_96877_cov_11.324072_79   -            411 20929at72274         -            324   2.2e-12   45.0   0.0   2   2   1.4e-05    0.0039   14.6   0.0   247   322   327   402   309   404 0.88 # 82108 # 83340 # -1 # ID=29_79;partial=00;start_type=ATG;rbs_motif=None;rbs_spacer=None;gc_cont=0.624
NODE_37_length_78648_cov_11.643229_44   -            578 20929at72274         -            324   9.6e-05   19.9   1.7   1   2   4.1e-07   0.00011   19.7   0.0     1    99    11   120    11   177 0.77 # 42956 # 44689 # -1 # ID=37_44;partial=00;start_type=GTG;rbs_motif=GGAG/GAGG;rbs_spacer=5-10bp;gc_cont=0.618
NODE_37_length_78648_cov_11.643229_44   -            578 20929at72274         -            324   9.6e-05   19.9   1.7   2   2       1.5     4e+02   -1.9   0.4   286   322   366   402   356   404 0.69 # 42956 # 44689 # -1 # ID=37_44;partial=00;start_type=GTG;rbs_motif=GGAG/GAGG;rbs_spacer=5-10bp;gc_cont=0.618
NODE_18_length_109480_cov_12.152470_100 -            680 20929at72274         -            324   0.00016   19.2   0.1   1   2   2.6e-06   0.00072   17.0   0.0     2    37   380   415   379   431 0.90 # 105859 # 107898 # -1 # ID=18_100;partial=00;start_type=ATG;rbs_motif=GGAG/GAGG;rbs_spacer=5-10bp;gc_cont=0.636
NODE_18_length_109480_cov_12.152470_100 -            680 20929at72274         -            324   0.00016   19.2   0.1   2   2      0.71   1.9e+02   -0.8   0.0   138   162   502   526   492   533 0.81 # 105859 # 107898 # -1 # ID=18_100;partial=00;start_type=ATG;rbs_motif=GGAG/GAGG;rbs_spacer=5-10bp;gc_cont=0.636
NODE_5_length_163274_cov_11.816932_36   -            422 20929at72274         -            324   0.00031   18.2   0.2   1   2   5.7e-06    0.0016   15.9   0.0     1    55    25    77    25   135 0.80 # 32814 # 34079 # -1 # ID=5_36;partial=00;start_type=ATG;rbs_motif=GGAG/GAGG;rbs_spacer=5-10bp;gc_cont=0.665
NODE_5_length_163274_cov_11.816932_36   -            422 20929at72274         -            324   0.00031   18.2   0.2   2   2      0.49   1.3e+02   -0.3   0.1   135   205   199   265   186   274 0.64 # 32814 # 34079 # -1 # ID=5_36;partial=00;start_type=ATG;rbs_motif=GGAG/GAGG;rbs_spacer=5-10bp;gc_cont=0.665
NODE_31_length_94329_cov_11.803284_70   -           1006 20929at72274         -            324   0.00038   17.9   0.1   1   2   3.3e-06   0.00091   16.7   0.0     1    40   172   211   172   254 0.95 # 79488 # 82505 # 1 # ID=31_70;partial=00;start_type=ATG;rbs_motif=GGAG/GAGG;rbs_spacer=5-10bp;gc_cont=0.627
NODE_31_length_94329_cov_11.803284_70   -           1006 20929at72274         -            324   0.00038   17.9   0.1   2   2       3.7     1e+03   -3.2   0.0   244   267   834   857   825   866 0.77 # 79488 # 82505 # 1 # ID=31_70;partial=00;start_type=ATG;rbs_motif=GGAG/GAGG;rbs_spacer=5-10bp;gc_cont=0.627
NODE_6_length_154355_cov_11.215791_51   -            465 20929at72274         -            324    0.0022   15.4   0.1   1   1   1.5e-05    0.0041   14.5   0.1     1    36     7    42     7    70 0.94 # 47955 # 49349 # -1 # ID=6_51;partial=00;start_type=ATG;rbs_motif=AGGAG;rbs_spacer=5-10bp;gc_cont=0.601
NODE_31_length_94329_cov_11.803284_58   -            687 20929at72274         -            324    0.0024   15.3   0.2   1   1   1.7e-05    0.0046   14.3   0.2     2    38   393   429   392   435 0.92 # 64370 # 66430 # 1 # ID=31_58;partial=00;start_type=ATG;rbs_motif=GGAG/GAGG;rbs_spacer=5-10bp;gc_cont=0.624
NODE_27_length_97149_cov_11.704119_63   -            370 20929at72274         -            324    0.0029   15.0   0.4   1   1   1.9e-05    0.0053   14.2   0.4     1    44     6    48     6    52 0.88 # 69449 # 70558 # 1 # ID=27_63;partial=00;start_type=ATG;rbs_motif=GGA/GAG/AGG;rbs_spacer=5-10bp;gc_cont=0.625
NODE_46_length_64128_cov_12.217778_24   -            436 20929at72274         -            324    0.0037   14.7   0.2   1   2   4.8e-05     0.013   12.9   0.2     1    30    29    58    29    66 0.93 # 26087 # 27394 # 1 # ID=46_24;partial=00;start_type=ATG;rbs_motif=AGGA/GGAG/GAGG;rbs_spacer=11-12bp;gc_cont=0.609
NODE_46_length_64128_cov_12.217778_24   -            436 20929at72274         -            324    0.0037   14.7   0.2   2   2      0.94   2.6e+02   -1.2   0.0   290   316   312   338   287   345 0.78 # 26087 # 27394 # 1 # ID=46_24;partial=00;start_type=ATG;rbs_motif=AGGA/GGAG/GAGG;rbs_spacer=11-12bp;gc_cont=0.609
NODE_2_length_235110_cov_12.031228_2    -            368 20929at72274         -            324    0.0043   14.5   0.2   1   2   8.1e-05     0.022   12.1   0.2     1    30     5    34     5    43 0.94 # 1217 # 2320 # -1 # ID=2_2;partial=00;start_type=ATG;rbs_motif=GGAGG;rbs_spacer=5-10bp;gc_cont=0.651
NODE_2_length_235110_cov_12.031228_2    -            368 20929at72274         -            324    0.0043   14.5   0.2   2   2      0.61   1.7e+02   -0.6   0.0    61   104   145   187   143   217 0.76 # 1217 # 2320 # -1 # ID=2_2;partial=00;start_type=ATG;rbs_motif=GGAGG;rbs_spacer=5-10bp;gc_cont=0.651
NODE_38_length_76730_cov_12.020195_51   -            530 20929at72274         -            324    0.0054   14.1   0.0   1   3   0.00016     0.044   11.1   0.0     1    33     8    40     8    62 0.89 # 53185 # 54774 # 1 # ID=38_51;partial=00;start_type=ATG;rbs_motif=GGA/GAG/AGG;rbs_spacer=5-10bp;gc_cont=0.622
NODE_38_length_76730_cov_12.020195_51   -            530 20929at72274         -            324    0.0054   14.1   0.0   2   3      0.59   1.6e+02   -0.6   0.0   194   226   281   313   267   319 0.81 # 53185 # 54774 # 1 # ID=38_51;partial=00;start_type=ATG;rbs_motif=GGA/GAG/AGG;rbs_spacer=5-10bp;gc_cont=0.622
NODE_38_length_76730_cov_12.020195_51   -            530 20929at72274         -            324    0.0054   14.1   0.0   3   3       4.3   1.2e+03   -3.4   0.0   108   151   480   521   441   527 0.55 # 53185 # 54774 # 1 # ID=38_51;partial=00;start_type=ATG;rbs_motif=GGA/GAG/AGG;rbs_spacer=5-10bp;gc_cont=0.622
NODE_13_length_124624_cov_11.800035_62  -            456 20929at72274         -            324    0.0056   14.1   0.2   1   2     2e-05    0.0056   14.1   0.2     2    35   143   176   142   179 0.94 # 88582 # 89949 # -1 # ID=13_62;partial=00;start_type=GTG;rbs_motif=GGAG/GAGG;rbs_spacer=5-10bp;gc_cont=0.645
NODE_13_length_124624_cov_11.800035_62  -            456 20929at72274         -            324    0.0056   14.1   0.2   2   2         1   2.9e+02   -1.4   0.2     2    24   277   299   276   306 0.83 # 88582 # 89949 # -1 # ID=13_62;partial=00;start_type=GTG;rbs_motif=GGAG/GAGG;rbs_spacer=5-10bp;gc_cont=0.645
NODE_67_length_38139_cov_11.369015_27   -            652 20929at72274         -            324    0.0056   14.1   0.1   1   2   6.2e-05     0.017   12.5   0.2     2    40   390   428   389   442 0.93 # 28909 # 30864 # 1 # ID=67_27;partial=00;start_type=ATG;rbs_motif=GGAG/GAGG;rbs_spacer=5-10bp;gc_cont=0.639
NODE_67_length_38139_cov_11.369015_27   -            652 20929at72274         -            324    0.0056   14.1   0.1   2   2       1.8     5e+02   -2.2   0.0   125   164   598   637   588   639 0.84 # 28909 # 30864 # 1 # ID=67_27;partial=00;start_type=ATG;rbs_motif=GGAG/GAGG;rbs_spacer=5-10bp;gc_cont=0.639
NODE_56_length_43131_cov_11.229211_11   -            525 20929at72274         -            324    0.0069   13.8   0.0   1   1   3.9e-05     0.011   13.2   0.0     1    49    52   101    52   119 0.83 # 12635 # 14209 # 1 # ID=56_11;partial=00;start_type=ATG;rbs_motif=AGGAG;rbs_spacer=5-10bp;gc_cont=0.636
NODE_4_length_179944_cov_11.656412_173  -            375 20929at72274         -            324     0.014   12.8   0.1   1   1   8.1e-05     0.022   12.1   0.1     2    31     4    33     3    41 0.91 # 177868 # 178992 # 1 # ID=4_173;partial=00;start_type=ATG;rbs_motif=GGAG/GAGG;rbs_spacer=5-10bp;gc_cont=0.641
NODE_47_length_61454_cov_11.422440_31   -            453 20929at72274         -            324     0.017   12.5   0.1   1   2     0.019       5.1    4.4   0.2     2    30     7    35     6    59 0.89 # 31989 # 33347 # -1 # ID=47_31;partial=00;start_type=ATG;rbs_motif=AGGAG;rbs_spacer=5-10bp;gc_cont=0.610
NODE_47_length_61454_cov_11.422440_31   -            453 20929at72274         -            324     0.017   12.5   0.1   2   2    0.0086       2.4    5.5   0.0   131   172   337   378   330   404 0.82 # 31989 # 33347 # -1 # ID=47_31;partial=00;start_type=ATG;rbs_motif=AGGAG;rbs_spacer=5-10bp;gc_cont=0.610
NODE_1_length_244313_cov_11.834909_136  -            479 20929at72274         -            324     0.018   12.4   2.9   1   3   7.6e-05     0.021   12.2   0.2     1    46     6    49     6    65 0.83 # 167091 # 168527 # -1 # ID=1_136;partial=00;start_type=ATG;rbs_motif=GGAG/GAGG;rbs_spacer=5-10bp;gc_cont=0.576
NODE_1_length_244313_cov_11.834909_136  -            479 20929at72274         -            324     0.018   12.4   2.9   2   3      0.87   2.4e+02   -1.1   0.1     4    30   186   212   184   215 0.92 # 167091 # 168527 # -1 # ID=1_136;partial=00;start_type=ATG;rbs_motif=GGAG/GAGG;rbs_spacer=5-10bp;gc_cont=0.576
NODE_1_length_244313_cov_11.834909_136  -            479 20929at72274         -            324     0.018   12.4   2.9   3   3       1.6   4.3e+02   -2.0   0.0     4    23   316   335   269   345 0.69 # 167091 # 168527 # -1 # ID=1_136;partial=00;start_type=ATG;rbs_motif=GGAG/GAGG;rbs_spacer=5-10bp;gc_cont=0.576
NODE_24_length_102382_cov_11.954261_48  -            428 20929at72274         -            324     0.018   12.4   0.0   1   1   0.00012     0.032   11.6   0.0     1    36    29    63    29   163 0.71 # 56064 # 57347 # 1 # ID=24_48;partial=00;start_type=ATG;rbs_motif=GGAG/GAGG;rbs_spacer=5-10bp;gc_cont=0.635
NODE_15_length_113078_cov_11.607042_14  -            418 20929at72274         -            324     0.037   11.4   0.2   1   1   0.00025     0.069   10.5   0.2     1    29     8    36     8    42 0.94 # 15020 # 16273 # -1 # ID=15_14;partial=00;start_type=ATG;rbs_motif=GGA/GAG/AGG;rbs_spacer=11-12bp;gc_cont=0.633
NODE_5_length_163274_cov_11.816932_89   -            430 20929at72274         -            324     0.044   11.1   0.6   1   2     0.035       9.5    3.5   0.0     1    31     9    39     9    44 0.91 # 83406 # 84695 # -1 # ID=5_89;partial=00;start_type=ATG;rbs_motif=AGGA;rbs_spacer=5-10bp;gc_cont=0.647
NODE_5_length_163274_cov_11.816932_89   -            430 20929at72274         -            324     0.044   11.1   0.6   2   2     0.006       1.6    6.0   0.1     2    27   171   196   170   203 0.91 # 83406 # 84695 # -1 # ID=5_89;partial=00;start_type=ATG;rbs_motif=AGGA;rbs_spacer=5-10bp;gc_cont=0.647
NODE_4_length_179944_cov_11.656412_4    -            431 20929at72274         -            324     0.045   11.1   0.1   1   1   0.00028     0.077   10.3   0.1     1    30    32    61    32    94 0.84 # 2053 # 3345 # -1 # ID=4_4;partial=00;start_type=ATG;rbs_motif=GGA/GAG/AGG;rbs_spacer=5-10bp;gc_cont=0.633
NODE_49_length_55188_cov_11.632571_16   -            555 20929at72274         -            324     0.081   10.3   0.8   1   1   0.00043      0.12    9.7   0.8     1    39     9    53     9    57 0.80 # 12658 # 14322 # -1 # ID=49_16;partial=00;start_type=GTG;rbs_motif=AGGAG;rbs_spacer=5-10bp;gc_cont=0.606
#
# Program:         hmmsearch
# Version:         3.1b2 (February 2015)
# Pipeline mode:   SEARCH
# Query file:      /data2/PEG/hoaxaca/REAA/Pseudomonas/bin/busco_downloads/lineages/pseudomonadales_odb10/hmms/20929at72274.hmm
# Target file:     /data2/PEG/hoaxaca/REAA/Pseudomonas/bin/../out/busco/trim_def.spades_kmer/prodigal_output/predicted_genes/predicted.faa
# Option settings: hmmsearch --domtblout /data2/PEG/hoaxaca/REAA/Pseudomonas/bin/../out/busco/trim_def.spades_kmer/run_pseudomonadales_odb10/hmmer_output/20929at72274.out --cpu 1 /data2/PEG/hoaxaca/REAA/Pseudomonas/bin/busco_downloads/lineages/pseudomonadales_odb10/hmms/20929at72274.hmm /data2/PEG/hoaxaca/REAA/Pseudomonas/bin/../out/busco/trim_def.spades_kmer/prodigal_output/predicted_genes/predicted.faa 
# Current dir:     /data2/PEG/hoaxaca/REAA/Pseudomonas/bin
# Date:            Mon Feb 20 00:39:26 2023
# [ok]
