#                                                                                              --- full sequence --- -------------- this domain -------------   hmm coord   ali coord   env coord
# target name                          accession   tlen query name           accession   qlen   E-value  score  bias   #  of  c-Evalue  i-Evalue  score  bias  from    to  from    to  from    to  acc description of target
#                  ------------------- ---------- ----- -------------------- ---------- ----- --------- ------ ----- --- --- --------- --------- ------ ----- ----- ----- ----- ----- ----- ----- ---- ---------------------
NODE_17_length_110024_cov_11.158876_18 -            369 22284at72274         -            295  1.8e-109  364.0   5.4   1   2   3.2e-98     4e-95  317.0   3.3     1   217    12   240    12   259 0.94 # 23442 # 24548 # 1 # ID=17_18;partial=00;start_type=ATG;rbs_motif=None;rbs_spacer=None;gc_cont=0.658
NODE_17_length_110024_cov_11.158876_18 -            369 22284at72274         -            295  1.8e-109  364.0   5.4   2   2   3.6e-16   4.5e-13   47.6   0.0   234   295   288   357   243   357 0.86 # 23442 # 24548 # 1 # ID=17_18;partial=00;start_type=ATG;rbs_motif=None;rbs_spacer=None;gc_cont=0.658
NODE_91_length_16114_cov_10.411459_1   -            208 22284at72274         -            295  1.2e-106  354.8   2.9   1   1  1.1e-109  1.4e-106  354.6   2.9     1   189    16   208    16   208 0.97 # 1 # 624 # -1 # ID=91_1;partial=10;start_type=ATG;rbs_motif=GGA/GAG/AGG;rbs_spacer=11-12bp;gc_cont=0.681
NODE_108_length_4406_cov_10.060061_6   -            191 22284at72274         -            295   1.2e-33  115.2   1.0   1   2   6.1e-13   7.7e-10   37.0   0.6   170   219     1    67     1    82 0.78 # 3834 # 4406 # -1 # ID=108_6;partial=01;start_type=Edge;rbs_motif=None;rbs_spacer=None;gc_cont=0.684
NODE_108_length_4406_cov_10.060061_6   -            191 22284at72274         -            295   1.2e-33  115.2   1.0   2   2   6.9e-23   8.7e-20   69.7   0.0   233   295   111   180    83   180 0.85 # 3834 # 4406 # -1 # ID=108_6;partial=01;start_type=Edge;rbs_motif=None;rbs_spacer=None;gc_cont=0.684
NODE_80_length_23063_cov_11.281610_9   -            166 22284at72274         -            295   8.1e-14   50.1   0.4   1   1   7.1e-17     9e-14   49.9   0.4     1   108    19   129    19   162 0.77 # 9047 # 9544 # -1 # ID=80_9;partial=00;start_type=ATG;rbs_motif=GGAG/GAGG;rbs_spacer=5-10bp;gc_cont=0.633
NODE_61_length_41681_cov_11.364345_33  -            154 22284at72274         -            295   0.00052   17.9   1.1   1   1   4.9e-07   0.00061   17.6   1.1     4    95    11   103     8   123 0.69 # 39516 # 39977 # -1 # ID=61_33;partial=00;start_type=ATG;rbs_motif=GGAG/GAGG;rbs_spacer=5-10bp;gc_cont=0.639
#
# Program:         hmmsearch
# Version:         3.1b2 (February 2015)
# Pipeline mode:   SEARCH
# Query file:      /data2/PEG/hoaxaca/REAA/Pseudomonas/bin/busco_downloads/lineages/pseudomonadales_odb10/hmms/22284at72274.hmm
# Target file:     /data2/PEG/hoaxaca/REAA/Pseudomonas/bin/../out/busco/trim_def.spades_kmer/prodigal_output/predicted_genes/predicted.faa
# Option settings: hmmsearch --domtblout /data2/PEG/hoaxaca/REAA/Pseudomonas/bin/../out/busco/trim_def.spades_kmer/run_pseudomonadales_odb10/hmmer_output/22284at72274.out --cpu 1 /data2/PEG/hoaxaca/REAA/Pseudomonas/bin/busco_downloads/lineages/pseudomonadales_odb10/hmms/22284at72274.hmm /data2/PEG/hoaxaca/REAA/Pseudomonas/bin/../out/busco/trim_def.spades_kmer/prodigal_output/predicted_genes/predicted.faa 
# Current dir:     /data2/PEG/hoaxaca/REAA/Pseudomonas/bin
# Date:            Mon Feb 20 00:39:27 2023
# [ok]
