#                                                                                               --- full sequence --- -------------- this domain -------------   hmm coord   ali coord   env coord
# target name                           accession   tlen query name           accession   qlen   E-value  score  bias   #  of  c-Evalue  i-Evalue  score  bias  from    to  from    to  from    to  acc description of target
#                   ------------------- ---------- ----- -------------------- ---------- ----- --------- ------ ----- --- --- --------- --------- ------ ----- ----- ----- ----- ----- ----- ----- ---- ---------------------
NODE_11_length_127457_cov_11.778520_60  -            362 23306at72274         -            310  5.8e-150  497.1   1.8   1   1  8.8e-152  7.1e-150  496.8   1.8     1   310     9   356     9   356 0.91 # 69902 # 70987 # 1 # ID=11_60;partial=00;start_type=ATG;rbs_motif=GGAG/GAGG;rbs_spacer=5-10bp;gc_cont=0.617
NODE_58_length_42083_cov_11.941439_27   -            593 23306at72274         -            310   4.7e-34  116.4   0.1   1   1     2e-35   1.6e-33  114.6   0.1   110   309   369   579   342   580 0.73 # 38260 # 40038 # 1 # ID=58_27;partial=00;start_type=ATG;rbs_motif=None;rbs_spacer=None;gc_cont=0.613
NODE_85_length_21476_cov_12.035271_2    -            679 23306at72274         -            310   3.1e-24   84.1   0.1   1   2   6.2e-08     5e-06   24.3   0.1     2   145   291   450   290   491 0.74 # 534 # 2570 # 1 # ID=85_2;partial=00;start_type=ATG;rbs_motif=None;rbs_spacer=None;gc_cont=0.610
NODE_85_length_21476_cov_12.035271_2    -            679 23306at72274         -            310   3.1e-24   84.1   0.1   2   2   6.2e-18     5e-16   57.2   0.0   186   308   537   663   534   665 0.88 # 534 # 2570 # 1 # ID=85_2;partial=00;start_type=ATG;rbs_motif=None;rbs_spacer=None;gc_cont=0.610
NODE_8_length_136322_cov_13.267910_22   -            985 23306at72274         -            310   5.1e-22   76.9   0.1   1   1   4.7e-23   3.8e-21   74.0   0.1     5   301   639   962   635   965 0.62 # 20153 # 23107 # 1 # ID=8_22;partial=00;start_type=ATG;rbs_motif=GGA/GAG/AGG;rbs_spacer=5-10bp;gc_cont=0.610
NODE_58_length_42083_cov_11.941439_12   -            469 23306at72274         -            310   5.9e-22   76.7   2.7   1   2   0.00014     0.012   13.3   1.1    67   190   166   304   137   337 0.58 # 15642 # 17048 # -1 # ID=58_12;partial=00;start_type=ATG;rbs_motif=GGA/GAG/AGG;rbs_spacer=5-10bp;gc_cont=0.589
NODE_58_length_42083_cov_11.941439_12   -            469 23306at72274         -            310   5.9e-22   76.7   2.7   2   2   1.4e-19   1.1e-17   62.6   0.0   192   309   347   462   318   463 0.82 # 15642 # 17048 # -1 # ID=58_12;partial=00;start_type=ATG;rbs_motif=GGA/GAG/AGG;rbs_spacer=5-10bp;gc_cont=0.589
NODE_14_length_116145_cov_12.034865_43  -            559 23306at72274         -            310     3e-21   74.3   0.0   1   1   8.5e-23   6.8e-21   73.2   0.0    72   307   153   416   142   419 0.76 # 36152 # 37828 # 1 # ID=14_43;partial=00;start_type=ATG;rbs_motif=GGA/GAG/AGG;rbs_spacer=5-10bp;gc_cont=0.628
NODE_63_length_40352_cov_12.010218_33   -            674 23306at72274         -            310   3.5e-21   74.1   0.0   1   1   7.9e-23   6.4e-21   73.3   0.0    92   307   283   524   274   527 0.78 # 33474 # 35495 # -1 # ID=63_33;partial=00;start_type=ATG;rbs_motif=None;rbs_spacer=None;gc_cont=0.621
NODE_5_length_163274_cov_11.816932_163  -            557 23306at72274         -            310   5.7e-20   70.1   0.2   1   1   1.4e-21   1.1e-19   69.1   0.2    80   307   155   414   119   416 0.70 # 157207 # 158877 # -1 # ID=5_163;partial=00;start_type=ATG;rbs_motif=AGGA;rbs_spacer=5-10bp;gc_cont=0.607
NODE_17_length_110024_cov_11.158876_56  -            911 23306at72274         -            310   1.4e-19   68.9   0.8   1   1   4.2e-21   3.4e-19   67.6   0.8    95   308   669   906   652   908 0.72 # 67204 # 69936 # -1 # ID=17_56;partial=00;start_type=TTG;rbs_motif=GGA/GAG/AGG;rbs_spacer=5-10bp;gc_cont=0.641
NODE_18_length_109480_cov_12.152470_36  -            846 23306at72274         -            310   5.1e-19   67.0   0.0   1   1   1.7e-20   1.4e-18   65.6   0.0   100   307   464   700   439   703 0.78 # 42312 # 44849 # 1 # ID=18_36;partial=00;start_type=ATG;rbs_motif=GGA/GAG/AGG;rbs_spacer=5-10bp;gc_cont=0.638
NODE_88_length_17388_cov_12.191588_3    -            375 23306at72274         -            310   1.5e-18   65.5   0.2   1   2      0.27        21    2.5   0.0    94   127   137   171   126   187 0.79 # 2468 # 3592 # -1 # ID=88_3;partial=00;start_type=ATG;rbs_motif=GGA/GAG/AGG;rbs_spacer=5-10bp;gc_cont=0.587
NODE_88_length_17388_cov_12.191588_3    -            375 23306at72274         -            310   1.5e-18   65.5   0.2   2   2   6.6e-19   5.3e-17   60.4   0.0   201   308   265   371   247   372 0.86 # 2468 # 3592 # -1 # ID=88_3;partial=00;start_type=ATG;rbs_motif=GGA/GAG/AGG;rbs_spacer=5-10bp;gc_cont=0.587
NODE_3_length_186977_cov_11.850067_149  -            596 23306at72274         -            310   6.3e-18   63.4   0.0   1   2         2   1.6e+02   -0.4   0.0     3    35   263   295   261   318 0.86 # 155112 # 156899 # -1 # ID=3_149;partial=00;start_type=ATG;rbs_motif=GGA/GAG/AGG;rbs_spacer=5-10bp;gc_cont=0.606
NODE_3_length_186977_cov_11.850067_149  -            596 23306at72274         -            310   6.3e-18   63.4   0.0   2   2   1.2e-18   9.7e-17   59.5   0.1   106   308   374   595   360   595 0.79 # 155112 # 156899 # -1 # ID=3_149;partial=00;start_type=ATG;rbs_motif=GGA/GAG/AGG;rbs_spacer=5-10bp;gc_cont=0.606
NODE_42_length_67348_cov_11.469749_48   -            937 23306at72274         -            310   2.3e-17   61.6   0.1   1   1   1.5e-18   1.2e-16   59.2   0.1    99   309   450   685   433   686 0.75 # 40330 # 43140 # 1 # ID=42_48;partial=00;start_type=ATG;rbs_motif=None;rbs_spacer=None;gc_cont=0.603
NODE_55_length_48402_cov_11.691642_28   -            405 23306at72274         -            310   3.7e-17   60.9   0.0   1   1   2.3e-18   1.8e-16   58.6   0.0     2   307    84   395    83   398 0.73 # 27643 # 28857 # -1 # ID=55_28;partial=00;start_type=ATG;rbs_motif=GGA/GAG/AGG;rbs_spacer=5-10bp;gc_cont=0.640
NODE_76_length_26317_cov_11.767507_16   -            570 23306at72274         -            310   9.1e-17   59.6   0.0   1   1   1.8e-18   1.5e-16   58.9   0.0    97   308   186   425   171   427 0.75 # 18627 # 20336 # 1 # ID=76_16;partial=00;start_type=ATG;rbs_motif=GGA/GAG/AGG;rbs_spacer=5-10bp;gc_cont=0.630
NODE_10_length_127481_cov_12.919170_104 -            468 23306at72274         -            310   1.6e-16   58.8   0.0   1   1   4.8e-18   3.8e-16   57.6   0.0   114   309   248   461   239   462 0.74 # 94972 # 96375 # 1 # ID=10_104;partial=00;start_type=ATG;rbs_motif=GGAGG;rbs_spacer=5-10bp;gc_cont=0.631
NODE_32_length_89830_cov_11.382685_3    -            649 23306at72274         -            310   2.3e-16   58.3   0.0   1   1   5.5e-18   4.4e-16   57.4   0.0    93   308   265   502   254   504 0.77 # 5425 # 7371 # -1 # ID=32_3;partial=00;start_type=ATG;rbs_motif=GGA/GAG/AGG;rbs_spacer=5-10bp;gc_cont=0.590
NODE_91_length_16114_cov_10.411459_14   -            375 23306at72274         -            310   2.9e-16   57.9   0.1   1   1   3.3e-17   2.7e-15   54.8   0.1    95   307   134   372   125   374 0.71 # 9940 # 11064 # -1 # ID=91_14;partial=00;start_type=ATG;rbs_motif=AGGAG/GGAGG;rbs_spacer=11-12bp;gc_cont=0.578
NODE_5_length_163274_cov_11.816932_75   -            392 23306at72274         -            310   6.6e-16   56.8   0.5   1   2   1.6e-06   0.00013   19.7   0.2   101   165   164   228   138   253 0.85 # 71800 # 72975 # -1 # ID=5_75;partial=00;start_type=ATG;rbs_motif=GGA/GAG/AGG;rbs_spacer=5-10bp;gc_cont=0.616
NODE_5_length_163274_cov_11.816932_75   -            392 23306at72274         -            310   6.6e-16   56.8   0.5   2   2   2.8e-11   2.3e-09   35.3   0.0   200   309   280   389   274   390 0.79 # 71800 # 72975 # -1 # ID=5_75;partial=00;start_type=ATG;rbs_motif=GGA/GAG/AGG;rbs_spacer=5-10bp;gc_cont=0.616
NODE_58_length_42083_cov_11.941439_13   -            601 23306at72274         -            310   9.3e-16   56.3   0.6   1   2      0.63        51    1.3   0.5    86   141   310   366   244   409 0.82 # 17051 # 18853 # -1 # ID=58_13;partial=00;start_type=ATG;rbs_motif=GGA/GAG/AGG;rbs_spacer=5-10bp;gc_cont=0.606
NODE_58_length_42083_cov_11.941439_13   -            601 23306at72274         -            310   9.3e-16   56.3   0.6   2   2   1.9e-16   1.6e-14   52.3   0.0   184   309   471   596   465   597 0.86 # 17051 # 18853 # -1 # ID=58_13;partial=00;start_type=ATG;rbs_motif=GGA/GAG/AGG;rbs_spacer=5-10bp;gc_cont=0.606
NODE_36_length_78655_cov_11.689206_24   -            441 23306at72274         -            310   1.3e-15   55.8   0.1   1   2     4e-09   3.3e-07   28.2   0.1     7   164   107   264   102   292 0.78 # 26060 # 27382 # 1 # ID=36_24;partial=00;start_type=GTG;rbs_motif=AGGA/GGAG/GAGG;rbs_spacer=11-12bp;gc_cont=0.616
NODE_36_length_78655_cov_11.689206_24   -            441 23306at72274         -            310   1.3e-15   55.8   0.1   2   2   2.5e-08     2e-06   25.6   0.0   240   307   351   426   319   429 0.79 # 26060 # 27382 # 1 # ID=36_24;partial=00;start_type=GTG;rbs_motif=AGGA/GGAG/GAGG;rbs_spacer=11-12bp;gc_cont=0.616
NODE_23_length_102919_cov_11.261937_63  -            918 23306at72274         -            310   1.6e-15   55.5   2.1   1   1   2.8e-16   2.3e-14   51.7   2.1    92   297   270   497   225   512 0.73 # 63584 # 66337 # -1 # ID=23_63;partial=00;start_type=GTG;rbs_motif=AGGAG;rbs_spacer=5-10bp;gc_cont=0.634
NODE_23_length_102919_cov_11.261937_44  -            539 23306at72274         -            310   4.8e-15   53.9   0.0   1   2   1.6e-05    0.0013   16.4   0.0   101   170   302   371   297   406 0.91 # 47044 # 48660 # 1 # ID=23_44;partial=00;start_type=GTG;rbs_motif=None;rbs_spacer=None;gc_cont=0.640
NODE_23_length_102919_cov_11.261937_44  -            539 23306at72274         -            310   4.8e-15   53.9   0.0   2   2     3e-11   2.4e-09   35.2   0.0   207   307   430   530   418   533 0.71 # 47044 # 48660 # 1 # ID=23_44;partial=00;start_type=GTG;rbs_motif=None;rbs_spacer=None;gc_cont=0.640
NODE_67_length_38139_cov_11.369015_4    -            806 23306at72274         -            310   2.1e-14   51.8   1.1   1   1   5.2e-16   4.2e-14   50.9   1.1    79   297   293   528   263   541 0.76 # 5386 # 7803 # 1 # ID=67_4;partial=00;start_type=ATG;rbs_motif=GGA/GAG/AGG;rbs_spacer=5-10bp;gc_cont=0.588
NODE_2_length_235110_cov_12.031228_10   -           1129 23306at72274         -            310   7.4e-14   50.1   3.1   1   1   1.9e-14   1.6e-12   45.7   3.1    78   306   648   895   576   899 0.69 # 8478 # 11864 # -1 # ID=2_10;partial=00;start_type=GTG;rbs_motif=GGAG/GAGG;rbs_spacer=5-10bp;gc_cont=0.634
NODE_5_length_163274_cov_11.816932_161  -            402 23306at72274         -            310   7.6e-14   50.0   1.8   1   2   0.00032     0.026   12.1   1.1    93   155   153   217   107   240 0.75 # 155527 # 156732 # 1 # ID=5_161;partial=00;start_type=ATG;rbs_motif=GGA/GAG/AGG;rbs_spacer=5-10bp;gc_cont=0.606
NODE_5_length_163274_cov_11.816932_161  -            402 23306at72274         -            310   7.6e-14   50.0   1.8   2   2   1.6e-11   1.3e-09   36.2   0.0   237   308   316   393   283   395 0.74 # 155527 # 156732 # 1 # ID=5_161;partial=00;start_type=ATG;rbs_motif=GGA/GAG/AGG;rbs_spacer=5-10bp;gc_cont=0.606
NODE_73_length_31480_cov_11.371543_20   -            589 23306at72274         -            310   2.1e-13   48.6   0.1   1   1   1.8e-14   1.5e-12   45.8   0.1    87   308   342   580   336   582 0.72 # 21648 # 23414 # -1 # ID=73_20;partial=00;start_type=ATG;rbs_motif=None;rbs_spacer=None;gc_cont=0.647
NODE_31_length_94329_cov_11.803284_82   -            480 23306at72274         -            310   2.4e-13   48.4   0.8   1   2   5.5e-13   4.4e-11   40.9   0.3   100   169   248   317   238   330 0.88 # 91315 # 92754 # 1 # ID=31_82;partial=00;start_type=ATG;rbs_motif=None;rbs_spacer=None;gc_cont=0.632
NODE_31_length_94329_cov_11.803284_82   -            480 23306at72274         -            310   2.4e-13   48.4   0.8   2   2     0.032       2.6    5.6   0.0   268   294   433   458   419   472 0.77 # 91315 # 92754 # 1 # ID=31_82;partial=00;start_type=ATG;rbs_motif=None;rbs_spacer=None;gc_cont=0.632
NODE_1_length_244313_cov_11.834909_120  -            634 23306at72274         -            310   9.4e-13   46.4   0.5   1   2   4.3e-07   3.4e-05   21.6   0.2    95   171   252   328   241   350 0.80 # 145882 # 147783 # 1 # ID=1_120;partial=00;start_type=ATG;rbs_motif=AGGAG;rbs_spacer=5-10bp;gc_cont=0.612
NODE_1_length_244313_cov_11.834909_120  -            634 23306at72274         -            310   9.4e-13   46.4   0.5   2   2   1.8e-07   1.5e-05   22.8   0.0   197   308   375   491   369   493 0.79 # 145882 # 147783 # 1 # ID=1_120;partial=00;start_type=ATG;rbs_motif=AGGAG;rbs_spacer=5-10bp;gc_cont=0.612
NODE_65_length_38966_cov_12.691238_3    -            634 23306at72274         -            310   1.9e-12   45.4   0.3   1   2       3.8   3.1e+02   -1.3   0.1    63   117   314   368   312   399 0.81 # 1962 # 3863 # -1 # ID=65_3;partial=00;start_type=ATG;rbs_motif=GGA/GAG/AGG;rbs_spacer=5-10bp;gc_cont=0.637
NODE_65_length_38966_cov_12.691238_3    -            634 23306at72274         -            310   1.9e-12   45.4   0.3   2   2   1.3e-13     1e-11   43.0   0.1    94   309   396   625   382   626 0.68 # 1962 # 3863 # -1 # ID=65_3;partial=00;start_type=ATG;rbs_motif=GGA/GAG/AGG;rbs_spacer=5-10bp;gc_cont=0.637
NODE_16_length_111127_cov_12.288640_24  -            743 23306at72274         -            310   3.8e-12   44.4   0.3   1   3       3.7     3e+02   -1.2   0.0   170   199   130   159   100   164 0.63 # 24537 # 26765 # -1 # ID=16_24;partial=00;start_type=ATG;rbs_motif=AGGAG;rbs_spacer=5-10bp;gc_cont=0.613
NODE_16_length_111127_cov_12.288640_24  -            743 23306at72274         -            310   3.8e-12   44.4   0.3   2   3       7.6   6.1e+02   -2.2   0.1    11    54   298   338   289   349 0.69 # 24537 # 26765 # -1 # ID=16_24;partial=00;start_type=ATG;rbs_motif=AGGAG;rbs_spacer=5-10bp;gc_cont=0.613
NODE_16_length_111127_cov_12.288640_24  -            743 23306at72274         -            310   3.8e-12   44.4   0.3   3   3     4e-13   3.3e-11   41.4   0.0   105   297   515   727   499   740 0.77 # 24537 # 26765 # -1 # ID=16_24;partial=00;start_type=ATG;rbs_motif=AGGAG;rbs_spacer=5-10bp;gc_cont=0.613
NODE_34_length_80082_cov_12.111288_42   -            884 23306at72274         -            310   4.3e-12   44.3   0.1   1   1   4.8e-13   3.9e-11   41.1   0.1   105   309   649   874   637   875 0.72 # 46971 # 49622 # 1 # ID=34_42;partial=00;start_type=ATG;rbs_motif=AGGA/GGAG/GAGG;rbs_spacer=11-12bp;gc_cont=0.653
NODE_16_length_111127_cov_12.288640_45  -            466 23306at72274         -            310   7.9e-12   43.4   2.8   1   2   1.4e-05    0.0011   16.6   0.7   108   189   239   320   228   338 0.91 # 43504 # 44901 # 1 # ID=16_45;partial=00;start_type=ATG;rbs_motif=GGA/GAG/AGG;rbs_spacer=5-10bp;gc_cont=0.627
NODE_16_length_111127_cov_12.288640_45  -            466 23306at72274         -            310   7.9e-12   43.4   2.8   2   2   1.1e-08   9.1e-07   26.8   0.1   240   294   383   438   348   444 0.88 # 43504 # 44901 # 1 # ID=16_45;partial=00;start_type=ATG;rbs_motif=GGA/GAG/AGG;rbs_spacer=5-10bp;gc_cont=0.627
NODE_37_length_78648_cov_11.643229_20   -            376 23306at72274         -            310   5.4e-11   40.7   0.2   1   1     8e-12   6.4e-10   37.1   0.2   107   309   149   374   136   375 0.67 # 16841 # 17968 # 1 # ID=37_20;partial=00;start_type=ATG;rbs_motif=AGGA;rbs_spacer=5-10bp;gc_cont=0.529
NODE_42_length_67348_cov_11.469749_50   -           1063 23306at72274         -            310   8.9e-11   39.9   0.0   1   2     2e-05    0.0016   16.1   0.0   106   169   485   548   462   560 0.84 # 44405 # 47593 # 1 # ID=42_50;partial=00;start_type=ATG;rbs_motif=GGA/GAG/AGG;rbs_spacer=5-10bp;gc_cont=0.627
NODE_42_length_67348_cov_11.469749_50   -           1063 23306at72274         -            310   8.9e-11   39.9   0.0   2   2     5e-07   4.1e-05   21.3   0.0   190   297   588   697   575   710 0.79 # 44405 # 47593 # 1 # ID=42_50;partial=00;start_type=ATG;rbs_motif=GGA/GAG/AGG;rbs_spacer=5-10bp;gc_cont=0.627
NODE_6_length_154355_cov_11.215791_45   -            451 23306at72274         -            310   1.1e-10   39.6   0.1   1   2    0.0087       0.7    7.4   0.0   114   168   236   291   227   311 0.78 # 41732 # 43084 # 1 # ID=6_45;partial=00;start_type=ATG;rbs_motif=AGGAG/GGAGG;rbs_spacer=11-12bp;gc_cont=0.619
NODE_6_length_154355_cov_11.215791_45   -            451 23306at72274         -            310   1.1e-10   39.6   0.1   2   2   1.3e-09     1e-07   29.9   0.0   242   307   374   447   363   449 0.84 # 41732 # 43084 # 1 # ID=6_45;partial=00;start_type=ATG;rbs_motif=AGGAG/GGAGG;rbs_spacer=11-12bp;gc_cont=0.619
NODE_15_length_113078_cov_11.607042_33  -            471 23306at72274         -            310   1.3e-10   39.4   0.2   1   1   1.3e-11     1e-09   36.4   0.2   114   307   252   462   247   465 0.78 # 34260 # 35672 # -1 # ID=15_33;partial=00;start_type=ATG;rbs_motif=None;rbs_spacer=None;gc_cont=0.640
NODE_44_length_65388_cov_12.121420_64   -            432 23306at72274         -            310   1.3e-10   39.3   0.0   1   1   2.5e-12   2.1e-10   38.7   0.0   100   295   207   413   155   428 0.74 # 56363 # 57658 # -1 # ID=44_64;partial=00;start_type=ATG;rbs_motif=GGAG/GAGG;rbs_spacer=5-10bp;gc_cont=0.632
NODE_19_length_107430_cov_11.706290_2   -            492 23306at72274         -            310   1.8e-10   38.9   0.3   1   1   9.5e-11   7.6e-09   33.6   0.3   100   292   256   465   241   482 0.69 # 964 # 2439 # 1 # ID=19_2;partial=00;start_type=ATG;rbs_motif=GGA/GAG/AGG;rbs_spacer=5-10bp;gc_cont=0.622
NODE_76_length_26317_cov_11.767507_6    -           1206 23306at72274         -            310     4e-10   37.8   0.1   1   1   8.6e-12   6.9e-10   37.0   0.1    93   296   695   922   675   936 0.77 # 4054 # 7671 # 1 # ID=76_6;partial=00;start_type=TTG;rbs_motif=GGA/GAG/AGG;rbs_spacer=5-10bp;gc_cont=0.617
NODE_28_length_97117_cov_11.245262_79   -            775 23306at72274         -            310   4.9e-10   37.5   3.8   1   2       2.2   1.8e+02   -0.5   0.1   176   252    28    99    18   107 0.79 # 77667 # 79991 # 1 # ID=28_79;partial=00;start_type=GTG;rbs_motif=AGGA;rbs_spacer=5-10bp;gc_cont=0.615
NODE_28_length_97117_cov_11.245262_79   -            775 23306at72274         -            310   4.9e-10   37.5   3.8   2   2   3.2e-11   2.6e-09   35.1   0.6   105   298   289   499   222   512 0.72 # 77667 # 79991 # 1 # ID=28_79;partial=00;start_type=GTG;rbs_motif=AGGA;rbs_spacer=5-10bp;gc_cont=0.615
NODE_32_length_89830_cov_11.382685_35   -           1198 23306at72274         -            310   9.2e-10   36.6   0.6   1   1   2.9e-11   2.4e-09   35.3   0.6   106   296   704   917   683   930 0.74 # 48590 # 52183 # -1 # ID=32_35;partial=00;start_type=ATG;rbs_motif=None;rbs_spacer=None;gc_cont=0.617
NODE_12_length_125582_cov_11.892726_127 -            376 23306at72274         -            310   1.1e-09   36.3   0.1   1   2      0.36        29    2.1   0.0   106   164   148   208   122   216 0.76 # 112444 # 113571 # 1 # ID=12_127;partial=00;start_type=ATG;rbs_motif=AGGA;rbs_spacer=5-10bp;gc_cont=0.520
NODE_12_length_125582_cov_11.892726_127 -            376 23306at72274         -            310   1.1e-09   36.3   0.1   2   2   3.3e-10   2.7e-08   31.8   0.0   200   309   261   374   256   375 0.73 # 112444 # 113571 # 1 # ID=12_127;partial=00;start_type=ATG;rbs_motif=AGGA;rbs_spacer=5-10bp;gc_cont=0.520
NODE_21_length_107008_cov_11.508182_77  -            392 23306at72274         -            310   1.2e-09   36.2   1.8   1   1   4.8e-10   3.8e-08   31.3   1.8    97   307   159   388   129   391 0.70 # 73324 # 74499 # -1 # ID=21_77;partial=00;start_type=ATG;rbs_motif=GGA/GAG/AGG;rbs_spacer=5-10bp;gc_cont=0.639
NODE_84_length_22158_cov_10.948663_1    -            409 23306at72274         -            310   1.2e-09   36.2   0.0   1   1     3e-11   2.4e-09   35.2   0.0   108   280   228   409   217   409 0.82 # 3 # 1229 # -1 # ID=84_1;partial=10;start_type=GTG;rbs_motif=GGAG/GAGG;rbs_spacer=5-10bp;gc_cont=0.658
NODE_30_length_94682_cov_11.138521_37   -            462 23306at72274         -            310   1.9e-09   35.6   0.2   1   2     3e-05    0.0024   15.5   0.1   100   178   237   315   218   341 0.82 # 36375 # 37760 # 1 # ID=30_37;partial=00;start_type=ATG;rbs_motif=GGA/GAG/AGG;rbs_spacer=5-10bp;gc_cont=0.652
NODE_30_length_94682_cov_11.138521_37   -            462 23306at72274         -            310   1.9e-09   35.6   0.2   2   2   5.3e-06   0.00043   18.0   0.0   245   294   393   444   383   454 0.85 # 36375 # 37760 # 1 # ID=30_37;partial=00;start_type=ATG;rbs_motif=GGA/GAG/AGG;rbs_spacer=5-10bp;gc_cont=0.652
NODE_23_length_102919_cov_11.261937_65  -            457 23306at72274         -            310   2.3e-09   35.3   0.0   1   1     4e-10   3.3e-08   31.5   0.0   100   298   236   444   230   450 0.70 # 67258 # 68628 # 1 # ID=23_65;partial=00;start_type=ATG;rbs_motif=GGA/GAG/AGG;rbs_spacer=5-10bp;gc_cont=0.631
NODE_11_length_127457_cov_11.778520_108 -            603 23306at72274         -            310   2.7e-09   35.1   0.0   1   1   1.1e-10   9.1e-09   33.3   0.0    94   291   355   568   341   583 0.74 # 116090 # 117898 # 1 # ID=11_108;partial=00;start_type=ATG;rbs_motif=GGA/GAG/AGG;rbs_spacer=11-12bp;gc_cont=0.649
NODE_33_length_81661_cov_11.674602_10   -            432 23306at72274         -            310   4.4e-09   34.4   0.0   1   1   8.3e-11   6.7e-09   33.8   0.0   106   307   211   430   201   431 0.74 # 9065 # 10360 # -1 # ID=33_10;partial=00;start_type=ATG;rbs_motif=GGA/GAG/AGG;rbs_spacer=5-10bp;gc_cont=0.644
NODE_15_length_113078_cov_11.607042_21  -            451 23306at72274         -            310   4.7e-09   34.3   0.1   1   1   1.3e-10   1.1e-08   33.1   0.1    99   288   221   423   213   433 0.68 # 23262 # 24614 # -1 # ID=15_21;partial=00;start_type=ATG;rbs_motif=GGA/GAG/AGG;rbs_spacer=5-10bp;gc_cont=0.629
NODE_28_length_97117_cov_11.245262_76   -           1211 23306at72274         -            310     5e-09   34.2   0.8   1   2       7.9   6.4e+02   -2.3   0.0    18    73   601   656   585   661 0.76 # 72467 # 76099 # 1 # ID=28_76;partial=00;start_type=ATG;rbs_motif=GGA/GAG/AGG;rbs_spacer=5-10bp;gc_cont=0.594
NODE_28_length_97117_cov_11.245262_76   -           1211 23306at72274         -            310     5e-09   34.2   0.8   2   2   1.8e-10   1.4e-08   32.7   0.4    96   297   706   932   691   945 0.76 # 72467 # 76099 # 1 # ID=28_76;partial=00;start_type=ATG;rbs_motif=GGA/GAG/AGG;rbs_spacer=5-10bp;gc_cont=0.594
NODE_9_length_135493_cov_11.866710_25   -            455 23306at72274         -            310   5.7e-09   34.0   1.2   1   1     4e-10   3.2e-08   31.5   1.2   113   307   242   453   227   454 0.70 # 32042 # 33406 # -1 # ID=9_25;partial=00;start_type=GTG;rbs_motif=GGAG/GAGG;rbs_spacer=5-10bp;gc_cont=0.617
NODE_1_length_244313_cov_11.834909_65   -            884 23306at72274         -            310   1.4e-08   32.7   0.1   1   1   1.2e-09   9.5e-08   30.0   0.1   101   307   654   873   637   876 0.74 # 83597 # 86248 # 1 # ID=1_65;partial=00;start_type=ATG;rbs_motif=AGGA;rbs_spacer=5-10bp;gc_cont=0.663
NODE_32_length_89830_cov_11.382685_49   -            452 23306at72274         -            310   1.5e-08   32.6   0.2   1   2     0.021       1.7    6.1   0.1   101   169   184   255   167   273 0.77 # 67566 # 68921 # 1 # ID=32_49;partial=00;start_type=ATG;rbs_motif=GGA/GAG/AGG;rbs_spacer=5-10bp;gc_cont=0.616
NODE_32_length_89830_cov_11.382685_49   -            452 23306at72274         -            310   1.5e-08   32.6   0.2   2   2   8.1e-08   6.6e-06   23.9   0.0   232   309   354   439   284   440 0.83 # 67566 # 68921 # 1 # ID=32_49;partial=00;start_type=ATG;rbs_motif=GGA/GAG/AGG;rbs_spacer=5-10bp;gc_cont=0.616
NODE_7_length_150369_cov_11.860239_111  -           1194 23306at72274         -            310   1.6e-08   32.5   0.3   1   2      0.57        46    1.5   0.0   107   133   707   733   682   766 0.76 # 123787 # 127368 # -1 # ID=7_111;partial=00;start_type=GTG;rbs_motif=AGGA;rbs_spacer=5-10bp;gc_cont=0.620
NODE_7_length_150369_cov_11.860239_111  -           1194 23306at72274         -            310   1.6e-08   32.5   0.3   2   2   3.3e-09   2.7e-07   28.5   0.0   200   297   822   922   799   936 0.81 # 123787 # 127368 # -1 # ID=7_111;partial=00;start_type=GTG;rbs_motif=AGGA;rbs_spacer=5-10bp;gc_cont=0.620
NODE_66_length_38408_cov_11.433557_32   -            438 23306at72274         -            310   2.9e-08   31.7   0.0   1   2      0.62        50    1.3   0.0   109   135   223   249   205   298 0.72 # 36964 # 38277 # 1 # ID=66_32;partial=00;start_type=ATG;rbs_motif=None;rbs_spacer=None;gc_cont=0.618
NODE_66_length_38408_cov_11.433557_32   -            438 23306at72274         -            310   2.9e-08   31.7   0.0   2   2   4.2e-09   3.4e-07   28.2   0.0   244   296   358   414   325   428 0.87 # 36964 # 38277 # 1 # ID=66_32;partial=00;start_type=ATG;rbs_motif=None;rbs_spacer=None;gc_cont=0.618
NODE_73_length_31480_cov_11.371543_12   -            490 23306at72274         -            310   3.1e-08   31.6   0.1   1   2         7   5.6e+02   -2.1   0.0   109   137   286   314   267   347 0.78 # 13475 # 14944 # 1 # ID=73_12;partial=00;start_type=ATG;rbs_motif=None;rbs_spacer=None;gc_cont=0.631
NODE_73_length_31480_cov_11.371543_12   -            490 23306at72274         -            310   3.1e-08   31.6   0.1   2   2     1e-09   8.3e-08   30.2   0.0   245   299   419   475   408   486 0.86 # 13475 # 14944 # 1 # ID=73_12;partial=00;start_type=ATG;rbs_motif=None;rbs_spacer=None;gc_cont=0.631
NODE_16_length_111127_cov_12.288640_23  -            440 23306at72274         -            310   5.6e-08   30.7   0.2   1   2       1.4   1.2e+02    0.1   0.0   216   243   225   252   213   311 0.70 # 22859 # 24178 # 1 # ID=16_23;partial=00;start_type=ATG;rbs_motif=None;rbs_spacer=None;gc_cont=0.627
NODE_16_length_111127_cov_12.288640_23  -            440 23306at72274         -            310   5.6e-08   30.7   0.2   2   2   4.1e-09   3.3e-07   28.2   0.0   234   295   357   424   340   438 0.82 # 22859 # 24178 # 1 # ID=16_23;partial=00;start_type=ATG;rbs_motif=None;rbs_spacer=None;gc_cont=0.627
NODE_40_length_70224_cov_11.895987_32   -            421 23306at72274         -            310   6.1e-08   30.6   4.2   1   1   2.7e-08   2.1e-06   25.5   4.2    85   299   180   401   166   412 0.72 # 31988 # 33250 # -1 # ID=40_32;partial=00;start_type=ATG;rbs_motif=GGAG/GAGG;rbs_spacer=5-10bp;gc_cont=0.635
NODE_3_length_186977_cov_11.850067_69   -            764 23306at72274         -            310   7.3e-08   30.4   0.0   1   1   1.9e-09   1.5e-07   29.3   0.0   197   308   650   760   623   762 0.72 # 75665 # 77956 # 1 # ID=3_69;partial=00;start_type=GTG;rbs_motif=GGA/GAG/AGG;rbs_spacer=5-10bp;gc_cont=0.611
NODE_5_length_163274_cov_11.816932_158  -           1166 23306at72274         -            310     9e-08   30.1   1.0   1   1   6.9e-08   5.6e-06   24.2   0.9   100   307   486   717   417   720 0.68 # 150624 # 154121 # 1 # ID=5_158;partial=00;start_type=ATG;rbs_motif=GGA/GAG/AGG;rbs_spacer=5-10bp;gc_cont=0.601
NODE_25_length_101630_cov_11.421879_79  -            464 23306at72274         -            310   9.8e-08   29.9   0.2   1   2         3   2.4e+02   -0.9   0.1   117   176   265   293   241   348 0.59 # 81649 # 83040 # -1 # ID=25_79;partial=00;start_type=GTG;rbs_motif=None;rbs_spacer=None;gc_cont=0.601
NODE_25_length_101630_cov_11.421879_79  -            464 23306at72274         -            310   9.8e-08   29.9   0.2   2   2   4.3e-09   3.4e-07   28.2   0.0   228   298   371   447   357   459 0.76 # 81649 # 83040 # -1 # ID=25_79;partial=00;start_type=GTG;rbs_motif=None;rbs_spacer=None;gc_cont=0.601
NODE_17_length_110024_cov_11.158876_31  -            925 23306at72274         -            310     1e-07   29.9   0.1   1   1   2.8e-08   2.3e-06   25.4   0.1   109   306   400   619   363   625 0.70 # 38518 # 41292 # -1 # ID=17_31;partial=00;start_type=GTG;rbs_motif=GGA/GAG/AGG;rbs_spacer=5-10bp;gc_cont=0.624
NODE_37_length_78648_cov_11.643229_6    -            450 23306at72274         -            310   1.4e-07   29.5   0.0   1   1   4.1e-09   3.3e-07   28.2   0.0   102   290   224   425   214   436 0.67 # 3791 # 5140 # 1 # ID=37_6;partial=00;start_type=ATG;rbs_motif=GGA/GAG/AGG;rbs_spacer=5-10bp;gc_cont=0.649
NODE_44_length_65388_cov_12.121420_69   -            427 23306at72274         -            310   3.9e-07   28.0   0.1   1   2      0.22        18    2.8   0.1   112   164   216   269   201   278 0.78 # 62043 # 63323 # 1 # ID=44_69;partial=00;start_type=ATG;rbs_motif=GGAG/GAGG;rbs_spacer=5-10bp;gc_cont=0.625
NODE_44_length_65388_cov_12.121420_69   -            427 23306at72274         -            310   3.9e-07   28.0   0.1   2   2     2e-07   1.6e-05   22.7   0.0   247   288   357   401   352   419 0.87 # 62043 # 63323 # 1 # ID=44_69;partial=00;start_type=ATG;rbs_motif=GGAG/GAGG;rbs_spacer=5-10bp;gc_cont=0.625
NODE_98_length_10462_cov_11.410353_3    -            732 23306at72274         -            310   4.7e-07   27.7   0.0   1   1   3.2e-08   2.6e-06   25.3   0.0   197   297   620   716   478   727 0.85 # 1514 # 3709 # 1 # ID=98_3;partial=00;start_type=ATG;rbs_motif=GGAG/GAGG;rbs_spacer=5-10bp;gc_cont=0.635
NODE_2_length_235110_cov_12.031228_163  -            466 23306at72274         -            310     1e-06   26.6   0.3   1   2       1.1        87    0.6   0.1   109   156   240   288   214   302 0.62 # 162885 # 164282 # -1 # ID=2_163;partial=00;start_type=ATG;rbs_motif=GGAG/GAGG;rbs_spacer=5-10bp;gc_cont=0.634
NODE_2_length_235110_cov_12.031228_163  -            466 23306at72274         -            310     1e-06   26.6   0.3   2   2   1.5e-07   1.2e-05   23.1   0.0   193   300   344   449   334   459 0.73 # 162885 # 164282 # -1 # ID=2_163;partial=00;start_type=ATG;rbs_motif=GGAG/GAGG;rbs_spacer=5-10bp;gc_cont=0.634
NODE_5_length_163274_cov_11.816932_137  -            426 23306at72274         -            310   1.8e-06   25.8   0.0   1   1   1.3e-07     1e-05   23.3   0.0   207   295   323   408   193   421 0.78 # 125299 # 126576 # 1 # ID=5_137;partial=00;start_type=ATG;rbs_motif=GGAGG;rbs_spacer=5-10bp;gc_cont=0.632
NODE_29_length_96877_cov_11.324072_61   -            791 23306at72274         -            310   3.1e-05   21.7   0.0   1   2    0.0027      0.21    9.1   0.0   101   168   412   479   397   499 0.82 # 61650 # 64022 # 1 # ID=29_61;partial=00;start_type=ATG;rbs_motif=3Base/5BMM;rbs_spacer=13-15bp;gc_cont=0.612
NODE_29_length_96877_cov_11.324072_61   -            791 23306at72274         -            310   3.1e-05   21.7   0.0   2   2    0.0017      0.14    9.8   0.0   188   297   518   631   510   644 0.77 # 61650 # 64022 # 1 # ID=29_61;partial=00;start_type=ATG;rbs_motif=3Base/5BMM;rbs_spacer=13-15bp;gc_cont=0.612
NODE_2_length_235110_cov_12.031228_58   -            439 23306at72274         -            310   3.2e-05   21.7   0.3   1   1   1.5e-06   0.00012   19.8   0.3   245   294   369   420   221   434 0.82 # 58625 # 59941 # 1 # ID=2_58;partial=00;start_type=ATG;rbs_motif=None;rbs_spacer=None;gc_cont=0.606
NODE_1_length_244313_cov_11.834909_17   -            440 23306at72274         -            310   5.8e-05   20.8   0.3   1   1   2.8e-06   0.00023   18.9   0.3   103   299   220   427   207   438 0.72 # 14113 # 15432 # -1 # ID=1_17;partial=00;start_type=ATG;rbs_motif=GGAG/GAGG;rbs_spacer=5-10bp;gc_cont=0.645
NODE_1_length_244313_cov_11.834909_108  -            346 23306at72274         -            310   9.2e-05   20.2   0.0   1   2       3.2   2.6e+02   -1.0   0.0   106   127   140   161   122   196 0.69 # 132828 # 133865 # 1 # ID=1_108;partial=00;start_type=ATG;rbs_motif=GGA/GAG/AGG;rbs_spacer=5-10bp;gc_cont=0.649
NODE_1_length_244313_cov_11.834909_108  -            346 23306at72274         -            310   9.2e-05   20.2   0.0   2   2   4.2e-06   0.00033   18.3   0.0   238   295   266   329   241   343 0.77 # 132828 # 133865 # 1 # ID=1_108;partial=00;start_type=ATG;rbs_motif=GGA/GAG/AGG;rbs_spacer=5-10bp;gc_cont=0.649
NODE_45_length_65058_cov_11.003096_14   -            435 23306at72274         -            310   0.00011   20.0   0.0   1   1   2.9e-06   0.00024   18.8   0.0   243   286   361   410   329   422 0.76 # 14185 # 15489 # 1 # ID=45_14;partial=00;start_type=ATG;rbs_motif=GGA/GAG/AGG;rbs_spacer=5-10bp;gc_cont=0.634
NODE_13_length_124624_cov_11.800035_46  -            457 23306at72274         -            310   0.00012   19.9   0.8   1   2       2.5     2e+02   -0.7   0.7    97   155    88   141    20   162 0.71 # 71064 # 72434 # 1 # ID=13_46;partial=00;start_type=ATG;rbs_motif=GGAG/GAGG;rbs_spacer=5-10bp;gc_cont=0.656
NODE_13_length_124624_cov_11.800035_46  -            457 23306at72274         -            310   0.00012   19.9   0.8   2   2   4.8e-06   0.00038   18.1   0.0   234   307   233   314   203   317 0.73 # 71064 # 72434 # 1 # ID=13_46;partial=00;start_type=ATG;rbs_motif=GGAG/GAGG;rbs_spacer=5-10bp;gc_cont=0.656
NODE_23_length_102919_cov_11.261937_48  -            449 23306at72274         -            310   0.00018   19.2   0.0   1   1   9.2e-06   0.00074   17.2   0.0   106   307   237   446   219   447 0.65 # 50654 # 52000 # 1 # ID=23_48;partial=00;start_type=TTG;rbs_motif=GGA/GAG/AGG;rbs_spacer=5-10bp;gc_cont=0.623
NODE_50_length_52615_cov_11.250324_1    -           1021 23306at72274         -            310    0.0074   13.9   0.0   1   1   0.00019     0.015   12.9   0.0   236   308   935  1015   926  1017 0.72 # 3 # 3065 # -1 # ID=50_1;partial=10;start_type=ATG;rbs_motif=GGAG/GAGG;rbs_spacer=5-10bp;gc_cont=0.627
NODE_93_length_12943_cov_11.624766_12   -             64 23306at72274         -            310     0.012   13.2   0.0   1   1   0.00015     0.012   13.2   0.0   263   298     8    43     2    57 0.70 # 12751 # 12942 # -1 # ID=93_12;partial=01;start_type=Edge;rbs_motif=None;rbs_spacer=None;gc_cont=0.661
NODE_70_length_34415_cov_11.462378_11   -            821 23306at72274         -            310     0.014   13.1   0.0   1   1   0.00026     0.021   12.4   0.0     5    67   252   313   248   318 0.83 # 11741 # 14203 # 1 # ID=70_11;partial=00;start_type=ATG;rbs_motif=GGA/GAG/AGG;rbs_spacer=5-10bp;gc_cont=0.598
#
# Program:         hmmsearch
# Version:         3.1b2 (February 2015)
# Pipeline mode:   SEARCH
# Query file:      /data2/PEG/hoaxaca/REAA/Pseudomonas/bin/busco_downloads/lineages/pseudomonadales_odb10/hmms/23306at72274.hmm
# Target file:     /data2/PEG/hoaxaca/REAA/Pseudomonas/bin/../out/busco/trim_def.spades_kmer/prodigal_output/predicted_genes/predicted.faa
# Option settings: hmmsearch --domtblout /data2/PEG/hoaxaca/REAA/Pseudomonas/bin/../out/busco/trim_def.spades_kmer/run_pseudomonadales_odb10/hmmer_output/23306at72274.out --cpu 1 /data2/PEG/hoaxaca/REAA/Pseudomonas/bin/busco_downloads/lineages/pseudomonadales_odb10/hmms/23306at72274.hmm /data2/PEG/hoaxaca/REAA/Pseudomonas/bin/../out/busco/trim_def.spades_kmer/prodigal_output/predicted_genes/predicted.faa 
# Current dir:     /data2/PEG/hoaxaca/REAA/Pseudomonas/bin
# Date:            Mon Feb 20 00:39:29 2023
# [ok]
