#                                                                                               --- full sequence --- -------------- this domain -------------   hmm coord   ali coord   env coord
# target name                           accession   tlen query name           accession   qlen   E-value  score  bias   #  of  c-Evalue  i-Evalue  score  bias  from    to  from    to  from    to  acc description of target
#                   ------------------- ---------- ----- -------------------- ---------- ----- --------- ------ ----- --- --- --------- --------- ------ ----- ----- ----- ----- ----- ----- ----- ---- ---------------------
NODE_85_length_21476_cov_12.035271_4    -            315 30458at72274         -            233     3e-76  254.5   0.0   1   1   6.4e-78   3.1e-75  251.2   0.0     1   233     1   312     1   312 0.86 # 3225 # 4169 # -1 # ID=85_4;partial=00;start_type=GTG;rbs_motif=GGAG/GAGG;rbs_spacer=5-10bp;gc_cont=0.623
NODE_58_length_42083_cov_11.941439_17   -            137 30458at72274         -            233   1.5e-10   39.5   0.1   1   1   5.5e-13   2.7e-10   38.7   0.0     2    61     3    60     2    66 0.84 # 23391 # 23801 # 1 # ID=58_17;partial=00;start_type=ATG;rbs_motif=GGA/GAG/AGG;rbs_spacer=5-10bp;gc_cont=0.659
NODE_64_length_39806_cov_12.008518_27   -            139 30458at72274         -            233   3.6e-09   35.0   0.1   1   1     1e-11   4.9e-09   34.5   0.1     3    61    18    73    16   135 0.80 # 22224 # 22640 # -1 # ID=64_27;partial=00;start_type=ATG;rbs_motif=AGGA/GGAG/GAGG;rbs_spacer=11-12bp;gc_cont=0.585
NODE_4_length_179944_cov_11.656412_161  -            160 30458at72274         -            233   1.8e-08   32.7   0.0   1   1   5.7e-11   2.8e-08   32.1   0.0     7    59    12    61     8    67 0.86 # 163613 # 164092 # 1 # ID=4_161;partial=00;start_type=GTG;rbs_motif=GGAG/GAGG;rbs_spacer=5-10bp;gc_cont=0.558
NODE_7_length_150369_cov_11.860239_130  -            221 30458at72274         -            233   2.8e-05   22.2   0.0   1   1   7.3e-08   3.5e-05   21.9   0.0    13    60    85   132    73   151 0.86 # 143687 # 144349 # 1 # ID=7_130;partial=00;start_type=ATG;rbs_motif=None;rbs_spacer=None;gc_cont=0.612
NODE_16_length_111127_cov_12.288640_30  -            149 30458at72274         -            233     3e-05   22.1   0.2   1   1   8.2e-08     4e-05   21.7   0.2     6    57     9    61     4    67 0.87 # 29805 # 30251 # 1 # ID=16_30;partial=00;start_type=ATG;rbs_motif=AGGA;rbs_spacer=5-10bp;gc_cont=0.582
NODE_1_length_244313_cov_11.834909_186  -            137 30458at72274         -            233   0.00021   19.4   0.0   1   1   5.8e-07   0.00028   19.0   0.0    34    66    32    64    21    78 0.86 # 225069 # 225479 # 1 # ID=1_186;partial=00;start_type=ATG;rbs_motif=GGA/GAG/AGG;rbs_spacer=5-10bp;gc_cont=0.574
NODE_33_length_81661_cov_11.674602_8    -            278 30458at72274         -            233   0.00058   17.9   0.0   1   1   1.9e-06   0.00092   17.3   0.0    10    61   148   199   140   213 0.81 # 7189 # 8022 # -1 # ID=33_8;partial=00;start_type=ATG;rbs_motif=GGA/GAG/AGG;rbs_spacer=5-10bp;gc_cont=0.647
NODE_2_length_235110_cov_12.031228_51   -            208 30458at72274         -            233    0.0048   14.9   0.0   1   1   1.4e-05    0.0067   14.4   0.0     3    67    69   129    67   139 0.79 # 54373 # 54996 # -1 # ID=2_51;partial=00;start_type=ATG;rbs_motif=AGGAG;rbs_spacer=5-10bp;gc_cont=0.603
NODE_2_length_235110_cov_12.031228_83   -            149 30458at72274         -            233     0.007   14.4   0.0   1   1   1.5e-05    0.0072   14.3   0.0     5    61     6    62     4   121 0.83 # 90020 # 90466 # -1 # ID=2_83;partial=00;start_type=ATG;rbs_motif=GGAG/GAGG;rbs_spacer=5-10bp;gc_cont=0.609
NODE_17_length_110024_cov_11.158876_44  -            179 30458at72274         -            233    0.0083   14.1   0.0   1   1   2.5e-05     0.012   13.6   0.0    34    59    78   103    67   116 0.87 # 56109 # 56645 # 1 # ID=17_44;partial=00;start_type=ATG;rbs_motif=GGA/GAG/AGG;rbs_spacer=5-10bp;gc_cont=0.646
NODE_20_length_107404_cov_11.794224_77  -            206 30458at72274         -            233     0.026   12.5   0.1   1   1   0.00011     0.053   11.5   0.1    31    60    88   117    72   123 0.91 # 97988 # 98605 # 1 # ID=20_77;partial=00;start_type=ATG;rbs_motif=GGAG/GAGG;rbs_spacer=5-10bp;gc_cont=0.578
NODE_11_length_127457_cov_11.778520_112 -            189 30458at72274         -            233     0.028   12.4   0.1   1   1     9e-05     0.044   11.8   0.1    33    59    77   103    49   111 0.77 # 120723 # 121289 # -1 # ID=11_112;partial=00;start_type=ATG;rbs_motif=AGGAG;rbs_spacer=5-10bp;gc_cont=0.623
#
# Program:         hmmsearch
# Version:         3.1b2 (February 2015)
# Pipeline mode:   SEARCH
# Query file:      /data2/PEG/hoaxaca/REAA/Pseudomonas/bin/busco_downloads/lineages/pseudomonadales_odb10/hmms/30458at72274.hmm
# Target file:     /data2/PEG/hoaxaca/REAA/Pseudomonas/bin/../out/busco/trim_def.spades_kmer/prodigal_output/predicted_genes/predicted.faa
# Option settings: hmmsearch --domtblout /data2/PEG/hoaxaca/REAA/Pseudomonas/bin/../out/busco/trim_def.spades_kmer/run_pseudomonadales_odb10/hmmer_output/30458at72274.out --cpu 1 /data2/PEG/hoaxaca/REAA/Pseudomonas/bin/busco_downloads/lineages/pseudomonadales_odb10/hmms/30458at72274.hmm /data2/PEG/hoaxaca/REAA/Pseudomonas/bin/../out/busco/trim_def.spades_kmer/prodigal_output/predicted_genes/predicted.faa 
# Current dir:     /data2/PEG/hoaxaca/REAA/Pseudomonas/bin
# Date:            Mon Feb 20 00:39:37 2023
# [ok]
