#                                                                                              --- full sequence --- -------------- this domain -------------   hmm coord   ali coord   env coord
# target name                          accession   tlen query name           accession   qlen   E-value  score  bias   #  of  c-Evalue  i-Evalue  score  bias  from    to  from    to  from    to  acc description of target
#                  ------------------- ---------- ----- -------------------- ---------- ----- --------- ------ ----- --- --- --------- --------- ------ ----- ----- ----- ----- ----- ----- ----- ---- ---------------------
NODE_6_length_154355_cov_11.215791_128 -            755 3072at72274          -            573  4.1e-265  879.1   0.2   1   2   1.4e-98   1.7e-95  319.1   0.0     1   279     6   380     6   383 0.84 # 145369 # 147633 # -1 # ID=6_128;partial=00;start_type=ATG;rbs_motif=GGA/GAG/AGG;rbs_spacer=5-10bp;gc_cont=0.637
NODE_6_length_154355_cov_11.215791_128 -            755 3072at72274          -            573  4.1e-265  879.1   0.2   2   2  7.8e-171  9.8e-168  557.6   0.4   278   573   444   752   437   752 0.96 # 145369 # 147633 # -1 # ID=6_128;partial=00;start_type=ATG;rbs_motif=GGA/GAG/AGG;rbs_spacer=5-10bp;gc_cont=0.637
NODE_33_length_81661_cov_11.674602_5   -            309 3072at72274          -            573   6.5e-23   79.4   0.0   1   1   5.6e-26     7e-23   79.3   0.0   380   529   105   256    40   272 0.87 # 4362 # 5288 # 1 # ID=33_5;partial=00;start_type=ATG;rbs_motif=None;rbs_spacer=None;gc_cont=0.622
NODE_8_length_136322_cov_13.267910_32  -            339 3072at72274          -            573     4e-22   76.8   0.0   1   2   1.9e-16   2.3e-13   47.9   0.0   401   480   133   213   129   219 0.93 # 33908 # 34924 # 1 # ID=8_32;partial=00;start_type=ATG;rbs_motif=GGA/GAG/AGG;rbs_spacer=5-10bp;gc_cont=0.648
NODE_8_length_136322_cov_13.267910_32  -            339 3072at72274          -            573     4e-22   76.8   0.0   2   2   4.6e-10   5.8e-07   26.8   0.0   482   544   238   298   234   311 0.89 # 33908 # 34924 # 1 # ID=8_32;partial=00;start_type=ATG;rbs_motif=GGA/GAG/AGG;rbs_spacer=5-10bp;gc_cont=0.648
NODE_43_length_65404_cov_11.446038_60  -            399 3072at72274          -            573     1e-21   75.5   0.0   1   1     1e-24   1.3e-21   75.2   0.0   385   528   187   335   116   350 0.89 # 54518 # 55714 # 1 # ID=43_60;partial=00;start_type=ATG;rbs_motif=GGAG/GAGG;rbs_spacer=5-10bp;gc_cont=0.624
NODE_91_length_16114_cov_10.411459_4   -            219 3072at72274          -            573     0.019   11.9   0.0   1   1     2e-05     0.025   11.5   0.0   418   488    81   148    73   156 0.84 # 1686 # 2342 # 1 # ID=91_4;partial=00;start_type=ATG;rbs_motif=None;rbs_spacer=None;gc_cont=0.668
#
# Program:         hmmsearch
# Version:         3.1b2 (February 2015)
# Pipeline mode:   SEARCH
# Query file:      /data2/PEG/hoaxaca/REAA/Pseudomonas/bin/busco_downloads/lineages/pseudomonadales_odb10/hmms/3072at72274.hmm
# Target file:     /data2/PEG/hoaxaca/REAA/Pseudomonas/bin/../out/busco/trim_def.spades_kmer/prodigal_output/predicted_genes/predicted.faa
# Option settings: hmmsearch --domtblout /data2/PEG/hoaxaca/REAA/Pseudomonas/bin/../out/busco/trim_def.spades_kmer/run_pseudomonadales_odb10/hmmer_output/3072at72274.out --cpu 1 /data2/PEG/hoaxaca/REAA/Pseudomonas/bin/busco_downloads/lineages/pseudomonadales_odb10/hmms/3072at72274.hmm /data2/PEG/hoaxaca/REAA/Pseudomonas/bin/../out/busco/trim_def.spades_kmer/prodigal_output/predicted_genes/predicted.faa 
# Current dir:     /data2/PEG/hoaxaca/REAA/Pseudomonas/bin
# Date:            Mon Feb 20 00:39:38 2023
# [ok]
