#                                                                                               --- full sequence --- -------------- this domain -------------   hmm coord   ali coord   env coord
# target name                           accession   tlen query name           accession   qlen   E-value  score  bias   #  of  c-Evalue  i-Evalue  score  bias  from    to  from    to  from    to  acc description of target
#                   ------------------- ---------- ----- -------------------- ---------- ----- --------- ------ ----- --- --- --------- --------- ------ ----- ----- ----- ----- ----- ----- ----- ---- ---------------------
NODE_43_length_65404_cov_11.446038_50   -            332 31831at72274         -            282  1.6e-114  380.2   0.0   1   1  4.5e-117  1.9e-114  380.0   0.0     2   282     8   326     7   326 0.93 # 45016 # 46011 # 1 # ID=43_50;partial=00;start_type=GTG;rbs_motif=GGA/GAG/AGG;rbs_spacer=5-10bp;gc_cont=0.631
NODE_14_length_116145_cov_12.034865_47  -            306 31831at72274         -            282   6.6e-09   33.7   0.0   1   1   2.2e-11   9.2e-09   33.2   0.0    29   248    33   255    17   288 0.69 # 40111 # 41028 # 1 # ID=14_47;partial=00;start_type=ATG;rbs_motif=GGAG/GAGG;rbs_spacer=5-10bp;gc_cont=0.626
NODE_7_length_150369_cov_11.860239_76   -            302 31831at72274         -            282   1.9e-08   32.2   0.0   1   2   3.1e-08   1.3e-05   22.9   0.0    30   152    42   167    28   183 0.73 # 84153 # 85058 # -1 # ID=7_76;partial=00;start_type=ATG;rbs_motif=GGAG/GAGG;rbs_spacer=5-10bp;gc_cont=0.640
NODE_7_length_150369_cov_11.860239_76   -            302 31831at72274         -            282   1.9e-08   32.2   0.0   2   2    0.0018      0.77    7.2   0.0   228   269   214   262   202   272 0.67 # 84153 # 85058 # -1 # ID=7_76;partial=00;start_type=ATG;rbs_motif=GGAG/GAGG;rbs_spacer=5-10bp;gc_cont=0.640
NODE_26_length_101577_cov_11.283884_48  -            268 31831at72274         -            282   2.1e-06   25.5   0.0   1   2   1.3e-07   5.3e-05   20.9   0.0    49   133    18    98     6   112 0.79 # 47174 # 47977 # 1 # ID=26_48;partial=00;start_type=ATG;rbs_motif=AGGAG;rbs_spacer=5-10bp;gc_cont=0.585
NODE_26_length_101577_cov_11.283884_48  -            268 31831at72274         -            282   2.1e-06   25.5   0.0   2   2     0.049        21    2.6   0.0   226   242   196   212   167   226 0.84 # 47174 # 47977 # 1 # ID=26_48;partial=00;start_type=ATG;rbs_motif=AGGAG;rbs_spacer=5-10bp;gc_cont=0.585
NODE_53_length_49636_cov_11.893191_24   -            273 31831at72274         -            282   1.3e-05   22.9   0.1   1   2   7.5e-06    0.0032   15.1   0.0    71   144    41   111    32   122 0.79 # 23843 # 24661 # 1 # ID=53_24;partial=00;start_type=ATG;rbs_motif=AGGAG;rbs_spacer=5-10bp;gc_cont=0.611
NODE_53_length_49636_cov_11.893191_24   -            273 31831at72274         -            282   1.3e-05   22.9   0.1   2   2    0.0047         2    5.9   0.0   224   257   205   238   181   255 0.84 # 23843 # 24661 # 1 # ID=53_24;partial=00;start_type=ATG;rbs_motif=AGGAG;rbs_spacer=5-10bp;gc_cont=0.611
NODE_5_length_163274_cov_11.816932_126  -            314 31831at72274         -            282   0.00041   18.0   0.0   1   2   1.7e-05    0.0072   13.9   0.0    29   145    65   182    49   190 0.70 # 114779 # 115720 # -1 # ID=5_126;partial=00;start_type=ATG;rbs_motif=GGA/GAG/AGG;rbs_spacer=5-10bp;gc_cont=0.628
NODE_5_length_163274_cov_11.816932_126  -            314 31831at72274         -            282   0.00041   18.0   0.0   2   2      0.08        33    1.9   0.0   220   262   224   266   221   280 0.78 # 114779 # 115720 # -1 # ID=5_126;partial=00;start_type=ATG;rbs_motif=GGA/GAG/AGG;rbs_spacer=5-10bp;gc_cont=0.628
NODE_60_length_41929_cov_11.350318_15   -            278 31831at72274         -            282   0.00048   17.8   0.1   1   2    0.0029       1.2    6.6   0.1    50    93    65   109    45   161 0.74 # 18393 # 19226 # -1 # ID=60_15;partial=00;start_type=ATG;rbs_motif=GGAG/GAGG;rbs_spacer=5-10bp;gc_cont=0.663
NODE_60_length_41929_cov_11.350318_15   -            278 31831at72274         -            282   0.00048   17.8   0.1   2   2   0.00058      0.24    8.9   0.0   229   249   208   228   202   250 0.80 # 18393 # 19226 # -1 # ID=60_15;partial=00;start_type=ATG;rbs_motif=GGAG/GAGG;rbs_spacer=5-10bp;gc_cont=0.663
NODE_64_length_39806_cov_12.008518_33   -            333 31831at72274         -            282   0.00071   17.2   0.0   1   1   2.4e-06     0.001   16.7   0.0    42   133    47   137    17   142 0.71 # 27982 # 28980 # 1 # ID=64_33;partial=00;start_type=ATG;rbs_motif=GGAG/GAGG;rbs_spacer=5-10bp;gc_cont=0.622
NODE_11_length_127457_cov_11.778520_8   -            282 31831at72274         -            282   0.00099   16.7   0.0   1   2      0.29   1.2e+02    0.0   0.0   120   137    94   111    46   132 0.72 # 9262 # 10107 # 1 # ID=11_8;partial=00;start_type=ATG;rbs_motif=GGA/GAG/AGG;rbs_spacer=5-10bp;gc_cont=0.622
NODE_11_length_127457_cov_11.778520_8   -            282 31831at72274         -            282   0.00099   16.7   0.0   2   2   1.4e-05     0.006   14.2   0.0   222   249   201   228   198   240 0.86 # 9262 # 10107 # 1 # ID=11_8;partial=00;start_type=ATG;rbs_motif=GGA/GAG/AGG;rbs_spacer=5-10bp;gc_cont=0.622
NODE_45_length_65058_cov_11.003096_17   -            179 31831at72274         -            282     0.001   16.7   0.0   1   1   2.7e-06    0.0011   16.5   0.0    36    99    38   102    19   135 0.82 # 19063 # 19599 # -1 # ID=45_17;partial=00;start_type=ATG;rbs_motif=GGAG/GAGG;rbs_spacer=5-10bp;gc_cont=0.644
NODE_14_length_116145_cov_12.034865_48  -            351 31831at72274         -            282    0.0038   14.8   0.0   1   1   1.3e-05    0.0053   14.3   0.0    35   102    61   130    43   152 0.81 # 41165 # 42217 # 1 # ID=14_48;partial=00;start_type=ATG;rbs_motif=GGAG/GAGG;rbs_spacer=5-10bp;gc_cont=0.640
NODE_47_length_61454_cov_11.422440_45   -            293 31831at72274         -            282    0.0093   13.5   0.0   1   2    0.0011      0.48    7.9   0.0    34    80    13    59     5   107 0.78 # 41681 # 42559 # 1 # ID=47_45;partial=00;start_type=ATG;rbs_motif=GGAG/GAGG;rbs_spacer=5-10bp;gc_cont=0.609
NODE_47_length_61454_cov_11.422440_45   -            293 31831at72274         -            282    0.0093   13.5   0.0   2   2     0.022       9.2    3.7   0.0   226   247   226   247   210   284 0.84 # 41681 # 42559 # 1 # ID=47_45;partial=00;start_type=ATG;rbs_motif=GGAG/GAGG;rbs_spacer=5-10bp;gc_cont=0.609
NODE_12_length_125582_cov_11.892726_129 -            341 31831at72274         -            282     0.025   12.2   0.1   1   1   8.5e-05     0.036   11.6   0.1    42   117    19    94    15   132 0.73 # 115944 # 116966 # 1 # ID=12_129;partial=00;start_type=ATG;rbs_motif=AGGAG;rbs_spacer=5-10bp;gc_cont=0.598
NODE_40_length_70224_cov_11.895987_28   -            210 31831at72274         -            282     0.054   11.0   0.0   1   1   0.00015     0.063   10.8   0.0    63   133    41   113     2   139 0.73 # 28197 # 28826 # -1 # ID=40_28;partial=00;start_type=ATG;rbs_motif=3Base/5BMM;rbs_spacer=13-15bp;gc_cont=0.611
NODE_15_length_113078_cov_11.607042_13  -            402 31831at72274         -            282     0.068   10.7   0.0   1   1   0.00033      0.14    9.7   0.0    53   142    85   174    61   194 0.80 # 13714 # 14919 # -1 # ID=15_13;partial=00;start_type=TTG;rbs_motif=GGA/GAG/AGG;rbs_spacer=5-10bp;gc_cont=0.620
#
# Program:         hmmsearch
# Version:         3.1b2 (February 2015)
# Pipeline mode:   SEARCH
# Query file:      /data2/PEG/hoaxaca/REAA/Pseudomonas/bin/busco_downloads/lineages/pseudomonadales_odb10/hmms/31831at72274.hmm
# Target file:     /data2/PEG/hoaxaca/REAA/Pseudomonas/bin/../out/busco/trim_def.spades_kmer/prodigal_output/predicted_genes/predicted.faa
# Option settings: hmmsearch --domtblout /data2/PEG/hoaxaca/REAA/Pseudomonas/bin/../out/busco/trim_def.spades_kmer/run_pseudomonadales_odb10/hmmer_output/31831at72274.out --cpu 1 /data2/PEG/hoaxaca/REAA/Pseudomonas/bin/busco_downloads/lineages/pseudomonadales_odb10/hmms/31831at72274.hmm /data2/PEG/hoaxaca/REAA/Pseudomonas/bin/../out/busco/trim_def.spades_kmer/prodigal_output/predicted_genes/predicted.faa 
# Current dir:     /data2/PEG/hoaxaca/REAA/Pseudomonas/bin
# Date:            Mon Feb 20 00:39:39 2023
# [ok]
