#                                                                                               --- full sequence --- -------------- this domain -------------   hmm coord   ali coord   env coord
# target name                           accession   tlen query name           accession   qlen   E-value  score  bias   #  of  c-Evalue  i-Evalue  score  bias  from    to  from    to  from    to  acc description of target
#                   ------------------- ---------- ----- -------------------- ---------- ----- --------- ------ ----- --- --- --------- --------- ------ ----- ----- ----- ----- ----- ----- ----- ---- ---------------------
NODE_9_length_135493_cov_11.866710_93   -            351 32510at72274         -            297  3.8e-143  474.6   0.0   1   1  1.5e-145  5.3e-143  474.1   0.0     1   297     3   347     3   347 0.91 # 105025 # 106077 # -1 # ID=9_93;partial=00;start_type=ATG;rbs_motif=GGA/GAG/AGG;rbs_spacer=5-10bp;gc_cont=0.617
NODE_34_length_80082_cov_12.111288_6    -            371 32510at72274         -            297   4.3e-48  162.6   0.0   1   1   1.8e-49   6.1e-47  158.8   0.0     4   297    10   363     7   363 0.76 # 7510 # 8622 # 1 # ID=34_6;partial=00;start_type=ATG;rbs_motif=GGAG/GAGG;rbs_spacer=5-10bp;gc_cont=0.615
NODE_21_length_107008_cov_11.508182_56  -            406 32510at72274         -            297   4.3e-14   51.0   0.0   1   1     7e-16   2.4e-13   48.5   0.0   113   229   173   298    57   339 0.75 # 54623 # 55840 # -1 # ID=21_56;partial=00;start_type=ATG;rbs_motif=GGAG/GAGG;rbs_spacer=5-10bp;gc_cont=0.612
NODE_32_length_89830_cov_11.382685_58   -            665 32510at72274         -            297     5e-11   40.9   0.0   1   2       3.2   1.1e+03   -2.9   0.0   137   155   113   131    97   135 0.77 # 75721 # 77715 # -1 # ID=32_58;partial=00;start_type=ATG;rbs_motif=GGAG/GAGG;rbs_spacer=5-10bp;gc_cont=0.625
NODE_32_length_89830_cov_11.382685_58   -            665 32510at72274         -            297     5e-11   40.9   0.0   2   2   4.3e-13   1.5e-10   39.3   0.0   111   223   165   284   148   307 0.79 # 75721 # 77715 # -1 # ID=32_58;partial=00;start_type=ATG;rbs_motif=GGAG/GAGG;rbs_spacer=5-10bp;gc_cont=0.625
NODE_26_length_101577_cov_11.283884_2   -            330 32510at72274         -            297   7.8e-10   37.0   0.0   1   1   3.3e-12   1.2e-09   36.4   0.0   110   198   123   215   106   260 0.79 # 1624 # 2613 # -1 # ID=26_2;partial=00;start_type=ATG;rbs_motif=GGxGG;rbs_spacer=5-10bp;gc_cont=0.648
NODE_38_length_76730_cov_12.020195_56   -            401 32510at72274         -            297   4.9e-09   34.4   0.0   1   1   2.8e-11   9.9e-09   33.4   0.0   107   230   161   292   153   305 0.78 # 58258 # 59460 # -1 # ID=38_56;partial=00;start_type=ATG;rbs_motif=AGGAG;rbs_spacer=5-10bp;gc_cont=0.633
NODE_42_length_67348_cov_11.469749_60   -            403 32510at72274         -            297   1.1e-08   33.3   0.0   1   1   4.2e-11   1.5e-08   32.8   0.0   111   227   166   293   110   305 0.81 # 57145 # 58353 # 1 # ID=42_60;partial=00;start_type=ATG;rbs_motif=GGA/GAG/AGG;rbs_spacer=5-10bp;gc_cont=0.639
NODE_8_length_136322_cov_13.267910_18   -            391 32510at72274         -            297   2.3e-08   32.2   0.0   1   1   9.7e-11   3.4e-08   31.6   0.0   108   223   162   281   148   294 0.81 # 17030 # 18202 # -1 # ID=8_18;partial=00;start_type=ATG;rbs_motif=AGGA;rbs_spacer=5-10bp;gc_cont=0.617
NODE_7_length_150369_cov_11.860239_41   -            400 32510at72274         -            297   1.2e-07   29.8   0.0   1   1   7.2e-10   2.5e-07   28.7   0.0   107   233   163   303   154   315 0.75 # 45327 # 46526 # 1 # ID=7_41;partial=00;start_type=ATG;rbs_motif=GGA/GAG/AGG;rbs_spacer=5-10bp;gc_cont=0.636
NODE_28_length_97117_cov_11.245262_83   -            404 32510at72274         -            297   3.6e-06   24.9   0.0   1   1   2.1e-07   7.4e-05   20.6   0.0   104   187   160   251    65   272 0.77 # 81637 # 82848 # 1 # ID=28_83;partial=00;start_type=ATG;rbs_motif=AGGA;rbs_spacer=5-10bp;gc_cont=0.618
NODE_45_length_65058_cov_11.003096_27   -            410 32510at72274         -            297     5e-06   24.5   0.0   1   1   2.7e-08   9.5e-06   23.6   0.0   113   222   170   289   158   311 0.73 # 29151 # 30380 # 1 # ID=45_27;partial=00;start_type=ATG;rbs_motif=GGAG/GAGG;rbs_spacer=5-10bp;gc_cont=0.649
NODE_35_length_79420_cov_11.636059_29   -            404 32510at72274         -            297   5.8e-06   24.3   0.0   1   2       1.4   4.8e+02   -1.7   0.0    31    79    65   110    49   120 0.61 # 44021 # 45232 # -1 # ID=35_29;partial=00;start_type=ATG;rbs_motif=GGAGG;rbs_spacer=5-10bp;gc_cont=0.649
NODE_35_length_79420_cov_11.636059_29   -            404 32510at72274         -            297   5.8e-06   24.3   0.0   2   2   5.6e-08   1.9e-05   22.5   0.0   102   222   156   286   151   296 0.80 # 44021 # 45232 # -1 # ID=35_29;partial=00;start_type=ATG;rbs_motif=GGAGG;rbs_spacer=5-10bp;gc_cont=0.649
NODE_16_length_111127_cov_12.288640_79  -            383 32510at72274         -            297     2e-05   22.5   0.0   1   1   1.1e-07   3.8e-05   21.6   0.0   103   205   142   260    80   278 0.73 # 73035 # 74183 # 1 # ID=16_79;partial=00;start_type=ATG;rbs_motif=GGA/GAG/AGG;rbs_spacer=5-10bp;gc_cont=0.610
NODE_1_length_244313_cov_11.834909_103  -            475 32510at72274         -            297    0.0002   19.2   0.0   1   1   1.3e-06   0.00047   18.0   0.0   121   215   253   351   241   379 0.76 # 127311 # 128735 # -1 # ID=1_103;partial=00;start_type=ATG;rbs_motif=GGA/GAG/AGG;rbs_spacer=5-10bp;gc_cont=0.624
NODE_59_length_42079_cov_11.631889_5    -            442 32510at72274         -            297   0.00027   18.8   0.0   1   1   1.4e-06   0.00049   17.9   0.0   122   270   233   402   219   428 0.66 # 2117 # 3442 # 1 # ID=59_5;partial=00;start_type=ATG;rbs_motif=GGA/GAG/AGG;rbs_spacer=5-10bp;gc_cont=0.643
NODE_48_length_61080_cov_11.397749_41   -            443 32510at72274         -            297    0.0057   14.4   0.0   1   2       2.9     1e+03   -2.8   0.0    60    96   149   189   142   194 0.65 # 42945 # 44273 # 1 # ID=48_41;partial=00;start_type=ATG;rbs_motif=GGA/GAG/AGG;rbs_spacer=5-10bp;gc_cont=0.664
NODE_48_length_61080_cov_11.397749_41   -            443 32510at72274         -            297    0.0057   14.4   0.0   2   2     4e-05     0.014   13.2   0.0   139   243   253   357   218   370 0.69 # 42945 # 44273 # 1 # ID=48_41;partial=00;start_type=ATG;rbs_motif=GGA/GAG/AGG;rbs_spacer=5-10bp;gc_cont=0.664
NODE_12_length_125582_cov_11.892726_118 -            462 32510at72274         -            297    0.0074   14.1   0.0   1   1   4.3e-05     0.015   13.1   0.0   121   199   250   333   238   344 0.80 # 106317 # 107702 # 1 # ID=12_118;partial=00;start_type=ATG;rbs_motif=GGA/GAG/AGG;rbs_spacer=5-10bp;gc_cont=0.542
NODE_28_length_97117_cov_11.245262_33   -            389 32510at72274         -            297     0.035   11.8   0.0   1   1   0.00017     0.059   11.1   0.0   109   204   151   253   143   269 0.65 # 29535 # 30701 # -1 # ID=28_33;partial=00;start_type=ATG;rbs_motif=None;rbs_spacer=None;gc_cont=0.621
#
# Program:         hmmsearch
# Version:         3.1b2 (February 2015)
# Pipeline mode:   SEARCH
# Query file:      /data2/PEG/hoaxaca/REAA/Pseudomonas/bin/busco_downloads/lineages/pseudomonadales_odb10/hmms/32510at72274.hmm
# Target file:     /data2/PEG/hoaxaca/REAA/Pseudomonas/bin/../out/busco/trim_def.spades_kmer/prodigal_output/predicted_genes/predicted.faa
# Option settings: hmmsearch --domtblout /data2/PEG/hoaxaca/REAA/Pseudomonas/bin/../out/busco/trim_def.spades_kmer/run_pseudomonadales_odb10/hmmer_output/32510at72274.out --cpu 1 /data2/PEG/hoaxaca/REAA/Pseudomonas/bin/busco_downloads/lineages/pseudomonadales_odb10/hmms/32510at72274.hmm /data2/PEG/hoaxaca/REAA/Pseudomonas/bin/../out/busco/trim_def.spades_kmer/prodigal_output/predicted_genes/predicted.faa 
# Current dir:     /data2/PEG/hoaxaca/REAA/Pseudomonas/bin
# Date:            Mon Feb 20 00:39:40 2023
# [ok]
