#                                                                                              --- full sequence --- -------------- this domain -------------   hmm coord   ali coord   env coord
# target name                          accession   tlen query name           accession   qlen   E-value  score  bias   #  of  c-Evalue  i-Evalue  score  bias  from    to  from    to  from    to  acc description of target
#                  ------------------- ---------- ----- -------------------- ---------- ----- --------- ------ ----- --- --- --------- --------- ------ ----- ----- ----- ----- ----- ----- ----- ---- ---------------------
NODE_4_length_179944_cov_11.656412_30  -            300 32696at72274         -            231   1.8e-97  323.9   1.4   1   1   2.3e-98   2.4e-95  316.9   1.4     1   231    13   293    13   293 0.87 # 30130 # 31029 # -1 # ID=4_30;partial=00;start_type=ATG;rbs_motif=None;rbs_spacer=None;gc_cont=0.652
NODE_7_length_150369_cov_11.860239_115 -            299 32696at72274         -            231   5.1e-53  178.4   4.1   1   1   5.4e-54   5.6e-51  171.7   4.1    37   228    69   297    18   298 0.81 # 131272 # 132168 # -1 # ID=7_115;partial=00;start_type=ATG;rbs_motif=GGA/GAG/AGG;rbs_spacer=5-10bp;gc_cont=0.619
NODE_37_length_78648_cov_11.643229_57  -            305 32696at72274         -            231   5.3e-15   54.0   0.7   1   1   1.5e-17   1.6e-14   52.4   0.7    79   212   137   289    70   300 0.82 # 57080 # 57994 # -1 # ID=37_57;partial=00;start_type=TTG;rbs_motif=GGA/GAG/AGG;rbs_spacer=5-10bp;gc_cont=0.620
NODE_57_length_42592_cov_12.049641_23  -            384 32696at72274         -            231   0.00014   19.9   0.0   1   1   3.2e-07   0.00033   18.6   0.0    80   210   190   343   175   348 0.75 # 34793 # 35944 # 1 # ID=57_23;partial=00;start_type=TTG;rbs_motif=GGA/GAG/AGG;rbs_spacer=11-12bp;gc_cont=0.648
NODE_47_length_61454_cov_11.422440_29  -            309 32696at72274         -            231    0.0015   16.5   0.0   1   2    0.0021       2.2    6.1   0.0    67   108   124   164    92   171 0.80 # 29893 # 30819 # -1 # ID=47_29;partial=00;start_type=ATG;rbs_motif=None;rbs_spacer=None;gc_cont=0.621
NODE_47_length_61454_cov_11.422440_29  -            309 32696at72274         -            231    0.0015   16.5   0.0   2   2   0.00055      0.58    8.0   0.0   160   211   241   294   201   298 0.81 # 29893 # 30819 # -1 # ID=47_29;partial=00;start_type=ATG;rbs_motif=None;rbs_spacer=None;gc_cont=0.621
NODE_41_length_69652_cov_12.835901_25  -            370 32696at72274         -            231     0.015   13.3   0.0   1   3     0.099     1e+02    0.7   0.0    28    62    68   102    59   117 0.76 # 27569 # 28678 # -1 # ID=41_25;partial=00;start_type=ATG;rbs_motif=GGAG/GAGG;rbs_spacer=5-10bp;gc_cont=0.536
NODE_41_length_69652_cov_12.835901_25  -            370 32696at72274         -            231     0.015   13.3   0.0   2   3    0.0036       3.8    5.4   0.0    78   110   169   201   160   205 0.89 # 27569 # 28678 # -1 # ID=41_25;partial=00;start_type=ATG;rbs_motif=GGAG/GAGG;rbs_spacer=5-10bp;gc_cont=0.536
NODE_41_length_69652_cov_12.835901_25  -            370 32696at72274         -            231     0.015   13.3   0.0   3   3     0.023        24    2.7   0.0   141   182   260   304   254   318 0.66 # 27569 # 28678 # -1 # ID=41_25;partial=00;start_type=ATG;rbs_motif=GGAG/GAGG;rbs_spacer=5-10bp;gc_cont=0.536
#
# Program:         hmmsearch
# Version:         3.1b2 (February 2015)
# Pipeline mode:   SEARCH
# Query file:      /data2/PEG/hoaxaca/REAA/Pseudomonas/bin/busco_downloads/lineages/pseudomonadales_odb10/hmms/32696at72274.hmm
# Target file:     /data2/PEG/hoaxaca/REAA/Pseudomonas/bin/../out/busco/trim_def.spades_kmer/prodigal_output/predicted_genes/predicted.faa
# Option settings: hmmsearch --domtblout /data2/PEG/hoaxaca/REAA/Pseudomonas/bin/../out/busco/trim_def.spades_kmer/run_pseudomonadales_odb10/hmmer_output/32696at72274.out --cpu 1 /data2/PEG/hoaxaca/REAA/Pseudomonas/bin/busco_downloads/lineages/pseudomonadales_odb10/hmms/32696at72274.hmm /data2/PEG/hoaxaca/REAA/Pseudomonas/bin/../out/busco/trim_def.spades_kmer/prodigal_output/predicted_genes/predicted.faa 
# Current dir:     /data2/PEG/hoaxaca/REAA/Pseudomonas/bin
# Date:            Mon Feb 20 00:39:40 2023
# [ok]
