#                                                                                              --- full sequence --- -------------- this domain -------------   hmm coord   ali coord   env coord
# target name                          accession   tlen query name           accession   qlen   E-value  score  bias   #  of  c-Evalue  i-Evalue  score  bias  from    to  from    to  from    to  acc description of target
#                  ------------------- ---------- ----- -------------------- ---------- ----- --------- ------ ----- --- --- --------- --------- ------ ----- ----- ----- ----- ----- ----- ----- ---- ---------------------
NODE_16_length_111127_cov_12.288640_61 -            262 33380at72274         -            205  2.5e-112  371.8   0.6   1   1  4.4e-115  3.4e-112  371.3   0.6     1   205     1   225     1   225 0.93 # 56930 # 57715 # 1 # ID=16_61;partial=00;start_type=ATG;rbs_motif=AGGA;rbs_spacer=5-10bp;gc_cont=0.611
NODE_66_length_38408_cov_11.433557_17  -            309 33380at72274         -            205   4.3e-49  165.3   1.2   1   1   8.4e-52   6.6e-49  164.7   1.2     5   154   131   295   127   301 0.89 # 19262 # 20188 # 1 # ID=66_17;partial=00;start_type=GTG;rbs_motif=AGGAG;rbs_spacer=5-10bp;gc_cont=0.643
NODE_50_length_52615_cov_11.250324_23  -            331 33380at72274         -            205   2.1e-40  136.9   0.2   1   1   5.3e-43   4.2e-40  135.9   0.2     3   168    43   223    41   243 0.83 # 27333 # 28325 # -1 # ID=50_23;partial=00;start_type=ATG;rbs_motif=GGxGG;rbs_spacer=5-10bp;gc_cont=0.623
NODE_7_length_150369_cov_11.860239_128 -            175 33380at72274         -            205   2.4e-08   32.2   1.4   1   2      0.68   5.3e+02   -1.6   0.0   122   144    20    42    12    59 0.79 # 142488 # 143012 # -1 # ID=7_128;partial=00;start_type=ATG;rbs_motif=GGAG/GAGG;rbs_spacer=5-10bp;gc_cont=0.604
NODE_7_length_150369_cov_11.860239_128 -            175 33380at72274         -            205   2.4e-08   32.2   1.4   2   2   4.3e-11   3.4e-08   31.7   0.7    86   171    65   149    49   170 0.85 # 142488 # 143012 # -1 # ID=7_128;partial=00;start_type=ATG;rbs_motif=GGAG/GAGG;rbs_spacer=5-10bp;gc_cont=0.604
NODE_5_length_163274_cov_11.816932_15  -            181 33380at72274         -            205   2.7e-05   22.2   0.2   1   1   4.7e-08   3.7e-05   21.8   0.2    65   175    63   174    36   179 0.84 # 13849 # 14391 # 1 # ID=5_15;partial=00;start_type=GTG;rbs_motif=GGA/GAG/AGG;rbs_spacer=5-10bp;gc_cont=0.516
NODE_3_length_186977_cov_11.850067_109 -            181 33380at72274         -            205   0.00048   18.1   3.0   1   2     0.005       3.9    5.4   0.1   110   143     9    42     2    49 0.84 # 113812 # 114354 # -1 # ID=3_109;partial=00;start_type=GTG;rbs_motif=GGA/GAG/AGG;rbs_spacer=5-10bp;gc_cont=0.621
NODE_3_length_186977_cov_11.850067_109 -            181 33380at72274         -            205   0.00048   18.1   3.0   2   2   2.5e-05      0.02   12.9   0.5    88   167    81   153    50   173 0.81 # 113812 # 114354 # -1 # ID=3_109;partial=00;start_type=GTG;rbs_motif=GGA/GAG/AGG;rbs_spacer=5-10bp;gc_cont=0.621
NODE_101_length_9249_cov_11.216181_5   -            197 33380at72274         -            205     0.029   12.3   0.1   1   1   4.7e-05     0.037   12.0   0.1   112   164    72   123    17   158 0.78 # 4554 # 5144 # 1 # ID=101_5;partial=00;start_type=ATG;rbs_motif=AGGA;rbs_spacer=5-10bp;gc_cont=0.660
NODE_3_length_186977_cov_11.850067_44  -            456 33380at72274         -            205       0.2    9.6   6.8   1   2     0.069        55    1.6   2.3    80   142   287   356   254   377 0.49 # 47888 # 49255 # -1 # ID=3_44;partial=00;start_type=ATG;rbs_motif=3Base/5BMM;rbs_spacer=13-15bp;gc_cont=0.608
NODE_3_length_186977_cov_11.850067_44  -            456 33380at72274         -            205       0.2    9.6   6.8   2   2   0.00044      0.35    8.8   0.5   100   158   377   438   352   453 0.75 # 47888 # 49255 # -1 # ID=3_44;partial=00;start_type=ATG;rbs_motif=3Base/5BMM;rbs_spacer=13-15bp;gc_cont=0.608
#
# Program:         hmmsearch
# Version:         3.1b2 (February 2015)
# Pipeline mode:   SEARCH
# Query file:      /data2/PEG/hoaxaca/REAA/Pseudomonas/bin/busco_downloads/lineages/pseudomonadales_odb10/hmms/33380at72274.hmm
# Target file:     /data2/PEG/hoaxaca/REAA/Pseudomonas/bin/../out/busco/trim_def.spades_kmer/prodigal_output/predicted_genes/predicted.faa
# Option settings: hmmsearch --domtblout /data2/PEG/hoaxaca/REAA/Pseudomonas/bin/../out/busco/trim_def.spades_kmer/run_pseudomonadales_odb10/hmmer_output/33380at72274.out --cpu 1 /data2/PEG/hoaxaca/REAA/Pseudomonas/bin/busco_downloads/lineages/pseudomonadales_odb10/hmms/33380at72274.hmm /data2/PEG/hoaxaca/REAA/Pseudomonas/bin/../out/busco/trim_def.spades_kmer/prodigal_output/predicted_genes/predicted.faa 
# Current dir:     /data2/PEG/hoaxaca/REAA/Pseudomonas/bin
# Date:            Mon Feb 20 00:39:41 2023
# [ok]
