#                                                                                              --- full sequence --- -------------- this domain -------------   hmm coord   ali coord   env coord
# target name                          accession   tlen query name           accession   qlen   E-value  score  bias   #  of  c-Evalue  i-Evalue  score  bias  from    to  from    to  from    to  acc description of target
#                  ------------------- ---------- ----- -------------------- ---------- ----- --------- ------ ----- --- --- --------- --------- ------ ----- ----- ----- ----- ----- ----- ----- ---- ---------------------
NODE_65_length_38966_cov_12.691238_31  -            684 3407at72274          -            572         0 1033.3   0.7   1   2  4.6e-273  7.2e-270  895.0   0.6     1   480     5   552     5   557 0.92 # 31004 # 33055 # -1 # ID=65_31;partial=00;start_type=ATG;rbs_motif=AGxAG;rbs_spacer=5-10bp;gc_cont=0.607
NODE_65_length_38966_cov_12.691238_31  -            684 3407at72274          -            572         0 1033.3   0.7   2   2     6e-43   9.4e-40  135.3   0.0   477   572   578   683   573   683 0.95 # 31004 # 33055 # -1 # ID=65_31;partial=00;start_type=ATG;rbs_motif=AGxAG;rbs_spacer=5-10bp;gc_cont=0.607
NODE_27_length_97149_cov_11.704119_54  -            944 3407at72274          -            572   4.8e-08   30.6   0.0   1   3   6.9e-07    0.0011   16.2   0.0     8    40    56    88    50   109 0.79 # 61674 # 64505 # 1 # ID=27_54;partial=00;start_type=ATG;rbs_motif=GGA/GAG/AGG;rbs_spacer=5-10bp;gc_cont=0.609
NODE_27_length_97149_cov_11.704119_54  -            944 3407at72274          -            572   4.8e-08   30.6   0.0   2   3     0.011        18    2.3   0.0   187   217   528   558   519   578 0.85 # 61674 # 64505 # 1 # ID=27_54;partial=00;start_type=ATG;rbs_motif=GGA/GAG/AGG;rbs_spacer=5-10bp;gc_cont=0.609
NODE_27_length_97149_cov_11.704119_54  -            944 3407at72274          -            572   4.8e-08   30.6   0.0   3   3    0.0002      0.31    8.1   0.0   282   326   593   638   570   665 0.79 # 61674 # 64505 # 1 # ID=27_54;partial=00;start_type=ATG;rbs_motif=GGA/GAG/AGG;rbs_spacer=5-10bp;gc_cont=0.609
NODE_22_length_103667_cov_11.719026_17 -            463 3407at72274          -            572   0.00026   18.3   0.0   1   1   2.5e-07    0.0004   17.7   0.0   285   325   255   295   228   312 0.85 # 21316 # 22704 # 1 # ID=22_17;partial=00;start_type=GTG;rbs_motif=AGGA;rbs_spacer=5-10bp;gc_cont=0.608
NODE_29_length_96877_cov_11.324072_48  -            869 3407at72274          -            572     0.054   10.6   0.0   1   2   0.00012      0.19    8.8   0.0     7   122    39   168    34   181 0.65 # 47811 # 50417 # -1 # ID=29_48;partial=00;start_type=ATG;rbs_motif=None;rbs_spacer=None;gc_cont=0.613
NODE_29_length_96877_cov_11.324072_48  -            869 3407at72274          -            572     0.054   10.6   0.0   2   2      0.21   3.4e+02   -1.9   0.0    43    78   624   659   621   691 0.79 # 47811 # 50417 # -1 # ID=29_48;partial=00;start_type=ATG;rbs_motif=None;rbs_spacer=None;gc_cont=0.613
#
# Program:         hmmsearch
# Version:         3.1b2 (February 2015)
# Pipeline mode:   SEARCH
# Query file:      /data2/PEG/hoaxaca/REAA/Pseudomonas/bin/busco_downloads/lineages/pseudomonadales_odb10/hmms/3407at72274.hmm
# Target file:     /data2/PEG/hoaxaca/REAA/Pseudomonas/bin/../out/busco/trim_def.spades_kmer/prodigal_output/predicted_genes/predicted.faa
# Option settings: hmmsearch --domtblout /data2/PEG/hoaxaca/REAA/Pseudomonas/bin/../out/busco/trim_def.spades_kmer/run_pseudomonadales_odb10/hmmer_output/3407at72274.out --cpu 1 /data2/PEG/hoaxaca/REAA/Pseudomonas/bin/busco_downloads/lineages/pseudomonadales_odb10/hmms/3407at72274.hmm /data2/PEG/hoaxaca/REAA/Pseudomonas/bin/../out/busco/trim_def.spades_kmer/prodigal_output/predicted_genes/predicted.faa 
# Current dir:     /data2/PEG/hoaxaca/REAA/Pseudomonas/bin
# Date:            Mon Feb 20 00:39:42 2023
# [ok]
