#                                                                                              --- full sequence --- -------------- this domain -------------   hmm coord   ali coord   env coord
# target name                          accession   tlen query name           accession   qlen   E-value  score  bias   #  of  c-Evalue  i-Evalue  score  bias  from    to  from    to  from    to  acc description of target
#                  ------------------- ---------- ----- -------------------- ---------- ----- --------- ------ ----- --- --- --------- --------- ------ ----- ----- ----- ----- ----- ----- ----- ---- ---------------------
NODE_82_length_22806_cov_10.648000_8   -            692 3513at72274          -            559  9.8e-285  943.6   8.7   1   3   1.2e-48   6.7e-46  155.1   0.0     1   137     8   172     8   181 0.86 # 4926 # 7001 # 1 # ID=82_8;partial=00;start_type=ATG;rbs_motif=GGA/GAG/AGG;rbs_spacer=11-12bp;gc_cont=0.650
NODE_82_length_22806_cov_10.648000_8   -            692 3513at72274          -            559  9.8e-285  943.6   8.7   2   3   2.6e-14   1.5e-11   41.7   0.5   130   170   194   236   177   246 0.85 # 4926 # 7001 # 1 # ID=82_8;partial=00;start_type=ATG;rbs_motif=GGA/GAG/AGG;rbs_spacer=11-12bp;gc_cont=0.650
NODE_82_length_22806_cov_10.648000_8   -            692 3513at72274          -            559  9.8e-285  943.6   8.7   3   3  1.2e-228  6.7e-226  749.4   2.1   169   558   259   670   253   671 0.96 # 4926 # 7001 # 1 # ID=82_8;partial=00;start_type=ATG;rbs_motif=GGA/GAG/AGG;rbs_spacer=11-12bp;gc_cont=0.650
NODE_6_length_154355_cov_11.215791_55  -           1150 3513at72274          -            559   5.9e-88  294.0   1.1   1   1   1.5e-90   8.5e-88  293.4   1.1   177   534   604   972   575   988 0.89 # 53677 # 57126 # 1 # ID=6_55;partial=00;start_type=GTG;rbs_motif=AGGA/GGAG/GAGG;rbs_spacer=11-12bp;gc_cont=0.634
NODE_31_length_94329_cov_11.803284_33  -            462 3513at72274          -            559   4.2e-09   33.7   0.4   1   2   6.4e-06    0.0037   14.0   0.0   200   303    47   159    16   164 0.82 # 34663 # 36048 # -1 # ID=31_33;partial=00;start_type=GTG;rbs_motif=GGA/GAG/AGG;rbs_spacer=5-10bp;gc_cont=0.631
NODE_31_length_94329_cov_11.803284_33  -            462 3513at72274          -            559   4.2e-09   33.7   0.4   2   2   4.8e-07   0.00027   17.8   0.2   407   482   272   345   248   362 0.78 # 34663 # 36048 # -1 # ID=31_33;partial=00;start_type=GTG;rbs_motif=GGA/GAG/AGG;rbs_spacer=5-10bp;gc_cont=0.631
NODE_28_length_97117_cov_11.245262_87  -            558 3513at72274          -            559   1.7e-08   31.6   1.0   1   1   9.2e-11   5.2e-08   30.0   1.0   202   474    49   338    33   354 0.69 # 85698 # 87371 # -1 # ID=28_87;partial=00;start_type=ATG;rbs_motif=GGAG/GAGG;rbs_spacer=5-10bp;gc_cont=0.606
NODE_26_length_101577_cov_11.283884_40 -            449 3513at72274          -            559   5.3e-07   26.7   0.7   1   1   2.4e-09   1.4e-06   25.3   0.7   224   478    71   340    33   350 0.67 # 39501 # 40847 # -1 # ID=26_40;partial=00;start_type=GTG;rbs_motif=GGAG/GAGG;rbs_spacer=5-10bp;gc_cont=0.612
NODE_29_length_96877_cov_11.324072_78  -            444 3513at72274          -            559   1.3e-06   25.4   0.2   1   1   5.2e-09     3e-06   24.2   0.2   226   474    76   337    41   351 0.73 # 80659 # 81990 # 1 # ID=29_78;partial=00;start_type=ATG;rbs_motif=None;rbs_spacer=None;gc_cont=0.621
NODE_11_length_127457_cov_11.778520_1  -            616 3513at72274          -            559   9.3e-05   19.3   0.0   1   2   3.3e-07   0.00019   18.3   0.0   200   316   101   216    75   236 0.81 # 2 # 1849 # 1 # ID=11_1;partial=10;start_type=Edge;rbs_motif=None;rbs_spacer=None;gc_cont=0.653
NODE_11_length_127457_cov_11.778520_1  -            616 3513at72274          -            559   9.3e-05   19.3   0.0   2   2       1.4   7.7e+02   -3.5   0.0   226   270   412   456   399   462 0.64 # 2 # 1849 # 1 # ID=11_1;partial=10;start_type=Edge;rbs_motif=None;rbs_spacer=None;gc_cont=0.653
NODE_91_length_16114_cov_10.411459_16  -           1286 3513at72274          -            559   0.00022   18.0   0.0   1   2     0.078        45    0.5   0.0   208   309   117   222    88   231 0.76 # 12257 # 16114 # 1 # ID=91_16;partial=01;start_type=ATG;rbs_motif=GGA/GAG/AGG;rbs_spacer=5-10bp;gc_cont=0.654
NODE_91_length_16114_cov_10.411459_16  -           1286 3513at72274          -            559   0.00022   18.0   0.0   2   2   4.5e-06    0.0026   14.5   0.0   386   452   321   387   282   407 0.81 # 12257 # 16114 # 1 # ID=91_16;partial=01;start_type=ATG;rbs_motif=GGA/GAG/AGG;rbs_spacer=5-10bp;gc_cont=0.654
NODE_60_length_41929_cov_11.350318_20  -            672 3513at72274          -            559   0.00086   16.1   0.2   1   2      0.13        72   -0.1   0.0   203   250    38    82    31    91 0.75 # 25068 # 27083 # -1 # ID=60_20;partial=00;start_type=ATG;rbs_motif=GGAG/GAGG;rbs_spacer=5-10bp;gc_cont=0.611
NODE_60_length_41929_cov_11.350318_20  -            672 3513at72274          -            559   0.00086   16.1   0.2   2   2     9e-06    0.0051   13.6   0.1   404   476   468   541   445   560 0.80 # 25068 # 27083 # -1 # ID=60_20;partial=00;start_type=ATG;rbs_motif=GGAG/GAGG;rbs_spacer=5-10bp;gc_cont=0.611
NODE_31_length_94329_cov_11.803284_1   -            529 3513at72274          -            559   0.00095   16.0   0.0   1   2     0.042        24    1.4   0.0   227   304    82   164    78   203 0.87 # 1 # 1587 # -1 # ID=31_1;partial=10;start_type=ATG;rbs_motif=AGGA;rbs_spacer=5-10bp;gc_cont=0.650
NODE_31_length_94329_cov_11.803284_1   -            529 3513at72274          -            559   0.00095   16.0   0.0   2   2   1.8e-05      0.01   12.5   0.0   407   453   276   322   205   356 0.83 # 1 # 1587 # -1 # ID=31_1;partial=10;start_type=ATG;rbs_motif=AGGA;rbs_spacer=5-10bp;gc_cont=0.650
NODE_118_length_1436_cov_8.349121_1    -            371 3513at72274          -            559    0.0019   15.0   0.0   1   2      0.17        99   -0.6   0.0   285   313   144   177    66   189 0.60 # 323 # 1435 # 1 # ID=118_1;partial=01;start_type=ATG;rbs_motif=GGA/GAG/AGG;rbs_spacer=5-10bp;gc_cont=0.644
NODE_118_length_1436_cov_8.349121_1    -            371 3513at72274          -            559    0.0019   15.0   0.0   2   2   1.5e-05    0.0085   12.8   0.0   407   474   288   354   264   366 0.86 # 323 # 1435 # 1 # ID=118_1;partial=01;start_type=ATG;rbs_motif=GGA/GAG/AGG;rbs_spacer=5-10bp;gc_cont=0.644
#
# Program:         hmmsearch
# Version:         3.1b2 (February 2015)
# Pipeline mode:   SEARCH
# Query file:      /data2/PEG/hoaxaca/REAA/Pseudomonas/bin/busco_downloads/lineages/pseudomonadales_odb10/hmms/3513at72274.hmm
# Target file:     /data2/PEG/hoaxaca/REAA/Pseudomonas/bin/../out/busco/trim_def.spades_kmer/prodigal_output/predicted_genes/predicted.faa
# Option settings: hmmsearch --domtblout /data2/PEG/hoaxaca/REAA/Pseudomonas/bin/../out/busco/trim_def.spades_kmer/run_pseudomonadales_odb10/hmmer_output/3513at72274.out --cpu 1 /data2/PEG/hoaxaca/REAA/Pseudomonas/bin/busco_downloads/lineages/pseudomonadales_odb10/hmms/3513at72274.hmm /data2/PEG/hoaxaca/REAA/Pseudomonas/bin/../out/busco/trim_def.spades_kmer/prodigal_output/predicted_genes/predicted.faa 
# Current dir:     /data2/PEG/hoaxaca/REAA/Pseudomonas/bin
# Date:            Mon Feb 20 00:39:44 2023
# [ok]
