#                                                                                              --- full sequence --- -------------- this domain -------------   hmm coord   ali coord   env coord
# target name                          accession   tlen query name           accession   qlen   E-value  score  bias   #  of  c-Evalue  i-Evalue  score  bias  from    to  from    to  from    to  acc description of target
#                  ------------------- ---------- ----- -------------------- ---------- ----- --------- ------ ----- --- --- --------- --------- ------ ----- ----- ----- ----- ----- ----- ----- ---- ---------------------
NODE_28_length_97117_cov_11.245262_49  -            271 35711at72274         -            224    2e-128  424.7   1.2   1   1  3.3e-131  2.3e-128  424.5   1.2     1   224     1   240     1   240 0.96 # 50156 # 50968 # 1 # ID=28_49;partial=00;start_type=TTG;rbs_motif=GGA/GAG/AGG;rbs_spacer=11-12bp;gc_cont=0.594
NODE_55_length_48402_cov_11.691642_6   -            278 35711at72274         -            224   1.1e-14   52.8   0.4   1   1     2e-17   1.4e-14   52.5   0.4     3   158     8   166     6   231 0.80 # 4883 # 5716 # -1 # ID=55_6;partial=00;start_type=ATG;rbs_motif=GGA/GAG/AGG;rbs_spacer=11-12bp;gc_cont=0.613
NODE_1_length_244313_cov_11.834909_206 -            263 35711at72274         -            224     2e-08   32.3   0.1   1   2   3.8e-09   2.6e-06   25.4   0.2     4    40     3    39     1    46 0.92 # 241206 # 241994 # -1 # ID=1_206;partial=00;start_type=ATG;rbs_motif=GGAGG;rbs_spacer=5-10bp;gc_cont=0.638
NODE_1_length_244313_cov_11.834909_206 -            263 35711at72274         -            224     2e-08   32.3   0.1   2   2    0.0056       3.9    5.2   0.0   107   162   120   175    78   230 0.81 # 241206 # 241994 # -1 # ID=1_206;partial=00;start_type=ATG;rbs_motif=GGAGG;rbs_spacer=5-10bp;gc_cont=0.638
NODE_11_length_127457_cov_11.778520_92 -            314 35711at72274         -            224   1.7e-07   29.2   0.1   1   2     5e-05     0.035   11.9   0.0     2    40    67   105    66   110 0.93 # 102720 # 103661 # -1 # ID=11_92;partial=00;start_type=ATG;rbs_motif=GGAG/GAGG;rbs_spacer=5-10bp;gc_cont=0.611
NODE_11_length_127457_cov_11.778520_92 -            314 35711at72274         -            224   1.7e-07   29.2   0.1   2   2   4.3e-06     0.003   15.4   0.0   111   207   184   283   174   302 0.77 # 102720 # 103661 # -1 # ID=11_92;partial=00;start_type=ATG;rbs_motif=GGAG/GAGG;rbs_spacer=5-10bp;gc_cont=0.611
NODE_3_length_186977_cov_11.850067_55  -            266 35711at72274         -            224   2.5e-07   28.7   0.3   1   1   1.4e-09   9.4e-07   26.8   0.3     1   147     1   156     1   236 0.66 # 57516 # 58313 # -1 # ID=3_55;partial=00;start_type=ATG;rbs_motif=GGA/GAG/AGG;rbs_spacer=11-12bp;gc_cont=0.585
NODE_65_length_38966_cov_12.691238_32  -            365 35711at72274         -            224   6.7e-07   27.3   0.5   1   2   2.5e-09   1.8e-06   25.9   0.5     3    41   100   138    98   151 0.91 # 33228 # 34322 # 1 # ID=65_32;partial=00;start_type=ATG;rbs_motif=GGAG/GAGG;rbs_spacer=5-10bp;gc_cont=0.644
NODE_65_length_38966_cov_12.691238_32  -            365 35711at72274         -            224   6.7e-07   27.3   0.5   2   2       1.2   8.5e+02   -2.4   0.0   111   143   210   244   207   259 0.63 # 33228 # 34322 # 1 # ID=65_32;partial=00;start_type=ATG;rbs_motif=GGAG/GAGG;rbs_spacer=5-10bp;gc_cont=0.644
NODE_20_length_107404_cov_11.794224_26 -            257 35711at72274         -            224     3e-05   21.9   0.0   1   1   7.4e-08   5.2e-05   21.1   0.0     6   138     4   152     2   215 0.72 # 26999 # 27769 # 1 # ID=20_26;partial=00;start_type=ATG;rbs_motif=GGAGG;rbs_spacer=5-10bp;gc_cont=0.582
NODE_5_length_163274_cov_11.816932_10  -            743 35711at72274         -            224   0.00075   17.3   0.0   1   1     2e-06    0.0014   16.5   0.0    11   119   554   664   546   696 0.79 # 6774 # 9002 # 1 # ID=5_10;partial=00;start_type=ATG;rbs_motif=3Base/5BMM;rbs_spacer=13-15bp;gc_cont=0.594
NODE_7_length_150369_cov_11.860239_121 -            459 35711at72274         -            224     0.019   12.8   0.4   1   2       1.3   8.8e+02   -2.5   0.0   128   148    37    57    25    67 0.59 # 135097 # 136473 # -1 # ID=7_121;partial=00;start_type=ATG;rbs_motif=AGGA;rbs_spacer=5-10bp;gc_cont=0.603
NODE_7_length_150369_cov_11.860239_121 -            459 35711at72274         -            224     0.019   12.8   0.4   2   2   6.7e-05     0.047   11.5   0.1     5    84   102   185    99   238 0.82 # 135097 # 136473 # -1 # ID=7_121;partial=00;start_type=ATG;rbs_motif=AGGA;rbs_spacer=5-10bp;gc_cont=0.603
#
# Program:         hmmsearch
# Version:         3.1b2 (February 2015)
# Pipeline mode:   SEARCH
# Query file:      /data2/PEG/hoaxaca/REAA/Pseudomonas/bin/busco_downloads/lineages/pseudomonadales_odb10/hmms/35711at72274.hmm
# Target file:     /data2/PEG/hoaxaca/REAA/Pseudomonas/bin/../out/busco/trim_def.spades_kmer/prodigal_output/predicted_genes/predicted.faa
# Option settings: hmmsearch --domtblout /data2/PEG/hoaxaca/REAA/Pseudomonas/bin/../out/busco/trim_def.spades_kmer/run_pseudomonadales_odb10/hmmer_output/35711at72274.out --cpu 1 /data2/PEG/hoaxaca/REAA/Pseudomonas/bin/busco_downloads/lineages/pseudomonadales_odb10/hmms/35711at72274.hmm /data2/PEG/hoaxaca/REAA/Pseudomonas/bin/../out/busco/trim_def.spades_kmer/prodigal_output/predicted_genes/predicted.faa 
# Current dir:     /data2/PEG/hoaxaca/REAA/Pseudomonas/bin
# Date:            Mon Feb 20 00:39:44 2023
# [ok]
