#                                                                                              --- full sequence --- -------------- this domain -------------   hmm coord   ali coord   env coord
# target name                          accession   tlen query name           accession   qlen   E-value  score  bias   #  of  c-Evalue  i-Evalue  score  bias  from    to  from    to  from    to  acc description of target
#                  ------------------- ---------- ----- -------------------- ---------- ----- --------- ------ ----- --- --- --------- --------- ------ ----- ----- ----- ----- ----- ----- ----- ---- ---------------------
NODE_1_length_244313_cov_11.834909_140 -            592 3634at72274          -            512  2.8e-274  908.7  16.0   1   1  3.2e-276    2e-273  905.9  16.0     2   507     4   572     3   576 0.92 # 173719 # 175494 # -1 # ID=1_140;partial=00;start_type=ATG;rbs_motif=None;rbs_spacer=None;gc_cont=0.594
NODE_30_length_94682_cov_11.138521_42  -            539 3634at72274          -            512   2.8e-70  235.7   0.0   1   1   6.5e-73   4.1e-70  235.2   0.0     5   488     4   520     2   523 0.80 # 40359 # 41975 # -1 # ID=30_42;partial=00;start_type=ATG;rbs_motif=GGA/GAG/AGG;rbs_spacer=5-10bp;gc_cont=0.636
NODE_37_length_78648_cov_11.643229_44  -            578 3634at72274          -            512   2.6e-16   57.7   0.3   1   2   3.1e-16     2e-13   48.2   0.3     5   309     7   311     3   326 0.74 # 42956 # 44689 # -1 # ID=37_44;partial=00;start_type=GTG;rbs_motif=GGAG/GAGG;rbs_spacer=5-10bp;gc_cont=0.618
NODE_37_length_78648_cov_11.643229_44  -            578 3634at72274          -            512   2.6e-16   57.7   0.3   2   2   0.00087      0.55    7.1   0.0   414   496   447   534   345   544 0.67 # 42956 # 44689 # -1 # ID=37_44;partial=00;start_type=GTG;rbs_motif=GGAG/GAGG;rbs_spacer=5-10bp;gc_cont=0.618
NODE_35_length_79420_cov_11.636059_57  -            296 3634at72274          -            512   0.00018   18.6   1.1   1   3   5.1e-07   0.00032   17.8   0.1     7    50     2    50     1    72 0.78 # 77858 # 78745 # -1 # ID=35_57;partial=00;start_type=ATG;rbs_motif=GGAG/GAGG;rbs_spacer=5-10bp;gc_cont=0.635
NODE_35_length_79420_cov_11.636059_57  -            296 3634at72274          -            512   0.00018   18.6   1.1   2   3      0.49   3.1e+02   -1.9   0.0   153   189    74   109    63   113 0.80 # 77858 # 78745 # -1 # ID=35_57;partial=00;start_type=ATG;rbs_motif=GGAG/GAGG;rbs_spacer=5-10bp;gc_cont=0.635
NODE_35_length_79420_cov_11.636059_57  -            296 3634at72274          -            512   0.00018   18.6   1.1   3   3       1.5   9.7e+02   -3.6   0.0   252   292   177   217   170   226 0.69 # 77858 # 78745 # -1 # ID=35_57;partial=00;start_type=ATG;rbs_motif=GGAG/GAGG;rbs_spacer=5-10bp;gc_cont=0.635
NODE_31_length_94329_cov_11.803284_68  -            417 3634at72274          -            512   0.00074   16.6   0.0   1   1   1.7e-06    0.0011   16.1   0.0     5    68    30    94    26   147 0.72 # 77923 # 79173 # 1 # ID=31_68;partial=00;start_type=ATG;rbs_motif=GGAG/GAGG;rbs_spacer=5-10bp;gc_cont=0.627
NODE_3_length_186977_cov_11.850067_57  -            631 3634at72274          -            512    0.0064   13.5   2.2   1   2   3.8e-05     0.024   11.6   0.5     7    54     6    55     4    66 0.81 # 58973 # 60865 # -1 # ID=3_57;partial=00;start_type=GTG;rbs_motif=GGAG/GAGG;rbs_spacer=5-10bp;gc_cont=0.585
NODE_3_length_186977_cov_11.850067_57  -            631 3634at72274          -            512    0.0064   13.5   2.2   2   2     0.045        28    1.5   0.1   127   190    95   157    54   170 0.62 # 58973 # 60865 # -1 # ID=3_57;partial=00;start_type=GTG;rbs_motif=GGAG/GAGG;rbs_spacer=5-10bp;gc_cont=0.585
NODE_45_length_65058_cov_11.003096_56  -            433 3634at72274          -            512     0.017   12.1   0.2   1   1   4.2e-05     0.026   11.5   0.2     6    37    27    58    23    87 0.79 # 57638 # 58936 # 1 # ID=45_56;partial=00;start_type=ATG;rbs_motif=GGA/GAG/AGG;rbs_spacer=5-10bp;gc_cont=0.614
NODE_29_length_96877_cov_11.324072_79  -            411 3634at72274          -            512     0.047   10.7   0.3   1   1   0.00011     0.071   10.1   0.3     9    37    10    38     3    62 0.76 # 82108 # 83340 # -1 # ID=29_79;partial=00;start_type=ATG;rbs_motif=None;rbs_spacer=None;gc_cont=0.624
NODE_47_length_61454_cov_11.422440_27  -            518 3634at72274          -            512      0.05   10.6   1.8   1   2   0.00031      0.19    8.6   0.3     6    41   210   245   205   263 0.87 # 27499 # 29052 # -1 # ID=47_27;partial=00;start_type=ATG;rbs_motif=AGGA;rbs_spacer=5-10bp;gc_cont=0.599
NODE_47_length_61454_cov_11.422440_27  -            518 3634at72274          -            512      0.05   10.6   1.8   2   2     0.081        51    0.6   0.1    12    33   359   380   355   394 0.82 # 27499 # 29052 # -1 # ID=47_27;partial=00;start_type=ATG;rbs_motif=AGGA;rbs_spacer=5-10bp;gc_cont=0.599
NODE_92_length_13347_cov_11.365431_8   -            414 3634at72274          -            512     0.078    9.9   0.6   1   1   0.00017      0.11    9.5   0.6    10    52     5    47     1    51 0.89 # 5424 # 6665 # -1 # ID=92_8;partial=00;start_type=ATG;rbs_motif=GGA/GAG/AGG;rbs_spacer=5-10bp;gc_cont=0.655
#
# Program:         hmmsearch
# Version:         3.1b2 (February 2015)
# Pipeline mode:   SEARCH
# Query file:      /data2/PEG/hoaxaca/REAA/Pseudomonas/bin/busco_downloads/lineages/pseudomonadales_odb10/hmms/3634at72274.hmm
# Target file:     /data2/PEG/hoaxaca/REAA/Pseudomonas/bin/../out/busco/trim_def.spades_kmer/prodigal_output/predicted_genes/predicted.faa
# Option settings: hmmsearch --domtblout /data2/PEG/hoaxaca/REAA/Pseudomonas/bin/../out/busco/trim_def.spades_kmer/run_pseudomonadales_odb10/hmmer_output/3634at72274.out --cpu 1 /data2/PEG/hoaxaca/REAA/Pseudomonas/bin/busco_downloads/lineages/pseudomonadales_odb10/hmms/3634at72274.hmm /data2/PEG/hoaxaca/REAA/Pseudomonas/bin/../out/busco/trim_def.spades_kmer/prodigal_output/predicted_genes/predicted.faa 
# Current dir:     /data2/PEG/hoaxaca/REAA/Pseudomonas/bin
# Date:            Mon Feb 20 00:39:45 2023
# [ok]
