#                                                                                              --- full sequence --- -------------- this domain -------------   hmm coord   ali coord   env coord
# target name                          accession   tlen query name           accession   qlen   E-value  score  bias   #  of  c-Evalue  i-Evalue  score  bias  from    to  from    to  from    to  acc description of target
#                  ------------------- ---------- ----- -------------------- ---------- ----- --------- ------ ----- --- --- --------- --------- ------ ----- ----- ----- ----- ----- ----- ----- ---- ---------------------
NODE_6_length_154355_cov_11.215791_4   -            247 42437at72274         -            205  2.3e-101  336.0   3.3   1   1  1.3e-101   1.1e-99  330.5   3.3     1   205     3   246     3   246 0.90 # 1984 # 2724 # 1 # ID=6_4;partial=00;start_type=ATG;rbs_motif=GGAG/GAGG;rbs_spacer=5-10bp;gc_cont=0.625
NODE_57_length_42592_cov_12.049641_10  -            250 42437at72274         -            205   9.1e-20   69.5   2.4   1   1   5.6e-21   4.9e-19   67.1   2.4     9   165     4   191     1   244 0.72 # 11095 # 11844 # 1 # ID=57_10;partial=00;start_type=ATG;rbs_motif=GGA/GAG/AGG;rbs_spacer=5-10bp;gc_cont=0.577
NODE_37_length_78648_cov_11.643229_50  -            286 42437at72274         -            205     1e-19   69.3   0.5   1   1   5.7e-21   4.9e-19   67.1   0.5     8   200    39   274    34   278 0.76 # 50746 # 51603 # 1 # ID=37_50;partial=00;start_type=ATG;rbs_motif=GGAG/GAGG;rbs_spacer=5-10bp;gc_cont=0.620
NODE_18_length_109480_cov_12.152470_68 -            248 42437at72274         -            205   1.3e-17   62.5   1.7   1   1   1.5e-18   1.3e-16   59.3   1.7    13   167     3   193     2   242 0.66 # 71479 # 72222 # -1 # ID=18_68;partial=00;start_type=ATG;rbs_motif=GGAG/GAGG;rbs_spacer=5-10bp;gc_cont=0.622
NODE_72_length_33320_cov_11.944778_14  -            256 42437at72274         -            205   1.7e-17   62.1   2.3   1   1   1.2e-18     1e-16   59.6   2.3     9   164     9   186     3   250 0.74 # 17516 # 18283 # -1 # ID=72_14;partial=00;start_type=ATG;rbs_motif=AGGA;rbs_spacer=5-10bp;gc_cont=0.621
NODE_45_length_65058_cov_11.003096_61  -            254 42437at72274         -            205   1.7e-17   62.1   3.0   1   1     6e-19   5.2e-17   60.5   3.0    10   164     8   192     2   244 0.68 # 61849 # 62610 # 1 # ID=45_61;partial=00;start_type=ATG;rbs_motif=GGAG/GAGG;rbs_spacer=5-10bp;gc_cont=0.642
NODE_45_length_65058_cov_11.003096_60  -            267 42437at72274         -            205   2.1e-17   61.8   0.1   1   2     1e-18   8.8e-17   59.8   0.2    11   167     4   185     1   194 0.79 # 61056 # 61856 # 1 # ID=45_60;partial=00;start_type=ATG;rbs_motif=GGAG/GAGG;rbs_spacer=5-10bp;gc_cont=0.668
NODE_45_length_65058_cov_11.003096_60  -            267 42437at72274         -            205   2.1e-17   61.8   0.1   2   2       8.3   7.3e+02   -2.0   0.0   175   202   215   242   208   248 0.68 # 61056 # 61856 # 1 # ID=45_60;partial=00;start_type=ATG;rbs_motif=GGAG/GAGG;rbs_spacer=5-10bp;gc_cont=0.668
NODE_1_length_244313_cov_11.834909_104 -            254 42437at72274         -            205   6.6e-17   60.2   4.7   1   1     8e-18   6.9e-16   56.9   4.7    10   180     6   207     2   247 0.69 # 128939 # 129700 # -1 # ID=1_104;partial=00;start_type=ATG;rbs_motif=AGGA;rbs_spacer=5-10bp;gc_cont=0.630
NODE_37_length_78648_cov_11.643229_35  -            250 42437at72274         -            205     1e-16   59.6   2.1   1   1   2.8e-18   2.4e-16   58.4   2.1     8   165     3   186     1   241 0.80 # 35632 # 36381 # -1 # ID=37_35;partial=00;start_type=ATG;rbs_motif=GGA/GAG/AGG;rbs_spacer=5-10bp;gc_cont=0.563
NODE_51_length_51199_cov_12.022086_40  -            304 42437at72274         -            205     1e-16   59.6   0.8   1   1   9.5e-18   8.3e-16   56.6   0.8     8   199     6   235     1   237 0.66 # 50000 # 50911 # -1 # ID=51_40;partial=00;start_type=ATG;rbs_motif=GGAG/GAGG;rbs_spacer=5-10bp;gc_cont=0.630
NODE_17_length_110024_cov_11.158876_74 -            451 42437at72274         -            205   3.4e-16   57.9   0.6   1   1     9e-18   7.8e-16   56.7   0.6     9   169   211   396   205   404 0.77 # 85032 # 86384 # -1 # ID=17_74;partial=00;start_type=ATG;rbs_motif=GGAG/GAGG;rbs_spacer=5-10bp;gc_cont=0.652
NODE_35_length_79420_cov_11.636059_46  -            282 42437at72274         -            205     8e-16   56.7   3.3   1   1   1.6e-17   1.4e-15   55.8   2.2    11   151     8   165     5   193 0.75 # 62967 # 63812 # -1 # ID=35_46;partial=00;start_type=ATG;rbs_motif=GGA/GAG/AGG;rbs_spacer=5-10bp;gc_cont=0.613
NODE_2_length_235110_cov_12.031228_36  -            258 42437at72274         -            205   9.4e-16   56.4   0.2   1   2   6.1e-16   5.3e-14   50.7   0.3     9   149     5   162     2   190 0.81 # 37713 # 38486 # -1 # ID=2_36;partial=00;start_type=ATG;rbs_motif=AGGA;rbs_spacer=5-10bp;gc_cont=0.632
NODE_2_length_235110_cov_12.031228_36  -            258 42437at72274         -            205   9.4e-16   56.4   0.2   2   2      0.15        13    3.7   0.0   175   202   216   243   197   246 0.83 # 37713 # 38486 # -1 # ID=2_36;partial=00;start_type=ATG;rbs_motif=AGGA;rbs_spacer=5-10bp;gc_cont=0.632
NODE_59_length_42079_cov_11.631889_31  -            253 42437at72274         -            205     1e-15   56.3   1.4   1   1   1.6e-16   1.4e-14   52.6   1.4     9   170     3   196     1   247 0.61 # 35073 # 35831 # 1 # ID=59_31;partial=00;start_type=ATG;rbs_motif=GGAG/GAGG;rbs_spacer=5-10bp;gc_cont=0.621
NODE_22_length_103667_cov_11.719026_21 -            251 42437at72274         -            205   2.3e-14   51.9   3.6   1   1     6e-16   5.2e-14   50.7   3.6     9   175     8   205     2   245 0.70 # 24967 # 25719 # -1 # ID=22_21;partial=00;start_type=ATG;rbs_motif=GGA/GAG/AGG;rbs_spacer=5-10bp;gc_cont=0.616
NODE_48_length_61080_cov_11.397749_52  -            282 42437at72274         -            205   3.1e-14   51.5   0.9   1   2   2.1e-15   1.8e-13   48.9   0.6     8   150     9   174     4   199 0.76 # 51085 # 51930 # -1 # ID=48_52;partial=00;start_type=ATG;rbs_motif=AGGAG;rbs_spacer=5-10bp;gc_cont=0.638
NODE_48_length_61080_cov_11.397749_52  -            282 42437at72274         -            205   3.1e-14   51.5   0.9   2   2       2.3     2e+02   -0.1   0.0   177   204   229   256   216   257 0.85 # 51085 # 51930 # -1 # ID=48_52;partial=00;start_type=ATG;rbs_motif=AGGAG;rbs_spacer=5-10bp;gc_cont=0.638
NODE_46_length_64128_cov_12.217778_38  -            245 42437at72274         -            205     5e-14   50.8   5.5   1   2   7.5e-16   6.6e-14   50.4   4.9     9   161     4   185     1   214 0.71 # 37164 # 37898 # -1 # ID=46_38;partial=00;start_type=ATG;rbs_motif=AGGAG;rbs_spacer=5-10bp;gc_cont=0.603
NODE_46_length_64128_cov_12.217778_38  -            245 42437at72274         -            205     5e-14   50.8   5.5   2   2       9.4   8.2e+02   -2.2   0.0   146   177   200   228   193   232 0.70 # 37164 # 37898 # -1 # ID=46_38;partial=00;start_type=ATG;rbs_motif=AGGAG;rbs_spacer=5-10bp;gc_cont=0.603
NODE_9_length_135493_cov_11.866710_16  -            271 42437at72274         -            205   1.1e-13   49.6   1.1   1   1   1.3e-15   1.1e-13   49.6   1.1    14   159     4   159     2   190 0.77 # 22605 # 23417 # 1 # ID=9_16;partial=00;start_type=ATG;rbs_motif=AGGA;rbs_spacer=5-10bp;gc_cont=0.632
NODE_64_length_39806_cov_12.008518_39  -            448 42437at72274         -            205   1.5e-13   49.3   6.8   1   1   4.7e-15   4.1e-13   47.8   6.8     9   169   206   393   200   439 0.76 # 36373 # 37716 # 1 # ID=64_39;partial=00;start_type=ATG;rbs_motif=GGA/GAG/AGG;rbs_spacer=11-12bp;gc_cont=0.658
NODE_21_length_107008_cov_11.508182_69 -            253 42437at72274         -            205   1.5e-13   49.2   2.6   1   1   2.5e-14   2.2e-12   45.4   2.6    11   171     3   199     1   247 0.70 # 64664 # 65422 # -1 # ID=21_69;partial=00;start_type=ATG;rbs_motif=GGAG/GAGG;rbs_spacer=5-10bp;gc_cont=0.636
NODE_20_length_107404_cov_11.794224_9  -            243 42437at72274         -            205   2.2e-13   48.7   0.7   1   1   4.3e-15   3.8e-13   47.9   0.7    13   202     4   235     1   238 0.67 # 12211 # 12939 # -1 # ID=20_9;partial=00;start_type=ATG;rbs_motif=AGGA;rbs_spacer=5-10bp;gc_cont=0.632
NODE_2_length_235110_cov_12.031228_40  -            247 42437at72274         -            205   2.7e-13   48.4   1.9   1   1   6.4e-15   5.6e-13   47.4   1.9     9   162     3   176     2   238 0.78 # 41554 # 42294 # -1 # ID=2_40;partial=00;start_type=ATG;rbs_motif=GGAG/GAGG;rbs_spacer=5-10bp;gc_cont=0.640
NODE_69_length_34713_cov_11.016278_19  -            242 42437at72274         -            205   3.5e-13   48.0   4.0   1   1   9.6e-15   8.4e-13   46.8   4.0    11   173     9   190     2   233 0.77 # 23506 # 24231 # 1 # ID=69_19;partial=00;start_type=ATG;rbs_motif=GGA/GAG/AGG;rbs_spacer=5-10bp;gc_cont=0.668
NODE_15_length_113078_cov_11.607042_10 -            255 42437at72274         -            205   4.4e-13   47.7   0.6   1   1   1.3e-14   1.1e-12   46.4   0.6    10   161     8   187     3   242 0.73 # 9894 # 10658 # 1 # ID=15_10;partial=00;start_type=ATG;rbs_motif=GGA/GAG/AGG;rbs_spacer=5-10bp;gc_cont=0.652
NODE_30_length_94682_cov_11.138521_77  -            263 42437at72274         -            205   5.7e-13   47.3   3.8   1   1   8.1e-13     7e-11   40.5   3.8    14   151    15   170     9   256 0.75 # 72925 # 73713 # 1 # ID=30_77;partial=00;start_type=ATG;rbs_motif=AGGAG;rbs_spacer=5-10bp;gc_cont=0.636
NODE_1_length_244313_cov_11.834909_29  -            291 42437at72274         -            205   6.1e-13   47.2   0.4   1   1   1.3e-14   1.1e-12   46.4   0.4     5   161     8   194     4   251 0.76 # 40452 # 41324 # 1 # ID=1_29;partial=00;start_type=GTG;rbs_motif=AGGA;rbs_spacer=5-10bp;gc_cont=0.630
NODE_46_length_64128_cov_12.217778_31  -            260 42437at72274         -            205   1.5e-12   46.0   0.1   1   1     4e-14   3.5e-12   44.8   0.1     9   151     3   163     2   178 0.77 # 32872 # 33651 # -1 # ID=46_31;partial=00;start_type=ATG;rbs_motif=GGAG/GAGG;rbs_spacer=5-10bp;gc_cont=0.601
NODE_14_length_116145_cov_12.034865_26 -            277 42437at72274         -            205   1.6e-12   45.9   0.2   1   1   3.1e-14   2.7e-12   45.1   0.2    12   165     3   182     1   187 0.70 # 22217 # 23047 # 1 # ID=14_26;partial=00;start_type=ATG;rbs_motif=GGA/GAG/AGG;rbs_spacer=5-10bp;gc_cont=0.650
NODE_46_length_64128_cov_12.217778_15  -            254 42437at72274         -            205   2.2e-12   45.4   1.4   1   1   8.7e-14   7.6e-12   43.7   1.4    13   170     9   203     4   250 0.68 # 16525 # 17286 # -1 # ID=46_15;partial=00;start_type=ATG;rbs_motif=GGA/GAG/AGG;rbs_spacer=5-10bp;gc_cont=0.635
NODE_50_length_52615_cov_11.250324_2   -            249 42437at72274         -            205   3.6e-12   44.7   4.3   1   1   2.3e-13     2e-11   42.3   4.3     7   167     4   195     1   243 0.73 # 3186 # 3932 # -1 # ID=50_2;partial=00;start_type=ATG;rbs_motif=GGAG/GAGG;rbs_spacer=5-10bp;gc_cont=0.652
NODE_64_length_39806_cov_12.008518_22  -            258 42437at72274         -            205   4.8e-12   44.3   4.5   1   1   9.3e-14   8.1e-12   43.6   4.5     9   151     4   165     1   188 0.73 # 17736 # 18509 # 1 # ID=64_22;partial=00;start_type=ATG;rbs_motif=GGA/GAG/AGG;rbs_spacer=5-10bp;gc_cont=0.636
NODE_16_length_111127_cov_12.288640_32 -            322 42437at72274         -            205   6.3e-12   43.9   0.0   1   1   4.3e-13   3.7e-11   41.4   0.0     9   130    27   162    22   230 0.72 # 31257 # 32222 # 1 # ID=16_32;partial=00;start_type=ATG;rbs_motif=GGAGG;rbs_spacer=5-10bp;gc_cont=0.618
NODE_49_length_55188_cov_11.632571_48  -            283 42437at72274         -            205   9.3e-12   43.4   0.2   1   1   2.2e-13   1.9e-11   42.4   0.1    13   159     9   173     3   189 0.78 # 42494 # 43342 # 1 # ID=49_48;partial=00;start_type=ATG;rbs_motif=AGGA;rbs_spacer=5-10bp;gc_cont=0.627
NODE_98_length_10462_cov_11.410353_6   -            267 42437at72274         -            205   9.6e-12   43.3   7.8   1   1   2.9e-13   2.5e-11   42.0   7.8     9   170     5   206     2   220 0.72 # 7403 # 8203 # -1 # ID=98_6;partial=00;start_type=ATG;rbs_motif=GGA/GAG/AGG;rbs_spacer=11-12bp;gc_cont=0.634
NODE_22_length_103667_cov_11.719026_79 -            258 42437at72274         -            205   9.9e-12   43.3   1.0   1   1   6.4e-13   5.6e-11   40.8   1.0     9   168    10   200     5   212 0.69 # 86748 # 87521 # -1 # ID=22_79;partial=00;start_type=ATG;rbs_motif=GGA/GAG/AGG;rbs_spacer=5-10bp;gc_cont=0.638
NODE_18_length_109480_cov_12.152470_34 -            258 42437at72274         -            205   1.1e-11   43.1   2.7   1   2   1.6e-12   1.4e-10   39.5   3.7     8   152     3   166     1   197 0.68 # 39299 # 40072 # 1 # ID=18_34;partial=00;start_type=ATG;rbs_motif=GGAG/GAGG;rbs_spacer=5-10bp;gc_cont=0.645
NODE_18_length_109480_cov_12.152470_34 -            258 42437at72274         -            205   1.1e-11   43.1   2.7   2   2       1.6   1.4e+02    0.3   0.0   156   203   202   249   193   251 0.87 # 39299 # 40072 # 1 # ID=18_34;partial=00;start_type=ATG;rbs_motif=GGAG/GAGG;rbs_spacer=5-10bp;gc_cont=0.645
NODE_16_length_111127_cov_12.288640_5  -            250 42437at72274         -            205   1.3e-11   42.9   5.5   1   1   1.5e-12   1.3e-10   39.7   5.5     9   151     4   167     2   193 0.71 # 3350 # 4099 # 1 # ID=16_5;partial=00;start_type=ATG;rbs_motif=GGAG/GAGG;rbs_spacer=5-10bp;gc_cont=0.673
NODE_21_length_107008_cov_11.508182_64 -            242 42437at72274         -            205   1.6e-11   42.6   1.4   1   1   3.6e-13   3.1e-11   41.6   1.4    13   166     5   183     1   191 0.72 # 60510 # 61235 # -1 # ID=21_64;partial=00;start_type=ATG;rbs_motif=AGGAG;rbs_spacer=5-10bp;gc_cont=0.640
NODE_32_length_89830_cov_11.382685_12  -            261 42437at72274         -            205     2e-11   42.3   2.4   1   1   9.7e-13   8.5e-11   40.2   2.4     9   163    16   191     9   254 0.72 # 20318 # 21100 # -1 # ID=32_12;partial=00;start_type=ATG;rbs_motif=GGAG/GAGG;rbs_spacer=5-10bp;gc_cont=0.636
NODE_64_length_39806_cov_12.008518_31  -            300 42437at72274         -            205   3.7e-11   41.4   1.1   1   1   2.2e-12   1.9e-10   39.1   1.1     9   166     4   197     1   206 0.72 # 25247 # 26146 # -1 # ID=64_31;partial=00;start_type=ATG;rbs_motif=GGAG/GAGG;rbs_spacer=5-10bp;gc_cont=0.646
NODE_96_length_10887_cov_10.414498_1   -            257 42437at72274         -            205   5.7e-11   40.8   2.3   1   1   4.4e-12   3.8e-10   38.1   2.3     8   175     2   205     1   212 0.69 # 170 # 940 # -1 # ID=96_1;partial=00;start_type=ATG;rbs_motif=AGGAG;rbs_spacer=5-10bp;gc_cont=0.611
NODE_11_length_127457_cov_11.778520_95 -            237 42437at72274         -            205   7.8e-11   40.4   1.5   1   1   3.6e-12   3.1e-10   38.4   1.5    11   167     5   185     2   215 0.69 # 105644 # 106354 # -1 # ID=11_95;partial=00;start_type=ATG;rbs_motif=GGAG/GAGG;rbs_spacer=5-10bp;gc_cont=0.608
NODE_5_length_163274_cov_11.816932_128 -            282 42437at72274         -            205   8.3e-11   40.3   0.9   1   1   9.6e-10   8.3e-08   30.5   0.9    10   151     4   178     2   202 0.69 # 116839 # 117684 # 1 # ID=5_128;partial=00;start_type=ATG;rbs_motif=AGGAG;rbs_spacer=5-10bp;gc_cont=0.621
NODE_30_length_94682_cov_11.138521_62  -            274 42437at72274         -            205   1.3e-10   39.6   0.7   1   1   2.8e-12   2.4e-10   38.8   0.7    12   161     3   170     1   191 0.76 # 58878 # 59699 # -1 # ID=30_62;partial=00;start_type=ATG;rbs_motif=GGAG/GAGG;rbs_spacer=5-10bp;gc_cont=0.625
NODE_66_length_38408_cov_11.433557_20  -            244 42437at72274         -            205   1.3e-10   39.6   3.8   1   1   1.4e-11   1.2e-09   36.5   3.8    11   204     3   238     1   239 0.67 # 23001 # 23732 # -1 # ID=66_20;partial=00;start_type=ATG;rbs_motif=AGGA;rbs_spacer=5-10bp;gc_cont=0.642
NODE_23_length_102919_cov_11.261937_86 -            248 42437at72274         -            205   2.4e-10   38.8   7.8   1   1   7.5e-12   6.6e-10   37.3   7.8     9   167     3   192     1   238 0.75 # 88205 # 88948 # 1 # ID=23_86;partial=00;start_type=ATG;rbs_motif=AGGAG;rbs_spacer=5-10bp;gc_cont=0.591
NODE_44_length_65388_cov_12.121420_58  -            253 42437at72274         -            205   5.6e-10   37.6   7.2   1   1   4.7e-11   4.1e-09   34.7   7.2     9   167     3   200     2   215 0.69 # 50371 # 51129 # -1 # ID=44_58;partial=00;start_type=ATG;rbs_motif=AGGA;rbs_spacer=5-10bp;gc_cont=0.599
NODE_90_length_16359_cov_11.647117_12  -            249 42437at72274         -            205   6.7e-10   37.3   0.9   1   1   1.1e-11   9.2e-10   36.9   0.9    12   150     2   151     1   171 0.75 # 8561 # 9307 # -1 # ID=90_12;partial=00;start_type=ATG;rbs_motif=GGA/GAG/AGG;rbs_spacer=5-10bp;gc_cont=0.639
NODE_35_length_79420_cov_11.636059_14  -            249 42437at72274         -            205   8.2e-10   37.0   1.1   1   1   1.8e-11   1.5e-09   36.1   1.1    11   168     2   196     1   244 0.72 # 18608 # 19354 # -1 # ID=35_14;partial=00;start_type=ATG;rbs_motif=AGGAG;rbs_spacer=5-10bp;gc_cont=0.637
NODE_19_length_107430_cov_11.706290_41 -            254 42437at72274         -            205     2e-09   35.7   0.5   1   1   4.8e-11   4.2e-09   34.7   0.5     9   168     5   187     2   209 0.67 # 56955 # 57716 # -1 # ID=19_41;partial=00;start_type=ATG;rbs_motif=GGAG/GAGG;rbs_spacer=5-10bp;gc_cont=0.652
NODE_47_length_61454_cov_11.422440_16  -            235 42437at72274         -            205   2.9e-09   35.2   1.8   1   1   4.7e-11   4.1e-09   34.7   1.8     9   165     5   176     1   218 0.75 # 16726 # 17430 # -1 # ID=47_16;partial=00;start_type=ATG;rbs_motif=GGA/GAG/AGG;rbs_spacer=5-10bp;gc_cont=0.621
NODE_19_length_107430_cov_11.706290_40 -            278 42437at72274         -            205   2.8e-08   32.0   0.0   1   1   4.9e-10   4.3e-08   31.4   0.0    11   155     4   166     1   193 0.73 # 56030 # 56863 # -1 # ID=19_40;partial=00;start_type=ATG;rbs_motif=GGA/GAG/AGG;rbs_spacer=5-10bp;gc_cont=0.595
NODE_32_length_89830_cov_11.382685_42  -            258 42437at72274         -            205   3.4e-08   31.7   2.3   1   1   1.5e-09   1.3e-07   29.8   2.3    10   166     5   194     2   248 0.69 # 58913 # 59686 # -1 # ID=32_42;partial=00;start_type=ATG;rbs_motif=GGA/GAG/AGG;rbs_spacer=11-12bp;gc_cont=0.605
NODE_37_length_78648_cov_11.643229_74  -            256 42437at72274         -            205   3.8e-08   31.6   7.4   1   1   8.7e-10   7.6e-08   30.6   7.4     9   172     3   204     1   213 0.68 # 75903 # 76670 # -1 # ID=37_74;partial=00;start_type=ATG;rbs_motif=AGGA;rbs_spacer=5-10bp;gc_cont=0.639
NODE_28_length_97117_cov_11.245262_7   -            272 42437at72274         -            205   8.9e-08   30.4   0.8   1   1   5.3e-09   4.7e-07   28.0   0.8    14   150     5   161     1   166 0.75 # 6885 # 7700 # -1 # ID=28_7;partial=00;start_type=ATG;rbs_motif=GGA/GAG/AGG;rbs_spacer=5-10bp;gc_cont=0.623
NODE_16_length_111127_cov_12.288640_27 -            240 42437at72274         -            205   9.3e-08   30.3   0.3   1   1     1e-08   8.7e-07   27.1   0.3    15   151     4   162     2   168 0.71 # 27998 # 28717 # -1 # ID=16_27;partial=00;start_type=ATG;rbs_motif=AGGAG;rbs_spacer=5-10bp;gc_cont=0.625
NODE_46_length_64128_cov_12.217778_1   -            227 42437at72274         -            205   1.4e-07   29.7   1.1   1   1     7e-09   6.1e-07   27.6   1.1    25   202     2   217     1   220 0.70 # 1 # 681 # 1 # ID=46_1;partial=10;start_type=Edge;rbs_motif=None;rbs_spacer=None;gc_cont=0.646
NODE_16_length_111127_cov_12.288640_4  -            254 42437at72274         -            205   2.6e-07   28.9   3.9   1   1     6e-08   5.2e-06   24.6   3.9    11   156     3   170     1   244 0.73 # 2444 # 3205 # 1 # ID=16_4;partial=00;start_type=ATG;rbs_motif=AGGAG;rbs_spacer=5-10bp;gc_cont=0.647
NODE_2_length_235110_cov_12.031228_161 -            266 42437at72274         -            205   4.7e-07   28.0   3.3   1   1   3.3e-08   2.9e-06   25.4   3.3    10   164     6   189     2   196 0.72 # 161509 # 162306 # 1 # ID=2_161;partial=00;start_type=ATG;rbs_motif=AGGA;rbs_spacer=5-10bp;gc_cont=0.640
NODE_24_length_102382_cov_11.954261_54 -            256 42437at72274         -            205   5.6e-07   27.8   0.0   1   1   9.6e-09   8.4e-07   27.2   0.0    13   115     4   126     1   233 0.74 # 63695 # 64462 # 1 # ID=24_54;partial=00;start_type=ATG;rbs_motif=AGGAG;rbs_spacer=5-10bp;gc_cont=0.637
NODE_88_length_17388_cov_12.191588_10  -            247 42437at72274         -            205   9.3e-07   27.0   1.7   1   1   2.6e-08   2.3e-06   25.8   1.7    11   161     2   174     1   240 0.80 # 8874 # 9614 # 1 # ID=88_10;partial=00;start_type=ATG;rbs_motif=GGAG/GAGG;rbs_spacer=5-10bp;gc_cont=0.663
NODE_10_length_127481_cov_12.919170_38 -            261 42437at72274         -            205   1.2e-06   26.7   0.1   1   1   2.3e-08     2e-06   25.9   0.1    10   148     5   161     1   179 0.75 # 34796 # 35578 # 1 # ID=10_38;partial=00;start_type=ATG;rbs_motif=AGGAG;rbs_spacer=5-10bp;gc_cont=0.633
NODE_49_length_55188_cov_11.632571_9   -            274 42437at72274         -            205   1.3e-06   26.6   0.0   1   1   8.1e-08     7e-06   24.2   0.0     7   169    18   211    14   224 0.70 # 4892 # 5713 # 1 # ID=49_9;partial=00;start_type=ATG;rbs_motif=GGA/GAG/AGG;rbs_spacer=5-10bp;gc_cont=0.627
NODE_19_length_107430_cov_11.706290_10 -            320 42437at72274         -            205   7.1e-06   24.2   0.2   1   1     3e-07   2.6e-05   22.3   0.2     9   131    27   163    20   224 0.78 # 15337 # 16296 # 1 # ID=19_10;partial=00;start_type=ATG;rbs_motif=AGGAG;rbs_spacer=5-10bp;gc_cont=0.615
NODE_10_length_127481_cov_12.919170_11 -            237 42437at72274         -            205   7.6e-06   24.1   0.0   1   1   2.4e-07   2.1e-05   22.7   0.0    14   150     8   159     4   180 0.76 # 7538 # 8248 # 1 # ID=10_11;partial=00;start_type=ATG;rbs_motif=GGA/GAG/AGG;rbs_spacer=5-10bp;gc_cont=0.623
NODE_71_length_33769_cov_11.503210_25  -            263 42437at72274         -            205   1.1e-05   23.5   0.1   1   2   1.2e-05     0.001   17.1   0.1    12    45     3    36     1    55 0.86 # 24515 # 25303 # -1 # ID=71_25;partial=00;start_type=ATG;rbs_motif=GGAG/GAGG;rbs_spacer=5-10bp;gc_cont=0.641
NODE_71_length_33769_cov_11.503210_25  -            263 42437at72274         -            205   1.1e-05   23.5   0.1   2   2     0.082       7.1    4.6   0.0    93   170   105   193    69   218 0.75 # 24515 # 25303 # -1 # ID=71_25;partial=00;start_type=ATG;rbs_motif=GGAG/GAGG;rbs_spacer=5-10bp;gc_cont=0.641
NODE_86_length_18713_cov_12.327612_4   -            244 42437at72274         -            205   5.6e-05   21.2   1.3   1   1   1.8e-06   0.00016   19.8   1.3    11   154     5   169     2   226 0.76 # 2306 # 3037 # 1 # ID=86_4;partial=00;start_type=ATG;rbs_motif=AGGA;rbs_spacer=5-10bp;gc_cont=0.598
NODE_21_length_107008_cov_11.508182_92 -            293 42437at72274         -            205   0.00013   20.1   4.3   1   1   3.3e-06   0.00029   18.9   4.3    14   165    36   218    26   242 0.67 # 86670 # 87548 # -1 # ID=21_92;partial=00;start_type=ATG;rbs_motif=AGGAG;rbs_spacer=5-10bp;gc_cont=0.609
NODE_2_length_235110_cov_12.031228_129 -            267 42437at72274         -            205   0.00014   19.9   5.6   1   1   6.8e-06   0.00059   17.9   5.6    11   165     7   192     3   221 0.61 # 134231 # 135031 # -1 # ID=2_129;partial=00;start_type=ATG;rbs_motif=GGAG/GAGG;rbs_spacer=5-10bp;gc_cont=0.640
NODE_56_length_43131_cov_11.229211_39  -             46 42437at72274         -            205   0.00038   18.5   0.1   1   1   4.4e-06   0.00038   18.5   0.1     9    43    11    45     4    46 0.91 # 42993 # 43130 # 1 # ID=56_39;partial=01;start_type=ATG;rbs_motif=GGAG/GAGG;rbs_spacer=5-10bp;gc_cont=0.696
NODE_17_length_110024_cov_11.158876_90 -            229 42437at72274         -            205   0.00082   17.4   0.1   1   1   1.3e-05    0.0011   17.0   0.1    11   150     4   161     1   198 0.75 # 101215 # 101901 # -1 # ID=17_90;partial=00;start_type=ATG;rbs_motif=AGGA;rbs_spacer=5-10bp;gc_cont=0.619
NODE_15_length_113078_cov_11.607042_67 -            247 42437at72274         -            205   0.00089   17.3   1.7   1   1   2.3e-05     0.002   16.2   1.7    17   152    15   170     3   225 0.75 # 61844 # 62584 # -1 # ID=15_67;partial=00;start_type=ATG;rbs_motif=GGAG/GAGG;rbs_spacer=5-10bp;gc_cont=0.663
#
# Program:         hmmsearch
# Version:         3.1b2 (February 2015)
# Pipeline mode:   SEARCH
# Query file:      /data2/PEG/hoaxaca/REAA/Pseudomonas/bin/busco_downloads/lineages/pseudomonadales_odb10/hmms/42437at72274.hmm
# Target file:     /data2/PEG/hoaxaca/REAA/Pseudomonas/bin/../out/busco/trim_def.spades_kmer/prodigal_output/predicted_genes/predicted.faa
# Option settings: hmmsearch --domtblout /data2/PEG/hoaxaca/REAA/Pseudomonas/bin/../out/busco/trim_def.spades_kmer/run_pseudomonadales_odb10/hmmer_output/42437at72274.out --cpu 1 /data2/PEG/hoaxaca/REAA/Pseudomonas/bin/busco_downloads/lineages/pseudomonadales_odb10/hmms/42437at72274.hmm /data2/PEG/hoaxaca/REAA/Pseudomonas/bin/../out/busco/trim_def.spades_kmer/prodigal_output/predicted_genes/predicted.faa 
# Current dir:     /data2/PEG/hoaxaca/REAA/Pseudomonas/bin
# Date:            Mon Feb 20 00:39:51 2023
# [ok]
