#                                                                                              --- full sequence --- -------------- this domain -------------   hmm coord   ali coord   env coord
# target name                          accession   tlen query name           accession   qlen   E-value  score  bias   #  of  c-Evalue  i-Evalue  score  bias  from    to  from    to  from    to  acc description of target
#                  ------------------- ---------- ----- -------------------- ---------- ----- --------- ------ ----- --- --- --------- --------- ------ ----- ----- ----- ----- ----- ----- ----- ---- ---------------------
NODE_40_length_70224_cov_11.895987_17  -            206 43900at72274         -            173   1.5e-77  257.8   0.0   1   1   3.5e-80   1.8e-77  257.6   0.0     2   173     6   198     5   198 0.91 # 17319 # 17936 # -1 # ID=40_17;partial=00;start_type=ATG;rbs_motif=AGGAG;rbs_spacer=5-10bp;gc_cont=0.579
NODE_5_length_163274_cov_11.816932_64  -            211 43900at72274         -            173   1.5e-11   43.0   0.0   1   1   1.3e-13   6.7e-11   40.9   0.0    16   170    26   201     6   204 0.75 # 63114 # 63746 # 1 # ID=5_64;partial=00;start_type=GTG;rbs_motif=AGGAG;rbs_spacer=5-10bp;gc_cont=0.632
NODE_51_length_51199_cov_12.022086_33  -            212 43900at72274         -            173   3.2e-08   32.1   0.0   1   1   6.1e-10   3.2e-07   28.9   0.0     8   149    11   182     2   202 0.76 # 39370 # 40005 # -1 # ID=51_33;partial=00;start_type=ATG;rbs_motif=GGAG/GAGG;rbs_spacer=5-10bp;gc_cont=0.618
NODE_1_length_244313_cov_11.834909_83  -            208 43900at72274         -            173   5.9e-08   31.3   0.0   1   1   3.1e-09   1.6e-06   26.6   0.0    31   172    45   202    38   203 0.77 # 105862 # 106485 # -1 # ID=1_83;partial=00;start_type=ATG;rbs_motif=None;rbs_spacer=None;gc_cont=0.599
NODE_21_length_107008_cov_11.508182_50 -            211 43900at72274         -            173   1.6e-06   26.6   0.0   1   1   1.9e-08   9.9e-06   24.0   0.0    30    79    47   100    40   205 0.72 # 49234 # 49866 # -1 # ID=21_50;partial=00;start_type=ATG;rbs_motif=AGGA;rbs_spacer=5-10bp;gc_cont=0.610
NODE_4_length_179944_cov_11.656412_41  -            220 43900at72274         -            173   0.00022   19.6   0.0   1   1   6.9e-07   0.00036   18.9   0.0    10    83    14    97     5   159 0.80 # 39163 # 39822 # 1 # ID=4_41;partial=00;start_type=ATG;rbs_motif=GGAGG;rbs_spacer=5-10bp;gc_cont=0.600
NODE_22_length_103667_cov_11.719026_81 -            207 43900at72274         -            173    0.0012   17.3   0.0   1   1   8.3e-06    0.0043   15.4   0.0     8    67    12    82     6   100 0.72 # 88710 # 89330 # 1 # ID=22_81;partial=00;start_type=ATG;rbs_motif=GGAG/GAGG;rbs_spacer=5-10bp;gc_cont=0.636
NODE_42_length_67348_cov_11.469749_62  -            278 43900at72274         -            173    0.0017   16.8   0.0   1   2   1.5e-05     0.008   14.6   0.0    32    75    92   141    86   151 0.86 # 59735 # 60568 # -1 # ID=42_62;partial=00;start_type=ATG;rbs_motif=AGGAG;rbs_spacer=5-10bp;gc_cont=0.628
NODE_42_length_67348_cov_11.469749_62  -            278 43900at72274         -            173    0.0017   16.8   0.0   2   2      0.65   3.4e+02   -0.5   0.0   114   168   191   250   173   253 0.68 # 59735 # 60568 # -1 # ID=42_62;partial=00;start_type=ATG;rbs_motif=AGGAG;rbs_spacer=5-10bp;gc_cont=0.628
NODE_28_length_97117_cov_11.245262_32  -            201 43900at72274         -            173    0.0031   15.9   0.0   1   1   4.9e-05     0.025   12.9   0.0    30   134    44   163    10   178 0.66 # 28922 # 29524 # -1 # ID=28_32;partial=00;start_type=ATG;rbs_motif=GGAG/GAGG;rbs_spacer=5-10bp;gc_cont=0.577
NODE_21_length_107008_cov_11.508182_44 -            201 43900at72274         -            173    0.0035   15.7   0.1   1   1   2.8e-05     0.015   13.7   0.1   101   172   126   195    13   196 0.69 # 43222 # 43824 # -1 # ID=21_44;partial=00;start_type=ATG;rbs_motif=GGAG/GAGG;rbs_spacer=5-10bp;gc_cont=0.602
NODE_2_length_235110_cov_12.031228_176 -            198 43900at72274         -            173    0.0085   14.5   0.1   1   1   3.5e-05     0.018   13.4   0.1    12   146    18   167     9   195 0.66 # 179649 # 180242 # -1 # ID=2_176;partial=00;start_type=GTG;rbs_motif=GGAGG;rbs_spacer=3-4bp;gc_cont=0.593
NODE_2_length_235110_cov_12.031228_196 -            233 43900at72274         -            173     0.029   12.7   0.0   1   2   0.00013     0.068   11.5   0.0    26    77    58   117    33   136 0.84 # 200391 # 201089 # 1 # ID=2_196;partial=00;start_type=ATG;rbs_motif=AGGAG;rbs_spacer=5-10bp;gc_cont=0.619
NODE_2_length_235110_cov_12.031228_196 -            233 43900at72274         -            173     0.029   12.7   0.0   2   2       2.8   1.4e+03   -2.6   0.0   119   135   172   188   157   193 0.79 # 200391 # 201089 # 1 # ID=2_196;partial=00;start_type=ATG;rbs_motif=AGGAG;rbs_spacer=5-10bp;gc_cont=0.619
#
# Program:         hmmsearch
# Version:         3.1b2 (February 2015)
# Pipeline mode:   SEARCH
# Query file:      /data2/PEG/hoaxaca/REAA/Pseudomonas/bin/busco_downloads/lineages/pseudomonadales_odb10/hmms/43900at72274.hmm
# Target file:     /data2/PEG/hoaxaca/REAA/Pseudomonas/bin/../out/busco/trim_def.spades_kmer/prodigal_output/predicted_genes/predicted.faa
# Option settings: hmmsearch --domtblout /data2/PEG/hoaxaca/REAA/Pseudomonas/bin/../out/busco/trim_def.spades_kmer/run_pseudomonadales_odb10/hmmer_output/43900at72274.out --cpu 1 /data2/PEG/hoaxaca/REAA/Pseudomonas/bin/busco_downloads/lineages/pseudomonadales_odb10/hmms/43900at72274.hmm /data2/PEG/hoaxaca/REAA/Pseudomonas/bin/../out/busco/trim_def.spades_kmer/prodigal_output/predicted_genes/predicted.faa 
# Current dir:     /data2/PEG/hoaxaca/REAA/Pseudomonas/bin
# Date:            Mon Feb 20 00:39:52 2023
# [ok]
