#                                                                                              --- full sequence --- -------------- this domain -------------   hmm coord   ali coord   env coord
# target name                          accession   tlen query name           accession   qlen   E-value  score  bias   #  of  c-Evalue  i-Evalue  score  bias  from    to  from    to  from    to  acc description of target
#                  ------------------- ---------- ----- -------------------- ---------- ----- --------- ------ ----- --- --- --------- --------- ------ ----- ----- ----- ----- ----- ----- ----- ---- ---------------------
NODE_6_length_154355_cov_11.215791_2   -            233 45939at72274         -            226  6.6e-135  446.0   0.0   1   1  3.1e-137  7.4e-135  445.9   0.0     1   225     2   231     2   232 0.98 # 421 # 1119 # 1 # ID=6_2;partial=00;start_type=ATG;rbs_motif=GGAG/GAGG;rbs_spacer=5-10bp;gc_cont=0.611
NODE_17_length_110024_cov_11.158876_52 -            250 45939at72274         -            226   1.6e-12   45.7   0.0   1   1     9e-15   2.2e-12   45.2   0.0    29   155    26   152     4   164 0.87 # 63086 # 63835 # 1 # ID=17_52;partial=00;start_type=ATG;rbs_motif=GGxGG;rbs_spacer=5-10bp;gc_cont=0.633
NODE_17_length_110024_cov_11.158876_14 -            249 45939at72274         -            226   1.2e-09   36.2   0.0   1   1   7.4e-12   1.8e-09   35.7   0.0    42   149    40   149    35   162 0.90 # 19182 # 19928 # 1 # ID=17_14;partial=00;start_type=ATG;rbs_motif=GGA/GAG/AGG;rbs_spacer=5-10bp;gc_cont=0.578
NODE_19_length_107430_cov_11.706290_80 -            271 45939at72274         -            226   4.7e-09   34.3   0.0   1   1   2.7e-11   6.5e-09   33.9   0.0    32   145    47   162    18   166 0.90 # 102523 # 103335 # -1 # ID=19_80;partial=00;start_type=ATG;rbs_motif=GGAG/GAGG;rbs_spacer=5-10bp;gc_cont=0.594
NODE_3_length_186977_cov_11.850067_22  -            395 45939at72274         -            226   1.9e-08   32.3   0.0   1   1   1.3e-10   3.1e-08   31.6   0.0    45   145   160   263   152   271 0.75 # 18384 # 19568 # -1 # ID=3_22;partial=00;start_type=ATG;rbs_motif=GGA/GAG/AGG;rbs_spacer=5-10bp;gc_cont=0.606
NODE_17_length_110024_cov_11.158876_37 -            293 45939at72274         -            226   1.9e-08   32.3   0.0   1   1   1.8e-10   4.4e-08   31.2   0.0    28   148   141   257   135   268 0.74 # 47327 # 48205 # -1 # ID=17_37;partial=00;start_type=ATG;rbs_motif=GGA/GAG/AGG;rbs_spacer=5-10bp;gc_cont=0.652
NODE_4_length_179944_cov_11.656412_23  -            385 45939at72274         -            226   2.1e-07   28.9   0.0   1   1   1.4e-09   3.3e-07   28.3   0.0    45   153   169   274   141   277 0.82 # 24584 # 25738 # 1 # ID=4_23;partial=00;start_type=GTG;rbs_motif=GGAG/GAGG;rbs_spacer=5-10bp;gc_cont=0.593
NODE_11_length_127457_cov_11.778520_14 -            292 45939at72274         -            226   4.1e-06   24.7   0.0   1   1   3.1e-08   7.4e-06   23.9   0.0    44   150   103   213    93   236 0.86 # 14604 # 15479 # 1 # ID=11_14;partial=00;start_type=ATG;rbs_motif=3Base/5BMM;rbs_spacer=13-15bp;gc_cont=0.596
NODE_51_length_51199_cov_12.022086_31  -            275 45939at72274         -            226   7.8e-06   23.8   0.0   1   1   4.7e-08   1.1e-05   23.3   0.0    47   143    53   148    47   162 0.80 # 37042 # 37866 # 1 # ID=51_31;partial=00;start_type=ATG;rbs_motif=GGAG/GAGG;rbs_spacer=5-10bp;gc_cont=0.615
NODE_49_length_55188_cov_11.632571_2   -            243 45939at72274         -            226   8.9e-06   23.6   0.0   1   1   5.4e-08   1.3e-05   23.1   0.0    43   146    41   142    38   147 0.87 # 169 # 897 # 1 # ID=49_2;partial=00;start_type=ATG;rbs_motif=GGAG/GAGG;rbs_spacer=5-10bp;gc_cont=0.609
NODE_60_length_41929_cov_11.350318_5   -            255 45939at72274         -            226   9.6e-06   23.5   0.0   1   1   6.1e-08   1.5e-05   22.9   0.0    45   146    45   146    35   156 0.92 # 4910 # 5674 # -1 # ID=60_5;partial=00;start_type=ATG;rbs_motif=AGGA;rbs_spacer=5-10bp;gc_cont=0.644
NODE_80_length_23063_cov_11.281610_8   -            319 45939at72274         -            226   1.4e-05   23.0   0.0   1   1   9.1e-08   2.2e-05   22.3   0.0    42   148   116   223    86   232 0.83 # 7949 # 8905 # 1 # ID=80_8;partial=00;start_type=ATG;rbs_motif=None;rbs_spacer=None;gc_cont=0.618
NODE_10_length_127481_cov_12.919170_41 -            424 45939at72274         -            226   1.9e-05   22.6   0.0   1   1   1.1e-07   2.7e-05   22.0   0.0    46   202   195   354   164   363 0.73 # 37612 # 38883 # 1 # ID=10_41;partial=00;start_type=ATG;rbs_motif=AGGA;rbs_spacer=5-10bp;gc_cont=0.601
NODE_31_length_94329_cov_11.803284_18  -            332 45939at72274         -            226   2.9e-05   21.9   0.0   1   1   1.8e-07   4.2e-05   21.4   0.0    47   154   168   273   125   281 0.78 # 17787 # 18782 # -1 # ID=31_18;partial=00;start_type=ATG;rbs_motif=None;rbs_spacer=None;gc_cont=0.617
NODE_20_length_107404_cov_11.794224_13 -            245 45939at72274         -            226   3.2e-05   21.8   0.0   1   1   1.8e-07   4.3e-05   21.4   0.0    30   146    35   151    12   164 0.81 # 15036 # 15770 # -1 # ID=20_13;partial=00;start_type=ATG;rbs_motif=AGGA;rbs_spacer=5-10bp;gc_cont=0.629
NODE_44_length_65388_cov_12.121420_70  -            227 45939at72274         -            226   0.00036   18.4   0.0   1   1   2.1e-06    0.0005   17.9   0.0    48   130    55   138    46   168 0.74 # 63512 # 64192 # 1 # ID=44_70;partial=00;start_type=ATG;rbs_motif=GGAG/GAGG;rbs_spacer=5-10bp;gc_cont=0.551
NODE_91_length_16114_cov_10.411459_4   -            219 45939at72274         -            226   0.00036   18.3   0.0   1   1     2e-06   0.00048   18.0   0.0    43    97    80   135    71   155 0.87 # 1686 # 2342 # 1 # ID=91_4;partial=00;start_type=ATG;rbs_motif=None;rbs_spacer=None;gc_cont=0.668
NODE_43_length_65404_cov_11.446038_33  -            207 45939at72274         -            226   0.00049   17.9   0.0   1   1   2.8e-06   0.00068   17.4   0.0    38   132     8    98     3   113 0.78 # 30569 # 31189 # 1 # ID=43_33;partial=00;start_type=ATG;rbs_motif=GGA/GAG/AGG;rbs_spacer=5-10bp;gc_cont=0.615
NODE_26_length_101577_cov_11.283884_91 -            217 45939at72274         -            226   0.00079   17.2   0.0   1   1   4.7e-06    0.0011   16.7   0.0    48   128    59   140    46   166 0.82 # 94997 # 95647 # -1 # ID=26_91;partial=00;start_type=ATG;rbs_motif=GGA/GAG/AGG;rbs_spacer=5-10bp;gc_cont=0.651
NODE_27_length_97149_cov_11.704119_9   -            360 45939at72274         -            226    0.0045   14.8   0.0   1   2         4   9.7e+02   -2.7   0.0   159   176   155   172   140   178 0.81 # 9664 # 10743 # -1 # ID=27_9;partial=00;start_type=ATG;rbs_motif=None;rbs_spacer=None;gc_cont=0.622
NODE_27_length_97149_cov_11.704119_9   -            360 45939at72274         -            226    0.0045   14.8   0.0   2   2   5.1e-05     0.012   13.3   0.0    28   107   186   267   172   271 0.87 # 9664 # 10743 # -1 # ID=27_9;partial=00;start_type=ATG;rbs_motif=None;rbs_spacer=None;gc_cont=0.622
NODE_41_length_69652_cov_12.835901_12  -            254 45939at72274         -            226     0.017   12.9   0.0   1   1   0.00011     0.026   12.3   0.0    47   144    33   126    19   139 0.77 # 12026 # 12787 # -1 # ID=41_12;partial=00;start_type=ATG;rbs_motif=AGGA;rbs_spacer=5-10bp;gc_cont=0.619
NODE_17_length_110024_cov_11.158876_74 -            451 45939at72274         -            226     0.023   12.4   0.3   1   2    0.0002     0.049   11.4   0.2    41   114   209   288   196   294 0.70 # 85032 # 86384 # -1 # ID=17_74;partial=00;start_type=ATG;rbs_motif=GGAG/GAGG;rbs_spacer=5-10bp;gc_cont=0.652
NODE_17_length_110024_cov_11.158876_74 -            451 45939at72274         -            226     0.023   12.4   0.3   2   2      0.31        76    0.9   0.0    63   117   257   314   252   319 0.73 # 85032 # 86384 # -1 # ID=17_74;partial=00;start_type=ATG;rbs_motif=GGAG/GAGG;rbs_spacer=5-10bp;gc_cont=0.652
NODE_43_length_65404_cov_11.446038_49  -            204 45939at72274         -            226     0.032   12.0   0.0   1   1   0.00019     0.045   11.5   0.0    36   114    54   134    44   137 0.77 # 44313 # 44924 # 1 # ID=43_49;partial=00;start_type=ATG;rbs_motif=GGAG/GAGG;rbs_spacer=5-10bp;gc_cont=0.637
NODE_9_length_135493_cov_11.866710_74  -            333 45939at72274         -            226      0.04   11.7   0.0   1   1   0.00028     0.068   10.9   0.0    43    91   190   240   181   247 0.78 # 88837 # 89835 # 1 # ID=9_74;partial=00;start_type=ATG;rbs_motif=AGGAG;rbs_spacer=5-10bp;gc_cont=0.618
NODE_27_length_97149_cov_11.704119_19  -            394 45939at72274         -            226     0.066   11.0   0.0   1   1   0.00043       0.1   10.3   0.0    43   116   249   324   246   330 0.67 # 21602 # 22783 # -1 # ID=27_19;partial=00;start_type=ATG;rbs_motif=GGA/GAG/AGG;rbs_spacer=5-10bp;gc_cont=0.644
NODE_39_length_76270_cov_12.057772_20  -            270 45939at72274         -            226     0.078   10.7   0.0   1   1   0.00087      0.21    9.3   0.0    42   145    50   150    46   157 0.63 # 22237 # 23046 # 1 # ID=39_20;partial=00;start_type=ATG;rbs_motif=GGA/GAG/AGG;rbs_spacer=5-10bp;gc_cont=0.622
#
# Program:         hmmsearch
# Version:         3.1b2 (February 2015)
# Pipeline mode:   SEARCH
# Query file:      /data2/PEG/hoaxaca/REAA/Pseudomonas/bin/busco_downloads/lineages/pseudomonadales_odb10/hmms/45939at72274.hmm
# Target file:     /data2/PEG/hoaxaca/REAA/Pseudomonas/bin/../out/busco/trim_def.spades_kmer/prodigal_output/predicted_genes/predicted.faa
# Option settings: hmmsearch --domtblout /data2/PEG/hoaxaca/REAA/Pseudomonas/bin/../out/busco/trim_def.spades_kmer/run_pseudomonadales_odb10/hmmer_output/45939at72274.out --cpu 1 /data2/PEG/hoaxaca/REAA/Pseudomonas/bin/busco_downloads/lineages/pseudomonadales_odb10/hmms/45939at72274.hmm /data2/PEG/hoaxaca/REAA/Pseudomonas/bin/../out/busco/trim_def.spades_kmer/prodigal_output/predicted_genes/predicted.faa 
# Current dir:     /data2/PEG/hoaxaca/REAA/Pseudomonas/bin
# Date:            Mon Feb 20 00:39:54 2023
# [ok]
