#                                                                                              --- full sequence --- -------------- this domain -------------   hmm coord   ali coord   env coord
# target name                          accession   tlen query name           accession   qlen   E-value  score  bias   #  of  c-Evalue  i-Evalue  score  bias  from    to  from    to  from    to  acc description of target
#                  ------------------- ---------- ----- -------------------- ---------- ----- --------- ------ ----- --- --- --------- --------- ------ ----- ----- ----- ----- ----- ----- ----- ---- ---------------------
NODE_3_length_186977_cov_11.850067_57  -            631 4619at72274          -            532         0 1065.8   0.9   1   2  2.1e-289  2.2e-286  949.2   0.1     1   447     6   472     6   484 0.97 # 58973 # 60865 # -1 # ID=3_57;partial=00;start_type=GTG;rbs_motif=GGAG/GAGG;rbs_spacer=5-10bp;gc_cont=0.585
NODE_3_length_186977_cov_11.850067_57  -            631 4619at72274          -            532         0 1065.8   0.9   2   2   9.2e-37   9.7e-34  115.4   0.1   455   532   536   619   531   619 0.94 # 58973 # 60865 # -1 # ID=3_57;partial=00;start_type=GTG;rbs_motif=GGAG/GAGG;rbs_spacer=5-10bp;gc_cont=0.585
NODE_47_length_61454_cov_11.422440_27  -            518 4619at72274          -            532    0.0012   16.1   2.2   1   2   1.6e-05     0.016   12.4   0.3     2    29   212   239   211   258 0.89 # 27499 # 29052 # -1 # ID=47_27;partial=00;start_type=ATG;rbs_motif=AGGA;rbs_spacer=5-10bp;gc_cont=0.599
NODE_47_length_61454_cov_11.422440_27  -            518 4619at72274          -            532    0.0012   16.1   2.2   2   2    0.0089       9.3    3.3   0.1     4    30   357   383   355   390 0.82 # 27499 # 29052 # -1 # ID=47_27;partial=00;start_type=ATG;rbs_motif=AGGA;rbs_spacer=5-10bp;gc_cont=0.599
NODE_1_length_244313_cov_11.834909_140 -            592 4619at72274          -            532    0.0092   13.2   0.8   1   1   1.2e-05     0.013   12.7   0.8     2    39    10    47     9    62 0.81 # 173719 # 175494 # -1 # ID=1_140;partial=00;start_type=ATG;rbs_motif=None;rbs_spacer=None;gc_cont=0.594
NODE_6_length_154355_cov_11.215791_51  -            465 4619at72274          -            532     0.038   11.2   0.0   1   1   5.3e-05     0.055   10.6   0.0     2    39     6    43     5    72 0.77 # 47955 # 49349 # -1 # ID=6_51;partial=00;start_type=ATG;rbs_motif=AGGAG;rbs_spacer=5-10bp;gc_cont=0.601
NODE_2_length_235110_cov_12.031228_2   -            368 4619at72274          -            532     0.075   10.2   0.1   1   1   9.8e-05       0.1    9.8   0.1     3    33     5    35     3    52 0.84 # 1217 # 2320 # -1 # ID=2_2;partial=00;start_type=ATG;rbs_motif=GGAGG;rbs_spacer=5-10bp;gc_cont=0.651
NODE_31_length_94329_cov_11.803284_32  -            393 4619at72274          -            532     0.076   10.2   0.7   1   1   0.00012      0.12    9.5   0.7     3    33     5    35     3    47 0.91 # 33320 # 34498 # -1 # ID=31_32;partial=00;start_type=GTG;rbs_motif=GGAG/GAGG;rbs_spacer=5-10bp;gc_cont=0.618
#
# Program:         hmmsearch
# Version:         3.1b2 (February 2015)
# Pipeline mode:   SEARCH
# Query file:      /data2/PEG/hoaxaca/REAA/Pseudomonas/bin/busco_downloads/lineages/pseudomonadales_odb10/hmms/4619at72274.hmm
# Target file:     /data2/PEG/hoaxaca/REAA/Pseudomonas/bin/../out/busco/trim_def.spades_kmer/prodigal_output/predicted_genes/predicted.faa
# Option settings: hmmsearch --domtblout /data2/PEG/hoaxaca/REAA/Pseudomonas/bin/../out/busco/trim_def.spades_kmer/run_pseudomonadales_odb10/hmmer_output/4619at72274.out --cpu 1 /data2/PEG/hoaxaca/REAA/Pseudomonas/bin/busco_downloads/lineages/pseudomonadales_odb10/hmms/4619at72274.hmm /data2/PEG/hoaxaca/REAA/Pseudomonas/bin/../out/busco/trim_def.spades_kmer/prodigal_output/predicted_genes/predicted.faa 
# Current dir:     /data2/PEG/hoaxaca/REAA/Pseudomonas/bin
# Date:            Mon Feb 20 00:39:54 2023
# [ok]
