#                                                                                              --- full sequence --- -------------- this domain -------------   hmm coord   ali coord   env coord
# target name                          accession   tlen query name           accession   qlen   E-value  score  bias   #  of  c-Evalue  i-Evalue  score  bias  from    to  from    to  from    to  acc description of target
#                  ------------------- ---------- ----- -------------------- ---------- ----- --------- ------ ----- --- --- --------- --------- ------ ----- ----- ----- ----- ----- ----- ----- ---- ---------------------
NODE_7_length_150369_cov_11.860239_130 -            221 47074at72274         -            141   4.2e-66  219.7   0.1   1   1   6.2e-69   5.5e-66  219.3   0.1     1   141    39   200    39   200 0.91 # 143687 # 144349 # 1 # ID=7_130;partial=00;start_type=ATG;rbs_motif=None;rbs_spacer=None;gc_cont=0.612
NODE_33_length_81661_cov_11.674602_8   -            278 47074at72274         -            141   0.00017   20.0   0.1   1   1   2.9e-07   0.00026   19.4   0.1     2    79   111   195   110   207 0.82 # 7189 # 8022 # -1 # ID=33_8;partial=00;start_type=ATG;rbs_motif=GGA/GAG/AGG;rbs_spacer=5-10bp;gc_cont=0.647
NODE_85_length_21476_cov_12.035271_4   -            315 47074at72274         -            141   0.00026   19.4   0.0   1   1   4.6e-07   0.00041   18.7   0.0    32    77    10    57     2    73 0.81 # 3225 # 4169 # -1 # ID=85_4;partial=00;start_type=GTG;rbs_motif=GGAG/GAGG;rbs_spacer=5-10bp;gc_cont=0.623
NODE_2_length_235110_cov_12.031228_51  -            208 47074at72274         -            141    0.0011   17.3   0.0   1   1   3.1e-06    0.0028   16.0   0.0    38   121    81   178    62   196 0.71 # 54373 # 54996 # -1 # ID=2_51;partial=00;start_type=ATG;rbs_motif=AGGAG;rbs_spacer=5-10bp;gc_cont=0.603
NODE_2_length_235110_cov_12.031228_83  -            149 47074at72274         -            141    0.0032   15.8   0.0   1   1   4.9e-06    0.0044   15.4   0.0    53    78    32    57    17    70 0.89 # 90020 # 90466 # -1 # ID=2_83;partial=00;start_type=ATG;rbs_motif=GGAG/GAGG;rbs_spacer=5-10bp;gc_cont=0.609
NODE_64_length_39806_cov_12.008518_27  -            139 47074at72274         -            141    0.0043   15.4   0.0   1   1   5.6e-06     0.005   15.2   0.0    50   102    40    96    15   116 0.84 # 22224 # 22640 # -1 # ID=64_27;partial=00;start_type=ATG;rbs_motif=AGGA/GGAG/GAGG;rbs_spacer=11-12bp;gc_cont=0.585
NODE_64_length_39806_cov_12.008518_23  -            236 47074at72274         -            141     0.019   13.4   0.0   1   1   3.5e-05     0.031   12.7   0.0    34    61    26    53    20    78 0.82 # 18674 # 19381 # -1 # ID=64_23;partial=00;start_type=ATG;rbs_motif=AGGA;rbs_spacer=5-10bp;gc_cont=0.617
#
# Program:         hmmsearch
# Version:         3.1b2 (February 2015)
# Pipeline mode:   SEARCH
# Query file:      /data2/PEG/hoaxaca/REAA/Pseudomonas/bin/busco_downloads/lineages/pseudomonadales_odb10/hmms/47074at72274.hmm
# Target file:     /data2/PEG/hoaxaca/REAA/Pseudomonas/bin/../out/busco/trim_def.spades_kmer/prodigal_output/predicted_genes/predicted.faa
# Option settings: hmmsearch --domtblout /data2/PEG/hoaxaca/REAA/Pseudomonas/bin/../out/busco/trim_def.spades_kmer/run_pseudomonadales_odb10/hmmer_output/47074at72274.out --cpu 1 /data2/PEG/hoaxaca/REAA/Pseudomonas/bin/busco_downloads/lineages/pseudomonadales_odb10/hmms/47074at72274.hmm /data2/PEG/hoaxaca/REAA/Pseudomonas/bin/../out/busco/trim_def.spades_kmer/prodigal_output/predicted_genes/predicted.faa 
# Current dir:     /data2/PEG/hoaxaca/REAA/Pseudomonas/bin
# Date:            Mon Feb 20 00:39:55 2023
# [ok]
