#                                                                                               --- full sequence --- -------------- this domain -------------   hmm coord   ali coord   env coord
# target name                           accession   tlen query name           accession   qlen   E-value  score  bias   #  of  c-Evalue  i-Evalue  score  bias  from    to  from    to  from    to  acc description of target
#                   ------------------- ---------- ----- -------------------- ---------- ----- --------- ------ ----- --- --- --------- --------- ------ ----- ----- ----- ----- ----- ----- ----- ---- ---------------------
NODE_3_length_186977_cov_11.850067_145  -            213 47147at72274         -            171   9.2e-67  222.2   1.5   1   2    0.0044       5.5    4.9   0.1     1    23     1    23     1    35 0.90 # 150585 # 151223 # 1 # ID=3_145;partial=00;start_type=ATG;rbs_motif=AGGAG;rbs_spacer=5-10bp;gc_cont=0.565
NODE_3_length_186977_cov_11.850067_145  -            213 47147at72274         -            171   9.2e-67  222.2   1.5   2   2   4.4e-68   5.5e-65  216.4   0.2    19   171    37   212    25   212 0.86 # 150585 # 151223 # 1 # ID=3_145;partial=00;start_type=ATG;rbs_motif=AGGAG;rbs_spacer=5-10bp;gc_cont=0.565
NODE_45_length_65058_cov_11.003096_10   -            198 47147at72274         -            171   0.00067   17.6   0.1   1   1   1.2e-06    0.0015   16.5   0.1    24    59    67   102    53   119 0.89 # 12199 # 12792 # -1 # ID=45_10;partial=00;start_type=ATG;rbs_motif=GGAG/GAGG;rbs_spacer=5-10bp;gc_cont=0.584
NODE_12_length_125582_cov_11.892726_133 -             63 47147at72274         -            171    0.0076   14.2   0.0   1   1   7.1e-06    0.0089   14.0   0.0   131   160    28    57    21    59 0.89 # 118158 # 118346 # 1 # ID=12_133;partial=00;start_type=ATG;rbs_motif=GGA/GAG/AGG;rbs_spacer=5-10bp;gc_cont=0.550
NODE_32_length_89830_cov_11.382685_70   -            586 47147at72274         -            171     0.012   13.5   0.1   1   1     2e-05     0.025   12.5   0.1    22    57   287   322   276   329 0.89 # 87372 # 89129 # -1 # ID=32_70;partial=00;start_type=ATG;rbs_motif=GGA/GAG/AGG;rbs_spacer=5-10bp;gc_cont=0.646
NODE_11_length_127457_cov_11.778520_96  -            217 47147at72274         -            171     0.055   11.4   0.0   1   2      0.42   5.3e+02   -1.6   0.0    39    85    15    64    13   106 0.63 # 106386 # 107036 # -1 # ID=11_96;partial=00;start_type=ATG;rbs_motif=GGAG/GAGG;rbs_spacer=5-10bp;gc_cont=0.602
NODE_11_length_127457_cov_11.778520_96  -            217 47147at72274         -            171     0.055   11.4   0.0   2   2   0.00012      0.15   10.0   0.0   108   162   149   203   133   211 0.80 # 106386 # 107036 # -1 # ID=11_96;partial=00;start_type=ATG;rbs_motif=GGAG/GAGG;rbs_spacer=5-10bp;gc_cont=0.602
#
# Program:         hmmsearch
# Version:         3.1b2 (February 2015)
# Pipeline mode:   SEARCH
# Query file:      /data2/PEG/hoaxaca/REAA/Pseudomonas/bin/busco_downloads/lineages/pseudomonadales_odb10/hmms/47147at72274.hmm
# Target file:     /data2/PEG/hoaxaca/REAA/Pseudomonas/bin/../out/busco/trim_def.spades_kmer/prodigal_output/predicted_genes/predicted.faa
# Option settings: hmmsearch --domtblout /data2/PEG/hoaxaca/REAA/Pseudomonas/bin/../out/busco/trim_def.spades_kmer/run_pseudomonadales_odb10/hmmer_output/47147at72274.out --cpu 1 /data2/PEG/hoaxaca/REAA/Pseudomonas/bin/busco_downloads/lineages/pseudomonadales_odb10/hmms/47147at72274.hmm /data2/PEG/hoaxaca/REAA/Pseudomonas/bin/../out/busco/trim_def.spades_kmer/prodigal_output/predicted_genes/predicted.faa 
# Current dir:     /data2/PEG/hoaxaca/REAA/Pseudomonas/bin
# Date:            Mon Feb 20 00:39:55 2023
# [ok]
