#                                                                                              --- full sequence --- -------------- this domain -------------   hmm coord   ali coord   env coord
# target name                          accession   tlen query name           accession   qlen   E-value  score  bias   #  of  c-Evalue  i-Evalue  score  bias  from    to  from    to  from    to  acc description of target
#                  ------------------- ---------- ----- -------------------- ---------- ----- --------- ------ ----- --- --- --------- --------- ------ ----- ----- ----- ----- ----- ----- ----- ---- ---------------------
NODE_6_length_154355_cov_11.215791_50  -            241 48247at72274         -            175   2.2e-52  175.8   0.0   1   1   4.5e-55   7.1e-52  174.2   0.0     1   174     4   232     4   233 0.83 # 47190 # 47912 # 1 # ID=6_50;partial=00;start_type=GTG;rbs_motif=AGGAG;rbs_spacer=5-10bp;gc_cont=0.614
NODE_21_length_107008_cov_11.508182_81 -            376 48247at72274         -            175   1.8e-12   45.8   0.0   1   2   1.3e-13   2.1e-10   39.2   0.0     1    58    43   105    43   123 0.85 # 76679 # 77806 # -1 # ID=21_81;partial=00;start_type=ATG;rbs_motif=AGGA;rbs_spacer=5-10bp;gc_cont=0.605
NODE_21_length_107008_cov_11.508182_81 -            376 48247at72274         -            175   1.8e-12   45.8   0.0   2   2    0.0072        11    4.2   0.0   138   170   314   349   300   354 0.84 # 76679 # 77806 # -1 # ID=21_81;partial=00;start_type=ATG;rbs_motif=AGGA;rbs_spacer=5-10bp;gc_cont=0.605
NODE_70_length_34415_cov_11.462378_20  -            461 48247at72274         -            175   2.2e-07   29.3   0.0   1   4   8.5e-09   1.3e-05   23.5   0.0     1    52    53   109    53   132 0.82 # 23598 # 24980 # -1 # ID=70_20;partial=00;start_type=ATG;rbs_motif=AGGA;rbs_spacer=5-10bp;gc_cont=0.595
NODE_70_length_34415_cov_11.462378_20  -            461 48247at72274         -            175   2.2e-07   29.3   0.0   2   4      0.04        64    1.7   0.0    96   124   275   303   263   312 0.84 # 23598 # 24980 # -1 # ID=70_20;partial=00;start_type=ATG;rbs_motif=AGGA;rbs_spacer=5-10bp;gc_cont=0.595
NODE_70_length_34415_cov_11.462378_20  -            461 48247at72274         -            175   2.2e-07   29.3   0.0   3   4      0.81   1.3e+03   -2.5   0.0   140   159   396   416   393   419 0.80 # 23598 # 24980 # -1 # ID=70_20;partial=00;start_type=ATG;rbs_motif=AGGA;rbs_spacer=5-10bp;gc_cont=0.595
NODE_70_length_34415_cov_11.462378_20  -            461 48247at72274         -            175   2.2e-07   29.3   0.0   4   4      0.67   1.1e+03   -2.2   0.0   160   172   432   444   427   447 0.80 # 23598 # 24980 # -1 # ID=70_20;partial=00;start_type=ATG;rbs_motif=AGGA;rbs_spacer=5-10bp;gc_cont=0.595
NODE_35_length_79420_cov_11.636059_36  -            316 48247at72274         -            175   2.1e-05   22.9   0.0   1   1   2.4e-08   3.8e-05   22.0   0.0     1    68    35   107    35   117 0.91 # 50688 # 51635 # 1 # ID=35_36;partial=00;start_type=GTG;rbs_motif=GGA/GAG/AGG;rbs_spacer=5-10bp;gc_cont=0.594
#
# Program:         hmmsearch
# Version:         3.1b2 (February 2015)
# Pipeline mode:   SEARCH
# Query file:      /data2/PEG/hoaxaca/REAA/Pseudomonas/bin/busco_downloads/lineages/pseudomonadales_odb10/hmms/48247at72274.hmm
# Target file:     /data2/PEG/hoaxaca/REAA/Pseudomonas/bin/../out/busco/trim_def.spades_kmer/prodigal_output/predicted_genes/predicted.faa
# Option settings: hmmsearch --domtblout /data2/PEG/hoaxaca/REAA/Pseudomonas/bin/../out/busco/trim_def.spades_kmer/run_pseudomonadales_odb10/hmmer_output/48247at72274.out --cpu 1 /data2/PEG/hoaxaca/REAA/Pseudomonas/bin/busco_downloads/lineages/pseudomonadales_odb10/hmms/48247at72274.hmm /data2/PEG/hoaxaca/REAA/Pseudomonas/bin/../out/busco/trim_def.spades_kmer/prodigal_output/predicted_genes/predicted.faa 
# Current dir:     /data2/PEG/hoaxaca/REAA/Pseudomonas/bin
# Date:            Mon Feb 20 00:39:56 2023
# [ok]
