#                                                                                              --- full sequence --- -------------- this domain -------------   hmm coord   ali coord   env coord
# target name                          accession   tlen query name           accession   qlen   E-value  score  bias   #  of  c-Evalue  i-Evalue  score  bias  from    to  from    to  from    to  acc description of target
#                  ------------------- ---------- ----- -------------------- ---------- ----- --------- ------ ----- --- --- --------- --------- ------ ----- ----- ----- ----- ----- ----- ----- ---- ---------------------
NODE_27_length_97149_cov_11.704119_56  -            151 53890at72274         -            114   1.8e-53  178.0   2.4   1   1   7.4e-55   6.6e-52  172.9   2.4     1   114    17   147    17   147 0.94 # 65000 # 65452 # 1 # ID=27_56;partial=00;start_type=ATG;rbs_motif=GGAG/GAGG;rbs_spacer=5-10bp;gc_cont=0.572
NODE_10_length_127481_cov_12.919170_21 -            162 53890at72274         -            114   1.5e-18   65.4   0.1   1   1   4.7e-20   4.2e-17   60.8   0.1     1   113     9   139     9   140 0.76 # 15205 # 15690 # -1 # ID=10_21;partial=00;start_type=ATG;rbs_motif=GGA/GAG/AGG;rbs_spacer=5-10bp;gc_cont=0.617
NODE_76_length_26317_cov_11.767507_2   -            115 53890at72274         -            114   2.4e-06   26.1   0.0   1   2   7.5e-09   6.7e-06   24.7   0.0     4    61    28    88    25    95 0.88 # 867 # 1211 # 1 # ID=76_2;partial=00;start_type=ATG;rbs_motif=GGA/GAG/AGG;rbs_spacer=5-10bp;gc_cont=0.574
NODE_76_length_26317_cov_11.767507_2   -            115 53890at72274         -            114   2.4e-06   26.1   0.0   2   2       1.1     1e+03   -1.7   0.0   103   114    98   109    91   109 0.79 # 867 # 1211 # 1 # ID=76_2;partial=00;start_type=ATG;rbs_motif=GGA/GAG/AGG;rbs_spacer=5-10bp;gc_cont=0.574
NODE_13_length_124624_cov_11.800035_74 -            423 53890at72274         -            114   0.00089   17.8   0.1   1   2   6.6e-06     0.006   15.2   0.0    19    53   168   202   150   219 0.85 # 105865 # 107133 # 1 # ID=13_74;partial=00;start_type=ATG;rbs_motif=GGA/GAG/AGG;rbs_spacer=5-10bp;gc_cont=0.567
NODE_13_length_124624_cov_11.800035_74 -            423 53890at72274         -            114   0.00089   17.8   0.1   2   2       1.1     1e+03   -1.7   0.0    97   112   209   224   200   226 0.82 # 105865 # 107133 # 1 # ID=13_74;partial=00;start_type=ATG;rbs_motif=GGA/GAG/AGG;rbs_spacer=5-10bp;gc_cont=0.567
NODE_4_length_179944_cov_11.656412_50  -            222 53890at72274         -            114    0.0048   15.5   0.0   1   1   9.7e-06    0.0087   14.6   0.0     2    60   141   197   140   204 0.91 # 48344 # 49009 # -1 # ID=4_50;partial=00;start_type=ATG;rbs_motif=GGAG/GAGG;rbs_spacer=5-10bp;gc_cont=0.575
NODE_27_length_97149_cov_11.704119_42  -            206 53890at72274         -            114    0.0053   15.3   0.0   1   1   1.1e-05    0.0099   14.5   0.0     1    63   123   186   123   204 0.86 # 51800 # 52417 # 1 # ID=27_42;partial=00;start_type=ATG;rbs_motif=GGAG/GAGG;rbs_spacer=5-10bp;gc_cont=0.626
NODE_1_length_244313_cov_11.834909_59  -            247 53890at72274         -            114    0.0073   14.9   0.0   1   2       1.7   1.5e+03   -2.2   0.0    46    71    56    81    43   103 0.63 # 73554 # 74294 # -1 # ID=1_59;partial=00;start_type=ATG;rbs_motif=AGGA;rbs_spacer=5-10bp;gc_cont=0.586
NODE_1_length_244313_cov_11.834909_59  -            247 53890at72274         -            114    0.0073   14.9   0.0   2   2   2.2e-05      0.02   13.5   0.0     1    63   145   208   145   221 0.88 # 73554 # 74294 # -1 # ID=1_59;partial=00;start_type=ATG;rbs_motif=AGGA;rbs_spacer=5-10bp;gc_cont=0.586
#
# Program:         hmmsearch
# Version:         3.1b2 (February 2015)
# Pipeline mode:   SEARCH
# Query file:      /data2/PEG/hoaxaca/REAA/Pseudomonas/bin/busco_downloads/lineages/pseudomonadales_odb10/hmms/53890at72274.hmm
# Target file:     /data2/PEG/hoaxaca/REAA/Pseudomonas/bin/../out/busco/trim_def.spades_kmer/prodigal_output/predicted_genes/predicted.faa
# Option settings: hmmsearch --domtblout /data2/PEG/hoaxaca/REAA/Pseudomonas/bin/../out/busco/trim_def.spades_kmer/run_pseudomonadales_odb10/hmmer_output/53890at72274.out --cpu 1 /data2/PEG/hoaxaca/REAA/Pseudomonas/bin/busco_downloads/lineages/pseudomonadales_odb10/hmms/53890at72274.hmm /data2/PEG/hoaxaca/REAA/Pseudomonas/bin/../out/busco/trim_def.spades_kmer/prodigal_output/predicted_genes/predicted.faa 
# Current dir:     /data2/PEG/hoaxaca/REAA/Pseudomonas/bin
# Date:            Mon Feb 20 00:40:00 2023
# [ok]
