#                                                                                              --- full sequence --- -------------- this domain -------------   hmm coord   ali coord   env coord
# target name                          accession   tlen query name           accession   qlen   E-value  score  bias   #  of  c-Evalue  i-Evalue  score  bias  from    to  from    to  from    to  acc description of target
#                  ------------------- ---------- ----- -------------------- ---------- ----- --------- ------ ----- --- --- --------- --------- ------ ----- ----- ----- ----- ----- ----- ----- ---- ---------------------
NODE_20_length_107404_cov_11.794224_37 -           1318 543at72274           -           1001         0 1688.5   6.8   1   3  6.2e-280  1.3e-277  921.9   0.0    11   510   117   629   107   692 0.92 # 41188 # 45141 # -1 # ID=20_37;partial=00;start_type=ATG;rbs_motif=GGAG/GAGG;rbs_spacer=5-10bp;gc_cont=0.633
NODE_20_length_107404_cov_11.794224_37 -           1318 543at72274           -           1001         0 1688.5   6.8   2   3  1.6e-201  3.3e-199  662.3   4.1   519   885   696  1108   688  1124 0.92 # 41188 # 45141 # -1 # ID=20_37;partial=00;start_type=ATG;rbs_motif=GGAG/GAGG;rbs_spacer=5-10bp;gc_cont=0.633
NODE_20_length_107404_cov_11.794224_37 -           1318 543at72274           -           1001         0 1688.5   6.8   3   3   9.6e-31     2e-28   97.0   0.1   886  1001  1166  1316  1155  1316 0.77 # 41188 # 45141 # -1 # ID=20_37;partial=00;start_type=ATG;rbs_motif=GGAG/GAGG;rbs_spacer=5-10bp;gc_cont=0.633
NODE_99_length_9802_cov_11.623049_5    -            478 543at72274           -           1001   8.3e-51  171.1   2.7   1   2   1.8e-09   3.7e-07   26.6   0.1   516   581    55   125    37   128 0.90 # 3307 # 4740 # 1 # ID=99_5;partial=00;start_type=ATG;rbs_motif=GGAG/GAGG;rbs_spacer=5-10bp;gc_cont=0.639
NODE_99_length_9802_cov_11.623049_5    -            478 543at72274           -           1001   8.3e-51  171.1   2.7   2   2   4.2e-45   8.9e-43  144.5   0.5   574   870   138   456   133   472 0.83 # 3307 # 4740 # 1 # ID=99_5;partial=00;start_type=ATG;rbs_motif=GGAG/GAGG;rbs_spacer=5-10bp;gc_cont=0.639
NODE_40_length_70224_cov_11.895987_12  -            482 543at72274           -           1001   3.6e-50  168.9   2.1   1   1   6.6e-51   1.4e-48  163.7   2.1   509   874    49   464    18   477 0.77 # 11772 # 13217 # -1 # ID=40_12;partial=00;start_type=GTG;rbs_motif=AGGAG;rbs_spacer=5-10bp;gc_cont=0.629
NODE_23_length_102919_cov_11.261937_16 -            489 543at72274           -           1001   6.8e-49  164.7   0.7   1   1     1e-50   2.1e-48  163.1   0.7   572   868   131   451    32   460 0.79 # 16954 # 18420 # 1 # ID=23_16;partial=00;start_type=ATG;rbs_motif=GGAG/GAGG;rbs_spacer=5-10bp;gc_cont=0.634
NODE_47_length_61454_cov_11.422440_6   -            475 543at72274           -           1001   7.6e-48  161.3   2.4   1   2   7.6e-08   1.6e-05   21.2   0.2   506   581    44   124    22   128 0.85 # 6976 # 8400 # -1 # ID=47_6;partial=00;start_type=ATG;rbs_motif=None;rbs_spacer=None;gc_cont=0.639
NODE_47_length_61454_cov_11.422440_6   -            475 543at72274           -           1001   7.6e-48  161.3   2.4   2   2   9.5e-44     2e-41  140.0   0.1   574   849   137   435   134   461 0.87 # 6976 # 8400 # -1 # ID=47_6;partial=00;start_type=ATG;rbs_motif=None;rbs_spacer=None;gc_cont=0.639
NODE_61_length_41681_cov_11.364345_7   -            481 543at72274           -           1001   1.2e-47  160.7   2.5   1   2   1.7e-06   0.00035   16.7   0.1   517   581    62   131    46   133 0.88 # 8137 # 9579 # 1 # ID=61_7;partial=00;start_type=ATG;rbs_motif=AGGA;rbs_spacer=5-10bp;gc_cont=0.611
NODE_61_length_41681_cov_11.364345_7   -            481 543at72274           -           1001   1.2e-47  160.7   2.5   2   2   6.1e-45   1.3e-42  144.0   0.3   573   870   143   460   140   474 0.83 # 8137 # 9579 # 1 # ID=61_7;partial=00;start_type=ATG;rbs_motif=AGGA;rbs_spacer=5-10bp;gc_cont=0.611
NODE_7_length_150369_cov_11.860239_96  -            475 543at72274           -           1001   1.7e-45  153.5   0.0   1   1   1.5e-46   3.1e-44  149.3   0.0   513   869    49   453    34   459 0.80 # 107970 # 109394 # 1 # ID=7_96;partial=00;start_type=ATG;rbs_motif=GGAG/GAGG;rbs_spacer=5-10bp;gc_cont=0.633
NODE_88_length_17388_cov_12.191588_17  -            497 543at72274           -           1001   3.1e-45  152.6   5.1   1   2      0.31        65   -0.7   0.0   517   580    70   139    57   146 0.75 # 15681 # 17171 # 1 # ID=88_17;partial=00;start_type=ATG;rbs_motif=GGA/GAG/AGG;rbs_spacer=5-10bp;gc_cont=0.624
NODE_88_length_17388_cov_12.191588_17  -            497 543at72274           -           1001   3.1e-45  152.6   5.1   2   2   2.3e-47   4.8e-45  152.0   3.5   567   873   151   479   148   488 0.86 # 15681 # 17171 # 1 # ID=88_17;partial=00;start_type=ATG;rbs_motif=GGA/GAG/AGG;rbs_spacer=5-10bp;gc_cont=0.624
NODE_24_length_102382_cov_11.954261_47 -            497 543at72274           -           1001   7.2e-45  151.4   0.1   1   1   4.3e-46   9.1e-44  147.8   0.1   489   885    25   478    14   494 0.76 # 54405 # 55895 # 1 # ID=24_47;partial=00;start_type=ATG;rbs_motif=AGGAG;rbs_spacer=5-10bp;gc_cont=0.631
NODE_15_length_113078_cov_11.607042_99 -            496 543at72274           -           1001   4.7e-43  145.4   0.4   1   2     4e-07   8.4e-05   18.8   0.0   516   582    68   140    49   149 0.84 # 102239 # 103726 # -1 # ID=15_99;partial=00;start_type=ATG;rbs_motif=AGGA;rbs_spacer=5-10bp;gc_cont=0.637
NODE_15_length_113078_cov_11.607042_99 -            496 543at72274           -           1001   4.7e-43  145.4   0.4   2   2   3.6e-39   7.6e-37  124.9   0.1   567   875   150   480   145   490 0.84 # 102239 # 103726 # -1 # ID=15_99;partial=00;start_type=ATG;rbs_motif=AGGA;rbs_spacer=5-10bp;gc_cont=0.637
NODE_83_length_22268_cov_11.724041_21  -            498 543at72274           -           1001   1.3e-42  143.9   0.5   1   1   2.1e-44   4.5e-42  142.2   0.5   573   869   154   476    67   484 0.84 # 17862 # 19355 # 1 # ID=83_21;partial=00;start_type=ATG;rbs_motif=AGGAG;rbs_spacer=5-10bp;gc_cont=0.635
NODE_54_length_48637_cov_11.774974_40  -            501 543at72274           -           1001   8.3e-41  138.0   1.6   1   1   1.2e-41   2.4e-39  133.1   1.6   517   831    58   419    45   490 0.82 # 40080 # 41582 # -1 # ID=54_40;partial=00;start_type=ATG;rbs_motif=GGAG/GAGG;rbs_spacer=5-10bp;gc_cont=0.623
NODE_7_length_150369_cov_11.860239_91  -            486 543at72274           -           1001   9.5e-41  137.8   0.0   1   2   0.00015     0.032   10.2   0.0   507   579    50   128    31   131 0.84 # 102166 # 103623 # 1 # ID=7_91;partial=00;start_type=ATG;rbs_motif=GGA/GAG/AGG;rbs_spacer=5-10bp;gc_cont=0.641
NODE_7_length_150369_cov_11.860239_91  -            486 543at72274           -           1001   9.5e-41  137.8   0.0   2   2   2.2e-39   4.7e-37  125.6   0.0   570   869   139   460   132   468 0.82 # 102166 # 103623 # 1 # ID=7_91;partial=00;start_type=ATG;rbs_motif=GGA/GAG/AGG;rbs_spacer=5-10bp;gc_cont=0.641
NODE_90_length_16359_cov_11.647117_18  -            492 543at72274           -           1001   1.2e-40  137.5   0.0   1   2     0.013       2.8    3.8   0.1   511   540    47    77    35   119 0.73 # 13417 # 14892 # 1 # ID=90_18;partial=00;start_type=ATG;rbs_motif=GGAG/GAGG;rbs_spacer=5-10bp;gc_cont=0.628
NODE_90_length_16359_cov_11.647117_18  -            492 543at72274           -           1001   1.2e-40  137.5   0.0   2   2   1.1e-39   2.3e-37  126.6   0.0   572   874   138   467   132   485 0.83 # 13417 # 14892 # 1 # ID=90_18;partial=00;start_type=ATG;rbs_motif=GGAG/GAGG;rbs_spacer=5-10bp;gc_cont=0.628
NODE_5_length_163274_cov_11.816932_93  -            497 543at72274           -           1001   1.2e-39  134.1   0.1   1   1     2e-41   4.3e-39  132.3   0.1   570   869   149   474    55   478 0.79 # 88699 # 90189 # 1 # ID=5_93;partial=00;start_type=GTG;rbs_motif=GGAG/GAGG;rbs_spacer=5-10bp;gc_cont=0.618
NODE_59_length_42079_cov_11.631889_35  -            472 543at72274           -           1001   1.8e-39  133.5   1.5   1   1   2.1e-41   4.5e-39  132.2   1.5   547   873   105   456    73   463 0.81 # 39530 # 40945 # -1 # ID=59_35;partial=00;start_type=ATG;rbs_motif=GGAGG;rbs_spacer=3-4bp;gc_cont=0.581
NODE_30_length_94682_cov_11.138521_88  -            481 543at72274           -           1001   4.9e-39  132.1   0.8   1   2   0.00039     0.083    8.9   0.0   510   573    46   116    31   124 0.79 # 83843 # 85285 # -1 # ID=30_88;partial=00;start_type=ATG;rbs_motif=AGGAG;rbs_spacer=5-10bp;gc_cont=0.641
NODE_30_length_94682_cov_11.138521_88  -            481 543at72274           -           1001   4.9e-39  132.1   0.8   2   2   3.9e-38   8.2e-36  121.4   0.2   569   851   135   443   127   464 0.82 # 83843 # 85285 # -1 # ID=30_88;partial=00;start_type=ATG;rbs_motif=AGGAG;rbs_spacer=5-10bp;gc_cont=0.641
NODE_96_length_10887_cov_10.414498_5   -            478 543at72274           -           1001   5.4e-39  132.0   5.2   1   1   6.2e-39   1.3e-36  124.1   5.2   514   878    53   464    38   476 0.78 # 3339 # 4772 # -1 # ID=96_5;partial=00;start_type=ATG;rbs_motif=AGGAG;rbs_spacer=5-10bp;gc_cont=0.631
NODE_31_length_94329_cov_11.803284_39  -            491 543at72274           -           1001   3.2e-37  126.1   0.4   1   1   2.8e-38   5.8e-36  121.9   0.4   515   873    56   466    39   483 0.81 # 43651 # 45123 # -1 # ID=31_39;partial=00;start_type=ATG;rbs_motif=GGAG/GAGG;rbs_spacer=5-10bp;gc_cont=0.620
NODE_17_length_110024_cov_11.158876_98 -            498 543at72274           -           1001   1.9e-36  123.5   1.2   1   1   2.8e-37   5.8e-35  118.6   1.2   514   847    51   437    36   485 0.79 # 108315 # 109808 # 1 # ID=17_98;partial=00;start_type=ATG;rbs_motif=AGGAG;rbs_spacer=5-10bp;gc_cont=0.596
NODE_59_length_42079_cov_11.631889_30  -            485 543at72274           -           1001   4.7e-36  122.2   3.9   1   1   7.6e-37   1.6e-34  117.2   3.9   568   873   134   466    21   478 0.76 # 33586 # 35040 # 1 # ID=59_30;partial=00;start_type=ATG;rbs_motif=AGGAG;rbs_spacer=5-10bp;gc_cont=0.641
NODE_8_length_136322_cov_13.267910_104 -            506 543at72274           -           1001   3.3e-35  119.4   4.1   1   1   1.1e-36   2.3e-34  116.6   4.1   572   837   143   429    48   459 0.77 # 121709 # 123226 # -1 # ID=8_104;partial=00;start_type=ATG;rbs_motif=GGAG/GAGG;rbs_spacer=5-10bp;gc_cont=0.622
NODE_29_length_96877_cov_11.324072_18  -            507 543at72274           -           1001   3.1e-32  109.6   0.6   1   1   3.3e-32   6.9e-30  101.8   0.6   512   848    65   458    53   481 0.71 # 18421 # 19941 # -1 # ID=29_18;partial=00;start_type=ATG;rbs_motif=AGGAG;rbs_spacer=5-10bp;gc_cont=0.617
NODE_45_length_65058_cov_11.003096_49  -            487 543at72274           -           1001   3.6e-32  109.4   0.7   1   2     0.077        16    1.3   0.0   509   539    43    73    29    91 0.78 # 50884 # 52344 # 1 # ID=45_49;partial=00;start_type=ATG;rbs_motif=GGAG/GAGG;rbs_spacer=5-10bp;gc_cont=0.624
NODE_45_length_65058_cov_11.003096_49  -            487 543at72274           -           1001   3.6e-32  109.4   0.7   2   2   2.7e-32   5.6e-30  102.1   0.2   574   879   133   463   126   478 0.80 # 50884 # 52344 # 1 # ID=45_49;partial=00;start_type=ATG;rbs_motif=GGAG/GAGG;rbs_spacer=5-10bp;gc_cont=0.624
NODE_43_length_65404_cov_11.446038_53  -            476 543at72274           -           1001   3.2e-26   89.7   0.0   1   1     2e-28   4.1e-26   89.3   0.0   565   877   107   436    63   464 0.81 # 47846 # 49273 # 1 # ID=43_53;partial=00;start_type=ATG;rbs_motif=GGA/GAG/AGG;rbs_spacer=5-10bp;gc_cont=0.625
NODE_60_length_41929_cov_11.350318_24  -            464 543at72274           -           1001     4e-24   82.7   4.6   1   1   1.2e-25   2.6e-23   80.1   4.6   520   869    47   441    33   446 0.77 # 30865 # 32256 # 1 # ID=60_24;partial=00;start_type=ATG;rbs_motif=AGGA;rbs_spacer=5-10bp;gc_cont=0.649
NODE_22_length_103667_cov_11.719026_46 -            542 543at72274           -           1001   2.6e-23   80.0   0.0   1   2       1.3   2.7e+02   -2.7   0.0   529   566   108   146    91   155 0.76 # 51832 # 53457 # -1 # ID=22_46;partial=00;start_type=ATG;rbs_motif=GGA/GAG/AGG;rbs_spacer=5-10bp;gc_cont=0.628
NODE_22_length_103667_cov_11.719026_46 -            542 543at72274           -           1001   2.6e-23   80.0   0.0   2   2   3.4e-25   7.1e-23   78.6   0.0   574   831   175   450   169   495 0.78 # 51832 # 53457 # -1 # ID=22_46;partial=00;start_type=ATG;rbs_motif=GGA/GAG/AGG;rbs_spacer=5-10bp;gc_cont=0.628
NODE_103_length_7518_cov_11.023813_8   -            485 543at72274           -           1001   1.4e-18   64.3   0.0   1   1   9.1e-21   1.9e-18   64.0   0.0   578   773   151   357   139   418 0.86 # 6064 # 7518 # 1 # ID=103_8;partial=01;start_type=ATG;rbs_motif=GGAGG;rbs_spacer=5-10bp;gc_cont=0.666
NODE_15_length_113078_cov_11.607042_15 -            524 543at72274           -           1001     5e-14   49.3   2.6   1   1   3.3e-16   6.9e-14   48.9   2.6   572   728   144   315   139   418 0.82 # 16277 # 17848 # -1 # ID=15_15;partial=00;start_type=ATG;rbs_motif=AGGA;rbs_spacer=5-10bp;gc_cont=0.645
NODE_32_length_89830_cov_11.382685_16  -            527 543at72274           -           1001   2.7e-11   40.3   3.1   1   2       2.3   4.9e+02   -3.6   0.0   518   541    58    81    40    93 0.70 # 24500 # 26080 # -1 # ID=32_16;partial=00;start_type=ATG;rbs_motif=AGGAG;rbs_spacer=5-10bp;gc_cont=0.654
NODE_32_length_89830_cov_11.382685_16  -            527 543at72274           -           1001   2.7e-11   40.3   3.1   2   2   1.3e-13   2.7e-11   40.3   3.1   572   718   145   303   140   409 0.84 # 24500 # 26080 # -1 # ID=32_16;partial=00;start_type=ATG;rbs_motif=AGGAG;rbs_spacer=5-10bp;gc_cont=0.654
#
# Program:         hmmsearch
# Version:         3.1b2 (February 2015)
# Pipeline mode:   SEARCH
# Query file:      /data2/PEG/hoaxaca/REAA/Pseudomonas/bin/busco_downloads/lineages/pseudomonadales_odb10/hmms/543at72274.hmm
# Target file:     /data2/PEG/hoaxaca/REAA/Pseudomonas/bin/../out/busco/trim_def.spades_kmer/prodigal_output/predicted_genes/predicted.faa
# Option settings: hmmsearch --domtblout /data2/PEG/hoaxaca/REAA/Pseudomonas/bin/../out/busco/trim_def.spades_kmer/run_pseudomonadales_odb10/hmmer_output/543at72274.out --cpu 1 /data2/PEG/hoaxaca/REAA/Pseudomonas/bin/busco_downloads/lineages/pseudomonadales_odb10/hmms/543at72274.hmm /data2/PEG/hoaxaca/REAA/Pseudomonas/bin/../out/busco/trim_def.spades_kmer/prodigal_output/predicted_genes/predicted.faa 
# Current dir:     /data2/PEG/hoaxaca/REAA/Pseudomonas/bin
# Date:            Mon Feb 20 00:40:01 2023
# [ok]
