#                                                                                              --- full sequence --- -------------- this domain -------------   hmm coord   ali coord   env coord
# target name                          accession   tlen query name           accession   qlen   E-value  score  bias   #  of  c-Evalue  i-Evalue  score  bias  from    to  from    to  from    to  acc description of target
#                  ------------------- ---------- ----- -------------------- ---------- ----- --------- ------ ----- --- --- --------- --------- ------ ----- ----- ----- ----- ----- ----- ----- ---- ---------------------
NODE_11_length_127457_cov_11.778520_66 -            138 56209at72274         -            137   5.2e-66  219.1   0.2   1   1   7.3e-69   5.7e-66  219.0   0.2     1   137     1   137     1   137 1.00 # 74880 # 75293 # -1 # ID=11_66;partial=00;start_type=ATG;rbs_motif=GGA/GAG/AGG;rbs_spacer=5-10bp;gc_cont=0.606
NODE_56_length_43131_cov_11.229211_4   -            527 56209at72274         -            137   3.4e-31  106.3   0.0   1   4   3.3e-11   2.6e-08   32.2   0.0    44   131    13   101     3   105 0.84 # 2887 # 4467 # 1 # ID=56_4;partial=00;start_type=ATG;rbs_motif=GGA/GAG/AGG;rbs_spacer=5-10bp;gc_cont=0.654
NODE_56_length_43131_cov_11.229211_4   -            527 56209at72274         -            137   3.4e-31  106.3   0.0   2   4     6e-08   4.7e-05   21.7   0.0    29   129   120   223   118   229 0.85 # 2887 # 4467 # 1 # ID=56_4;partial=00;start_type=ATG;rbs_motif=GGA/GAG/AGG;rbs_spacer=5-10bp;gc_cont=0.654
NODE_56_length_43131_cov_11.229211_4   -            527 56209at72274         -            137   3.4e-31  106.3   0.0   3   4   2.1e-10   1.7e-07   29.6   0.0    51   122   279   350   261   351 0.94 # 2887 # 4467 # 1 # ID=56_4;partial=00;start_type=ATG;rbs_motif=GGA/GAG/AGG;rbs_spacer=5-10bp;gc_cont=0.654
NODE_56_length_43131_cov_11.229211_4   -            527 56209at72274         -            137   3.4e-31  106.3   0.0   4   4   1.3e-06     0.001   17.4   0.0    37   135   375   472   369   474 0.91 # 2887 # 4467 # 1 # ID=56_4;partial=00;start_type=ATG;rbs_motif=GGA/GAG/AGG;rbs_spacer=5-10bp;gc_cont=0.654
NODE_35_length_79420_cov_11.636059_23  -            904 56209at72274         -            137   1.2e-29  101.4   0.0   1   4   3.1e-11   2.4e-08   32.3   0.0    37   135     4   105     1   107 0.88 # 37665 # 40376 # -1 # ID=35_23;partial=00;start_type=ATG;rbs_motif=GGA/GAG/AGG;rbs_spacer=5-10bp;gc_cont=0.633
NODE_35_length_79420_cov_11.636059_23  -            904 56209at72274         -            137   1.2e-29  101.4   0.0   2   4   3.4e-07   0.00027   19.2   0.0    49   129   141   223   119   229 0.84 # 37665 # 40376 # -1 # ID=35_23;partial=00;start_type=ATG;rbs_motif=GGA/GAG/AGG;rbs_spacer=5-10bp;gc_cont=0.633
NODE_35_length_79420_cov_11.636059_23  -            904 56209at72274         -            137   1.2e-29  101.4   0.0   3   4   2.1e-09   1.6e-06   26.4   0.0    53   127   281   355   274   360 0.95 # 37665 # 40376 # -1 # ID=35_23;partial=00;start_type=ATG;rbs_motif=GGA/GAG/AGG;rbs_spacer=5-10bp;gc_cont=0.633
NODE_35_length_79420_cov_11.636059_23  -            904 56209at72274         -            137   1.2e-29  101.4   0.0   4   4   1.5e-06    0.0012   17.1   0.0    38   136   373   460   371   461 0.86 # 37665 # 40376 # -1 # ID=35_23;partial=00;start_type=ATG;rbs_motif=GGA/GAG/AGG;rbs_spacer=5-10bp;gc_cont=0.633
NODE_39_length_76270_cov_12.057772_59  -            110 56209at72274         -            137   6.1e-14   50.5   0.0   1   1   9.1e-17   7.2e-14   50.2   0.0    44   130    12    97     3   100 0.90 # 68893 # 69222 # -1 # ID=39_59;partial=00;start_type=ATG;rbs_motif=AGGAG;rbs_spacer=5-10bp;gc_cont=0.612
NODE_50_length_52615_cov_11.250324_25  -            620 56209at72274         -            137   4.4e-09   34.7   0.0   1   1   1.1e-11   8.8e-09   33.8   0.0    36   131   515   611   510   618 0.87 # 29287 # 31146 # -1 # ID=50_25;partial=00;start_type=ATG;rbs_motif=None;rbs_spacer=None;gc_cont=0.616
NODE_24_length_102382_cov_11.954261_4  -            272 56209at72274         -            137   8.2e-06   24.1   0.0   1   3    0.0011      0.83    7.9   0.0    44    74    17    47    10    54 0.81 # 4168 # 4983 # -1 # ID=24_4;partial=00;start_type=ATG;rbs_motif=AGGAG;rbs_spacer=5-10bp;gc_cont=0.648
NODE_24_length_102382_cov_11.954261_4  -            272 56209at72274         -            137   8.2e-06   24.1   0.0   2   3   0.00017      0.13   10.5   0.0    78   135    68   127    63   129 0.85 # 4168 # 4983 # -1 # ID=24_4;partial=00;start_type=ATG;rbs_motif=AGGAG;rbs_spacer=5-10bp;gc_cont=0.648
NODE_24_length_102382_cov_11.954261_4  -            272 56209at72274         -            137   8.2e-06   24.1   0.0   3   3     0.089        70    1.7   0.0    66    96   185   215   181   261 0.71 # 4168 # 4983 # -1 # ID=24_4;partial=00;start_type=ATG;rbs_motif=AGGAG;rbs_spacer=5-10bp;gc_cont=0.648
NODE_70_length_34415_cov_11.462378_8   -            315 56209at72274         -            137   3.1e-05   22.3   0.0   1   1   6.2e-08   4.9e-05   21.6   0.0    31   128   107   209    96   214 0.86 # 8269 # 9213 # 1 # ID=70_8;partial=00;start_type=ATG;rbs_motif=GGAG/GAGG;rbs_spacer=5-10bp;gc_cont=0.575
NODE_43_length_65404_cov_11.446038_51  -            285 56209at72274         -            137   0.00061   18.1   0.0   1   3      0.19   1.5e+02    0.6   0.0    38    72     7    49     4    58 0.61 # 46133 # 46987 # -1 # ID=43_51;partial=00;start_type=ATG;rbs_motif=AGGAG;rbs_spacer=5-10bp;gc_cont=0.650
NODE_43_length_65404_cov_11.446038_51  -            285 56209at72274         -            137   0.00061   18.1   0.0   2   3    0.0045       3.5    5.9   0.0   118   135   119   136    86   138 0.82 # 46133 # 46987 # -1 # ID=43_51;partial=00;start_type=ATG;rbs_motif=AGGAG;rbs_spacer=5-10bp;gc_cont=0.650
NODE_43_length_65404_cov_11.446038_51  -            285 56209at72274         -            137   0.00061   18.1   0.0   3   3    0.0014       1.1    7.5   0.0    65   128   207   272   197   276 0.83 # 46133 # 46987 # -1 # ID=43_51;partial=00;start_type=ATG;rbs_motif=AGGAG;rbs_spacer=5-10bp;gc_cont=0.650
#
# Program:         hmmsearch
# Version:         3.1b2 (February 2015)
# Pipeline mode:   SEARCH
# Query file:      /data2/PEG/hoaxaca/REAA/Pseudomonas/bin/busco_downloads/lineages/pseudomonadales_odb10/hmms/56209at72274.hmm
# Target file:     /data2/PEG/hoaxaca/REAA/Pseudomonas/bin/../out/busco/trim_def.spades_kmer/prodigal_output/predicted_genes/predicted.faa
# Option settings: hmmsearch --domtblout /data2/PEG/hoaxaca/REAA/Pseudomonas/bin/../out/busco/trim_def.spades_kmer/run_pseudomonadales_odb10/hmmer_output/56209at72274.out --cpu 1 /data2/PEG/hoaxaca/REAA/Pseudomonas/bin/busco_downloads/lineages/pseudomonadales_odb10/hmms/56209at72274.hmm /data2/PEG/hoaxaca/REAA/Pseudomonas/bin/../out/busco/trim_def.spades_kmer/prodigal_output/predicted_genes/predicted.faa 
# Current dir:     /data2/PEG/hoaxaca/REAA/Pseudomonas/bin
# Date:            Mon Feb 20 00:40:02 2023
# [ok]
