#                                                                                              --- full sequence --- -------------- this domain -------------   hmm coord   ali coord   env coord
# target name                          accession   tlen query name           accession   qlen   E-value  score  bias   #  of  c-Evalue  i-Evalue  score  bias  from    to  from    to  from    to  acc description of target
#                  ------------------- ---------- ----- -------------------- ---------- ----- --------- ------ ----- --- --- --------- --------- ------ ----- ----- ----- ----- ----- ----- ----- ---- ---------------------
NODE_71_length_33769_cov_11.503210_17  -            198 56907at72274         -            157   2.7e-79  262.7   0.2   1   1   5.9e-82   5.3e-79  261.8   0.2     1   157     1   190     1   190 0.89 # 18739 # 19332 # 1 # ID=71_17;partial=00;start_type=ATG;rbs_motif=AGGA/GGAG/GAGG;rbs_spacer=11-12bp;gc_cont=0.609
NODE_25_length_101630_cov_11.421879_8  -            198 56907at72274         -            157   1.8e-50  169.1   0.0   1   1   1.4e-52   1.3e-49  166.3   0.0     2   157     3   188     2   188 0.86 # 6236 # 6829 # -1 # ID=25_8;partial=00;start_type=ATG;rbs_motif=AGGAG;rbs_spacer=5-10bp;gc_cont=0.534
NODE_48_length_61080_cov_11.397749_33  -            638 56907at72274         -            157   6.7e-08   30.7   0.0   1   1   8.6e-10   7.8e-07   27.3   0.0     2   156   438   618   437   619 0.64 # 35209 # 37122 # 1 # ID=48_33;partial=00;start_type=ATG;rbs_motif=GGAG/GAGG;rbs_spacer=5-10bp;gc_cont=0.627
NODE_8_length_136322_cov_13.267910_51  -            379 56907at72274         -            157   7.6e-08   30.6   0.0   1   1   1.3e-10   1.2e-07   29.9   0.0    12    92   202   293   193   353 0.80 # 59077 # 60213 # -1 # ID=8_51;partial=00;start_type=TTG;rbs_motif=GGAGG;rbs_spacer=5-10bp;gc_cont=0.599
NODE_16_length_111127_cov_12.288640_89 -            526 56907at72274         -            157   4.4e-07   28.1   0.0   1   2   6.5e-06    0.0058   14.7   0.0    33    83    48   101    10   120 0.84 # 87869 # 89446 # 1 # ID=16_89;partial=00;start_type=ATG;rbs_motif=GGA/GAG/AGG;rbs_spacer=5-10bp;gc_cont=0.617
NODE_16_length_111127_cov_12.288640_89 -            526 56907at72274         -            157   4.4e-07   28.1   0.0   2   2   8.2e-05     0.074   11.1   0.0   107   157   147   198   128   198 0.84 # 87869 # 89446 # 1 # ID=16_89;partial=00;start_type=ATG;rbs_motif=GGA/GAG/AGG;rbs_spacer=5-10bp;gc_cont=0.617
NODE_4_length_179944_cov_11.656412_127 -            260 56907at72274         -            157   0.00037   18.6   0.1   1   2   5.5e-06     0.005   14.9   0.0    58    86   103   131    86   161 0.83 # 129455 # 130234 # 1 # ID=4_127;partial=00;start_type=ATG;rbs_motif=None;rbs_spacer=None;gc_cont=0.600
NODE_4_length_179944_cov_11.656412_127 -            260 56907at72274         -            157   0.00037   18.6   0.1   2   2     0.094        84    1.2   0.0   136   152   217   233   206   240 0.78 # 129455 # 130234 # 1 # ID=4_127;partial=00;start_type=ATG;rbs_motif=None;rbs_spacer=None;gc_cont=0.600
NODE_11_length_127457_cov_11.778520_76 -            213 56907at72274         -            157     0.033   12.2   0.1   1   2    0.0083       7.5    4.6   0.0    57    74    70    87    23    99 0.88 # 84504 # 85142 # -1 # ID=11_76;partial=00;start_type=ATG;rbs_motif=GGA/GAG/AGG;rbs_spacer=5-10bp;gc_cont=0.635
NODE_11_length_127457_cov_11.778520_76 -            213 56907at72274         -            157     0.033   12.2   0.1   2   2    0.0037       3.4    5.7   0.1   136   156   186   205   182   206 0.87 # 84504 # 85142 # -1 # ID=11_76;partial=00;start_type=ATG;rbs_motif=GGA/GAG/AGG;rbs_spacer=5-10bp;gc_cont=0.635
#
# Program:         hmmsearch
# Version:         3.1b2 (February 2015)
# Pipeline mode:   SEARCH
# Query file:      /data2/PEG/hoaxaca/REAA/Pseudomonas/bin/busco_downloads/lineages/pseudomonadales_odb10/hmms/56907at72274.hmm
# Target file:     /data2/PEG/hoaxaca/REAA/Pseudomonas/bin/../out/busco/trim_def.spades_kmer/prodigal_output/predicted_genes/predicted.faa
# Option settings: hmmsearch --domtblout /data2/PEG/hoaxaca/REAA/Pseudomonas/bin/../out/busco/trim_def.spades_kmer/run_pseudomonadales_odb10/hmmer_output/56907at72274.out --cpu 1 /data2/PEG/hoaxaca/REAA/Pseudomonas/bin/busco_downloads/lineages/pseudomonadales_odb10/hmms/56907at72274.hmm /data2/PEG/hoaxaca/REAA/Pseudomonas/bin/../out/busco/trim_def.spades_kmer/prodigal_output/predicted_genes/predicted.faa 
# Current dir:     /data2/PEG/hoaxaca/REAA/Pseudomonas/bin
# Date:            Mon Feb 20 00:40:03 2023
# [ok]
