#                                                                                              --- full sequence --- -------------- this domain -------------   hmm coord   ali coord   env coord
# target name                          accession   tlen query name           accession   qlen   E-value  score  bias   #  of  c-Evalue  i-Evalue  score  bias  from    to  from    to  from    to  acc description of target
#                  ------------------- ---------- ----- -------------------- ---------- ----- --------- ------ ----- --- --- --------- --------- ------ ----- ----- ----- ----- ----- ----- ----- ---- ---------------------
NODE_95_length_12661_cov_12.076671_10  -            164 59210at72274         -            151   2.3e-70  233.7   0.1   1   1   3.3e-73   2.6e-70  233.5   0.1    10   151     1   155     1   155 0.96 # 9780 # 10271 # 1 # ID=95_10;partial=00;start_type=ATG;rbs_motif=None;rbs_spacer=None;gc_cont=0.628
NODE_2_length_235110_cov_12.031228_19  -            319 59210at72274         -            151     0.016   13.5   0.0   1   2   0.00065      0.51    8.6   0.0     5    30    50    75    46    98 0.81 # 20607 # 21563 # 1 # ID=2_19;partial=00;start_type=ATG;rbs_motif=GGxGG;rbs_spacer=5-10bp;gc_cont=0.627
NODE_2_length_235110_cov_12.031228_19  -            319 59210at72274         -            151     0.016   13.5   0.0   2   2     0.043        34    2.7   0.0    78   108   160   190   132   220 0.75 # 20607 # 21563 # 1 # ID=2_19;partial=00;start_type=ATG;rbs_motif=GGxGG;rbs_spacer=5-10bp;gc_cont=0.627
NODE_11_length_127457_cov_11.778520_5  -            446 59210at72274         -            151     0.017   13.4   0.0   1   1   4.5e-05     0.036   12.4   0.0     2    24    50    72    49   103 0.91 # 5280 # 6617 # 1 # ID=11_5;partial=00;start_type=ATG;rbs_motif=AGGA/GGAG/GAGG;rbs_spacer=11-12bp;gc_cont=0.602
NODE_4_length_179944_cov_11.656412_53  -            637 59210at72274         -            151     0.023   13.0   0.4   1   2     0.015        12    4.2   0.0     6    30    32    56    28    62 0.89 # 50943 # 52853 # 1 # ID=4_53;partial=00;start_type=ATG;rbs_motif=None;rbs_spacer=None;gc_cont=0.641
NODE_4_length_179944_cov_11.656412_53  -            637 59210at72274         -            151     0.023   13.0   0.4   2   2     0.003       2.4    6.4   0.1     4    25   341   362   339   368 0.88 # 50943 # 52853 # 1 # ID=4_53;partial=00;start_type=ATG;rbs_motif=None;rbs_spacer=None;gc_cont=0.641
NODE_37_length_78648_cov_11.643229_2   -            343 59210at72274         -            151     0.031   12.6   0.0   1   2    0.0001      0.08   11.2   0.0     5    30    33    58    30   130 0.89 # 760 # 1788 # 1 # ID=37_2;partial=00;start_type=ATG;rbs_motif=None;rbs_spacer=None;gc_cont=0.678
NODE_37_length_78648_cov_11.643229_2   -            343 59210at72274         -            151     0.031   12.6   0.0   2   2       1.8   1.4e+03   -2.6   0.0    64    98   278   312   267   323 0.68 # 760 # 1788 # 1 # ID=37_2;partial=00;start_type=ATG;rbs_motif=None;rbs_spacer=None;gc_cont=0.678
NODE_80_length_23063_cov_11.281610_3   -            807 59210at72274         -            151     0.044   12.1   0.0   1   1   0.00015      0.12   10.6   0.0     4    25   388   409   386   413 0.92 # 2820 # 5240 # 1 # ID=80_3;partial=00;start_type=ATG;rbs_motif=GGA/GAG/AGG;rbs_spacer=5-10bp;gc_cont=0.613
NODE_19_length_107430_cov_11.706290_82 -            522 59210at72274         -            151     0.045   12.0   0.1   1   2      0.37   2.9e+02   -0.3   0.0     6    22    24    40    20    46 0.85 # 105063 # 106628 # 1 # ID=19_82;partial=00;start_type=ATG;rbs_motif=None;rbs_spacer=None;gc_cont=0.595
NODE_19_length_107430_cov_11.706290_82 -            522 59210at72274         -            151     0.045   12.0   0.1   2   2   0.00043      0.34    9.2   0.0     3    29   339   365   337   380 0.88 # 105063 # 106628 # 1 # ID=19_82;partial=00;start_type=ATG;rbs_motif=None;rbs_spacer=None;gc_cont=0.595
NODE_15_length_113078_cov_11.607042_25 -            352 59210at72274         -            151     0.058   11.7   0.0   1   1   0.00014      0.11   10.8   0.0     5    30    33    58    30    64 0.90 # 26618 # 27673 # -1 # ID=15_25;partial=00;start_type=ATG;rbs_motif=None;rbs_spacer=None;gc_cont=0.628
#
# Program:         hmmsearch
# Version:         3.1b2 (February 2015)
# Pipeline mode:   SEARCH
# Query file:      /data2/PEG/hoaxaca/REAA/Pseudomonas/bin/busco_downloads/lineages/pseudomonadales_odb10/hmms/59210at72274.hmm
# Target file:     /data2/PEG/hoaxaca/REAA/Pseudomonas/bin/../out/busco/trim_def.spades_kmer/prodigal_output/predicted_genes/predicted.faa
# Option settings: hmmsearch --domtblout /data2/PEG/hoaxaca/REAA/Pseudomonas/bin/../out/busco/trim_def.spades_kmer/run_pseudomonadales_odb10/hmmer_output/59210at72274.out --cpu 1 /data2/PEG/hoaxaca/REAA/Pseudomonas/bin/busco_downloads/lineages/pseudomonadales_odb10/hmms/59210at72274.hmm /data2/PEG/hoaxaca/REAA/Pseudomonas/bin/../out/busco/trim_def.spades_kmer/prodigal_output/predicted_genes/predicted.faa 
# Current dir:     /data2/PEG/hoaxaca/REAA/Pseudomonas/bin
# Date:            Mon Feb 20 00:40:04 2023
# [ok]
