#                                                                                               --- full sequence --- -------------- this domain -------------   hmm coord   ali coord   env coord
# target name                           accession   tlen query name           accession   qlen   E-value  score  bias   #  of  c-Evalue  i-Evalue  score  bias  from    to  from    to  from    to  acc description of target
#                   ------------------- ---------- ----- -------------------- ---------- ----- --------- ------ ----- --- --- --------- --------- ------ ----- ----- ----- ----- ----- ----- ----- ---- ---------------------
NODE_43_length_65404_cov_11.446038_18   -            136 59632at72274         -            104   2.7e-55  183.5   0.3   1   1   4.7e-57   3.2e-55  183.2   0.3     1   104     8   121     8   121 0.94 # 17808 # 18215 # -1 # ID=43_18;partial=00;start_type=ATG;rbs_motif=GGA/GAG/AGG;rbs_spacer=5-10bp;gc_cont=0.527
NODE_43_length_65404_cov_11.446038_14   -           1947 59632at72274         -            104     5e-18   63.7   0.3   1   1   1.4e-19   9.4e-18   62.9   0.3     2   104  1826  1938  1825  1938 0.90 # 8784 # 14624 # -1 # ID=43_14;partial=00;start_type=ATG;rbs_motif=GGAG/GAGG;rbs_spacer=5-10bp;gc_cont=0.638
NODE_44_length_65388_cov_12.121420_68   -            228 59632at72274         -            104   1.5e-17   62.2   0.1   1   1   7.9e-19   5.4e-17   60.4   0.0     2   101     2   110     1   113 0.80 # 61370 # 62053 # 1 # ID=44_68;partial=00;start_type=ATG;rbs_motif=GGAG/GAGG;rbs_spacer=5-10bp;gc_cont=0.599
NODE_43_length_65404_cov_11.446038_17   -            122 59632at72274         -            104   1.4e-16   59.1   0.0   1   1   2.3e-18   1.6e-16   58.9   0.0     2   103     3   114     2   115 0.86 # 17395 # 17760 # -1 # ID=43_17;partial=00;start_type=ATG;rbs_motif=GGA/GAG/AGG;rbs_spacer=5-10bp;gc_cont=0.593
NODE_15_length_113078_cov_11.607042_34  -            224 59632at72274         -            104   2.6e-16   58.2   0.0   1   1   6.3e-18   4.3e-16   57.5   0.0    20   102    23   109     2   111 0.88 # 35669 # 36340 # -1 # ID=15_34;partial=00;start_type=ATG;rbs_motif=GGA/GAG/AGG;rbs_spacer=5-10bp;gc_cont=0.631
NODE_25_length_101630_cov_11.421879_80  -            237 59632at72274         -            104   2.4e-14   51.9   0.1   1   1   8.5e-16   5.9e-14   50.7   0.0     3   102     7   113     6   115 0.85 # 83037 # 83747 # -1 # ID=25_80;partial=00;start_type=ATG;rbs_motif=GGA/GAG/AGG;rbs_spacer=11-12bp;gc_cont=0.636
NODE_33_length_81661_cov_11.674602_11   -            234 59632at72274         -            104   6.5e-14   50.5   0.0   1   1   1.8e-15   1.2e-13   49.6   0.0    23   101    29   110     4   113 0.86 # 10364 # 11065 # -1 # ID=33_11;partial=00;start_type=ATG;rbs_motif=GGA/GAG/AGG;rbs_spacer=5-10bp;gc_cont=0.645
NODE_7_length_150369_cov_11.860239_84   -            764 59632at72274         -            104     7e-14   50.4   0.1   1   2       9.8   6.8e+02   -0.9   0.0    65    95   551   581   547   585 0.84 # 92934 # 95225 # -1 # ID=7_84;partial=00;start_type=ATG;rbs_motif=GGAG/GAGG;rbs_spacer=5-10bp;gc_cont=0.638
NODE_7_length_150369_cov_11.860239_84   -            764 59632at72274         -            104     7e-14   50.4   0.1   2   2   8.4e-15   5.8e-13   47.5   0.1     2   104   641   754   640   754 0.86 # 92934 # 95225 # -1 # ID=7_84;partial=00;start_type=ATG;rbs_motif=GGAG/GAGG;rbs_spacer=5-10bp;gc_cont=0.638
NODE_5_length_163274_cov_11.816932_158  -           1166 59632at72274         -            104   1.3e-13   49.5   1.3   1   2     0.041       2.9    6.7   0.0    22   102   799   881   775   883 0.75 # 150624 # 154121 # 1 # ID=5_158;partial=00;start_type=ATG;rbs_motif=GGA/GAG/AGG;rbs_spacer=5-10bp;gc_cont=0.601
NODE_5_length_163274_cov_11.816932_158  -           1166 59632at72274         -            104   1.3e-13   49.5   1.3   2   2   8.1e-13   5.6e-11   41.1   0.1     4   102  1044  1153  1041  1155 0.76 # 150624 # 154121 # 1 # ID=5_158;partial=00;start_type=ATG;rbs_motif=GGA/GAG/AGG;rbs_spacer=5-10bp;gc_cont=0.601
NODE_32_length_89830_cov_11.382685_51   -            423 59632at72274         -            104   1.5e-13   49.3   0.0   1   1   3.9e-15   2.7e-13   48.5   0.0     3   100     8   115     6   119 0.90 # 69299 # 70567 # 1 # ID=32_51;partial=00;start_type=ATG;rbs_motif=GGA/GAG/AGG;rbs_spacer=5-10bp;gc_cont=0.599
NODE_9_length_135493_cov_11.866710_26   -            226 59632at72274         -            104   1.6e-13   49.3   0.0   1   1   4.2e-15   2.9e-13   48.4   0.0     2   101     2   108     1   111 0.77 # 33396 # 34073 # -1 # ID=9_26;partial=00;start_type=ATG;rbs_motif=GGA/GAG/AGG;rbs_spacer=11-12bp;gc_cont=0.630
NODE_45_length_65058_cov_11.003096_13   -            247 59632at72274         -            104   2.7e-13   48.6   0.1   1   1   7.4e-15   5.1e-13   47.6   0.1     3   103     7   116     5   117 0.83 # 13448 # 14188 # 1 # ID=45_13;partial=00;start_type=ATG;rbs_motif=GGAG/GAGG;rbs_spacer=5-10bp;gc_cont=0.636
NODE_6_length_154355_cov_11.215791_44   -            227 59632at72274         -            104   3.1e-12   45.1   0.0   1   1   6.4e-14   4.4e-12   44.6   0.0    21   102    24   110     1   112 0.80 # 41052 # 41732 # 1 # ID=6_44;partial=00;start_type=ATG;rbs_motif=GGA/GAG/AGG;rbs_spacer=5-10bp;gc_cont=0.630
NODE_17_length_110024_cov_11.158876_42  -            557 59632at72274         -            104   4.9e-12   44.5   0.1   1   1   1.6e-13   1.1e-11   43.4   0.1     2   103   250   361   249   362 0.88 # 53094 # 54764 # -1 # ID=17_42;partial=00;start_type=ATG;rbs_motif=AGxAG;rbs_spacer=5-10bp;gc_cont=0.625
NODE_16_length_111127_cov_12.288640_22  -            237 59632at72274         -            104   6.2e-12   44.2   0.0   1   1   1.7e-13   1.2e-11   43.3   0.0    19   102    21   110     3   112 0.81 # 22152 # 22862 # 1 # ID=16_22;partial=00;start_type=GTG;rbs_motif=None;rbs_spacer=None;gc_cont=0.624
NODE_31_length_94329_cov_11.803284_81   -            223 59632at72274         -            104   6.5e-12   44.1   0.0   1   1   2.2e-13   1.5e-11   42.9   0.0    28   100    32   108     2   112 0.73 # 90647 # 91315 # 1 # ID=31_81;partial=00;start_type=ATG;rbs_motif=GGA/GAG/AGG;rbs_spacer=5-10bp;gc_cont=0.629
NODE_2_length_235110_cov_12.031228_9    -            233 59632at72274         -            104   7.3e-12   43.9   0.0   1   1     2e-13   1.4e-11   43.0   0.0    20   102    33   122    11   124 0.76 # 7805 # 8503 # -1 # ID=2_9;partial=00;start_type=ATG;rbs_motif=AGGAG;rbs_spacer=5-10bp;gc_cont=0.641
NODE_73_length_31480_cov_11.371543_11   -            244 59632at72274         -            104   7.6e-12   43.9   0.0   1   1   1.9e-13   1.3e-11   43.1   0.0     3   101     8   116     6   119 0.85 # 12754 # 13485 # 1 # ID=73_11;partial=00;start_type=GTG;rbs_motif=AGGA;rbs_spacer=5-10bp;gc_cont=0.648
NODE_10_length_127481_cov_12.919170_103 -            225 59632at72274         -            104     1e-11   43.4   0.1   1   1   3.7e-13   2.6e-11   42.2   0.0     2   102     2   109     1   111 0.77 # 94301 # 94975 # 1 # ID=10_103;partial=00;start_type=ATG;rbs_motif=GGA/GAG/AGG;rbs_spacer=5-10bp;gc_cont=0.610
NODE_10_length_127481_cov_12.919170_108 -            225 59632at72274         -            104   2.1e-11   42.5   0.0   1   1   4.6e-13   3.2e-11   41.9   0.0    21   102    24   109     1   111 0.78 # 102113 # 102787 # 1 # ID=10_108;partial=00;start_type=ATG;rbs_motif=GGA/GAG/AGG;rbs_spacer=5-10bp;gc_cont=0.596
NODE_34_length_80082_cov_12.111288_43   -            232 59632at72274         -            104   2.1e-11   42.4   0.0   1   1   5.4e-13   3.7e-11   41.7   0.0     3   102     7   113     5   115 0.88 # 49660 # 50355 # 1 # ID=34_43;partial=00;start_type=ATG;rbs_motif=3Base/5BMM;rbs_spacer=13-15bp;gc_cont=0.618
NODE_2_length_235110_cov_12.031228_10   -           1129 59632at72274         -            104   2.9e-11   42.0   0.0   1   1   1.1e-12   7.4e-11   40.7   0.0     2   102   922  1031   921  1033 0.82 # 8478 # 11864 # -1 # ID=2_10;partial=00;start_type=GTG;rbs_motif=GGAG/GAGG;rbs_spacer=5-10bp;gc_cont=0.634
NODE_36_length_78655_cov_11.689206_23   -            230 59632at72274         -            104   3.1e-11   41.9   0.0   1   1   6.9e-13   4.8e-11   41.3   0.0     3   102     6   115     4   117 0.87 # 25327 # 26016 # 1 # ID=36_23;partial=00;start_type=ATG;rbs_motif=GGAG/GAGG;rbs_spacer=5-10bp;gc_cont=0.626
NODE_23_length_102919_cov_11.261937_35  -            311 59632at72274         -            104   4.5e-11   41.4   0.3   1   1     2e-12   1.4e-10   39.8   0.1     1   100   179   296   179   300 0.75 # 36327 # 37259 # 1 # ID=23_35;partial=00;start_type=ATG;rbs_motif=AGGAG;rbs_spacer=5-10bp;gc_cont=0.584
NODE_16_length_111127_cov_12.288640_44  -            221 59632at72274         -            104   6.2e-11   40.9   0.0   1   1   1.3e-12   9.1e-11   40.4   0.0     2   100     2   108     1   112 0.83 # 42845 # 43507 # 1 # ID=16_44;partial=00;start_type=ATG;rbs_motif=GGA/GAG/AGG;rbs_spacer=5-10bp;gc_cont=0.650
NODE_30_length_94682_cov_11.138521_36   -            224 59632at72274         -            104   9.5e-11   40.4   0.0   1   1     3e-12   2.1e-10   39.3   0.0     2   100     2   108     1   112 0.77 # 35711 # 36382 # 1 # ID=30_36;partial=00;start_type=ATG;rbs_motif=GGAG/GAGG;rbs_spacer=5-10bp;gc_cont=0.631
NODE_5_length_163274_cov_11.816932_136  -            236 59632at72274         -            104     1e-10   40.2   0.0   1   1     3e-12   2.1e-10   39.3   0.0     3    99     9   112     7   117 0.82 # 124591 # 125298 # 1 # ID=5_136;partial=00;start_type=ATG;rbs_motif=GGA/GAG/AGG;rbs_spacer=5-10bp;gc_cont=0.624
NODE_28_length_97117_cov_11.245262_79   -            775 59632at72274         -            104   1.4e-10   39.8   0.0   1   1   3.9e-12   2.7e-10   38.9   0.0     2   100   652   760   651   764 0.82 # 77667 # 79991 # 1 # ID=28_79;partial=00;start_type=GTG;rbs_motif=AGGA;rbs_spacer=5-10bp;gc_cont=0.615
NODE_32_length_89830_cov_11.382685_36   -            209 59632at72274         -            104   3.7e-10   38.4   0.1   1   1   8.5e-12   5.9e-10   37.8   0.1     3   104     4   114     2   114 0.85 # 52184 # 52810 # -1 # ID=32_36;partial=00;start_type=ATG;rbs_motif=AGGAGG;rbs_spacer=3-4bp;gc_cont=0.558
NODE_2_length_235110_cov_12.031228_164  -            228 59632at72274         -            104   4.8e-10   38.1   0.0   1   1   1.4e-11   9.4e-10   37.1   0.0     7   101     9   110     2   113 0.80 # 164260 # 164943 # -1 # ID=2_164;partial=00;start_type=ATG;rbs_motif=GGA/GAG/AGG;rbs_spacer=5-10bp;gc_cont=0.608
NODE_66_length_38408_cov_11.433557_31   -            247 59632at72274         -            104   4.9e-10   38.1   0.0   1   1   1.5e-11   1.1e-09   37.0   0.0    41   102    56   120    12   122 0.87 # 36107 # 36847 # 1 # ID=66_31;partial=00;start_type=ATG;rbs_motif=AGGAG;rbs_spacer=5-10bp;gc_cont=0.621
NODE_32_length_89830_cov_11.382685_50   -            128 59632at72274         -            104     1e-09   37.0   0.0   1   1   1.8e-11   1.2e-09   36.8   0.0     3   104     4   115     2   115 0.87 # 68906 # 69289 # 1 # ID=32_50;partial=00;start_type=ATG;rbs_motif=GGAGG;rbs_spacer=3-4bp;gc_cont=0.609
NODE_23_length_102919_cov_11.261937_43  -            242 59632at72274         -            104   1.3e-09   36.7   0.0   1   1   2.9e-11     2e-09   36.1   0.0     3   101     8   113     6   116 0.76 # 46322 # 47047 # 1 # ID=23_43;partial=00;start_type=GTG;rbs_motif=GGAG/GAGG;rbs_spacer=5-10bp;gc_cont=0.645
NODE_19_length_107430_cov_11.706290_1   -            237 59632at72274         -            104   1.4e-09   36.6   0.0   1   1   3.8e-11   2.6e-09   35.7   0.0     3   102     7   114     5   116 0.78 # 257 # 967 # 1 # ID=19_1;partial=00;start_type=ATG;rbs_motif=GGA/GAG/AGG;rbs_spacer=5-10bp;gc_cont=0.640
NODE_61_length_41681_cov_11.364345_20   -            122 59632at72274         -            104   1.4e-09   36.6   0.0   1   1   2.1e-11   1.5e-09   36.5   0.0    21   101    24   108     1   111 0.80 # 22864 # 23229 # 1 # ID=61_20;partial=00;start_type=ATG;rbs_motif=GGAG/GAGG;rbs_spacer=5-10bp;gc_cont=0.612
NODE_4_length_179944_cov_11.656412_43   -            249 59632at72274         -            104   2.5e-09   35.8   0.0   1   1   5.9e-11   4.1e-09   35.1   0.0     2   103     2   112     1   113 0.74 # 41892 # 42638 # 1 # ID=4_43;partial=00;start_type=ATG;rbs_motif=AGGA/GGAG/GAGG;rbs_spacer=11-12bp;gc_cont=0.612
NODE_1_length_244313_cov_11.834909_66   -            231 59632at72274         -            104   2.8e-09   35.6   0.0   1   1     8e-11   5.5e-09   34.7   0.0     2   103     5   113     4   114 0.87 # 86245 # 86937 # 1 # ID=1_66;partial=00;start_type=ATG;rbs_motif=GGA/GAG/AGG;rbs_spacer=5-10bp;gc_cont=0.646
NODE_44_length_65388_cov_12.121420_65   -            233 59632at72274         -            104   3.9e-09   35.2   0.0   1   1   8.2e-11   5.6e-09   34.7   0.0    11   102    14   111     4   113 0.81 # 57648 # 58346 # -1 # ID=44_65;partial=00;start_type=ATG;rbs_motif=None;rbs_spacer=None;gc_cont=0.621
NODE_1_length_244313_cov_11.834909_107  -            277 59632at72274         -            104   5.1e-09   34.8   0.0   1   2   5.2e-10   3.6e-08   32.1   0.0     4   103    50   156    47   157 0.75 # 131998 # 132828 # 1 # ID=1_107;partial=00;start_type=ATG;rbs_motif=None;rbs_spacer=None;gc_cont=0.639
NODE_1_length_244313_cov_11.834909_107  -            277 59632at72274         -            104   5.1e-09   34.8   0.0   2   2         6   4.1e+02   -0.2   0.0    72    86   219   233   212   242 0.82 # 131998 # 132828 # 1 # ID=1_107;partial=00;start_type=ATG;rbs_motif=None;rbs_spacer=None;gc_cont=0.639
NODE_65_length_38966_cov_12.691238_27   -            211 59632at72274         -            104   7.4e-09   34.3   0.1   1   1     2e-10   1.4e-08   33.4   0.1     2   104     3   116     2   116 0.81 # 28275 # 28907 # 1 # ID=65_27;partial=00;start_type=ATG;rbs_motif=GGA/GAG/AGG;rbs_spacer=5-10bp;gc_cont=0.572
NODE_84_length_22158_cov_10.948663_3    -            226 59632at72274         -            104   8.5e-09   34.1   0.0   1   1   2.2e-10   1.5e-08   33.3   0.0     5   100     6   109     3   113 0.80 # 2029 # 2706 # -1 # ID=84_3;partial=00;start_type=ATG;rbs_motif=GGA/GAG/AGG;rbs_spacer=5-10bp;gc_cont=0.656
NODE_23_length_102919_cov_11.261937_64  -            243 59632at72274         -            104   1.9e-08   33.0   0.0   1   1   4.4e-10   3.1e-08   32.3   0.0    21   100    32   115    12   119 0.84 # 66543 # 67271 # 1 # ID=23_64;partial=00;start_type=ATG;rbs_motif=None;rbs_spacer=None;gc_cont=0.627
NODE_15_length_113078_cov_11.607042_22  -            222 59632at72274         -            104     2e-08   32.9   0.0   1   1   4.7e-10   3.2e-08   32.2   0.0    28   102    31   110     1   112 0.75 # 24590 # 25255 # -1 # ID=15_22;partial=00;start_type=ATG;rbs_motif=AGGAG;rbs_spacer=5-10bp;gc_cont=0.643
NODE_28_length_97117_cov_11.245262_75   -            209 59632at72274         -            104   2.2e-08   32.8   0.0   1   1   4.7e-10   3.3e-08   32.2   0.0     3   104     4   114     2   114 0.78 # 71832 # 72458 # 1 # ID=28_75;partial=00;start_type=ATG;rbs_motif=GGA/GAG/AGG;rbs_spacer=5-10bp;gc_cont=0.477
NODE_37_length_78648_cov_11.643229_5    -            242 59632at72274         -            104   2.2e-08   32.8   0.0   1   1   7.4e-10   5.1e-08   31.6   0.0    27   103    50   131    21   132 0.75 # 3090 # 3815 # 1 # ID=37_5;partial=00;start_type=ATG;rbs_motif=GGA/GAG/AGG;rbs_spacer=5-10bp;gc_cont=0.635
NODE_31_length_94329_cov_11.803284_26   -            704 59632at72274         -            104   2.3e-08   32.7   0.0   1   1   8.5e-10   5.9e-08   31.4   0.0    22    98    37   121    14   126 0.77 # 26313 # 28424 # 1 # ID=31_26;partial=00;start_type=ATG;rbs_motif=GGA/GAG/AGG;rbs_spacer=5-10bp;gc_cont=0.630
NODE_55_length_48402_cov_11.691642_27   -            461 59632at72274         -            104   2.9e-08   32.4   0.0   1   1   7.6e-10   5.2e-08   31.6   0.0     1   102     3   112     3   114 0.75 # 26255 # 27637 # -1 # ID=55_27;partial=00;start_type=ATG;rbs_motif=GGAG/GAGG;rbs_spacer=5-10bp;gc_cont=0.652
NODE_73_length_31480_cov_11.371543_19   -            444 59632at72274         -            104   3.2e-08   32.2   0.0   1   1   1.1e-09   7.6e-08   31.0   0.0     3   103     5   113     3   114 0.88 # 20323 # 21654 # -1 # ID=73_19;partial=00;start_type=ATG;rbs_motif=AGGA/GGAG/GAGG;rbs_spacer=11-12bp;gc_cont=0.642
NODE_1_length_244313_cov_11.834909_18   -            227 59632at72274         -            104   4.6e-08   31.7   0.0   1   1   1.2e-09   8.1e-08   30.9   0.0    23   100    28   108     1   112 0.81 # 15432 # 16112 # -1 # ID=1_18;partial=00;start_type=ATG;rbs_motif=GGA/GAG/AGG;rbs_spacer=5-10bp;gc_cont=0.656
NODE_17_length_110024_cov_11.158876_31  -            925 59632at72274         -            104   6.6e-08   31.2   0.1   1   2   0.00014    0.0095   14.7   0.1     2    96   643   753   642   761 0.76 # 38518 # 41292 # -1 # ID=17_31;partial=00;start_type=GTG;rbs_motif=GGA/GAG/AGG;rbs_spacer=5-10bp;gc_cont=0.624
NODE_17_length_110024_cov_11.158876_31  -            925 59632at72274         -            104   6.6e-08   31.2   0.1   2   2   0.00023     0.016   13.9   0.0     2   100   793   904   792   908 0.73 # 38518 # 41292 # -1 # ID=17_31;partial=00;start_type=GTG;rbs_motif=GGA/GAG/AGG;rbs_spacer=5-10bp;gc_cont=0.624
NODE_1_length_244313_cov_11.834909_37   -            312 59632at72274         -            104   9.6e-08   30.7   0.3   1   2       8.5   5.9e+02   -0.7   0.0    45    60    20    35     6    52 0.80 # 49583 # 50518 # -1 # ID=1_37;partial=00;start_type=ATG;rbs_motif=AGGAG;rbs_spacer=5-10bp;gc_cont=0.600
NODE_1_length_244313_cov_11.834909_37   -            312 59632at72274         -            104   9.6e-08   30.7   0.3   2   2   1.4e-08   9.4e-07   27.5   0.1     3   102   181   298   179   300 0.75 # 49583 # 50518 # -1 # ID=1_37;partial=00;start_type=ATG;rbs_motif=AGGAG;rbs_spacer=5-10bp;gc_cont=0.600
NODE_1_length_244313_cov_11.834909_120  -            634 59632at72274         -            104   1.3e-07   30.3   0.0   1   1   3.6e-09   2.5e-07   29.4   0.0     3   102   517   626   515   628 0.81 # 145882 # 147783 # 1 # ID=1_120;partial=00;start_type=ATG;rbs_motif=AGGAG;rbs_spacer=5-10bp;gc_cont=0.612
NODE_55_length_48402_cov_11.691642_1    -            170 59632at72274         -            104   2.4e-07   29.4   0.1   1   1     5e-09   3.4e-07   28.9   0.1     1    73     3    84     3   112 0.70 # 1 # 510 # -1 # ID=55_1;partial=10;start_type=ATG;rbs_motif=GGAG/GAGG;rbs_spacer=5-10bp;gc_cont=0.629
NODE_76_length_26317_cov_11.767507_5    -            221 59632at72274         -            104   2.8e-07   29.2   0.0   1   1     6e-09   4.1e-07   28.7   0.0     2   104    15   126    14   126 0.86 # 3372 # 4034 # 1 # ID=76_5;partial=00;start_type=ATG;rbs_motif=GGA/GAG/AGG;rbs_spacer=5-10bp;gc_cont=0.570
NODE_11_length_127457_cov_11.778520_61  -            479 59632at72274         -            104   2.9e-07   29.1   0.0   1   1   8.6e-09   5.9e-07   28.2   0.0     3   101     7   113     5   116 0.77 # 70984 # 72420 # 1 # ID=11_61;partial=00;start_type=ATG;rbs_motif=AGGAG;rbs_spacer=5-10bp;gc_cont=0.634
NODE_6_length_154355_cov_11.215791_38   -            394 59632at72274         -            104   5.8e-07   28.2   0.0   1   1   1.4e-08     1e-06   27.4   0.0     3    97     8   110     6   116 0.84 # 35955 # 37136 # -1 # ID=6_38;partial=00;start_type=ATG;rbs_motif=None;rbs_spacer=None;gc_cont=0.596
NODE_2_length_235110_cov_12.031228_57   -            223 59632at72274         -            104   8.6e-07   27.6   0.0   1   1   1.9e-08   1.3e-06   27.0   0.0    21   100    24   108    13   112 0.84 # 57960 # 58628 # 1 # ID=2_57;partial=00;start_type=ATG;rbs_motif=AGGA;rbs_spacer=5-10bp;gc_cont=0.629
NODE_42_length_67348_cov_11.469749_48   -            937 59632at72274         -            104   1.3e-06   27.1   0.0   1   1   3.7e-08   2.6e-06   26.1   0.0    10   103   826   924   814   925 0.73 # 40330 # 43140 # 1 # ID=42_48;partial=00;start_type=ATG;rbs_motif=None;rbs_spacer=None;gc_cont=0.603
NODE_55_length_48402_cov_11.691642_19   -            573 59632at72274         -            104   1.6e-06   26.7   0.0   1   1   4.8e-08   3.3e-06   25.8   0.0    21    98    34   118    11   124 0.83 # 18305 # 20023 # -1 # ID=55_19;partial=00;start_type=TTG;rbs_motif=None;rbs_spacer=None;gc_cont=0.635
NODE_23_length_102919_cov_11.261937_47  -            226 59632at72274         -            104   1.8e-06   26.6   0.0   1   1   4.5e-08   3.1e-06   25.8   0.0     1   100     1   108     1   112 0.81 # 49980 # 50657 # 1 # ID=23_47;partial=00;start_type=ATG;rbs_motif=GGAG/GAGG;rbs_spacer=5-10bp;gc_cont=0.634
NODE_58_length_42083_cov_11.941439_28   -            466 59632at72274         -            104   2.4e-06   26.2   0.0   1   1   6.6e-08   4.6e-06   25.3   0.0     3   100     5   110     3   114 0.80 # 40028 # 41425 # 1 # ID=58_28;partial=00;start_type=ATG;rbs_motif=GGAG/GAGG;rbs_spacer=5-10bp;gc_cont=0.628
NODE_71_length_33769_cov_11.503210_7    -            210 59632at72274         -            104   6.8e-06   24.8   0.0   1   1   1.6e-07   1.1e-05   24.1   0.0     1   104     2   115     2   115 0.78 # 6576 # 7205 # 1 # ID=71_7;partial=00;start_type=GTG;rbs_motif=GGAG/GAGG;rbs_spacer=5-10bp;gc_cont=0.622
NODE_9_length_135493_cov_11.866710_34   -            301 59632at72274         -            104   9.2e-06   24.3   0.0   1   1   2.9e-07     2e-05   23.2   0.0     2   100   172   284   171   288 0.75 # 42861 # 43763 # -1 # ID=9_34;partial=00;start_type=ATG;rbs_motif=GGA/GAG/AGG;rbs_spacer=5-10bp;gc_cont=0.626
NODE_23_length_102919_cov_11.261937_63  -            918 59632at72274         -            104   9.4e-06   24.3   0.0   1   1   3.2e-07   2.2e-05   23.1   0.0     3   102   669   781   668   783 0.75 # 63584 # 66337 # -1 # ID=23_63;partial=00;start_type=GTG;rbs_motif=AGGAG;rbs_spacer=5-10bp;gc_cont=0.634
NODE_7_length_150369_cov_11.860239_82   -            334 59632at72274         -            104   1.1e-05   24.1   0.0   1   1   3.2e-07   2.2e-05   23.1   0.0     3   101    18   127    16   130 0.71 # 90874 # 91875 # -1 # ID=7_82;partial=00;start_type=ATG;rbs_motif=GGA/GAG/AGG;rbs_spacer=5-10bp;gc_cont=0.618
NODE_11_length_127457_cov_11.778520_109 -            462 59632at72274         -            104   1.2e-05   23.9   0.0   1   1   3.1e-07   2.1e-05   23.2   0.0     2   104     8   118     7   118 0.80 # 117895 # 119280 # 1 # ID=11_109;partial=00;start_type=ATG;rbs_motif=GGAG/GAGG;rbs_spacer=5-10bp;gc_cont=0.640
NODE_36_length_78655_cov_11.689206_27   -            300 59632at72274         -            104     2e-05   23.3   0.0   1   1   6.2e-07   4.3e-05   22.2   0.0     2   103     5   118     4   119 0.83 # 29571 # 30470 # -1 # ID=36_27;partial=00;start_type=ATG;rbs_motif=AGGA;rbs_spacer=5-10bp;gc_cont=0.611
NODE_8_length_136322_cov_13.267910_23   -            479 59632at72274         -            104   3.5e-05   22.5   0.0   1   1   9.5e-07   6.6e-05   21.6   0.0     3   104     4   109     3   109 0.74 # 23130 # 24566 # 1 # ID=8_23;partial=00;start_type=ATG;rbs_motif=GGA/GAG/AGG;rbs_spacer=5-10bp;gc_cont=0.608
NODE_76_length_26317_cov_11.767507_16   -            570 59632at72274         -            104   4.2e-05   22.2   0.0   1   1   1.1e-06   7.7e-05   21.4   0.0     3   102   449   558   447   560 0.77 # 18627 # 20336 # 1 # ID=76_16;partial=00;start_type=ATG;rbs_motif=GGA/GAG/AGG;rbs_spacer=5-10bp;gc_cont=0.630
NODE_37_length_78648_cov_11.643229_9    -            121 59632at72274         -            104   4.2e-05   22.2   0.1   1   1   7.6e-07   5.3e-05   21.9   0.1     3   100     4   109     2   113 0.75 # 6426 # 6788 # -1 # ID=37_9;partial=00;start_type=ATG;rbs_motif=3Base/5BMM;rbs_spacer=13-15bp;gc_cont=0.477
NODE_55_length_48402_cov_11.691642_4    -            125 59632at72274         -            104   7.1e-05   21.5   0.1   1   1   1.3e-06   9.1e-05   21.1   0.1     1   100     1   111     1   115 0.79 # 3601 # 3975 # -1 # ID=55_4;partial=00;start_type=ATG;rbs_motif=GGA/GAG/AGG;rbs_spacer=5-10bp;gc_cont=0.541
NODE_42_length_67348_cov_11.469749_50   -           1063 59632at72274         -            104    0.0001   21.0   0.0   1   1   3.1e-06   0.00022   19.9   0.0    12   100   856   949   842   953 0.73 # 44405 # 47593 # 1 # ID=42_50;partial=00;start_type=ATG;rbs_motif=GGA/GAG/AGG;rbs_spacer=5-10bp;gc_cont=0.627
NODE_3_length_186977_cov_11.850067_66   -            241 59632at72274         -            104   0.00012   20.8   0.0   1   1   3.1e-06   0.00021   20.0   0.0    41   100    52   115     1   119 0.80 # 73239 # 73961 # -1 # ID=3_66;partial=00;start_type=ATG;rbs_motif=AGGA;rbs_spacer=5-10bp;gc_cont=0.591
NODE_16_length_111127_cov_12.288640_26  -            126 59632at72274         -            104   0.00014   20.6   0.0   1   1   2.7e-06   0.00019   20.1   0.0     3   103     6   113     5   114 0.67 # 27478 # 27855 # -1 # ID=16_26;partial=00;start_type=ATG;rbs_motif=GGAG/GAGG;rbs_spacer=5-10bp;gc_cont=0.587
NODE_88_length_17388_cov_12.191588_13   -            202 59632at72274         -            104   0.00021   19.9   0.0   1   1   6.3e-06   0.00044   18.9   0.0     3   103     8   116     7   117 0.76 # 12246 # 12851 # -1 # ID=88_13;partial=00;start_type=ATG;rbs_motif=None;rbs_spacer=None;gc_cont=0.606
NODE_38_length_76730_cov_12.020195_26   -            274 59632at72274         -            104   0.00041   19.0   0.0   1   1   1.2e-05   0.00083   18.1   0.0     2   100    29   140    28   144 0.75 # 27628 # 28449 # 1 # ID=38_26;partial=00;start_type=ATG;rbs_motif=GGAG/GAGG;rbs_spacer=5-10bp;gc_cont=0.613
NODE_7_length_150369_cov_11.860239_83   -            337 59632at72274         -            104   0.00042   19.0   0.1   1   1   1.3e-05   0.00089   18.0   0.1    24    70    29    77     3    92 0.80 # 91927 # 92937 # -1 # ID=7_83;partial=00;start_type=ATG;rbs_motif=GGAGG;rbs_spacer=5-10bp;gc_cont=0.644
NODE_91_length_16114_cov_10.411459_12   -            121 59632at72274         -            104   0.00045   18.9   0.0   1   1   8.2e-06   0.00056   18.6   0.0     3    98     4   107     2   113 0.73 # 8020 # 8382 # -1 # ID=91_12;partial=00;start_type=ATG;rbs_motif=None;rbs_spacer=None;gc_cont=0.554
NODE_3_length_186977_cov_11.850067_150  -            449 59632at72274         -            104   0.00062   18.5   0.0   1   1   1.9e-05    0.0013   17.4   0.0     2   100    10   116     9   120 0.79 # 156910 # 158256 # -1 # ID=3_150;partial=00;start_type=ATG;rbs_motif=GGAG/GAGG;rbs_spacer=5-10bp;gc_cont=0.613
NODE_44_length_65388_cov_12.121420_40   -            217 59632at72274         -            104    0.0013   17.4   0.0   1   1     3e-05    0.0021   16.8   0.0    32   104    44   119     6   119 0.85 # 29090 # 29740 # 1 # ID=44_40;partial=00;start_type=ATG;rbs_motif=AGGA/GGAG/GAGG;rbs_spacer=11-12bp;gc_cont=0.604
NODE_65_length_38966_cov_12.691238_2    -            447 59632at72274         -            104    0.0016   17.1   0.0   1   1     5e-05    0.0035   16.1   0.0    24   102    35   118     9   120 0.68 # 625 # 1965 # -1 # ID=65_2;partial=00;start_type=ATG;rbs_motif=GGA/GAG/AGG;rbs_spacer=5-10bp;gc_cont=0.623
NODE_17_length_110024_cov_11.158876_59  -            263 59632at72274         -            104     0.002   16.8   0.0   1   1   4.9e-05    0.0034   16.1   0.0     1   102     8   121     8   123 0.74 # 71062 # 71850 # 1 # ID=17_59;partial=00;start_type=GTG;rbs_motif=GGAG/GAGG;rbs_spacer=5-10bp;gc_cont=0.573
NODE_32_length_89830_cov_11.382685_3    -            649 59632at72274         -            104    0.0037   16.0   0.0   1   1   0.00012    0.0086   14.8   0.0     2    72   529   607   528   636 0.66 # 5425 # 7371 # -1 # ID=32_3;partial=00;start_type=ATG;rbs_motif=GGA/GAG/AGG;rbs_spacer=5-10bp;gc_cont=0.590
NODE_39_length_76270_cov_12.057772_9    -            179 59632at72274         -            104    0.0047   15.6   0.2   1   1   9.2e-05    0.0063   15.2   0.2     2   100    28   136    27   140 0.80 # 9380 # 9916 # 1 # ID=39_9;partial=00;start_type=ATG;rbs_motif=GGA/GAG/AGG;rbs_spacer=5-10bp;gc_cont=0.570
NODE_1_length_244313_cov_11.834909_40   -            220 59632at72274         -            104    0.0054   15.4   0.0   1   1   0.00013    0.0089   14.7   0.0     3   102     5   114     3   116 0.74 # 52728 # 53387 # 1 # ID=1_40;partial=00;start_type=GTG;rbs_motif=GGA/GAG/AGG;rbs_spacer=5-10bp;gc_cont=0.614
NODE_67_length_38139_cov_11.369015_8    -            195 59632at72274         -            104    0.0096   14.6   0.0   1   1   0.00029      0.02   13.6   0.0    23   104     9    96     3    96 0.66 # 10979 # 11563 # -1 # ID=67_8;partial=00;start_type=ATG;rbs_motif=GGA/GAG/AGG;rbs_spacer=5-10bp;gc_cont=0.578
NODE_32_length_89830_cov_11.382685_35   -           1198 59632at72274         -            104    0.0099   14.6   0.0   1   1   0.00033     0.023   13.4   0.0     1   100   954  1066   954  1070 0.72 # 48590 # 52183 # -1 # ID=32_35;partial=00;start_type=ATG;rbs_motif=None;rbs_spacer=None;gc_cont=0.617
NODE_67_length_38139_cov_11.369015_4    -            806 59632at72274         -            104     0.011   14.5   0.1   1   1   0.00028     0.019   13.7   0.1     1   104   569   685   569   685 0.76 # 5386 # 7803 # 1 # ID=67_4;partial=00;start_type=ATG;rbs_motif=GGA/GAG/AGG;rbs_spacer=5-10bp;gc_cont=0.588
NODE_42_length_67348_cov_11.469749_49   -            399 59632at72274         -            104     0.022   13.5   0.0   1   1   0.00063     0.044   12.5   0.0    25    60    32    69    16   118 0.78 # 43127 # 44323 # 1 # ID=42_49;partial=00;start_type=ATG;rbs_motif=GGA/GAG/AGG;rbs_spacer=5-10bp;gc_cont=0.601
NODE_5_length_163274_cov_11.816932_161  -            402 59632at72274         -            104     0.034   12.9   0.0   1   1   0.00086     0.059   12.1   0.0    26    96    35   113     8   121 0.76 # 155527 # 156732 # 1 # ID=5_161;partial=00;start_type=ATG;rbs_motif=GGA/GAG/AGG;rbs_spacer=5-10bp;gc_cont=0.606
NODE_18_length_109480_cov_12.152470_36  -            846 59632at72274         -            104     0.055   12.2   0.0   1   1    0.0019      0.13   11.0   0.0     3   102   727   835   726   837 0.73 # 42312 # 44849 # 1 # ID=18_36;partial=00;start_type=ATG;rbs_motif=GGA/GAG/AGG;rbs_spacer=5-10bp;gc_cont=0.638
#
# Program:         hmmsearch
# Version:         3.1b2 (February 2015)
# Pipeline mode:   SEARCH
# Query file:      /data2/PEG/hoaxaca/REAA/Pseudomonas/bin/busco_downloads/lineages/pseudomonadales_odb10/hmms/59632at72274.hmm
# Target file:     /data2/PEG/hoaxaca/REAA/Pseudomonas/bin/../out/busco/trim_def.spades_kmer/prodigal_output/predicted_genes/predicted.faa
# Option settings: hmmsearch --domtblout /data2/PEG/hoaxaca/REAA/Pseudomonas/bin/../out/busco/trim_def.spades_kmer/run_pseudomonadales_odb10/hmmer_output/59632at72274.out --cpu 1 /data2/PEG/hoaxaca/REAA/Pseudomonas/bin/busco_downloads/lineages/pseudomonadales_odb10/hmms/59632at72274.hmm /data2/PEG/hoaxaca/REAA/Pseudomonas/bin/../out/busco/trim_def.spades_kmer/prodigal_output/predicted_genes/predicted.faa 
# Current dir:     /data2/PEG/hoaxaca/REAA/Pseudomonas/bin
# Date:            Mon Feb 20 00:40:05 2023
# [ok]
