#                                                                                              --- full sequence --- -------------- this domain -------------   hmm coord   ali coord   env coord
# target name                          accession   tlen query name           accession   qlen   E-value  score  bias   #  of  c-Evalue  i-Evalue  score  bias  from    to  from    to  from    to  acc description of target
#                  ------------------- ---------- ----- -------------------- ---------- ----- --------- ------ ----- --- --- --------- --------- ------ ----- ----- ----- ----- ----- ----- ----- ---- ---------------------
NODE_8_length_136322_cov_13.267910_6   -            575 6086at72274          -            521         0 1032.1   2.1   1   1         0         0 1031.3   2.1     1   521     1   574     1   574 0.95 # 4721 # 6445 # -1 # ID=8_6;partial=00;start_type=GTG;rbs_motif=GGAG/GAGG;rbs_spacer=5-10bp;gc_cont=0.579
NODE_1_length_244313_cov_11.834909_160 -            592 6086at72274          -            521   1.3e-85  286.4   1.0   1   2   1.4e-70   1.5e-67  226.9   0.2     6   328     6   337     1   360 0.91 # 200938 # 202713 # 1 # ID=1_160;partial=00;start_type=ATG;rbs_motif=GGAG/GAGG;rbs_spacer=5-10bp;gc_cont=0.621
NODE_1_length_244313_cov_11.834909_160 -            592 6086at72274          -            521   1.3e-85  286.4   1.0   2   2   1.8e-19   1.9e-16   58.2   0.0   331   446   365   484   353   503 0.87 # 200938 # 202713 # 1 # ID=1_160;partial=00;start_type=ATG;rbs_motif=GGAG/GAGG;rbs_spacer=5-10bp;gc_cont=0.621
NODE_67_length_38139_cov_11.369015_21  -            537 6086at72274          -            521   1.8e-57  193.6   0.0   1   1   3.4e-59   3.6e-56  189.3   0.0     3   473     5   501     3   514 0.82 # 21450 # 23060 # -1 # ID=67_21;partial=00;start_type=ATG;rbs_motif=AGGAG;rbs_spacer=5-10bp;gc_cont=0.644
NODE_30_length_94682_cov_11.138521_89  -            542 6086at72274          -            521     2e-57  193.4   0.1   1   1   1.6e-59   1.7e-56  190.4   0.1     5   482     3   511     1   523 0.79 # 85282 # 86907 # -1 # ID=30_89;partial=00;start_type=ATG;rbs_motif=GGA/GAG/AGG;rbs_spacer=5-10bp;gc_cont=0.657
NODE_74_length_30458_cov_10.951930_8   -            575 6086at72274          -            521   3.7e-46  156.3   0.0   1   2   1.1e-28   1.1e-25   88.7   0.0     6   324     6   323     1   330 0.88 # 11004 # 12728 # 1 # ID=74_8;partial=00;start_type=ATG;rbs_motif=GGAG/GAGG;rbs_spacer=5-10bp;gc_cont=0.634
NODE_74_length_30458_cov_10.951930_8   -            575 6086at72274          -            521   3.7e-46  156.3   0.0   2   2   1.1e-21   1.1e-18   65.6   0.0   336   510   359   542   354   547 0.85 # 11004 # 12728 # 1 # ID=74_8;partial=00;start_type=ATG;rbs_motif=GGAG/GAGG;rbs_spacer=5-10bp;gc_cont=0.634
NODE_54_length_48637_cov_11.774974_38  -            644 6086at72274          -            521   7.8e-26   89.2   0.0   1   2   1.7e-21   1.8e-18   64.9   0.0    18   282    33   313    13   379 0.79 # 37295 # 39226 # -1 # ID=54_38;partial=00;start_type=ATG;rbs_motif=GGA/GAG/AGG;rbs_spacer=5-10bp;gc_cont=0.624
NODE_54_length_48637_cov_11.774974_38  -            644 6086at72274          -            521   7.8e-26   89.2   0.0   2   2   1.4e-08   1.5e-05   22.3   0.0   380   448   462   531   426   607 0.83 # 37295 # 39226 # -1 # ID=54_38;partial=00;start_type=ATG;rbs_motif=GGA/GAG/AGG;rbs_spacer=5-10bp;gc_cont=0.624
#
# Program:         hmmsearch
# Version:         3.1b2 (February 2015)
# Pipeline mode:   SEARCH
# Query file:      /data2/PEG/hoaxaca/REAA/Pseudomonas/bin/busco_downloads/lineages/pseudomonadales_odb10/hmms/6086at72274.hmm
# Target file:     /data2/PEG/hoaxaca/REAA/Pseudomonas/bin/../out/busco/trim_def.spades_kmer/prodigal_output/predicted_genes/predicted.faa
# Option settings: hmmsearch --domtblout /data2/PEG/hoaxaca/REAA/Pseudomonas/bin/../out/busco/trim_def.spades_kmer/run_pseudomonadales_odb10/hmmer_output/6086at72274.out --cpu 1 /data2/PEG/hoaxaca/REAA/Pseudomonas/bin/busco_downloads/lineages/pseudomonadales_odb10/hmms/6086at72274.hmm /data2/PEG/hoaxaca/REAA/Pseudomonas/bin/../out/busco/trim_def.spades_kmer/prodigal_output/predicted_genes/predicted.faa 
# Current dir:     /data2/PEG/hoaxaca/REAA/Pseudomonas/bin
# Date:            Mon Feb 20 00:40:06 2023
# [ok]
