#                                                                                              --- full sequence --- -------------- this domain -------------   hmm coord   ali coord   env coord
# target name                          accession   tlen query name           accession   qlen   E-value  score  bias   #  of  c-Evalue  i-Evalue  score  bias  from    to  from    to  from    to  acc description of target
#                  ------------------- ---------- ----- -------------------- ---------- ----- --------- ------ ----- --- --- --------- --------- ------ ----- ----- ----- ----- ----- ----- ----- ---- ---------------------
NODE_8_length_136322_cov_13.267910_45  -            640 6237at72274          -            557         0 1090.0   8.9   1   2         0         0 1033.2   5.0     1   502     4   530     4   532 0.97 # 51660 # 53579 # -1 # ID=8_45;partial=00;start_type=TTG;rbs_motif=GGAG/GAGG;rbs_spacer=5-10bp;gc_cont=0.582
NODE_8_length_136322_cov_13.267910_45  -            640 6237at72274          -            557         0 1090.0   8.9   2   2   2.4e-19   1.3e-16   58.7   0.1   497   551   546   609   541   614 0.86 # 51660 # 53579 # -1 # ID=8_45;partial=00;start_type=TTG;rbs_motif=GGAG/GAGG;rbs_spacer=5-10bp;gc_cont=0.582
NODE_11_length_127457_cov_11.778520_5  -            446 6237at72274          -            557   6.3e-09   33.2   0.1   1   2   3.6e-09   1.9e-06   25.1   0.0   175   233    47   107     6   110 0.75 # 5280 # 6617 # 1 # ID=11_5;partial=00;start_type=ATG;rbs_motif=AGGA/GGAG/GAGG;rbs_spacer=11-12bp;gc_cont=0.602
NODE_11_length_127457_cov_11.778520_5  -            446 6237at72274          -            557   6.3e-09   33.2   0.1   2   2    0.0021       1.1    6.0   0.1   238   281   249   290   238   300 0.76 # 5280 # 6617 # 1 # ID=11_5;partial=00;start_type=ATG;rbs_motif=AGGA/GGAG/GAGG;rbs_spacer=11-12bp;gc_cont=0.602
NODE_13_length_124624_cov_11.800035_76 -            428 6237at72274          -            557   7.4e-06   23.1   0.0   1   2   2.7e-08   1.4e-05   22.2   0.0   179   252   116   195    60   216 0.77 # 107974 # 109257 # 1 # ID=13_76;partial=00;start_type=ATG;rbs_motif=GGA/GAG/AGG;rbs_spacer=5-10bp;gc_cont=0.552
NODE_13_length_124624_cov_11.800035_76 -            428 6237at72274          -            557   7.4e-06   23.1   0.0   2   2       2.1   1.1e+03   -3.9   0.0    38    57   391   410   387   421 0.76 # 107974 # 109257 # 1 # ID=13_76;partial=00;start_type=ATG;rbs_motif=GGA/GAG/AGG;rbs_spacer=5-10bp;gc_cont=0.552
NODE_80_length_23063_cov_11.281610_3   -            807 6237at72274          -            557    0.0011   16.0   0.1   1   1   3.1e-06    0.0016   15.4   0.1   172   250   383   466   347   474 0.63 # 2820 # 5240 # 1 # ID=80_3;partial=00;start_type=ATG;rbs_motif=GGA/GAG/AGG;rbs_spacer=5-10bp;gc_cont=0.613
NODE_26_length_101577_cov_11.283884_66 -            282 6237at72274          -            557      0.02   11.8   0.1   1   1   0.00018     0.093    9.6   0.1   175   200    24    49    13   201 0.87 # 70896 # 71741 # 1 # ID=26_66;partial=00;start_type=ATG;rbs_motif=GGAG/GAGG;rbs_spacer=5-10bp;gc_cont=0.592
NODE_3_length_186977_cov_11.850067_36  -            161 6237at72274          -            557     0.031   11.1   0.0   1   1   6.3e-05     0.033   11.1   0.0   238   335    39   137    24   147 0.69 # 33693 # 34175 # -1 # ID=3_36;partial=00;start_type=ATG;rbs_motif=None;rbs_spacer=None;gc_cont=0.594
NODE_25_length_101630_cov_11.421879_85 -            263 6237at72274          -            557     0.036   10.9   0.0   1   1   0.00011     0.057   10.3   0.0   182   228    36    83    26    87 0.85 # 89355 # 90143 # 1 # ID=25_85;partial=00;start_type=ATG;rbs_motif=GGAGG;rbs_spacer=5-10bp;gc_cont=0.605
NODE_5_length_163274_cov_11.816932_72  -            167 6237at72274          -            557     0.048   10.5   0.0   1   1   0.00011     0.058   10.3   0.0   181   208     4    31     1    74 0.87 # 69263 # 69763 # -1 # ID=5_72;partial=00;start_type=ATG;rbs_motif=AGGA;rbs_spacer=5-10bp;gc_cont=0.627
NODE_18_length_109480_cov_12.152470_32 -            466 6237at72274          -            557      0.05   10.5   0.0   1   1   0.00015     0.079    9.8   0.0   174   208   176   213   163   224 0.77 # 36206 # 37603 # 1 # ID=18_32;partial=00;start_type=ATG;rbs_motif=GGxGG;rbs_spacer=5-10bp;gc_cont=0.616
NODE_2_length_235110_cov_12.031228_95  -            441 6237at72274          -            557     0.053   10.4   0.0   1   1   0.00014     0.071   10.0   0.0   180   247    50   115    37   167 0.85 # 103500 # 104822 # 1 # ID=2_95;partial=00;start_type=ATG;rbs_motif=3Base/5BMM;rbs_spacer=13-15bp;gc_cont=0.629
NODE_63_length_40352_cov_12.010218_15  -            353 6237at72274          -            557     0.057   10.3   0.0   1   1   0.00017     0.088    9.6   0.0   180   210    59    89    50    93 0.91 # 11952 # 13010 # 1 # ID=63_15;partial=00;start_type=GTG;rbs_motif=GGA/GAG/AGG;rbs_spacer=5-10bp;gc_cont=0.619
NODE_15_length_113078_cov_11.607042_85 -            363 6237at72274          -            557     0.058   10.3   0.0   1   1   0.00015     0.081    9.8   0.0   178   218    43    86    21    91 0.84 # 86180 # 87268 # -1 # ID=15_85;partial=00;start_type=ATG;rbs_motif=GGA/GAG/AGG;rbs_spacer=5-10bp;gc_cont=0.623
#
# Program:         hmmsearch
# Version:         3.1b2 (February 2015)
# Pipeline mode:   SEARCH
# Query file:      /data2/PEG/hoaxaca/REAA/Pseudomonas/bin/busco_downloads/lineages/pseudomonadales_odb10/hmms/6237at72274.hmm
# Target file:     /data2/PEG/hoaxaca/REAA/Pseudomonas/bin/../out/busco/trim_def.spades_kmer/prodigal_output/predicted_genes/predicted.faa
# Option settings: hmmsearch --domtblout /data2/PEG/hoaxaca/REAA/Pseudomonas/bin/../out/busco/trim_def.spades_kmer/run_pseudomonadales_odb10/hmmer_output/6237at72274.out --cpu 1 /data2/PEG/hoaxaca/REAA/Pseudomonas/bin/busco_downloads/lineages/pseudomonadales_odb10/hmms/6237at72274.hmm /data2/PEG/hoaxaca/REAA/Pseudomonas/bin/../out/busco/trim_def.spades_kmer/prodigal_output/predicted_genes/predicted.faa 
# Current dir:     /data2/PEG/hoaxaca/REAA/Pseudomonas/bin
# Date:            Mon Feb 20 00:40:07 2023
# [ok]
