#                                                                                              --- full sequence --- -------------- this domain -------------   hmm coord   ali coord   env coord
# target name                          accession   tlen query name           accession   qlen   E-value  score  bias   #  of  c-Evalue  i-Evalue  score  bias  from    to  from    to  from    to  acc description of target
#                  ------------------- ---------- ----- -------------------- ---------- ----- --------- ------ ----- --- --- --------- --------- ------ ----- ----- ----- ----- ----- ----- ----- ---- ---------------------
NODE_102_length_8978_cov_10.900915_4   -            633 7615at72274          -            523  1.7e-279  926.2   0.4   1   2    4e-110  6.3e-107  356.8   0.1     1   192     4   211     4   222 0.93 # 2857 # 4755 # 1 # ID=102_4;partial=00;start_type=ATG;rbs_motif=None;rbs_spacer=None;gc_cont=0.628
NODE_102_length_8978_cov_10.900915_4   -            633 7615at72274          -            523  1.7e-279  926.2   0.4   2   2  6.8e-174  1.1e-170  567.2   0.0   195   523   248   623   244   623 0.92 # 2857 # 4755 # 1 # ID=102_4;partial=00;start_type=ATG;rbs_motif=None;rbs_spacer=None;gc_cont=0.628
NODE_46_length_64128_cov_12.217778_14  -            687 7615at72274          -            523   8.8e-09   33.0   0.1   1   2    0.0054       8.4    3.3   0.1   137   238   166   266   158   279 0.72 # 14403 # 16463 # 1 # ID=46_14;partial=00;start_type=ATG;rbs_motif=GGAG/GAGG;rbs_spacer=5-10bp;gc_cont=0.626
NODE_46_length_64128_cov_12.217778_14  -            687 7615at72274          -            523   8.8e-09   33.0   0.1   2   2     3e-10   4.7e-07   27.3   0.0   295   397   417   519   408   540 0.82 # 14403 # 16463 # 1 # ID=46_14;partial=00;start_type=ATG;rbs_motif=GGAG/GAGG;rbs_spacer=5-10bp;gc_cont=0.626
NODE_31_length_94329_cov_11.803284_19  -            666 7615at72274          -            523   1.8e-07   28.6   0.0   1   2   2.2e-05     0.034   11.2   0.0   136   240   147   249   141   259 0.84 # 19031 # 21028 # 1 # ID=31_19;partial=00;start_type=ATG;rbs_motif=AGGAG;rbs_spacer=5-10bp;gc_cont=0.621
NODE_31_length_94329_cov_11.803284_19  -            666 7615at72274          -            523   1.8e-07   28.6   0.0   2   2   1.4e-06    0.0022   15.1   0.0   324   418   427   525   396   553 0.71 # 19031 # 21028 # 1 # ID=31_19;partial=00;start_type=ATG;rbs_motif=AGGAG;rbs_spacer=5-10bp;gc_cont=0.621
NODE_13_length_124624_cov_11.800035_37 -            353 7615at72274          -            523   0.00029   18.1   2.0   1   4      0.48   7.6e+02   -3.1   0.1   149   180    17    49    11    53 0.73 # 62463 # 63521 # -1 # ID=13_37;partial=00;start_type=ATG;rbs_motif=GGA/GAG/AGG;rbs_spacer=5-10bp;gc_cont=0.631
NODE_13_length_124624_cov_11.800035_37 -            353 7615at72274          -            523   0.00029   18.1   2.0   2   4   2.1e-05     0.032   11.3   0.0   299   347    65   114    57   123 0.89 # 62463 # 63521 # -1 # ID=13_37;partial=00;start_type=ATG;rbs_motif=GGA/GAG/AGG;rbs_spacer=5-10bp;gc_cont=0.631
NODE_13_length_124624_cov_11.800035_37 -            353 7615at72274          -            523   0.00029   18.1   2.0   3   4      0.37   5.9e+02   -2.8   0.0   199   211   188   200   173   203 0.75 # 62463 # 63521 # -1 # ID=13_37;partial=00;start_type=ATG;rbs_motif=GGA/GAG/AGG;rbs_spacer=5-10bp;gc_cont=0.631
NODE_13_length_124624_cov_11.800035_37 -            353 7615at72274          -            523   0.00029   18.1   2.0   4   4    0.0012       1.9    5.4   0.0   424   486   234   305   220   316 0.73 # 62463 # 63521 # -1 # ID=13_37;partial=00;start_type=ATG;rbs_motif=GGA/GAG/AGG;rbs_spacer=5-10bp;gc_cont=0.631
#
# Program:         hmmsearch
# Version:         3.1b2 (February 2015)
# Pipeline mode:   SEARCH
# Query file:      /data2/PEG/hoaxaca/REAA/Pseudomonas/bin/busco_downloads/lineages/pseudomonadales_odb10/hmms/7615at72274.hmm
# Target file:     /data2/PEG/hoaxaca/REAA/Pseudomonas/bin/../out/busco/trim_def.spades_kmer/prodigal_output/predicted_genes/predicted.faa
# Option settings: hmmsearch --domtblout /data2/PEG/hoaxaca/REAA/Pseudomonas/bin/../out/busco/trim_def.spades_kmer/run_pseudomonadales_odb10/hmmer_output/7615at72274.out --cpu 1 /data2/PEG/hoaxaca/REAA/Pseudomonas/bin/busco_downloads/lineages/pseudomonadales_odb10/hmms/7615at72274.hmm /data2/PEG/hoaxaca/REAA/Pseudomonas/bin/../out/busco/trim_def.spades_kmer/prodigal_output/predicted_genes/predicted.faa 
# Current dir:     /data2/PEG/hoaxaca/REAA/Pseudomonas/bin
# Date:            Mon Feb 20 00:40:14 2023
# [ok]
