#                                                                                             --- full sequence --- -------------- this domain -------------   hmm coord   ali coord   env coord
# target name                         accession   tlen query name           accession   qlen   E-value  score  bias   #  of  c-Evalue  i-Evalue  score  bias  from    to  from    to  from    to  acc description of target
#                 ------------------- ---------- ----- -------------------- ---------- ----- --------- ------ ----- --- --- --------- --------- ------ ----- ----- ----- ----- ----- ----- ----- ---- ---------------------
NODE_9_length_135493_cov_11.866710_51 -            582 9430at72274          -            446  7.9e-187  619.6   2.2   1   2   4.4e-25   5.5e-22   76.4   0.0     1    73    12    92    12    98 0.88 # 64199 # 65944 # -1 # ID=9_51;partial=00;start_type=ATG;rbs_motif=GGxGG;rbs_spacer=3-4bp;gc_cont=0.620
NODE_9_length_135493_cov_11.866710_51 -            582 9430at72274          -            446  7.9e-187  619.6   2.2   2   2  1.8e-166  2.2e-163  542.4   0.8    61   446   101   558    94   558 0.89 # 64199 # 65944 # -1 # ID=9_51;partial=00;start_type=ATG;rbs_motif=GGxGG;rbs_spacer=3-4bp;gc_cont=0.620
NODE_59_length_42079_cov_11.631889_34 -            631 9430at72274          -            446   4.4e-41  139.3   0.1   1   4   9.9e-07    0.0012   15.9   0.0     5    65    27    92    24   111 0.77 # 37440 # 39332 # -1 # ID=59_34;partial=00;start_type=ATG;rbs_motif=GGA/GAG/AGG;rbs_spacer=11-12bp;gc_cont=0.608
NODE_59_length_42079_cov_11.631889_34 -            631 9430at72274          -            446   4.4e-41  139.3   0.1   2   4      0.36   4.6e+02   -2.5   0.0    97   124   154   183   146   199 0.76 # 37440 # 39332 # -1 # ID=59_34;partial=00;start_type=ATG;rbs_motif=GGA/GAG/AGG;rbs_spacer=11-12bp;gc_cont=0.608
NODE_59_length_42079_cov_11.631889_34 -            631 9430at72274          -            446   4.4e-41  139.3   0.1   3   4   6.3e-24   7.9e-21   72.5   0.0   123   347   203   474   192   487 0.75 # 37440 # 39332 # -1 # ID=59_34;partial=00;start_type=ATG;rbs_motif=GGA/GAG/AGG;rbs_spacer=11-12bp;gc_cont=0.608
NODE_59_length_42079_cov_11.631889_34 -            631 9430at72274          -            446   4.4e-41  139.3   0.1   4   4     1e-14   1.3e-11   42.2   0.0   370   435   528   605   507   609 0.75 # 37440 # 39332 # -1 # ID=59_34;partial=00;start_type=ATG;rbs_motif=GGA/GAG/AGG;rbs_spacer=11-12bp;gc_cont=0.608
NODE_29_length_96877_cov_11.324072_35 -            633 9430at72274          -            446     4e-40  136.1   2.0   1   4     6e-06    0.0075   13.3   0.0     4    63    26    90    22   106 0.77 # 34686 # 36584 # 1 # ID=29_35;partial=00;start_type=ATG;rbs_motif=None;rbs_spacer=None;gc_cont=0.626
NODE_29_length_96877_cov_11.324072_35 -            633 9430at72274          -            446     4e-40  136.1   2.0   2   4      0.12   1.5e+02   -0.9   0.0    97   125   154   184   136   195 0.74 # 34686 # 36584 # 1 # ID=29_35;partial=00;start_type=ATG;rbs_motif=None;rbs_spacer=None;gc_cont=0.626
NODE_29_length_96877_cov_11.324072_35 -            633 9430at72274          -            446     4e-40  136.1   2.0   3   4     6e-24   7.6e-21   72.6   0.0   123   346   203   473   198   485 0.73 # 34686 # 36584 # 1 # ID=29_35;partial=00;start_type=ATG;rbs_motif=None;rbs_spacer=None;gc_cont=0.626
NODE_29_length_96877_cov_11.324072_35 -            633 9430at72274          -            446     4e-40  136.1   2.0   4   4   4.2e-15   5.3e-12   43.4   0.1   369   436   527   606   505   610 0.75 # 34686 # 36584 # 1 # ID=29_35;partial=00;start_type=ATG;rbs_motif=None;rbs_spacer=None;gc_cont=0.626
NODE_3_length_186977_cov_11.850067_39 -            766 9430at72274          -            446     0.012   12.7   0.0   1   1   1.6e-05      0.02   11.9   0.0   159   291   259   401   248   467 0.67 # 40845 # 43142 # 1 # ID=3_39;partial=00;start_type=TTG;rbs_motif=GGA/GAG/AGG;rbs_spacer=5-10bp;gc_cont=0.643
NODE_95_length_12661_cov_12.076671_5  -            820 9430at72274          -            446     0.023   11.7   0.0   1   2   4.8e-05     0.061   10.3   0.0   188   258   423   486   405   579 0.87 # 3450 # 5909 # -1 # ID=95_5;partial=00;start_type=TTG;rbs_motif=GGA/GAG/AGG;rbs_spacer=11-12bp;gc_cont=0.628
NODE_95_length_12661_cov_12.076671_5  -            820 9430at72274          -            446     0.023   11.7   0.0   2   2      0.38   4.7e+02   -2.5   0.0   419   436   729   746   669   748 0.60 # 3450 # 5909 # -1 # ID=95_5;partial=00;start_type=TTG;rbs_motif=GGA/GAG/AGG;rbs_spacer=11-12bp;gc_cont=0.628
#
# Program:         hmmsearch
# Version:         3.1b2 (February 2015)
# Pipeline mode:   SEARCH
# Query file:      /data2/PEG/hoaxaca/REAA/Pseudomonas/bin/busco_downloads/lineages/pseudomonadales_odb10/hmms/9430at72274.hmm
# Target file:     /data2/PEG/hoaxaca/REAA/Pseudomonas/bin/../out/busco/trim_def.spades_kmer/prodigal_output/predicted_genes/predicted.faa
# Option settings: hmmsearch --domtblout /data2/PEG/hoaxaca/REAA/Pseudomonas/bin/../out/busco/trim_def.spades_kmer/run_pseudomonadales_odb10/hmmer_output/9430at72274.out --cpu 1 /data2/PEG/hoaxaca/REAA/Pseudomonas/bin/busco_downloads/lineages/pseudomonadales_odb10/hmms/9430at72274.hmm /data2/PEG/hoaxaca/REAA/Pseudomonas/bin/../out/busco/trim_def.spades_kmer/prodigal_output/predicted_genes/predicted.faa 
# Current dir:     /data2/PEG/hoaxaca/REAA/Pseudomonas/bin
# Date:            Mon Feb 20 00:40:17 2023
# [ok]
