#                                                                                             --- full sequence --- -------------- this domain -------------   hmm coord   ali coord   env coord
# target name                         accession   tlen query name           accession   qlen   E-value  score  bias   #  of  c-Evalue  i-Evalue  score  bias  from    to  from    to  from    to  acc description of target
#                 ------------------- ---------- ----- -------------------- ---------- ----- --------- ------ ----- --- --- --------- --------- ------ ----- ----- ----- ----- ----- ----- ----- ---- ---------------------
NODE_80_length_19992_cov_29.714515_7  -            473 11099at72274         -            420  6.5e-247  817.5   7.9   1   1  1.4e-249  1.8e-246  816.1   7.9     1   420     2   469     2   469 0.93 # 6451 # 7869 # -1 # ID=80_7;partial=00;start_type=ATG;rbs_motif=GGAG/GAGG;rbs_spacer=5-10bp;gc_cont=0.614
NODE_81_length_19758_cov_29.209978_18 -            474 11099at72274         -            420  6.4e-152  504.6   0.8   1   1    1e-154  1.3e-151  503.6   0.8     2   420     4   467     3   467 0.89 # 15223 # 16644 # 1 # ID=81_18;partial=00;start_type=ATG;rbs_motif=GGA/GAG/AGG;rbs_spacer=5-10bp;gc_cont=0.649
NODE_2_length_234165_cov_30.973912_57 -            914 11099at72274         -            420   1.4e-19   68.6   0.0   1   2   1.9e-15   2.3e-12   44.9   0.0   116   232   206   328   188   345 0.85 # 67948 # 70689 # -1 # ID=2_57;partial=00;start_type=ATG;rbs_motif=AGGAG;rbs_spacer=5-10bp;gc_cont=0.623
NODE_2_length_234165_cov_30.973912_57 -            914 11099at72274         -            420   1.4e-19   68.6   0.0   2   2   2.4e-08     3e-05   21.5   0.0   299   415   450   582   424   587 0.75 # 67948 # 70689 # -1 # ID=2_57;partial=00;start_type=ATG;rbs_motif=AGGAG;rbs_spacer=5-10bp;gc_cont=0.623
NODE_40_length_63675_cov_29.873774_29 -            865 11099at72274         -            420   2.7e-15   54.6   0.2   1   2   7.4e-15   9.3e-12   42.9   0.1   113   232   192   316   169   332 0.88 # 28889 # 31483 # 1 # ID=40_29;partial=00;start_type=ATG;rbs_motif=GGA/GAG/AGG;rbs_spacer=5-10bp;gc_cont=0.642
NODE_40_length_63675_cov_29.873774_29 -            865 11099at72274         -            420   2.7e-15   54.6   0.2   2   2    0.0001      0.13    9.5   0.0   300   415   403   534   393   539 0.69 # 28889 # 31483 # 1 # ID=40_29;partial=00;start_type=ATG;rbs_motif=GGA/GAG/AGG;rbs_spacer=5-10bp;gc_cont=0.642
NODE_88_length_16211_cov_29.809308_2  -            872 11099at72274         -            420   7.2e-15   53.2   0.0   1   2     0.038        48    1.0   0.0   112   213   492   595   480   618 0.71 # 948 # 3563 # 1 # ID=88_2;partial=00;start_type=ATG;rbs_motif=GGA/GAG/AGG;rbs_spacer=5-10bp;gc_cont=0.605
NODE_88_length_16211_cov_29.809308_2  -            872 11099at72274         -            420   7.2e-15   53.2   0.0   2   2   6.5e-17   8.2e-14   49.7   0.0   290   416   702   825   645   829 0.86 # 948 # 3563 # 1 # ID=88_2;partial=00;start_type=ATG;rbs_motif=GGA/GAG/AGG;rbs_spacer=5-10bp;gc_cont=0.605
#
# Program:         hmmsearch
# Version:         3.1b2 (February 2015)
# Pipeline mode:   SEARCH
# Query file:      /data2/PEG/hoaxaca/REAA/Pseudomonas/bin/busco_downloads/lineages/pseudomonadales_odb10/hmms/11099at72274.hmm
# Target file:     /data2/PEG/hoaxaca/REAA/Pseudomonas/bin/../out/busco/trim_75clip.spades_kmer/prodigal_output/predicted_genes/predicted.faa
# Option settings: hmmsearch --domtblout /data2/PEG/hoaxaca/REAA/Pseudomonas/bin/../out/busco/trim_75clip.spades_kmer/run_pseudomonadales_odb10/hmmer_output/11099at72274.out --cpu 1 /data2/PEG/hoaxaca/REAA/Pseudomonas/bin/busco_downloads/lineages/pseudomonadales_odb10/hmms/11099at72274.hmm /data2/PEG/hoaxaca/REAA/Pseudomonas/bin/../out/busco/trim_75clip.spades_kmer/prodigal_output/predicted_genes/predicted.faa 
# Current dir:     /data2/PEG/hoaxaca/REAA/Pseudomonas/bin
# Date:            Mon Feb 20 00:33:14 2023
# [ok]
