#                                                                                              --- full sequence --- -------------- this domain -------------   hmm coord   ali coord   env coord
# target name                          accession   tlen query name           accession   qlen   E-value  score  bias   #  of  c-Evalue  i-Evalue  score  bias  from    to  from    to  from    to  acc description of target
#                  ------------------- ---------- ----- -------------------- ---------- ----- --------- ------ ----- --- --- --------- --------- ------ ----- ----- ----- ----- ----- ----- ----- ---- ---------------------
NODE_21_length_102314_cov_32.189096_33 -            465 11418at72274         -            383  1.1e-192  638.5   0.1   1   2   4.4e-18   6.9e-15   53.3   0.0     1    50    18    73    18    87 0.89 # 36648 # 38042 # 1 # ID=21_33;partial=00;start_type=ATG;rbs_motif=None;rbs_spacer=None;gc_cont=0.607
NODE_21_length_102314_cov_32.189096_33 -            465 11418at72274         -            383  1.1e-192  638.5   0.1   2   2  3.7e-179  5.8e-176  583.5   0.1    45   382    90   456    85   457 0.94 # 36648 # 38042 # 1 # ID=21_33;partial=00;start_type=ATG;rbs_motif=None;rbs_spacer=None;gc_cont=0.607
NODE_8_length_148186_cov_31.798334_73  -            470 11418at72274         -            383   4.8e-67  225.0   1.0   1   2      0.28   4.4e+02   -2.0   0.0     8    35    14    44     9    56 0.77 # 54639 # 56048 # -1 # ID=8_73;partial=00;start_type=ATG;rbs_motif=GGAGG;rbs_spacer=3-4bp;gc_cont=0.617
NODE_8_length_148186_cov_31.798334_73  -            470 11418at72274         -            383   4.8e-67  225.0   1.0   2   2   6.9e-70   1.1e-66  223.8   0.9    56   381    88   438    77   440 0.86 # 54639 # 56048 # -1 # ID=8_73;partial=00;start_type=ATG;rbs_motif=GGAGG;rbs_spacer=3-4bp;gc_cont=0.617
NODE_59_length_41747_cov_29.720340_3   -            501 11418at72274         -            383    0.0028   15.1   0.1   1   2   0.00012       0.2    9.0   0.0   134   173    13    53     4    57 0.86 # 2354 # 3856 # 1 # ID=59_3;partial=00;start_type=TTG;rbs_motif=GGAG/GAGG;rbs_spacer=5-10bp;gc_cont=0.603
NODE_59_length_41747_cov_29.720340_3   -            501 11418at72274         -            383    0.0028   15.1   0.1   2   2    0.0065        10    3.4   0.0   227   265   333   372   319   385 0.76 # 2354 # 3856 # 1 # ID=59_3;partial=00;start_type=TTG;rbs_motif=GGAG/GAGG;rbs_spacer=5-10bp;gc_cont=0.603
NODE_28_length_85663_cov_33.283895_13  -            487 11418at72274         -            383     0.063   10.6   0.1   1   2    0.0014       2.2    5.6   0.0   130   170     4    45     1    85 0.80 # 8387 # 9847 # -1 # ID=28_13;partial=00;start_type=GTG;rbs_motif=GGA/GAG/AGG;rbs_spacer=5-10bp;gc_cont=0.554
NODE_28_length_85663_cov_33.283895_13  -            487 11418at72274         -            383     0.063   10.6   0.1   2   2    0.0096        15    2.8   0.1   130   172   239   282   235   291 0.81 # 8387 # 9847 # -1 # ID=28_13;partial=00;start_type=GTG;rbs_motif=GGA/GAG/AGG;rbs_spacer=5-10bp;gc_cont=0.554
#
# Program:         hmmsearch
# Version:         3.1b2 (February 2015)
# Pipeline mode:   SEARCH
# Query file:      /data2/PEG/hoaxaca/REAA/Pseudomonas/bin/busco_downloads/lineages/pseudomonadales_odb10/hmms/11418at72274.hmm
# Target file:     /data2/PEG/hoaxaca/REAA/Pseudomonas/bin/../out/busco/trim_75clip.spades_kmer/prodigal_output/predicted_genes/predicted.faa
# Option settings: hmmsearch --domtblout /data2/PEG/hoaxaca/REAA/Pseudomonas/bin/../out/busco/trim_75clip.spades_kmer/run_pseudomonadales_odb10/hmmer_output/11418at72274.out --cpu 1 /data2/PEG/hoaxaca/REAA/Pseudomonas/bin/busco_downloads/lineages/pseudomonadales_odb10/hmms/11418at72274.hmm /data2/PEG/hoaxaca/REAA/Pseudomonas/bin/../out/busco/trim_75clip.spades_kmer/prodigal_output/predicted_genes/predicted.faa 
# Current dir:     /data2/PEG/hoaxaca/REAA/Pseudomonas/bin
# Date:            Mon Feb 20 00:33:14 2023
# [ok]
