#                                                                                              --- full sequence --- -------------- this domain -------------   hmm coord   ali coord   env coord
# target name                          accession   tlen query name           accession   qlen   E-value  score  bias   #  of  c-Evalue  i-Evalue  score  bias  from    to  from    to  from    to  acc description of target
#                  ------------------- ---------- ----- -------------------- ---------- ----- --------- ------ ----- --- --- --------- --------- ------ ----- ----- ----- ----- ----- ----- ----- ---- ---------------------
NODE_25_length_96862_cov_30.632523_58  -            428 11748at72274         -            371  6.4e-201  665.3   4.9   1   1  1.9e-203    1e-200  664.7   4.9     2   371     6   426     5   426 0.91 # 58616 # 59899 # -1 # ID=25_58;partial=00;start_type=ATG;rbs_motif=GGA/GAG/AGG;rbs_spacer=5-10bp;gc_cont=0.646
NODE_34_length_71337_cov_31.902052_35  -            417 11748at72274         -            371     1e-37  128.3   0.4   1   1     1e-39   5.2e-37  125.9   0.4    30   285    22   301    15   321 0.77 # 36915 # 38165 # -1 # ID=34_35;partial=00;start_type=ATG;rbs_motif=GGA/GAG/AGG;rbs_spacer=5-10bp;gc_cont=0.616
NODE_42_length_61650_cov_30.701454_17  -            426 11748at72274         -            371   6.1e-32  109.3   4.5   1   1   1.9e-34   9.8e-32  108.6   4.5    25   299    24   325    13   358 0.76 # 28074 # 29351 # 1 # ID=42_17;partial=00;start_type=ATG;rbs_motif=GGAG/GAGG;rbs_spacer=5-10bp;gc_cont=0.624
NODE_9_length_146128_cov_31.603137_43  -            467 11748at72274         -            371   1.7e-28   98.0   0.1   1   1   5.4e-31   2.8e-28   97.2   0.1    26   282    57   337    49   369 0.80 # 49449 # 50849 # -1 # ID=9_43;partial=00;start_type=ATG;rbs_motif=GGA/GAG/AGG;rbs_spacer=5-10bp;gc_cont=0.581
NODE_69_length_28847_cov_30.924718_13  -            407 11748at72274         -            371     1e-24   85.5   0.4   1   1   2.8e-27   1.5e-24   85.0   0.4    23   301    25   313    14   349 0.73 # 14020 # 15240 # 1 # ID=69_13;partial=00;start_type=ATG;rbs_motif=AGGAG;rbs_spacer=5-10bp;gc_cont=0.631
NODE_81_length_19758_cov_29.209978_7   -            467 11748at72274         -            371   2.6e-23   80.9   0.0   1   2   1.6e-13   8.5e-11   39.7   0.0    29   139    52   176    35   190 0.77 # 6680 # 8080 # 1 # ID=81_7;partial=00;start_type=ATG;rbs_motif=GGAG/GAGG;rbs_spacer=5-10bp;gc_cont=0.643
NODE_81_length_19758_cov_29.209978_7   -            467 11748at72274         -            371   2.6e-23   80.9   0.0   2   2   2.6e-13   1.4e-10   39.0   0.0   178   285   234   342   213   356 0.86 # 6680 # 8080 # 1 # ID=81_7;partial=00;start_type=ATG;rbs_motif=GGAG/GAGG;rbs_spacer=5-10bp;gc_cont=0.643
NODE_2_length_234165_cov_30.973912_117 -            390 11748at72274         -            371   2.5e-22   77.6   0.0   1   1   6.4e-25   3.4e-22   77.2   0.0    31   285    22   288    13   309 0.77 # 136005 # 137174 # 1 # ID=2_117;partial=00;start_type=ATG;rbs_motif=GGAG/GAGG;rbs_spacer=5-10bp;gc_cont=0.635
NODE_17_length_110079_cov_30.099496_2  -            450 11748at72274         -            371   8.1e-22   76.0   0.3   1   2     2e-06     0.001   16.4   0.0    27   114    38   135    33   166 0.74 # 1698 # 3047 # -1 # ID=17_2;partial=00;start_type=ATG;rbs_motif=GGAG/GAGG;rbs_spacer=5-10bp;gc_cont=0.599
NODE_17_length_110079_cov_30.099496_2  -            450 11748at72274         -            371   8.1e-22   76.0   0.3   2   2   6.5e-19   3.4e-16   57.5   0.1   174   304   218   360   186   375 0.77 # 1698 # 3047 # -1 # ID=17_2;partial=00;start_type=ATG;rbs_motif=GGAG/GAGG;rbs_spacer=5-10bp;gc_cont=0.599
NODE_5_length_204350_cov_31.943180_111 -            427 11748at72274         -            371   1.5e-21   75.1   0.1   1   1   4.4e-24   2.3e-21   74.5   0.1    29   285    48   311    36   377 0.77 # 127201 # 128481 # 1 # ID=5_111;partial=00;start_type=ATG;rbs_motif=GGA/GAG/AGG;rbs_spacer=5-10bp;gc_cont=0.616
NODE_4_length_205576_cov_31.615476_198 -            421 11748at72274         -            371   1.9e-18   64.9   0.0   1   1   3.8e-20     2e-17   61.5   0.0    27   249    15   267    10   299 0.80 # 188392 # 189654 # 1 # ID=4_198;partial=00;start_type=ATG;rbs_motif=GGA/GAG/AGG;rbs_spacer=5-10bp;gc_cont=0.621
NODE_31_length_78647_cov_30.813941_80  -            469 11748at72274         -            371   3.8e-16   57.3   0.0   1   2   5.2e-05     0.028   11.7   0.0    32    65    39    73    32   168 0.74 # 75420 # 76826 # -1 # ID=31_80;partial=00;start_type=ATG;rbs_motif=AGGAG;rbs_spacer=5-10bp;gc_cont=0.618
NODE_31_length_78647_cov_30.813941_80  -            469 11748at72274         -            371   3.8e-16   57.3   0.0   2   2   1.1e-14   5.8e-12   43.5   0.0   163   287   201   336   186   363 0.78 # 75420 # 76826 # -1 # ID=31_80;partial=00;start_type=ATG;rbs_motif=AGGAG;rbs_spacer=5-10bp;gc_cont=0.618
NODE_108_length_8507_cov_33.452562_5   -            465 11748at72274         -            371   8.7e-12   43.0   0.1   1   2     0.009       4.7    4.3   0.0    29   129    40   153    32   160 0.61 # 5305 # 6699 # -1 # ID=108_5;partial=00;start_type=ATG;rbs_motif=AGGA/GGAG/GAGG;rbs_spacer=11-12bp;gc_cont=0.594
NODE_108_length_8507_cov_33.452562_5   -            465 11748at72274         -            371   8.7e-12   43.0   0.1   2   2   2.6e-12   1.4e-09   35.7   0.0   171   285   220   339   191   356 0.83 # 5305 # 6699 # -1 # ID=108_5;partial=00;start_type=ATG;rbs_motif=AGGA/GGAG/GAGG;rbs_spacer=11-12bp;gc_cont=0.594
#
# Program:         hmmsearch
# Version:         3.1b2 (February 2015)
# Pipeline mode:   SEARCH
# Query file:      /data2/PEG/hoaxaca/REAA/Pseudomonas/bin/busco_downloads/lineages/pseudomonadales_odb10/hmms/11748at72274.hmm
# Target file:     /data2/PEG/hoaxaca/REAA/Pseudomonas/bin/../out/busco/trim_75clip.spades_kmer/prodigal_output/predicted_genes/predicted.faa
# Option settings: hmmsearch --domtblout /data2/PEG/hoaxaca/REAA/Pseudomonas/bin/../out/busco/trim_75clip.spades_kmer/run_pseudomonadales_odb10/hmmer_output/11748at72274.out --cpu 1 /data2/PEG/hoaxaca/REAA/Pseudomonas/bin/busco_downloads/lineages/pseudomonadales_odb10/hmms/11748at72274.hmm /data2/PEG/hoaxaca/REAA/Pseudomonas/bin/../out/busco/trim_75clip.spades_kmer/prodigal_output/predicted_genes/predicted.faa 
# Current dir:     /data2/PEG/hoaxaca/REAA/Pseudomonas/bin
# Date:            Mon Feb 20 00:33:15 2023
# [ok]
