#                                                                                               --- full sequence --- -------------- this domain -------------   hmm coord   ali coord   env coord
# target name                           accession   tlen query name           accession   qlen   E-value  score  bias   #  of  c-Evalue  i-Evalue  score  bias  from    to  from    to  from    to  acc description of target
#                   ------------------- ---------- ----- -------------------- ---------- ----- --------- ------ ----- --- --- --------- --------- ------ ----- ----- ----- ----- ----- ----- ----- ---- ---------------------
NODE_6_length_202096_cov_31.427584_134  -            465 13951at72274         -            410  5.9e-248  821.0   0.3   1   1  7.4e-251  6.7e-248  820.8   0.3     1   410    10   456    10   456 0.94 # 138603 # 139997 # 1 # ID=6_134;partial=00;start_type=ATG;rbs_motif=GGA/GAG/AGG;rbs_spacer=5-10bp;gc_cont=0.642
NODE_19_length_106954_cov_31.065364_102 -            476 13951at72274         -            410  5.7e-102  340.2   0.0   1   1  7.4e-105  6.7e-102  340.0   0.0     1   409     9   454     9   455 0.86 # 95727 # 97154 # -1 # ID=19_102;partial=00;start_type=ATG;rbs_motif=GGAG/GAGG;rbs_spacer=5-10bp;gc_cont=0.634
NODE_16_length_120385_cov_32.517862_30  -            537 13951at72274         -            410   4.6e-30  103.3   0.1   1   1   7.4e-33   6.7e-30  102.8   0.1    38   358    79   421    71   437 0.79 # 22181 # 23791 # 1 # ID=16_30;partial=00;start_type=ATG;rbs_motif=GGAG/GAGG;rbs_spacer=5-10bp;gc_cont=0.621
NODE_47_length_52767_cov_33.126623_22   -            455 13951at72274         -            410   2.7e-09   34.9   0.0   1   1   4.9e-12   4.4e-09   34.2   0.0    90   281   102   307    91   317 0.78 # 25071 # 26435 # 1 # ID=47_22;partial=00;start_type=ATG;rbs_motif=GGA/GAG/AGG;rbs_spacer=5-10bp;gc_cont=0.647
NODE_23_length_101354_cov_30.913200_59  -            475 13951at72274         -            410   1.3e-07   29.4   0.0   1   1   2.2e-10     2e-07   28.8   0.0    95   295   142   365   134   403 0.71 # 67823 # 69247 # 1 # ID=23_59;partial=00;start_type=ATG;rbs_motif=GGA/GAG/AGG;rbs_spacer=11-12bp;gc_cont=0.622
NODE_3_length_205623_cov_31.972892_68   -            459 13951at72274         -            410     1e-05   23.1   0.1   1   1   2.7e-08   2.5e-05   21.9   0.1    90   286   126   344   101   437 0.73 # 81783 # 83159 # 1 # ID=3_68;partial=00;start_type=ATG;rbs_motif=AGGA;rbs_spacer=5-10bp;gc_cont=0.609
NODE_53_length_49217_cov_31.460930_2    -            463 13951at72274         -            410    0.0095   13.4   0.0   1   1   2.6e-05     0.024   12.1   0.0   124   280   173   342   136   383 0.80 # 1211 # 2599 # -1 # ID=53_2;partial=00;start_type=ATG;rbs_motif=AGGAG;rbs_spacer=5-10bp;gc_cont=0.639
#
# Program:         hmmsearch
# Version:         3.1b2 (February 2015)
# Pipeline mode:   SEARCH
# Query file:      /data2/PEG/hoaxaca/REAA/Pseudomonas/bin/busco_downloads/lineages/pseudomonadales_odb10/hmms/13951at72274.hmm
# Target file:     /data2/PEG/hoaxaca/REAA/Pseudomonas/bin/../out/busco/trim_75clip.spades_kmer/prodigal_output/predicted_genes/predicted.faa
# Option settings: hmmsearch --domtblout /data2/PEG/hoaxaca/REAA/Pseudomonas/bin/../out/busco/trim_75clip.spades_kmer/run_pseudomonadales_odb10/hmmer_output/13951at72274.out --cpu 1 /data2/PEG/hoaxaca/REAA/Pseudomonas/bin/busco_downloads/lineages/pseudomonadales_odb10/hmms/13951at72274.hmm /data2/PEG/hoaxaca/REAA/Pseudomonas/bin/../out/busco/trim_75clip.spades_kmer/prodigal_output/predicted_genes/predicted.faa 
# Current dir:     /data2/PEG/hoaxaca/REAA/Pseudomonas/bin
# Date:            Mon Feb 20 00:33:17 2023
# [ok]
