#                                                                                              --- full sequence --- -------------- this domain -------------   hmm coord   ali coord   env coord
# target name                          accession   tlen query name           accession   qlen   E-value  score  bias   #  of  c-Evalue  i-Evalue  score  bias  from    to  from    to  from    to  acc description of target
#                  ------------------- ---------- ----- -------------------- ---------- ----- --------- ------ ----- --- --- --------- --------- ------ ----- ----- ----- ----- ----- ----- ----- ---- ---------------------
NODE_37_length_65509_cov_31.675108_39  -            400 14552at72274         -            324  2.7e-151  501.7   0.0   1   1  2.5e-152  6.3e-150  497.2   0.0     1   323     8   392     8   393 0.91 # 43109 # 44308 # 1 # ID=37_39;partial=00;start_type=ATG;rbs_motif=GGA/GAG/AGG;rbs_spacer=5-10bp;gc_cont=0.636
NODE_19_length_106954_cov_31.065364_56 -            406 14552at72274         -            324   1.1e-33  115.2   0.0   1   1   3.9e-34   9.7e-32  108.8   0.0    15   323    39   391    31   392 0.75 # 54621 # 55838 # -1 # ID=19_56;partial=00;start_type=ATG;rbs_motif=GGAG/GAGG;rbs_spacer=5-10bp;gc_cont=0.612
NODE_41_length_62850_cov_33.559968_29  -            383 14552at72274         -            324   1.1e-30  105.5   0.0   1   2   1.8e-32   4.6e-30  103.4   0.0    14   268    26   296    13   310 0.83 # 24773 # 25921 # 1 # ID=41_29;partial=00;start_type=ATG;rbs_motif=GGA/GAG/AGG;rbs_spacer=5-10bp;gc_cont=0.610
NODE_41_length_62850_cov_33.559968_29  -            383 14552at72274         -            324   1.1e-30  105.5   0.0   2   2      0.69   1.8e+02   -0.4   0.0   274   321   329   378   309   380 0.76 # 24773 # 25921 # 1 # ID=41_29;partial=00;start_type=ATG;rbs_motif=GGA/GAG/AGG;rbs_spacer=5-10bp;gc_cont=0.610
NODE_9_length_146128_cov_31.603137_107 -            665 14552at72274         -            324   6.5e-28   96.3   0.0   1   1   4.3e-30   1.1e-27   95.5   0.0    15   267    35   302    30   384 0.80 # 134509 # 136503 # -1 # ID=9_107;partial=00;start_type=ATG;rbs_motif=GGAG/GAGG;rbs_spacer=5-10bp;gc_cont=0.625
NODE_70_length_27572_cov_32.653926_17  -            401 14552at72274         -            324   4.6e-26   90.2   0.0   1   1   2.7e-28   6.9e-26   89.6   0.0    14   294    34   339    24   352 0.81 # 17279 # 18481 # 1 # ID=70_17;partial=00;start_type=ATG;rbs_motif=AGGAG;rbs_spacer=5-10bp;gc_cont=0.633
NODE_15_length_122432_cov_30.555546_32 -            404 14552at72274         -            324   2.6e-25   87.8   0.0   1   1   1.4e-27   3.6e-25   87.2   0.0    15   218    35   253    28   274 0.83 # 39600 # 40811 # -1 # ID=15_32;partial=00;start_type=ATG;rbs_motif=AGGA;rbs_spacer=5-10bp;gc_cont=0.619
NODE_63_length_36680_cov_29.529354_3   -            410 14552at72274         -            324   4.6e-22   77.0   0.0   1   1   2.4e-24   6.1e-22   76.7   0.0    15   268    38   309    30   365 0.77 # 1765 # 2994 # 1 # ID=63_3;partial=00;start_type=ATG;rbs_motif=GGAG/GAGG;rbs_spacer=5-10bp;gc_cont=0.649
NODE_43_length_58110_cov_31.497570_32  -            404 14552at72274         -            324   1.9e-20   71.7   0.0   1   1   1.1e-22   2.9e-20   71.1   0.0    16   269    36   307    31   338 0.71 # 35419 # 36630 # 1 # ID=43_32;partial=00;start_type=ATG;rbs_motif=GGAGG;rbs_spacer=5-10bp;gc_cont=0.647
NODE_36_length_67241_cov_31.105619_60  -            403 14552at72274         -            324   3.4e-19   67.6   0.0   1   1   2.1e-21   5.2e-19   67.0   0.0    15   283    36   332    27   341 0.79 # 57093 # 58301 # 1 # ID=36_60;partial=00;start_type=ATG;rbs_motif=GGA/GAG/AGG;rbs_spacer=5-10bp;gc_cont=0.639
NODE_12_length_139267_cov_38.882874_18 -            391 14552at72274         -            324     1e-12   46.4   0.0   1   1   7.4e-13   1.9e-10   38.9   0.0    15   322    35   381    28   383 0.69 # 16795 # 17967 # -1 # ID=12_18;partial=00;start_type=ATG;rbs_motif=AGGA;rbs_spacer=5-10bp;gc_cont=0.617
NODE_40_length_63675_cov_29.873774_39  -            475 14552at72274         -            324   2.3e-11   41.9   0.0   1   1   1.3e-13   3.2e-11   41.4   0.0    40   251   144   360   121   403 0.78 # 43305 # 44729 # 1 # ID=40_39;partial=00;start_type=ATG;rbs_motif=GGA/GAG/AGG;rbs_spacer=5-10bp;gc_cont=0.620
NODE_94_length_14162_cov_29.251508_7   -            383 14552at72274         -            324   7.5e-10   36.9   0.0   1   1   7.6e-12   1.9e-09   35.6   0.0    19   220    31   246    26   265 0.77 # 6135 # 7283 # 1 # ID=94_7;partial=00;start_type=ATG;rbs_motif=GGA/GAG/AGG;rbs_spacer=5-10bp;gc_cont=0.636
NODE_3_length_205623_cov_31.972892_91  -            351 14552at72274         -            324     2e-08   32.2   0.0   1   1   1.5e-10   3.7e-08   31.4   0.0    22   259    35   267    17   287 0.74 # 99569 # 100621 # 1 # ID=3_91;partial=00;start_type=ATG;rbs_motif=GGA/GAG/AGG;rbs_spacer=5-10bp;gc_cont=0.617
NODE_6_length_202096_cov_31.427584_174 -            475 14552at72274         -            324   1.1e-07   29.9   0.0   1   1   1.9e-09   4.8e-07   27.7   0.0   136   268   246   379   106   407 0.73 # 178282 # 179706 # 1 # ID=6_174;partial=00;start_type=ATG;rbs_motif=GGA/GAG/AGG;rbs_spacer=5-10bp;gc_cont=0.618
NODE_27_length_85717_cov_31.296630_67  -            480 14552at72274         -            324   1.2e-07   29.7   0.0   1   1     8e-10     2e-07   28.9   0.0   123   271   236   385   134   429 0.75 # 65344 # 66783 # -1 # ID=27_67;partial=00;start_type=ATG;rbs_motif=GGA/GAG/AGG;rbs_spacer=5-10bp;gc_cont=0.622
NODE_2_length_234165_cov_30.973912_139 -            371 14552at72274         -            324   1.7e-07   29.2   0.0   1   1   9.8e-10   2.5e-07   28.6   0.0    26   258    52   283    37   296 0.63 # 161644 # 162756 # 1 # ID=2_139;partial=00;start_type=ATG;rbs_motif=GGAG/GAGG;rbs_spacer=5-10bp;gc_cont=0.615
NODE_8_length_148186_cov_31.798334_28  -            462 14552at72274         -            324   4.4e-07   27.8   0.0   1   1   3.3e-09   8.2e-07   26.9   0.0   119   225   226   330   126   403 0.66 # 17866 # 19251 # -1 # ID=8_28;partial=00;start_type=ATG;rbs_motif=GGA/GAG/AGG;rbs_spacer=5-10bp;gc_cont=0.543
NODE_64_length_36205_cov_31.746859_12  -            475 14552at72274         -            324   8.5e-07   26.9   0.0   1   1   4.8e-09   1.2e-06   26.4   0.0    40   235   142   344   127   403 0.77 # 11322 # 12746 # 1 # ID=64_12;partial=00;start_type=ATG;rbs_motif=GGA/GAG/AGG;rbs_spacer=5-10bp;gc_cont=0.624
NODE_12_length_139267_cov_38.882874_70 -            424 14552at72274         -            324   9.8e-07   26.7   0.0   1   1   7.2e-09   1.8e-06   25.8   0.0    66   226   103   268    67   288 0.74 # 80660 # 81931 # 1 # ID=12_70;partial=00;start_type=ATG;rbs_motif=GGA/GAG/AGG;rbs_spacer=5-10bp;gc_cont=0.489
NODE_4_length_205576_cov_31.615476_182 -            443 14552at72274         -            324   1.9e-06   25.8   0.0   1   1   1.1e-08   2.7e-06   25.3   0.0   140   266   231   352   110   379 0.77 # 173118 # 174446 # -1 # ID=4_182;partial=00;start_type=ATG;rbs_motif=GGA/GAG/AGG;rbs_spacer=5-10bp;gc_cont=0.663
NODE_22_length_101372_cov_30.379597_96 -            330 14552at72274         -            324   1.3e-05   23.0   0.0   1   1   9.2e-08   2.3e-05   22.2   0.0   130   227   123   215   111   220 0.77 # 98813 # 99802 # 1 # ID=22_96;partial=00;start_type=ATG;rbs_motif=GGxGG;rbs_spacer=5-10bp;gc_cont=0.649
NODE_48_length_52376_cov_31.184643_12  -            442 14552at72274         -            324   2.1e-05   22.3   0.0   1   1   1.1e-07   2.8e-05   21.9   0.0   119   281   208   378   118   389 0.79 # 12466 # 13791 # 1 # ID=48_12;partial=00;start_type=ATG;rbs_motif=GGA/GAG/AGG;rbs_spacer=5-10bp;gc_cont=0.643
NODE_8_length_148186_cov_31.798334_157 -            470 14552at72274         -            324   0.00029   18.5   0.0   1   1   2.4e-06   0.00061   17.5   0.0   138   266   249   378   232   410 0.69 # 142590 # 143999 # 1 # ID=8_157;partial=00;start_type=ATG;rbs_motif=GGA/GAG/AGG;rbs_spacer=5-10bp;gc_cont=0.623
NODE_24_length_98089_cov_32.704420_9   -            404 14552at72274         -            324   0.00068   17.4   0.1   1   2   8.9e-06    0.0022   15.6   0.0   120   178   147   205   137   217 0.86 # 8656 # 9867 # 1 # ID=24_9;partial=00;start_type=ATG;rbs_motif=AGGAG;rbs_spacer=5-10bp;gc_cont=0.631
NODE_24_length_98089_cov_32.704420_9   -            404 14552at72274         -            324   0.00068   17.4   0.1   2   2       2.3   5.9e+02   -2.2   0.0    40    82   294   337   275   342 0.66 # 8656 # 9867 # 1 # ID=24_9;partial=00;start_type=ATG;rbs_motif=AGGAG;rbs_spacer=5-10bp;gc_cont=0.631
NODE_15_length_122432_cov_30.555546_81 -            389 14552at72274         -            324   0.00092   16.9   0.0   1   1     7e-06    0.0018   16.0   0.0   118   269   138   293    46   320 0.63 # 91747 # 92913 # 1 # ID=15_81;partial=00;start_type=ATG;rbs_motif=None;rbs_spacer=None;gc_cont=0.622
#
# Program:         hmmsearch
# Version:         3.1b2 (February 2015)
# Pipeline mode:   SEARCH
# Query file:      /data2/PEG/hoaxaca/REAA/Pseudomonas/bin/busco_downloads/lineages/pseudomonadales_odb10/hmms/14552at72274.hmm
# Target file:     /data2/PEG/hoaxaca/REAA/Pseudomonas/bin/../out/busco/trim_75clip.spades_kmer/prodigal_output/predicted_genes/predicted.faa
# Option settings: hmmsearch --domtblout /data2/PEG/hoaxaca/REAA/Pseudomonas/bin/../out/busco/trim_75clip.spades_kmer/run_pseudomonadales_odb10/hmmer_output/14552at72274.out --cpu 1 /data2/PEG/hoaxaca/REAA/Pseudomonas/bin/busco_downloads/lineages/pseudomonadales_odb10/hmms/14552at72274.hmm /data2/PEG/hoaxaca/REAA/Pseudomonas/bin/../out/busco/trim_75clip.spades_kmer/prodigal_output/predicted_genes/predicted.faa 
# Current dir:     /data2/PEG/hoaxaca/REAA/Pseudomonas/bin
# Date:            Mon Feb 20 00:33:19 2023
# [ok]
