#                                                                                               --- full sequence --- -------------- this domain -------------   hmm coord   ali coord   env coord
# target name                           accession   tlen query name           accession   qlen   E-value  score  bias   #  of  c-Evalue  i-Evalue  score  bias  from    to  from    to  from    to  acc description of target
#                   ------------------- ---------- ----- -------------------- ---------- ----- --------- ------ ----- --- --- --------- --------- ------ ----- ----- ----- ----- ----- ----- ----- ---- ---------------------
NODE_3_length_205623_cov_31.972892_140  -            482 14956at72274         -            420  3.7e-237  785.5   0.1   1   1  4.1e-240  4.3e-237  785.3   0.1     1   419    11   464    11   465 0.95 # 148981 # 150426 # 1 # ID=3_140;partial=00;start_type=ATG;rbs_motif=GGAGG;rbs_spacer=5-10bp;gc_cont=0.631
NODE_25_length_96862_cov_30.632523_20   -            450 14956at72274         -            420   4.3e-43  146.1   0.0   1   1   5.2e-46   5.4e-43  145.8   0.0     8   325     2   346     1   371 0.84 # 22193 # 23542 # 1 # ID=25_20;partial=00;start_type=ATG;rbs_motif=GGAG/GAGG;rbs_spacer=5-10bp;gc_cont=0.612
NODE_3_length_205623_cov_31.972892_135  -            457 14956at72274         -            420     6e-12   43.5   0.4   1   1   1.3e-14   1.4e-11   42.4   0.4   103   288   106   307    92   348 0.77 # 142903 # 144273 # 1 # ID=3_135;partial=00;start_type=ATG;rbs_motif=GGAGG;rbs_spacer=5-10bp;gc_cont=0.627
NODE_3_length_205623_cov_31.972892_137  -            449 14956at72274         -            420   3.7e-11   40.9   0.0   1   1   4.9e-14   5.2e-11   40.5   0.0    12   320    13   334     1   340 0.75 # 145362 # 146708 # 1 # ID=3_137;partial=00;start_type=GTG;rbs_motif=GGAG/GAGG;rbs_spacer=5-10bp;gc_cont=0.644
NODE_3_length_205623_cov_31.972892_134  -            488 14956at72274         -            420   5.7e-06   23.8   0.0   1   2    0.0061       6.4    3.9   0.1   102   122   104   124    92   141 0.84 # 141447 # 142910 # 1 # ID=3_134;partial=00;start_type=ATG;rbs_motif=GGAGG;rbs_spacer=5-10bp;gc_cont=0.633
NODE_3_length_205623_cov_31.972892_134  -            488 14956at72274         -            420   5.7e-06   23.8   0.0   2   2     4e-07   0.00042   17.7   0.0   163   333   192   372   181   415 0.73 # 141447 # 142910 # 1 # ID=3_134;partial=00;start_type=ATG;rbs_motif=GGAGG;rbs_spacer=5-10bp;gc_cont=0.633
NODE_16_length_120385_cov_32.517862_112 -            448 14956at72274         -            420     0.029   11.6   0.2   1   2    0.0022       2.3    5.4   0.1     9    45     3    38     1    48 0.82 # 101216 # 102559 # -1 # ID=16_112;partial=00;start_type=ATG;rbs_motif=AGGA;rbs_spacer=5-10bp;gc_cont=0.579
NODE_16_length_120385_cov_32.517862_112 -            448 14956at72274         -            420     0.029   11.6   0.2   2   2    0.0049       5.1    4.2   0.0   314   363   157   206   105   215 0.88 # 101216 # 102559 # -1 # ID=16_112;partial=00;start_type=ATG;rbs_motif=AGGA;rbs_spacer=5-10bp;gc_cont=0.579
#
# Program:         hmmsearch
# Version:         3.1b2 (February 2015)
# Pipeline mode:   SEARCH
# Query file:      /data2/PEG/hoaxaca/REAA/Pseudomonas/bin/busco_downloads/lineages/pseudomonadales_odb10/hmms/14956at72274.hmm
# Target file:     /data2/PEG/hoaxaca/REAA/Pseudomonas/bin/../out/busco/trim_75clip.spades_kmer/prodigal_output/predicted_genes/predicted.faa
# Option settings: hmmsearch --domtblout /data2/PEG/hoaxaca/REAA/Pseudomonas/bin/../out/busco/trim_75clip.spades_kmer/run_pseudomonadales_odb10/hmmer_output/14956at72274.out --cpu 1 /data2/PEG/hoaxaca/REAA/Pseudomonas/bin/busco_downloads/lineages/pseudomonadales_odb10/hmms/14956at72274.hmm /data2/PEG/hoaxaca/REAA/Pseudomonas/bin/../out/busco/trim_75clip.spades_kmer/prodigal_output/predicted_genes/predicted.faa 
# Current dir:     /data2/PEG/hoaxaca/REAA/Pseudomonas/bin
# Date:            Mon Feb 20 00:33:20 2023
# [ok]
