#                                                                                              --- full sequence --- -------------- this domain -------------   hmm coord   ali coord   env coord
# target name                          accession   tlen query name           accession   qlen   E-value  score  bias   #  of  c-Evalue  i-Evalue  score  bias  from    to  from    to  from    to  acc description of target
#                  ------------------- ---------- ----- -------------------- ---------- ----- --------- ------ ----- --- --- --------- --------- ------ ----- ----- ----- ----- ----- ----- ----- ---- ---------------------
NODE_31_length_78647_cov_30.813941_21  -            452 16276at72274         -            360  4.7e-167  554.1   0.3   1   2  1.7e-109  2.7e-106  354.2   0.0     1   198    28   244    28   252 0.93 # 22568 # 23923 # -1 # ID=31_21;partial=00;start_type=ATG;rbs_motif=GGA/GAG/AGG;rbs_spacer=11-12bp;gc_cont=0.630
NODE_31_length_78647_cov_30.813941_21  -            452 16276at72274         -            360  4.7e-167  554.1   0.3   2   2   4.6e-62   7.3e-59  198.2   0.1   194   360   261   445   256   445 0.91 # 22568 # 23923 # -1 # ID=31_21;partial=00;start_type=ATG;rbs_motif=GGA/GAG/AGG;rbs_spacer=11-12bp;gc_cont=0.630
NODE_7_length_186923_cov_31.961760_18  -            461 16276at72274         -            360   1.2e-13   49.5   0.0   1   2     8e-16   1.3e-12   46.1   0.0     5   180    26   218    22   241 0.78 # 17746 # 19128 # 1 # ID=7_18;partial=00;start_type=ATG;rbs_motif=AGGA;rbs_spacer=5-10bp;gc_cont=0.633
NODE_7_length_186923_cov_31.961760_18  -            461 16276at72274         -            360   1.2e-13   49.5   0.0   2   2     0.056        88    0.6   0.0   220   288   345   419   331   424 0.70 # 17746 # 19128 # 1 # ID=7_18;partial=00;start_type=ATG;rbs_motif=AGGA;rbs_spacer=5-10bp;gc_cont=0.633
NODE_31_length_78647_cov_30.813941_20  -            497 16276at72274         -            360   1.8e-10   39.0   0.0   1   2     5e-08   7.9e-05   20.4   0.0    10   183    73   262    65   282 0.63 # 21085 # 22575 # -1 # ID=31_20;partial=00;start_type=ATG;rbs_motif=AGGAG;rbs_spacer=5-10bp;gc_cont=0.622
NODE_31_length_78647_cov_30.813941_20  -            497 16276at72274         -            360   1.8e-10   39.0   0.0   2   2   1.8e-06    0.0028   15.4   0.0   214   356   316   468   291   472 0.78 # 21085 # 22575 # -1 # ID=31_20;partial=00;start_type=ATG;rbs_motif=AGGAG;rbs_spacer=5-10bp;gc_cont=0.622
NODE_5_length_204350_cov_31.943180_120 -            791 16276at72274         -            360   2.2e-07   28.8   0.0   1   1   2.2e-10   3.4e-07   28.2   0.0     5   177    11   202     7   242 0.72 # 133039 # 135411 # -1 # ID=5_120;partial=00;start_type=ATG;rbs_motif=GGA/GAG/AGG;rbs_spacer=5-10bp;gc_cont=0.616
#
# Program:         hmmsearch
# Version:         3.1b2 (February 2015)
# Pipeline mode:   SEARCH
# Query file:      /data2/PEG/hoaxaca/REAA/Pseudomonas/bin/busco_downloads/lineages/pseudomonadales_odb10/hmms/16276at72274.hmm
# Target file:     /data2/PEG/hoaxaca/REAA/Pseudomonas/bin/../out/busco/trim_75clip.spades_kmer/prodigal_output/predicted_genes/predicted.faa
# Option settings: hmmsearch --domtblout /data2/PEG/hoaxaca/REAA/Pseudomonas/bin/../out/busco/trim_75clip.spades_kmer/run_pseudomonadales_odb10/hmmer_output/16276at72274.out --cpu 1 /data2/PEG/hoaxaca/REAA/Pseudomonas/bin/busco_downloads/lineages/pseudomonadales_odb10/hmms/16276at72274.hmm /data2/PEG/hoaxaca/REAA/Pseudomonas/bin/../out/busco/trim_75clip.spades_kmer/prodigal_output/predicted_genes/predicted.faa 
# Current dir:     /data2/PEG/hoaxaca/REAA/Pseudomonas/bin
# Date:            Mon Feb 20 00:33:21 2023
# [ok]
