#                                                                                              --- full sequence --- -------------- this domain -------------   hmm coord   ali coord   env coord
# target name                          accession   tlen query name           accession   qlen   E-value  score  bias   #  of  c-Evalue  i-Evalue  score  bias  from    to  from    to  from    to  acc description of target
#                  ------------------- ---------- ----- -------------------- ---------- ----- --------- ------ ----- --- --- --------- --------- ------ ----- ----- ----- ----- ----- ----- ----- ---- ---------------------
NODE_12_length_139267_cov_38.882874_51 -            379 16462at72274         -            329  5.2e-198  655.0   2.5   1   2   1.1e-85   9.9e-83  276.1   0.2     1   151     3   162     3   179 0.95 # 58842 # 59978 # -1 # ID=12_51;partial=00;start_type=TTG;rbs_motif=GGAGG;rbs_spacer=5-10bp;gc_cont=0.599
NODE_12_length_139267_cov_38.882874_51 -            379 16462at72274         -            329  5.2e-198  655.0   2.5   2   2  4.2e-117  3.8e-114  379.4   0.2   150   329   191   372   178   372 0.97 # 58842 # 59978 # -1 # ID=12_51;partial=00;start_type=TTG;rbs_motif=GGAGG;rbs_spacer=5-10bp;gc_cont=0.599
NODE_5_length_204350_cov_31.943180_164 -            198 16462at72274         -            329     1e-16   59.1   0.0   1   1   1.4e-19   1.2e-16   58.9   0.0   161   314    12   177     4   191 0.78 # 189204 # 189797 # 1 # ID=5_164;partial=00;start_type=ATG;rbs_motif=AGGA/GGAG/GAGG;rbs_spacer=11-12bp;gc_cont=0.609
NODE_47_length_52767_cov_33.126623_39  -            198 16462at72274         -            329   9.6e-16   55.9   0.0   1   1   1.2e-18   1.1e-15   55.7   0.0   184   328    38   188     2   189 0.80 # 45991 # 46584 # 1 # ID=47_39;partial=00;start_type=ATG;rbs_motif=AGGAG;rbs_spacer=5-10bp;gc_cont=0.534
NODE_41_length_62850_cov_33.559968_39  -            526 16462at72274         -            329   2.9e-05   21.5   0.0   1   1   7.1e-08   6.4e-05   20.4   0.0   151   241     8    99     2   109 0.86 # 39607 # 41184 # 1 # ID=41_39;partial=00;start_type=ATG;rbs_motif=GGA/GAG/AGG;rbs_spacer=5-10bp;gc_cont=0.617
NODE_27_length_85717_cov_31.296630_54  -            266 16462at72274         -            329   3.9e-05   21.1   0.0   1   1   9.1e-08   8.2e-05   20.0   0.0   223   312   116   210    78   216 0.65 # 53397 # 54194 # -1 # ID=27_54;partial=00;start_type=TTG;rbs_motif=GGAG/GAGG;rbs_spacer=5-10bp;gc_cont=0.575
NODE_37_length_65509_cov_31.675108_18  -            544 16462at72274         -            329   0.00042   17.7   0.0   1   2   0.00061      0.55    7.4   0.0   208   236   358   386   337   416 0.78 # 16408 # 18039 # -1 # ID=37_18;partial=00;start_type=ATG;rbs_motif=GGA/GAG/AGG;rbs_spacer=5-10bp;gc_cont=0.604
NODE_37_length_65509_cov_31.675108_18  -            544 16462at72274         -            329   0.00042   17.7   0.0   2   2   0.00048      0.43    7.8   0.0   262   328   461   532   453   533 0.77 # 16408 # 18039 # -1 # ID=37_18;partial=00;start_type=ATG;rbs_motif=GGA/GAG/AGG;rbs_spacer=5-10bp;gc_cont=0.604
NODE_4_length_205576_cov_31.615476_190 -            638 16462at72274         -            329    0.0019   15.5   0.0   1   1   3.5e-06    0.0032   14.8   0.0   193   244   477   533   447   597 0.82 # 180269 # 182182 # -1 # ID=4_190;partial=00;start_type=ATG;rbs_motif=GGAG/GAGG;rbs_spacer=5-10bp;gc_cont=0.627
#
# Program:         hmmsearch
# Version:         3.1b2 (February 2015)
# Pipeline mode:   SEARCH
# Query file:      /data2/PEG/hoaxaca/REAA/Pseudomonas/bin/busco_downloads/lineages/pseudomonadales_odb10/hmms/16462at72274.hmm
# Target file:     /data2/PEG/hoaxaca/REAA/Pseudomonas/bin/../out/busco/trim_75clip.spades_kmer/prodigal_output/predicted_genes/predicted.faa
# Option settings: hmmsearch --domtblout /data2/PEG/hoaxaca/REAA/Pseudomonas/bin/../out/busco/trim_75clip.spades_kmer/run_pseudomonadales_odb10/hmmer_output/16462at72274.out --cpu 1 /data2/PEG/hoaxaca/REAA/Pseudomonas/bin/busco_downloads/lineages/pseudomonadales_odb10/hmms/16462at72274.hmm /data2/PEG/hoaxaca/REAA/Pseudomonas/bin/../out/busco/trim_75clip.spades_kmer/prodigal_output/predicted_genes/predicted.faa 
# Current dir:     /data2/PEG/hoaxaca/REAA/Pseudomonas/bin
# Date:            Mon Feb 20 00:33:21 2023
# [ok]
