#                                                                                              --- full sequence --- -------------- this domain -------------   hmm coord   ali coord   env coord
# target name                          accession   tlen query name           accession   qlen   E-value  score  bias   #  of  c-Evalue  i-Evalue  score  bias  from    to  from    to  from    to  acc description of target
#                  ------------------- ---------- ----- -------------------- ---------- ----- --------- ------ ----- --- --- --------- --------- ------ ----- ----- ----- ----- ----- ----- ----- ---- ---------------------
NODE_41_length_62850_cov_33.559968_13  -            405 17279at72274         -            353  3.1e-200  663.0   2.6   1   2    4e-152  3.6e-149  495.0   0.9     1   259     1   269     1   284 0.96 # 10299 # 11513 # 1 # ID=41_13;partial=00;start_type=ATG;rbs_motif=AGGAG;rbs_spacer=5-10bp;gc_cont=0.588
NODE_41_length_62850_cov_33.559968_13  -            405 17279at72274         -            353  3.1e-200  663.0   2.6   2   2   1.2e-52   1.1e-49  167.8   0.0   252   353   286   404   278   404 0.88 # 10299 # 11513 # 1 # ID=41_13;partial=00;start_type=ATG;rbs_motif=AGGAG;rbs_spacer=5-10bp;gc_cont=0.588
NODE_82_length_18639_cov_33.238203_7   -            387 17279at72274         -            353  1.6e-126  420.5   4.0   1   2  2.9e-114  2.6e-111  370.5   0.8     2   251     3   262     2   275 0.94 # 5433 # 6593 # -1 # ID=82_7;partial=00;start_type=ATG;rbs_motif=GGA/GAG/AGG;rbs_spacer=11-12bp;gc_cont=0.630
NODE_82_length_18639_cov_33.238203_7   -            387 17279at72274         -            353  1.6e-126  420.5   4.0   2   2   3.3e-17     3e-14   51.2   0.1   260   329   302   372   283   381 0.88 # 5433 # 6593 # -1 # ID=82_7;partial=00;start_type=ATG;rbs_motif=GGA/GAG/AGG;rbs_spacer=11-12bp;gc_cont=0.630
NODE_37_length_65509_cov_31.675108_43  -            402 17279at72274         -            353   1.9e-25   88.1   0.0   1   1     3e-28   2.7e-25   87.6   0.0     4   224    22   250    19   259 0.86 # 47824 # 49029 # 1 # ID=37_43;partial=00;start_type=ATG;rbs_motif=GGA/GAG/AGG;rbs_spacer=11-12bp;gc_cont=0.624
NODE_47_length_52767_cov_33.126623_6   -            399 17279at72274         -            353     1e-12   46.2   0.0   1   1   1.7e-15   1.5e-12   45.6   0.0    48   217    65   239    56   244 0.90 # 10227 # 11423 # -1 # ID=47_6;partial=00;start_type=GTG;rbs_motif=GGA/GAG/AGG;rbs_spacer=5-10bp;gc_cont=0.651
NODE_19_length_106954_cov_31.065364_21 -            392 17279at72274         -            353   3.5e-07   28.0   0.0   1   1   5.7e-10   5.1e-07   27.4   0.0    30   216    48   244    32   255 0.73 # 20270 # 21445 # -1 # ID=19_21;partial=00;start_type=ATG;rbs_motif=GGA/GAG/AGG;rbs_spacer=5-10bp;gc_cont=0.594
NODE_35_length_70902_cov_31.813955_12  -            438 17279at72274         -            353   2.6e-05   21.8   0.0   1   1   5.1e-08   4.6e-05   21.0   0.0    50   215   106   288    76   293 0.75 # 34317 # 35630 # -1 # ID=35_12;partial=00;start_type=GTG;rbs_motif=AGGA;rbs_spacer=5-10bp;gc_cont=0.619
NODE_12_length_139267_cov_38.882874_89 -            417 17279at72274         -            353   6.3e-05   20.6   0.0   1   1   9.9e-08   8.9e-05   20.1   0.0    53   196    78   226    29   251 0.69 # 107002 # 108252 # -1 # ID=12_89;partial=00;start_type=ATG;rbs_motif=AGGA;rbs_spacer=5-10bp;gc_cont=0.631
#
# Program:         hmmsearch
# Version:         3.1b2 (February 2015)
# Pipeline mode:   SEARCH
# Query file:      /data2/PEG/hoaxaca/REAA/Pseudomonas/bin/busco_downloads/lineages/pseudomonadales_odb10/hmms/17279at72274.hmm
# Target file:     /data2/PEG/hoaxaca/REAA/Pseudomonas/bin/../out/busco/trim_75clip.spades_kmer/prodigal_output/predicted_genes/predicted.faa
# Option settings: hmmsearch --domtblout /data2/PEG/hoaxaca/REAA/Pseudomonas/bin/../out/busco/trim_75clip.spades_kmer/run_pseudomonadales_odb10/hmmer_output/17279at72274.out --cpu 1 /data2/PEG/hoaxaca/REAA/Pseudomonas/bin/busco_downloads/lineages/pseudomonadales_odb10/hmms/17279at72274.hmm /data2/PEG/hoaxaca/REAA/Pseudomonas/bin/../out/busco/trim_75clip.spades_kmer/prodigal_output/predicted_genes/predicted.faa 
# Current dir:     /data2/PEG/hoaxaca/REAA/Pseudomonas/bin
# Date:            Mon Feb 20 00:33:22 2023
# [ok]
