#                                                                                              --- full sequence --- -------------- this domain -------------   hmm coord   ali coord   env coord
# target name                          accession   tlen query name           accession   qlen   E-value  score  bias   #  of  c-Evalue  i-Evalue  score  bias  from    to  from    to  from    to  acc description of target
#                  ------------------- ---------- ----- -------------------- ---------- ----- --------- ------ ----- --- --- --------- --------- ------ ----- ----- ----- ----- ----- ----- ----- ---- ---------------------
NODE_28_length_85663_cov_33.283895_42  -            465 18777at72274         -            384  7.4e-175  579.9  39.7   1   1  3.3e-176  8.4e-174  576.4  39.7     1   383     9   451     9   452 0.91 # 45579 # 46973 # -1 # ID=28_42;partial=00;start_type=ATG;rbs_motif=GGAG/GAGG;rbs_spacer=5-10bp;gc_cont=0.611
NODE_32_length_78578_cov_31.414761_39  -            402 18777at72274         -            384     8e-17   59.7  14.2   1   1   3.2e-19     8e-17   59.7  14.2    11   172    11   177     1   192 0.86 # 40338 # 41543 # -1 # ID=32_39;partial=00;start_type=ATG;rbs_motif=GGA/GAG/AGG;rbs_spacer=5-10bp;gc_cont=0.624
NODE_39_length_64069_cov_32.991155_57  -            510 18777at72274         -            384   1.3e-12   45.8   5.8   1   1   5.1e-15   1.3e-12   45.8   5.8    13   177    14   187     1   212 0.80 # 57301 # 58830 # -1 # ID=39_57;partial=00;start_type=ATG;rbs_motif=3Base/5BMM;rbs_spacer=13-15bp;gc_cont=0.642
NODE_2_length_234165_cov_30.973912_119 -            398 18777at72274         -            384   4.3e-12   44.1   7.6   1   2   1.7e-14   4.3e-12   44.1   7.6    14   180    13   181     5   214 0.91 # 138294 # 139487 # 1 # ID=2_119;partial=00;start_type=ATG;rbs_motif=GGA/GAG/AGG;rbs_spacer=5-10bp;gc_cont=0.622
NODE_2_length_234165_cov_30.973912_119 -            398 18777at72274         -            384   4.3e-12   44.1   7.6   2   2       1.4   3.5e+02   -1.7   2.6   141   213   287   363   255   377 0.56 # 138294 # 139487 # 1 # ID=2_119;partial=00;start_type=ATG;rbs_motif=GGA/GAG/AGG;rbs_spacer=5-10bp;gc_cont=0.622
NODE_49_length_51082_cov_32.699884_23  -            503 18777at72274         -            384   1.8e-09   35.5  13.6   1   2     7e-12   1.8e-09   35.5  13.6    45   205    58   222    17   256 0.73 # 25465 # 26973 # -1 # ID=49_23;partial=00;start_type=ATG;rbs_motif=AGGA;rbs_spacer=5-10bp;gc_cont=0.657
NODE_49_length_51082_cov_32.699884_23  -            503 18777at72274         -            384   1.8e-09   35.5  13.6   2   2      0.17        42    1.3   8.2    27   183   296   448   281   465 0.71 # 25465 # 26973 # -1 # ID=49_23;partial=00;start_type=ATG;rbs_motif=AGGA;rbs_spacer=5-10bp;gc_cont=0.657
NODE_4_length_205576_cov_31.615476_70  -            409 18777at72274         -            384   2.1e-09   35.3  36.5   1   3   1.3e-11   3.4e-09   34.6  13.7    49   167    50   173    10   191 0.84 # 70090 # 71316 # 1 # ID=4_70;partial=00;start_type=ATG;rbs_motif=AGGAG;rbs_spacer=5-10bp;gc_cont=0.660
NODE_4_length_205576_cov_31.615476_70  -            409 18777at72274         -            384   2.1e-09   35.3  36.5   2   3    0.0011      0.27    8.6  11.9    10   141   212   346   204   373 0.69 # 70090 # 71316 # 1 # ID=4_70;partial=00;start_type=ATG;rbs_motif=AGGAG;rbs_spacer=5-10bp;gc_cont=0.660
NODE_4_length_205576_cov_31.615476_70  -            409 18777at72274         -            384   2.1e-09   35.3  36.5   3   3       1.7   4.2e+02   -1.9   1.8    37   152   366   406   300   408 0.55 # 70090 # 71316 # 1 # ID=4_70;partial=00;start_type=ATG;rbs_motif=AGGAG;rbs_spacer=5-10bp;gc_cont=0.660
NODE_74_length_24993_cov_31.222369_2   -            398 18777at72274         -            384     4e-08   31.0   8.6   1   1   1.6e-10     4e-08   31.0   8.6    28   168    30   173     9   189 0.79 # 749 # 1942 # 1 # ID=74_2;partial=00;start_type=ATG;rbs_motif=GGAG/GAGG;rbs_spacer=5-10bp;gc_cont=0.638
NODE_73_length_25553_cov_37.371301_19  -            377 18777at72274         -            384   1.9e-07   28.8  11.9   1   2   7.6e-10   1.9e-07   28.8  11.9    17   170    15   173     4   243 0.87 # 17133 # 18263 # 1 # ID=73_19;partial=00;start_type=ATG;rbs_motif=GGA/GAG/AGG;rbs_spacer=5-10bp;gc_cont=0.645
NODE_73_length_25553_cov_37.371301_19  -            377 18777at72274         -            384   1.9e-07   28.8  11.9   2   2     0.099        25    2.1   0.9   219   276   288   348   271   362 0.73 # 17133 # 18263 # 1 # ID=73_19;partial=00;start_type=ATG;rbs_motif=GGA/GAG/AGG;rbs_spacer=5-10bp;gc_cont=0.645
NODE_5_length_204350_cov_31.943180_34  -            476 18777at72274         -            384     4e-07   27.8   9.3   1   2   6.5e-09   1.6e-06   25.7   4.0    46   109    53   116    21   127 0.86 # 36180 # 37607 # -1 # ID=5_34;partial=00;start_type=ATG;rbs_motif=GGA/GAG/AGG;rbs_spacer=5-10bp;gc_cont=0.645
NODE_5_length_204350_cov_31.943180_34  -            476 18777at72274         -            384     4e-07   27.8   9.3   2   2     0.033       8.4    3.6   0.3   299   336   137   173   124   185 0.75 # 36180 # 37607 # -1 # ID=5_34;partial=00;start_type=ATG;rbs_motif=GGA/GAG/AGG;rbs_spacer=5-10bp;gc_cont=0.645
NODE_53_length_49217_cov_31.460930_11  -            425 18777at72274         -            384   6.9e-07   27.0   4.4   1   2   2.7e-09   6.9e-07   27.0   4.4    56   176    69   190    20   204 0.82 # 11747 # 13021 # -1 # ID=53_11;partial=00;start_type=ATG;rbs_motif=GGA/GAG/AGG;rbs_spacer=5-10bp;gc_cont=0.618
NODE_53_length_49217_cov_31.460930_11  -            425 18777at72274         -            384   6.9e-07   27.0   4.4   2   2      0.24        61    0.8   3.1   242   318   291   368   272   389 0.62 # 11747 # 13021 # -1 # ID=53_11;partial=00;start_type=ATG;rbs_motif=GGA/GAG/AGG;rbs_spacer=5-10bp;gc_cont=0.618
NODE_31_length_78647_cov_30.813941_6   -            400 18777at72274         -            384   1.1e-06   26.4  24.6   1   1   8.9e-09   2.3e-06   25.3  24.6    25   332    38   369    14   394 0.76 # 6894 # 8093 # -1 # ID=31_6;partial=00;start_type=ATG;rbs_motif=GGA/GAG/AGG;rbs_spacer=5-10bp;gc_cont=0.591
NODE_101_length_10447_cov_28.184439_2  -            455 18777at72274         -            384   7.6e-06   23.5  10.3   1   4     3e-08   7.6e-06   23.5  10.3    34   150    42   156    10   182 0.74 # 1332 # 2696 # -1 # ID=101_2;partial=00;start_type=ATG;rbs_motif=GGA/GAG/AGG;rbs_spacer=5-10bp;gc_cont=0.662
NODE_101_length_10447_cov_28.184439_2  -            455 18777at72274         -            384   7.6e-06   23.5  10.3   2   4       1.2     3e+02   -1.5   1.3    43   100   173   236   162   245 0.57 # 1332 # 2696 # -1 # ID=101_2;partial=00;start_type=ATG;rbs_motif=GGA/GAG/AGG;rbs_spacer=5-10bp;gc_cont=0.662
NODE_101_length_10447_cov_28.184439_2  -            455 18777at72274         -            384   7.6e-06   23.5  10.3   3   4      0.39        98    0.1   7.0    10   101   270   361   264   373 0.78 # 1332 # 2696 # -1 # ID=101_2;partial=00;start_type=ATG;rbs_motif=GGA/GAG/AGG;rbs_spacer=5-10bp;gc_cont=0.662
NODE_101_length_10447_cov_28.184439_2  -            455 18777at72274         -            384   7.6e-06   23.5  10.3   4   4     0.017       4.3    4.6   0.8   289   320   382   413   370   428 0.85 # 1332 # 2696 # -1 # ID=101_2;partial=00;start_type=ATG;rbs_motif=GGA/GAG/AGG;rbs_spacer=5-10bp;gc_cont=0.662
NODE_26_length_94832_cov_30.067731_4   -            396 18777at72274         -            384   4.2e-05   21.1  24.4   1   1   2.6e-07   6.5e-05   20.5  23.9    18   172    16   175     1   353 0.87 # 2355 # 3542 # -1 # ID=26_4;partial=00;start_type=TTG;rbs_motif=AGGA/GGAG/GAGG;rbs_spacer=11-12bp;gc_cont=0.640
NODE_7_length_186923_cov_31.961760_84  -            435 18777at72274         -            384   4.6e-05   21.0   3.7   1   2   5.1e-07   0.00013   19.5   1.7    38   107    52   121    42   135 0.91 # 82331 # 83635 # -1 # ID=7_84;partial=00;start_type=ATG;rbs_motif=GGAG/GAGG;rbs_spacer=5-10bp;gc_cont=0.608
NODE_7_length_186923_cov_31.961760_84  -            435 18777at72274         -            384   4.6e-05   21.0   3.7   2   2   0.00062      0.16    9.3   0.0   293   316   138   161   129   182 0.75 # 82331 # 83635 # -1 # ID=7_84;partial=00;start_type=ATG;rbs_motif=GGAG/GAGG;rbs_spacer=5-10bp;gc_cont=0.608
NODE_17_length_110079_cov_30.099496_18 -            398 18777at72274         -            384   4.9e-05   20.9  17.7   1   1   1.9e-07   4.9e-05   20.9  17.7    10   169     7   171     1   364 0.81 # 16195 # 17388 # -1 # ID=17_18;partial=00;start_type=ATG;rbs_motif=None;rbs_spacer=None;gc_cont=0.647
NODE_71_length_26450_cov_30.407962_17  -            480 18777at72274         -            384   4.9e-05   20.9   9.2   1   2   1.9e-07   4.9e-05   20.9   9.2    25   175    39   197    18   203 0.76 # 18321 # 19760 # -1 # ID=71_17;partial=00;start_type=TTG;rbs_motif=None;rbs_spacer=None;gc_cont=0.640
NODE_71_length_26450_cov_30.407962_17  -            480 18777at72274         -            384   4.9e-05   20.9   9.2   2   2      0.82   2.1e+02   -0.9   4.5    86   150   356   424   306   458 0.63 # 18321 # 19760 # -1 # ID=71_17;partial=00;start_type=TTG;rbs_motif=None;rbs_spacer=None;gc_cont=0.640
NODE_26_length_94832_cov_30.067731_98  -            485 18777at72274         -            384     6e-05   20.6  14.2   1   1   2.4e-07     6e-05   20.6  14.2    56   161    43   146    13   336 0.68 # 93283 # 94737 # 1 # ID=26_98;partial=00;start_type=ATG;rbs_motif=None;rbs_spacer=None;gc_cont=0.624
NODE_39_length_64069_cov_32.991155_34  -            522 18777at72274         -            384   0.00027   18.4  22.2   1   3     3e-05    0.0076   13.7   9.4    55   176    62   188     9   215 0.82 # 31215 # 32780 # -1 # ID=39_34;partial=00;start_type=ATG;rbs_motif=GGA/GAG/AGG;rbs_spacer=5-10bp;gc_cont=0.625
NODE_39_length_64069_cov_32.991155_34  -            522 18777at72274         -            384   0.00027   18.4  22.2   2   3   9.9e-05     0.025   12.0   2.2    10    84   272   348   265   352 0.82 # 31215 # 32780 # -1 # ID=39_34;partial=00;start_type=ATG;rbs_motif=GGA/GAG/AGG;rbs_spacer=5-10bp;gc_cont=0.625
NODE_39_length_64069_cov_32.991155_34  -            522 18777at72274         -            384   0.00027   18.4  22.2   3   3       1.2   2.9e+02   -1.4   0.0   120   153   475   508   454   511 0.72 # 31215 # 32780 # -1 # ID=39_34;partial=00;start_type=ATG;rbs_motif=GGA/GAG/AGG;rbs_spacer=5-10bp;gc_cont=0.625
NODE_19_length_106954_cov_31.065364_48 -            470 18777at72274         -            384   0.00035   18.0   5.1   1   2   1.4e-06   0.00035   18.0   5.1    62   162    96   203    72   221 0.75 # 47057 # 48466 # -1 # ID=19_48;partial=00;start_type=ATG;rbs_motif=GGA/GAG/AGG;rbs_spacer=5-10bp;gc_cont=0.618
NODE_19_length_106954_cov_31.065364_48 -            470 18777at72274         -            384   0.00035   18.0   5.1   2   2      0.34        85    0.3   1.1    89   269   364   374   318   457 0.57 # 47057 # 48466 # -1 # ID=19_48;partial=00;start_type=ATG;rbs_motif=GGA/GAG/AGG;rbs_spacer=5-10bp;gc_cont=0.618
NODE_52_length_49504_cov_32.116571_30  -            434 18777at72274         -            384     0.001   16.5   3.2   1   3   4.1e-06     0.001   16.5   3.2    62   109    89   136    43   214 0.83 # 32265 # 33566 # -1 # ID=52_30;partial=00;start_type=ATG;rbs_motif=GGAGG;rbs_spacer=5-10bp;gc_cont=0.627
NODE_52_length_49504_cov_32.116571_30  -            434 18777at72274         -            384     0.001   16.5   3.2   2   3         3   7.5e+02   -2.8   2.1    98   164   247   314   238   326 0.65 # 32265 # 33566 # -1 # ID=52_30;partial=00;start_type=ATG;rbs_motif=GGAGG;rbs_spacer=5-10bp;gc_cont=0.627
NODE_52_length_49504_cov_32.116571_30  -            434 18777at72274         -            384     0.001   16.5   3.2   3   3      0.41     1e+02    0.0   0.5   278   322   350   395   327   425 0.71 # 32265 # 33566 # -1 # ID=52_30;partial=00;start_type=ATG;rbs_motif=GGAGG;rbs_spacer=5-10bp;gc_cont=0.627
NODE_24_length_98089_cov_32.704420_7   -            142 18777at72274         -            384     0.012   13.0   2.6   1   1     6e-05     0.015   12.7   2.6   260   347    14    95     6   112 0.79 # 6617 # 7042 # 1 # ID=24_7;partial=00;start_type=ATG;rbs_motif=AGGAG/GGAGG;rbs_spacer=11-12bp;gc_cont=0.582
NODE_11_length_139671_cov_32.288504_85 -            393 18777at72274         -            384     0.088   10.2  35.1   1   1    0.0031      0.79    7.0  35.1    29   324    43   363    14   391 0.65 # 96855 # 98033 # 1 # ID=11_85;partial=00;start_type=ATG;rbs_motif=GGAG/GAGG;rbs_spacer=5-10bp;gc_cont=0.639
NODE_1_length_236949_cov_32.553383_66  -            385 18777at72274         -            384     0.096   10.0  26.6   1   1    0.0034      0.86    6.9  26.1    24   170    20   168     9   348 0.87 # 67368 # 68522 # -1 # ID=1_66;partial=00;start_type=ATG;rbs_motif=GGAG/GAGG;rbs_spacer=5-10bp;gc_cont=0.633
NODE_11_length_139671_cov_32.288504_70 -            438 18777at72274         -            384       1.3    6.3  27.9   1   3   7.4e-05     0.019   12.4   2.1    49   106    58   115    50   121 0.86 # 78487 # 79800 # -1 # ID=11_70;partial=00;start_type=ATG;rbs_motif=AGGA/GGAG/GAGG;rbs_spacer=11-12bp;gc_cont=0.639
NODE_11_length_139671_cov_32.288504_70 -            438 18777at72274         -            384       1.3    6.3  27.9   2   3     0.033       8.4    3.6   0.4   293   346   133   186   123   200 0.85 # 78487 # 79800 # -1 # ID=11_70;partial=00;start_type=ATG;rbs_motif=AGGA/GGAG/GAGG;rbs_spacer=11-12bp;gc_cont=0.639
NODE_11_length_139671_cov_32.288504_70 -            438 18777at72274         -            384       1.3    6.3  27.9   3   3      0.49   1.2e+02   -0.2  11.6   258   331   313   395   222   411 0.68 # 78487 # 79800 # -1 # ID=11_70;partial=00;start_type=ATG;rbs_motif=AGGA/GGAG/GAGG;rbs_spacer=11-12bp;gc_cont=0.639
NODE_28_length_85663_cov_33.283895_18  -            401 18777at72274         -            384       2.1    5.6  31.9   1   1   0.00095      0.24    8.7  24.7    23   246    19   257     4   285 0.70 # 19052 # 20254 # 1 # ID=28_18;partial=00;start_type=ATG;rbs_motif=GGAG/GAGG;rbs_spacer=5-10bp;gc_cont=0.640
#
# Program:         hmmsearch
# Version:         3.1b2 (February 2015)
# Pipeline mode:   SEARCH
# Query file:      /data2/PEG/hoaxaca/REAA/Pseudomonas/bin/busco_downloads/lineages/pseudomonadales_odb10/hmms/18777at72274.hmm
# Target file:     /data2/PEG/hoaxaca/REAA/Pseudomonas/bin/../out/busco/trim_75clip.spades_kmer/prodigal_output/predicted_genes/predicted.faa
# Option settings: hmmsearch --domtblout /data2/PEG/hoaxaca/REAA/Pseudomonas/bin/../out/busco/trim_75clip.spades_kmer/run_pseudomonadales_odb10/hmmer_output/18777at72274.out --cpu 1 /data2/PEG/hoaxaca/REAA/Pseudomonas/bin/busco_downloads/lineages/pseudomonadales_odb10/hmms/18777at72274.hmm /data2/PEG/hoaxaca/REAA/Pseudomonas/bin/../out/busco/trim_75clip.spades_kmer/prodigal_output/predicted_genes/predicted.faa 
# Current dir:     /data2/PEG/hoaxaca/REAA/Pseudomonas/bin
# Date:            Mon Feb 20 00:33:24 2023
# [ok]
