#                                                                                              --- full sequence --- -------------- this domain -------------   hmm coord   ali coord   env coord
# target name                          accession   tlen query name           accession   qlen   E-value  score  bias   #  of  c-Evalue  i-Evalue  score  bias  from    to  from    to  from    to  acc description of target
#                  ------------------- ---------- ----- -------------------- ---------- ----- --------- ------ ----- --- --- --------- --------- ------ ----- ----- ----- ----- ----- ----- ----- ---- ---------------------
NODE_3_length_205623_cov_31.972892_55  -            484 20241at72274         -            443  4.1e-244  808.8   0.1   1   1  7.4e-247  4.7e-244  808.6   0.1     1   443     1   478     1   478 0.95 # 66060 # 67511 # -1 # ID=3_55;partial=00;start_type=ATG;rbs_motif=GGA/GAG/AGG;rbs_spacer=5-10bp;gc_cont=0.618
NODE_76_length_23434_cov_29.285457_18  -            481 20241at72274         -            443   9.8e-49  164.9   0.0   1   2   8.2e-42   5.1e-39  132.9   0.0     4   246     6   269     3   302 0.81 # 17768 # 19210 # -1 # ID=76_18;partial=00;start_type=TTG;rbs_motif=GGAG/GAGG;rbs_spacer=5-10bp;gc_cont=0.651
NODE_76_length_23434_cov_29.285457_18  -            481 20241at72274         -            443   9.8e-49  164.9   0.0   2   2   1.2e-10   7.7e-08   30.2   0.0   391   442   416   469   370   470 0.85 # 17768 # 19210 # -1 # ID=76_18;partial=00;start_type=TTG;rbs_motif=GGAG/GAGG;rbs_spacer=5-10bp;gc_cont=0.651
NODE_62_length_38083_cov_30.681778_31  -            463 20241at72274         -            443     1e-47  161.5   0.0   1   2   1.7e-40   1.1e-37  128.6   0.0     1   244     4   261     4   292 0.83 # 32733 # 34121 # 1 # ID=62_31;partial=00;start_type=ATG;rbs_motif=AGGA;rbs_spacer=5-10bp;gc_cont=0.656
NODE_62_length_38083_cov_30.681778_31  -            463 20241at72274         -            443     1e-47  161.5   0.0   2   2   6.5e-11   4.1e-08   31.0   0.0   357   436   363   450   354   457 0.84 # 32733 # 34121 # 1 # ID=62_31;partial=00;start_type=ATG;rbs_motif=AGGA;rbs_spacer=5-10bp;gc_cont=0.656
NODE_20_length_105322_cov_31.678357_18 -            477 20241at72274         -            443   4.4e-46  156.2   0.1   1   2   1.6e-38   9.9e-36  122.1   0.0    22   252    32   277    16   304 0.81 # 19139 # 20569 # -1 # ID=20_18;partial=00;start_type=ATG;rbs_motif=AGGA;rbs_spacer=5-10bp;gc_cont=0.648
NODE_20_length_105322_cov_31.678357_18 -            477 20241at72274         -            443   4.4e-46  156.2   0.1   2   2   3.6e-11   2.3e-08   31.9   0.0   334   440   347   466   308   469 0.78 # 19139 # 20569 # -1 # ID=20_18;partial=00;start_type=ATG;rbs_motif=AGGA;rbs_spacer=5-10bp;gc_cont=0.648
NODE_84_length_17658_cov_30.415401_8   -            468 20241at72274         -            443     1e-45  155.0   0.0   1   2   3.3e-41   2.1e-38  130.9   0.0     3   270     6   298     4   302 0.83 # 6948 # 8351 # 1 # ID=84_8;partial=00;start_type=ATG;rbs_motif=AGGAG;rbs_spacer=5-10bp;gc_cont=0.645
NODE_84_length_17658_cov_30.415401_8   -            468 20241at72274         -            443     1e-45  155.0   0.0   2   2   3.5e-08   2.2e-05   22.0   0.0   355   436   363   453   348   460 0.77 # 6948 # 8351 # 1 # ID=84_8;partial=00;start_type=ATG;rbs_motif=AGGAG;rbs_spacer=5-10bp;gc_cont=0.645
NODE_4_length_205576_cov_31.615476_166 -            600 20241at72274         -            443     4e-43  146.4   2.7   1   1   4.1e-44   2.6e-41  140.5   2.7    54   436    69   448    44   453 0.80 # 158625 # 160424 # -1 # ID=4_166;partial=00;start_type=ATG;rbs_motif=GGA/GAG/AGG;rbs_spacer=5-10bp;gc_cont=0.651
NODE_90_length_14954_cov_31.542241_11  -            376 20241at72274         -            443   3.6e-39  133.4   2.3   1   2   2.1e-36   1.3e-33  115.1   2.3    60   220    14   181     7   191 0.89 # 10398 # 11525 # -1 # ID=90_11;partial=00;start_type=ATG;rbs_motif=GGxGG;rbs_spacer=5-10bp;gc_cont=0.660
NODE_90_length_14954_cov_31.542241_11  -            376 20241at72274         -            443   3.6e-39  133.4   2.3   2   2     2e-06    0.0013   16.3   0.0   320   422   252   354   243   373 0.67 # 10398 # 11525 # -1 # ID=90_11;partial=00;start_type=ATG;rbs_motif=GGxGG;rbs_spacer=5-10bp;gc_cont=0.660
NODE_34_length_71337_cov_31.902052_22  -            448 20241at72274         -            443   1.6e-34  118.1   0.1   1   2   6.6e-36   4.2e-33  113.4   0.1    36   219    35   233     7   269 0.84 # 21740 # 23083 # 1 # ID=34_22;partial=00;start_type=ATG;rbs_motif=GGA/GAG/AGG;rbs_spacer=5-10bp;gc_cont=0.670
NODE_34_length_71337_cov_31.902052_22  -            448 20241at72274         -            443   1.6e-34  118.1   0.1   2   2     0.024        15    2.8   0.0   391   430   396   437   318   444 0.74 # 21740 # 23083 # 1 # ID=34_22;partial=00;start_type=ATG;rbs_motif=GGA/GAG/AGG;rbs_spacer=5-10bp;gc_cont=0.670
NODE_5_length_204350_cov_31.943180_128 -            415 20241at72274         -            443   1.3e-28   98.6   0.6   1   2   1.1e-28   6.7e-26   89.7   0.0    33   212    37   214    16   223 0.89 # 143581 # 144825 # 1 # ID=5_128;partial=00;start_type=ATG;rbs_motif=GGAG/GAGG;rbs_spacer=5-10bp;gc_cont=0.602
NODE_5_length_204350_cov_31.943180_128 -            415 20241at72274         -            443   1.3e-28   98.6   0.6   2   2    0.0011       0.7    7.2   0.1   398   429   371   404   367   411 0.80 # 143581 # 144825 # 1 # ID=5_128;partial=00;start_type=ATG;rbs_motif=GGAG/GAGG;rbs_spacer=5-10bp;gc_cont=0.602
NODE_1_length_236949_cov_32.553383_128 -            572 20241at72274         -            443   2.5e-23   81.2   0.6   1   2   1.1e-22   7.2e-20   69.8   0.5     3   218     6   244     4   300 0.85 # 127836 # 129551 # 1 # ID=1_128;partial=00;start_type=GTG;rbs_motif=None;rbs_spacer=None;gc_cont=0.657
NODE_1_length_236949_cov_32.553383_128 -            572 20241at72274         -            443   2.5e-23   81.2   0.6   2   2    0.0004      0.25    8.7   0.0   389   436   498   552   451   556 0.75 # 127836 # 129551 # 1 # ID=1_128;partial=00;start_type=GTG;rbs_motif=None;rbs_spacer=None;gc_cont=0.657
#
# Program:         hmmsearch
# Version:         3.1b2 (February 2015)
# Pipeline mode:   SEARCH
# Query file:      /data2/PEG/hoaxaca/REAA/Pseudomonas/bin/busco_downloads/lineages/pseudomonadales_odb10/hmms/20241at72274.hmm
# Target file:     /data2/PEG/hoaxaca/REAA/Pseudomonas/bin/../out/busco/trim_75clip.spades_kmer/prodigal_output/predicted_genes/predicted.faa
# Option settings: hmmsearch --domtblout /data2/PEG/hoaxaca/REAA/Pseudomonas/bin/../out/busco/trim_75clip.spades_kmer/run_pseudomonadales_odb10/hmmer_output/20241at72274.out --cpu 1 /data2/PEG/hoaxaca/REAA/Pseudomonas/bin/busco_downloads/lineages/pseudomonadales_odb10/hmms/20241at72274.hmm /data2/PEG/hoaxaca/REAA/Pseudomonas/bin/../out/busco/trim_75clip.spades_kmer/prodigal_output/predicted_genes/predicted.faa 
# Current dir:     /data2/PEG/hoaxaca/REAA/Pseudomonas/bin
# Date:            Mon Feb 20 00:33:27 2023
# [ok]
