#                                                                                               --- full sequence --- -------------- this domain -------------   hmm coord   ali coord   env coord
# target name                           accession   tlen query name           accession   qlen   E-value  score  bias   #  of  c-Evalue  i-Evalue  score  bias  from    to  from    to  from    to  acc description of target
#                   ------------------- ---------- ----- -------------------- ---------- ----- --------- ------ ----- --- --- --------- --------- ------ ----- ----- ----- ----- ----- ----- ----- ---- ---------------------
NODE_5_length_204350_cov_31.943180_32   -            393 20929at72274         -            324  7.6e-171  565.7   7.2   1   3   1.4e-73   3.8e-71  238.1   0.6     1   141     5   145     5   150 0.97 # 33369 # 34547 # -1 # ID=5_32;partial=00;start_type=GTG;rbs_motif=GGAG/GAGG;rbs_spacer=5-10bp;gc_cont=0.618
NODE_5_length_204350_cov_31.943180_32   -            393 20929at72274         -            324  7.6e-171  565.7   7.2   2   3   2.4e-58   6.6e-56  188.0   0.0   112   269   132   311   131   312 0.83 # 33369 # 34547 # -1 # ID=5_32;partial=00;start_type=GTG;rbs_motif=GGAG/GAGG;rbs_spacer=5-10bp;gc_cont=0.618
NODE_5_length_204350_cov_31.943180_32   -            393 20929at72274         -            324  7.6e-171  565.7   7.2   3   3   6.3e-46   1.7e-43  147.2   0.5   241   323   308   391   301   392 0.95 # 33369 # 34547 # -1 # ID=5_32;partial=00;start_type=GTG;rbs_motif=GGAG/GAGG;rbs_spacer=5-10bp;gc_cont=0.618
NODE_25_length_96862_cov_30.632523_79   -            411 20929at72274         -            324   2.2e-12   45.0   0.0   1   2   9.4e-10   2.6e-07   28.3   0.0     2   119    11   131    10   138 0.85 # 82108 # 83340 # -1 # ID=25_79;partial=00;start_type=ATG;rbs_motif=None;rbs_spacer=None;gc_cont=0.624
NODE_25_length_96862_cov_30.632523_79   -            411 20929at72274         -            324   2.2e-12   45.0   0.0   2   2   1.4e-05    0.0039   14.6   0.0   247   322   327   402   309   404 0.88 # 82108 # 83340 # -1 # ID=25_79;partial=00;start_type=ATG;rbs_motif=None;rbs_spacer=None;gc_cont=0.624
NODE_32_length_78578_cov_31.414761_32   -            578 20929at72274         -            324   9.7e-05   19.9   1.7   1   2   4.1e-07   0.00011   19.7   0.0     1    99    11   120    11   177 0.77 # 33892 # 35625 # 1 # ID=32_32;partial=00;start_type=GTG;rbs_motif=GGAG/GAGG;rbs_spacer=5-10bp;gc_cont=0.618
NODE_32_length_78578_cov_31.414761_32   -            578 20929at72274         -            324   9.7e-05   19.9   1.7   2   2       1.5     4e+02   -1.9   0.4   286   322   366   402   356   404 0.69 # 33892 # 35625 # 1 # ID=32_32;partial=00;start_type=GTG;rbs_motif=GGAG/GAGG;rbs_spacer=5-10bp;gc_cont=0.618
NODE_11_length_139671_cov_32.288504_77  -            680 20929at72274         -            324   0.00016   19.2   0.1   1   2   2.6e-06   0.00072   17.0   0.0     2    37   380   415   379   431 0.90 # 85734 # 87773 # -1 # ID=11_77;partial=00;start_type=ATG;rbs_motif=GGAG/GAGG;rbs_spacer=5-10bp;gc_cont=0.636
NODE_11_length_139671_cov_32.288504_77  -            680 20929at72274         -            324   0.00016   19.2   0.1   2   2      0.71   1.9e+02   -0.8   0.0   138   162   502   526   492   533 0.81 # 85734 # 87773 # -1 # ID=11_77;partial=00;start_type=ATG;rbs_motif=GGAG/GAGG;rbs_spacer=5-10bp;gc_cont=0.636
NODE_16_length_120385_cov_32.517862_96  -            422 20929at72274         -            324   0.00031   18.2   0.2   1   2   5.7e-06    0.0016   15.9   0.0     1    55    25    77    25   135 0.80 # 86350 # 87615 # 1 # ID=16_96;partial=00;start_type=ATG;rbs_motif=GGAG/GAGG;rbs_spacer=5-10bp;gc_cont=0.665
NODE_16_length_120385_cov_32.517862_96  -            422 20929at72274         -            324   0.00031   18.2   0.2   2   2      0.49   1.3e+02   -0.3   0.1   135   205   199   265   186   274 0.64 # 86350 # 87615 # 1 # ID=16_96;partial=00;start_type=ATG;rbs_motif=GGAG/GAGG;rbs_spacer=5-10bp;gc_cont=0.665
NODE_5_length_204350_cov_31.943180_70   -           1006 20929at72274         -            324   0.00038   17.9   0.1   1   2   3.3e-06   0.00092   16.7   0.0     1    40   172   211   172   254 0.95 # 79537 # 82554 # 1 # ID=5_70;partial=00;start_type=ATG;rbs_motif=GGAG/GAGG;rbs_spacer=5-10bp;gc_cont=0.627
NODE_5_length_204350_cov_31.943180_70   -           1006 20929at72274         -            324   0.00038   17.9   0.1   2   2       3.7     1e+03   -3.2   0.0   244   267   834   857   825   866 0.77 # 79537 # 82554 # 1 # ID=5_70;partial=00;start_type=ATG;rbs_motif=GGAG/GAGG;rbs_spacer=5-10bp;gc_cont=0.627
NODE_2_length_234165_cov_30.973912_84   -            465 20929at72274         -            324    0.0022   15.4   0.1   1   1   1.5e-05    0.0041   14.5   0.1     1    36     7    42     7    70 0.94 # 104869 # 106263 # 1 # ID=2_84;partial=00;start_type=ATG;rbs_motif=AGGAG;rbs_spacer=5-10bp;gc_cont=0.599
NODE_5_length_204350_cov_31.943180_58   -            687 20929at72274         -            324    0.0024   15.3   0.2   1   1   1.7e-05    0.0046   14.3   0.2     2    38   393   429   392   435 0.92 # 64419 # 66479 # 1 # ID=5_58;partial=00;start_type=ATG;rbs_motif=GGAG/GAGG;rbs_spacer=5-10bp;gc_cont=0.624
NODE_30_length_79514_cov_31.910724_48   -            370 20929at72274         -            324    0.0029   15.0   0.4   1   1   1.9e-05    0.0053   14.2   0.4     1    44     6    48     6    52 0.88 # 50901 # 52010 # 1 # ID=30_48;partial=00;start_type=ATG;rbs_motif=GGA/GAG/AGG;rbs_spacer=5-10bp;gc_cont=0.625
NODE_39_length_64069_cov_32.991155_40   -            436 20929at72274         -            324    0.0037   14.7   0.2   1   2   4.8e-05     0.013   12.9   0.2     1    30    29    58    29    66 0.93 # 36683 # 37990 # -1 # ID=39_40;partial=00;start_type=ATG;rbs_motif=AGGA/GGAG/GAGG;rbs_spacer=11-12bp;gc_cont=0.609
NODE_39_length_64069_cov_32.991155_40   -            436 20929at72274         -            324    0.0037   14.7   0.2   2   2      0.94   2.6e+02   -1.2   0.0   290   316   312   338   287   345 0.78 # 36683 # 37990 # -1 # ID=39_40;partial=00;start_type=ATG;rbs_motif=AGGA/GGAG/GAGG;rbs_spacer=11-12bp;gc_cont=0.609
NODE_86_length_17167_cov_32.626433_14   -            368 20929at72274         -            324    0.0043   14.5   0.2   1   2   8.1e-05     0.022   12.1   0.2     1    30     5    34     5    43 0.94 # 14897 # 16000 # 1 # ID=86_14;partial=00;start_type=ATG;rbs_motif=GGAGG;rbs_spacer=5-10bp;gc_cont=0.651
NODE_86_length_17167_cov_32.626433_14   -            368 20929at72274         -            324    0.0043   14.5   0.2   2   2      0.61   1.7e+02   -0.6   0.0    61   104   145   187   143   217 0.76 # 14897 # 16000 # 1 # ID=86_14;partial=00;start_type=ATG;rbs_motif=GGAGG;rbs_spacer=5-10bp;gc_cont=0.651
NODE_70_length_27572_cov_32.653926_22   -            530 20929at72274         -            324    0.0054   14.1   0.0   1   3   0.00016     0.044   11.1   0.0     1    33     8    40     8    62 0.89 # 21965 # 23554 # -1 # ID=70_22;partial=00;start_type=ATG;rbs_motif=GGA/GAG/AGG;rbs_spacer=5-10bp;gc_cont=0.621
NODE_70_length_27572_cov_32.653926_22   -            530 20929at72274         -            324    0.0054   14.1   0.0   2   3      0.59   1.6e+02   -0.6   0.0   194   226   281   313   267   319 0.81 # 21965 # 23554 # -1 # ID=70_22;partial=00;start_type=ATG;rbs_motif=GGA/GAG/AGG;rbs_spacer=5-10bp;gc_cont=0.621
NODE_70_length_27572_cov_32.653926_22   -            530 20929at72274         -            324    0.0054   14.1   0.0   3   3       4.3   1.2e+03   -3.4   0.0   108   151   480   521   441   527 0.55 # 21965 # 23554 # -1 # ID=70_22;partial=00;start_type=ATG;rbs_motif=GGA/GAG/AGG;rbs_spacer=5-10bp;gc_cont=0.621
NODE_11_length_139671_cov_32.288504_103 -            456 20929at72274         -            324    0.0056   14.1   0.2   1   2     2e-05    0.0056   14.1   0.2     2    35   143   176   142   179 0.94 # 123955 # 125322 # 1 # ID=11_103;partial=00;start_type=GTG;rbs_motif=GGAG/GAGG;rbs_spacer=5-10bp;gc_cont=0.645
NODE_11_length_139671_cov_32.288504_103 -            456 20929at72274         -            324    0.0056   14.1   0.2   2   2         1   2.9e+02   -1.4   0.2     2    24   277   299   276   306 0.83 # 123955 # 125322 # 1 # ID=11_103;partial=00;start_type=GTG;rbs_motif=GGAG/GAGG;rbs_spacer=5-10bp;gc_cont=0.645
NODE_62_length_38083_cov_30.681778_27   -            652 20929at72274         -            324    0.0056   14.1   0.1   1   2   6.2e-05     0.017   12.5   0.2     2    40   390   428   389   442 0.93 # 28907 # 30862 # 1 # ID=62_27;partial=00;start_type=ATG;rbs_motif=GGAG/GAGG;rbs_spacer=5-10bp;gc_cont=0.639
NODE_62_length_38083_cov_30.681778_27   -            652 20929at72274         -            324    0.0056   14.1   0.1   2   2       1.8     5e+02   -2.2   0.0   125   164   598   637   588   639 0.84 # 28907 # 30862 # 1 # ID=62_27;partial=00;start_type=ATG;rbs_motif=GGAG/GAGG;rbs_spacer=5-10bp;gc_cont=0.639
NODE_58_length_43012_cov_30.294478_11   -            525 20929at72274         -            324     0.007   13.8   0.0   1   1   3.9e-05     0.011   13.2   0.0     1    49    52   101    52   119 0.83 # 12531 # 14105 # 1 # ID=58_11;partial=00;start_type=ATG;rbs_motif=AGGAG;rbs_spacer=5-10bp;gc_cont=0.636
NODE_6_length_202096_cov_31.427584_3    -            375 20929at72274         -            324     0.014   12.8   0.1   1   1   8.1e-05     0.022   12.1   0.1     2    31     4    33     3    41 0.91 # 938 # 2062 # -1 # ID=6_3;partial=00;start_type=ATG;rbs_motif=GGAG/GAGG;rbs_spacer=5-10bp;gc_cont=0.640
NODE_45_length_54776_cov_30.344783_31   -            453 20929at72274         -            324     0.017   12.5   0.1   1   2     0.019       5.1    4.4   0.2     2    30     7    35     6    59 0.89 # 21479 # 22837 # 1 # ID=45_31;partial=00;start_type=ATG;rbs_motif=AGGAG;rbs_spacer=5-10bp;gc_cont=0.611
NODE_45_length_54776_cov_30.344783_31   -            453 20929at72274         -            324     0.017   12.5   0.1   2   2    0.0086       2.4    5.5   0.0   131   172   337   378   330   404 0.82 # 21479 # 22837 # 1 # ID=45_31;partial=00;start_type=ATG;rbs_motif=AGGAG;rbs_spacer=5-10bp;gc_cont=0.611
NODE_13_length_125898_cov_32.157960_74  -            479 20929at72274         -            324     0.018   12.4   2.9   1   3   7.6e-05     0.021   12.2   0.2     1    46     6    49     6    65 0.83 # 75772 # 77208 # 1 # ID=13_74;partial=00;start_type=ATG;rbs_motif=GGAG/GAGG;rbs_spacer=5-10bp;gc_cont=0.576
NODE_13_length_125898_cov_32.157960_74  -            479 20929at72274         -            324     0.018   12.4   2.9   2   3      0.87   2.4e+02   -1.1   0.1     4    30   186   212   184   215 0.92 # 75772 # 77208 # 1 # ID=13_74;partial=00;start_type=ATG;rbs_motif=GGAG/GAGG;rbs_spacer=5-10bp;gc_cont=0.576
NODE_13_length_125898_cov_32.157960_74  -            479 20929at72274         -            324     0.018   12.4   2.9   3   3       1.6   4.3e+02   -2.0   0.0     4    23   316   335   269   345 0.69 # 75772 # 77208 # 1 # ID=13_74;partial=00;start_type=ATG;rbs_motif=GGAG/GAGG;rbs_spacer=5-10bp;gc_cont=0.576
NODE_21_length_102314_cov_32.189096_48  -            428 20929at72274         -            324     0.018   12.4   0.0   1   1   0.00012     0.032   11.6   0.0     1    36    29    63    29   163 0.71 # 56011 # 57294 # 1 # ID=21_48;partial=00;start_type=ATG;rbs_motif=GGAG/GAGG;rbs_spacer=5-10bp;gc_cont=0.635
NODE_24_length_98089_cov_32.704420_14   -            418 20929at72274         -            324     0.038   11.4   0.2   1   1   0.00025     0.069   10.5   0.2     1    29     8    36     8    42 0.94 # 15005 # 16258 # -1 # ID=24_14;partial=00;start_type=ATG;rbs_motif=GGA/GAG/AGG;rbs_spacer=11-12bp;gc_cont=0.633
NODE_16_length_120385_cov_32.517862_43  -            430 20929at72274         -            324     0.044   11.1   0.6   1   2     0.035       9.6    3.5   0.0     1    31     9    39     9    44 0.91 # 35734 # 37023 # 1 # ID=16_43;partial=00;start_type=ATG;rbs_motif=AGGA;rbs_spacer=5-10bp;gc_cont=0.647
NODE_16_length_120385_cov_32.517862_43  -            430 20929at72274         -            324     0.044   11.1   0.6   2   2     0.006       1.6    6.0   0.1     2    27   171   196   170   203 0.91 # 35734 # 37023 # 1 # ID=16_43;partial=00;start_type=ATG;rbs_motif=AGGA;rbs_spacer=5-10bp;gc_cont=0.647
NODE_6_length_202096_cov_31.427584_172  -            431 20929at72274         -            324     0.045   11.1   0.1   1   1   0.00028     0.077   10.3   0.1     1    30    32    61    32    94 0.84 # 176585 # 177877 # 1 # ID=6_172;partial=00;start_type=ATG;rbs_motif=GGA/GAG/AGG;rbs_spacer=5-10bp;gc_cont=0.633
NODE_27_length_85717_cov_31.296630_73   -            555 20929at72274         -            324     0.081   10.3   0.8   1   1   0.00043      0.12    9.7   0.8     1    39     9    53     9    57 0.80 # 71411 # 73075 # 1 # ID=27_73;partial=00;start_type=GTG;rbs_motif=AGGAG;rbs_spacer=5-10bp;gc_cont=0.606
#
# Program:         hmmsearch
# Version:         3.1b2 (February 2015)
# Pipeline mode:   SEARCH
# Query file:      /data2/PEG/hoaxaca/REAA/Pseudomonas/bin/busco_downloads/lineages/pseudomonadales_odb10/hmms/20929at72274.hmm
# Target file:     /data2/PEG/hoaxaca/REAA/Pseudomonas/bin/../out/busco/trim_75clip.spades_kmer/prodigal_output/predicted_genes/predicted.faa
# Option settings: hmmsearch --domtblout /data2/PEG/hoaxaca/REAA/Pseudomonas/bin/../out/busco/trim_75clip.spades_kmer/run_pseudomonadales_odb10/hmmer_output/20929at72274.out --cpu 1 /data2/PEG/hoaxaca/REAA/Pseudomonas/bin/busco_downloads/lineages/pseudomonadales_odb10/hmms/20929at72274.hmm /data2/PEG/hoaxaca/REAA/Pseudomonas/bin/../out/busco/trim_75clip.spades_kmer/prodigal_output/predicted_genes/predicted.faa 
# Current dir:     /data2/PEG/hoaxaca/REAA/Pseudomonas/bin
# Date:            Mon Feb 20 00:33:28 2023
# [ok]
