#                                                                                               --- full sequence --- -------------- this domain -------------   hmm coord   ali coord   env coord
# target name                           accession   tlen query name           accession   qlen   E-value  score  bias   #  of  c-Evalue  i-Evalue  score  bias  from    to  from    to  from    to  acc description of target
#                   ------------------- ---------- ----- -------------------- ---------- ----- --------- ------ ----- --- --- --------- --------- ------ ----- ----- ----- ----- ----- ----- ----- ---- ---------------------
NODE_50_length_50821_cov_31.305857_32   -            438 25705at72274         -            341  2.8e-139  462.6   5.1   1   2     1e-11     9e-10   36.8   0.5     1    48    14    69    14    76 0.88 # 36951 # 38264 # 1 # ID=50_32;partial=00;start_type=ATG;rbs_motif=None;rbs_spacer=None;gc_cont=0.618
NODE_50_length_50821_cov_31.305857_32   -            438 25705at72274         -            341  2.8e-139  462.6   5.1   2   2  8.9e-131  7.9e-129  428.2   0.5    29   341    71   428    65   428 0.90 # 36951 # 38264 # 1 # ID=50_32;partial=00;start_type=ATG;rbs_motif=None;rbs_spacer=None;gc_cont=0.618
NODE_34_length_71337_cov_31.902052_44   -            440 25705at72274         -            341   1.3e-49  167.8   0.8   1   1   3.3e-51     3e-49  166.6   0.8    98   341   164   439   135   439 0.85 # 45783 # 47102 # 1 # ID=34_44;partial=00;start_type=ATG;rbs_motif=None;rbs_spacer=None;gc_cont=0.627
NODE_54_length_48951_cov_31.436492_17   -            464 25705at72274         -            341   4.3e-46  156.2   5.9   1   1   3.1e-47   2.7e-45  153.6   5.9    95   338   178   456   149   458 0.81 # 19028 # 20419 # 1 # ID=54_17;partial=00;start_type=GTG;rbs_motif=None;rbs_spacer=None;gc_cont=0.601
NODE_89_length_15564_cov_28.893215_1    -            435 25705at72274         -            341   1.5e-45  154.4   1.2   1   1   1.7e-47   1.5e-45  154.4   1.2    95   340   154   433   125   434 0.82 # 128 # 1432 # -1 # ID=89_1;partial=00;start_type=ATG;rbs_motif=GGA/GAG/AGG;rbs_spacer=5-10bp;gc_cont=0.635
NODE_44_length_56924_cov_31.281870_34   -            490 25705at72274         -            341   2.2e-43  147.3   0.8   1   2      0.12        10    3.7   0.4    93   141    22    71     9    78 0.78 # 37976 # 39445 # -1 # ID=44_34;partial=00;start_type=ATG;rbs_motif=None;rbs_spacer=None;gc_cont=0.632
NODE_44_length_56924_cov_31.281870_34   -            490 25705at72274         -            341   2.2e-43  147.3   0.8   2   2   1.9e-43   1.7e-41  141.1   0.0    94   340   211   485   193   486 0.83 # 37976 # 39445 # -1 # ID=44_34;partial=00;start_type=ATG;rbs_motif=None;rbs_spacer=None;gc_cont=0.632
NODE_64_length_36205_cov_31.746859_7    -            346 25705at72274         -            341   5.2e-41  139.5   0.2   1   1   1.8e-42   1.6e-40  137.9   0.2   105   340    77   343    68   344 0.85 # 6192 # 7229 # -1 # ID=64_7;partial=00;start_type=ATG;rbs_motif=GGA/GAG/AGG;rbs_spacer=5-10bp;gc_cont=0.648
NODE_33_length_74845_cov_30.166310_20   -            539 25705at72274         -            341   2.3e-31  107.7   1.0   1   1   1.2e-32     1e-30  105.6   1.0    94   319   235   505   213   525 0.70 # 18896 # 20512 # 1 # ID=33_20;partial=00;start_type=GTG;rbs_motif=None;rbs_spacer=None;gc_cont=0.640
NODE_13_length_125898_cov_32.157960_103 -            448 25705at72274         -            341   4.3e-27   93.7   1.4   1   2       4.6     4e+02   -1.5   0.1    94   144     8    59     3    75 0.69 # 113140 # 114483 # -1 # ID=13_103;partial=00;start_type=GTG;rbs_motif=GGAG/GAGG;rbs_spacer=5-10bp;gc_cont=0.656
NODE_13_length_125898_cov_32.157960_103 -            448 25705at72274         -            341   4.3e-27   93.7   1.4   2   2   2.1e-28   1.9e-26   91.6   0.2   133   341   205   439   134   439 0.76 # 113140 # 114483 # -1 # ID=13_103;partial=00;start_type=GTG;rbs_motif=GGAG/GAGG;rbs_spacer=5-10bp;gc_cont=0.656
NODE_65_length_36010_cov_30.668652_10   -            432 25705at72274         -            341   1.6e-24   85.3   0.3   1   1   7.3e-26   6.5e-24   83.3   0.3   132   340   189   430   118   431 0.68 # 9013 # 10308 # -1 # ID=65_10;partial=00;start_type=ATG;rbs_motif=GGA/GAG/AGG;rbs_spacer=5-10bp;gc_cont=0.644
NODE_38_length_65278_cov_32.673849_69   -            427 25705at72274         -            341   5.4e-22   77.0   0.2   1   1   1.5e-23   1.3e-21   75.7   0.2    94   334   148   416    97   422 0.73 # 61991 # 63271 # 1 # ID=38_69;partial=00;start_type=ATG;rbs_motif=GGAG/GAGG;rbs_spacer=5-10bp;gc_cont=0.625
NODE_59_length_41747_cov_29.720340_30   -            426 25705at72274         -            341   9.1e-22   76.2   0.0   1   1   1.8e-23   1.6e-21   75.4   0.0   133   335   183   417   119   421 0.73 # 36154 # 37431 # -1 # ID=59_30;partial=00;start_type=ATG;rbs_motif=GGAGG;rbs_spacer=5-10bp;gc_cont=0.633
NODE_38_length_65278_cov_32.673849_64   -            432 25705at72274         -            341   1.4e-21   75.6   0.0   1   1     2e-23   1.8e-21   75.3   0.0   130   340   189   427   116   428 0.72 # 56311 # 57606 # -1 # ID=38_64;partial=00;start_type=ATG;rbs_motif=GGAG/GAGG;rbs_spacer=5-10bp;gc_cont=0.632
NODE_34_length_71337_cov_31.902052_66   -            466 25705at72274         -            341   8.4e-20   69.8   3.3   1   1   2.9e-21   2.5e-19   68.2   3.3    95   338   166   451   143   453 0.72 # 66428 # 67825 # 1 # ID=34_66;partial=00;start_type=ATG;rbs_motif=GGA/GAG/AGG;rbs_spacer=5-10bp;gc_cont=0.627
NODE_74_length_24993_cov_31.222369_16   -            884 25705at72274         -            341     1e-19   69.5   3.5   1   1   7.9e-21     7e-19   66.7   3.5   116   340   618   873   608   874 0.66 # 16995 # 19646 # -1 # ID=74_16;partial=00;start_type=ATG;rbs_motif=AGGA;rbs_spacer=5-10bp;gc_cont=0.664
NODE_24_length_98089_cov_32.704420_21   -            451 25705at72274         -            341   3.7e-19   67.6   0.6   1   1     1e-20   9.1e-19   66.3   0.6   129   321   203   422   147   447 0.71 # 23247 # 24599 # -1 # ID=24_21;partial=00;start_type=ATG;rbs_motif=GGA/GAG/AGG;rbs_spacer=5-10bp;gc_cont=0.629
NODE_3_length_205623_cov_31.972892_159  -            455 25705at72274         -            341   8.8e-18   63.1   1.7   1   1   2.8e-19   2.5e-17   61.6   1.7   127   340   208   453   144   454 0.67 # 172240 # 173604 # 1 # ID=3_159;partial=00;start_type=GTG;rbs_motif=GGAG/GAGG;rbs_spacer=5-10bp;gc_cont=0.617
NODE_26_length_94832_cov_30.067731_38   -            462 25705at72274         -            341   1.3e-17   62.6   0.2   1   1   3.1e-19   2.8e-17   61.5   0.2    94   338   167   457   148   459 0.68 # 36450 # 37835 # 1 # ID=26_38;partial=00;start_type=ATG;rbs_motif=GGA/GAG/AGG;rbs_spacer=5-10bp;gc_cont=0.652
NODE_33_length_74845_cov_30.166310_41   -            457 25705at72274         -            341   1.5e-17   62.4   3.1   1   1   1.3e-18   1.2e-16   59.4   3.1   123   338   211   452   167   454 0.74 # 39110 # 40480 # 1 # ID=33_41;partial=00;start_type=ATG;rbs_motif=GGA/GAG/AGG;rbs_spacer=5-10bp;gc_cont=0.631
NODE_32_length_78578_cov_31.414761_70   -            450 25705at72274         -            341   3.5e-17   61.1   0.2   1   1   7.7e-19   6.8e-17   60.2   0.2   129   321   203   422   159   447 0.74 # 73441 # 74790 # -1 # ID=32_70;partial=00;start_type=ATG;rbs_motif=GGA/GAG/AGG;rbs_spacer=5-10bp;gc_cont=0.650
NODE_2_length_234165_cov_30.973912_90   -            451 25705at72274         -            341     5e-16   57.4   2.0   1   1   2.6e-17   2.4e-15   55.1   2.0   100   321   157   426   116   432 0.65 # 111134 # 112486 # -1 # ID=2_90;partial=00;start_type=ATG;rbs_motif=AGGAG/GGAGG;rbs_spacer=11-12bp;gc_cont=0.620
NODE_14_length_124198_cov_31.510880_24  -            468 25705at72274         -            341   6.1e-16   57.1   1.7   1   1   4.8e-16   4.2e-14   51.0   1.7   126   320   212   436   155   460 0.71 # 27857 # 29260 # -1 # ID=14_24;partial=00;start_type=ATG;rbs_motif=GGAGG;rbs_spacer=5-10bp;gc_cont=0.632
NODE_7_length_186923_cov_31.961760_30   -            596 25705at72274         -            341   6.9e-16   56.9   0.7   1   3         3   2.7e+02   -0.9   0.0   146   163   157   174   145   176 0.79 # 30027 # 31814 # 1 # ID=7_30;partial=00;start_type=ATG;rbs_motif=GGA/GAG/AGG;rbs_spacer=5-10bp;gc_cont=0.606
NODE_7_length_186923_cov_31.961760_30   -            596 25705at72274         -            341   6.9e-16   56.9   0.7   2   3       1.1        95    0.5   0.0    99   134   179   214   160   246 0.80 # 30027 # 31814 # 1 # ID=7_30;partial=00;start_type=ATG;rbs_motif=GGA/GAG/AGG;rbs_spacer=5-10bp;gc_cont=0.606
NODE_7_length_186923_cov_31.961760_30   -            596 25705at72274         -            341   6.9e-16   56.9   0.7   3   3   1.2e-16   1.1e-14   52.9   0.2   156   341   376   595   359   595 0.73 # 30027 # 31814 # 1 # ID=7_30;partial=00;start_type=ATG;rbs_motif=GGA/GAG/AGG;rbs_spacer=5-10bp;gc_cont=0.606
NODE_86_length_17167_cov_32.626433_6    -           1129 25705at72274         -            341   2.4e-15   55.1   1.8   1   2   0.00012     0.011   13.5   0.4    93   189   609   711   593   732 0.72 # 5353 # 8739 # 1 # ID=86_6;partial=00;start_type=GTG;rbs_motif=GGAG/GAGG;rbs_spacer=5-10bp;gc_cont=0.634
NODE_86_length_17167_cov_32.626433_6    -           1129 25705at72274         -            341   2.4e-15   55.1   1.8   2   2     7e-13   6.2e-11   40.6   0.0   251   333   795   889   754   897 0.77 # 5353 # 8739 # 1 # ID=86_6;partial=00;start_type=GTG;rbs_motif=GGAG/GAGG;rbs_spacer=5-10bp;gc_cont=0.634
NODE_40_length_63675_cov_29.873774_13   -           1157 25705at72274         -            341   3.7e-15   54.5   0.1   1   1   7.5e-17   6.6e-15   53.7   0.1   124   341   765  1015   699  1015 0.77 # 10708 # 14178 # -1 # ID=40_13;partial=00;start_type=ATG;rbs_motif=GGAG/GAGG;rbs_spacer=5-10bp;gc_cont=0.632
NODE_36_length_67241_cov_31.105619_48   -            937 25705at72274         -            341   4.8e-15   54.1   0.0   1   1   1.1e-16   9.7e-15   53.1   0.0   136   341   440   684   429   684 0.75 # 40278 # 43088 # 1 # ID=36_48;partial=00;start_type=ATG;rbs_motif=None;rbs_spacer=None;gc_cont=0.603
NODE_2_length_234165_cov_30.973912_175  -            884 25705at72274         -            341   1.1e-14   53.0   1.4   1   1   1.1e-15   9.8e-14   49.8   1.3   152   320   648   848   634   873 0.70 # 201105 # 203756 # 1 # ID=2_175;partial=00;start_type=ATG;rbs_motif=AGGA/GGAG/GAGG;rbs_spacer=11-12bp;gc_cont=0.653
NODE_29_length_83571_cov_30.866281_4    -            492 25705at72274         -            341   1.9e-14   52.2   3.9   1   2   2.6e-10   2.3e-08   32.2   1.1   125   182   226   290   167   299 0.84 # 3447 # 4922 # 1 # ID=29_4;partial=00;start_type=ATG;rbs_motif=GGA/GAG/AGG;rbs_spacer=5-10bp;gc_cont=0.622
NODE_29_length_83571_cov_30.866281_4    -            492 25705at72274         -            341   1.9e-14   52.2   3.9   2   2   1.4e-06   0.00012   19.9   0.1   251   320   382   459   340   481 0.79 # 3447 # 4922 # 1 # ID=29_4;partial=00;start_type=ATG;rbs_motif=GGA/GAG/AGG;rbs_spacer=5-10bp;gc_cont=0.622
NODE_59_length_41747_cov_29.720340_6    -            402 25705at72274         -            341   2.2e-14   51.9   9.6   1   1   4.6e-15   4.1e-13   47.8   9.6   108   341   121   393    67   393 0.73 # 5998 # 7203 # -1 # ID=59_6;partial=00;start_type=ATG;rbs_motif=GGA/GAG/AGG;rbs_spacer=5-10bp;gc_cont=0.606
NODE_35_length_70902_cov_31.813955_43   -            457 25705at72274         -            341   1.3e-13   49.5   1.2   1   1   2.1e-15   1.8e-13   48.9   1.2   124   341    63   315    52   315 0.73 # 67866 # 69236 # 1 # ID=35_43;partial=00;start_type=ATG;rbs_motif=GGAG/GAGG;rbs_spacer=5-10bp;gc_cont=0.656
NODE_23_length_101354_cov_30.913200_42  -            441 25705at72274         -            341   7.2e-13   47.0   0.2   1   1   3.1e-14   2.8e-12   45.0   0.2   147   319   197   402   191   426 0.71 # 48774 # 50096 # 1 # ID=23_42;partial=00;start_type=GTG;rbs_motif=AGGA/GGAG/GAGG;rbs_spacer=11-12bp;gc_cont=0.616
NODE_9_length_146128_cov_31.603137_98   -            452 25705at72274         -            341   8.1e-13   46.8   0.9   1   2   0.00045      0.04   11.6   0.8   139   198   174   227   158   338 0.77 # 126354 # 127709 # 1 # ID=9_98;partial=00;start_type=ATG;rbs_motif=GGA/GAG/AGG;rbs_spacer=5-10bp;gc_cont=0.616
NODE_9_length_146128_cov_31.603137_98   -            452 25705at72274         -            341   8.1e-13   46.8   0.9   2   2   2.8e-10   2.5e-08   32.0   0.0   274   341   365   438   352   438 0.89 # 126354 # 127709 # 1 # ID=9_98;partial=00;start_type=ATG;rbs_motif=GGA/GAG/AGG;rbs_spacer=5-10bp;gc_cont=0.616
NODE_1_length_236949_cov_32.553383_195  -            439 25705at72274         -            341   2.1e-12   45.4   2.4   1   1   2.2e-13   1.9e-11   42.3   2.4   127   340   201   435   133   436 0.67 # 201312 # 202628 # -1 # ID=1_195;partial=00;start_type=ATG;rbs_motif=None;rbs_spacer=None;gc_cont=0.607
NODE_16_length_120385_cov_32.517862_57  -            392 25705at72274         -            341   2.6e-12   45.1   0.4   1   1   7.8e-14   6.9e-12   43.7   0.4   144   341   156   388   123   388 0.71 # 47454 # 48629 # 1 # ID=16_57;partial=00;start_type=ATG;rbs_motif=GGA/GAG/AGG;rbs_spacer=5-10bp;gc_cont=0.616
NODE_19_length_106954_cov_31.065364_77  -            392 25705at72274         -            341   2.8e-12   45.0   0.1   1   1   4.9e-14   4.3e-12   44.4   0.1   141   340   155   388   137   389 0.72 # 73322 # 74497 # -1 # ID=19_77;partial=00;start_type=ATG;rbs_motif=GGA/GAG/AGG;rbs_spacer=5-10bp;gc_cont=0.639
NODE_108_length_8507_cov_33.452562_2    -            593 25705at72274         -            341   1.1e-11   43.0   1.0   1   1     1e-12   9.2e-11   40.0   1.0    92   340   278   577   268   578 0.65 # 1523 # 3301 # -1 # ID=108_2;partial=00;start_type=ATG;rbs_motif=None;rbs_spacer=None;gc_cont=0.613
NODE_33_length_74845_cov_30.166310_24   -            449 25705at72274         -            341   3.9e-11   41.2   0.1   1   1     1e-12   9.1e-11   40.1   0.1   111   340   189   446   157   447 0.64 # 22506 # 23852 # 1 # ID=33_24;partial=00;start_type=TTG;rbs_motif=GGA/GAG/AGG;rbs_spacer=5-10bp;gc_cont=0.623
NODE_81_length_19758_cov_29.209978_5    -            440 25705at72274         -            341   6.2e-11   40.6   0.2   1   2   6.1e-05    0.0054   14.5   0.3   129   182   198   251   153   284 0.79 # 4314 # 5633 # 1 # ID=81_5;partial=00;start_type=ATG;rbs_motif=GGAG/GAGG;rbs_spacer=5-10bp;gc_cont=0.646
NODE_81_length_19758_cov_29.209978_5    -            440 25705at72274         -            341   6.2e-11   40.6   0.2   2   2   8.2e-08   7.3e-06   23.9   0.0   255   340   342   436   329   437 0.75 # 4314 # 5633 # 1 # ID=81_5;partial=00;start_type=ATG;rbs_motif=GGAG/GAGG;rbs_spacer=5-10bp;gc_cont=0.646
NODE_104_length_9267_cov_33.085944_6    -            634 25705at72274         -            341   6.3e-11   40.6   1.2   1   1   7.1e-13   6.3e-11   40.6   1.2   122   341   228   491   221   491 0.67 # 5194 # 7095 # 1 # ID=104_6;partial=00;start_type=ATG;rbs_motif=AGGAG;rbs_spacer=5-10bp;gc_cont=0.612
NODE_59_length_41747_cov_29.720340_9    -           1166 25705at72274         -            341   8.4e-11   40.2   3.6   1   1   9.8e-12   8.7e-10   36.8   2.7   121   332   459   709   450   717 0.67 # 8609 # 12106 # -1 # ID=59_9;partial=00;start_type=ATG;rbs_motif=GGA/GAG/AGG;rbs_spacer=5-10bp;gc_cont=0.602
NODE_34_length_71337_cov_31.902052_45   -            743 25705at72274         -            341   8.5e-11   40.1   0.2   1   1   1.7e-11   1.5e-09   36.1   0.2   150   340   512   739   491   740 0.67 # 47461 # 49689 # -1 # ID=34_45;partial=00;start_type=ATG;rbs_motif=AGGAG;rbs_spacer=5-10bp;gc_cont=0.613
NODE_32_length_78578_cov_31.414761_56   -            376 25705at72274         -            341   1.4e-10   39.4   0.0   1   1   2.6e-12   2.3e-10   38.7   0.0   137   341   127   373   105   373 0.71 # 60613 # 61740 # -1 # ID=32_56;partial=00;start_type=ATG;rbs_motif=AGGA;rbs_spacer=5-10bp;gc_cont=0.528
NODE_33_length_74845_cov_30.166310_39   -            918 25705at72274         -            341   1.6e-10   39.3   4.3   1   2      0.18        16    3.1   0.3    98   172   174   262   150   279 0.69 # 35436 # 38189 # -1 # ID=33_39;partial=00;start_type=GTG;rbs_motif=AGGAG;rbs_spacer=5-10bp;gc_cont=0.634
NODE_33_length_74845_cov_30.166310_39   -            918 25705at72274         -            341   1.6e-10   39.3   4.3   2   2   1.2e-11   1.1e-09   36.5   0.6   153   340   282   509   268   510 0.67 # 35436 # 38189 # -1 # ID=33_39;partial=00;start_type=GTG;rbs_motif=AGGAG;rbs_spacer=5-10bp;gc_cont=0.634
NODE_7_length_186923_cov_31.961760_110  -            764 25705at72274         -            341   1.6e-10   39.2   0.2   1   1     6e-12   5.3e-10   37.5   0.2   151   341   544   760   538   760 0.74 # 108970 # 111261 # -1 # ID=7_110;partial=00;start_type=GTG;rbs_motif=GGA/GAG/AGG;rbs_spacer=5-10bp;gc_cont=0.611
NODE_15_length_122432_cov_30.555546_36  -            775 25705at72274         -            341     2e-10   38.9   1.4   1   1   1.5e-11   1.4e-09   36.2   1.0   152   341   288   511   242   511 0.65 # 42457 # 44781 # -1 # ID=15_36;partial=00;start_type=GTG;rbs_motif=AGGA;rbs_spacer=5-10bp;gc_cont=0.615
NODE_9_length_146128_cov_31.603137_84   -           1198 25705at72274         -            341   2.4e-10   38.6   3.6   1   1   6.4e-12   5.7e-10   37.4   3.6   144   340   694   930   690   931 0.72 # 107378 # 110971 # -1 # ID=9_84;partial=00;start_type=ATG;rbs_motif=None;rbs_spacer=None;gc_cont=0.617
NODE_1_length_236949_cov_32.553383_91   -            466 25705at72274         -            341   3.8e-10   38.0   7.1   1   1   8.4e-11   7.5e-09   33.8   7.1   134   333   217   451   158   457 0.74 # 96971 # 98368 # 1 # ID=1_91;partial=00;start_type=ATG;rbs_motif=GGAG/GAGG;rbs_spacer=5-10bp;gc_cont=0.635
NODE_27_length_85717_cov_31.296630_11   -            405 25705at72274         -            341     6e-10   37.4   0.5   1   1   2.4e-11   2.1e-09   35.6   0.5   144   341   173   396   145   396 0.72 # 9816 # 11030 # -1 # ID=27_11;partial=00;start_type=ATG;rbs_motif=GGA/GAG/AGG;rbs_spacer=5-10bp;gc_cont=0.640
NODE_62_length_38083_cov_30.681778_4    -            806 25705at72274         -            341     2e-09   35.7   1.3   1   1   8.1e-11   7.2e-09   33.8   1.2   143   339   304   539   296   541 0.72 # 5384 # 7801 # 1 # ID=62_4;partial=00;start_type=ATG;rbs_motif=GGA/GAG/AGG;rbs_spacer=5-10bp;gc_cont=0.588
NODE_8_length_148186_cov_31.798334_19   -            376 25705at72274         -            341   2.7e-09   35.2   0.0   1   1   6.5e-11   5.7e-09   34.1   0.0   134   341   124   373   107   373 0.72 # 11997 # 13124 # -1 # ID=8_19;partial=00;start_type=ATG;rbs_motif=AGGA;rbs_spacer=5-10bp;gc_cont=0.519
NODE_24_length_98089_cov_32.704420_33   -            471 25705at72274         -            341   3.5e-09   34.8   1.5   1   2       9.5   8.4e+02   -2.6   0.1    94   129    14    48     5    59 0.74 # 34245 # 35657 # -1 # ID=24_33;partial=00;start_type=ATG;rbs_motif=None;rbs_spacer=None;gc_cont=0.640
NODE_24_length_98089_cov_32.704420_33   -            471 25705at72274         -            341   3.5e-09   34.8   1.5   2   2     4e-11   3.5e-09   34.8   1.5   129   320   219   440   155   454 0.68 # 34245 # 35657 # -1 # ID=24_33;partial=00;start_type=ATG;rbs_motif=None;rbs_spacer=None;gc_cont=0.640
NODE_1_length_236949_cov_32.553383_16   -           1206 25705at72274         -            341   2.1e-08   32.3   1.7   1   1   2.5e-09   2.2e-07   28.9   1.7   147   340   700   935   686   936 0.63 # 18595 # 22212 # -1 # ID=1_16;partial=00;start_type=TTG;rbs_motif=GGA/GAG/AGG;rbs_spacer=5-10bp;gc_cont=0.617
NODE_66_length_32731_cov_31.858770_10   -            469 25705at72274         -            341   3.5e-08   31.6   0.0   1   1   8.2e-10   7.2e-08   30.5   0.0   200   341   299   461   265   461 0.69 # 15696 # 17102 # 1 # ID=66_10;partial=00;start_type=ATG;rbs_motif=GGA/GAG/AGG;rbs_spacer=5-10bp;gc_cont=0.588
NODE_3_length_205623_cov_31.972892_27   -            421 25705at72274         -            341   4.1e-08   31.3   0.0   1   1   9.4e-10   8.3e-08   30.3   0.0   161   340   209   411   193   412 0.77 # 36968 # 38230 # 1 # ID=3_27;partial=00;start_type=ATG;rbs_motif=GGAG/GAGG;rbs_spacer=5-10bp;gc_cont=0.635
NODE_36_length_67241_cov_31.105619_50   -           1063 25705at72274         -            341     5e-08   31.0   0.1   1   1   3.7e-09   3.3e-07   28.4   0.1   141   337   472   706   458   710 0.69 # 44353 # 47541 # 1 # ID=36_50;partial=00;start_type=ATG;rbs_motif=GGA/GAG/AGG;rbs_spacer=5-10bp;gc_cont=0.627
NODE_15_length_122432_cov_30.555546_39  -           1211 25705at72274         -            341   1.3e-07   29.7   2.2   1   1   5.2e-09   4.7e-07   27.9   2.2   146   339   707   943   692   945 0.67 # 46349 # 49981 # -1 # ID=15_39;partial=00;start_type=ATG;rbs_motif=GGA/GAG/AGG;rbs_spacer=5-10bp;gc_cont=0.594
NODE_48_length_52376_cov_31.184643_6    -            732 25705at72274         -            341   2.2e-07   28.9   2.4   1   2       9.4   8.4e+02   -2.6   0.1   213   242   308   337   285   340 0.75 # 6725 # 8920 # -1 # ID=48_6;partial=00;start_type=ATG;rbs_motif=GGAG/GAGG;rbs_spacer=5-10bp;gc_cont=0.635
NODE_48_length_52376_cov_31.184643_6    -            732 25705at72274         -            341   2.2e-07   28.9   2.4   2   2   1.4e-08   1.2e-06   26.5   0.5   150   320   501   705   486   711 0.67 # 6725 # 8920 # -1 # ID=48_6;partial=00;start_type=ATG;rbs_motif=GGAG/GAGG;rbs_spacer=5-10bp;gc_cont=0.635
NODE_12_length_139267_cov_38.882874_22  -            985 25705at72274         -            341     9e-07   26.9   0.1   1   1     2e-08   1.7e-06   26.0   0.1   159   340   760   974   741   975 0.64 # 19918 # 22872 # 1 # ID=12_22;partial=00;start_type=ATG;rbs_motif=GGA/GAG/AGG;rbs_spacer=5-10bp;gc_cont=0.610
NODE_5_length_204350_cov_31.943180_82   -            480 25705at72274         -            341     9e-07   26.9   0.1   1   1     2e-08   1.8e-06   25.9   0.1   133   338   234   470   173   472 0.71 # 91364 # 92803 # 1 # ID=5_82;partial=00;start_type=ATG;rbs_motif=None;rbs_spacer=None;gc_cont=0.632
NODE_51_length_50229_cov_32.037166_23   -           1194 25705at72274         -            341   1.7e-06   26.0   7.9   1   3       9.7   8.6e+02   -2.6   0.8    89   131   523   567   502   573 0.73 # 23662 # 27243 # -1 # ID=51_23;partial=00;start_type=GTG;rbs_motif=AGGA;rbs_spacer=5-10bp;gc_cont=0.620
NODE_51_length_50229_cov_32.037166_23   -           1194 25705at72274         -            341   1.7e-06   26.0   7.9   2   3      0.04       3.6    5.2   0.0   151   189   703   740   690   747 0.79 # 23662 # 27243 # -1 # ID=51_23;partial=00;start_type=GTG;rbs_motif=AGGA;rbs_spacer=5-10bp;gc_cont=0.620
NODE_51_length_50229_cov_32.037166_23   -           1194 25705at72274         -            341   1.7e-06   26.0   7.9   3   3   5.7e-08     5e-06   24.5   0.0   248   339   823   933   805   935 0.79 # 23662 # 27243 # -1 # ID=51_23;partial=00;start_type=GTG;rbs_motif=AGGA;rbs_spacer=5-10bp;gc_cont=0.620
NODE_61_length_38781_cov_33.914225_33   -            634 25705at72274         -            341   2.3e-06   25.6   1.1   1   1     6e-08   5.3e-06   24.4   0.5   124   341   373   624   358   624 0.68 # 35052 # 36953 # 1 # ID=61_33;partial=00;start_type=ATG;rbs_motif=GGA/GAG/AGG;rbs_spacer=5-10bp;gc_cont=0.636
NODE_10_length_140286_cov_31.780517_71  -            362 25705at72274         -            341   7.3e-06   23.9   0.7   1   2     0.011      0.95    7.1   0.2   155   197   132   177   118   254 0.79 # 82473 # 83558 # 1 # ID=10_71;partial=00;start_type=ATG;rbs_motif=GGAG/GAGG;rbs_spacer=5-10bp;gc_cont=0.617
NODE_10_length_140286_cov_31.780517_71  -            362 25705at72274         -            341   7.3e-06   23.9   0.7   2   2   3.2e-05    0.0028   15.4   0.1   255   326   274   337   221   354 0.66 # 82473 # 83558 # 1 # ID=10_71;partial=00;start_type=ATG;rbs_motif=GGAG/GAGG;rbs_spacer=5-10bp;gc_cont=0.617
NODE_9_length_146128_cov_31.603137_52   -            649 25705at72274         -            341   1.1e-05   23.3   1.4   1   2       6.2   5.5e+02   -2.0   0.2   161   183   286   308   250   405 0.53 # 64213 # 66159 # -1 # ID=9_52;partial=00;start_type=ATG;rbs_motif=GGA/GAG/AGG;rbs_spacer=5-10bp;gc_cont=0.590
NODE_9_length_146128_cov_31.603137_52   -            649 25705at72274         -            341   1.1e-05   23.3   1.4   2   2   2.2e-07   1.9e-05   22.5   0.0   272   341   431   502   428   502 0.88 # 64213 # 66159 # -1 # ID=9_52;partial=00;start_type=ATG;rbs_motif=GGA/GAG/AGG;rbs_spacer=5-10bp;gc_cont=0.590
NODE_10_length_140286_cov_31.780517_119 -            603 25705at72274         -            341   1.6e-05   22.8   0.8   1   1   5.9e-07   5.3e-05   21.1   0.7   131   337   339   583   323   586 0.65 # 128661 # 130469 # 1 # ID=10_119;partial=00;start_type=ATG;rbs_motif=GGA/GAG/AGG;rbs_spacer=11-12bp;gc_cont=0.649
NODE_4_length_205576_cov_31.615476_76   -            559 25705at72274         -            341   2.2e-05   22.3   1.8   1   2     0.034         3    5.4   0.4   104   211   141   254   136   317 0.57 # 76394 # 78070 # 1 # ID=4_76;partial=00;start_type=ATG;rbs_motif=GGA/GAG/AGG;rbs_spacer=5-10bp;gc_cont=0.628
NODE_4_length_205576_cov_31.615476_76   -            559 25705at72274         -            341   2.2e-05   22.3   1.8   2   2   1.9e-05    0.0017   16.1   0.0   273   340   347   416   343   417 0.79 # 76394 # 78070 # 1 # ID=4_76;partial=00;start_type=ATG;rbs_motif=GGA/GAG/AGG;rbs_spacer=5-10bp;gc_cont=0.628
NODE_60_length_40144_cov_32.438668_5    -            674 25705at72274         -            341   2.3e-05   22.3   0.2   1   3       6.5   5.7e+02   -2.0   0.0   177   224    23    72    21    74 0.78 # 4652 # 6673 # 1 # ID=60_5;partial=00;start_type=ATG;rbs_motif=None;rbs_spacer=None;gc_cont=0.622
NODE_60_length_40144_cov_32.438668_5    -            674 25705at72274         -            341   2.3e-05   22.3   0.2   2   3       3.4     3e+02   -1.1   0.0   161   188   305   331   285   362 0.76 # 4652 # 6673 # 1 # ID=60_5;partial=00;start_type=ATG;rbs_motif=None;rbs_spacer=None;gc_cont=0.622
NODE_60_length_40144_cov_32.438668_5    -            674 25705at72274         -            341   2.3e-05   22.3   0.2   3   3   1.7e-06   0.00015   19.6   0.0   266   340   449   524   442   525 0.75 # 4652 # 6673 # 1 # ID=60_5;partial=00;start_type=ATG;rbs_motif=None;rbs_spacer=None;gc_cont=0.622
NODE_44_length_56924_cov_31.281870_26   -            589 25705at72274         -            341   2.8e-05   22.0   2.6   1   1     9e-07     8e-05   20.5   2.6   112   333   318   573   287   580 0.67 # 29506 # 31272 # 1 # ID=44_26;partial=00;start_type=ATG;rbs_motif=None;rbs_spacer=None;gc_cont=0.647
NODE_17_length_110079_cov_30.099496_43  -            911 25705at72274         -            341   6.6e-05   20.8   0.7   1   2       1.2     1e+02    0.4   0.1   147   178   671   704   653   731 0.72 # 40037 # 42769 # 1 # ID=17_43;partial=00;start_type=TTG;rbs_motif=GGA/GAG/AGG;rbs_spacer=5-10bp;gc_cont=0.641
NODE_17_length_110079_cov_30.099496_43  -            911 25705at72274         -            341   6.6e-05   20.8   0.7   2   2   3.9e-06   0.00035   18.4   0.0   267   341   831   906   777   906 0.82 # 40037 # 42769 # 1 # ID=17_43;partial=00;start_type=TTG;rbs_motif=GGA/GAG/AGG;rbs_spacer=5-10bp;gc_cont=0.641
NODE_28_length_85663_cov_33.283895_14   -            375 25705at72274         -            341   0.00036   18.4   0.2   1   2      0.71        63    1.1   0.0   163   196   155   188   132   201 0.81 # 9938 # 11062 # -1 # ID=28_14;partial=00;start_type=ATG;rbs_motif=AGGAG/GGAGG;rbs_spacer=11-12bp;gc_cont=0.578
NODE_28_length_85663_cov_33.283895_14   -            375 25705at72274         -            341   0.00036   18.4   0.2   2   2   3.9e-05    0.0035   15.1   0.0   269   340   299   372   266   373 0.78 # 9938 # 11062 # -1 # ID=28_14;partial=00;start_type=ATG;rbs_motif=AGGAG/GGAGG;rbs_spacer=11-12bp;gc_cont=0.578
NODE_34_length_71337_cov_31.902052_30   -            797 25705at72274         -            341   0.00095   17.0   0.5   1   1   3.1e-05    0.0028   15.4   0.1    91   132   292   333   274   395 0.70 # 29626 # 32016 # 1 # ID=34_30;partial=00;start_type=ATG;rbs_motif=GGAG/GAGG;rbs_spacer=5-10bp;gc_cont=0.627
NODE_44_length_56924_cov_31.281870_2    -            679 25705at72274         -            341    0.0011   16.8   0.4   1   2      0.11       9.6    3.8   0.3   100   152   166   236   151   243 0.50 # 587 # 2623 # 1 # ID=44_2;partial=00;start_type=ATG;rbs_motif=None;rbs_spacer=None;gc_cont=0.610
NODE_44_length_56924_cov_31.281870_2    -            679 25705at72274         -            341    0.0011   16.8   0.4   2   2    0.0029      0.25    9.0   0.0   276   341   595   663   587   663 0.80 # 587 # 2623 # 1 # ID=44_2;partial=00;start_type=ATG;rbs_motif=None;rbs_spacer=None;gc_cont=0.610
NODE_25_length_96862_cov_30.632523_61   -            791 25705at72274         -            341     0.046   11.4   6.4   1   3       5.8   5.2e+02   -1.9   0.3     3    31   310   338   308   346 0.86 # 61650 # 64022 # 1 # ID=25_61;partial=00;start_type=ATG;rbs_motif=3Base/5BMM;rbs_spacer=13-15bp;gc_cont=0.612
NODE_25_length_96862_cov_30.632523_61   -            791 25705at72274         -            341     0.046   11.4   6.4   2   3    0.0011     0.096   10.4   0.2   137   184   400   447   348   456 0.81 # 61650 # 64022 # 1 # ID=25_61;partial=00;start_type=ATG;rbs_motif=3Base/5BMM;rbs_spacer=13-15bp;gc_cont=0.612
NODE_25_length_96862_cov_30.632523_61   -            791 25705at72274         -            341     0.046   11.4   6.4   3   3      0.11       9.4    3.8   0.1   278   319   575   619   557   643 0.79 # 61650 # 64022 # 1 # ID=25_61;partial=00;start_type=ATG;rbs_motif=3Base/5BMM;rbs_spacer=13-15bp;gc_cont=0.612
#
# Program:         hmmsearch
# Version:         3.1b2 (February 2015)
# Pipeline mode:   SEARCH
# Query file:      /data2/PEG/hoaxaca/REAA/Pseudomonas/bin/busco_downloads/lineages/pseudomonadales_odb10/hmms/25705at72274.hmm
# Target file:     /data2/PEG/hoaxaca/REAA/Pseudomonas/bin/../out/busco/trim_75clip.spades_kmer/prodigal_output/predicted_genes/predicted.faa
# Option settings: hmmsearch --domtblout /data2/PEG/hoaxaca/REAA/Pseudomonas/bin/../out/busco/trim_75clip.spades_kmer/run_pseudomonadales_odb10/hmmer_output/25705at72274.out --cpu 1 /data2/PEG/hoaxaca/REAA/Pseudomonas/bin/busco_downloads/lineages/pseudomonadales_odb10/hmms/25705at72274.hmm /data2/PEG/hoaxaca/REAA/Pseudomonas/bin/../out/busco/trim_75clip.spades_kmer/prodigal_output/predicted_genes/predicted.faa 
# Current dir:     /data2/PEG/hoaxaca/REAA/Pseudomonas/bin
# Date:            Mon Feb 20 00:33:34 2023
# [ok]
