#                                                                                              --- full sequence --- -------------- this domain -------------   hmm coord   ali coord   env coord
# target name                          accession   tlen query name           accession   qlen   E-value  score  bias   #  of  c-Evalue  i-Evalue  score  bias  from    to  from    to  from    to  acc description of target
#                  ------------------- ---------- ----- -------------------- ---------- ----- --------- ------ ----- --- --- --------- --------- ------ ----- ----- ----- ----- ----- ----- ----- ---- ---------------------
NODE_12_length_139267_cov_38.882874_9  -            775 2861at72274          -            620  1.5e-294  976.4   0.0   1   1    2e-296  1.8e-293  972.8   0.0     1   613    30   745    30   748 0.90 # 7722 # 10046 # -1 # ID=12_9;partial=00;start_type=ATG;rbs_motif=None;rbs_spacer=None;gc_cont=0.603
NODE_10_length_140286_cov_31.780517_8  -            820 2861at72274          -            620   5.8e-88  293.9   0.3   1   3     1e-46   9.2e-44  147.9   0.0   115   352    68   315    63   319 0.84 # 6738 # 9197 # 1 # ID=10_8;partial=00;start_type=TTG;rbs_motif=GGA/GAG/AGG;rbs_spacer=11-12bp;gc_cont=0.628
NODE_10_length_140286_cov_31.780517_8  -            820 2861at72274          -            620   5.8e-88  293.9   0.3   2   3   1.5e-23   1.3e-20   71.4   0.0   338   492   418   599   392   607 0.81 # 6738 # 9197 # 1 # ID=10_8;partial=00;start_type=TTG;rbs_motif=GGA/GAG/AGG;rbs_spacer=11-12bp;gc_cont=0.628
NODE_10_length_140286_cov_31.780517_8  -            820 2861at72274          -            620   5.8e-88  293.9   0.3   3   3     2e-23   1.8e-20   71.0   0.1   498   588   654   745   646   754 0.87 # 6738 # 9197 # 1 # ID=10_8;partial=00;start_type=TTG;rbs_motif=GGA/GAG/AGG;rbs_spacer=11-12bp;gc_cont=0.628
NODE_7_length_186923_cov_31.961760_140 -            766 2861at72274          -            620   1.1e-37  127.8   0.0   1   2   3.3e-28     3e-25   86.8   0.0   114   252    59   193    51   231 0.92 # 143784 # 146081 # -1 # ID=7_140;partial=00;start_type=TTG;rbs_motif=GGA/GAG/AGG;rbs_spacer=5-10bp;gc_cont=0.643
NODE_7_length_186923_cov_31.961760_140 -            766 2861at72274          -            620   1.1e-37  127.8   0.0   2   2   1.4e-13   1.3e-10   38.5   0.0   343   582   296   550   279   559 0.76 # 143784 # 146081 # -1 # ID=7_140;partial=00;start_type=TTG;rbs_motif=GGA/GAG/AGG;rbs_spacer=5-10bp;gc_cont=0.643
NODE_31_length_78647_cov_30.813941_26  -            241 2861at72274          -            620   2.7e-21   73.7   0.0   1   1   3.9e-24   3.5e-21   73.3   0.0   114   281    56   219    52   228 0.93 # 28438 # 29160 # -1 # ID=31_26;partial=00;start_type=ATG;rbs_motif=None;rbs_spacer=None;gc_cont=0.614
NODE_25_length_96862_cov_30.632523_35  -            633 2861at72274          -            620   4.2e-08   30.1   0.1   1   3   0.00021      0.19    8.1   0.0   322   360   244   285   238   298 0.87 # 34686 # 36584 # 1 # ID=25_35;partial=00;start_type=ATG;rbs_motif=None;rbs_spacer=None;gc_cont=0.626
NODE_25_length_96862_cov_30.632523_35  -            633 2861at72274          -            620   4.2e-08   30.1   0.1   2   3    0.0048       4.3    3.7   0.0   368   403   315   350   303   368 0.84 # 34686 # 36584 # 1 # ID=25_35;partial=00;start_type=ATG;rbs_motif=None;rbs_spacer=None;gc_cont=0.626
NODE_25_length_96862_cov_30.632523_35  -            633 2861at72274          -            620   4.2e-08   30.1   0.1   3   3   2.5e-06    0.0022   14.5   0.0   454   542   453   542   438   546 0.77 # 34686 # 36584 # 1 # ID=25_35;partial=00;start_type=ATG;rbs_motif=None;rbs_spacer=None;gc_cont=0.626
NODE_48_length_52376_cov_31.184643_41  -            631 2861at72274          -            620   8.9e-06   22.5   0.1   1   2   0.00019      0.17    8.3   0.0   322   360   244   285   242   364 0.89 # 47789 # 49681 # -1 # ID=48_41;partial=00;start_type=ATG;rbs_motif=GGA/GAG/AGG;rbs_spacer=11-12bp;gc_cont=0.608
NODE_48_length_52376_cov_31.184643_41  -            631 2861at72274          -            620   8.9e-06   22.5   0.1   2   2   3.9e-05     0.035   10.6   0.0   454   542   453   542   434   546 0.74 # 47789 # 49681 # -1 # ID=48_41;partial=00;start_type=ATG;rbs_motif=GGA/GAG/AGG;rbs_spacer=11-12bp;gc_cont=0.608
NODE_66_length_32731_cov_31.858770_20  -           1031 2861at72274          -            620     0.026   11.0   0.0   1   3       0.1        90   -0.7   0.0   121   175   173   238   159   307 0.71 # 26432 # 29524 # 1 # ID=66_20;partial=00;start_type=ATG;rbs_motif=GGA/GAG/AGG;rbs_spacer=5-10bp;gc_cont=0.636
NODE_66_length_32731_cov_31.858770_20  -           1031 2861at72274          -            620     0.026   11.0   0.0   2   3      0.38   3.4e+02   -2.6   0.0   261   323   678   741   674   750 0.83 # 26432 # 29524 # 1 # ID=66_20;partial=00;start_type=ATG;rbs_motif=GGA/GAG/AGG;rbs_spacer=5-10bp;gc_cont=0.636
NODE_66_length_32731_cov_31.858770_20  -           1031 2861at72274          -            620     0.026   11.0   0.0   3   3   0.00024      0.22    8.0   0.0   452   547   847   953   828   963 0.70 # 26432 # 29524 # 1 # ID=66_20;partial=00;start_type=ATG;rbs_motif=GGA/GAG/AGG;rbs_spacer=5-10bp;gc_cont=0.636
#
# Program:         hmmsearch
# Version:         3.1b2 (February 2015)
# Pipeline mode:   SEARCH
# Query file:      /data2/PEG/hoaxaca/REAA/Pseudomonas/bin/busco_downloads/lineages/pseudomonadales_odb10/hmms/2861at72274.hmm
# Target file:     /data2/PEG/hoaxaca/REAA/Pseudomonas/bin/../out/busco/trim_75clip.spades_kmer/prodigal_output/predicted_genes/predicted.faa
# Option settings: hmmsearch --domtblout /data2/PEG/hoaxaca/REAA/Pseudomonas/bin/../out/busco/trim_75clip.spades_kmer/run_pseudomonadales_odb10/hmmer_output/2861at72274.out --cpu 1 /data2/PEG/hoaxaca/REAA/Pseudomonas/bin/busco_downloads/lineages/pseudomonadales_odb10/hmms/2861at72274.hmm /data2/PEG/hoaxaca/REAA/Pseudomonas/bin/../out/busco/trim_75clip.spades_kmer/prodigal_output/predicted_genes/predicted.faa 
# Current dir:     /data2/PEG/hoaxaca/REAA/Pseudomonas/bin
# Date:            Mon Feb 20 00:33:37 2023
# [ok]
