#                                                                                             --- full sequence --- -------------- this domain -------------   hmm coord   ali coord   env coord
# target name                         accession   tlen query name           accession   qlen   E-value  score  bias   #  of  c-Evalue  i-Evalue  score  bias  from    to  from    to  from    to  acc description of target
#                 ------------------- ---------- ----- -------------------- ---------- ----- --------- ------ ----- --- --- --------- --------- ------ ----- ----- ----- ----- ----- ----- ----- ---- ---------------------
NODE_21_length_102314_cov_32.189096_9 -            344 29421at72274         -            300  6.8e-140  463.9   0.0   1   1  1.1e-142    8e-140  463.6   0.0     1   298     1   335     1   337 0.91 # 9310 # 10341 # -1 # ID=21_9;partial=00;start_type=ATG;rbs_motif=GGA/GAG/AGG;rbs_spacer=5-10bp;gc_cont=0.643
NODE_41_length_62850_cov_33.559968_28 -            490 29421at72274         -            300   0.00025   18.8   0.0   1   2   0.00058       0.4    8.2   0.0   183   219     5    41     2    78 0.77 # 23195 # 24664 # 1 # ID=41_28;partial=00;start_type=ATG;rbs_motif=GGAG/GAGG;rbs_spacer=5-10bp;gc_cont=0.591
NODE_41_length_62850_cov_33.559968_28 -            490 29421at72274         -            300   0.00025   18.8   0.0   2   2   0.00095      0.66    7.5   0.0   183   246   197   261   190   278 0.67 # 23195 # 24664 # 1 # ID=41_28;partial=00;start_type=ATG;rbs_motif=GGAG/GAGG;rbs_spacer=5-10bp;gc_cont=0.591
NODE_1_length_236949_cov_32.553383_26 -            273 29421at72274         -            300    0.0078   13.9   0.0   1   2    0.0011      0.75    7.4   0.0   179   199    35    55    14    68 0.84 # 29423 # 30241 # -1 # ID=1_26;partial=00;start_type=GTG;rbs_motif=AGGAGG;rbs_spacer=3-4bp;gc_cont=0.623
NODE_1_length_236949_cov_32.553383_26 -            273 29421at72274         -            300    0.0078   13.9   0.0   2   2    0.0091       6.4    4.3   0.0   149   190   176   216   169   222 0.89 # 29423 # 30241 # -1 # ID=1_26;partial=00;start_type=GTG;rbs_motif=AGGAGG;rbs_spacer=3-4bp;gc_cont=0.623
NODE_31_length_78647_cov_30.813941_23 -            224 29421at72274         -            300     0.012   13.3   0.0   1   1   2.5e-05     0.018   12.7   0.0   156   211     3    59     1    74 0.82 # 25568 # 26239 # 1 # ID=31_23;partial=00;start_type=ATG;rbs_motif=GGAG/GAGG;rbs_spacer=5-10bp;gc_cont=0.621
NODE_97_length_11214_cov_30.450310_1  -            540 29421at72274         -            300     0.014   13.0   0.2   1   2     0.029        20    2.7   0.0   179   205    35    61    21    68 0.83 # 1 # 1620 # -1 # ID=97_1;partial=10;start_type=ATG;rbs_motif=AGGAG;rbs_spacer=5-10bp;gc_cont=0.643
NODE_97_length_11214_cov_30.450310_1  -            540 29421at72274         -            300     0.014   13.0   0.2   2   2   0.00069      0.49    8.0   0.0   170   203   297   331   277   340 0.74 # 1 # 1620 # -1 # ID=97_1;partial=10;start_type=ATG;rbs_motif=AGGAG;rbs_spacer=5-10bp;gc_cont=0.643
NODE_2_length_234165_cov_30.973912_88 -            233 29421at72274         -            300     0.038   11.6   0.0   1   1   8.4e-05     0.059   11.0   0.0   167   200    27    61     6    70 0.75 # 109017 # 109715 # 1 # ID=2_88;partial=00;start_type=ATG;rbs_motif=GGA/GAG/AGG;rbs_spacer=5-10bp;gc_cont=0.629
NODE_34_length_71337_cov_31.902052_10 -            301 29421at72274         -            300     0.041   11.5   0.2   1   1   0.00013     0.091   10.4   0.1   183   241    12    71     5    92 0.72 # 9310 # 10212 # 1 # ID=34_10;partial=00;start_type=ATG;rbs_motif=GGAG/GAGG;rbs_spacer=5-10bp;gc_cont=0.589
NODE_3_length_205623_cov_31.972892_10 -            386 29421at72274         -            300     0.041   11.5   0.0   1   2   0.00035      0.24    9.0   0.0   172   204    22    58     3    83 0.68 # 13900 # 15057 # -1 # ID=3_10;partial=00;start_type=ATG;rbs_motif=AGGA;rbs_spacer=5-10bp;gc_cont=0.601
NODE_3_length_205623_cov_31.972892_10 -            386 29421at72274         -            300     0.041   11.5   0.0   2   2      0.26   1.9e+02   -0.5   0.0   147   185   176   213   169   217 0.84 # 13900 # 15057 # -1 # ID=3_10;partial=00;start_type=ATG;rbs_motif=AGGA;rbs_spacer=5-10bp;gc_cont=0.601
NODE_4_length_205576_cov_31.615476_30 -            368 29421at72274         -            300     0.052   11.2   0.0   1   1   0.00013     0.091   10.4   0.0   179   200    28    49    10    66 0.83 # 33471 # 34574 # 1 # ID=4_30;partial=00;start_type=ATG;rbs_motif=GGAGG;rbs_spacer=5-10bp;gc_cont=0.616
#
# Program:         hmmsearch
# Version:         3.1b2 (February 2015)
# Pipeline mode:   SEARCH
# Query file:      /data2/PEG/hoaxaca/REAA/Pseudomonas/bin/busco_downloads/lineages/pseudomonadales_odb10/hmms/29421at72274.hmm
# Target file:     /data2/PEG/hoaxaca/REAA/Pseudomonas/bin/../out/busco/trim_75clip.spades_kmer/prodigal_output/predicted_genes/predicted.faa
# Option settings: hmmsearch --domtblout /data2/PEG/hoaxaca/REAA/Pseudomonas/bin/../out/busco/trim_75clip.spades_kmer/run_pseudomonadales_odb10/hmmer_output/29421at72274.out --cpu 1 /data2/PEG/hoaxaca/REAA/Pseudomonas/bin/busco_downloads/lineages/pseudomonadales_odb10/hmms/29421at72274.hmm /data2/PEG/hoaxaca/REAA/Pseudomonas/bin/../out/busco/trim_75clip.spades_kmer/prodigal_output/predicted_genes/predicted.faa 
# Current dir:     /data2/PEG/hoaxaca/REAA/Pseudomonas/bin
# Date:            Mon Feb 20 00:33:38 2023
# [ok]
