#                                                                                              --- full sequence --- -------------- this domain -------------   hmm coord   ali coord   env coord
# target name                          accession   tlen query name           accession   qlen   E-value  score  bias   #  of  c-Evalue  i-Evalue  score  bias  from    to  from    to  from    to  acc description of target
#                  ------------------- ---------- ----- -------------------- ---------- ----- --------- ------ ----- --- --- --------- --------- ------ ----- ----- ----- ----- ----- ----- ----- ---- ---------------------
NODE_55_length_48721_cov_32.254281_37  -            496 30483at72274         -            371  1.6e-199  660.7   0.0   1   1  2.9e-202  1.9e-199  660.5   0.0     2   366    92   480    91   485 0.95 # 37478 # 38965 # 1 # ID=55_37;partial=00;start_type=ATG;rbs_motif=None;rbs_spacer=None;gc_cont=0.616
NODE_5_length_204350_cov_31.943180_1   -            545 30483at72274         -            371     2e-97  324.7   0.0   1   1  4.4e-100   2.8e-97  324.3   0.0    18   364    12   373     3   377 0.93 # 2 # 1636 # -1 # ID=5_1;partial=10;start_type=ATG;rbs_motif=AGGA;rbs_spacer=5-10bp;gc_cont=0.653
NODE_25_length_96862_cov_30.632523_78  -            444 30483at72274         -            371   6.2e-96  319.8   0.3   1   1   1.3e-98   8.4e-96  319.4   0.3    19   366    13   370     4   374 0.93 # 80659 # 81990 # 1 # ID=25_78;partial=00;start_type=ATG;rbs_motif=None;rbs_spacer=None;gc_cont=0.621
NODE_22_length_101372_cov_30.379597_58 -            449 30483at72274         -            371   1.7e-84  282.2   2.7   1   1   3.5e-87   2.2e-84  281.8   2.7    14   369     7   372     2   374 0.92 # 60579 # 61925 # 1 # ID=22_58;partial=00;start_type=GTG;rbs_motif=GGAG/GAGG;rbs_spacer=5-10bp;gc_cont=0.611
NODE_5_length_204350_cov_31.943180_33  -            462 30483at72274         -            371     2e-81  272.1   0.1   1   1   4.3e-84   2.7e-81  271.7   0.1    18   362    20   366     3   374 0.91 # 34712 # 36097 # -1 # ID=5_33;partial=00;start_type=GTG;rbs_motif=GGA/GAG/AGG;rbs_spacer=5-10bp;gc_cont=0.631
NODE_15_length_122432_cov_30.555546_28 -            558 30483at72274         -            371     3e-81  271.5   0.8   1   1   6.7e-84   4.2e-81  271.0   0.8    21   364    20   369     5   375 0.91 # 35077 # 36750 # 1 # ID=15_28;partial=00;start_type=ATG;rbs_motif=GGAG/GAGG;rbs_spacer=5-10bp;gc_cont=0.605
NODE_50_length_50821_cov_31.305857_44  -            646 30483at72274         -            371   1.7e-14   51.9   0.1   1   2      0.89   5.6e+02   -2.5   0.0    31    62    18    49    13    51 0.86 # 47271 # 49208 # 1 # ID=50_44;partial=00;start_type=ATG;rbs_motif=GGAG/GAGG;rbs_spacer=5-10bp;gc_cont=0.592
NODE_50_length_50821_cov_31.305857_44  -            646 30483at72274         -            371   1.7e-14   51.9   0.1   2   2   6.7e-17   4.2e-14   50.6   0.0   142   346   120   332    94   342 0.80 # 47271 # 49208 # 1 # ID=50_44;partial=00;start_type=ATG;rbs_motif=GGAG/GAGG;rbs_spacer=5-10bp;gc_cont=0.592
NODE_28_length_85663_cov_33.283895_16  -           1463 30483at72274         -            371   2.6e-06   24.9   0.1   1   2     0.076        48    1.0   0.0    31    70    69   108    64   152 0.78 # 12255 # 16643 # 1 # ID=28_16;partial=00;start_type=ATG;rbs_motif=GGA/GAG/AGG;rbs_spacer=5-10bp;gc_cont=0.655
NODE_28_length_85663_cov_33.283895_16  -           1463 30483at72274         -            371   2.6e-06   24.9   0.1   2   2   5.7e-08   3.6e-05   21.2   0.0   235   333   303   408   290   432 0.80 # 12255 # 16643 # 1 # ID=28_16;partial=00;start_type=ATG;rbs_motif=GGA/GAG/AGG;rbs_spacer=5-10bp;gc_cont=0.655
NODE_27_length_85717_cov_31.296630_37  -            709 30483at72274         -            371   0.00014   19.2   0.0   1   2     0.069        44    1.2   0.0    71   187   103   220    73   230 0.72 # 38028 # 40154 # -1 # ID=27_37;partial=00;start_type=ATG;rbs_motif=GGAG/GAGG;rbs_spacer=5-10bp;gc_cont=0.626
NODE_27_length_85717_cov_31.296630_37  -            709 30483at72274         -            371   0.00014   19.2   0.0   2   2     4e-06    0.0025   15.1   0.0   278   337   266   325   258   351 0.85 # 38028 # 40154 # -1 # ID=27_37;partial=00;start_type=ATG;rbs_motif=GGAG/GAGG;rbs_spacer=5-10bp;gc_cont=0.626
NODE_47_length_52767_cov_33.126623_4   -            949 30483at72274         -            371     0.026   11.8   0.0   1   1   7.1e-05     0.045   11.0   0.0   280   339   527   588   476   593 0.75 # 6826 # 9672 # -1 # ID=47_4;partial=00;start_type=ATG;rbs_motif=GGAG/GAGG;rbs_spacer=5-10bp;gc_cont=0.639
#
# Program:         hmmsearch
# Version:         3.1b2 (February 2015)
# Pipeline mode:   SEARCH
# Query file:      /data2/PEG/hoaxaca/REAA/Pseudomonas/bin/busco_downloads/lineages/pseudomonadales_odb10/hmms/30483at72274.hmm
# Target file:     /data2/PEG/hoaxaca/REAA/Pseudomonas/bin/../out/busco/trim_75clip.spades_kmer/prodigal_output/predicted_genes/predicted.faa
# Option settings: hmmsearch --domtblout /data2/PEG/hoaxaca/REAA/Pseudomonas/bin/../out/busco/trim_75clip.spades_kmer/run_pseudomonadales_odb10/hmmer_output/30483at72274.out --cpu 1 /data2/PEG/hoaxaca/REAA/Pseudomonas/bin/busco_downloads/lineages/pseudomonadales_odb10/hmms/30483at72274.hmm /data2/PEG/hoaxaca/REAA/Pseudomonas/bin/../out/busco/trim_75clip.spades_kmer/prodigal_output/predicted_genes/predicted.faa 
# Current dir:     /data2/PEG/hoaxaca/REAA/Pseudomonas/bin
# Date:            Mon Feb 20 00:33:40 2023
# [ok]
