#                                                                                              --- full sequence --- -------------- this domain -------------   hmm coord   ali coord   env coord
# target name                          accession   tlen query name           accession   qlen   E-value  score  bias   #  of  c-Evalue  i-Evalue  score  bias  from    to  from    to  from    to  acc description of target
#                  ------------------- ---------- ----- -------------------- ---------- ----- --------- ------ ----- --- --- --------- --------- ------ ----- ----- ----- ----- ----- ----- ----- ---- ---------------------
NODE_2_length_234165_cov_30.973912_7   -            755 3072at72274          -            573  4.1e-265  879.1   0.2   1   2   1.4e-98   1.7e-95  319.1   0.0     1   279     6   380     6   383 0.84 # 6585 # 8849 # 1 # ID=2_7;partial=00;start_type=ATG;rbs_motif=GGA/GAG/AGG;rbs_spacer=5-10bp;gc_cont=0.637
NODE_2_length_234165_cov_30.973912_7   -            755 3072at72274          -            573  4.1e-265  879.1   0.2   2   2  7.8e-171  9.9e-168  557.6   0.4   278   573   444   752   437   752 0.96 # 6585 # 8849 # 1 # ID=2_7;partial=00;start_type=ATG;rbs_motif=GGA/GAG/AGG;rbs_spacer=5-10bp;gc_cont=0.637
NODE_65_length_36010_cov_30.668652_5   -            309 3072at72274          -            573   6.5e-23   79.4   0.0   1   1   5.6e-26   7.1e-23   79.3   0.0   380   529   105   256    40   272 0.87 # 4310 # 5236 # 1 # ID=65_5;partial=00;start_type=ATG;rbs_motif=None;rbs_spacer=None;gc_cont=0.622
NODE_12_length_139267_cov_38.882874_32 -            339 3072at72274          -            573     4e-22   76.8   0.0   1   2   1.9e-16   2.4e-13   47.9   0.0   401   480   133   213   129   219 0.93 # 33673 # 34689 # 1 # ID=12_32;partial=00;start_type=ATG;rbs_motif=GGA/GAG/AGG;rbs_spacer=5-10bp;gc_cont=0.648
NODE_12_length_139267_cov_38.882874_32 -            339 3072at72274          -            573     4e-22   76.8   0.0   2   2   4.6e-10   5.8e-07   26.8   0.0   482   544   238   298   234   311 0.89 # 33673 # 34689 # 1 # ID=12_32;partial=00;start_type=ATG;rbs_motif=GGA/GAG/AGG;rbs_spacer=5-10bp;gc_cont=0.648
NODE_31_length_78647_cov_30.813941_8   -            399 3072at72274          -            573     1e-21   75.5   0.0   1   1     1e-24   1.3e-21   75.2   0.0   385   528   187   335   116   350 0.89 # 9684 # 10880 # -1 # ID=31_8;partial=00;start_type=ATG;rbs_motif=GGAG/GAGG;rbs_spacer=5-10bp;gc_cont=0.623
NODE_28_length_85663_cov_33.283895_4   -            219 3072at72274          -            573     0.019   11.9   0.0   1   1     2e-05     0.025   11.5   0.0   418   488    81   148    73   156 0.84 # 1684 # 2340 # 1 # ID=28_4;partial=00;start_type=ATG;rbs_motif=None;rbs_spacer=None;gc_cont=0.668
#
# Program:         hmmsearch
# Version:         3.1b2 (February 2015)
# Pipeline mode:   SEARCH
# Query file:      /data2/PEG/hoaxaca/REAA/Pseudomonas/bin/busco_downloads/lineages/pseudomonadales_odb10/hmms/3072at72274.hmm
# Target file:     /data2/PEG/hoaxaca/REAA/Pseudomonas/bin/../out/busco/trim_75clip.spades_kmer/prodigal_output/predicted_genes/predicted.faa
# Option settings: hmmsearch --domtblout /data2/PEG/hoaxaca/REAA/Pseudomonas/bin/../out/busco/trim_75clip.spades_kmer/run_pseudomonadales_odb10/hmmer_output/3072at72274.out --cpu 1 /data2/PEG/hoaxaca/REAA/Pseudomonas/bin/busco_downloads/lineages/pseudomonadales_odb10/hmms/3072at72274.hmm /data2/PEG/hoaxaca/REAA/Pseudomonas/bin/../out/busco/trim_75clip.spades_kmer/prodigal_output/predicted_genes/predicted.faa 
# Current dir:     /data2/PEG/hoaxaca/REAA/Pseudomonas/bin
# Date:            Mon Feb 20 00:33:40 2023
# [ok]
