#                                                                                              --- full sequence --- -------------- this domain -------------   hmm coord   ali coord   env coord
# target name                          accession   tlen query name           accession   qlen   E-value  score  bias   #  of  c-Evalue  i-Evalue  score  bias  from    to  from    to  from    to  acc description of target
#                  ------------------- ---------- ----- -------------------- ---------- ----- --------- ------ ----- --- --- --------- --------- ------ ----- ----- ----- ----- ----- ----- ----- ---- ---------------------
NODE_23_length_101354_cov_30.913200_8  -            692 3513at72274          -            559  9.9e-285  943.6   8.7   1   3   1.2e-48   6.7e-46  155.1   0.0     1   137     8   172     8   181 0.86 # 4911 # 6986 # 1 # ID=23_8;partial=00;start_type=ATG;rbs_motif=GGA/GAG/AGG;rbs_spacer=11-12bp;gc_cont=0.650
NODE_23_length_101354_cov_30.913200_8  -            692 3513at72274          -            559  9.9e-285  943.6   8.7   2   3   2.6e-14   1.5e-11   41.7   0.5   130   170   194   236   177   246 0.85 # 4911 # 6986 # 1 # ID=23_8;partial=00;start_type=ATG;rbs_motif=GGA/GAG/AGG;rbs_spacer=11-12bp;gc_cont=0.650
NODE_23_length_101354_cov_30.913200_8  -            692 3513at72274          -            559  9.9e-285  943.6   8.7   3   3  1.2e-228  6.7e-226  749.4   2.1   169   558   259   670   253   671 0.96 # 4911 # 6986 # 1 # ID=23_8;partial=00;start_type=ATG;rbs_motif=GGA/GAG/AGG;rbs_spacer=11-12bp;gc_cont=0.650
NODE_2_length_234165_cov_30.973912_80  -           1150 3513at72274          -            559   5.9e-88  294.0   1.1   1   1   1.5e-90   8.5e-88  293.4   1.1   177   534   604   972   575   988 0.89 # 97092 # 100541 # -1 # ID=2_80;partial=00;start_type=GTG;rbs_motif=AGGA/GGAG/GAGG;rbs_spacer=11-12bp;gc_cont=0.634
NODE_5_length_204350_cov_31.943180_33  -            462 3513at72274          -            559   4.2e-09   33.7   0.4   1   2   6.4e-06    0.0037   14.0   0.0   200   303    47   159    16   164 0.82 # 34712 # 36097 # -1 # ID=5_33;partial=00;start_type=GTG;rbs_motif=GGA/GAG/AGG;rbs_spacer=5-10bp;gc_cont=0.631
NODE_5_length_204350_cov_31.943180_33  -            462 3513at72274          -            559   4.2e-09   33.7   0.4   2   2   4.8e-07   0.00027   17.8   0.2   407   482   272   345   248   362 0.78 # 34712 # 36097 # -1 # ID=5_33;partial=00;start_type=GTG;rbs_motif=GGA/GAG/AGG;rbs_spacer=5-10bp;gc_cont=0.631
NODE_15_length_122432_cov_30.555546_28 -            558 3513at72274          -            559   1.7e-08   31.6   1.0   1   1   9.2e-11   5.3e-08   30.0   1.0   202   474    49   338    33   354 0.69 # 35077 # 36750 # 1 # ID=15_28;partial=00;start_type=ATG;rbs_motif=GGAG/GAGG;rbs_spacer=5-10bp;gc_cont=0.605
NODE_22_length_101372_cov_30.379597_58 -            449 3513at72274          -            559   5.4e-07   26.7   0.7   1   1   2.4e-09   1.4e-06   25.3   0.7   224   478    71   340    33   350 0.67 # 60579 # 61925 # 1 # ID=22_58;partial=00;start_type=GTG;rbs_motif=GGAG/GAGG;rbs_spacer=5-10bp;gc_cont=0.611
NODE_25_length_96862_cov_30.632523_78  -            444 3513at72274          -            559   1.3e-06   25.4   0.2   1   1   5.2e-09     3e-06   24.2   0.2   226   474    76   337    41   351 0.73 # 80659 # 81990 # 1 # ID=25_78;partial=00;start_type=ATG;rbs_motif=None;rbs_spacer=None;gc_cont=0.621
NODE_10_length_140286_cov_31.780517_12 -            740 3513at72274          -            559   0.00013   18.8   0.0   1   1   4.5e-07   0.00026   17.9   0.0   200   316   225   340   199   360 0.81 # 12201 # 14420 # 1 # ID=10_12;partial=00;start_type=GTG;rbs_motif=GGA/GAG/AGG;rbs_spacer=5-10bp;gc_cont=0.654
NODE_28_length_85663_cov_33.283895_16  -           1463 3513at72274          -            559   0.00031   17.6   0.0   1   2     0.092        53    0.3   0.0   208   309   117   222    89   231 0.76 # 12255 # 16643 # 1 # ID=28_16;partial=00;start_type=ATG;rbs_motif=GGA/GAG/AGG;rbs_spacer=5-10bp;gc_cont=0.655
NODE_28_length_85663_cov_33.283895_16  -           1463 3513at72274          -            559   0.00031   17.6   0.0   2   2   5.3e-06     0.003   14.3   0.0   386   452   321   387   282   407 0.81 # 12255 # 16643 # 1 # ID=28_16;partial=00;start_type=ATG;rbs_motif=GGA/GAG/AGG;rbs_spacer=5-10bp;gc_cont=0.655
NODE_79_length_21599_cov_31.595289_4   -            672 3513at72274          -            559   0.00086   16.1   0.2   1   2      0.13        73   -0.1   0.0   203   250    38    82    31    91 0.75 # 4790 # 6805 # -1 # ID=79_4;partial=00;start_type=ATG;rbs_motif=GGAG/GAGG;rbs_spacer=5-10bp;gc_cont=0.611
NODE_79_length_21599_cov_31.595289_4   -            672 3513at72274          -            559   0.00086   16.1   0.2   2   2     9e-06    0.0051   13.6   0.1   404   476   468   541   445   560 0.80 # 4790 # 6805 # -1 # ID=79_4;partial=00;start_type=ATG;rbs_motif=GGAG/GAGG;rbs_spacer=5-10bp;gc_cont=0.611
NODE_5_length_204350_cov_31.943180_1   -            545 3513at72274          -            559     0.001   15.9   0.0   1   2     0.044        25    1.4   0.0   227   304    82   164    78   203 0.87 # 2 # 1636 # -1 # ID=5_1;partial=10;start_type=ATG;rbs_motif=AGGA;rbs_spacer=5-10bp;gc_cont=0.653
NODE_5_length_204350_cov_31.943180_1   -            545 3513at72274          -            559     0.001   15.9   0.0   2   2   1.9e-05     0.011   12.5   0.0   407   453   276   322   205   356 0.83 # 2 # 1636 # -1 # ID=5_1;partial=10;start_type=ATG;rbs_motif=AGGA;rbs_spacer=5-10bp;gc_cont=0.653
NODE_118_length_3504_cov_24.907553_1   -            826 3513at72274          -            559    0.0075   13.0   0.0   1   3      0.74   4.2e+02   -2.7   0.0   286   313   145   177    76   182 0.62 # 181 # 2658 # 1 # ID=118_1;partial=00;start_type=ATG;rbs_motif=GGA/GAG/AGG;rbs_spacer=5-10bp;gc_cont=0.637
NODE_118_length_3504_cov_24.907553_1   -            826 3513at72274          -            559    0.0075   13.0   0.0   2   3   4.4e-05     0.025   11.3   0.0   407   475   288   355   264   370 0.85 # 181 # 2658 # 1 # ID=118_1;partial=00;start_type=ATG;rbs_motif=GGA/GAG/AGG;rbs_spacer=5-10bp;gc_cont=0.637
NODE_118_length_3504_cov_24.907553_1   -            826 3513at72274          -            559    0.0075   13.0   0.0   3   3       1.8     1e+03   -3.9   0.0    34    77   453   497   451   499 0.84 # 181 # 2658 # 1 # ID=118_1;partial=00;start_type=ATG;rbs_motif=GGA/GAG/AGG;rbs_spacer=5-10bp;gc_cont=0.637
#
# Program:         hmmsearch
# Version:         3.1b2 (February 2015)
# Pipeline mode:   SEARCH
# Query file:      /data2/PEG/hoaxaca/REAA/Pseudomonas/bin/busco_downloads/lineages/pseudomonadales_odb10/hmms/3513at72274.hmm
# Target file:     /data2/PEG/hoaxaca/REAA/Pseudomonas/bin/../out/busco/trim_75clip.spades_kmer/prodigal_output/predicted_genes/predicted.faa
# Option settings: hmmsearch --domtblout /data2/PEG/hoaxaca/REAA/Pseudomonas/bin/../out/busco/trim_75clip.spades_kmer/run_pseudomonadales_odb10/hmmer_output/3513at72274.out --cpu 1 /data2/PEG/hoaxaca/REAA/Pseudomonas/bin/busco_downloads/lineages/pseudomonadales_odb10/hmms/3513at72274.hmm /data2/PEG/hoaxaca/REAA/Pseudomonas/bin/../out/busco/trim_75clip.spades_kmer/prodigal_output/predicted_genes/predicted.faa 
# Current dir:     /data2/PEG/hoaxaca/REAA/Pseudomonas/bin
# Date:            Mon Feb 20 00:33:46 2023
# [ok]
