#                                                                                               --- full sequence --- -------------- this domain -------------   hmm coord   ali coord   env coord
# target name                           accession   tlen query name           accession   qlen   E-value  score  bias   #  of  c-Evalue  i-Evalue  score  bias  from    to  from    to  from    to  acc description of target
#                   ------------------- ---------- ----- -------------------- ---------- ----- --------- ------ ----- --- --- --------- --------- ------ ----- ----- ----- ----- ----- ----- ----- ---- ---------------------
NODE_6_length_202096_cov_31.427584_162  -            670 3705at72274          -            561  6.1e-294  974.0   3.9   1   1  1.8e-296  2.8e-293  971.8   3.9     1   551     1   642     1   649 0.91 # 166468 # 168477 # 1 # ID=6_162;partial=00;start_type=ATG;rbs_motif=None;rbs_spacer=None;gc_cont=0.608
NODE_23_length_101354_cov_30.913200_80  -            728 3705at72274          -            561  5.7e-132  439.3   3.1   1   3   4.5e-23   7.1e-20   69.3   0.0     3    91    11   103     9   127 0.89 # 98780 # 100963 # 1 # ID=23_80;partial=00;start_type=ATG;rbs_motif=None;rbs_spacer=None;gc_cont=0.624
NODE_23_length_101354_cov_30.913200_80  -            728 3705at72274          -            561  5.7e-132  439.3   3.1   2   3   1.8e-82   2.9e-79  265.3   0.1   122   389   172   445   166   453 0.94 # 98780 # 100963 # 1 # ID=23_80;partial=00;start_type=ATG;rbs_motif=None;rbs_spacer=None;gc_cont=0.624
NODE_23_length_101354_cov_30.913200_80  -            728 3705at72274          -            561  5.7e-132  439.3   3.1   3   3   1.7e-33   2.7e-30  103.7   0.1   418   548   506   643   475   650 0.78 # 98780 # 100963 # 1 # ID=23_80;partial=00;start_type=ATG;rbs_motif=None;rbs_spacer=None;gc_cont=0.624
NODE_29_length_83571_cov_30.866281_35   -            823 3705at72274          -            561     6e-17   59.6   0.0   1   3   0.00039      0.61    6.8   0.0    20    71   144   197   131   225 0.78 # 47539 # 50007 # -1 # ID=29_35;partial=00;start_type=GTG;rbs_motif=AGGAG;rbs_spacer=5-10bp;gc_cont=0.599
NODE_29_length_83571_cov_30.866281_35   -            823 3705at72274          -            561     6e-17   59.6   0.0   2   3   1.7e-14   2.7e-11   40.9   0.0   193   315   578   698   573   710 0.78 # 47539 # 50007 # -1 # ID=29_35;partial=00;start_type=GTG;rbs_motif=AGGAG;rbs_spacer=5-10bp;gc_cont=0.599
NODE_29_length_83571_cov_30.866281_35   -            823 3705at72274          -            561     6e-17   59.6   0.0   3   3   0.00025       0.4    7.4   0.0   465   520   714   786   708   805 0.67 # 47539 # 50007 # -1 # ID=29_35;partial=00;start_type=GTG;rbs_motif=AGGAG;rbs_spacer=5-10bp;gc_cont=0.599
NODE_12_length_139267_cov_38.882874_110 -           1226 3705at72274          -            561   1.1e-14   52.2   0.0   1   4    0.0054       8.5    3.0   0.0    17    70    15    79     8    84 0.66 # 128746 # 132423 # -1 # ID=12_110;partial=00;start_type=ATG;rbs_motif=GGAGG;rbs_spacer=5-10bp;gc_cont=0.622
NODE_12_length_139267_cov_38.882874_110 -           1226 3705at72274          -            561   1.1e-14   52.2   0.0   2   4   2.6e-08     4e-05   20.6   0.0   128   249   345   475   326   486 0.74 # 128746 # 132423 # -1 # ID=12_110;partial=00;start_type=ATG;rbs_motif=GGAGG;rbs_spacer=5-10bp;gc_cont=0.622
NODE_12_length_139267_cov_38.882874_110 -           1226 3705at72274          -            561   1.1e-14   52.2   0.0   3   4   4.9e-08   7.7e-05   19.6   0.0   295   483   572   774   567   779 0.68 # 128746 # 132423 # -1 # ID=12_110;partial=00;start_type=ATG;rbs_motif=GGAGG;rbs_spacer=5-10bp;gc_cont=0.622
NODE_12_length_139267_cov_38.882874_110 -           1226 3705at72274          -            561   1.1e-14   52.2   0.0   4   4    0.0053       8.3    3.0   0.0   500   529   816   845   803   855 0.82 # 128746 # 132423 # -1 # ID=12_110;partial=00;start_type=ATG;rbs_motif=GGAGG;rbs_spacer=5-10bp;gc_cont=0.622
#
# Program:         hmmsearch
# Version:         3.1b2 (February 2015)
# Pipeline mode:   SEARCH
# Query file:      /data2/PEG/hoaxaca/REAA/Pseudomonas/bin/busco_downloads/lineages/pseudomonadales_odb10/hmms/3705at72274.hmm
# Target file:     /data2/PEG/hoaxaca/REAA/Pseudomonas/bin/../out/busco/trim_75clip.spades_kmer/prodigal_output/predicted_genes/predicted.faa
# Option settings: hmmsearch --domtblout /data2/PEG/hoaxaca/REAA/Pseudomonas/bin/../out/busco/trim_75clip.spades_kmer/run_pseudomonadales_odb10/hmmer_output/3705at72274.out --cpu 1 /data2/PEG/hoaxaca/REAA/Pseudomonas/bin/busco_downloads/lineages/pseudomonadales_odb10/hmms/3705at72274.hmm /data2/PEG/hoaxaca/REAA/Pseudomonas/bin/../out/busco/trim_75clip.spades_kmer/prodigal_output/predicted_genes/predicted.faa 
# Current dir:     /data2/PEG/hoaxaca/REAA/Pseudomonas/bin
# Date:            Mon Feb 20 00:33:48 2023
# [ok]
