#                                                                                              --- full sequence --- -------------- this domain -------------   hmm coord   ali coord   env coord
# target name                          accession   tlen query name           accession   qlen   E-value  score  bias   #  of  c-Evalue  i-Evalue  score  bias  from    to  from    to  from    to  acc description of target
#                  ------------------- ---------- ----- -------------------- ---------- ----- --------- ------ ----- --- --- --------- --------- ------ ----- ----- ----- ----- ----- ----- ----- ---- ---------------------
NODE_10_length_140286_cov_31.780517_12 -            740 3949at72274          -            614  5.8e-286  948.1   0.0   1   1  2.3e-287  2.8e-284  942.5   0.0     1   614     6   739     6   739 0.87 # 12201 # 14420 # 1 # ID=10_12;partial=00;start_type=GTG;rbs_motif=GGA/GAG/AGG;rbs_spacer=5-10bp;gc_cont=0.654
NODE_2_length_234165_cov_30.973912_80  -           1150 3949at72274          -            614   2.5e-16   57.5   0.0   1   1   3.4e-19   4.3e-16   56.7   0.0   152   298   626   777   597   817 0.82 # 97092 # 100541 # -1 # ID=2_80;partial=00;start_type=GTG;rbs_motif=AGGA/GGAG/GAGG;rbs_spacer=11-12bp;gc_cont=0.634
NODE_23_length_101354_cov_30.913200_8  -            692 3949at72274          -            614   5.6e-09   33.2   0.3   1   2   9.2e-12   1.2e-08   32.2   0.1   153   267   293   411   279   417 0.86 # 4911 # 6986 # 1 # ID=23_8;partial=00;start_type=ATG;rbs_motif=GGA/GAG/AGG;rbs_spacer=11-12bp;gc_cont=0.650
NODE_23_length_101354_cov_30.913200_8  -            692 3949at72274          -            614   5.6e-09   33.2   0.3   2   2       0.4   5.1e+02   -3.0   0.0   431   463   535   567   515   594 0.56 # 4911 # 6986 # 1 # ID=23_8;partial=00;start_type=ATG;rbs_motif=GGA/GAG/AGG;rbs_spacer=11-12bp;gc_cont=0.650
NODE_79_length_21599_cov_31.595289_4   -            672 3949at72274          -            614   7.6e-08   29.5   0.1   1   2   6.1e-05     0.077    9.6   0.0   153   203    35    82     6    95 0.82 # 4790 # 6805 # -1 # ID=79_4;partial=00;start_type=ATG;rbs_motif=GGAG/GAGG;rbs_spacer=5-10bp;gc_cont=0.611
NODE_79_length_21599_cov_31.595289_4   -            672 3949at72274          -            614   7.6e-08   29.5   0.1   2   2     3e-07   0.00038   17.2   0.1   416   493   477   543   446   558 0.68 # 4790 # 6805 # -1 # ID=79_4;partial=00;start_type=ATG;rbs_motif=GGAG/GAGG;rbs_spacer=5-10bp;gc_cont=0.611
NODE_28_length_85663_cov_33.283895_16  -           1463 3949at72274          -            614     0.052   10.2   0.1   1   2     0.044        55    0.2   0.0   137   177    67   108    62   118 0.84 # 12255 # 16643 # 1 # ID=28_16;partial=00;start_type=ATG;rbs_motif=GGA/GAG/AGG;rbs_spacer=5-10bp;gc_cont=0.655
NODE_28_length_85663_cov_33.283895_16  -           1463 3949at72274          -            614     0.052   10.2   0.1   2   2   0.00033      0.42    7.2   0.1   170   237   306   374   292   379 0.89 # 12255 # 16643 # 1 # ID=28_16;partial=00;start_type=ATG;rbs_motif=GGA/GAG/AGG;rbs_spacer=5-10bp;gc_cont=0.655
#
# Program:         hmmsearch
# Version:         3.1b2 (February 2015)
# Pipeline mode:   SEARCH
# Query file:      /data2/PEG/hoaxaca/REAA/Pseudomonas/bin/busco_downloads/lineages/pseudomonadales_odb10/hmms/3949at72274.hmm
# Target file:     /data2/PEG/hoaxaca/REAA/Pseudomonas/bin/../out/busco/trim_75clip.spades_kmer/prodigal_output/predicted_genes/predicted.faa
# Option settings: hmmsearch --domtblout /data2/PEG/hoaxaca/REAA/Pseudomonas/bin/../out/busco/trim_75clip.spades_kmer/run_pseudomonadales_odb10/hmmer_output/3949at72274.out --cpu 1 /data2/PEG/hoaxaca/REAA/Pseudomonas/bin/busco_downloads/lineages/pseudomonadales_odb10/hmms/3949at72274.hmm /data2/PEG/hoaxaca/REAA/Pseudomonas/bin/../out/busco/trim_75clip.spades_kmer/prodigal_output/predicted_genes/predicted.faa 
# Current dir:     /data2/PEG/hoaxaca/REAA/Pseudomonas/bin
# Date:            Mon Feb 20 00:33:51 2023
# [ok]
