#                                                                                               --- full sequence --- -------------- this domain -------------   hmm coord   ali coord   env coord
# target name                           accession   tlen query name           accession   qlen   E-value  score  bias   #  of  c-Evalue  i-Evalue  score  bias  from    to  from    to  from    to  acc description of target
#                   ------------------- ---------- ----- -------------------- ---------- ----- --------- ------ ----- --- --- --------- --------- ------ ----- ----- ----- ----- ----- ----- ----- ---- ---------------------
NODE_50_length_50821_cov_31.305857_31   -            247 41972at72274         -            219  7.3e-126  416.2   0.1   1   1  1.4e-127  8.3e-126  416.1   0.1     1   219    11   242    11   242 0.96 # 36094 # 36834 # 1 # ID=50_31;partial=00;start_type=ATG;rbs_motif=AGGAG;rbs_spacer=5-10bp;gc_cont=0.621
NODE_34_length_71337_cov_31.902052_43   -            237 41972at72274         -            219   1.4e-62  209.3   1.0   1   1   3.1e-64   1.9e-62  208.9   1.0     2   215     3   229     2   232 0.91 # 45076 # 45786 # 1 # ID=34_43;partial=00;start_type=GTG;rbs_motif=None;rbs_spacer=None;gc_cont=0.624
NODE_89_length_15564_cov_28.893215_2    -            247 41972at72274         -            219   1.9e-56  189.3   4.1   1   1     4e-58   2.4e-56  189.0   4.1     2   215     6   235     5   238 0.90 # 1429 # 2169 # -1 # ID=89_2;partial=00;start_type=ATG;rbs_motif=GGAG/GAGG;rbs_spacer=5-10bp;gc_cont=0.637
NODE_64_length_36205_cov_31.746859_8    -            277 41972at72274         -            219   2.5e-55  185.7   2.6   1   1     5e-57     3e-55  185.4   2.6     2   215    48   270    47   274 0.90 # 7229 # 8059 # -1 # ID=64_8;partial=00;start_type=ATG;rbs_motif=None;rbs_spacer=None;gc_cont=0.638
NODE_54_length_48951_cov_31.436492_16   -            237 41972at72274         -            219   6.6e-55  184.3   0.5   1   1   1.3e-56   7.9e-55  184.0   0.5     2   215     6   227     5   231 0.83 # 18321 # 19031 # 1 # ID=54_16;partial=00;start_type=ATG;rbs_motif=GGA/GAG/AGG;rbs_spacer=11-12bp;gc_cont=0.636
NODE_44_length_56924_cov_31.281870_35   -            244 41972at72274         -            219   1.9e-54  182.7   0.4   1   1     4e-56   2.4e-54  182.4   0.4     2   215     7   233     6   236 0.90 # 39435 # 40166 # -1 # ID=44_35;partial=00;start_type=GTG;rbs_motif=AGGA;rbs_spacer=5-10bp;gc_cont=0.649
NODE_65_length_36010_cov_30.668652_11   -            234 41972at72274         -            219   5.3e-54  181.3   0.5   1   1     1e-55     6e-54  181.1   0.5     2   216     3   227     2   230 0.90 # 10312 # 11013 # -1 # ID=65_11;partial=00;start_type=ATG;rbs_motif=GGA/GAG/AGG;rbs_spacer=5-10bp;gc_cont=0.645
NODE_59_length_41747_cov_29.720340_31   -            236 41972at72274         -            219   1.1e-52  177.0   0.0   1   1   2.2e-54   1.3e-52  176.8   0.0     2   217     8   230     7   232 0.92 # 37432 # 38139 # -1 # ID=59_31;partial=00;start_type=ATG;rbs_motif=GGA/GAG/AGG;rbs_spacer=5-10bp;gc_cont=0.623
NODE_33_length_74845_cov_30.166310_19   -            242 41972at72274         -            219   2.5e-51  172.6   0.6   1   1   4.9e-53   2.9e-51  172.4   0.6     2   218     7   234     6   235 0.88 # 18174 # 18899 # 1 # ID=33_19;partial=00;start_type=GTG;rbs_motif=GGAG/GAGG;rbs_spacer=5-10bp;gc_cont=0.645
NODE_13_length_125898_cov_32.157960_105 -            226 41972at72274         -            219   3.2e-46  155.9   0.0   1   1   6.1e-48   3.6e-46  155.7   0.0     3   208     4   216     2   224 0.89 # 115283 # 115960 # -1 # ID=13_105;partial=00;start_type=ATG;rbs_motif=GGA/GAG/AGG;rbs_spacer=5-10bp;gc_cont=0.656
NODE_23_length_101354_cov_30.913200_41  -            230 41972at72274         -            219     5e-43  145.4   0.1   1   1   9.4e-45   5.6e-43  145.3   0.1     2   217     5   227     4   229 0.87 # 48041 # 48730 # 1 # ID=23_41;partial=00;start_type=ATG;rbs_motif=GGAG/GAGG;rbs_spacer=5-10bp;gc_cont=0.626
NODE_29_length_83571_cov_30.866281_3    -            237 41972at72274         -            219     1e-42  144.4   0.1   1   1   2.1e-44   1.2e-42  144.1   0.1     2   216     6   232     5   235 0.89 # 2740 # 3450 # 1 # ID=29_3;partial=00;start_type=ATG;rbs_motif=GGA/GAG/AGG;rbs_spacer=5-10bp;gc_cont=0.640
NODE_14_length_124198_cov_31.510880_25  -            225 41972at72274         -            219   2.8e-42  143.0   1.9   1   1   5.5e-44   3.3e-42  142.8   1.9     2   215     2   220     1   223 0.88 # 29257 # 29931 # -1 # ID=14_25;partial=00;start_type=ATG;rbs_motif=GGA/GAG/AGG;rbs_spacer=5-10bp;gc_cont=0.613
NODE_38_length_65278_cov_32.673849_65   -            233 41972at72274         -            219   1.7e-41  140.5   0.1   1   1   3.4e-43     2e-41  140.2   0.1     2   216     4   222     3   226 0.91 # 57596 # 58294 # -1 # ID=38_65;partial=00;start_type=ATG;rbs_motif=None;rbs_spacer=None;gc_cont=0.621
NODE_14_length_124198_cov_31.510880_20  -            225 41972at72274         -            219   2.5e-38  130.1   1.7   1   1     5e-40     3e-38  129.8   1.7     2   215     2   220     1   223 0.89 # 21445 # 22119 # -1 # ID=14_20;partial=00;start_type=ATG;rbs_motif=GGA/GAG/AGG;rbs_spacer=5-10bp;gc_cont=0.597
NODE_26_length_94832_cov_30.067731_37   -            224 41972at72274         -            219   3.4e-37  126.4   1.3   1   1   6.9e-39   4.1e-37  126.1   1.3     2   214     2   217     1   221 0.92 # 35786 # 36457 # 1 # ID=26_37;partial=00;start_type=ATG;rbs_motif=GGAG/GAGG;rbs_spacer=5-10bp;gc_cont=0.631
NODE_24_length_98089_cov_32.704420_34   -            224 41972at72274         -            219   5.3e-37  125.7   1.8   1   1     1e-38   6.2e-37  125.5   1.8     2   215     2   219     1   222 0.88 # 35654 # 36325 # -1 # ID=24_34;partial=00;start_type=ATG;rbs_motif=GGA/GAG/AGG;rbs_spacer=5-10bp;gc_cont=0.631
NODE_38_length_65278_cov_32.673849_68   -            228 41972at72274         -            219   7.5e-37  125.2   0.4   1   1   1.5e-38   9.1e-37  125.0   0.4     2   214     2   219     1   223 0.89 # 61318 # 62001 # 1 # ID=38_68;partial=00;start_type=ATG;rbs_motif=GGAG/GAGG;rbs_spacer=5-10bp;gc_cont=0.599
NODE_3_length_205623_cov_31.972892_158  -            226 41972at72274         -            219   2.9e-36  123.3   1.6   1   1   5.8e-38   3.4e-36  123.1   1.6     2   215     2   219     1   222 0.90 # 171573 # 172250 # 1 # ID=3_158;partial=00;start_type=ATG;rbs_motif=GGA/GAG/AGG;rbs_spacer=11-12bp;gc_cont=0.631
NODE_33_length_74845_cov_30.166310_40   -            243 41972at72274         -            219   1.3e-35  121.2   0.3   1   1   3.7e-37   2.2e-35  120.5   0.3     3   215    11   235     9   239 0.87 # 38395 # 39123 # 1 # ID=33_40;partial=00;start_type=ATG;rbs_motif=None;rbs_spacer=None;gc_cont=0.627
NODE_33_length_74845_cov_30.166310_23   -            226 41972at72274         -            219   1.2e-34  118.0   0.2   1   1   2.4e-36   1.4e-34  117.8   0.2     2   215     2   220     1   223 0.90 # 21832 # 22509 # 1 # ID=33_23;partial=00;start_type=ATG;rbs_motif=GGAG/GAGG;rbs_spacer=5-10bp;gc_cont=0.634
NODE_5_length_204350_cov_31.943180_81   -            223 41972at72274         -            219   1.3e-34  117.9   0.0   1   1   2.4e-36   1.5e-34  117.8   0.0     2   217     3   219     2   221 0.91 # 90696 # 91364 # 1 # ID=5_81;partial=00;start_type=ATG;rbs_motif=GGA/GAG/AGG;rbs_spacer=5-10bp;gc_cont=0.629
NODE_2_length_234165_cov_30.973912_91   -            227 41972at72274         -            219   2.1e-34  117.2   0.8   1   1   4.3e-36   2.6e-34  116.9   0.8     2   215     2   221     1   223 0.88 # 112486 # 113166 # -1 # ID=2_91;partial=00;start_type=ATG;rbs_motif=GGA/GAG/AGG;rbs_spacer=5-10bp;gc_cont=0.631
NODE_2_length_234165_cov_30.973912_176  -            232 41972at72274         -            219   3.8e-34  116.4   0.2   1   1   7.3e-36   4.4e-34  116.2   0.2     2   215     6   226     5   230 0.87 # 203794 # 204489 # 1 # ID=2_176;partial=00;start_type=ATG;rbs_motif=3Base/5BMM;rbs_spacer=13-15bp;gc_cont=0.618
NODE_74_length_24993_cov_31.222369_15   -            231 41972at72274         -            219   1.4e-33  114.6   0.2   1   1   2.8e-35   1.6e-33  114.3   0.2     2   216     5   228     4   229 0.89 # 16306 # 16998 # -1 # ID=74_15;partial=00;start_type=ATG;rbs_motif=GGA/GAG/AGG;rbs_spacer=5-10bp;gc_cont=0.646
NODE_32_length_78578_cov_31.414761_71   -            242 41972at72274         -            219   1.7e-31  107.8   0.4   1   1   3.4e-33     2e-31  107.5   0.4     2   197    22   224    21   238 0.84 # 74766 # 75491 # -1 # ID=32_71;partial=00;start_type=ATG;rbs_motif=GGA/GAG/AGG;rbs_spacer=5-10bp;gc_cont=0.636
NODE_34_length_71337_cov_31.902052_65   -            221 41972at72274         -            219   2.8e-31  107.0   1.5   1   1   5.8e-33   3.4e-31  106.7   1.5     2   215     2   216     1   218 0.89 # 65769 # 66431 # 1 # ID=34_65;partial=00;start_type=ATG;rbs_motif=GGA/GAG/AGG;rbs_spacer=5-10bp;gc_cont=0.650
NODE_24_length_98089_cov_32.704420_22   -            222 41972at72274         -            219   8.2e-31  105.5   0.2   1   1   1.6e-32   9.8e-31  105.2   0.2     2   197     2   204     1   218 0.84 # 24575 # 25240 # -1 # ID=24_22;partial=00;start_type=ATG;rbs_motif=AGGAG;rbs_spacer=5-10bp;gc_cont=0.643
NODE_1_length_236949_cov_32.553383_90   -            228 41972at72274         -            219   3.6e-30  103.4   0.3   1   1     7e-32   4.2e-30  103.2   0.3     2   215     3   223     2   226 0.89 # 96310 # 96993 # 1 # ID=1_90;partial=00;start_type=ATG;rbs_motif=GGA/GAG/AGG;rbs_spacer=5-10bp;gc_cont=0.610
NODE_81_length_19758_cov_29.209978_4    -            227 41972at72274         -            219   2.6e-29  100.6   0.8   1   1   5.4e-31   3.2e-29  100.3   0.8     2   216     2   217     1   220 0.89 # 3634 # 4314 # 1 # ID=81_4;partial=00;start_type=ATG;rbs_motif=GGA/GAG/AGG;rbs_spacer=5-10bp;gc_cont=0.656
NODE_7_length_186923_cov_31.961760_113  -            241 41972at72274         -            219   1.1e-28   98.6   0.0   1   1   2.4e-30   1.4e-28   98.2   0.0    32   213    39   229     2   233 0.85 # 112965 # 113687 # 1 # ID=7_113;partial=00;start_type=ATG;rbs_motif=AGGA;rbs_spacer=5-10bp;gc_cont=0.588
NODE_1_length_236949_cov_32.553383_196  -            223 41972at72274         -            219   1.4e-28   98.2   0.0   1   1   2.8e-30   1.7e-28   98.0   0.0     2   199     2   206     1   218 0.86 # 202625 # 203293 # -1 # ID=1_196;partial=00;start_type=ATG;rbs_motif=AGGA;rbs_spacer=5-10bp;gc_cont=0.629
NODE_59_length_41747_cov_29.720340_9    -           1166 41972at72274         -            219   5.3e-23   80.0   8.6   1   3   1.4e-07   8.1e-06   23.8   0.0     3   116   775   894   773   896 0.81 # 8609 # 12106 # -1 # ID=59_9;partial=00;start_type=ATG;rbs_motif=GGA/GAG/AGG;rbs_spacer=5-10bp;gc_cont=0.602
NODE_59_length_41747_cov_29.720340_9    -           1166 41972at72274         -            219   5.3e-23   80.0   8.6   2   3    0.0014     0.082   10.7   0.9     2    77   896   977   895  1015 0.79 # 8609 # 12106 # -1 # ID=59_9;partial=00;start_type=ATG;rbs_motif=GGA/GAG/AGG;rbs_spacer=5-10bp;gc_cont=0.602
NODE_59_length_41747_cov_29.720340_9    -           1166 41972at72274         -            219   5.3e-23   80.0   8.6   3   3   3.5e-15   2.1e-13   48.6   0.7     2   111  1042  1158  1041  1162 0.90 # 8609 # 12106 # -1 # ID=59_9;partial=00;start_type=ATG;rbs_motif=GGA/GAG/AGG;rbs_spacer=5-10bp;gc_cont=0.602
NODE_9_length_146128_cov_31.603137_100  -            423 41972at72274         -            219   1.2e-22   78.8   0.2   1   1   2.9e-24   1.8e-22   78.3   0.2     3   129     8   140     6   197 0.82 # 128087 # 129355 # 1 # ID=9_100;partial=00;start_type=ATG;rbs_motif=GGA/GAG/AGG;rbs_spacer=5-10bp;gc_cont=0.599
NODE_42_length_61650_cov_30.701454_29   -            122 41972at72274         -            219   3.8e-20   70.6   0.1   1   1   7.3e-22   4.3e-20   70.4   0.1     2   115     2   118     1   120 0.91 # 41176 # 41541 # 1 # ID=42_29;partial=00;start_type=ATG;rbs_motif=GGAG/GAGG;rbs_spacer=5-10bp;gc_cont=0.612
NODE_86_length_17167_cov_32.626433_7    -            233 41972at72274         -            219   4.9e-19   67.0   0.2   1   1   1.1e-20   6.7e-19   66.5   0.2     3   114    13   130    11   176 0.88 # 8714 # 9412 # 1 # ID=86_7;partial=00;start_type=ATG;rbs_motif=AGGAG;rbs_spacer=5-10bp;gc_cont=0.641
NODE_7_length_186923_cov_31.961760_29   -            449 41972at72274         -            219   2.4e-18   64.8   0.2   1   1   7.6e-20   4.5e-18   63.8   0.2     2   116    10   129     9   141 0.91 # 28670 # 30016 # 1 # ID=7_29;partial=00;start_type=ATG;rbs_motif=GGAG/GAGG;rbs_spacer=5-10bp;gc_cont=0.613
NODE_31_length_78647_cov_30.813941_51   -            122 41972at72274         -            219   4.3e-16   57.4   0.0   1   1   7.8e-18   4.7e-16   57.3   0.0     2   112     3   119     2   121 0.90 # 47638 # 48003 # 1 # ID=31_51;partial=00;start_type=ATG;rbs_motif=GGA/GAG/AGG;rbs_spacer=5-10bp;gc_cont=0.593
NODE_12_length_139267_cov_38.882874_23  -            479 41972at72274         -            219   5.4e-16   57.0   0.0   1   1   1.6e-17   9.7e-16   56.2   0.0     2   126     3   129     2   143 0.87 # 22895 # 24331 # 1 # ID=12_23;partial=00;start_type=ATG;rbs_motif=GGA/GAG/AGG;rbs_spacer=5-10bp;gc_cont=0.608
NODE_10_length_140286_cov_31.780517_72  -            479 41972at72274         -            219   6.9e-16   56.7   0.0   1   1   1.9e-17   1.1e-15   56.0   0.0     2   110     6   118     5   185 0.87 # 83555 # 84991 # 1 # ID=10_72;partial=00;start_type=ATG;rbs_motif=AGGAG;rbs_spacer=5-10bp;gc_cont=0.634
NODE_27_length_85717_cov_31.296630_10   -            461 41972at72274         -            219   1.1e-15   56.0   0.0   1   1   2.9e-17   1.7e-15   55.4   0.0     2   108     4   114     3   169 0.84 # 8428 # 9810 # -1 # ID=27_10;partial=00;start_type=ATG;rbs_motif=GGAG/GAGG;rbs_spacer=5-10bp;gc_cont=0.652
NODE_9_length_146128_cov_31.603137_99   -            128 41972at72274         -            219   4.1e-15   54.2   0.1   1   1   8.2e-17   4.9e-15   53.9   0.1     2   116     3   123     2   126 0.92 # 127694 # 128077 # 1 # ID=9_99;partial=00;start_type=ATG;rbs_motif=GGAGG;rbs_spacer=3-4bp;gc_cont=0.609
NODE_23_length_101354_cov_30.913200_45  -            300 41972at72274         -            219   4.7e-15   54.0   0.0   1   1   1.3e-16     8e-15   53.2   0.0     3   114     6   125     4   153 0.85 # 52285 # 53184 # -1 # ID=23_45;partial=00;start_type=ATG;rbs_motif=AGGA;rbs_spacer=5-10bp;gc_cont=0.611
NODE_31_length_78647_cov_30.813941_50   -            136 41972at72274         -            219   1.1e-14   52.8   0.0   1   1   2.2e-16   1.3e-14   52.5   0.0     2   111     9   124     8   131 0.87 # 47183 # 47590 # 1 # ID=31_50;partial=00;start_type=ATG;rbs_motif=GGA/GAG/AGG;rbs_spacer=5-10bp;gc_cont=0.529
NODE_17_length_110079_cov_30.099496_40  -            263 41972at72274         -            219   1.7e-14   52.2   0.6   1   1   4.2e-16   2.5e-14   51.6   0.6     2   108     9   123     8   139 0.81 # 38123 # 38911 # -1 # ID=17_40;partial=00;start_type=GTG;rbs_motif=GGAG/GAGG;rbs_spacer=5-10bp;gc_cont=0.574
NODE_108_length_8507_cov_33.452562_1    -            466 41972at72274         -            219   1.7e-14   52.1   0.0   1   1   4.6e-16   2.7e-14   51.5   0.0     2   114     4   121     3   184 0.88 # 136 # 1533 # -1 # ID=108_1;partial=00;start_type=ATG;rbs_motif=GGAG/GAGG;rbs_spacer=5-10bp;gc_cont=0.627
NODE_27_length_85717_cov_31.296630_2    -            573 41972at72274         -            219   3.3e-14   51.2   0.4   1   1   9.5e-16   5.6e-14   50.4   0.4     3   113    13   129    11   139 0.88 # 478 # 2196 # -1 # ID=27_2;partial=00;start_type=TTG;rbs_motif=None;rbs_spacer=None;gc_cont=0.635
NODE_10_length_140286_cov_31.780517_120 -            462 41972at72274         -            219   3.5e-14   51.1   0.7   1   1   5.8e-16   3.5e-14   51.1   0.7     3   124     9   136     7   175 0.81 # 130466 # 131851 # 1 # ID=10_120;partial=00;start_type=ATG;rbs_motif=GGAG/GAGG;rbs_spacer=5-10bp;gc_cont=0.640
NODE_68_length_31190_cov_31.663121_5    -            764 41972at72274         -            219     1e-13   49.6   1.6   1   1   3.9e-15   2.3e-13   48.5   1.6     2   106   641   752   640   759 0.83 # 4283 # 6574 # 1 # ID=68_5;partial=00;start_type=ATG;rbs_motif=GGAG/GAGG;rbs_spacer=5-10bp;gc_cont=0.638
NODE_2_length_234165_cov_30.973912_97   -            394 41972at72274         -            219   1.2e-13   49.4   0.5   1   1   2.8e-15   1.6e-13   48.9   0.5     3   114     8   120     6   152 0.83 # 117082 # 118263 # 1 # ID=2_97;partial=00;start_type=ATG;rbs_motif=None;rbs_spacer=None;gc_cont=0.596
NODE_5_length_204350_cov_31.943180_26   -            704 41972at72274         -            219   1.7e-13   48.8   0.1   1   1   5.7e-15   3.4e-13   47.9   0.1     3   116    15   135    13   159 0.76 # 26362 # 28473 # 1 # ID=5_26;partial=00;start_type=ATG;rbs_motif=GGA/GAG/AGG;rbs_spacer=5-10bp;gc_cont=0.630
NODE_44_length_56924_cov_31.281870_27   -            444 41972at72274         -            219   1.8e-13   48.8   0.0   1   1   5.1e-15     3e-13   48.1   0.0     3   113     5   119     3   128 0.88 # 31266 # 32597 # 1 # ID=44_27;partial=00;start_type=ATG;rbs_motif=AGGA/GGAG/GAGG;rbs_spacer=11-12bp;gc_cont=0.642
NODE_90_length_14954_cov_31.542241_5    -            202 41972at72274         -            219   2.4e-13   48.4   0.1   1   1     9e-15   5.3e-13   47.3   0.0     3   122     8   131     6   164 0.79 # 4486 # 5091 # 1 # ID=90_5;partial=00;start_type=ATG;rbs_motif=None;rbs_spacer=None;gc_cont=0.607
NODE_17_length_110079_cov_30.099496_57  -            557 41972at72274         -            219   3.4e-13   47.9   0.4   1   2       1.6        98    0.6   0.0    62   109   190   238   127   243 0.74 # 55331 # 57001 # 1 # ID=17_57;partial=00;start_type=ATG;rbs_motif=AGxAG;rbs_spacer=5-10bp;gc_cont=0.626
NODE_17_length_110079_cov_30.099496_57  -            557 41972at72274         -            219   3.4e-13   47.9   0.4   2   2   5.2e-14   3.1e-12   44.8   0.2     2   111   250   365   249   392 0.86 # 55331 # 57001 # 1 # ID=17_57;partial=00;start_type=ATG;rbs_motif=AGxAG;rbs_spacer=5-10bp;gc_cont=0.626
NODE_86_length_17167_cov_32.626433_6    -           1129 41972at72274         -            219   3.6e-13   47.8   0.0   1   1     1e-14     6e-13   47.1   0.0     2   112   922  1037   921  1073 0.85 # 5353 # 8739 # 1 # ID=86_6;partial=00;start_type=GTG;rbs_motif=GGAG/GAGG;rbs_spacer=5-10bp;gc_cont=0.634
NODE_104_length_9267_cov_33.085944_6    -            634 41972at72274         -            219     4e-13   47.7   0.0   1   1   1.1e-14   6.7e-13   46.9   0.0     2   104   516   624   515   632 0.89 # 5194 # 7095 # 1 # ID=104_6;partial=00;start_type=ATG;rbs_motif=AGGAG;rbs_spacer=5-10bp;gc_cont=0.612
NODE_61_length_38781_cov_33.914225_9    -            211 41972at72274         -            219   4.3e-13   47.6   0.1   1   1   1.1e-14   6.3e-13   47.0   0.1     1   114     2   122     2   173 0.78 # 10008 # 10640 # -1 # ID=61_9;partial=00;start_type=ATG;rbs_motif=GGA/GAG/AGG;rbs_spacer=5-10bp;gc_cont=0.575
NODE_31_length_78647_cov_30.813941_54   -           1947 41972at72274         -            219   6.2e-13   47.0   1.7   1   1   1.6e-14   9.4e-13   46.4   0.4     3   107  1827  1937  1826  1942 0.89 # 50774 # 56614 # 1 # ID=31_54;partial=00;start_type=ATG;rbs_motif=GGAG/GAGG;rbs_spacer=5-10bp;gc_cont=0.638
NODE_33_length_74845_cov_30.166310_39   -            918 41972at72274         -            219   4.4e-12   44.2   0.1   1   1   1.3e-13   7.9e-12   43.4   0.1     2   123   668   802   667   851 0.77 # 35436 # 38189 # -1 # ID=33_39;partial=00;start_type=GTG;rbs_motif=AGGAG;rbs_spacer=5-10bp;gc_cont=0.634
NODE_15_length_122432_cov_30.555546_40  -            209 41972at72274         -            219   7.3e-12   43.5   0.0   1   1   2.3e-13   1.3e-11   42.7   0.0     3   113     4   119     2   132 0.86 # 49990 # 50616 # -1 # ID=15_40;partial=00;start_type=ATG;rbs_motif=GGA/GAG/AGG;rbs_spacer=5-10bp;gc_cont=0.477
NODE_17_length_110079_cov_30.099496_68  -            925 41972at72274         -            219   1.5e-11   42.5   0.4   1   2     2e-07   1.2e-05   23.2   0.0     2   104   643   757   642   775 0.80 # 68803 # 71577 # 1 # ID=17_68;partial=00;start_type=GTG;rbs_motif=GGA/GAG/AGG;rbs_spacer=5-10bp;gc_cont=0.624
NODE_17_length_110079_cov_30.099496_68  -            925 41972at72274         -            219   1.5e-11   42.5   0.4   2   2   2.1e-05    0.0012   16.6   0.0     2   105   793   905   792   923 0.79 # 68803 # 71577 # 1 # ID=17_68;partial=00;start_type=GTG;rbs_motif=GGA/GAG/AGG;rbs_spacer=5-10bp;gc_cont=0.624
NODE_85_length_17234_cov_31.358646_4    -            125 41972at72274         -            219   1.6e-11   42.5   0.1   1   1   3.1e-13   1.9e-11   42.2   0.1     2   114     2   121     1   122 0.89 # 3594 # 3968 # -1 # ID=85_4;partial=00;start_type=ATG;rbs_motif=GGA/GAG/AGG;rbs_spacer=5-10bp;gc_cont=0.541
NODE_28_length_85663_cov_33.283895_12   -            121 41972at72274         -            219   2.2e-11   42.0   0.1   1   1   4.2e-13   2.5e-11   41.8   0.1     2   112     3   117     2   120 0.78 # 8018 # 8380 # -1 # ID=28_12;partial=00;start_type=ATG;rbs_motif=None;rbs_spacer=None;gc_cont=0.554
NODE_15_length_122432_cov_30.555546_36  -            775 41972at72274         -            219   4.7e-11   40.9   0.0   1   1   1.5e-12     9e-11   40.0   0.0     2   106   652   762   651   771 0.88 # 42457 # 44781 # -1 # ID=15_36;partial=00;start_type=GTG;rbs_motif=AGGA;rbs_spacer=5-10bp;gc_cont=0.615
NODE_3_length_205623_cov_31.972892_28   -            187 41972at72274         -            219   1.1e-10   39.7   0.1   1   1   2.2e-12   1.3e-10   39.5   0.1     3   135    15   154    13   180 0.82 # 38223 # 38783 # 1 # ID=3_28;partial=00;start_type=ATG;rbs_motif=AGGAG;rbs_spacer=5-10bp;gc_cont=0.652
NODE_6_length_202096_cov_31.427584_133  -            249 41972at72274         -            219   2.7e-10   38.4   0.1   1   1   6.5e-12   3.8e-10   37.9   0.1     2   111     2   116     1   129 0.84 # 137292 # 138038 # -1 # ID=6_133;partial=00;start_type=ATG;rbs_motif=AGGA/GGAG/GAGG;rbs_spacer=11-12bp;gc_cont=0.612
NODE_68_length_31190_cov_31.663121_7    -            334 41972at72274         -            219   4.4e-10   37.7   0.2   1   1   1.3e-11   7.9e-10   36.9   0.2     3   114    18   136    16   172 0.76 # 7633 # 8634 # 1 # ID=68_7;partial=00;start_type=ATG;rbs_motif=GGA/GAG/AGG;rbs_spacer=5-10bp;gc_cont=0.619
NODE_32_length_78578_cov_31.414761_67   -            121 41972at72274         -            219   4.8e-10   37.6   0.2   1   1   9.4e-12   5.6e-10   37.4   0.2     2   109     3   114     2   119 0.75 # 71793 # 72155 # 1 # ID=32_67;partial=00;start_type=ATG;rbs_motif=3Base/5BMM;rbs_spacer=13-15bp;gc_cont=0.479
NODE_61_length_38781_cov_33.914225_34   -            447 41972at72274         -            219   4.9e-10   37.6   0.1   1   1   1.3e-11   7.9e-10   36.9   0.1     3   114    11   126     9   156 0.73 # 36950 # 38290 # 1 # ID=61_34;partial=00;start_type=ATG;rbs_motif=GGA/GAG/AGG;rbs_spacer=5-10bp;gc_cont=0.623
NODE_5_length_204350_cov_31.943180_92   -            179 41972at72274         -            219   6.6e-10   37.1   0.1   1   1   1.4e-11   8.2e-10   36.8   0.1     1   110    27   142    27   153 0.86 # 103669 # 104205 # 1 # ID=5_92;partial=00;start_type=ATG;rbs_motif=GGA/GAG/AGG;rbs_spacer=5-10bp;gc_cont=0.570
NODE_38_length_65278_cov_32.673849_40   -            217 41972at72274         -            219   8.3e-10   36.8   0.0   1   1   1.8e-11   1.1e-09   36.5   0.0     2   154     5   163     4   172 0.83 # 29038 # 29688 # 1 # ID=38_40;partial=00;start_type=ATG;rbs_motif=AGGA/GGAG/GAGG;rbs_spacer=11-12bp;gc_cont=0.604
NODE_55_length_48721_cov_32.254281_19   -            274 41972at72274         -            219     1e-09   36.6   0.0   1   1   2.3e-11   1.4e-09   36.1   0.0     3   121    30   153    28   189 0.85 # 20356 # 21177 # -1 # ID=55_19;partial=00;start_type=ATG;rbs_motif=GGAG/GAGG;rbs_spacer=5-10bp;gc_cont=0.616
NODE_1_length_236949_cov_32.553383_6    -            570 41972at72274         -            219   1.2e-09   36.3   0.0   1   2       5.5   3.3e+02   -1.1   0.0    37    86   280   335   274   359 0.55 # 5930 # 7639 # -1 # ID=1_6;partial=00;start_type=ATG;rbs_motif=GGA/GAG/AGG;rbs_spacer=5-10bp;gc_cont=0.630
NODE_1_length_236949_cov_32.553383_6    -            570 41972at72274         -            219   1.2e-09   36.3   0.0   2   2   8.2e-11   4.9e-09   34.3   0.0     1   114   447   566   447   569 0.81 # 5930 # 7639 # -1 # ID=1_6;partial=00;start_type=ATG;rbs_motif=GGA/GAG/AGG;rbs_spacer=5-10bp;gc_cont=0.630
NODE_42_length_61650_cov_30.701454_18   -            403 41972at72274         -            219   1.4e-09   36.1   0.0   1   1   4.8e-11   2.9e-09   35.1   0.0     2   112    11   129    10   149 0.88 # 29489 # 30697 # 1 # ID=42_18;partial=00;start_type=ATG;rbs_motif=GGAG/GAGG;rbs_spacer=5-10bp;gc_cont=0.647
NODE_9_length_146128_cov_31.603137_85   -            209 41972at72274         -            219   1.7e-09   35.8   0.1   1   1   3.6e-11   2.2e-09   35.5   0.1     4   113     5   119     3   173 0.86 # 110972 # 111598 # -1 # ID=9_85;partial=00;start_type=ATG;rbs_motif=AGGAGG;rbs_spacer=3-4bp;gc_cont=0.558
NODE_36_length_67241_cov_31.105619_50   -           1063 41972at72274         -            219   3.1e-09   35.0   0.0   1   1   1.1e-10   6.4e-09   33.9   0.0     2   116   843   961   842   983 0.88 # 44353 # 47541 # 1 # ID=36_50;partial=00;start_type=ATG;rbs_motif=GGA/GAG/AGG;rbs_spacer=5-10bp;gc_cont=0.627
NODE_66_length_32731_cov_31.858770_6    -            449 41972at72274         -            219   3.5e-09   34.8   1.6   1   2   2.1e-10   1.2e-08   33.0   0.1     3   115    15   132    13   138 0.89 # 9402 # 10748 # -1 # ID=66_6;partial=00;start_type=ATG;rbs_motif=AGGAG;rbs_spacer=5-10bp;gc_cont=0.611
NODE_66_length_32731_cov_31.858770_6    -            449 41972at72274         -            219   3.5e-09   34.8   1.6   2   2       2.3   1.4e+02    0.1   0.0   105   173   152   218   144   228 0.71 # 9402 # 10748 # -1 # ID=66_6;partial=00;start_type=ATG;rbs_motif=AGGAG;rbs_spacer=5-10bp;gc_cont=0.611
NODE_59_length_41747_cov_29.720340_6    -            402 41972at72274         -            219   6.1e-09   34.0   0.9   1   1   2.3e-10   1.3e-08   32.9   0.9     2   111     8   124     7   240 0.78 # 5998 # 7203 # -1 # ID=59_6;partial=00;start_type=ATG;rbs_motif=GGA/GAG/AGG;rbs_spacer=5-10bp;gc_cont=0.606
NODE_59_length_41747_cov_29.720340_4    -            557 41972at72274         -            219   7.8e-09   33.6   0.2   1   3    0.0088      0.52    8.0   0.0    67   115    81   132    19   180 0.83 # 3853 # 5523 # 1 # ID=59_4;partial=00;start_type=ATG;rbs_motif=AGGA;rbs_spacer=5-10bp;gc_cont=0.607
NODE_59_length_41747_cov_29.720340_4    -            557 41972at72274         -            219   7.8e-09   33.6   0.2   2   3       7.6   4.5e+02   -1.5   0.0    33    54   265   286   237   290 0.73 # 3853 # 5523 # 1 # ID=59_4;partial=00;start_type=ATG;rbs_motif=AGGA;rbs_spacer=5-10bp;gc_cont=0.607
NODE_59_length_41747_cov_29.720340_4    -            557 41972at72274         -            219   7.8e-09   33.6   0.2   3   3   3.5e-07   2.1e-05   22.5   0.0     1   112   438   554   438   556 0.84 # 3853 # 5523 # 1 # ID=59_4;partial=00;start_type=ATG;rbs_motif=AGGA;rbs_spacer=5-10bp;gc_cont=0.607
NODE_1_length_236949_cov_32.553383_17   -            221 41972at72274         -            219   1.5e-08   32.7   0.1   1   1   2.9e-10   1.7e-08   32.5   0.1     2   153    15   169    14   213 0.78 # 22232 # 22894 # -1 # ID=1_17;partial=00;start_type=ATG;rbs_motif=GGA/GAG/AGG;rbs_spacer=5-10bp;gc_cont=0.570
NODE_85_length_17234_cov_31.358646_1    -            167 41972at72274         -            219   2.5e-08   32.0   0.1   1   1   4.8e-10   2.8e-08   31.8   0.1     2   101     4   110     3   139 0.77 # 3 # 503 # -1 # ID=85_1;partial=10;start_type=ATG;rbs_motif=GGAG/GAGG;rbs_spacer=5-10bp;gc_cont=0.623
NODE_57_length_46154_cov_33.620066_24   -            846 41972at72274         -            219   2.6e-08   31.9   0.3   1   2       1.3        76    1.0   0.0    96   127   541   572   531   582 0.78 # 28174 # 30711 # 1 # ID=57_24;partial=00;start_type=ATG;rbs_motif=GGA/GAG/AGG;rbs_spacer=5-10bp;gc_cont=0.638
NODE_57_length_46154_cov_33.620066_24   -            846 41972at72274         -            219   2.6e-08   31.9   0.3   2   2   5.4e-09   3.2e-07   28.4   0.1     2   112   726   841   725   844 0.82 # 28174 # 30711 # 1 # ID=57_24;partial=00;start_type=ATG;rbs_motif=GGA/GAG/AGG;rbs_spacer=5-10bp;gc_cont=0.638
NODE_5_length_204350_cov_31.943180_154  -            210 41972at72274         -            219   3.5e-08   31.5   0.2   1   1   1.1e-09   6.4e-08   30.7   0.1     2   130     3   139     2   169 0.71 # 177041 # 177670 # 1 # ID=5_154;partial=00;start_type=GTG;rbs_motif=GGAG/GAGG;rbs_spacer=5-10bp;gc_cont=0.622
NODE_17_length_110079_cov_30.099496_30  -            136 41972at72274         -            219   1.2e-07   29.8   0.4   1   1   2.3e-09   1.3e-07   29.6   0.4     1   100     9   115     9   127 0.77 # 29698 # 30105 # -1 # ID=17_30;partial=00;start_type=ATG;rbs_motif=GGA/GAG/AGG;rbs_spacer=5-10bp;gc_cont=0.569
NODE_9_length_146128_cov_31.603137_84   -           1198 41972at72274         -            219   3.1e-07   28.4   0.0   1   1     1e-08   6.2e-07   27.4   0.0     2   142   955  1104   954  1138 0.83 # 107378 # 110971 # -1 # ID=9_84;partial=00;start_type=ATG;rbs_motif=None;rbs_spacer=None;gc_cont=0.617
NODE_35_length_70902_cov_31.813955_41   -            222 41972at72274         -            219   1.4e-06   26.3   0.0   1   2   7.3e-08   4.4e-06   24.7   0.0     2   115     3   123     2   136 0.78 # 65816 # 66481 # -1 # ID=35_41;partial=00;start_type=ATG;rbs_motif=GGA/GAG/AGG;rbs_spacer=5-10bp;gc_cont=0.598
NODE_35_length_70902_cov_31.813955_41   -            222 41972at72274         -            219   1.4e-06   26.3   0.0   2   2       4.7   2.8e+02   -0.9   0.0   110   136   162   188   133   199 0.70 # 65816 # 66481 # -1 # ID=35_41;partial=00;start_type=ATG;rbs_motif=GGA/GAG/AGG;rbs_spacer=5-10bp;gc_cont=0.598
NODE_59_length_41747_cov_29.720340_5    -            126 41972at72274         -            219   2.4e-06   25.5   0.0   1   1   4.5e-08   2.6e-06   25.4   0.0     3   111     9   123     7   125 0.85 # 5554 # 5931 # -1 # ID=59_5;partial=00;start_type=ATG;rbs_motif=GGA/GAG/AGG;rbs_spacer=5-10bp;gc_cont=0.563
NODE_51_length_50229_cov_32.037166_23   -           1194 41972at72274         -            219   4.3e-06   24.7   0.0   1   1   1.4e-07   8.3e-06   23.7   0.0     3   103   960  1069   958  1094 0.79 # 23662 # 27243 # -1 # ID=51_23;partial=00;start_type=GTG;rbs_motif=AGGA;rbs_spacer=5-10bp;gc_cont=0.620
NODE_24_length_98089_cov_32.704420_81   -            220 41972at72274         -            219   7.3e-06   23.9   0.5   1   2   1.1e-05   0.00067   17.5   0.1     3   110     5   118     3   145 0.76 # 80451 # 81110 # -1 # ID=24_81;partial=00;start_type=GTG;rbs_motif=GGA/GAG/AGG;rbs_spacer=5-10bp;gc_cont=0.615
NODE_24_length_98089_cov_32.704420_81   -            220 41972at72274         -            219   7.3e-06   23.9   0.5   2   2     0.071       4.2    5.1   0.0   100   139   151   190   141   215 0.76 # 80451 # 81110 # -1 # ID=24_81;partial=00;start_type=GTG;rbs_motif=GGA/GAG/AGG;rbs_spacer=5-10bp;gc_cont=0.615
NODE_33_length_74845_cov_30.166310_11   -            311 41972at72274         -            219   9.6e-06   23.5   0.5   1   1   2.9e-07   1.7e-05   22.7   0.5     2   109   180   301   179   307 0.80 # 8179 # 9111 # 1 # ID=33_11;partial=00;start_type=ATG;rbs_motif=AGGAG;rbs_spacer=5-10bp;gc_cont=0.584
NODE_25_length_96862_cov_30.632523_61   -            791 41972at72274         -            219     1e-05   23.4   0.0   1   1   3.2e-07   1.9e-05   22.6   0.0     3   106   667   773   665   789 0.83 # 61650 # 64022 # 1 # ID=25_61;partial=00;start_type=ATG;rbs_motif=3Base/5BMM;rbs_spacer=13-15bp;gc_cont=0.612
NODE_62_length_38083_cov_30.681778_4    -            806 41972at72274         -            219     2e-05   22.5   0.0   1   2   4.3e-06   0.00026   18.9   0.0     2   100   570   677   569   689 0.84 # 5384 # 7801 # 1 # ID=62_4;partial=00;start_type=ATG;rbs_motif=GGA/GAG/AGG;rbs_spacer=5-10bp;gc_cont=0.588
NODE_62_length_38083_cov_30.681778_4    -            806 41972at72274         -            219     2e-05   22.5   0.0   2   2       1.3        77    1.0   0.0    29    87   705   763   691   781 0.78 # 5384 # 7801 # 1 # ID=62_4;partial=00;start_type=ATG;rbs_motif=GGA/GAG/AGG;rbs_spacer=5-10bp;gc_cont=0.588
NODE_4_length_205576_cov_31.615476_76   -            559 41972at72274         -            219   2.5e-05   22.2   0.0   1   1   7.2e-07   4.3e-05   21.4   0.0     2   104   442   547   441   557 0.76 # 76394 # 78070 # 1 # ID=4_76;partial=00;start_type=ATG;rbs_motif=GGA/GAG/AGG;rbs_spacer=5-10bp;gc_cont=0.628
NODE_59_length_41747_cov_29.720340_10   -            120 41972at72274         -            219   2.6e-05   22.1   0.1   1   1   4.8e-07   2.9e-05   22.0   0.1     2   112     7   118     6   119 0.75 # 12363 # 12722 # 1 # ID=59_10;partial=00;start_type=ATG;rbs_motif=GGA/GAG/AGG;rbs_spacer=5-10bp;gc_cont=0.564
NODE_51_length_50229_cov_32.037166_21   -            218 41972at72274         -            219   5.5e-05   21.1   0.4   1   1     1e-06   6.2e-05   20.9   0.4     3   126    11   145     9   199 0.70 # 21723 # 22376 # 1 # ID=51_21;partial=00;start_type=TTG;rbs_motif=GGAG/GAGG;rbs_spacer=5-10bp;gc_cont=0.607
NODE_60_length_40144_cov_32.438668_5    -            674 41972at72274         -            219   0.00014   19.7   0.0   1   1   4.3e-06   0.00025   18.9   0.0     3   113   548   664   547   670 0.84 # 4652 # 6673 # 1 # ID=60_5;partial=00;start_type=ATG;rbs_motif=None;rbs_spacer=None;gc_cont=0.622
NODE_36_length_67241_cov_31.105619_49   -            399 41972at72274         -            219   0.00019   19.3   0.1   1   1   5.4e-06   0.00032   18.6   0.1     3    66     6    71     4   118 0.84 # 43075 # 44271 # 1 # ID=36_49;partial=00;start_type=ATG;rbs_motif=GGA/GAG/AGG;rbs_spacer=5-10bp;gc_cont=0.601
NODE_62_length_38083_cov_30.681778_8    -            195 41972at72274         -            219   0.00019   19.3   0.0   1   1   3.6e-06   0.00021   19.1   0.0    38   117    22   105     3   184 0.81 # 10977 # 11561 # -1 # ID=62_8;partial=00;start_type=ATG;rbs_motif=GGA/GAG/AGG;rbs_spacer=5-10bp;gc_cont=0.578
NODE_68_length_31190_cov_31.663121_6    -            337 41972at72274         -            219   0.00021   19.2   0.1   1   1   5.3e-06   0.00032   18.6   0.1     2    98     2   105     1   124 0.75 # 6571 # 7581 # 1 # ID=68_6;partial=00;start_type=ATG;rbs_motif=GGAGG;rbs_spacer=5-10bp;gc_cont=0.642
NODE_36_length_67241_cov_31.105619_48   -            937 41972at72274         -            219   0.00027   18.8   0.0   1   1   9.7e-06   0.00058   17.7   0.0     3   105   816   922   814   931 0.87 # 40278 # 43088 # 1 # ID=36_48;partial=00;start_type=ATG;rbs_motif=None;rbs_spacer=None;gc_cont=0.603
NODE_1_length_236949_cov_32.553383_16   -           1206 41972at72274         -            219   0.00072   17.4   0.0   1   1   2.3e-05    0.0014   16.5   0.0     3   137   961  1103   959  1126 0.74 # 18595 # 22212 # -1 # ID=1_16;partial=00;start_type=TTG;rbs_motif=GGA/GAG/AGG;rbs_spacer=5-10bp;gc_cont=0.617
NODE_34_length_71337_cov_31.902052_47   -            126 41972at72274         -            219   0.00088   17.1   0.0   1   1   1.8e-05     0.001   16.9   0.0     3   113     6   119     4   124 0.76 # 50402 # 50779 # -1 # ID=34_47;partial=00;start_type=ATG;rbs_motif=GGAG/GAGG;rbs_spacer=5-10bp;gc_cont=0.587
NODE_100_length_10499_cov_29.884497_9   -            149 41972at72274         -            219   0.00099   16.9   0.0   1   1   2.1e-05    0.0012   16.7   0.0   135   217    31   109    12   111 0.86 # 9941 # 10387 # 1 # ID=100_9;partial=00;start_type=ATG;rbs_motif=GGA/GAG/AGG;rbs_spacer=5-10bp;gc_cont=0.586
NODE_9_length_146128_cov_31.603137_52   -            649 41972at72274         -            219    0.0023   15.8   0.0   1   1   8.4e-05     0.005   14.7   0.0     3   115   530   643   528   646 0.72 # 64213 # 66159 # -1 # ID=9_52;partial=00;start_type=ATG;rbs_motif=GGA/GAG/AGG;rbs_spacer=5-10bp;gc_cont=0.590
NODE_3_length_205623_cov_31.972892_150  -            301 41972at72274         -            219    0.0029   15.4   0.1   1   1   6.7e-05     0.004   15.0   0.1     2   101   172   282   171   296 0.71 # 161883 # 162785 # 1 # ID=3_150;partial=00;start_type=ATG;rbs_motif=GGA/GAG/AGG;rbs_spacer=5-10bp;gc_cont=0.627
NODE_16_length_120385_cov_32.517862_105 -            242 41972at72274         -            219     0.039   11.7   0.1   1   1   0.00091     0.054   11.3   0.1   131   215   142   224   132   227 0.87 # 93407 # 94132 # 1 # ID=16_105;partial=00;start_type=ATG;rbs_motif=None;rbs_spacer=None;gc_cont=0.511
#
# Program:         hmmsearch
# Version:         3.1b2 (February 2015)
# Pipeline mode:   SEARCH
# Query file:      /data2/PEG/hoaxaca/REAA/Pseudomonas/bin/busco_downloads/lineages/pseudomonadales_odb10/hmms/41972at72274.hmm
# Target file:     /data2/PEG/hoaxaca/REAA/Pseudomonas/bin/../out/busco/trim_75clip.spades_kmer/prodigal_output/predicted_genes/predicted.faa
# Option settings: hmmsearch --domtblout /data2/PEG/hoaxaca/REAA/Pseudomonas/bin/../out/busco/trim_75clip.spades_kmer/run_pseudomonadales_odb10/hmmer_output/41972at72274.out --cpu 1 /data2/PEG/hoaxaca/REAA/Pseudomonas/bin/busco_downloads/lineages/pseudomonadales_odb10/hmms/41972at72274.hmm /data2/PEG/hoaxaca/REAA/Pseudomonas/bin/../out/busco/trim_75clip.spades_kmer/prodigal_output/predicted_genes/predicted.faa 
# Current dir:     /data2/PEG/hoaxaca/REAA/Pseudomonas/bin
# Date:            Mon Feb 20 00:33:53 2023
# [ok]
