#                                                                                               --- full sequence --- -------------- this domain -------------   hmm coord   ali coord   env coord
# target name                           accession   tlen query name           accession   qlen   E-value  score  bias   #  of  c-Evalue  i-Evalue  score  bias  from    to  from    to  from    to  acc description of target
#                   ------------------- ---------- ----- -------------------- ---------- ----- --------- ------ ----- --- --- --------- --------- ------ ----- ----- ----- ----- ----- ----- ----- ---- ---------------------
NODE_2_length_234165_cov_30.973912_132  -            224 42886at72274         -            200   1.8e-91  303.7   0.0   1   1   4.2e-94   2.1e-91  303.5   0.0     1   199     1   219     1   220 0.92 # 152423 # 153094 # -1 # ID=2_132;partial=00;start_type=GTG;rbs_motif=AGGAG;rbs_spacer=5-10bp;gc_cont=0.628
NODE_5_length_204350_cov_31.943180_161  -            273 42886at72274         -            200   4.9e-26   90.0   0.0   1   1   1.9e-28   9.2e-26   89.2   0.0     4   175    14   206    11   224 0.81 # 184362 # 185180 # 1 # ID=5_161;partial=00;start_type=ATG;rbs_motif=None;rbs_spacer=None;gc_cont=0.611
NODE_25_length_96862_cov_30.632523_83   -            196 42886at72274         -            200   3.8e-14   51.3   0.2   1   1   5.1e-16   2.5e-13   48.6   0.2     4   183     7   186     4   193 0.79 # 85987 # 86574 # 1 # ID=25_83;partial=00;start_type=ATG;rbs_motif=AGGA;rbs_spacer=5-10bp;gc_cont=0.626
NODE_33_length_74845_cov_30.166310_55   -            221 42886at72274         -            200   1.1e-13   49.7   0.0   1   1   3.4e-16   1.6e-13   49.2   0.0     5   199     8   219     5   220 0.82 # 54732 # 55394 # 1 # ID=33_55;partial=00;start_type=GTG;rbs_motif=GGAG/GAGG;rbs_spacer=5-10bp;gc_cont=0.609
NODE_7_length_186923_cov_31.961760_71   -            218 42886at72274         -            200   2.7e-13   48.5   0.0   1   2   6.5e-05     0.031   12.3   0.0     2    28     2    28     1    38 0.81 # 73126 # 73779 # 1 # ID=7_71;partial=00;start_type=ATG;rbs_motif=AGGA;rbs_spacer=5-10bp;gc_cont=0.601
NODE_7_length_186923_cov_31.961760_71   -            218 42886at72274         -            200   2.7e-13   48.5   0.0   2   2   1.2e-11   5.6e-09   34.4   0.0    59   179    72   195    54   215 0.79 # 73126 # 73779 # 1 # ID=7_71;partial=00;start_type=ATG;rbs_motif=AGGA;rbs_spacer=5-10bp;gc_cont=0.601
NODE_24_length_98089_cov_32.704420_38   -            225 42886at72274         -            200   1.2e-12   46.4   0.1   1   1   4.9e-15   2.4e-12   45.4   0.1     2   170    12   188    11   199 0.76 # 38126 # 38800 # 1 # ID=24_38;partial=00;start_type=GTG;rbs_motif=GGAG/GAGG;rbs_spacer=5-10bp;gc_cont=0.639
NODE_8_length_148186_cov_31.798334_9    -            233 42886at72274         -            200     2e-11   42.4   0.0   1   2   0.00097      0.47    8.5   0.0     3    37     3    37     1    48 0.88 # 4255 # 4953 # -1 # ID=8_9;partial=00;start_type=GTG;rbs_motif=GGAG/GAGG;rbs_spacer=5-10bp;gc_cont=0.598
NODE_8_length_148186_cov_31.798334_9    -            233 42886at72274         -            200     2e-11   42.4   0.0   2   2   5.3e-11   2.6e-08   32.2   0.0    55   168    85   201    60   231 0.84 # 4255 # 4953 # -1 # ID=8_9;partial=00;start_type=GTG;rbs_motif=GGAG/GAGG;rbs_spacer=5-10bp;gc_cont=0.598
NODE_27_length_85717_cov_31.296630_40   -            229 42886at72274         -            200     5e-11   41.0   0.2   1   1   1.1e-12   5.2e-10   37.7   0.2     3   192    10   217     8   221 0.76 # 41600 # 42286 # -1 # ID=27_40;partial=00;start_type=ATG;rbs_motif=GGA/GAG/AGG;rbs_spacer=5-10bp;gc_cont=0.607
NODE_6_length_202096_cov_31.427584_147  -            232 42886at72274         -            200     5e-07   28.0   0.0   1   2     0.016       7.5    4.6   0.0     2    29     2    29     1    39 0.84 # 149797 # 150492 # 1 # ID=6_147;partial=00;start_type=ATG;rbs_motif=GGA/GAG/AGG;rbs_spacer=5-10bp;gc_cont=0.628
NODE_6_length_202096_cov_31.427584_147  -            232 42886at72274         -            200     5e-07   28.0   0.0   2   2   8.5e-08   4.1e-05   21.7   0.0    70   183   104   210    47   230 0.82 # 149797 # 150492 # 1 # ID=6_147;partial=00;start_type=ATG;rbs_motif=GGA/GAG/AGG;rbs_spacer=5-10bp;gc_cont=0.628
NODE_7_length_186923_cov_31.961760_108  -            179 42886at72274         -            200    0.0036   15.4   0.0   1   1     1e-05    0.0049   15.0   0.0   123   172    98   148    73   164 0.80 # 107398 # 107934 # 1 # ID=7_108;partial=00;start_type=ATG;rbs_motif=None;rbs_spacer=None;gc_cont=0.577
NODE_10_length_140286_cov_31.780517_124 -            221 42886at72274         -            200    0.0046   15.1   0.0   1   2    0.0003      0.15   10.1   0.0     3    20     9    26     7    77 0.81 # 133948 # 134610 # 1 # ID=10_124;partial=00;start_type=ATG;rbs_motif=GGA/GAG/AGG;rbs_spacer=5-10bp;gc_cont=0.599
NODE_10_length_140286_cov_31.780517_124 -            221 42886at72274         -            200    0.0046   15.1   0.0   2   2     0.047        23    3.0   0.0    92   164   113   186    87   192 0.75 # 133948 # 134610 # 1 # ID=10_124;partial=00;start_type=ATG;rbs_motif=GGA/GAG/AGG;rbs_spacer=5-10bp;gc_cont=0.599
NODE_34_length_71337_cov_31.902052_54   -            276 42886at72274         -            200    0.0047   15.0   0.0   1   2      0.56   2.7e+02   -0.5   0.0     2    16     8    22     7    31 0.89 # 55186 # 56013 # -1 # ID=34_54;partial=00;start_type=ATG;rbs_motif=GGAG/GAGG;rbs_spacer=5-10bp;gc_cont=0.621
NODE_34_length_71337_cov_31.902052_54   -            276 42886at72274         -            200    0.0047   15.0   0.0   2   2   4.5e-05     0.022   12.8   0.0    64   170    98   208    65   213 0.76 # 55186 # 56013 # -1 # ID=34_54;partial=00;start_type=ATG;rbs_motif=GGAG/GAGG;rbs_spacer=5-10bp;gc_cont=0.621
NODE_2_length_234165_cov_30.973912_115  -            208 42886at72274         -            200     0.053   11.6   0.1   1   3     0.017       8.2    4.5   0.0     1    20     1    20     1    42 0.81 # 134376 # 134999 # 1 # ID=2_115;partial=00;start_type=ATG;rbs_motif=GGAGG;rbs_spacer=5-10bp;gc_cont=0.617
NODE_2_length_234165_cov_30.973912_115  -            208 42886at72274         -            200     0.053   11.6   0.1   2   3      0.82     4e+02   -1.1   0.0    56    71    29    44    22    63 0.82 # 134376 # 134999 # 1 # ID=2_115;partial=00;start_type=ATG;rbs_motif=GGAGG;rbs_spacer=5-10bp;gc_cont=0.617
NODE_2_length_234165_cov_30.973912_115  -            208 42886at72274         -            200     0.053   11.6   0.1   3   3      0.02       9.5    4.2   0.0   118   164   133   185   122   193 0.78 # 134376 # 134999 # 1 # ID=2_115;partial=00;start_type=ATG;rbs_motif=GGAGG;rbs_spacer=5-10bp;gc_cont=0.617
#
# Program:         hmmsearch
# Version:         3.1b2 (February 2015)
# Pipeline mode:   SEARCH
# Query file:      /data2/PEG/hoaxaca/REAA/Pseudomonas/bin/busco_downloads/lineages/pseudomonadales_odb10/hmms/42886at72274.hmm
# Target file:     /data2/PEG/hoaxaca/REAA/Pseudomonas/bin/../out/busco/trim_75clip.spades_kmer/prodigal_output/predicted_genes/predicted.faa
# Option settings: hmmsearch --domtblout /data2/PEG/hoaxaca/REAA/Pseudomonas/bin/../out/busco/trim_75clip.spades_kmer/run_pseudomonadales_odb10/hmmer_output/42886at72274.out --cpu 1 /data2/PEG/hoaxaca/REAA/Pseudomonas/bin/busco_downloads/lineages/pseudomonadales_odb10/hmms/42886at72274.hmm /data2/PEG/hoaxaca/REAA/Pseudomonas/bin/../out/busco/trim_75clip.spades_kmer/prodigal_output/predicted_genes/predicted.faa 
# Current dir:     /data2/PEG/hoaxaca/REAA/Pseudomonas/bin
# Date:            Mon Feb 20 00:33:54 2023
# [ok]
