#                                                                                              --- full sequence --- -------------- this domain -------------   hmm coord   ali coord   env coord
# target name                          accession   tlen query name           accession   qlen   E-value  score  bias   #  of  c-Evalue  i-Evalue  score  bias  from    to  from    to  from    to  acc description of target
#                  ------------------- ---------- ----- -------------------- ---------- ----- --------- ------ ----- --- --- --------- --------- ------ ----- ----- ----- ----- ----- ----- ----- ---- ---------------------
NODE_3_length_205623_cov_31.972892_42  -            206 43900at72274         -            173   1.5e-77  257.8   0.0   1   1   3.5e-80   1.8e-77  257.6   0.0     2   173     6   198     5   198 0.91 # 52282 # 52899 # 1 # ID=3_42;partial=00;start_type=ATG;rbs_motif=AGGAG;rbs_spacer=5-10bp;gc_cont=0.579
NODE_16_length_120385_cov_32.517862_68 -            211 43900at72274         -            173   1.5e-11   43.0   0.0   1   1   1.3e-13   6.7e-11   40.9   0.0    16   170    26   201     6   204 0.75 # 56683 # 57315 # -1 # ID=16_68;partial=00;start_type=GTG;rbs_motif=AGGAG;rbs_spacer=5-10bp;gc_cont=0.633
NODE_49_length_51082_cov_32.699884_8   -            212 43900at72274         -            173   3.2e-08   32.1   0.0   1   1   6.1e-10   3.2e-07   28.9   0.0     8   149    11   182     2   202 0.76 # 11130 # 11765 # 1 # ID=49_8;partial=00;start_type=ATG;rbs_motif=GGAG/GAGG;rbs_spacer=5-10bp;gc_cont=0.616
NODE_64_length_36205_cov_31.746859_32  -            208 43900at72274         -            173   5.9e-08   31.3   0.0   1   1   3.1e-09   1.6e-06   26.6   0.0    31   172    45   202    38   203 0.77 # 33572 # 34195 # 1 # ID=64_32;partial=00;start_type=ATG;rbs_motif=None;rbs_spacer=None;gc_cont=0.601
NODE_19_length_106954_cov_31.065364_50 -            211 43900at72274         -            173   1.6e-06   26.6   0.0   1   1   1.9e-08     1e-05   24.0   0.0    30    79    47   100    40   205 0.72 # 49232 # 49864 # -1 # ID=19_50;partial=00;start_type=ATG;rbs_motif=AGGA;rbs_spacer=5-10bp;gc_cont=0.610
NODE_6_length_202096_cov_31.427584_135 -            220 43900at72274         -            173   0.00023   19.6   0.0   1   1   6.9e-07   0.00036   18.9   0.0    10    83    14    97     5   159 0.80 # 140108 # 140767 # -1 # ID=6_135;partial=00;start_type=ATG;rbs_motif=GGAGG;rbs_spacer=5-10bp;gc_cont=0.602
NODE_109_length_8187_cov_31.142135_4   -            207 43900at72274         -            173    0.0012   17.3   0.0   1   1   8.3e-06    0.0044   15.4   0.0     8    67    12    82     6   100 0.72 # 3126 # 3746 # 1 # ID=109_4;partial=00;start_type=ATG;rbs_motif=GGAG/GAGG;rbs_spacer=5-10bp;gc_cont=0.636
NODE_36_length_67241_cov_31.105619_62  -            278 43900at72274         -            173    0.0017   16.8   0.0   1   2   1.5e-05     0.008   14.6   0.0    32    75    92   141    86   151 0.86 # 59683 # 60516 # -1 # ID=36_62;partial=00;start_type=ATG;rbs_motif=AGGAG;rbs_spacer=5-10bp;gc_cont=0.628
NODE_36_length_67241_cov_31.105619_62  -            278 43900at72274         -            173    0.0017   16.8   0.0   2   2      0.65   3.4e+02   -0.5   0.0   114   168   191   250   173   253 0.68 # 59683 # 60516 # -1 # ID=36_62;partial=00;start_type=ATG;rbs_motif=AGGAG;rbs_spacer=5-10bp;gc_cont=0.628
NODE_15_length_122432_cov_30.555546_82 -            201 43900at72274         -            173    0.0031   15.9   0.0   1   1   4.9e-05     0.026   12.9   0.0    30   134    44   163    10   178 0.66 # 92924 # 93526 # 1 # ID=15_82;partial=00;start_type=ATG;rbs_motif=GGAG/GAGG;rbs_spacer=5-10bp;gc_cont=0.577
NODE_19_length_106954_cov_31.065364_44 -            201 43900at72274         -            173    0.0035   15.7   0.1   1   1   2.8e-05     0.015   13.7   0.1   101   172   126   195    13   196 0.69 # 43220 # 43822 # -1 # ID=19_44;partial=00;start_type=ATG;rbs_motif=GGAG/GAGG;rbs_spacer=5-10bp;gc_cont=0.602
NODE_1_length_236949_cov_32.553383_78  -            198 43900at72274         -            173    0.0085   14.5   0.1   1   1   3.5e-05     0.018   13.4   0.1    12   146    18   167     9   195 0.66 # 81011 # 81604 # 1 # ID=1_78;partial=00;start_type=GTG;rbs_motif=GGAGG;rbs_spacer=3-4bp;gc_cont=0.596
NODE_1_length_236949_cov_32.553383_58  -            233 43900at72274         -            173     0.029   12.7   0.0   1   2   0.00013     0.068   11.5   0.0    26    77    58   117    33   136 0.84 # 60164 # 60862 # -1 # ID=1_58;partial=00;start_type=ATG;rbs_motif=AGGAG;rbs_spacer=5-10bp;gc_cont=0.621
NODE_1_length_236949_cov_32.553383_58  -            233 43900at72274         -            173     0.029   12.7   0.0   2   2       2.8   1.4e+03   -2.6   0.0   119   135   172   188   157   193 0.79 # 60164 # 60862 # -1 # ID=1_58;partial=00;start_type=ATG;rbs_motif=AGGAG;rbs_spacer=5-10bp;gc_cont=0.621
#
# Program:         hmmsearch
# Version:         3.1b2 (February 2015)
# Pipeline mode:   SEARCH
# Query file:      /data2/PEG/hoaxaca/REAA/Pseudomonas/bin/busco_downloads/lineages/pseudomonadales_odb10/hmms/43900at72274.hmm
# Target file:     /data2/PEG/hoaxaca/REAA/Pseudomonas/bin/../out/busco/trim_75clip.spades_kmer/prodigal_output/predicted_genes/predicted.faa
# Option settings: hmmsearch --domtblout /data2/PEG/hoaxaca/REAA/Pseudomonas/bin/../out/busco/trim_75clip.spades_kmer/run_pseudomonadales_odb10/hmmer_output/43900at72274.out --cpu 1 /data2/PEG/hoaxaca/REAA/Pseudomonas/bin/busco_downloads/lineages/pseudomonadales_odb10/hmms/43900at72274.hmm /data2/PEG/hoaxaca/REAA/Pseudomonas/bin/../out/busco/trim_75clip.spades_kmer/prodigal_output/predicted_genes/predicted.faa 
# Current dir:     /data2/PEG/hoaxaca/REAA/Pseudomonas/bin
# Date:            Mon Feb 20 00:33:55 2023
# [ok]
