#                                                                                              --- full sequence --- -------------- this domain -------------   hmm coord   ali coord   env coord
# target name                          accession   tlen query name           accession   qlen   E-value  score  bias   #  of  c-Evalue  i-Evalue  score  bias  from    to  from    to  from    to  acc description of target
#                  ------------------- ---------- ----- -------------------- ---------- ----- --------- ------ ----- --- --- --------- --------- ------ ----- ----- ----- ----- ----- ----- ----- ---- ---------------------
NODE_79_length_21599_cov_31.595289_4   -            672 4452at72274          -            602         0 1180.1  10.7   1   2         0         0 1159.7   2.6     1   568     4   590     4   597 0.97 # 4790 # 6805 # -1 # ID=79_4;partial=00;start_type=ATG;rbs_motif=GGAG/GAGG;rbs_spacer=5-10bp;gc_cont=0.611
NODE_79_length_21599_cov_31.595289_4   -            672 4452at72274          -            602         0 1180.1  10.7   2   2   1.1e-09   1.2e-06   25.7   1.4   547   602   606   669   590   669 0.75 # 4790 # 6805 # -1 # ID=79_4;partial=00;start_type=ATG;rbs_motif=GGAG/GAGG;rbs_spacer=5-10bp;gc_cont=0.611
NODE_2_length_234165_cov_30.973912_80  -           1150 4452at72274          -            602   2.7e-16   57.6   1.3   1   3   3.5e-16   3.6e-13   47.2   0.1   125   264   100   236    14   283 0.83 # 97092 # 100541 # -1 # ID=2_80;partial=00;start_type=GTG;rbs_motif=AGGA/GGAG/GAGG;rbs_spacer=11-12bp;gc_cont=0.634
NODE_2_length_234165_cov_30.973912_80  -           1150 4452at72274          -            602   2.7e-16   57.6   1.3   2   3     0.049        51    0.5   0.0    20    79   618   680   596   700 0.71 # 97092 # 100541 # -1 # ID=2_80;partial=00;start_type=GTG;rbs_motif=AGGA/GGAG/GAGG;rbs_spacer=11-12bp;gc_cont=0.634
NODE_2_length_234165_cov_30.973912_80  -           1150 4452at72274          -            602   2.7e-16   57.6   1.3   3   3     0.002       2.1    5.1   0.0   436   521   828   908   819   940 0.71 # 97092 # 100541 # -1 # ID=2_80;partial=00;start_type=GTG;rbs_motif=AGGA/GGAG/GAGG;rbs_spacer=11-12bp;gc_cont=0.634
NODE_15_length_122432_cov_30.555546_28 -            558 4452at72274          -            602   3.6e-07   27.4   4.4   1   2   0.00033      0.34    7.7   0.1    12    74    27    98    18   111 0.73 # 35077 # 36750 # 1 # ID=15_28;partial=00;start_type=ATG;rbs_motif=GGAG/GAGG;rbs_spacer=5-10bp;gc_cont=0.605
NODE_15_length_122432_cov_30.555546_28 -            558 4452at72274          -            602   3.6e-07   27.4   4.4   2   2   2.8e-08     3e-05   21.1   0.9   425   545   247   364   168   392 0.80 # 35077 # 36750 # 1 # ID=15_28;partial=00;start_type=ATG;rbs_motif=GGAG/GAGG;rbs_spacer=5-10bp;gc_cont=0.605
NODE_10_length_140286_cov_31.780517_12 -            740 4452at72274          -            602   2.2e-06   24.9   0.0   1   2   0.00099         1    6.1   0.0    18    76   212   275   202   305 0.73 # 12201 # 14420 # 1 # ID=10_12;partial=00;start_type=GTG;rbs_motif=GGA/GAG/AGG;rbs_spacer=5-10bp;gc_cont=0.654
NODE_10_length_140286_cov_31.780517_12 -            740 4452at72274          -            602   2.2e-06   24.9   0.0   2   2   7.2e-07   0.00075   16.5   0.0   474   528   538   600   494   608 0.73 # 12201 # 14420 # 1 # ID=10_12;partial=00;start_type=GTG;rbs_motif=GGA/GAG/AGG;rbs_spacer=5-10bp;gc_cont=0.654
NODE_5_length_204350_cov_31.943180_1   -            545 4452at72274          -            602   0.00014   18.9   0.0   1   2      0.13   1.4e+02   -0.9   0.0    53    73    82   102    76   178 0.71 # 2 # 1636 # -1 # ID=5_1;partial=10;start_type=ATG;rbs_motif=AGGA;rbs_spacer=5-10bp;gc_cont=0.653
NODE_5_length_204350_cov_31.943180_1   -            545 4452at72274          -            602   0.00014   18.9   0.0   2   2   5.3e-07   0.00056   16.9   0.0   423   498   249   325   237   390 0.80 # 2 # 1636 # -1 # ID=5_1;partial=10;start_type=ATG;rbs_motif=AGGA;rbs_spacer=5-10bp;gc_cont=0.653
NODE_22_length_101372_cov_30.379597_58 -            449 4452at72274          -            602    0.0006   16.8   0.4   1   2      0.25   2.6e+02   -1.8   0.0    10    71    24    92    19    98 0.54 # 60579 # 61925 # 1 # ID=22_58;partial=00;start_type=GTG;rbs_motif=GGAG/GAGG;rbs_spacer=5-10bp;gc_cont=0.611
NODE_22_length_101372_cov_30.379597_58 -            449 4452at72274          -            602    0.0006   16.8   0.4   2   2   1.4e-06    0.0015   15.5   0.1   420   551   240   373   227   398 0.79 # 60579 # 61925 # 1 # ID=22_58;partial=00;start_type=GTG;rbs_motif=GGAG/GAGG;rbs_spacer=5-10bp;gc_cont=0.611
#
# Program:         hmmsearch
# Version:         3.1b2 (February 2015)
# Pipeline mode:   SEARCH
# Query file:      /data2/PEG/hoaxaca/REAA/Pseudomonas/bin/busco_downloads/lineages/pseudomonadales_odb10/hmms/4452at72274.hmm
# Target file:     /data2/PEG/hoaxaca/REAA/Pseudomonas/bin/../out/busco/trim_75clip.spades_kmer/prodigal_output/predicted_genes/predicted.faa
# Option settings: hmmsearch --domtblout /data2/PEG/hoaxaca/REAA/Pseudomonas/bin/../out/busco/trim_75clip.spades_kmer/run_pseudomonadales_odb10/hmmer_output/4452at72274.out --cpu 1 /data2/PEG/hoaxaca/REAA/Pseudomonas/bin/busco_downloads/lineages/pseudomonadales_odb10/hmms/4452at72274.hmm /data2/PEG/hoaxaca/REAA/Pseudomonas/bin/../out/busco/trim_75clip.spades_kmer/prodigal_output/predicted_genes/predicted.faa 
# Current dir:     /data2/PEG/hoaxaca/REAA/Pseudomonas/bin
# Date:            Mon Feb 20 00:33:55 2023
# [ok]
