#                                                                                              --- full sequence --- -------------- this domain -------------   hmm coord   ali coord   env coord
# target name                          accession   tlen query name           accession   qlen   E-value  score  bias   #  of  c-Evalue  i-Evalue  score  bias  from    to  from    to  from    to  acc description of target
#                  ------------------- ---------- ----- -------------------- ---------- ----- --------- ------ ----- --- --- --------- --------- ------ ----- ----- ----- ----- ----- ----- ----- ---- ---------------------
NODE_45_length_54776_cov_30.344783_14  -            227 44589at72274         -            183   9.8e-76  252.1  11.5   1   1   7.1e-78   1.4e-75  251.6  11.5     2   183     9   214     8   214 0.91 # 9516 # 10196 # -1 # ID=45_14;partial=00;start_type=ATG;rbs_motif=GGA/GAG/AGG;rbs_spacer=5-10bp;gc_cont=0.609
NODE_5_length_204350_cov_31.943180_158 -            275 44589at72274         -            183   4.6e-29   99.9  19.7   1   1   4.1e-31   8.1e-29   99.2  19.7     1   182    68   255    68   257 0.89 # 181438 # 182262 # 1 # ID=5_158;partial=00;start_type=ATG;rbs_motif=AGGAG;rbs_spacer=5-10bp;gc_cont=0.627
NODE_42_length_61650_cov_30.701454_24  -            273 44589at72274         -            183   1.1e-28   98.7  13.5   1   2       2.9   5.8e+02   -1.4   0.1    74    99    13    38    11    50 0.56 # 37034 # 37852 # 1 # ID=42_24;partial=00;start_type=ATG;rbs_motif=AGGA;rbs_spacer=5-10bp;gc_cont=0.607
NODE_42_length_61650_cov_30.701454_24  -            273 44589at72274         -            183   1.1e-28   98.7  13.5   2   2   5.8e-31   1.1e-28   98.7  13.5     1   182    56   260    56   261 0.86 # 37034 # 37852 # 1 # ID=42_24;partial=00;start_type=ATG;rbs_motif=AGGA;rbs_spacer=5-10bp;gc_cont=0.607
NODE_42_length_61650_cov_30.701454_25  -            291 44589at72274         -            183   2.3e-26   91.2  13.1   1   1   1.8e-28   3.5e-26   90.6  13.1     1   180    67   269    67   272 0.80 # 37866 # 38738 # 1 # ID=42_25;partial=00;start_type=ATG;rbs_motif=AGGAG;rbs_spacer=5-10bp;gc_cont=0.614
NODE_21_length_102314_cov_32.189096_25 -            522 44589at72274         -            183   8.2e-21   73.1  34.8   1   2   1.5e-15     3e-13   48.4  12.2     4   182    68   249    65   250 0.76 # 27405 # 28970 # -1 # ID=21_25;partial=00;start_type=ATG;rbs_motif=None;rbs_spacer=None;gc_cont=0.621
NODE_21_length_102314_cov_32.189096_25 -            522 44589at72274         -            183   8.2e-21   73.1  34.8   2   2   6.9e-10   1.4e-07   30.0  14.6     2   169   321   493   320   508 0.77 # 27405 # 28970 # -1 # ID=21_25;partial=00;start_type=ATG;rbs_motif=None;rbs_spacer=None;gc_cont=0.621
NODE_16_length_120385_cov_32.517862_85 -            265 44589at72274         -            183   1.9e-20   71.9  13.4   1   1   9.5e-23   1.9e-20   71.9  13.4     4   171    61   233    58   251 0.81 # 75744 # 76538 # -1 # ID=16_85;partial=00;start_type=GTG;rbs_motif=GGA/GAG/AGG;rbs_spacer=5-10bp;gc_cont=0.635
NODE_86_length_17167_cov_32.626433_11  -            265 44589at72274         -            183   2.9e-19   68.0  17.2   1   2       4.2   8.4e+02   -1.9   0.3    37    90    14    27     7    45 0.52 # 12476 # 13270 # 1 # ID=86_11;partial=00;start_type=ATG;rbs_motif=GGAG/GAGG;rbs_spacer=5-10bp;gc_cont=0.620
NODE_86_length_17167_cov_32.626433_11  -            265 44589at72274         -            183   2.9e-19   68.0  17.2   2   2   1.5e-21   2.9e-19   68.0  17.2     2   180    60   239    59   249 0.81 # 12476 # 13270 # 1 # ID=86_11;partial=00;start_type=ATG;rbs_motif=GGAG/GAGG;rbs_spacer=5-10bp;gc_cont=0.620
NODE_6_length_202096_cov_31.427584_43  -            307 44589at72274         -            183   3.7e-19   67.7  12.3   1   1     7e-21   1.4e-18   65.8  12.3     4   179    88   284    85   291 0.73 # 42178 # 43098 # -1 # ID=6_43;partial=00;start_type=ATG;rbs_motif=None;rbs_spacer=None;gc_cont=0.571
NODE_16_length_120385_cov_32.517862_86 -            274 44589at72274         -            183   2.4e-18   65.0  16.6   1   1   2.4e-20   4.7e-18   64.1  16.6     3   176    58   251    56   260 0.82 # 76535 # 77356 # -1 # ID=16_86;partial=00;start_type=GTG;rbs_motif=GGAG/GAGG;rbs_spacer=5-10bp;gc_cont=0.653
NODE_6_length_202096_cov_31.427584_5   -            575 44589at72274         -            183   3.5e-17   61.2   9.4   1   3   1.8e-19   3.5e-17   61.2   9.4     6   167    83   254    79   270 0.82 # 3228 # 4952 # -1 # ID=6_5;partial=00;start_type=ATG;rbs_motif=GGA/GAG/AGG;rbs_spacer=11-12bp;gc_cont=0.639
NODE_6_length_202096_cov_31.427584_5   -            575 44589at72274         -            183   3.5e-17   61.2   9.4   2   3       8.7   1.7e+03   -2.9   0.3    13    82   314   327   306   341 0.57 # 3228 # 4952 # -1 # ID=6_5;partial=00;start_type=ATG;rbs_motif=GGA/GAG/AGG;rbs_spacer=11-12bp;gc_cont=0.639
NODE_6_length_202096_cov_31.427584_5   -            575 44589at72274         -            183   3.5e-17   61.2   9.4   3   3    0.0076       1.5    7.0  11.2     3   146   357   513   355   552 0.76 # 3228 # 4952 # -1 # ID=6_5;partial=00;start_type=ATG;rbs_motif=GGA/GAG/AGG;rbs_spacer=11-12bp;gc_cont=0.639
NODE_51_length_50229_cov_32.037166_6   -            310 44589at72274         -            183   3.8e-17   61.1  15.7   1   3   2.8e-05    0.0056   14.9   3.1     3    67    82   152    80   156 0.80 # 5938 # 6867 # 1 # ID=51_6;partial=00;start_type=ATG;rbs_motif=GGAG/GAGG;rbs_spacer=5-10bp;gc_cont=0.617
NODE_51_length_50229_cov_32.037166_6   -            310 44589at72274         -            183   3.8e-17   61.1  15.7   2   3   3.4e-17   6.7e-15   53.8   1.6    56   144   165   258   160   266 0.88 # 5938 # 6867 # 1 # ID=51_6;partial=00;start_type=ATG;rbs_motif=GGAG/GAGG;rbs_spacer=5-10bp;gc_cont=0.617
NODE_51_length_50229_cov_32.037166_6   -            310 44589at72274         -            183   3.8e-17   61.1  15.7   3   3       2.5     5e+02   -1.2   0.1    62    93   275   297   256   306 0.53 # 5938 # 6867 # 1 # ID=51_6;partial=00;start_type=ATG;rbs_motif=GGAG/GAGG;rbs_spacer=5-10bp;gc_cont=0.617
NODE_86_length_17167_cov_32.626433_10  -            282 44589at72274         -            183   4.7e-17   60.8  16.7   1   1   4.9e-19   9.7e-17   59.8  16.7     3   180    62   258    60   264 0.82 # 11626 # 12471 # 1 # ID=86_10;partial=00;start_type=ATG;rbs_motif=GGAG/GAGG;rbs_spacer=5-10bp;gc_cont=0.617
NODE_51_length_50229_cov_32.037166_7   -            270 44589at72274         -            183   8.2e-15   53.5  12.9   1   2       1.5   2.9e+02   -0.4   0.0     5    37     7    39     4    45 0.73 # 6857 # 7666 # 1 # ID=51_7;partial=00;start_type=ATG;rbs_motif=GGxGG;rbs_spacer=5-10bp;gc_cont=0.604
NODE_51_length_50229_cov_32.037166_7   -            270 44589at72274         -            183   8.2e-15   53.5  12.9   2   2   7.5e-17   1.5e-14   52.7  11.4     1   180    62   242    62   250 0.80 # 6857 # 7666 # 1 # ID=51_7;partial=00;start_type=ATG;rbs_motif=GGxGG;rbs_spacer=5-10bp;gc_cont=0.604
NODE_6_length_202096_cov_31.427584_42  -            296 44589at72274         -            183   1.2e-14   53.0  13.9   1   2       5.4   1.1e+03   -2.3   0.4    70    92     6    28     3    36 0.75 # 41294 # 42181 # -1 # ID=6_42;partial=00;start_type=ATG;rbs_motif=GGAGG;rbs_spacer=5-10bp;gc_cont=0.617
NODE_6_length_202096_cov_31.427584_42  -            296 44589at72274         -            183   1.2e-14   53.0  13.9   2   2   5.9e-17   1.2e-14   53.0  13.9     6   165    62   231    57   256 0.72 # 41294 # 42181 # -1 # ID=6_42;partial=00;start_type=ATG;rbs_motif=GGAGG;rbs_spacer=5-10bp;gc_cont=0.617
NODE_6_length_202096_cov_31.427584_73  -            539 44589at72274         -            183     6e-13   47.4  28.2   1   2   1.9e-09   3.8e-07   28.5  13.0    18   146    71   216    53   252 0.68 # 73638 # 75254 # -1 # ID=6_73;partial=00;start_type=TTG;rbs_motif=GGA/GAG/AGG;rbs_spacer=5-10bp;gc_cont=0.652
NODE_6_length_202096_cov_31.427584_73  -            539 44589at72274         -            183     6e-13   47.4  28.2   2   2   9.4e-09   1.9e-06   26.3   3.5    63   171   400   511   321   523 0.74 # 73638 # 75254 # -1 # ID=6_73;partial=00;start_type=TTG;rbs_motif=GGA/GAG/AGG;rbs_spacer=5-10bp;gc_cont=0.652
NODE_24_length_98089_cov_32.704420_26  -            534 44589at72274         -            183   6.6e-12   44.0  33.6   1   3       2.8   5.5e+02   -1.3   0.5    16    55    46    85    37    87 0.66 # 27655 # 29256 # -1 # ID=24_26;partial=00;start_type=TTG;rbs_motif=GGA/GAG/AGG;rbs_spacer=5-10bp;gc_cont=0.652
NODE_24_length_98089_cov_32.704420_26  -            534 44589at72274         -            183   6.6e-12   44.0  33.6   2   3   4.3e-11   8.5e-09   33.9  11.9     4   145    77   221    74   259 0.81 # 27655 # 29256 # -1 # ID=24_26;partial=00;start_type=TTG;rbs_motif=GGA/GAG/AGG;rbs_spacer=5-10bp;gc_cont=0.652
NODE_24_length_98089_cov_32.704420_26  -            534 44589at72274         -            183   6.6e-12   44.0  33.6   3   3   6.9e-06    0.0014   16.9  11.1     3   176   332   510   330   518 0.77 # 27655 # 29256 # -1 # ID=24_26;partial=00;start_type=TTG;rbs_motif=GGA/GAG/AGG;rbs_spacer=5-10bp;gc_cont=0.652
NODE_112_length_6680_cov_33.829372_3   -            267 44589at72274         -            183   2.8e-10   38.7  16.0   1   1   1.4e-12   2.8e-10   38.7  16.0    22   153    89   225    64   254 0.70 # 1797 # 2597 # -1 # ID=112_3;partial=00;start_type=ATG;rbs_motif=AGGAG;rbs_spacer=5-10bp;gc_cont=0.607
NODE_5_length_204350_cov_31.943180_157 -            411 44589at72274         -            183   1.1e-08   33.5  15.5   1   2       6.9   1.4e+03   -2.6   0.3    10    29    29    48    19    53 0.64 # 180192 # 181424 # 1 # ID=5_157;partial=00;start_type=ATG;rbs_motif=GGAG/GAGG;rbs_spacer=5-10bp;gc_cont=0.626
NODE_5_length_204350_cov_31.943180_157 -            411 44589at72274         -            183   1.1e-08   33.5  15.5   2   2   5.7e-11   1.1e-08   33.5  15.5     3   164   195   374   189   396 0.73 # 180192 # 181424 # 1 # ID=5_157;partial=00;start_type=ATG;rbs_motif=GGAG/GAGG;rbs_spacer=5-10bp;gc_cont=0.626
NODE_9_length_146128_cov_31.603137_1   -            233 44589at72274         -            183     6e-08   31.1  13.6   1   2       1.1   2.2e+02   -0.0   0.6    16    55     8    47     2    48 0.68 # 2 # 700 # -1 # ID=9_1;partial=10;start_type=GTG;rbs_motif=GGA/GAG/AGG;rbs_spacer=5-10bp;gc_cont=0.658
NODE_9_length_146128_cov_31.603137_1   -            233 44589at72274         -            183     6e-08   31.1  13.6   2   2     5e-10   9.9e-08   30.4  11.1     4   145    39   183    36   221 0.79 # 2 # 700 # -1 # ID=9_1;partial=10;start_type=GTG;rbs_motif=GGA/GAG/AGG;rbs_spacer=5-10bp;gc_cont=0.658
NODE_112_length_6680_cov_33.829372_4   -            282 44589at72274         -            183   7.2e-07   27.6   5.7   1   1   1.8e-08   3.5e-06   25.4   5.4     2   164    61   241    60   267 0.66 # 2584 # 3429 # -1 # ID=112_4;partial=00;start_type=GTG;rbs_motif=GGAG/GAGG;rbs_spacer=5-10bp;gc_cont=0.599
NODE_23_length_101354_cov_30.913200_48 -            557 44589at72274         -            183   3.8e-06   25.3   2.4   1   2       4.5   8.9e+02   -2.0   0.4    10    29   314   333   306   370 0.61 # 55152 # 56822 # -1 # ID=23_48;partial=00;start_type=GTG;rbs_motif=GGA/GAG/AGG;rbs_spacer=5-10bp;gc_cont=0.630
NODE_23_length_101354_cov_30.913200_48 -            557 44589at72274         -            183   3.8e-06   25.3   2.4   2   2   1.9e-08   3.8e-06   25.3   2.4    99   147   429   476   390   485 0.77 # 55152 # 56822 # -1 # ID=23_48;partial=00;start_type=GTG;rbs_motif=GGA/GAG/AGG;rbs_spacer=5-10bp;gc_cont=0.630
NODE_23_length_101354_cov_30.913200_49 -            762 44589at72274         -            183   5.8e-06   24.7   0.8   1   3      0.77   1.5e+02    0.5   1.0    53    80    41    68    38    74 0.88 # 56838 # 59123 # -1 # ID=23_49;partial=00;start_type=ATG;rbs_motif=GGA/GAG/AGG;rbs_spacer=5-10bp;gc_cont=0.618
NODE_23_length_101354_cov_30.913200_49 -            762 44589at72274         -            183   5.8e-06   24.7   0.8   2   3      0.31        61    1.8   3.4     5    59   468   521   460   553 0.73 # 56838 # 59123 # -1 # ID=23_49;partial=00;start_type=ATG;rbs_motif=GGA/GAG/AGG;rbs_spacer=5-10bp;gc_cont=0.618
NODE_23_length_101354_cov_30.913200_49 -            762 44589at72274         -            183   5.8e-06   24.7   0.8   3   3     3e-08   5.8e-06   24.7   0.8   102   165   648   707   635   717 0.86 # 56838 # 59123 # -1 # ID=23_49;partial=00;start_type=ATG;rbs_motif=GGA/GAG/AGG;rbs_spacer=5-10bp;gc_cont=0.618
NODE_60_length_40144_cov_32.438668_12  -            291 44589at72274         -            183     9e-06   24.0  12.1   1   1   6.6e-08   1.3e-05   23.5  11.3     3   142    69   223    67   250 0.81 # 18201 # 19073 # 1 # ID=60_12;partial=00;start_type=ATG;rbs_motif=AGGAGG;rbs_spacer=3-4bp;gc_cont=0.617
NODE_10_length_140286_cov_31.780517_52 -            284 44589at72274         -            183   1.4e-05   23.4  14.3   1   2       4.6   9.1e+02   -2.1   0.8    20    42    57    79    46    86 0.66 # 57320 # 58171 # -1 # ID=10_52;partial=00;start_type=ATG;rbs_motif=GGA/GAG/AGG;rbs_spacer=5-10bp;gc_cont=0.595
NODE_10_length_140286_cov_31.780517_52 -            284 44589at72274         -            183   1.4e-05   23.4  14.3   2   2   7.2e-08   1.4e-05   23.4  14.3     1   162    89   250    89   270 0.78 # 57320 # 58171 # -1 # ID=10_52;partial=00;start_type=ATG;rbs_motif=GGA/GAG/AGG;rbs_spacer=5-10bp;gc_cont=0.595
NODE_19_length_106954_cov_31.065364_13 -            282 44589at72274         -            183   1.8e-05   23.1  10.5   1   2      0.25        50    2.1   0.6    26    57     9    40     2    58 0.70 # 11493 # 12338 # 1 # ID=19_13;partial=00;start_type=ATG;rbs_motif=AGGA;rbs_spacer=5-10bp;gc_cont=0.598
NODE_19_length_106954_cov_31.065364_13 -            282 44589at72274         -            183   1.8e-05   23.1  10.5   2   2     9e-08   1.8e-05   23.1  10.5     4   167    74   240    72   262 0.81 # 11493 # 12338 # 1 # ID=19_13;partial=00;start_type=ATG;rbs_motif=AGGA;rbs_spacer=5-10bp;gc_cont=0.598
NODE_60_length_40144_cov_32.438668_11  -            332 44589at72274         -            183   2.2e-05   22.7   0.9   1   2       2.6   5.1e+02   -1.2   0.5    10    30    95   115    86   180 0.66 # 17209 # 18204 # 1 # ID=60_11;partial=00;start_type=ATG;rbs_motif=GGA/GAG/AGG;rbs_spacer=5-10bp;gc_cont=0.589
NODE_60_length_40144_cov_32.438668_11  -            332 44589at72274         -            183   2.2e-05   22.7   0.9   2   2   1.1e-07   2.2e-05   22.7   0.9    87   149   206   267   183   275 0.75 # 17209 # 18204 # 1 # ID=60_11;partial=00;start_type=ATG;rbs_motif=GGA/GAG/AGG;rbs_spacer=5-10bp;gc_cont=0.589
NODE_20_length_105322_cov_31.678357_8  -            289 44589at72274         -            183   2.5e-05   22.6   7.9   1   1   1.6e-05    0.0032   15.7   7.9    12   154    74   240    65   273 0.65 # 7845 # 8711 # -1 # ID=20_8;partial=00;start_type=ATG;rbs_motif=GGAGG;rbs_spacer=5-10bp;gc_cont=0.606
NODE_32_length_78578_cov_31.414761_75  -            253 44589at72274         -            183    0.0048   15.1  11.2   1   1   4.8e-05    0.0095   14.2  11.2     3   179    51   232    49   238 0.70 # 77818 # 78576 # -1 # ID=32_75;partial=01;start_type=Edge;rbs_motif=None;rbs_spacer=None;gc_cont=0.680
NODE_50_length_50821_cov_31.305857_6   -            215 44589at72274         -            183    0.0053   15.0  12.6   1   1   4.9e-05    0.0097   14.2  12.6    10   143    16   163    10   202 0.77 # 7825 # 8469 # -1 # ID=50_6;partial=00;start_type=ATG;rbs_motif=GGAGG;rbs_spacer=5-10bp;gc_cont=0.605
NODE_32_length_78578_cov_31.414761_35  -            261 44589at72274         -            183     0.033   12.4   4.9   1   1   0.00029     0.058   11.6   4.9    88   148   148   207    60   243 0.70 # 37468 # 38250 # 1 # ID=32_35;partial=00;start_type=ATG;rbs_motif=GGAG/GAGG;rbs_spacer=5-10bp;gc_cont=0.645
NODE_4_length_205576_cov_31.615476_29  -            277 44589at72274         -            183     0.094   10.9  13.0   1   2         4   7.9e+02   -1.8   0.3     7    41    11    48     9    62 0.60 # 32603 # 33433 # 1 # ID=4_29;partial=00;start_type=ATG;rbs_motif=GGAG/GAGG;rbs_spacer=5-10bp;gc_cont=0.613
NODE_4_length_205576_cov_31.615476_29  -            277 44589at72274         -            183     0.094   10.9  13.0   2   2     3e-05    0.0059   14.9   7.1     5   135    73   209    69   258 0.68 # 32603 # 33433 # 1 # ID=4_29;partial=00;start_type=ATG;rbs_motif=GGAG/GAGG;rbs_spacer=5-10bp;gc_cont=0.613
NODE_50_length_50821_cov_31.305857_25  -            279 44589at72274         -            183       2.4    6.4  15.6   1   2       1.6   3.1e+02   -0.5   0.4    19    47    33    59    24    82 0.62 # 28362 # 29198 # -1 # ID=50_25;partial=00;start_type=ATG;rbs_motif=GGA/GAG/AGG;rbs_spacer=5-10bp;gc_cont=0.658
NODE_50_length_50821_cov_31.305857_25  -            279 44589at72274         -            183       2.4    6.4  15.6   2   2    0.0011      0.22    9.7   8.8    17   133    96   212    80   259 0.68 # 28362 # 29198 # -1 # ID=50_25;partial=00;start_type=ATG;rbs_motif=GGA/GAG/AGG;rbs_spacer=5-10bp;gc_cont=0.658
#
# Program:         hmmsearch
# Version:         3.1b2 (February 2015)
# Pipeline mode:   SEARCH
# Query file:      /data2/PEG/hoaxaca/REAA/Pseudomonas/bin/busco_downloads/lineages/pseudomonadales_odb10/hmms/44589at72274.hmm
# Target file:     /data2/PEG/hoaxaca/REAA/Pseudomonas/bin/../out/busco/trim_75clip.spades_kmer/prodigal_output/predicted_genes/predicted.faa
# Option settings: hmmsearch --domtblout /data2/PEG/hoaxaca/REAA/Pseudomonas/bin/../out/busco/trim_75clip.spades_kmer/run_pseudomonadales_odb10/hmmer_output/44589at72274.out --cpu 1 /data2/PEG/hoaxaca/REAA/Pseudomonas/bin/busco_downloads/lineages/pseudomonadales_odb10/hmms/44589at72274.hmm /data2/PEG/hoaxaca/REAA/Pseudomonas/bin/../out/busco/trim_75clip.spades_kmer/prodigal_output/predicted_genes/predicted.faa 
# Current dir:     /data2/PEG/hoaxaca/REAA/Pseudomonas/bin
# Date:            Mon Feb 20 00:33:56 2023
# [ok]
