#                                                                                               --- full sequence --- -------------- this domain -------------   hmm coord   ali coord   env coord
# target name                           accession   tlen query name           accession   qlen   E-value  score  bias   #  of  c-Evalue  i-Evalue  score  bias  from    to  from    to  from    to  acc description of target
#                   ------------------- ---------- ----- -------------------- ---------- ----- --------- ------ ----- --- --- --------- --------- ------ ----- ----- ----- ----- ----- ----- ----- ---- ---------------------
NODE_1_length_236949_cov_32.553383_185  -            183 46636at72274         -            152   1.9e-93  308.6   0.4   1   1   2.7e-96   2.1e-93  308.4   0.4     1   152    17   182    17   182 0.94 # 188801 # 189349 # 1 # ID=1_185;partial=00;start_type=ATG;rbs_motif=GGAG/GAGG;rbs_spacer=5-10bp;gc_cont=0.579
NODE_31_length_78647_cov_30.813941_11   -             84 46636at72274         -            152   0.00096   17.4   5.6   1   2   0.00025       0.2    9.8   1.0    74    92     7    25     2    32 0.82 # 12974 # 13225 # -1 # ID=31_11;partial=00;start_type=ATG;rbs_motif=AGGAG;rbs_spacer=5-10bp;gc_cont=0.575
NODE_31_length_78647_cov_30.813941_11   -             84 46636at72274         -            152   0.00096   17.4   5.6   2   2   0.00013      0.11   10.7   0.2    26    70    30    77    25    82 0.73 # 12974 # 13225 # -1 # ID=31_11;partial=00;start_type=ATG;rbs_motif=AGGAG;rbs_spacer=5-10bp;gc_cont=0.575
NODE_32_length_78578_cov_31.414761_33   -             82 46636at72274         -            152    0.0016   16.6   5.6   1   1   3.8e-06     0.003   15.7   5.6    28    94    17    75     2    81 0.69 # 35681 # 35926 # 1 # ID=32_33;partial=00;start_type=ATG;rbs_motif=AGGA;rbs_spacer=5-10bp;gc_cont=0.573
NODE_11_length_139671_cov_32.288504_104 -            425 46636at72274         -            152    0.0041   15.3   9.1   1   2    0.0024       1.9    6.6   0.3    68    95   337   364   331   378 0.78 # 125322 # 126596 # 1 # ID=11_104;partial=00;start_type=ATG;rbs_motif=GGAGG;rbs_spacer=5-10bp;gc_cont=0.614
NODE_11_length_139671_cov_32.288504_104 -            425 46636at72274         -            152    0.0041   15.3   9.1   2   2   7.5e-05     0.059   11.5   3.4    34    55   379   401   373   412 0.84 # 125322 # 126596 # 1 # ID=11_104;partial=00;start_type=ATG;rbs_motif=GGAGG;rbs_spacer=5-10bp;gc_cont=0.614
NODE_12_length_139267_cov_38.882874_64  -            937 46636at72274         -            152     0.022   13.0   4.9   1   2   0.00028      0.22    9.7   0.4    74    98   538   562   535   580 0.86 # 72433 # 75243 # 1 # ID=12_64;partial=00;start_type=ATG;rbs_motif=GGAGG;rbs_spacer=3-4bp;gc_cont=0.625
NODE_12_length_139267_cov_38.882874_64  -            937 46636at72274         -            152     0.022   13.0   4.9   2   2      0.01         8    4.6   0.4    32    52   589   609   582   635 0.85 # 72433 # 75243 # 1 # ID=12_64;partial=00;start_type=ATG;rbs_motif=GGAGG;rbs_spacer=3-4bp;gc_cont=0.625
NODE_61_length_38781_cov_33.914225_3    -            108 46636at72274         -            152     0.029   12.5   9.1   1   1   0.00022      0.17   10.0   9.1    37   104     9    68     4    78 0.74 # 3773 # 4096 # 1 # ID=61_3;partial=00;start_type=ATG;rbs_motif=AGGAG;rbs_spacer=5-10bp;gc_cont=0.562
NODE_5_length_204350_cov_31.943180_59   -            647 46636at72274         -            152     0.033   12.3   1.7   1   2   0.00021      0.17   10.1   0.1    72    91   241   260   233   276 0.82 # 66529 # 68469 # 1 # ID=5_59;partial=00;start_type=ATG;rbs_motif=GGAG/GAGG;rbs_spacer=5-10bp;gc_cont=0.650
NODE_5_length_204350_cov_31.943180_59   -            647 46636at72274         -            152     0.033   12.3   1.7   2   2      0.17   1.4e+02    0.6   0.2    75   101   318   344   313   355 0.74 # 66529 # 68469 # 1 # ID=5_59;partial=00;start_type=ATG;rbs_motif=GGAG/GAGG;rbs_spacer=5-10bp;gc_cont=0.650
NODE_61_length_38781_cov_33.914225_6    -            275 46636at72274         -            152      0.17   10.0  12.5   1   2    0.0034       2.7    6.2   2.0    35    52    79    96    66   105 0.66 # 8054 # 8878 # 1 # ID=61_6;partial=00;start_type=ATG;rbs_motif=None;rbs_spacer=None;gc_cont=0.613
NODE_61_length_38781_cov_33.914225_6    -            275 46636at72274         -            152      0.17   10.0  12.5   2   2   0.00053      0.42    8.8   3.1    36    55   110   129   103   133 0.89 # 8054 # 8878 # 1 # ID=61_6;partial=00;start_type=ATG;rbs_motif=None;rbs_spacer=None;gc_cont=0.613
#
# Program:         hmmsearch
# Version:         3.1b2 (February 2015)
# Pipeline mode:   SEARCH
# Query file:      /data2/PEG/hoaxaca/REAA/Pseudomonas/bin/busco_downloads/lineages/pseudomonadales_odb10/hmms/46636at72274.hmm
# Target file:     /data2/PEG/hoaxaca/REAA/Pseudomonas/bin/../out/busco/trim_75clip.spades_kmer/prodigal_output/predicted_genes/predicted.faa
# Option settings: hmmsearch --domtblout /data2/PEG/hoaxaca/REAA/Pseudomonas/bin/../out/busco/trim_75clip.spades_kmer/run_pseudomonadales_odb10/hmmer_output/46636at72274.out --cpu 1 /data2/PEG/hoaxaca/REAA/Pseudomonas/bin/busco_downloads/lineages/pseudomonadales_odb10/hmms/46636at72274.hmm /data2/PEG/hoaxaca/REAA/Pseudomonas/bin/../out/busco/trim_75clip.spades_kmer/prodigal_output/predicted_genes/predicted.faa 
# Current dir:     /data2/PEG/hoaxaca/REAA/Pseudomonas/bin
# Date:            Mon Feb 20 00:33:58 2023
# [ok]
