#                                                                                               --- full sequence --- -------------- this domain -------------   hmm coord   ali coord   env coord
# target name                           accession   tlen query name           accession   qlen   E-value  score  bias   #  of  c-Evalue  i-Evalue  score  bias  from    to  from    to  from    to  acc description of target
#                   ------------------- ---------- ----- -------------------- ---------- ----- --------- ------ ----- --- --- --------- --------- ------ ----- ----- ----- ----- ----- ----- ----- ---- ---------------------
NODE_28_length_85663_cov_33.283895_87   -            320 47736at72274         -            238   5.9e-86  286.1   4.4   1   2   1.1e-81   4.5e-79  263.5   0.5     1   184     1   223     1   236 0.94 # 84517 # 85476 # -1 # ID=28_87;partial=00;start_type=ATG;rbs_motif=GGAG/GAGG;rbs_spacer=5-10bp;gc_cont=0.537
NODE_28_length_85663_cov_33.283895_87   -            320 47736at72274         -            238   5.9e-86  286.1   4.4   2   2   3.4e-08   1.4e-05   22.9   0.3   203   238   283   319   256   319 0.89 # 84517 # 85476 # -1 # ID=28_87;partial=00;start_type=ATG;rbs_motif=GGAG/GAGG;rbs_spacer=5-10bp;gc_cont=0.537
NODE_39_length_64069_cov_32.991155_39   -            159 47736at72274         -            238   5.3e-06   24.3   0.1   1   1   1.7e-08     7e-06   23.9   0.1     3    74    20    94    18   105 0.86 # 36186 # 36662 # -1 # ID=39_39;partial=00;start_type=ATG;rbs_motif=GGAG/GAGG;rbs_spacer=5-10bp;gc_cont=0.597
NODE_43_length_58110_cov_31.497570_28   -            287 47736at72274         -            238    0.0018   16.0   0.2   1   1   6.2e-06    0.0026   15.5   0.2    10    73    15    85     6    91 0.85 # 31261 # 32121 # -1 # ID=43_28;partial=00;start_type=ATG;rbs_motif=GGA/GAG/AGG;rbs_spacer=5-10bp;gc_cont=0.631
NODE_6_length_202096_cov_31.427584_63   -            157 47736at72274         -            238    0.0019   16.0   0.1   1   1   5.6e-06    0.0024   15.7   0.1     3    43    11    51     9    77 0.87 # 65243 # 65713 # -1 # ID=6_63;partial=00;start_type=ATG;rbs_motif=None;rbs_spacer=None;gc_cont=0.569
NODE_36_length_67241_cov_31.105619_58   -            299 47736at72274         -            238    0.0039   15.0   0.0   1   1   1.5e-05    0.0064   14.2   0.0    15    59    18    63    10    78 0.87 # 55402 # 56298 # -1 # ID=36_58;partial=00;start_type=ATG;rbs_motif=GGAGG;rbs_spacer=5-10bp;gc_cont=0.602
NODE_16_length_120385_cov_32.517862_78  -            297 47736at72274         -            238    0.0097   13.7   0.1   1   1   3.3e-05     0.014   13.2   0.1    15    67    24    77    11    87 0.84 # 68423 # 69313 # -1 # ID=16_78;partial=00;start_type=ATG;rbs_motif=GGA/GAG/AGG;rbs_spacer=5-10bp;gc_cont=0.629
NODE_4_length_205576_cov_31.615476_57   -            304 47736at72274         -            238     0.013   13.3   0.0   1   1   4.5e-05     0.019   12.7   0.0    19    58    26    66    14    81 0.86 # 60549 # 61460 # -1 # ID=4_57;partial=00;start_type=ATG;rbs_motif=GGA/GAG/AGG;rbs_spacer=5-10bp;gc_cont=0.645
NODE_14_length_124198_cov_31.510880_123 -            299 47736at72274         -            238     0.027   12.2   0.1   1   1   9.2e-05     0.039   11.7   0.1    18    72    20    75     7    92 0.79 # 120167 # 121063 # -1 # ID=14_123;partial=00;start_type=ATG;rbs_motif=GGA/GAG/AGG;rbs_spacer=5-10bp;gc_cont=0.631
NODE_56_length_47128_cov_31.918794_8    -            228 47736at72274         -            238      0.03   12.1   0.2   1   1    0.0001     0.043   11.6   0.2    16    70    49   103    37   123 0.75 # 11726 # 12409 # -1 # ID=56_8;partial=00;start_type=ATG;rbs_motif=AGGAG;rbs_spacer=5-10bp;gc_cont=0.617
NODE_17_length_110079_cov_30.099496_3   -            307 47736at72274         -            238     0.031   12.0   0.0   1   1   0.00011     0.047   11.4   0.0    21    64    37    81    18    94 0.84 # 3174 # 4094 # 1 # ID=17_3;partial=00;start_type=ATG;rbs_motif=3Base/5BMM;rbs_spacer=13-15bp;gc_cont=0.626
NODE_49_length_51082_cov_32.699884_24   -            291 47736at72274         -            238     0.032   11.9   0.1   1   1   0.00012     0.051   11.3   0.1    18    87    23    95    11    99 0.71 # 27078 # 27950 # 1 # ID=49_24;partial=00;start_type=ATG;rbs_motif=3Base/5BMM;rbs_spacer=13-15bp;gc_cont=0.655
NODE_7_length_186923_cov_31.961760_3    -            300 47736at72274         -            238     0.042   11.6   0.1   1   1   0.00013     0.056   11.2   0.1     9    57    16    65     8    92 0.83 # 2900 # 3799 # 1 # ID=7_3;partial=00;start_type=ATG;rbs_motif=GGAG/GAGG;rbs_spacer=5-10bp;gc_cont=0.579
NODE_11_length_139671_cov_32.288504_84  -            300 47736at72274         -            238     0.048   11.4   0.1   1   1   0.00016     0.067   10.9   0.1    14    56    17    60     8    86 0.87 # 95828 # 96727 # -1 # ID=11_84;partial=00;start_type=ATG;rbs_motif=GGAG/GAGG;rbs_spacer=5-10bp;gc_cont=0.641
NODE_58_length_43012_cov_30.294478_29   -            298 47736at72274         -            238     0.064   11.0   0.0   1   1   0.00022     0.092   10.5   0.0     3    55     8    61     6    75 0.85 # 33274 # 34167 # 1 # ID=58_29;partial=00;start_type=ATG;rbs_motif=AGGA;rbs_spacer=5-10bp;gc_cont=0.635
NODE_6_length_202096_cov_31.427584_159  -            307 47736at72274         -            238     0.068   10.9   0.0   1   1   0.00027      0.11   10.2   0.0    11    57    18    65    10    76 0.90 # 161923 # 162843 # -1 # ID=6_159;partial=00;start_type=ATG;rbs_motif=GGAG/GAGG;rbs_spacer=5-10bp;gc_cont=0.637
#
# Program:         hmmsearch
# Version:         3.1b2 (February 2015)
# Pipeline mode:   SEARCH
# Query file:      /data2/PEG/hoaxaca/REAA/Pseudomonas/bin/busco_downloads/lineages/pseudomonadales_odb10/hmms/47736at72274.hmm
# Target file:     /data2/PEG/hoaxaca/REAA/Pseudomonas/bin/../out/busco/trim_75clip.spades_kmer/prodigal_output/predicted_genes/predicted.faa
# Option settings: hmmsearch --domtblout /data2/PEG/hoaxaca/REAA/Pseudomonas/bin/../out/busco/trim_75clip.spades_kmer/run_pseudomonadales_odb10/hmmer_output/47736at72274.out --cpu 1 /data2/PEG/hoaxaca/REAA/Pseudomonas/bin/busco_downloads/lineages/pseudomonadales_odb10/hmms/47736at72274.hmm /data2/PEG/hoaxaca/REAA/Pseudomonas/bin/../out/busco/trim_75clip.spades_kmer/prodigal_output/predicted_genes/predicted.faa 
# Current dir:     /data2/PEG/hoaxaca/REAA/Pseudomonas/bin
# Date:            Mon Feb 20 00:33:59 2023
# [ok]
