#                                                                                              --- full sequence --- -------------- this domain -------------   hmm coord   ali coord   env coord
# target name                          accession   tlen query name           accession   qlen   E-value  score  bias   #  of  c-Evalue  i-Evalue  score  bias  from    to  from    to  from    to  acc description of target
#                  ------------------- ---------- ----- -------------------- ---------- ----- --------- ------ ----- --- --- --------- --------- ------ ----- ----- ----- ----- ----- ----- ----- ---- ---------------------
NODE_41_length_62850_cov_33.559968_6   -            623 4804at72274          -            495  1.6e-244  810.6  31.8   1   4   1.9e-20   1.5e-17   61.9   0.2     1    48     4    52     4    63 0.90 # 3418 # 5286 # 1 # ID=41_6;partial=00;start_type=ATG;rbs_motif=GGxGG;rbs_spacer=3-4bp;gc_cont=0.589
NODE_41_length_62850_cov_33.559968_6   -            623 4804at72274          -            495  1.6e-244  810.6  31.8   2   4   4.5e-44   3.5e-41  139.8   0.2    42   132    82   176    58   202 0.87 # 3418 # 5286 # 1 # ID=41_6;partial=00;start_type=ATG;rbs_motif=GGxGG;rbs_spacer=3-4bp;gc_cont=0.589
NODE_41_length_62850_cov_33.559968_6   -            623 4804at72274          -            495  1.6e-244  810.6  31.8   3   4   1.5e-71   1.2e-68  230.5   0.6   139   280   218   374   183   387 0.89 # 3418 # 5286 # 1 # ID=41_6;partial=00;start_type=ATG;rbs_motif=GGxGG;rbs_spacer=3-4bp;gc_cont=0.589
NODE_41_length_62850_cov_33.559968_6   -            623 4804at72274          -            495  1.6e-244  810.6  31.8   4   4  1.2e-119  9.8e-117  389.1  15.5   277   495   395   622   378   622 0.95 # 3418 # 5286 # 1 # ID=41_6;partial=00;start_type=ATG;rbs_motif=GGxGG;rbs_spacer=3-4bp;gc_cont=0.589
NODE_41_length_62850_cov_33.559968_7   -            305 4804at72274          -            495   4.9e-12   43.7  12.3   1   2    0.0031       2.4    5.1   0.0   151   188    50    88    19   106 0.80 # 5296 # 6210 # 1 # ID=41_7;partial=00;start_type=ATG;rbs_motif=GGA/GAG/AGG;rbs_spacer=5-10bp;gc_cont=0.596
NODE_41_length_62850_cov_33.559968_7   -            305 4804at72274          -            495   4.9e-12   43.7  12.3   2   2   7.9e-13   6.2e-10   36.8  12.3   327   480   117   279    96   290 0.84 # 5296 # 6210 # 1 # ID=41_7;partial=00;start_type=ATG;rbs_motif=GGA/GAG/AGG;rbs_spacer=5-10bp;gc_cont=0.596
NODE_11_length_139671_cov_32.288504_97 -           1074 4804at72274          -            495   2.9e-07   28.0  23.7   1   2   2.3e-05     0.018   12.1  11.9   331   481   334   483   317   488 0.78 # 112923 # 116144 # 1 # ID=11_97;partial=00;start_type=ATG;rbs_motif=GGAGG;rbs_spacer=5-10bp;gc_cont=0.626
NODE_11_length_139671_cov_32.288504_97 -           1074 4804at72274          -            495   2.9e-07   28.0  23.7   2   2   3.9e-08   3.1e-05   21.3   3.9   339   431   907  1004   901  1057 0.80 # 112923 # 116144 # 1 # ID=11_97;partial=00;start_type=ATG;rbs_motif=GGAGG;rbs_spacer=5-10bp;gc_cont=0.626
NODE_36_length_67241_cov_31.105619_65  -           1063 4804at72274          -            495   4.5e-06   24.1  28.2   1   2   9.1e-06    0.0072   13.5  12.3   340   482   339   484   331   489 0.78 # 63253 # 66441 # -1 # ID=36_65;partial=00;start_type=ATG;rbs_motif=GGA/GAG/AGG;rbs_spacer=5-10bp;gc_cont=0.628
NODE_36_length_67241_cov_31.105619_65  -           1063 4804at72274          -            495   4.5e-06   24.1  28.2   2   2   1.3e-06     0.001   16.2   8.0   340   454   893  1013   886  1055 0.71 # 63253 # 66441 # -1 # ID=36_65;partial=00;start_type=ATG;rbs_motif=GGA/GAG/AGG;rbs_spacer=5-10bp;gc_cont=0.628
NODE_29_length_83571_cov_30.866281_62  -           1060 4804at72274          -            495   2.5e-05   21.6   9.8   1   2   3.2e-08   2.5e-05   21.6   9.8   346   488   354   502   339   507 0.77 # 78774 # 81953 # 1 # ID=29_62;partial=00;start_type=ATG;rbs_motif=GGA/GAG/AGG;rbs_spacer=11-12bp;gc_cont=0.603
NODE_29_length_83571_cov_30.866281_62  -           1060 4804at72274          -            495   2.5e-05   21.6   9.8   2   2       2.5     2e+03   -4.5   8.0   349   470   896  1019   877  1037 0.68 # 78774 # 81953 # 1 # ID=29_62;partial=00;start_type=ATG;rbs_motif=GGA/GAG/AGG;rbs_spacer=11-12bp;gc_cont=0.603
NODE_43_length_58110_cov_31.497570_43  -           1036 4804at72274          -            495   9.2e-05   19.7  13.6   1   1   2.2e-07   0.00018   18.8  13.6   345   479   341   484   323   490 0.83 # 53394 # 56501 # 1 # ID=43_43;partial=00;start_type=ATG;rbs_motif=AGGA/GGAG/GAGG;rbs_spacer=11-12bp;gc_cont=0.624
NODE_2_length_234165_cov_30.973912_188 -            242 4804at72274          -            495   0.00075   16.7   0.1   1   1   1.5e-06    0.0012   16.1   0.1   303   367   173   238   156   240 0.91 # 215262 # 215987 # -1 # ID=2_188;partial=00;start_type=TTG;rbs_motif=AGGAG;rbs_spacer=5-10bp;gc_cont=0.514
NODE_3_length_205623_cov_31.972892_157 -           1032 4804at72274          -            495     0.003   14.8  29.3   1   2   4.3e-06    0.0034   14.6  15.6   326   483   329   492   312   497 0.78 # 168446 # 171541 # 1 # ID=3_157;partial=00;start_type=ATG;rbs_motif=GGA/GAG/AGG;rbs_spacer=5-10bp;gc_cont=0.633
NODE_3_length_205623_cov_31.972892_157 -           1032 4804at72274          -            495     0.003   14.8  29.3   2   2    0.0021       1.6    5.7   5.8   341   473   862   999   857  1015 0.74 # 168446 # 171541 # 1 # ID=3_157;partial=00;start_type=ATG;rbs_motif=GGA/GAG/AGG;rbs_spacer=5-10bp;gc_cont=0.633
#
# Program:         hmmsearch
# Version:         3.1b2 (February 2015)
# Pipeline mode:   SEARCH
# Query file:      /data2/PEG/hoaxaca/REAA/Pseudomonas/bin/busco_downloads/lineages/pseudomonadales_odb10/hmms/4804at72274.hmm
# Target file:     /data2/PEG/hoaxaca/REAA/Pseudomonas/bin/../out/busco/trim_75clip.spades_kmer/prodigal_output/predicted_genes/predicted.faa
# Option settings: hmmsearch --domtblout /data2/PEG/hoaxaca/REAA/Pseudomonas/bin/../out/busco/trim_75clip.spades_kmer/run_pseudomonadales_odb10/hmmer_output/4804at72274.out --cpu 1 /data2/PEG/hoaxaca/REAA/Pseudomonas/bin/busco_downloads/lineages/pseudomonadales_odb10/hmms/4804at72274.hmm /data2/PEG/hoaxaca/REAA/Pseudomonas/bin/../out/busco/trim_75clip.spades_kmer/prodigal_output/predicted_genes/predicted.faa 
# Current dir:     /data2/PEG/hoaxaca/REAA/Pseudomonas/bin
# Date:            Mon Feb 20 00:33:59 2023
# [ok]
