#                                                                                              --- full sequence --- -------------- this domain -------------   hmm coord   ali coord   env coord
# target name                          accession   tlen query name           accession   qlen   E-value  score  bias   #  of  c-Evalue  i-Evalue  score  bias  from    to  from    to  from    to  acc description of target
#                  ------------------- ---------- ----- -------------------- ---------- ----- --------- ------ ----- --- --- --------- --------- ------ ----- ----- ----- ----- ----- ----- ----- ---- ---------------------
NODE_31_length_78647_cov_30.813941_52  -            175 48572at72274         -            138   4.9e-51  170.6   0.6   1   1   3.6e-53   3.2e-50  168.0   0.6     6   138     9   173     3   173 0.88 # 48016 # 48540 # 1 # ID=31_52;partial=00;start_type=ATG;rbs_motif=None;rbs_spacer=None;gc_cont=0.655
NODE_13_length_125898_cov_32.157960_6  -            162 48572at72274         -            138     6e-14   50.5   0.5   1   2   6.2e-14   5.6e-11   40.9   0.4    25   108    17   107     2   112 0.84 # 4113 # 4598 # 1 # ID=13_6;partial=00;start_type=ATG;rbs_motif=GGA/GAG/AGG;rbs_spacer=5-10bp;gc_cont=0.562
NODE_13_length_125898_cov_32.157960_6  -            162 48572at72274         -            138     6e-14   50.5   0.5   2   2   0.00091      0.82    7.9   0.0    46    85   113   152   107   155 0.87 # 4113 # 4598 # 1 # ID=13_6;partial=00;start_type=ATG;rbs_motif=GGA/GAG/AGG;rbs_spacer=5-10bp;gc_cont=0.562
NODE_24_length_98089_cov_32.704420_84  -            312 48572at72274         -            138     2e-10   39.1   0.0   1   2   5.2e-13   4.7e-10   37.9   0.1    28    85    22    81     4   116 0.83 # 83320 # 84255 # 1 # ID=24_84;partial=00;start_type=ATG;rbs_motif=AGGAG;rbs_spacer=5-10bp;gc_cont=0.601
NODE_24_length_98089_cov_32.704420_84  -            312 48572at72274         -            138     2e-10   39.1   0.0   2   2       2.4   2.1e+03   -3.1   0.0    59    82   129   152   118   155 0.72 # 83320 # 84255 # 1 # ID=24_84;partial=00;start_type=ATG;rbs_motif=AGGAG;rbs_spacer=5-10bp;gc_cont=0.601
NODE_3_length_205623_cov_31.972892_150 -            301 48572at72274         -            138   7.5e-10   37.2   0.1   1   3   1.8e-10   1.6e-07   29.7   0.0    35    85    21    72     4   108 0.74 # 161883 # 162785 # 1 # ID=3_150;partial=00;start_type=ATG;rbs_motif=GGA/GAG/AGG;rbs_spacer=5-10bp;gc_cont=0.627
NODE_3_length_205623_cov_31.972892_150 -            301 48572at72274         -            138   7.5e-10   37.2   0.1   2   3    0.0088         8    4.7   0.0    58    83   120   145    96   148 0.79 # 161883 # 162785 # 1 # ID=3_150;partial=00;start_type=ATG;rbs_motif=GGA/GAG/AGG;rbs_spacer=5-10bp;gc_cont=0.627
NODE_3_length_205623_cov_31.972892_150 -            301 48572at72274         -            138   7.5e-10   37.2   0.1   3   3       1.2     1e+03   -2.1   0.0    81    97   166   182   161   190 0.76 # 161883 # 162785 # 1 # ID=3_150;partial=00;start_type=ATG;rbs_motif=GGA/GAG/AGG;rbs_spacer=5-10bp;gc_cont=0.627
NODE_33_length_74845_cov_30.166310_11  -            311 48572at72274         -            138   4.3e-08   31.5   0.0   1   1   9.8e-11   8.8e-08   30.5   0.0    30    81    24    77     5   116 0.76 # 8179 # 9111 # 1 # ID=33_11;partial=00;start_type=ATG;rbs_motif=AGGAG;rbs_spacer=5-10bp;gc_cont=0.584
NODE_68_length_31190_cov_31.663121_2   -            171 48572at72274         -            138   5.3e-06   24.7   0.0   1   1   9.9e-09   8.9e-06   24.0   0.0    29    81    20    73     3    98 0.88 # 1844 # 2356 # 1 # ID=68_2;partial=00;start_type=ATG;rbs_motif=None;rbs_spacer=None;gc_cont=0.645
NODE_68_length_31190_cov_31.663121_4   -            229 48572at72274         -            138     0.001   17.3   0.6   1   2   5.8e-06    0.0052   15.0   0.2    29    83    83   139    60   185 0.72 # 3600 # 4286 # 1 # ID=68_4;partial=00;start_type=ATG;rbs_motif=GGA/GAG/AGG;rbs_spacer=5-10bp;gc_cont=0.652
NODE_68_length_31190_cov_31.663121_4   -            229 48572at72274         -            138     0.001   17.3   0.6   2   2       2.6   2.3e+03   -3.3   0.0    22    30   202   210   190   221 0.50 # 3600 # 4286 # 1 # ID=68_4;partial=00;start_type=ATG;rbs_motif=GGA/GAG/AGG;rbs_spacer=5-10bp;gc_cont=0.652
#
# Program:         hmmsearch
# Version:         3.1b2 (February 2015)
# Pipeline mode:   SEARCH
# Query file:      /data2/PEG/hoaxaca/REAA/Pseudomonas/bin/busco_downloads/lineages/pseudomonadales_odb10/hmms/48572at72274.hmm
# Target file:     /data2/PEG/hoaxaca/REAA/Pseudomonas/bin/../out/busco/trim_75clip.spades_kmer/prodigal_output/predicted_genes/predicted.faa
# Option settings: hmmsearch --domtblout /data2/PEG/hoaxaca/REAA/Pseudomonas/bin/../out/busco/trim_75clip.spades_kmer/run_pseudomonadales_odb10/hmmer_output/48572at72274.out --cpu 1 /data2/PEG/hoaxaca/REAA/Pseudomonas/bin/busco_downloads/lineages/pseudomonadales_odb10/hmms/48572at72274.hmm /data2/PEG/hoaxaca/REAA/Pseudomonas/bin/../out/busco/trim_75clip.spades_kmer/prodigal_output/predicted_genes/predicted.faa 
# Current dir:     /data2/PEG/hoaxaca/REAA/Pseudomonas/bin
# Date:            Mon Feb 20 00:33:59 2023
# [ok]
