#                                                                                              --- full sequence --- -------------- this domain -------------   hmm coord   ali coord   env coord
# target name                          accession   tlen query name           accession   qlen   E-value  score  bias   #  of  c-Evalue  i-Evalue  score  bias  from    to  from    to  from    to  acc description of target
#                  ------------------- ---------- ----- -------------------- ---------- ----- --------- ------ ----- --- --- --------- --------- ------ ----- ----- ----- ----- ----- ----- ----- ---- ---------------------
NODE_5_length_204350_cov_31.943180_161 -            273 55277at72274         -            186   5.1e-80  266.1   0.0   1   1   4.5e-82   2.8e-79  263.7   0.0     3   186    12   226    10   226 0.88 # 184362 # 185180 # 1 # ID=5_161;partial=00;start_type=ATG;rbs_motif=None;rbs_spacer=None;gc_cont=0.611
NODE_2_length_234165_cov_30.973912_132 -            224 55277at72274         -            186     1e-28   98.9   0.0   1   1   2.7e-31   1.7e-28   98.1   0.0     5   172     4   194     1   209 0.83 # 152423 # 153094 # -1 # ID=2_132;partial=00;start_type=GTG;rbs_motif=AGGAG;rbs_spacer=5-10bp;gc_cont=0.628
NODE_33_length_74845_cov_30.166310_55  -            221 55277at72274         -            186   2.4e-19   68.3   0.0   1   1   1.2e-21   7.8e-19   66.6   0.0     3   175     5   198     3   213 0.78 # 54732 # 55394 # 1 # ID=33_55;partial=00;start_type=GTG;rbs_motif=GGAG/GAGG;rbs_spacer=5-10bp;gc_cont=0.609
NODE_7_length_186923_cov_31.961760_71  -            218 55277at72274         -            186   1.5e-16   59.2   0.0   1   1     1e-18   6.4e-16   57.1   0.0     5   174     4   194     1   203 0.74 # 73126 # 73779 # 1 # ID=7_71;partial=00;start_type=ATG;rbs_motif=AGGA;rbs_spacer=5-10bp;gc_cont=0.601
NODE_25_length_96862_cov_30.632523_83  -            196 55277at72274         -            186   1.5e-07   29.9   0.1   1   1   6.3e-09     4e-06   25.2   0.1     8   165    10   171     4   191 0.64 # 85987 # 86574 # 1 # ID=25_83;partial=00;start_type=ATG;rbs_motif=AGGA;rbs_spacer=5-10bp;gc_cont=0.626
NODE_6_length_202096_cov_31.427584_147 -            232 55277at72274         -            186   6.3e-07   27.8   0.0   1   2   0.00023      0.14   10.4   0.0     5    36     4    35     1    43 0.83 # 149797 # 150492 # 1 # ID=6_147;partial=00;start_type=ATG;rbs_motif=GGA/GAG/AGG;rbs_spacer=5-10bp;gc_cont=0.628
NODE_6_length_202096_cov_31.427584_147 -            232 55277at72274         -            186   6.3e-07   27.8   0.0   2   2   5.8e-06    0.0036   15.6   0.0    63   162    93   198    68   204 0.80 # 149797 # 150492 # 1 # ID=6_147;partial=00;start_type=ATG;rbs_motif=GGA/GAG/AGG;rbs_spacer=5-10bp;gc_cont=0.628
NODE_27_length_85717_cov_31.296630_40  -            229 55277at72274         -            186   1.5e-05   23.3   0.0   1   2   0.00015     0.094   11.0   0.0     5    60    11    65     7    76 0.86 # 41600 # 42286 # -1 # ID=27_40;partial=00;start_type=ATG;rbs_motif=GGA/GAG/AGG;rbs_spacer=5-10bp;gc_cont=0.607
NODE_27_length_85717_cov_31.296630_40  -            229 55277at72274         -            186   1.5e-05   23.3   0.0   2   2   0.00018      0.11   10.7   0.0   111   164   134   194    95   217 0.81 # 41600 # 42286 # -1 # ID=27_40;partial=00;start_type=ATG;rbs_motif=GGA/GAG/AGG;rbs_spacer=5-10bp;gc_cont=0.607
NODE_24_length_98089_cov_32.704420_38  -            225 55277at72274         -            186   0.00015   20.1   0.1   1   1   2.4e-06    0.0015   16.8   0.1     5   165    14   188    10   193 0.67 # 38126 # 38800 # 1 # ID=24_38;partial=00;start_type=GTG;rbs_motif=GGAG/GAGG;rbs_spacer=5-10bp;gc_cont=0.639
NODE_8_length_148186_cov_31.798334_9   -            233 55277at72274         -            186   0.00057   18.2   0.0   1   2     0.002       1.2    7.3   0.0     4    36     3    35     1    50 0.81 # 4255 # 4953 # -1 # ID=8_9;partial=00;start_type=GTG;rbs_motif=GGAG/GAGG;rbs_spacer=5-10bp;gc_cont=0.598
NODE_8_length_148186_cov_31.798334_9   -            233 55277at72274         -            186   0.00057   18.2   0.0   2   2   0.00058      0.36    9.0   0.0    72   162   100   200    57   223 0.71 # 4255 # 4953 # -1 # ID=8_9;partial=00;start_type=GTG;rbs_motif=GGAG/GAGG;rbs_spacer=5-10bp;gc_cont=0.598
NODE_7_length_186923_cov_31.961760_108 -            179 55277at72274         -            186      0.02   13.1   0.0   1   1   6.6e-05     0.041   12.1   0.0   124   168   100   149    94   171 0.73 # 107398 # 107934 # 1 # ID=7_108;partial=00;start_type=ATG;rbs_motif=None;rbs_spacer=None;gc_cont=0.577
#
# Program:         hmmsearch
# Version:         3.1b2 (February 2015)
# Pipeline mode:   SEARCH
# Query file:      /data2/PEG/hoaxaca/REAA/Pseudomonas/bin/busco_downloads/lineages/pseudomonadales_odb10/hmms/55277at72274.hmm
# Target file:     /data2/PEG/hoaxaca/REAA/Pseudomonas/bin/../out/busco/trim_75clip.spades_kmer/prodigal_output/predicted_genes/predicted.faa
# Option settings: hmmsearch --domtblout /data2/PEG/hoaxaca/REAA/Pseudomonas/bin/../out/busco/trim_75clip.spades_kmer/run_pseudomonadales_odb10/hmmer_output/55277at72274.out --cpu 1 /data2/PEG/hoaxaca/REAA/Pseudomonas/bin/busco_downloads/lineages/pseudomonadales_odb10/hmms/55277at72274.hmm /data2/PEG/hoaxaca/REAA/Pseudomonas/bin/../out/busco/trim_75clip.spades_kmer/prodigal_output/predicted_genes/predicted.faa 
# Current dir:     /data2/PEG/hoaxaca/REAA/Pseudomonas/bin
# Date:            Mon Feb 20 00:34:05 2023
# [ok]
