#                                                                                              --- full sequence --- -------------- this domain -------------   hmm coord   ali coord   env coord
# target name                          accession   tlen query name           accession   qlen   E-value  score  bias   #  of  c-Evalue  i-Evalue  score  bias  from    to  from    to  from    to  acc description of target
#                  ------------------- ---------- ----- -------------------- ---------- ----- --------- ------ ----- --- --- --------- --------- ------ ----- ----- ----- ----- ----- ----- ----- ---- ---------------------
NODE_12_length_139267_cov_38.882874_45 -            640 6237at72274          -            557         0 1090.0   8.9   1   2         0         0 1033.2   5.0     1   502     4   530     4   532 0.97 # 51425 # 53344 # -1 # ID=12_45;partial=00;start_type=TTG;rbs_motif=GGAG/GAGG;rbs_spacer=5-10bp;gc_cont=0.582
NODE_12_length_139267_cov_38.882874_45 -            640 6237at72274          -            557         0 1090.0   8.9   2   2   2.4e-19   1.3e-16   58.7   0.1   497   551   546   609   541   614 0.86 # 51425 # 53344 # -1 # ID=12_45;partial=00;start_type=TTG;rbs_motif=GGAG/GAGG;rbs_spacer=5-10bp;gc_cont=0.582
NODE_10_length_140286_cov_31.780517_16 -            446 6237at72274          -            557   6.3e-09   33.2   0.1   1   2   3.6e-09   1.9e-06   25.1   0.0   175   233    47   107     6   110 0.75 # 17851 # 19188 # 1 # ID=10_16;partial=00;start_type=ATG;rbs_motif=AGGA/GGAG/GAGG;rbs_spacer=11-12bp;gc_cont=0.602
NODE_10_length_140286_cov_31.780517_16 -            446 6237at72274          -            557   6.3e-09   33.2   0.1   2   2    0.0021       1.1    6.0   0.1   238   281   249   290   238   300 0.76 # 17851 # 19188 # 1 # ID=10_16;partial=00;start_type=ATG;rbs_motif=AGGA/GGAG/GAGG;rbs_spacer=11-12bp;gc_cont=0.602
NODE_11_length_139671_cov_32.288504_89 -            428 6237at72274          -            557   7.4e-06   23.1   0.0   1   2   2.7e-08   1.4e-05   22.2   0.0   179   252   116   195    60   216 0.77 # 104647 # 105930 # -1 # ID=11_89;partial=00;start_type=ATG;rbs_motif=GGA/GAG/AGG;rbs_spacer=5-10bp;gc_cont=0.551
NODE_11_length_139671_cov_32.288504_89 -            428 6237at72274          -            557   7.4e-06   23.1   0.0   2   2       2.1   1.1e+03   -3.9   0.0    38    57   391   410   387   421 0.76 # 104647 # 105930 # -1 # ID=11_89;partial=00;start_type=ATG;rbs_motif=GGA/GAG/AGG;rbs_spacer=5-10bp;gc_cont=0.551
NODE_34_length_71337_cov_31.902052_20  -            807 6237at72274          -            557    0.0011   16.0   0.1   1   1   3.1e-06    0.0016   15.4   0.1   172   250   383   466   347   474 0.63 # 17772 # 20192 # -1 # ID=34_20;partial=00;start_type=ATG;rbs_motif=GGA/GAG/AGG;rbs_spacer=5-10bp;gc_cont=0.613
NODE_22_length_101372_cov_30.379597_32 -            282 6237at72274          -            557      0.02   11.8   0.1   1   1   0.00018     0.093    9.6   0.1   175   200    24    49    13   201 0.87 # 29685 # 30530 # -1 # ID=22_32;partial=00;start_type=ATG;rbs_motif=GGAG/GAGG;rbs_spacer=5-10bp;gc_cont=0.592
NODE_7_length_186923_cov_31.961760_143 -            161 6237at72274          -            557     0.031   11.1   0.0   1   1   6.3e-05     0.033   11.1   0.0   238   335    39   137    24   147 0.69 # 152751 # 153233 # 1 # ID=7_143;partial=00;start_type=ATG;rbs_motif=None;rbs_spacer=None;gc_cont=0.598
NODE_54_length_48951_cov_31.436492_11  -            263 6237at72274          -            557     0.036   10.9   0.0   1   1   0.00011     0.057   10.3   0.0   182   228    36    83    26    87 0.85 # 11925 # 12713 # -1 # ID=54_11;partial=00;start_type=ATG;rbs_motif=GGAGG;rbs_spacer=5-10bp;gc_cont=0.602
NODE_16_length_120385_cov_32.517862_60 -            167 6237at72274          -            557     0.048   10.5   0.0   1   1   0.00011     0.058   10.3   0.0   181   208     4    31     1    74 0.87 # 50666 # 51166 # 1 # ID=16_60;partial=00;start_type=ATG;rbs_motif=AGGA;rbs_spacer=5-10bp;gc_cont=0.627
NODE_57_length_46154_cov_33.620066_20  -            466 6237at72274          -            557      0.05   10.5   0.0   1   1   0.00015     0.079    9.8   0.0   174   208   176   213   163   224 0.77 # 22068 # 23465 # 1 # ID=57_20;partial=00;start_type=ATG;rbs_motif=GGxGG;rbs_spacer=5-10bp;gc_cont=0.616
NODE_1_length_236949_cov_32.553383_158 -            441 6237at72274          -            557     0.053   10.4   0.0   1   1   0.00014     0.071   10.0   0.0   180   247    50   115    37   167 0.85 # 156431 # 157753 # -1 # ID=1_158;partial=00;start_type=ATG;rbs_motif=3Base/5BMM;rbs_spacer=13-15bp;gc_cont=0.630
NODE_60_length_40144_cov_32.438668_23  -            353 6237at72274          -            557     0.057   10.3   0.0   1   1   0.00017     0.089    9.6   0.0   180   210    59    89    50    93 0.91 # 27137 # 28195 # -1 # ID=60_23;partial=00;start_type=GTG;rbs_motif=GGA/GAG/AGG;rbs_spacer=5-10bp;gc_cont=0.619
NODE_71_length_26450_cov_30.407962_14  -            363 6237at72274          -            557     0.058   10.3   0.0   1   1   0.00015     0.081    9.8   0.0   178   218    43    86    21    91 0.84 # 14698 # 15786 # 1 # ID=71_14;partial=00;start_type=ATG;rbs_motif=GGA/GAG/AGG;rbs_spacer=5-10bp;gc_cont=0.622
#
# Program:         hmmsearch
# Version:         3.1b2 (February 2015)
# Pipeline mode:   SEARCH
# Query file:      /data2/PEG/hoaxaca/REAA/Pseudomonas/bin/busco_downloads/lineages/pseudomonadales_odb10/hmms/6237at72274.hmm
# Target file:     /data2/PEG/hoaxaca/REAA/Pseudomonas/bin/../out/busco/trim_75clip.spades_kmer/prodigal_output/predicted_genes/predicted.faa
# Option settings: hmmsearch --domtblout /data2/PEG/hoaxaca/REAA/Pseudomonas/bin/../out/busco/trim_75clip.spades_kmer/run_pseudomonadales_odb10/hmmer_output/6237at72274.out --cpu 1 /data2/PEG/hoaxaca/REAA/Pseudomonas/bin/busco_downloads/lineages/pseudomonadales_odb10/hmms/6237at72274.hmm /data2/PEG/hoaxaca/REAA/Pseudomonas/bin/../out/busco/trim_75clip.spades_kmer/prodigal_output/predicted_genes/predicted.faa 
# Current dir:     /data2/PEG/hoaxaca/REAA/Pseudomonas/bin
# Date:            Mon Feb 20 00:34:10 2023
# [ok]
