#                                                                                              --- full sequence --- -------------- this domain -------------   hmm coord   ali coord   env coord
# target name                          accession   tlen query name           accession   qlen   E-value  score  bias   #  of  c-Evalue  i-Evalue  score  bias  from    to  from    to  from    to  acc description of target
#                  ------------------- ---------- ----- -------------------- ---------- ----- --------- ------ ----- --- --- --------- --------- ------ ----- ----- ----- ----- ----- ----- ----- ---- ---------------------
NODE_2_length_234165_cov_30.973912_192 -            837 6391at72274          -            706  2.7e-276  916.8  11.7   1   1  3.9e-278  6.1e-275  912.3  11.7     8   706    14   835     7   835 0.88 # 219108 # 221618 # -1 # ID=2_192;partial=00;start_type=ATG;rbs_motif=GGAG/GAGG;rbs_spacer=5-10bp;gc_cont=0.649
NODE_28_length_85663_cov_33.283895_9   -            422 6391at72274          -            706   1.5e-07   28.5   4.3   1   4      0.07   1.1e+02   -0.8   0.8    14    65    10    62     3    71 0.71 # 5326 # 6591 # 1 # ID=28_9;partial=00;start_type=ATG;rbs_motif=GGAG/GAGG;rbs_spacer=5-10bp;gc_cont=0.625
NODE_28_length_85663_cov_33.283895_9   -            422 6391at72274          -            706   1.5e-07   28.5   4.3   2   4    0.0054       8.6    2.8   0.0   104   134   143   173   125   185 0.66 # 5326 # 6591 # 1 # ID=28_9;partial=00;start_type=ATG;rbs_motif=GGAG/GAGG;rbs_spacer=5-10bp;gc_cont=0.625
NODE_28_length_85663_cov_33.283895_9   -            422 6391at72274          -            706   1.5e-07   28.5   4.3   3   4   9.5e-11   1.5e-07   28.5   4.3   587   683   277   379   261   383 0.81 # 5326 # 6591 # 1 # ID=28_9;partial=00;start_type=ATG;rbs_motif=GGAG/GAGG;rbs_spacer=5-10bp;gc_cont=0.625
NODE_28_length_85663_cov_33.283895_9   -            422 6391at72274          -            706   1.5e-07   28.5   4.3   4   4     0.052        83   -0.4   0.0   355   394   380   420   368   421 0.74 # 5326 # 6591 # 1 # ID=28_9;partial=00;start_type=ATG;rbs_motif=GGAG/GAGG;rbs_spacer=5-10bp;gc_cont=0.625
NODE_2_length_234165_cov_30.973912_87  -            417 6391at72274          -            706   1.4e-06   25.3   9.9   1   4     0.032        51    0.3   0.1   258   290    19    51    16    71 0.76 # 107774 # 109024 # 1 # ID=2_87;partial=00;start_type=ATG;rbs_motif=None;rbs_spacer=None;gc_cont=0.608
NODE_2_length_234165_cov_30.973912_87  -            417 6391at72274          -            706   1.4e-06   25.3   9.9   2   4   2.5e-05     0.039   10.6   0.0   506   535   146   175   103   177 0.87 # 107774 # 109024 # 1 # ID=2_87;partial=00;start_type=ATG;rbs_motif=None;rbs_spacer=None;gc_cont=0.608
NODE_2_length_234165_cov_30.973912_87  -            417 6391at72274          -            706   1.4e-06   25.3   9.9   3   4   1.3e-06     0.002   14.9   1.5   168   282   224   338   205   354 0.75 # 107774 # 109024 # 1 # ID=2_87;partial=00;start_type=ATG;rbs_motif=None;rbs_spacer=None;gc_cont=0.608
NODE_2_length_234165_cov_30.973912_87  -            417 6391at72274          -            706   1.4e-06   25.3   9.9   4   4    0.0033       5.1    3.6   0.4   255   332   336   414   334   416 0.79 # 107774 # 109024 # 1 # ID=2_87;partial=00;start_type=ATG;rbs_motif=None;rbs_spacer=None;gc_cont=0.608
NODE_53_length_49217_cov_31.460930_40  -             90 6391at72274          -            706      0.12    9.0   8.4   1   1   9.1e-05      0.14    8.7   8.4   258   323    11    77     6    81 0.83 # 38911 # 39180 # 1 # ID=53_40;partial=00;start_type=ATG;rbs_motif=GGAG/GAGG;rbs_spacer=5-10bp;gc_cont=0.622
#
# Program:         hmmsearch
# Version:         3.1b2 (February 2015)
# Pipeline mode:   SEARCH
# Query file:      /data2/PEG/hoaxaca/REAA/Pseudomonas/bin/busco_downloads/lineages/pseudomonadales_odb10/hmms/6391at72274.hmm
# Target file:     /data2/PEG/hoaxaca/REAA/Pseudomonas/bin/../out/busco/trim_75clip.spades_kmer/prodigal_output/predicted_genes/predicted.faa
# Option settings: hmmsearch --domtblout /data2/PEG/hoaxaca/REAA/Pseudomonas/bin/../out/busco/trim_75clip.spades_kmer/run_pseudomonadales_odb10/hmmer_output/6391at72274.out --cpu 1 /data2/PEG/hoaxaca/REAA/Pseudomonas/bin/busco_downloads/lineages/pseudomonadales_odb10/hmms/6391at72274.hmm /data2/PEG/hoaxaca/REAA/Pseudomonas/bin/../out/busco/trim_75clip.spades_kmer/prodigal_output/predicted_genes/predicted.faa 
# Current dir:     /data2/PEG/hoaxaca/REAA/Pseudomonas/bin
# Date:            Mon Feb 20 00:34:12 2023
# [ok]
