#                                                                                              --- full sequence --- -------------- this domain -------------   hmm coord   ali coord   env coord
# target name                          accession   tlen query name           accession   qlen   E-value  score  bias   #  of  c-Evalue  i-Evalue  score  bias  from    to  from    to  from    to  acc description of target
#                  ------------------- ---------- ----- -------------------- ---------- ----- --------- ------ ----- --- --- --------- --------- ------ ----- ----- ----- ----- ----- ----- ----- ---- ---------------------
NODE_6_length_202096_cov_31.427584_195 -            127 65661at72274         -            115     4e-57  189.7   0.6   1   1   1.1e-59   4.5e-57  189.6   0.6     1   115     1   125     1   125 0.94 # 199651 # 200031 # 1 # ID=6_195;partial=00;start_type=ATG;rbs_motif=AGGAG;rbs_spacer=5-10bp;gc_cont=0.564
NODE_121_length_2962_cov_29.352615_3   -            126 65661at72274         -            115   1.4e-19   68.7   0.0   1   1   4.7e-22   1.8e-19   68.4   0.0     4   113     2   122     1   124 0.85 # 1740 # 2117 # 1 # ID=121_3;partial=00;start_type=ATG;rbs_motif=GGA/GAG/AGG;rbs_spacer=5-10bp;gc_cont=0.624
NODE_9_length_146128_cov_31.603137_77  -            127 65661at72274         -            115   1.5e-13   49.3   0.0   1   1   4.6e-16   1.8e-13   49.0   0.0    24   113    25   123    11   125 0.84 # 99880 # 100260 # 1 # ID=9_77;partial=00;start_type=ATG;rbs_motif=GGA/GAG/AGG;rbs_spacer=5-10bp;gc_cont=0.622
NODE_57_length_46154_cov_33.620066_29  -            130 65661at72274         -            115   3.7e-13   48.0   0.0   1   1   1.2e-15   4.6e-13   47.7   0.0    23   113    27   124    14   126 0.81 # 34345 # 34734 # -1 # ID=57_29;partial=00;start_type=ATG;rbs_motif=AGGAG;rbs_spacer=5-10bp;gc_cont=0.610
NODE_9_length_146128_cov_31.603137_15  -            143 65661at72274         -            115     2e-12   45.7   0.0   1   1   6.2e-15   2.4e-12   45.4   0.0    17   110    27   132    15   137 0.81 # 11037 # 11465 # 1 # ID=9_15;partial=00;start_type=ATG;rbs_motif=GGA/GAG/AGG;rbs_spacer=5-10bp;gc_cont=0.583
NODE_16_length_120385_cov_32.517862_44 -            137 65661at72274         -            115   2.3e-10   39.0   0.0   1   1   7.7e-13     3e-10   38.6   0.0    20   114    27   133    23   134 0.74 # 37049 # 37459 # 1 # ID=16_44;partial=00;start_type=ATG;rbs_motif=GGAG/GAGG;rbs_spacer=5-10bp;gc_cont=0.623
NODE_9_length_146128_cov_31.603137_21  -            146 65661at72274         -            115   1.8e-09   36.2   0.0   1   1   1.8e-11   7.2e-09   34.2   0.0    42   113    60   138     8   140 0.73 # 16450 # 16887 # 1 # ID=9_21;partial=00;start_type=ATG;rbs_motif=GGAG/GAGG;rbs_spacer=5-10bp;gc_cont=0.610
NODE_6_length_202096_cov_31.427584_168 -            118 65661at72274         -            115     2e-08   32.8   0.0   1   1   6.7e-11   2.6e-08   32.4   0.0    23   112    19   113    10   116 0.78 # 173716 # 174069 # -1 # ID=6_168;partial=00;start_type=ATG;rbs_motif=AGGAG;rbs_spacer=5-10bp;gc_cont=0.590
NODE_4_length_205576_cov_31.615476_180 -            157 65661at72274         -            115   3.3e-08   32.1   0.3   1   1   1.9e-08   7.4e-06   24.5   0.3    41   114    77   153    24   154 0.57 # 171911 # 172381 # -1 # ID=4_180;partial=00;start_type=ATG;rbs_motif=GGA/GAG/AGG;rbs_spacer=5-10bp;gc_cont=0.609
NODE_58_length_43012_cov_30.294478_12  -            164 65661at72274         -            115   2.1e-07   29.5   0.3   1   2   2.7e-05     0.011   14.3   0.0    43    76    72   105    35   110 0.80 # 14130 # 14621 # 1 # ID=58_12;partial=00;start_type=ATG;rbs_motif=AGGA;rbs_spacer=5-10bp;gc_cont=0.622
NODE_58_length_43012_cov_30.294478_12  -            164 65661at72274         -            115   2.1e-07   29.5   0.3   2   2   5.5e-05     0.022   13.3   0.2    90   113   135   159   129   161 0.85 # 14130 # 14621 # 1 # ID=58_12;partial=00;start_type=ATG;rbs_motif=AGGA;rbs_spacer=5-10bp;gc_cont=0.622
NODE_92_length_14468_cov_32.332801_11  -            131 65661at72274         -            115   3.2e-06   25.7   0.0   1   1     1e-08     4e-06   25.4   0.0    22   112    26   126    18   129 0.82 # 9810 # 10202 # -1 # ID=92_11;partial=00;start_type=ATG;rbs_motif=GGAG/GAGG;rbs_spacer=5-10bp;gc_cont=0.585
NODE_31_length_78647_cov_30.813941_77  -            118 65661at72274         -            115   4.4e-06   25.2   0.0   1   1   1.5e-08   5.9e-06   24.8   0.0    23   113    19   113    10   115 0.80 # 73250 # 73603 # 1 # ID=31_77;partial=00;start_type=ATG;rbs_motif=GGAG/GAGG;rbs_spacer=5-10bp;gc_cont=0.605
NODE_2_length_234165_cov_30.973912_111 -            131 65661at72274         -            115   7.6e-06   24.5   0.0   1   1   2.3e-08     9e-06   24.2   0.0    22   103    27   116    13   129 0.72 # 129958 # 130350 # 1 # ID=2_111;partial=00;start_type=ATG;rbs_motif=GGA/GAG/AGG;rbs_spacer=5-10bp;gc_cont=0.613
NODE_47_length_52767_cov_33.126623_7   -            157 65661at72274         -            115   3.2e-05   22.4   0.2   1   2     0.008       3.1    6.4   0.1    23    34    33    44    18   102 0.87 # 11420 # 11890 # -1 # ID=47_7;partial=00;start_type=ATG;rbs_motif=GGAG/GAGG;rbs_spacer=5-10bp;gc_cont=0.618
NODE_47_length_52767_cov_33.126623_7   -            157 65661at72274         -            115   3.2e-05   22.4   0.2   2   2   2.6e-05      0.01   14.4   0.0    92   113   131   152   118   154 0.88 # 11420 # 11890 # -1 # ID=47_7;partial=00;start_type=ATG;rbs_motif=GGAG/GAGG;rbs_spacer=5-10bp;gc_cont=0.618
NODE_1_length_236949_cov_32.553383_22  -            153 65661at72274         -            115     0.015   13.9   0.1   1   2      0.19        75    1.9   0.1    22    38    30    46    12    94 0.67 # 26260 # 26718 # -1 # ID=1_22;partial=00;start_type=ATG;rbs_motif=GGAG/GAGG;rbs_spacer=5-10bp;gc_cont=0.621
NODE_1_length_236949_cov_32.553383_22  -            153 65661at72274         -            115     0.015   13.9   0.1   2   2   0.00065      0.26    9.9   0.0    83   111   117   145   105   150 0.81 # 26260 # 26718 # -1 # ID=1_22;partial=00;start_type=ATG;rbs_motif=GGAG/GAGG;rbs_spacer=5-10bp;gc_cont=0.621
NODE_20_length_105322_cov_31.678357_82 -            134 65661at72274         -            115     0.041   12.4   0.0   1   1   0.00012     0.048   12.2   0.0    18    74    22    81    15   131 0.85 # 85007 # 85408 # 1 # ID=20_82;partial=00;start_type=ATG;rbs_motif=GGAG/GAGG;rbs_spacer=5-10bp;gc_cont=0.587
#
# Program:         hmmsearch
# Version:         3.1b2 (February 2015)
# Pipeline mode:   SEARCH
# Query file:      /data2/PEG/hoaxaca/REAA/Pseudomonas/bin/busco_downloads/lineages/pseudomonadales_odb10/hmms/65661at72274.hmm
# Target file:     /data2/PEG/hoaxaca/REAA/Pseudomonas/bin/../out/busco/trim_75clip.spades_kmer/prodigal_output/predicted_genes/predicted.faa
# Option settings: hmmsearch --domtblout /data2/PEG/hoaxaca/REAA/Pseudomonas/bin/../out/busco/trim_75clip.spades_kmer/run_pseudomonadales_odb10/hmmer_output/65661at72274.out --cpu 1 /data2/PEG/hoaxaca/REAA/Pseudomonas/bin/busco_downloads/lineages/pseudomonadales_odb10/hmms/65661at72274.hmm /data2/PEG/hoaxaca/REAA/Pseudomonas/bin/../out/busco/trim_75clip.spades_kmer/prodigal_output/predicted_genes/predicted.faa 
# Current dir:     /data2/PEG/hoaxaca/REAA/Pseudomonas/bin
# Date:            Mon Feb 20 00:34:14 2023
# [ok]
