#                                                                                             --- full sequence --- -------------- this domain -------------   hmm coord   ali coord   env coord
# target name                         accession   tlen query name           accession   qlen   E-value  score  bias   #  of  c-Evalue  i-Evalue  score  bias  from    to  from    to  from    to  acc description of target
#                 ------------------- ---------- ----- -------------------- ---------- ----- --------- ------ ----- --- --- --------- --------- ------ ----- ----- ----- ----- ----- ----- ----- ---- ---------------------
NODE_49_length_51082_cov_32.699884_39 -            949 813at72274           -            737         0 1348.7  14.9   1   3         0         0 1242.0   3.5     5   635    29   769    25   783 0.92 # 47140 # 49986 # -1 # ID=49_39;partial=00;start_type=ATG;rbs_motif=GGA/GAG/AGG;rbs_spacer=11-12bp;gc_cont=0.613
NODE_49_length_51082_cov_32.699884_39 -            949 813at72274           -            737         0 1348.7  14.9   2   3   4.6e-09   7.2e-06   22.7   0.1   627   656   785   814   779   829 0.89 # 47140 # 49986 # -1 # ID=49_39;partial=00;start_type=ATG;rbs_motif=GGA/GAG/AGG;rbs_spacer=11-12bp;gc_cont=0.613
NODE_49_length_51082_cov_32.699884_39 -            949 813at72274           -            737         0 1348.7  14.9   3   3   1.1e-27   1.7e-24   84.3   1.0   648   733   833   932   817   935 0.85 # 47140 # 49986 # -1 # ID=49_39;partial=00;start_type=ATG;rbs_motif=GGA/GAG/AGG;rbs_spacer=11-12bp;gc_cont=0.613
NODE_30_length_79514_cov_31.910724_39 -            944 813at72274           -            737   1.1e-32  111.3   0.2   1   3   3.3e-14   5.2e-11   39.7   0.0    10   175    52   211    46   270 0.85 # 43126 # 45957 # 1 # ID=30_39;partial=00;start_type=ATG;rbs_motif=GGA/GAG/AGG;rbs_spacer=5-10bp;gc_cont=0.609
NODE_30_length_79514_cov_31.910724_39 -            944 813at72274           -            737   1.1e-32  111.3   0.2   2   3   5.4e-06    0.0084   12.6   0.0   215   261   303   349   286   386 0.90 # 43126 # 45957 # 1 # ID=30_39;partial=00;start_type=ATG;rbs_motif=GGA/GAG/AGG;rbs_spacer=5-10bp;gc_cont=0.609
NODE_30_length_79514_cov_31.910724_39 -            944 813at72274           -            737   1.1e-32  111.3   0.2   3   3   2.3e-16   3.7e-13   46.8   0.7   312   726   433   891   415   901 0.66 # 43126 # 45957 # 1 # ID=30_39;partial=00;start_type=ATG;rbs_motif=GGA/GAG/AGG;rbs_spacer=5-10bp;gc_cont=0.609
NODE_25_length_96862_cov_30.632523_48 -            869 813at72274           -            737   6.6e-25   85.6  10.0   1   6   3.6e-18   5.7e-15   52.8   1.1     9   161    36   171    27   203 0.83 # 47811 # 50417 # -1 # ID=25_48;partial=00;start_type=ATG;rbs_motif=None;rbs_spacer=None;gc_cont=0.613
NODE_25_length_96862_cov_30.632523_48 -            869 813at72274           -            737   6.6e-25   85.6  10.0   2   6    0.0014       2.3    4.5   0.0   179   202   245   268   198   277 0.84 # 47811 # 50417 # -1 # ID=25_48;partial=00;start_type=ATG;rbs_motif=None;rbs_spacer=None;gc_cont=0.613
NODE_25_length_96862_cov_30.632523_48 -            869 813at72274           -            737   6.6e-25   85.6  10.0   3   6   1.8e-07   0.00029   17.4   0.0   209   258   308   357   287   368 0.85 # 47811 # 50417 # -1 # ID=25_48;partial=00;start_type=ATG;rbs_motif=None;rbs_spacer=None;gc_cont=0.613
NODE_25_length_96862_cov_30.632523_48 -            869 813at72274           -            737   6.6e-25   85.6  10.0   4   6    0.0011       1.7    5.0   0.1   343   361   422   440   410   458 0.86 # 47811 # 50417 # -1 # ID=25_48;partial=00;start_type=ATG;rbs_motif=None;rbs_spacer=None;gc_cont=0.613
NODE_25_length_96862_cov_30.632523_48 -            869 813at72274           -            737   6.6e-25   85.6  10.0   5   6     0.005       7.8    2.7   0.0   451   475   622   646   605   654 0.82 # 47811 # 50417 # -1 # ID=25_48;partial=00;start_type=ATG;rbs_motif=None;rbs_spacer=None;gc_cont=0.613
NODE_25_length_96862_cov_30.632523_48 -            869 813at72274           -            737   6.6e-25   85.6  10.0   6   6     0.077   1.2e+02   -1.2   0.0   602   630   758   786   744   818 0.82 # 47811 # 50417 # -1 # ID=25_48;partial=00;start_type=ATG;rbs_motif=None;rbs_spacer=None;gc_cont=0.613
NODE_61_length_38781_cov_33.914225_5  -            684 813at72274           -            737    0.0013   15.2   0.0   1   2   3.6e-05     0.057    9.8   0.0    16    66    14    64     3   110 0.83 # 5860 # 7911 # 1 # ID=61_5;partial=00;start_type=ATG;rbs_motif=AGxAG;rbs_spacer=5-10bp;gc_cont=0.607
NODE_61_length_38781_cov_33.914225_5  -            684 813at72274           -            737    0.0013   15.2   0.0   2   2    0.0036       5.7    3.2   0.0   442   475   318   350   210   375 0.79 # 5860 # 7911 # 1 # ID=61_5;partial=00;start_type=ATG;rbs_motif=AGxAG;rbs_spacer=5-10bp;gc_cont=0.607
#
# Program:         hmmsearch
# Version:         3.1b2 (February 2015)
# Pipeline mode:   SEARCH
# Query file:      /data2/PEG/hoaxaca/REAA/Pseudomonas/bin/busco_downloads/lineages/pseudomonadales_odb10/hmms/813at72274.hmm
# Target file:     /data2/PEG/hoaxaca/REAA/Pseudomonas/bin/../out/busco/trim_75clip.spades_kmer/prodigal_output/predicted_genes/predicted.faa
# Option settings: hmmsearch --domtblout /data2/PEG/hoaxaca/REAA/Pseudomonas/bin/../out/busco/trim_75clip.spades_kmer/run_pseudomonadales_odb10/hmmer_output/813at72274.out --cpu 1 /data2/PEG/hoaxaca/REAA/Pseudomonas/bin/busco_downloads/lineages/pseudomonadales_odb10/hmms/813at72274.hmm /data2/PEG/hoaxaca/REAA/Pseudomonas/bin/../out/busco/trim_75clip.spades_kmer/prodigal_output/predicted_genes/predicted.faa 
# Current dir:     /data2/PEG/hoaxaca/REAA/Pseudomonas/bin
# Date:            Mon Feb 20 00:34:18 2023
# [ok]
