#                                                                                             --- full sequence --- -------------- this domain -------------   hmm coord   ali coord   env coord
# target name                         accession   tlen query name           accession   qlen   E-value  score  bias   #  of  c-Evalue  i-Evalue  score  bias  from    to  from    to  from    to  acc description of target
#                 ------------------- ---------- ----- -------------------- ---------- ----- --------- ------ ----- --- --- --------- --------- ------ ----- ----- ----- ----- ----- ----- ----- ---- ---------------------
NODE_25_length_96862_cov_30.632523_51 -            508 8457at72274          -            414  3.4e-177  588.1  12.3   1   1  5.9e-180  6.2e-177  587.3  12.3     1   413    13   494    13   495 0.88 # 51892 # 53415 # -1 # ID=25_51;partial=00;start_type=ATG;rbs_motif=AGGA;rbs_spacer=5-10bp;gc_cont=0.636
NODE_3_length_205623_cov_31.972892_63 -            283 8457at72274          -            414   0.00046   17.8   0.0   1   2       1.3   1.4e+03   -3.5   0.0   360   376    97   113    94   118 0.79 # 76917 # 77765 # 1 # ID=3_63;partial=00;start_type=ATG;rbs_motif=GGAG/GAGG;rbs_spacer=5-10bp;gc_cont=0.634
NODE_3_length_205623_cov_31.972892_63 -            283 8457at72274          -            414   0.00046   17.8   0.0   2   2   9.1e-07   0.00095   16.8   0.0   296   386   151   248   131   262 0.80 # 76917 # 77765 # 1 # ID=3_63;partial=00;start_type=ATG;rbs_motif=GGAG/GAGG;rbs_spacer=5-10bp;gc_cont=0.634
NODE_66_length_32731_cov_31.858770_13 -            274 8457at72274          -            414    0.0057   14.3   0.0   1   1     7e-06    0.0074   13.9   0.0   279   336   117   172    65   247 0.81 # 19075 # 19896 # -1 # ID=66_13;partial=00;start_type=ATG;rbs_motif=AGGA;rbs_spacer=5-10bp;gc_cont=0.639
NODE_41_length_62850_cov_33.559968_30 -            264 8457at72274          -            414    0.0097   13.5   0.0   1   1   1.2e-05     0.012   13.2   0.0   183   326     9   172     4   200 0.73 # 25909 # 26700 # 1 # ID=41_30;partial=00;start_type=ATG;rbs_motif=GGA/GAG/AGG;rbs_spacer=5-10bp;gc_cont=0.630
NODE_9_length_146128_cov_31.603137_37 -            272 8457at72274          -            414     0.011   13.3   0.0   1   2       1.1   1.2e+03   -3.3   0.0   212   222    32    42    23    46 0.83 # 43103 # 43918 # -1 # ID=9_37;partial=00;start_type=ATG;rbs_motif=AGGA;rbs_spacer=5-10bp;gc_cont=0.609
NODE_9_length_146128_cov_31.603137_37 -            272 8457at72274          -            414     0.011   13.3   0.0   2   2   2.3e-05     0.025   12.2   0.0   295   392   133   238    65   254 0.72 # 43103 # 43918 # -1 # ID=9_37;partial=00;start_type=ATG;rbs_motif=AGGA;rbs_spacer=5-10bp;gc_cont=0.609
NODE_1_length_236949_cov_32.553383_3  -            265 8457at72274          -            414     0.055   11.0   0.0   1   1   8.4e-05     0.088   10.3   0.0   273   363   112   196    67   206 0.76 # 1763 # 2557 # -1 # ID=1_3;partial=00;start_type=ATG;rbs_motif=GGA/GAG/AGG;rbs_spacer=5-10bp;gc_cont=0.540
#
# Program:         hmmsearch
# Version:         3.1b2 (February 2015)
# Pipeline mode:   SEARCH
# Query file:      /data2/PEG/hoaxaca/REAA/Pseudomonas/bin/busco_downloads/lineages/pseudomonadales_odb10/hmms/8457at72274.hmm
# Target file:     /data2/PEG/hoaxaca/REAA/Pseudomonas/bin/../out/busco/trim_75clip.spades_kmer/prodigal_output/predicted_genes/predicted.faa
# Option settings: hmmsearch --domtblout /data2/PEG/hoaxaca/REAA/Pseudomonas/bin/../out/busco/trim_75clip.spades_kmer/run_pseudomonadales_odb10/hmmer_output/8457at72274.out --cpu 1 /data2/PEG/hoaxaca/REAA/Pseudomonas/bin/busco_downloads/lineages/pseudomonadales_odb10/hmms/8457at72274.hmm /data2/PEG/hoaxaca/REAA/Pseudomonas/bin/../out/busco/trim_75clip.spades_kmer/prodigal_output/predicted_genes/predicted.faa 
# Current dir:     /data2/PEG/hoaxaca/REAA/Pseudomonas/bin
# Date:            Mon Feb 20 00:34:18 2023
# [ok]
