#                                                                                              --- full sequence --- -------------- this domain -------------   hmm coord   ali coord   env coord
# target name                          accession   tlen query name           accession   qlen   E-value  score  bias   #  of  c-Evalue  i-Evalue  score  bias  from    to  from    to  from    to  acc description of target
#                  ------------------- ---------- ----- -------------------- ---------- ----- --------- ------ ----- --- --- --------- --------- ------ ----- ----- ----- ----- ----- ----- ----- ---- ---------------------
NODE_27_length_85717_cov_31.296630_73  -            555 9255at72274          -            471    1e-266  883.6   0.8   1   1  9.8e-268  6.9e-265  877.7   0.8     1   471     6   554     6   554 0.91 # 71411 # 73075 # 1 # ID=27_73;partial=00;start_type=GTG;rbs_motif=AGGAG;rbs_spacer=5-10bp;gc_cont=0.606
NODE_32_length_78578_cov_31.414761_32  -            578 9255at72274          -            471    0.0023   15.3   0.0   1   1   5.6e-06    0.0039   14.6   0.0     1    37     8    44     8    82 0.90 # 33892 # 35625 # 1 # ID=32_32;partial=00;start_type=GTG;rbs_motif=GGAG/GAGG;rbs_spacer=5-10bp;gc_cont=0.618
NODE_13_length_125898_cov_32.157960_74 -            479 9255at72274          -            471     0.004   14.5   0.1   1   2   1.2e-05    0.0086   13.4   0.1     2    50     4    51     3    76 0.73 # 75772 # 77208 # 1 # ID=13_74;partial=00;start_type=ATG;rbs_motif=GGAG/GAGG;rbs_spacer=5-10bp;gc_cont=0.576
NODE_13_length_125898_cov_32.157960_74 -            479 9255at72274          -            471     0.004   14.5   0.1   2   2       1.4   9.9e+02   -3.3   0.0   274   293   331   350   309   355 0.72 # 75772 # 77208 # 1 # ID=13_74;partial=00;start_type=ATG;rbs_motif=GGAG/GAGG;rbs_spacer=5-10bp;gc_cont=0.576
NODE_5_length_204350_cov_31.943180_68  -            417 9255at72274          -            471    0.0055   14.1   0.0   1   1   1.2e-05    0.0082   13.5   0.0     3    37    33    67    31    90 0.90 # 77972 # 79222 # 1 # ID=5_68;partial=00;start_type=ATG;rbs_motif=GGAG/GAGG;rbs_spacer=5-10bp;gc_cont=0.627
NODE_16_length_120385_cov_32.517862_96 -            422 9255at72274          -            471    0.0065   13.8   0.0   1   1   1.5e-05      0.01   13.2   0.0     2    35    23    54    22    73 0.85 # 86350 # 87615 # 1 # ID=16_96;partial=00;start_type=ATG;rbs_motif=GGAG/GAGG;rbs_spacer=5-10bp;gc_cont=0.665
NODE_29_length_83571_cov_30.866281_32  -            469 9255at72274          -            471    0.0088   13.4   0.0   1   1   1.8e-05     0.013   12.9   0.0     2    46    29    74    28   118 0.76 # 44713 # 46119 # -1 # ID=29_32;partial=00;start_type=ATG;rbs_motif=GGAG/GAGG;rbs_spacer=5-10bp;gc_cont=0.647
NODE_51_length_50229_cov_32.037166_9   -            609 9255at72274          -            471      0.01   13.2   0.0   1   1   2.2e-05     0.015   12.6   0.0     2    43    73   114    72   119 0.95 # 9361 # 11187 # 1 # ID=51_9;partial=00;start_type=ATG;rbs_motif=GGA/GAG/AGG;rbs_spacer=5-10bp;gc_cont=0.615
NODE_21_length_102314_cov_32.189096_48 -            428 9255at72274          -            471     0.052   10.9   0.2   1   1   0.00011     0.076   10.3   0.2     2    31    27    56    26    73 0.85 # 56011 # 57294 # 1 # ID=21_48;partial=00;start_type=ATG;rbs_motif=GGAG/GAGG;rbs_spacer=5-10bp;gc_cont=0.635
NODE_5_length_204350_cov_31.943180_70  -           1006 9255at72274          -            471     0.057   10.7   0.0   1   1   0.00013      0.09   10.1   0.0     3    44   171   210   169   254 0.81 # 79537 # 82554 # 1 # ID=5_70;partial=00;start_type=ATG;rbs_motif=GGAG/GAGG;rbs_spacer=5-10bp;gc_cont=0.627
#
# Program:         hmmsearch
# Version:         3.1b2 (February 2015)
# Pipeline mode:   SEARCH
# Query file:      /data2/PEG/hoaxaca/REAA/Pseudomonas/bin/busco_downloads/lineages/pseudomonadales_odb10/hmms/9255at72274.hmm
# Target file:     /data2/PEG/hoaxaca/REAA/Pseudomonas/bin/../out/busco/trim_75clip.spades_kmer/prodigal_output/predicted_genes/predicted.faa
# Option settings: hmmsearch --domtblout /data2/PEG/hoaxaca/REAA/Pseudomonas/bin/../out/busco/trim_75clip.spades_kmer/run_pseudomonadales_odb10/hmmer_output/9255at72274.out --cpu 1 /data2/PEG/hoaxaca/REAA/Pseudomonas/bin/busco_downloads/lineages/pseudomonadales_odb10/hmms/9255at72274.hmm /data2/PEG/hoaxaca/REAA/Pseudomonas/bin/../out/busco/trim_75clip.spades_kmer/prodigal_output/predicted_genes/predicted.faa 
# Current dir:     /data2/PEG/hoaxaca/REAA/Pseudomonas/bin
# Date:            Mon Feb 20 00:34:19 2023
# [ok]
